ARM GAS  C:\Users\huav\AppData\Local\Temp\ccRw7zJH.s 			page 1


   1              		.cpu cortex-m4
   2              		.eabi_attribute 27, 1
   3              		.eabi_attribute 28, 1
   4              		.eabi_attribute 20, 1
   5              		.eabi_attribute 21, 1
   6              		.eabi_attribute 23, 3
   7              		.eabi_attribute 24, 1
   8              		.eabi_attribute 25, 1
   9              		.eabi_attribute 26, 1
  10              		.eabi_attribute 30, 1
  11              		.eabi_attribute 34, 1
  12              		.eabi_attribute 18, 4
  13              		.file	"Boot_widget.c"
  14              		.text
  15              	.Ltext0:
  16              		.cfi_sections	.debug_frame
  17              		.section	.text.Boot_Init_Page,"ax",%progbits
  18              		.align	1
  19              		.arch armv7e-m
  20              		.syntax unified
  21              		.thumb
  22              		.thumb_func
  23              		.fpu fpv4-sp-d16
  25              	Boot_Init_Page:
  26              	.LFB3:
  27              		.file 1 "App/Task_Display/app_widget/Boot_widget.c"
   1:App/Task_Display/app_widget/Boot_widget.c **** #include "Boot_widget.h"
   2:App/Task_Display/app_widget/Boot_widget.c **** #include "widget_mng.h"
   3:App/Task_Display/app_widget/Boot_widget.c **** 
   4:App/Task_Display/app_widget/Boot_widget.c **** static BootDsp_State_List Boot_Stage = Boot_State_Init;
   5:App/Task_Display/app_widget/Boot_widget.c **** static Boot_Page_List Cur_DspPage = Boot_Page_8Bit;
   6:App/Task_Display/app_widget/Boot_widget.c **** static Widget_Handle Dsp_Handle;
   7:App/Task_Display/app_widget/Boot_widget.c **** 
   8:App/Task_Display/app_widget/Boot_widget.c **** static bool Boot_Init_Page(void)
   9:App/Task_Display/app_widget/Boot_widget.c **** {
  28              		.loc 1 9 1 view -0
  29              		.cfi_startproc
  30              		@ args = 0, pretend = 0, frame = 0
  31              		@ frame_needed = 0, uses_anonymous_args = 0
  32              		@ link register save eliminated.
  10:App/Task_Display/app_widget/Boot_widget.c **** }
  33              		.loc 1 10 1 view .LVU1
  34 0000 7047     		bx	lr
  35              		.cfi_endproc
  36              	.LFE3:
  38              		.section	.text.Boot_Show_8Bit_Logo,"ax",%progbits
  39              		.align	1
  40              		.syntax unified
  41              		.thumb
  42              		.thumb_func
  43              		.fpu fpv4-sp-d16
  45              	Boot_Show_8Bit_Logo:
  46              	.LFB4:
  11:App/Task_Display/app_widget/Boot_widget.c **** 
  12:App/Task_Display/app_widget/Boot_widget.c **** static Boot_Page_List Boot_Show_8Bit_Logo(void)
  13:App/Task_Display/app_widget/Boot_widget.c **** {
  47              		.loc 1 13 1 view -0
ARM GAS  C:\Users\huav\AppData\Local\Temp\ccRw7zJH.s 			page 2


  48              		.cfi_startproc
  49              		@ args = 0, pretend = 0, frame = 0
  50              		@ frame_needed = 0, uses_anonymous_args = 0
  51              		@ link register save eliminated.
  14:App/Task_Display/app_widget/Boot_widget.c ****     return Boot_Page_8Bit + 1;
  52              		.loc 1 14 5 view .LVU3
  15:App/Task_Display/app_widget/Boot_widget.c **** }
  53              		.loc 1 15 1 is_stmt 0 view .LVU4
  54 0000 0120     		movs	r0, #1
  55 0002 7047     		bx	lr
  56              		.cfi_endproc
  57              	.LFE4:
  59              		.section	.text.Boot_Show_BitRTOS_Logo,"ax",%progbits
  60              		.align	1
  61              		.syntax unified
  62              		.thumb
  63              		.thumb_func
  64              		.fpu fpv4-sp-d16
  66              	Boot_Show_BitRTOS_Logo:
  67              	.LFB5:
  16:App/Task_Display/app_widget/Boot_widget.c **** 
  17:App/Task_Display/app_widget/Boot_widget.c **** static Boot_Page_List Boot_Show_BitRTOS_Logo(void)
  18:App/Task_Display/app_widget/Boot_widget.c **** {
  68              		.loc 1 18 1 is_stmt 1 view -0
  69              		.cfi_startproc
  70              		@ args = 0, pretend = 0, frame = 0
  71              		@ frame_needed = 0, uses_anonymous_args = 0
  72              		@ link register save eliminated.
  19:App/Task_Display/app_widget/Boot_widget.c ****     return Boot_Page_BitRtos + 1;
  73              		.loc 1 19 5 view .LVU6
  20:App/Task_Display/app_widget/Boot_widget.c **** }
  74              		.loc 1 20 1 is_stmt 0 view .LVU7
  75 0000 0220     		movs	r0, #2
  76 0002 7047     		bx	lr
  77              		.cfi_endproc
  78              	.LFE5:
  80              		.section	.text.BootDsp_Ctl,"ax",%progbits
  81              		.align	1
  82              		.global	BootDsp_Ctl
  83              		.syntax unified
  84              		.thumb
  85              		.thumb_func
  86              		.fpu fpv4-sp-d16
  88              	BootDsp_Ctl:
  89              	.LVL0:
  90              	.LFB7:
  21:App/Task_Display/app_widget/Boot_widget.c **** 
  22:App/Task_Display/app_widget/Boot_widget.c **** static Boot_Page_List Boot_Show_ELRS_Logo(void)
  23:App/Task_Display/app_widget/Boot_widget.c **** {
  24:App/Task_Display/app_widget/Boot_widget.c ****     return Boot_Page_ELRS + 1;
  25:App/Task_Display/app_widget/Boot_widget.c **** }
  26:App/Task_Display/app_widget/Boot_widget.c **** 
  27:App/Task_Display/app_widget/Boot_widget.c **** BootDsp_State_List BootDsp_Ctl(Widget_Handle hdl)
  28:App/Task_Display/app_widget/Boot_widget.c **** {
  91              		.loc 1 28 1 is_stmt 1 view -0
  92              		.cfi_startproc
  93              		@ args = 0, pretend = 0, frame = 0
ARM GAS  C:\Users\huav\AppData\Local\Temp\ccRw7zJH.s 			page 3


  94              		@ frame_needed = 0, uses_anonymous_args = 0
  95              		.loc 1 28 1 is_stmt 0 view .LVU9
  96 0000 38B5     		push	{r3, r4, r5, lr}
  97              	.LCFI0:
  98              		.cfi_def_cfa_offset 16
  99              		.cfi_offset 3, -16
 100              		.cfi_offset 4, -12
 101              		.cfi_offset 5, -8
 102              		.cfi_offset 14, -4
  29:App/Task_Display/app_widget/Boot_widget.c ****     if (hdl == 0)
 103              		.loc 1 29 5 is_stmt 1 view .LVU10
 104              		.loc 1 29 8 is_stmt 0 view .LVU11
 105 0002 68B3     		cbz	r0, .L13
  30:App/Task_Display/app_widget/Boot_widget.c ****         return Boot_State_Error;
  31:App/Task_Display/app_widget/Boot_widget.c **** 
  32:App/Task_Display/app_widget/Boot_widget.c ****     switch (Boot_Stage)
 106              		.loc 1 32 5 is_stmt 1 view .LVU12
 107 0004 194B     		ldr	r3, .L17
 108 0006 1C78     		ldrb	r4, [r3]	@ zero_extendqisi2
 109 0008 24B1     		cbz	r4, .L6
 110 000a 012C     		cmp	r4, #1
 111 000c 09D0     		beq	.L7
 112 000e 0224     		movs	r4, #2
 113              	.LVL1:
 114              	.L5:
  33:App/Task_Display/app_widget/Boot_widget.c ****     {
  34:App/Task_Display/app_widget/Boot_widget.c ****     case Boot_State_Init:
  35:App/Task_Display/app_widget/Boot_widget.c ****         if (Boot_Init_Page())
  36:App/Task_Display/app_widget/Boot_widget.c ****             Boot_Stage = Boot_State_Dsp;
  37:App/Task_Display/app_widget/Boot_widget.c ****         break;
  38:App/Task_Display/app_widget/Boot_widget.c **** 
  39:App/Task_Display/app_widget/Boot_widget.c ****     case Boot_State_Dsp:
  40:App/Task_Display/app_widget/Boot_widget.c ****         switch (Cur_DspPage)
  41:App/Task_Display/app_widget/Boot_widget.c ****         {
  42:App/Task_Display/app_widget/Boot_widget.c ****         case Boot_Page_8Bit:
  43:App/Task_Display/app_widget/Boot_widget.c ****             Cur_DspPage = Boot_Show_8Bit_Logo();
  44:App/Task_Display/app_widget/Boot_widget.c ****             break;
  45:App/Task_Display/app_widget/Boot_widget.c **** 
  46:App/Task_Display/app_widget/Boot_widget.c ****         case Boot_Page_BitRtos:
  47:App/Task_Display/app_widget/Boot_widget.c ****             Cur_DspPage = Boot_Show_BitRTOS_Logo();
  48:App/Task_Display/app_widget/Boot_widget.c ****             break;
  49:App/Task_Display/app_widget/Boot_widget.c **** 
  50:App/Task_Display/app_widget/Boot_widget.c ****         case Boot_Page_ELRS:
  51:App/Task_Display/app_widget/Boot_widget.c ****             Cur_DspPage = Boot_Show_ELSR_Logo();
  52:App/Task_Display/app_widget/Boot_widget.c ****             break;
  53:App/Task_Display/app_widget/Boot_widget.c **** 
  54:App/Task_Display/app_widget/Boot_widget.c ****         case Boot_Page_Sum:
  55:App/Task_Display/app_widget/Boot_widget.c ****             return true;
  56:App/Task_Display/app_widget/Boot_widget.c **** 
  57:App/Task_Display/app_widget/Boot_widget.c ****         default:
  58:App/Task_Display/app_widget/Boot_widget.c ****             return Boot_State_Error;
  59:App/Task_Display/app_widget/Boot_widget.c ****         }
  60:App/Task_Display/app_widget/Boot_widget.c ****         break;
  61:App/Task_Display/app_widget/Boot_widget.c **** 
  62:App/Task_Display/app_widget/Boot_widget.c ****     default:
  63:App/Task_Display/app_widget/Boot_widget.c ****         return Boot_State_Error;
  64:App/Task_Display/app_widget/Boot_widget.c ****     }
ARM GAS  C:\Users\huav\AppData\Local\Temp\ccRw7zJH.s 			page 4


  65:App/Task_Display/app_widget/Boot_widget.c **** 
  66:App/Task_Display/app_widget/Boot_widget.c ****     return true;
  67:App/Task_Display/app_widget/Boot_widget.c **** }
 115              		.loc 1 67 1 is_stmt 0 view .LVU13
 116 0010 2046     		mov	r0, r4
 117 0012 38BD     		pop	{r3, r4, r5, pc}
 118              	.LVL2:
 119              	.L6:
  35:App/Task_Display/app_widget/Boot_widget.c ****             Boot_Stage = Boot_State_Dsp;
 120              		.loc 1 35 9 is_stmt 1 view .LVU14
  35:App/Task_Display/app_widget/Boot_widget.c ****             Boot_Stage = Boot_State_Dsp;
 121              		.loc 1 35 13 is_stmt 0 view .LVU15
 122 0014 FFF7FEFF 		bl	Boot_Init_Page
 123              	.LVL3:
  35:App/Task_Display/app_widget/Boot_widget.c ****             Boot_Stage = Boot_State_Dsp;
 124              		.loc 1 35 12 view .LVU16
 125 0018 20B3     		cbz	r0, .L14
  36:App/Task_Display/app_widget/Boot_widget.c ****         break;
 126              		.loc 1 36 13 is_stmt 1 view .LVU17
  36:App/Task_Display/app_widget/Boot_widget.c ****         break;
 127              		.loc 1 36 24 is_stmt 0 view .LVU18
 128 001a 0124     		movs	r4, #1
 129 001c 134B     		ldr	r3, .L17
 130 001e 1C70     		strb	r4, [r3]
 131 0020 F6E7     		b	.L5
 132              	.LVL4:
 133              	.L7:
  40:App/Task_Display/app_widget/Boot_widget.c ****         {
 134              		.loc 1 40 9 is_stmt 1 view .LVU19
 135 0022 134B     		ldr	r3, .L17+4
 136 0024 1D78     		ldrb	r5, [r3]	@ zero_extendqisi2
 137 0026 032D     		cmp	r5, #3
 138 0028 1ED8     		bhi	.L15
 139 002a 01A3     		adr	r3, .L9
 140 002c 53F825F0 		ldr	pc, [r3, r5, lsl #2]
 141              		.p2align 2
 142              	.L9:
 143 0030 41000000 		.word	.L12+1
 144 0034 4B000000 		.word	.L11+1
 145 0038 57000000 		.word	.L10+1
 146 003c 11000000 		.word	.L5+1
 147              		.p2align 1
 148              	.L12:
 149              	.LBB2:
  43:App/Task_Display/app_widget/Boot_widget.c ****             break;
 150              		.loc 1 43 13 view .LVU20
  43:App/Task_Display/app_widget/Boot_widget.c ****             break;
 151              		.loc 1 43 27 is_stmt 0 view .LVU21
 152 0040 FFF7FEFF 		bl	Boot_Show_8Bit_Logo
 153              	.LVL5:
  43:App/Task_Display/app_widget/Boot_widget.c ****             break;
 154              		.loc 1 43 25 view .LVU22
 155 0044 0A4B     		ldr	r3, .L17+4
 156 0046 1870     		strb	r0, [r3]
  44:App/Task_Display/app_widget/Boot_widget.c **** 
 157              		.loc 1 44 13 is_stmt 1 view .LVU23
 158 0048 E2E7     		b	.L5
ARM GAS  C:\Users\huav\AppData\Local\Temp\ccRw7zJH.s 			page 5


 159              	.LVL6:
 160              	.L11:
  47:App/Task_Display/app_widget/Boot_widget.c ****             break;
 161              		.loc 1 47 13 view .LVU24
  47:App/Task_Display/app_widget/Boot_widget.c ****             break;
 162              		.loc 1 47 27 is_stmt 0 view .LVU25
 163 004a FFF7FEFF 		bl	Boot_Show_BitRTOS_Logo
 164              	.LVL7:
  47:App/Task_Display/app_widget/Boot_widget.c ****             break;
 165              		.loc 1 47 25 view .LVU26
 166 004e 084B     		ldr	r3, .L17+4
 167 0050 1870     		strb	r0, [r3]
  48:App/Task_Display/app_widget/Boot_widget.c **** 
 168              		.loc 1 48 13 is_stmt 1 view .LVU27
 169              	.LBE2:
  66:App/Task_Display/app_widget/Boot_widget.c **** }
 170              		.loc 1 66 12 is_stmt 0 view .LVU28
 171 0052 2C46     		mov	r4, r5
 172              	.LBB3:
  48:App/Task_Display/app_widget/Boot_widget.c **** 
 173              		.loc 1 48 13 view .LVU29
 174 0054 DCE7     		b	.L5
 175              	.LVL8:
 176              	.L10:
  51:App/Task_Display/app_widget/Boot_widget.c ****             break;
 177              		.loc 1 51 13 is_stmt 1 view .LVU30
  51:App/Task_Display/app_widget/Boot_widget.c ****             break;
 178              		.loc 1 51 27 is_stmt 0 view .LVU31
 179 0056 FFF7FEFF 		bl	Boot_Show_ELSR_Logo
 180              	.LVL9:
  51:App/Task_Display/app_widget/Boot_widget.c ****             break;
 181              		.loc 1 51 25 view .LVU32
 182 005a 054B     		ldr	r3, .L17+4
 183 005c 1870     		strb	r0, [r3]
  52:App/Task_Display/app_widget/Boot_widget.c **** 
 184              		.loc 1 52 13 is_stmt 1 view .LVU33
 185 005e D7E7     		b	.L5
 186              	.LVL10:
 187              	.L13:
  52:App/Task_Display/app_widget/Boot_widget.c **** 
 188              		.loc 1 52 13 is_stmt 0 view .LVU34
 189              	.LBE3:
  30:App/Task_Display/app_widget/Boot_widget.c **** 
 190              		.loc 1 30 16 view .LVU35
 191 0060 0224     		movs	r4, #2
 192 0062 D5E7     		b	.L5
 193              	.LVL11:
 194              	.L14:
  66:App/Task_Display/app_widget/Boot_widget.c **** }
 195              		.loc 1 66 12 view .LVU36
 196 0064 0124     		movs	r4, #1
 197 0066 D3E7     		b	.L5
 198              	.LVL12:
 199              	.L15:
 200              	.LBB4:
  58:App/Task_Display/app_widget/Boot_widget.c ****         }
 201              		.loc 1 58 20 view .LVU37
ARM GAS  C:\Users\huav\AppData\Local\Temp\ccRw7zJH.s 			page 6


 202 0068 0224     		movs	r4, #2
 203 006a D1E7     		b	.L5
 204              	.L18:
 205              		.align	2
 206              	.L17:
 207 006c 00000000 		.word	.LANCHOR0
 208 0070 00000000 		.word	.LANCHOR1
 209              	.LBE4:
 210              		.cfi_endproc
 211              	.LFE7:
 213              		.section	.bss.Boot_Stage,"aw",%nobits
 214              		.set	.LANCHOR0,. + 0
 217              	Boot_Stage:
 218 0000 00       		.space	1
 219              		.section	.bss.Cur_DspPage,"aw",%nobits
 220              		.set	.LANCHOR1,. + 0
 223              	Cur_DspPage:
 224 0000 00       		.space	1
 225              		.text
 226              	.Letext0:
 227              		.file 2 "c:\\program files (x86)\\gnu arm embedded toolchain\\10 2020-q4-major\\arm-none-eabi\\inc
 228              		.file 3 "c:\\program files (x86)\\gnu arm embedded toolchain\\10 2020-q4-major\\arm-none-eabi\\inc
 229              		.file 4 "Dsp/widget/wgt_core/widget_mng.h"
 230              		.file 5 "App/Task_Display/app_widget/Boot_widget.h"
ARM GAS  C:\Users\huav\AppData\Local\Temp\ccRw7zJH.s 			page 7


DEFINED SYMBOLS
                            *ABS*:00000000 Boot_widget.c
C:\Users\huav\AppData\Local\Temp\ccRw7zJH.s:18     .text.Boot_Init_Page:00000000 $t
C:\Users\huav\AppData\Local\Temp\ccRw7zJH.s:25     .text.Boot_Init_Page:00000000 Boot_Init_Page
C:\Users\huav\AppData\Local\Temp\ccRw7zJH.s:39     .text.Boot_Show_8Bit_Logo:00000000 $t
C:\Users\huav\AppData\Local\Temp\ccRw7zJH.s:45     .text.Boot_Show_8Bit_Logo:00000000 Boot_Show_8Bit_Logo
C:\Users\huav\AppData\Local\Temp\ccRw7zJH.s:60     .text.Boot_Show_BitRTOS_Logo:00000000 $t
C:\Users\huav\AppData\Local\Temp\ccRw7zJH.s:66     .text.Boot_Show_BitRTOS_Logo:00000000 Boot_Show_BitRTOS_Logo
C:\Users\huav\AppData\Local\Temp\ccRw7zJH.s:81     .text.BootDsp_Ctl:00000000 $t
C:\Users\huav\AppData\Local\Temp\ccRw7zJH.s:88     .text.BootDsp_Ctl:00000000 BootDsp_Ctl
C:\Users\huav\AppData\Local\Temp\ccRw7zJH.s:143    .text.BootDsp_Ctl:00000030 $d
C:\Users\huav\AppData\Local\Temp\ccRw7zJH.s:147    .text.BootDsp_Ctl:00000040 $t
C:\Users\huav\AppData\Local\Temp\ccRw7zJH.s:207    .text.BootDsp_Ctl:0000006c $d
C:\Users\huav\AppData\Local\Temp\ccRw7zJH.s:217    .bss.Boot_Stage:00000000 Boot_Stage
C:\Users\huav\AppData\Local\Temp\ccRw7zJH.s:218    .bss.Boot_Stage:00000000 $d
C:\Users\huav\AppData\Local\Temp\ccRw7zJH.s:223    .bss.Cur_DspPage:00000000 Cur_DspPage
C:\Users\huav\AppData\Local\Temp\ccRw7zJH.s:224    .bss.Cur_DspPage:00000000 $d

UNDEFINED SYMBOLS
Boot_Show_ELSR_Logo
