ARM GAS  /tmp/ccA3aHbo.s 			page 1


   1              		.cpu cortex-m4
   2              		.eabi_attribute 27, 1
   3              		.eabi_attribute 28, 1
   4              		.eabi_attribute 20, 1
   5              		.eabi_attribute 21, 1
   6              		.eabi_attribute 23, 3
   7              		.eabi_attribute 24, 1
   8              		.eabi_attribute 25, 1
   9              		.eabi_attribute 26, 1
  10              		.eabi_attribute 30, 1
  11              		.eabi_attribute 34, 1
  12              		.eabi_attribute 18, 4
  13              		.file	"crc16.c"
  14              		.text
  15              	.Ltext0:
  16              		.cfi_sections	.debug_frame
  17              		.section	.text.calc_crc16,"ax",%progbits
  18              		.align	1
  19              		.global	calc_crc16
  20              		.syntax unified
  21              		.thumb
  22              		.thumb_func
  23              		.fpu fpv4-sp-d16
  25              	calc_crc16:
  26              	.LFB0:
  27              		.file 1 "SYS/crc/crc16.c"
   1:SYS/crc/crc16.c **** #include "crc16.h"
   2:SYS/crc/crc16.c **** #include <stdint.h>
   3:SYS/crc/crc16.c **** 
   4:SYS/crc/crc16.c **** /* Table of CRC constants - implements x^16+x^12+x^5+1 */
   5:SYS/crc/crc16.c **** static const uint16_t crc16_tab[] =
   6:SYS/crc/crc16.c **** {
   7:SYS/crc/crc16.c ****     0x0000, 0x1021, 0x2042, 0x3063, 0x4084, 0x50a5, 0x60c6, 0x70e7, \
   8:SYS/crc/crc16.c ****     0x8108, 0x9129, 0xa14a, 0xb16b, 0xc18c, 0xd1ad, 0xe1ce, 0xf1ef, \
   9:SYS/crc/crc16.c ****     0x1231, 0x0210, 0x3273, 0x2252, 0x52b5, 0x4294, 0x72f7, 0x62d6,
  10:SYS/crc/crc16.c ****     0x9339, 0x8318, 0xb37b, 0xa35a, 0xd3bd, 0xc39c, 0xf3ff, 0xe3de,
  11:SYS/crc/crc16.c ****     0x2462, 0x3443, 0x0420, 0x1401, 0x64e6, 0x74c7, 0x44a4, 0x5485,
  12:SYS/crc/crc16.c ****     0xa56a, 0xb54b, 0x8528, 0x9509, 0xe5ee, 0xf5cf, 0xc5ac, 0xd58d,
  13:SYS/crc/crc16.c ****     0x3653, 0x2672, 0x1611, 0x0630, 0x76d7, 0x66f6, 0x5695, 0x46b4,
  14:SYS/crc/crc16.c ****     0xb75b, 0xa77a, 0x9719, 0x8738, 0xf7df, 0xe7fe, 0xd79d, 0xc7bc,
  15:SYS/crc/crc16.c ****     0x48c4, 0x58e5, 0x6886, 0x78a7, 0x0840, 0x1861, 0x2802, 0x3823,
  16:SYS/crc/crc16.c ****     0xc9cc, 0xd9ed, 0xe98e, 0xf9af, 0x8948, 0x9969, 0xa90a, 0xb92b,
  17:SYS/crc/crc16.c ****     0x5af5, 0x4ad4, 0x7ab7, 0x6a96, 0x1a71, 0x0a50, 0x3a33, 0x2a12,
  18:SYS/crc/crc16.c ****     0xdbfd, 0xcbdc, 0xfbbf, 0xeb9e, 0x9b79, 0x8b58, 0xbb3b, 0xab1a,
  19:SYS/crc/crc16.c ****     0x6ca6, 0x7c87, 0x4ce4, 0x5cc5, 0x2c22, 0x3c03, 0x0c60, 0x1c41,
  20:SYS/crc/crc16.c ****     0xedae, 0xfd8f, 0xcdec, 0xddcd, 0xad2a, 0xbd0b, 0x8d68, 0x9d49,
  21:SYS/crc/crc16.c ****     0x7e97, 0x6eb6, 0x5ed5, 0x4ef4, 0x3e13, 0x2e32, 0x1e51, 0x0e70,
  22:SYS/crc/crc16.c ****     0xff9f, 0xefbe, 0xdfdd, 0xcffc, 0xbf1b, 0xaf3a, 0x9f59, 0x8f78,
  23:SYS/crc/crc16.c ****     0x9188, 0x81a9, 0xb1ca, 0xa1eb, 0xd10c, 0xc12d, 0xf14e, 0xe16f,
  24:SYS/crc/crc16.c ****     0x1080, 0x00a1, 0x30c2, 0x20e3, 0x5004, 0x4025, 0x7046, 0x6067,
  25:SYS/crc/crc16.c ****     0x83b9, 0x9398, 0xa3fb, 0xb3da, 0xc33d, 0xd31c, 0xe37f, 0xf35e,
  26:SYS/crc/crc16.c ****     0x02b1, 0x1290, 0x22f3, 0x32d2, 0x4235, 0x5214, 0x6277, 0x7256,
  27:SYS/crc/crc16.c ****     0xb5ea, 0xa5cb, 0x95a8, 0x8589, 0xf56e, 0xe54f, 0xd52c, 0xc50d,
  28:SYS/crc/crc16.c ****     0x34e2, 0x24c3, 0x14a0, 0x0481, 0x7466, 0x6447, 0x5424, 0x4405,
  29:SYS/crc/crc16.c ****     0xa7db, 0xb7fa, 0x8799, 0x97b8, 0xe75f, 0xf77e, 0xc71d, 0xd73c,
  30:SYS/crc/crc16.c ****     0x26d3, 0x36f2, 0x0691, 0x16b0, 0x6657, 0x7676, 0x4615, 0x5634,
  31:SYS/crc/crc16.c ****     0xd94c, 0xc96d, 0xf90e, 0xe92f, 0x99c8, 0x89e9, 0xb98a, 0xa9ab,
ARM GAS  /tmp/ccA3aHbo.s 			page 2


  32:SYS/crc/crc16.c ****     0x5844, 0x4865, 0x7806, 0x6827, 0x18c0, 0x08e1, 0x3882, 0x28a3,
  33:SYS/crc/crc16.c ****     0xcb7d, 0xdb5c, 0xeb3f, 0xfb1e, 0x8bf9, 0x9bd8, 0xabbb, 0xbb9a,
  34:SYS/crc/crc16.c ****     0x4a75, 0x5a54, 0x6a37, 0x7a16, 0x0af1, 0x1ad0, 0x2ab3, 0x3a92,
  35:SYS/crc/crc16.c ****     0xfd2e, 0xed0f, 0xdd6c, 0xcd4d, 0xbdaa, 0xad8b, 0x9de8, 0x8dc9,
  36:SYS/crc/crc16.c ****     0x7c26, 0x6c07, 0x5c64, 0x4c45, 0x3ca2, 0x2c83, 0x1ce0, 0x0cc1,
  37:SYS/crc/crc16.c ****     0xef1f, 0xff3e, 0xcf5d, 0xdf7c, 0xaf9b, 0xbfba, 0x8fd9, 0x9ff8,
  38:SYS/crc/crc16.c ****     0x6e17, 0x7e36, 0x4e55, 0x5e74, 0x2e93, 0x3eb2, 0x0ed1, 0x1ef0,
  39:SYS/crc/crc16.c **** };
  40:SYS/crc/crc16.c **** 
  41:SYS/crc/crc16.c **** uint16_t calc_crc16(const uint8_t *buf, const uint32_t len)
  42:SYS/crc/crc16.c **** {
  28              		.loc 1 42 0
  29              		.cfi_startproc
  30              		@ args = 0, pretend = 0, frame = 0
  31              		@ frame_needed = 0, uses_anonymous_args = 0
  32              		@ link register save eliminated.
  33              	.LVL0:
  34 0000 30B4     		push	{r4, r5}
  35              	.LCFI0:
  36              		.cfi_def_cfa_offset 8
  37              		.cfi_offset 4, -8
  38              		.cfi_offset 5, -4
  39              	.LVL1:
  40              	.LBB2:
  43:SYS/crc/crc16.c ****     uint16_t cksum = 0;
  44:SYS/crc/crc16.c **** 
  45:SYS/crc/crc16.c ****     for (uint32_t i = 0;  i < len;  i++)
  41              		.loc 1 45 0
  42 0002 0024     		movs	r4, #0
  43              	.LBE2:
  43:SYS/crc/crc16.c ****     uint16_t cksum = 0;
  44              		.loc 1 43 0
  45 0004 2346     		mov	r3, r4
  46              	.LBB3:
  47              		.loc 1 45 0
  48 0006 0AE0     		b	.L2
  49              	.LVL2:
  50              	.L3:
  46:SYS/crc/crc16.c ****     {
  47:SYS/crc/crc16.c ****         cksum = crc16_tab[((cksum >> 8) ^ *buf++) & 0xff] ^ (cksum << 8);
  51              		.loc 1 47 0 discriminator 3
  52 0008 0278     		ldrb	r2, [r0]	@ zero_extendqisi2
  53 000a 82EA1322 		eor	r2, r2, r3, lsr #8
  54 000e 064D     		ldr	r5, .L5
  55 0010 35F91220 		ldrsh	r2, [r5, r2, lsl #1]
  56 0014 82EA0323 		eor	r3, r2, r3, lsl #8
  57              	.LVL3:
  58 0018 9BB2     		uxth	r3, r3
  59              	.LVL4:
  45:SYS/crc/crc16.c ****     {
  60              		.loc 1 45 0 discriminator 3
  61 001a 0134     		adds	r4, r4, #1
  62              	.LVL5:
  63              		.loc 1 47 0 discriminator 3
  64 001c 0130     		adds	r0, r0, #1
  65              	.LVL6:
  66              	.L2:
ARM GAS  /tmp/ccA3aHbo.s 			page 3


  45:SYS/crc/crc16.c ****     {
  67              		.loc 1 45 0 discriminator 1
  68 001e 8C42     		cmp	r4, r1
  69 0020 F2D3     		bcc	.L3
  70              	.LBE3:
  48:SYS/crc/crc16.c ****     }
  49:SYS/crc/crc16.c **** 
  50:SYS/crc/crc16.c ****     return cksum;
  51:SYS/crc/crc16.c **** }
  71              		.loc 1 51 0
  72 0022 1846     		mov	r0, r3
  73              	.LVL7:
  74 0024 30BC     		pop	{r4, r5}
  75              	.LCFI1:
  76              		.cfi_restore 5
  77              		.cfi_restore 4
  78              		.cfi_def_cfa_offset 0
  79              	.LVL8:
  80 0026 7047     		bx	lr
  81              	.L6:
  82              		.align	2
  83              	.L5:
  84 0028 00000000 		.word	.LANCHOR0
  85              		.cfi_endproc
  86              	.LFE0:
  88              		.section	.rodata.crc16_tab,"a",%progbits
  89              		.align	2
  90              		.set	.LANCHOR0,. + 0
  93              	crc16_tab:
  94 0000 0000     		.short	0
  95 0002 2110     		.short	4129
  96 0004 4220     		.short	8258
  97 0006 6330     		.short	12387
  98 0008 8440     		.short	16516
  99 000a A550     		.short	20645
 100 000c C660     		.short	24774
 101 000e E770     		.short	28903
 102 0010 0881     		.short	-32504
 103 0012 2991     		.short	-28375
 104 0014 4AA1     		.short	-24246
 105 0016 6BB1     		.short	-20117
 106 0018 8CC1     		.short	-15988
 107 001a ADD1     		.short	-11859
 108 001c CEE1     		.short	-7730
 109 001e EFF1     		.short	-3601
 110 0020 3112     		.short	4657
 111 0022 1002     		.short	528
 112 0024 7332     		.short	12915
 113 0026 5222     		.short	8786
 114 0028 B552     		.short	21173
 115 002a 9442     		.short	17044
 116 002c F772     		.short	29431
 117 002e D662     		.short	25302
 118 0030 3993     		.short	-27847
 119 0032 1883     		.short	-31976
 120 0034 7BB3     		.short	-19589
 121 0036 5AA3     		.short	-23718
ARM GAS  /tmp/ccA3aHbo.s 			page 4


 122 0038 BDD3     		.short	-11331
 123 003a 9CC3     		.short	-15460
 124 003c FFF3     		.short	-3073
 125 003e DEE3     		.short	-7202
 126 0040 6224     		.short	9314
 127 0042 4334     		.short	13379
 128 0044 2004     		.short	1056
 129 0046 0114     		.short	5121
 130 0048 E664     		.short	25830
 131 004a C774     		.short	29895
 132 004c A444     		.short	17572
 133 004e 8554     		.short	21637
 134 0050 6AA5     		.short	-23190
 135 0052 4BB5     		.short	-19125
 136 0054 2885     		.short	-31448
 137 0056 0995     		.short	-27383
 138 0058 EEE5     		.short	-6674
 139 005a CFF5     		.short	-2609
 140 005c ACC5     		.short	-14932
 141 005e 8DD5     		.short	-10867
 142 0060 5336     		.short	13907
 143 0062 7226     		.short	9842
 144 0064 1116     		.short	5649
 145 0066 3006     		.short	1584
 146 0068 D776     		.short	30423
 147 006a F666     		.short	26358
 148 006c 9556     		.short	22165
 149 006e B446     		.short	18100
 150 0070 5BB7     		.short	-18597
 151 0072 7AA7     		.short	-22662
 152 0074 1997     		.short	-26855
 153 0076 3887     		.short	-30920
 154 0078 DFF7     		.short	-2081
 155 007a FEE7     		.short	-6146
 156 007c 9DD7     		.short	-10339
 157 007e BCC7     		.short	-14404
 158 0080 C448     		.short	18628
 159 0082 E558     		.short	22757
 160 0084 8668     		.short	26758
 161 0086 A778     		.short	30887
 162 0088 4008     		.short	2112
 163 008a 6118     		.short	6241
 164 008c 0228     		.short	10242
 165 008e 2338     		.short	14371
 166 0090 CCC9     		.short	-13876
 167 0092 EDD9     		.short	-9747
 168 0094 8EE9     		.short	-5746
 169 0096 AFF9     		.short	-1617
 170 0098 4889     		.short	-30392
 171 009a 6999     		.short	-26263
 172 009c 0AA9     		.short	-22262
 173 009e 2BB9     		.short	-18133
 174 00a0 F55A     		.short	23285
 175 00a2 D44A     		.short	19156
 176 00a4 B77A     		.short	31415
 177 00a6 966A     		.short	27286
 178 00a8 711A     		.short	6769
ARM GAS  /tmp/ccA3aHbo.s 			page 5


 179 00aa 500A     		.short	2640
 180 00ac 333A     		.short	14899
 181 00ae 122A     		.short	10770
 182 00b0 FDDB     		.short	-9219
 183 00b2 DCCB     		.short	-13348
 184 00b4 BFFB     		.short	-1089
 185 00b6 9EEB     		.short	-5218
 186 00b8 799B     		.short	-25735
 187 00ba 588B     		.short	-29864
 188 00bc 3BBB     		.short	-17605
 189 00be 1AAB     		.short	-21734
 190 00c0 A66C     		.short	27814
 191 00c2 877C     		.short	31879
 192 00c4 E44C     		.short	19684
 193 00c6 C55C     		.short	23749
 194 00c8 222C     		.short	11298
 195 00ca 033C     		.short	15363
 196 00cc 600C     		.short	3168
 197 00ce 411C     		.short	7233
 198 00d0 AEED     		.short	-4690
 199 00d2 8FFD     		.short	-625
 200 00d4 ECCD     		.short	-12820
 201 00d6 CDDD     		.short	-8755
 202 00d8 2AAD     		.short	-21206
 203 00da 0BBD     		.short	-17141
 204 00dc 688D     		.short	-29336
 205 00de 499D     		.short	-25271
 206 00e0 977E     		.short	32407
 207 00e2 B66E     		.short	28342
 208 00e4 D55E     		.short	24277
 209 00e6 F44E     		.short	20212
 210 00e8 133E     		.short	15891
 211 00ea 322E     		.short	11826
 212 00ec 511E     		.short	7761
 213 00ee 700E     		.short	3696
 214 00f0 9FFF     		.short	-97
 215 00f2 BEEF     		.short	-4162
 216 00f4 DDDF     		.short	-8227
 217 00f6 FCCF     		.short	-12292
 218 00f8 1BBF     		.short	-16613
 219 00fa 3AAF     		.short	-20678
 220 00fc 599F     		.short	-24743
 221 00fe 788F     		.short	-28808
 222 0100 8891     		.short	-28280
 223 0102 A981     		.short	-32343
 224 0104 CAB1     		.short	-20022
 225 0106 EBA1     		.short	-24085
 226 0108 0CD1     		.short	-12020
 227 010a 2DC1     		.short	-16083
 228 010c 4EF1     		.short	-3762
 229 010e 6FE1     		.short	-7825
 230 0110 8010     		.short	4224
 231 0112 A100     		.short	161
 232 0114 C230     		.short	12482
 233 0116 E320     		.short	8419
 234 0118 0450     		.short	20484
 235 011a 2540     		.short	16421
ARM GAS  /tmp/ccA3aHbo.s 			page 6


 236 011c 4670     		.short	28742
 237 011e 6760     		.short	24679
 238 0120 B983     		.short	-31815
 239 0122 9893     		.short	-27752
 240 0124 FBA3     		.short	-23557
 241 0126 DAB3     		.short	-19494
 242 0128 3DC3     		.short	-15555
 243 012a 1CD3     		.short	-11492
 244 012c 7FE3     		.short	-7297
 245 012e 5EF3     		.short	-3234
 246 0130 B102     		.short	689
 247 0132 9012     		.short	4752
 248 0134 F322     		.short	8947
 249 0136 D232     		.short	13010
 250 0138 3542     		.short	16949
 251 013a 1452     		.short	21012
 252 013c 7762     		.short	25207
 253 013e 5672     		.short	29270
 254 0140 EAB5     		.short	-18966
 255 0142 CBA5     		.short	-23093
 256 0144 A895     		.short	-27224
 257 0146 8985     		.short	-31351
 258 0148 6EF5     		.short	-2706
 259 014a 4FE5     		.short	-6833
 260 014c 2CD5     		.short	-10964
 261 014e 0DC5     		.short	-15091
 262 0150 E234     		.short	13538
 263 0152 C324     		.short	9411
 264 0154 A014     		.short	5280
 265 0156 8104     		.short	1153
 266 0158 6674     		.short	29798
 267 015a 4764     		.short	25671
 268 015c 2454     		.short	21540
 269 015e 0544     		.short	17413
 270 0160 DBA7     		.short	-22565
 271 0162 FAB7     		.short	-18438
 272 0164 9987     		.short	-30823
 273 0166 B897     		.short	-26696
 274 0168 5FE7     		.short	-6305
 275 016a 7EF7     		.short	-2178
 276 016c 1DC7     		.short	-14563
 277 016e 3CD7     		.short	-10436
 278 0170 D326     		.short	9939
 279 0172 F236     		.short	14066
 280 0174 9106     		.short	1681
 281 0176 B016     		.short	5808
 282 0178 5766     		.short	26199
 283 017a 7676     		.short	30326
 284 017c 1546     		.short	17941
 285 017e 3456     		.short	22068
 286 0180 4CD9     		.short	-9908
 287 0182 6DC9     		.short	-13971
 288 0184 0EF9     		.short	-1778
 289 0186 2FE9     		.short	-5841
 290 0188 C899     		.short	-26168
 291 018a E989     		.short	-30231
 292 018c 8AB9     		.short	-18038
ARM GAS  /tmp/ccA3aHbo.s 			page 7


 293 018e ABA9     		.short	-22101
 294 0190 4458     		.short	22596
 295 0192 6548     		.short	18533
 296 0194 0678     		.short	30726
 297 0196 2768     		.short	26663
 298 0198 C018     		.short	6336
 299 019a E108     		.short	2273
 300 019c 8238     		.short	14466
 301 019e A328     		.short	10403
 302 01a0 7DCB     		.short	-13443
 303 01a2 5CDB     		.short	-9380
 304 01a4 3FEB     		.short	-5313
 305 01a6 1EFB     		.short	-1250
 306 01a8 F98B     		.short	-29703
 307 01aa D89B     		.short	-25640
 308 01ac BBAB     		.short	-21573
 309 01ae 9ABB     		.short	-17510
 310 01b0 754A     		.short	19061
 311 01b2 545A     		.short	23124
 312 01b4 376A     		.short	27191
 313 01b6 167A     		.short	31254
 314 01b8 F10A     		.short	2801
 315 01ba D01A     		.short	6864
 316 01bc B32A     		.short	10931
 317 01be 923A     		.short	14994
 318 01c0 2EFD     		.short	-722
 319 01c2 0FED     		.short	-4849
 320 01c4 6CDD     		.short	-8852
 321 01c6 4DCD     		.short	-12979
 322 01c8 AABD     		.short	-16982
 323 01ca 8BAD     		.short	-21109
 324 01cc E89D     		.short	-25112
 325 01ce C98D     		.short	-29239
 326 01d0 267C     		.short	31782
 327 01d2 076C     		.short	27655
 328 01d4 645C     		.short	23652
 329 01d6 454C     		.short	19525
 330 01d8 A23C     		.short	15522
 331 01da 832C     		.short	11395
 332 01dc E01C     		.short	7392
 333 01de C10C     		.short	3265
 334 01e0 1FEF     		.short	-4321
 335 01e2 3EFF     		.short	-194
 336 01e4 5DCF     		.short	-12451
 337 01e6 7CDF     		.short	-8324
 338 01e8 9BAF     		.short	-20581
 339 01ea BABF     		.short	-16454
 340 01ec D98F     		.short	-28711
 341 01ee F89F     		.short	-24584
 342 01f0 176E     		.short	28183
 343 01f2 367E     		.short	32310
 344 01f4 554E     		.short	20053
 345 01f6 745E     		.short	24180
 346 01f8 932E     		.short	11923
 347 01fa B23E     		.short	16050
 348 01fc D10E     		.short	3793
 349 01fe F01E     		.short	7920
ARM GAS  /tmp/ccA3aHbo.s 			page 8


 350              		.text
 351              	.Letext0:
 352              		.file 2 "/usr/include/newlib/machine/_default_types.h"
 353              		.file 3 "/usr/include/newlib/sys/_stdint.h"
ARM GAS  /tmp/ccA3aHbo.s 			page 9


DEFINED SYMBOLS
                            *ABS*:0000000000000000 crc16.c
     /tmp/ccA3aHbo.s:18     .text.calc_crc16:0000000000000000 $t
     /tmp/ccA3aHbo.s:25     .text.calc_crc16:0000000000000000 calc_crc16
     /tmp/ccA3aHbo.s:84     .text.calc_crc16:0000000000000028 $d
     /tmp/ccA3aHbo.s:89     .rodata.crc16_tab:0000000000000000 $d
     /tmp/ccA3aHbo.s:93     .rodata.crc16_tab:0000000000000000 crc16_tab
                     .debug_frame:0000000000000010 $d

NO UNDEFINED SYMBOLS
