ARM GAS  /tmp/ccOVVPeR.s 			page 1


   1              		.cpu cortex-m4
   2              		.eabi_attribute 27, 1
   3              		.eabi_attribute 28, 1
   4              		.eabi_attribute 20, 1
   5              		.eabi_attribute 21, 1
   6              		.eabi_attribute 23, 3
   7              		.eabi_attribute 24, 1
   8              		.eabi_attribute 25, 1
   9              		.eabi_attribute 26, 1
  10              		.eabi_attribute 30, 1
  11              		.eabi_attribute 34, 1
  12              		.eabi_attribute 18, 4
  13              		.file	"drv_adc.c"
  14              		.text
  15              	.Ltext0:
  16              		.cfi_sections	.debug_frame
  17              		.section	.text.DrvADC_Get,"ax",%progbits
  18              		.align	1
  19              		.syntax unified
  20              		.thumb
  21              		.thumb_func
  22              		.fpu fpv4-sp-d16
  24              	DrvADC_Get:
  25              	.LFB124:
  26              		.file 1 "Drv/drv_adc.c"
   1:Drv/drv_adc.c **** #include "drv_adc.h"
   2:Drv/drv_adc.c **** #include "periph_adc.h"
   3:Drv/drv_adc.c **** #include "periph_gpio.h"
   4:Drv/drv_adc.c **** 
   5:Drv/drv_adc.c **** typedef struct
   6:Drv/drv_adc.c **** {
   7:Drv/drv_adc.c ****     bool InUse;
   8:Drv/drv_adc.c ****     uint8_t id;
   9:Drv/drv_adc.c **** } ADC_Channel_State;
  10:Drv/drv_adc.c **** 
  11:Drv/drv_adc.c **** /* internal variable */
  12:Drv/drv_adc.c **** static ADC_Channel_State Channel_State[ADC1_Channel_Sum] = {false};
  13:Drv/drv_adc.c **** static uint8_t InUse_ADC_Channel_cnt = 0;
  14:Drv/drv_adc.c **** 
  15:Drv/drv_adc.c **** /* external variable */
  16:Drv/drv_adc.c **** static uint16_t DrvADC_Get(ADC_Channel_List channel);
  17:Drv/drv_adc.c **** static bool DrvADC_Ctl(DrvADC_CMD_List cmd, uint8_t data);
  18:Drv/drv_adc.c **** 
  19:Drv/drv_adc.c **** /* driver object */
  20:Drv/drv_adc.c **** DrvADC_TypeDef DrvADC = {
  21:Drv/drv_adc.c ****     .ctl = DrvADC_Ctl,
  22:Drv/drv_adc.c ****     .read = DrvADC_Get,
  23:Drv/drv_adc.c **** };
  24:Drv/drv_adc.c **** 
  25:Drv/drv_adc.c **** static bool DrvADC_Open(ADC_Channel_List channel)
  26:Drv/drv_adc.c **** {
  27:Drv/drv_adc.c ****     if (channel >= ADC1_Channel_Sum)
  28:Drv/drv_adc.c ****         return false;
  29:Drv/drv_adc.c **** 
  30:Drv/drv_adc.c ****     if (!Channel_State[channel].InUse)
  31:Drv/drv_adc.c ****     {
  32:Drv/drv_adc.c ****         Channel_State[channel].InUse = true;
ARM GAS  /tmp/ccOVVPeR.s 			page 2


  33:Drv/drv_adc.c ****         Channel_State[channel].id = InUse_ADC_Channel_cnt;
  34:Drv/drv_adc.c **** 
  35:Drv/drv_adc.c ****         InUse_ADC_Channel_cnt++;
  36:Drv/drv_adc.c **** 
  37:Drv/drv_adc.c ****         Periph_ADC_IO_Init(channel);
  38:Drv/drv_adc.c ****         Periph_ADC_Init(channel);
  39:Drv/drv_adc.c **** 
  40:Drv/drv_adc.c ****         return true;
  41:Drv/drv_adc.c ****     }
  42:Drv/drv_adc.c **** 
  43:Drv/drv_adc.c ****     return false;
  44:Drv/drv_adc.c **** }
  45:Drv/drv_adc.c **** 
  46:Drv/drv_adc.c **** static uint16_t DrvADC_Get(ADC_Channel_List channel)
  47:Drv/drv_adc.c **** {
  27              		.loc 1 47 0
  28              		.cfi_startproc
  29              		@ args = 0, pretend = 0, frame = 0
  30              		@ frame_needed = 0, uses_anonymous_args = 0
  31              	.LVL0:
  32 0000 08B5     		push	{r3, lr}
  33              	.LCFI0:
  34              		.cfi_def_cfa_offset 8
  35              		.cfi_offset 3, -8
  36              		.cfi_offset 14, -4
  48:Drv/drv_adc.c ****     if (Channel_State[channel].InUse)
  37              		.loc 1 48 0
  38 0002 064B     		ldr	r3, .L6
  39 0004 13F81030 		ldrb	r3, [r3, r0, lsl #1]	@ zero_extendqisi2
  40 0008 0BB9     		cbnz	r3, .L5
  49:Drv/drv_adc.c ****     {
  50:Drv/drv_adc.c ****         return Periph_ADC_GetValue(channel, Channel_State[channel].id);
  51:Drv/drv_adc.c ****     }
  52:Drv/drv_adc.c **** 
  53:Drv/drv_adc.c ****     return 0;
  41              		.loc 1 53 0
  42 000a 0020     		movs	r0, #0
  43              	.LVL1:
  54:Drv/drv_adc.c **** }
  44              		.loc 1 54 0
  45 000c 08BD     		pop	{r3, pc}
  46              	.LVL2:
  47              	.L5:
  50:Drv/drv_adc.c ****     }
  48              		.loc 1 50 0
  49 000e 034B     		ldr	r3, .L6
  50 0010 03EB4003 		add	r3, r3, r0, lsl #1
  51 0014 5978     		ldrb	r1, [r3, #1]	@ zero_extendqisi2
  52 0016 FFF7FEFF 		bl	Periph_ADC_GetValue
  53              	.LVL3:
  54 001a 08BD     		pop	{r3, pc}
  55              	.L7:
  56              		.align	2
  57              	.L6:
  58 001c 00000000 		.word	.LANCHOR0
  59              		.cfi_endproc
  60              	.LFE124:
ARM GAS  /tmp/ccOVVPeR.s 			page 3


  62              		.section	.text.DrvADC_Open,"ax",%progbits
  63              		.align	1
  64              		.syntax unified
  65              		.thumb
  66              		.thumb_func
  67              		.fpu fpv4-sp-d16
  69              	DrvADC_Open:
  70              	.LFB123:
  26:Drv/drv_adc.c ****     if (channel >= ADC1_Channel_Sum)
  71              		.loc 1 26 0
  72              		.cfi_startproc
  73              		@ args = 0, pretend = 0, frame = 0
  74              		@ frame_needed = 0, uses_anonymous_args = 0
  75              	.LVL4:
  27:Drv/drv_adc.c ****         return false;
  76              		.loc 1 27 0
  77 0000 0E28     		cmp	r0, #14
  78 0002 19D8     		bhi	.L10
  26:Drv/drv_adc.c ****     if (channel >= ADC1_Channel_Sum)
  79              		.loc 1 26 0
  80 0004 38B5     		push	{r3, r4, r5, lr}
  81              	.LCFI1:
  82              		.cfi_def_cfa_offset 16
  83              		.cfi_offset 3, -16
  84              		.cfi_offset 4, -12
  85              		.cfi_offset 5, -8
  86              		.cfi_offset 14, -4
  30:Drv/drv_adc.c ****     {
  87              		.loc 1 30 0
  88 0006 0D4B     		ldr	r3, .L17
  89 0008 13F81030 		ldrb	r3, [r3, r0, lsl #1]	@ zero_extendqisi2
  90 000c 0BB1     		cbz	r3, .L16
  43:Drv/drv_adc.c **** }
  91              		.loc 1 43 0
  92 000e 0020     		movs	r0, #0
  93              	.LVL5:
  44:Drv/drv_adc.c **** 
  94              		.loc 1 44 0
  95 0010 38BD     		pop	{r3, r4, r5, pc}
  96              	.LVL6:
  97              	.L16:
  98 0012 0446     		mov	r4, r0
  32:Drv/drv_adc.c ****         Channel_State[channel].id = InUse_ADC_Channel_cnt;
  99              		.loc 1 32 0
 100 0014 094A     		ldr	r2, .L17
 101 0016 0125     		movs	r5, #1
 102 0018 02F81050 		strb	r5, [r2, r0, lsl #1]
  33:Drv/drv_adc.c **** 
 103              		.loc 1 33 0
 104 001c 0849     		ldr	r1, .L17+4
 105 001e 0B78     		ldrb	r3, [r1]	@ zero_extendqisi2
 106 0020 02EB4002 		add	r2, r2, r0, lsl #1
 107 0024 5370     		strb	r3, [r2, #1]
  35:Drv/drv_adc.c **** 
 108              		.loc 1 35 0
 109 0026 2B44     		add	r3, r3, r5
 110 0028 0B70     		strb	r3, [r1]
ARM GAS  /tmp/ccOVVPeR.s 			page 4


  37:Drv/drv_adc.c ****         Periph_ADC_Init(channel);
 111              		.loc 1 37 0
 112 002a FFF7FEFF 		bl	Periph_ADC_IO_Init
 113              	.LVL7:
  38:Drv/drv_adc.c **** 
 114              		.loc 1 38 0
 115 002e 2046     		mov	r0, r4
 116 0030 FFF7FEFF 		bl	Periph_ADC_Init
 117              	.LVL8:
  40:Drv/drv_adc.c ****     }
 118              		.loc 1 40 0
 119 0034 2846     		mov	r0, r5
 120 0036 38BD     		pop	{r3, r4, r5, pc}
 121              	.LVL9:
 122              	.L10:
 123              	.LCFI2:
 124              		.cfi_def_cfa_offset 0
 125              		.cfi_restore 3
 126              		.cfi_restore 4
 127              		.cfi_restore 5
 128              		.cfi_restore 14
  28:Drv/drv_adc.c **** 
 129              		.loc 1 28 0
 130 0038 0020     		movs	r0, #0
 131              	.LVL10:
 132 003a 7047     		bx	lr
 133              	.L18:
 134              		.align	2
 135              	.L17:
 136 003c 00000000 		.word	.LANCHOR0
 137 0040 00000000 		.word	.LANCHOR1
 138              		.cfi_endproc
 139              	.LFE123:
 141              		.section	.text.DrvADC_Ctl,"ax",%progbits
 142              		.align	1
 143              		.syntax unified
 144              		.thumb
 145              		.thumb_func
 146              		.fpu fpv4-sp-d16
 148              	DrvADC_Ctl:
 149              	.LFB125:
  55:Drv/drv_adc.c **** 
  56:Drv/drv_adc.c **** static bool DrvADC_Ctl(DrvADC_CMD_List cmd, uint8_t data)
  57:Drv/drv_adc.c **** {
 150              		.loc 1 57 0
 151              		.cfi_startproc
 152              		@ args = 0, pretend = 0, frame = 0
 153              		@ frame_needed = 0, uses_anonymous_args = 0
 154              	.LVL11:
  58:Drv/drv_adc.c ****     switch ((uint8_t)cmd)
 155              		.loc 1 58 0
 156 0000 08B1     		cbz	r0, .L28
  59:Drv/drv_adc.c ****     {
  60:Drv/drv_adc.c ****     case ADC_Open:
  61:Drv/drv_adc.c ****         return DrvADC_Open((ADC_Channel_List)data);
  62:Drv/drv_adc.c **** 
  63:Drv/drv_adc.c ****     case ADC_Close:
ARM GAS  /tmp/ccOVVPeR.s 			page 5


  64:Drv/drv_adc.c ****         /* TODO */
  65:Drv/drv_adc.c ****         return false;
 157              		.loc 1 65 0
 158 0002 0020     		movs	r0, #0
 159              	.LVL12:
 160 0004 7047     		bx	lr
 161              	.LVL13:
 162              	.L28:
  57:Drv/drv_adc.c ****     switch ((uint8_t)cmd)
 163              		.loc 1 57 0
 164 0006 08B5     		push	{r3, lr}
 165              	.LCFI3:
 166              		.cfi_def_cfa_offset 8
 167              		.cfi_offset 3, -8
 168              		.cfi_offset 14, -4
 169 0008 0846     		mov	r0, r1
 170              	.LVL14:
  61:Drv/drv_adc.c **** 
 171              		.loc 1 61 0
 172 000a FFF7FEFF 		bl	DrvADC_Open
 173              	.LVL15:
 174 000e 08BD     		pop	{r3, pc}
 175              		.cfi_endproc
 176              	.LFE125:
 178              		.global	DrvADC
 179              		.section	.bss.Channel_State,"aw",%nobits
 180              		.align	2
 181              		.set	.LANCHOR0,. + 0
 184              	Channel_State:
 185 0000 00000000 		.space	30
 185      00000000 
 185      00000000 
 185      00000000 
 185      00000000 
 186              		.section	.bss.InUse_ADC_Channel_cnt,"aw",%nobits
 187              		.set	.LANCHOR1,. + 0
 190              	InUse_ADC_Channel_cnt:
 191 0000 00       		.space	1
 192              		.section	.data.DrvADC,"aw",%progbits
 193              		.align	2
 196              	DrvADC:
 197 0000 00000000 		.word	DrvADC_Ctl
 198 0004 00000000 		.word	DrvADC_Get
 199              		.text
 200              	.Letext0:
 201              		.file 2 "/usr/include/newlib/machine/_default_types.h"
 202              		.file 3 "/usr/include/newlib/sys/_stdint.h"
 203              		.file 4 "Bsp/periph_adc.h"
 204              		.file 5 "Drv/drv_adc.h"
 205              		.file 6 "F4_CORE/core_cm4.h"
 206              		.file 7 "USER/system_stm32f4xx.h"
ARM GAS  /tmp/ccOVVPeR.s 			page 6


DEFINED SYMBOLS
                            *ABS*:0000000000000000 drv_adc.c
     /tmp/ccOVVPeR.s:18     .text.DrvADC_Get:0000000000000000 $t
     /tmp/ccOVVPeR.s:24     .text.DrvADC_Get:0000000000000000 DrvADC_Get
     /tmp/ccOVVPeR.s:58     .text.DrvADC_Get:000000000000001c $d
     /tmp/ccOVVPeR.s:63     .text.DrvADC_Open:0000000000000000 $t
     /tmp/ccOVVPeR.s:69     .text.DrvADC_Open:0000000000000000 DrvADC_Open
     /tmp/ccOVVPeR.s:136    .text.DrvADC_Open:000000000000003c $d
     /tmp/ccOVVPeR.s:142    .text.DrvADC_Ctl:0000000000000000 $t
     /tmp/ccOVVPeR.s:148    .text.DrvADC_Ctl:0000000000000000 DrvADC_Ctl
     /tmp/ccOVVPeR.s:196    .data.DrvADC:0000000000000000 DrvADC
     /tmp/ccOVVPeR.s:180    .bss.Channel_State:0000000000000000 $d
     /tmp/ccOVVPeR.s:184    .bss.Channel_State:0000000000000000 Channel_State
     /tmp/ccOVVPeR.s:190    .bss.InUse_ADC_Channel_cnt:0000000000000000 InUse_ADC_Channel_cnt
     /tmp/ccOVVPeR.s:191    .bss.InUse_ADC_Channel_cnt:0000000000000000 $d
     /tmp/ccOVVPeR.s:193    .data.DrvADC:0000000000000000 $d
                     .debug_frame:0000000000000010 $d

UNDEFINED SYMBOLS
Periph_ADC_GetValue
Periph_ADC_IO_Init
Periph_ADC_Init
