ARM GAS  /var/folders/lx/hc4sn_b53233_zkc9xbbl97r0000gp/T//ccFt0V6V.s 			page 1


   1              		.cpu cortex-m4
   2              		.eabi_attribute 27, 1
   3              		.eabi_attribute 28, 1
   4              		.eabi_attribute 20, 1
   5              		.eabi_attribute 21, 1
   6              		.eabi_attribute 23, 3
   7              		.eabi_attribute 24, 1
   8              		.eabi_attribute 25, 1
   9              		.eabi_attribute 26, 1
  10              		.eabi_attribute 30, 1
  11              		.eabi_attribute 34, 1
  12              		.eabi_attribute 18, 4
  13              		.file	"drv_gpio.c"
  14              		.text
  15              	.Ltext0:
  16              		.cfi_sections	.debug_frame
  17              		.section	.text.DrvGPIO_Close,"ax",%progbits
  18              		.align	1
  19              		.arch armv7e-m
  20              		.syntax unified
  21              		.thumb
  22              		.thumb_func
  23              		.fpu fpv4-sp-d16
  25              	DrvGPIO_Close:
  26              	.LVL0:
  27              	.LFB124:
  28              		.file 1 "Drv/drv_gpio.c"
   1:Drv/drv_gpio.c **** #include "drv_gpio.h"
   2:Drv/drv_gpio.c **** #include "periph_gpio.h"
   3:Drv/drv_gpio.c **** #include "periph_exti.h"
   4:Drv/drv_gpio.c **** 
   5:Drv/drv_gpio.c **** /* internal function define */
   6:Drv/drv_gpio.c **** 
   7:Drv/drv_gpio.c **** /* external function define */
   8:Drv/drv_gpio.c **** static bool DrvGPIO_Open(DrvGPIO_Obj_TypeDef *Obj, DrvGPIO_CTL_TypeDef type, uint32_t data);
   9:Drv/drv_gpio.c **** static bool DrvGPIO_Close(DrvGPIO_Obj_TypeDef *Obj);
  10:Drv/drv_gpio.c **** static bool DrvGPIO_Control(DrvGPIO_Obj_TypeDef *Obj, DrvGPIO_IO_Level_TypeDef level);
  11:Drv/drv_gpio.c **** static DrvGPIO_IO_Level_TypeDef DrvGPIO_Get(DrvGPIO_Obj_TypeDef *Obj);
  12:Drv/drv_gpio.c **** 
  13:Drv/drv_gpio.c **** DrvGPIO_GenProcFunc_TypeDef DrvGPIO = {
  14:Drv/drv_gpio.c ****     .open = DrvGPIO_Open,
  15:Drv/drv_gpio.c ****     .close = DrvGPIO_Close,
  16:Drv/drv_gpio.c ****     .set = DrvGPIO_Control,
  17:Drv/drv_gpio.c ****     .get = DrvGPIO_Get,
  18:Drv/drv_gpio.c **** };
  19:Drv/drv_gpio.c **** 
  20:Drv/drv_gpio.c **** static bool DrvGPIO_Open(DrvGPIO_Obj_TypeDef *Obj, DrvGPIO_CTL_TypeDef type, uint32_t data)
  21:Drv/drv_gpio.c **** {
  22:Drv/drv_gpio.c ****     Obj->IO_Type = type;
  23:Drv/drv_gpio.c **** 
  24:Drv/drv_gpio.c ****     switch ((uint8_t)type)
  25:Drv/drv_gpio.c ****     {
  26:Drv/drv_gpio.c ****     case GPIO_Output:
  27:Drv/drv_gpio.c ****         GPIO_IO_Output_Init(Obj->CLK, Obj->Pin, Obj->Port);
  28:Drv/drv_gpio.c ****         return true;
  29:Drv/drv_gpio.c **** 
  30:Drv/drv_gpio.c ****     case GPIO_Input:
ARM GAS  /var/folders/lx/hc4sn_b53233_zkc9xbbl97r0000gp/T//ccFt0V6V.s 			page 2


  31:Drv/drv_gpio.c ****         GPIO_IO_Input_Init(Obj->CLK, Obj->Pin, Obj->Port);
  32:Drv/drv_gpio.c ****         return true;
  33:Drv/drv_gpio.c **** 
  34:Drv/drv_gpio.c ****     case GPIO_Encoder:
  35:Drv/drv_gpio.c ****         GPIO_IO_Encoder_Init(Obj->Port, Obj->CLK, Obj->Pin, Obj->Pin_Src, Obj->AF_TIMx);
  36:Drv/drv_gpio.c ****         return true;
  37:Drv/drv_gpio.c **** 
  38:Drv/drv_gpio.c ****     case GPIO_EXTI_Input:
  39:Drv/drv_gpio.c ****         GPIO_IO_Input_Init(Obj->CLK, Obj->Pin, Obj->Port);
  40:Drv/drv_gpio.c **** 
  41:Drv/drv_gpio.c ****         /* use for sync signal input */
  42:Drv/drv_gpio.c ****         periph_exit_init(Obj->Exti_Cfg);
  43:Drv/drv_gpio.c **** 
  44:Drv/drv_gpio.c ****         /* set callback function */
  45:Drv/drv_gpio.c ****         return periph_exti_SetCallback(Obj->Exti_Cfg.exti_line, (exti_callback)data);
  46:Drv/drv_gpio.c **** 
  47:Drv/drv_gpio.c ****     default:
  48:Drv/drv_gpio.c ****         return false;
  49:Drv/drv_gpio.c ****     }
  50:Drv/drv_gpio.c **** }
  51:Drv/drv_gpio.c **** 
  52:Drv/drv_gpio.c **** static bool DrvGPIO_Close(DrvGPIO_Obj_TypeDef *Obj)
  53:Drv/drv_gpio.c **** {
  29              		.loc 1 53 1 view -0
  30              		.cfi_startproc
  31              		@ args = 0, pretend = 0, frame = 0
  32              		@ frame_needed = 0, uses_anonymous_args = 0
  33              		@ link register save eliminated.
  54:Drv/drv_gpio.c ****     /* ToDo */
  55:Drv/drv_gpio.c ****     return true;
  34              		.loc 1 55 5 view .LVU1
  56:Drv/drv_gpio.c **** }
  35              		.loc 1 56 1 is_stmt 0 view .LVU2
  36 0000 0120     		movs	r0, #1
  37              	.LVL1:
  38              		.loc 1 56 1 view .LVU3
  39 0002 7047     		bx	lr
  40              		.cfi_endproc
  41              	.LFE124:
  43              		.section	.text.DrvGPIO_Get,"ax",%progbits
  44              		.align	1
  45              		.syntax unified
  46              		.thumb
  47              		.thumb_func
  48              		.fpu fpv4-sp-d16
  50              	DrvGPIO_Get:
  51              	.LVL2:
  52              	.LFB126:
  57:Drv/drv_gpio.c **** 
  58:Drv/drv_gpio.c **** static bool DrvGPIO_Control(DrvGPIO_Obj_TypeDef *Obj, DrvGPIO_IO_Level_TypeDef level)
  59:Drv/drv_gpio.c **** {
  60:Drv/drv_gpio.c ****     if (level == GPIO_LOW)
  61:Drv/drv_gpio.c ****     {
  62:Drv/drv_gpio.c ****         GPIO_Set_IO_LEVEL(Obj->Port, Obj->Pin, LO);
  63:Drv/drv_gpio.c ****     }
  64:Drv/drv_gpio.c ****     else
  65:Drv/drv_gpio.c ****         GPIO_Set_IO_LEVEL(Obj->Port, Obj->Pin, HI);
ARM GAS  /var/folders/lx/hc4sn_b53233_zkc9xbbl97r0000gp/T//ccFt0V6V.s 			page 3


  66:Drv/drv_gpio.c **** 
  67:Drv/drv_gpio.c ****     return true;
  68:Drv/drv_gpio.c **** }
  69:Drv/drv_gpio.c **** 
  70:Drv/drv_gpio.c **** static DrvGPIO_IO_Level_TypeDef DrvGPIO_Get(DrvGPIO_Obj_TypeDef *Obj)
  71:Drv/drv_gpio.c **** {
  53              		.loc 1 71 1 is_stmt 1 view -0
  54              		.cfi_startproc
  55              		@ args = 0, pretend = 0, frame = 0
  56              		@ frame_needed = 0, uses_anonymous_args = 0
  57              		.loc 1 71 1 is_stmt 0 view .LVU5
  58 0000 08B5     		push	{r3, lr}
  59              	.LCFI0:
  60              		.cfi_def_cfa_offset 8
  61              		.cfi_offset 3, -8
  62              		.cfi_offset 14, -4
  72:Drv/drv_gpio.c ****     if (GPIO_Get_IO_LEVEL(Obj->Port, Obj->Pin))
  63              		.loc 1 72 5 is_stmt 1 view .LVU6
  64              		.loc 1 72 9 is_stmt 0 view .LVU7
  65 0002 8188     		ldrh	r1, [r0, #4]
  66 0004 8068     		ldr	r0, [r0, #8]
  67              	.LVL3:
  68              		.loc 1 72 9 view .LVU8
  69 0006 FFF7FEFF 		bl	GPIO_Get_IO_LEVEL
  70              	.LVL4:
  71              		.loc 1 72 8 view .LVU9
  72 000a 08B9     		cbnz	r0, .L6
  73:Drv/drv_gpio.c ****     {
  74:Drv/drv_gpio.c ****         return GPIO_HIGH;
  75:Drv/drv_gpio.c ****     }
  76:Drv/drv_gpio.c ****     else
  77:Drv/drv_gpio.c ****         return GPIO_LOW;
  73              		.loc 1 77 16 view .LVU10
  74 000c 0120     		movs	r0, #1
  75              	.L3:
  78:Drv/drv_gpio.c **** }
  76              		.loc 1 78 1 view .LVU11
  77 000e 08BD     		pop	{r3, pc}
  78              	.L6:
  74:Drv/drv_gpio.c ****     }
  79              		.loc 1 74 16 view .LVU12
  80 0010 0220     		movs	r0, #2
  81 0012 FCE7     		b	.L3
  82              		.cfi_endproc
  83              	.LFE126:
  85              		.section	.text.DrvGPIO_Control,"ax",%progbits
  86              		.align	1
  87              		.syntax unified
  88              		.thumb
  89              		.thumb_func
  90              		.fpu fpv4-sp-d16
  92              	DrvGPIO_Control:
  93              	.LVL5:
  94              	.LFB125:
  59:Drv/drv_gpio.c ****     if (level == GPIO_LOW)
  95              		.loc 1 59 1 is_stmt 1 view -0
  96              		.cfi_startproc
ARM GAS  /var/folders/lx/hc4sn_b53233_zkc9xbbl97r0000gp/T//ccFt0V6V.s 			page 4


  97              		@ args = 0, pretend = 0, frame = 0
  98              		@ frame_needed = 0, uses_anonymous_args = 0
  59:Drv/drv_gpio.c ****     if (level == GPIO_LOW)
  99              		.loc 1 59 1 is_stmt 0 view .LVU14
 100 0000 08B5     		push	{r3, lr}
 101              	.LCFI1:
 102              		.cfi_def_cfa_offset 8
 103              		.cfi_offset 3, -8
 104              		.cfi_offset 14, -4
  60:Drv/drv_gpio.c ****     {
 105              		.loc 1 60 5 is_stmt 1 view .LVU15
  60:Drv/drv_gpio.c ****     {
 106              		.loc 1 60 8 is_stmt 0 view .LVU16
 107 0002 0129     		cmp	r1, #1
 108 0004 06D0     		beq	.L11
  65:Drv/drv_gpio.c **** 
 109              		.loc 1 65 9 is_stmt 1 view .LVU17
 110 0006 0022     		movs	r2, #0
 111 0008 8188     		ldrh	r1, [r0, #4]
 112              	.LVL6:
  65:Drv/drv_gpio.c **** 
 113              		.loc 1 65 9 is_stmt 0 view .LVU18
 114 000a 8068     		ldr	r0, [r0, #8]
 115              	.LVL7:
  65:Drv/drv_gpio.c **** 
 116              		.loc 1 65 9 view .LVU19
 117 000c FFF7FEFF 		bl	GPIO_Set_IO_LEVEL
 118              	.LVL8:
 119              	.L9:
  67:Drv/drv_gpio.c **** }
 120              		.loc 1 67 5 is_stmt 1 view .LVU20
  68:Drv/drv_gpio.c **** 
 121              		.loc 1 68 1 is_stmt 0 view .LVU21
 122 0010 0120     		movs	r0, #1
 123 0012 08BD     		pop	{r3, pc}
 124              	.LVL9:
 125              	.L11:
  62:Drv/drv_gpio.c ****     }
 126              		.loc 1 62 9 is_stmt 1 view .LVU22
 127 0014 0122     		movs	r2, #1
 128 0016 8188     		ldrh	r1, [r0, #4]
 129              	.LVL10:
  62:Drv/drv_gpio.c ****     }
 130              		.loc 1 62 9 is_stmt 0 view .LVU23
 131 0018 8068     		ldr	r0, [r0, #8]
 132              	.LVL11:
  62:Drv/drv_gpio.c ****     }
 133              		.loc 1 62 9 view .LVU24
 134 001a FFF7FEFF 		bl	GPIO_Set_IO_LEVEL
 135              	.LVL12:
 136 001e F7E7     		b	.L9
 137              		.cfi_endproc
 138              	.LFE125:
 140              		.section	.text.DrvGPIO_Open,"ax",%progbits
 141              		.align	1
 142              		.syntax unified
 143              		.thumb
ARM GAS  /var/folders/lx/hc4sn_b53233_zkc9xbbl97r0000gp/T//ccFt0V6V.s 			page 5


 144              		.thumb_func
 145              		.fpu fpv4-sp-d16
 147              	DrvGPIO_Open:
 148              	.LVL13:
 149              	.LFB123:
  21:Drv/drv_gpio.c ****     Obj->IO_Type = type;
 150              		.loc 1 21 1 is_stmt 1 view -0
 151              		.cfi_startproc
 152              		@ args = 0, pretend = 0, frame = 0
 153              		@ frame_needed = 0, uses_anonymous_args = 0
  21:Drv/drv_gpio.c ****     Obj->IO_Type = type;
 154              		.loc 1 21 1 is_stmt 0 view .LVU26
 155 0000 70B5     		push	{r4, r5, r6, lr}
 156              	.LCFI2:
 157              		.cfi_def_cfa_offset 16
 158              		.cfi_offset 4, -16
 159              		.cfi_offset 5, -12
 160              		.cfi_offset 6, -8
 161              		.cfi_offset 14, -4
 162 0002 82B0     		sub	sp, sp, #8
 163              	.LCFI3:
 164              		.cfi_def_cfa_offset 24
 165 0004 0446     		mov	r4, r0
  22:Drv/drv_gpio.c **** 
 166              		.loc 1 22 5 is_stmt 1 view .LVU27
  22:Drv/drv_gpio.c **** 
 167              		.loc 1 22 18 is_stmt 0 view .LVU28
 168 0006 0173     		strb	r1, [r0, #12]
  24:Drv/drv_gpio.c ****     {
 169              		.loc 1 24 5 is_stmt 1 view .LVU29
 170 0008 0329     		cmp	r1, #3
 171 000a 2DD8     		bhi	.L19
 172 000c DFE801F0 		tbb	[pc, r1]
 173              	.L15:
 174 0010 02       		.byte	(.L18-.L15)/2
 175 0011 0A       		.byte	(.L17-.L15)/2
 176 0012 11       		.byte	(.L16-.L15)/2
 177 0013 1B       		.byte	(.L14-.L15)/2
 178              		.p2align 1
 179              	.L18:
  27:Drv/drv_gpio.c ****         return true;
 180              		.loc 1 27 9 view .LVU30
 181 0014 8268     		ldr	r2, [r0, #8]
 182              	.LVL14:
  27:Drv/drv_gpio.c ****         return true;
 183              		.loc 1 27 9 is_stmt 0 view .LVU31
 184 0016 8188     		ldrh	r1, [r0, #4]
 185              	.LVL15:
  27:Drv/drv_gpio.c ****         return true;
 186              		.loc 1 27 9 view .LVU32
 187 0018 0068     		ldr	r0, [r0]
 188              	.LVL16:
  27:Drv/drv_gpio.c ****         return true;
 189              		.loc 1 27 9 view .LVU33
 190 001a FFF7FEFF 		bl	GPIO_IO_Output_Init
 191              	.LVL17:
  28:Drv/drv_gpio.c **** 
ARM GAS  /var/folders/lx/hc4sn_b53233_zkc9xbbl97r0000gp/T//ccFt0V6V.s 			page 6


 192              		.loc 1 28 9 is_stmt 1 view .LVU34
  28:Drv/drv_gpio.c **** 
 193              		.loc 1 28 16 is_stmt 0 view .LVU35
 194 001e 0120     		movs	r0, #1
 195              	.L13:
  50:Drv/drv_gpio.c **** 
 196              		.loc 1 50 1 view .LVU36
 197 0020 02B0     		add	sp, sp, #8
 198              	.LCFI4:
 199              		.cfi_remember_state
 200              		.cfi_def_cfa_offset 16
 201              		@ sp needed
 202 0022 70BD     		pop	{r4, r5, r6, pc}
 203              	.LVL18:
 204              	.L17:
 205              	.LCFI5:
 206              		.cfi_restore_state
  31:Drv/drv_gpio.c ****         return true;
 207              		.loc 1 31 9 is_stmt 1 view .LVU37
 208 0024 8268     		ldr	r2, [r0, #8]
 209              	.LVL19:
  31:Drv/drv_gpio.c ****         return true;
 210              		.loc 1 31 9 is_stmt 0 view .LVU38
 211 0026 8188     		ldrh	r1, [r0, #4]
 212              	.LVL20:
  31:Drv/drv_gpio.c ****         return true;
 213              		.loc 1 31 9 view .LVU39
 214 0028 0068     		ldr	r0, [r0]
 215              	.LVL21:
  31:Drv/drv_gpio.c ****         return true;
 216              		.loc 1 31 9 view .LVU40
 217 002a FFF7FEFF 		bl	GPIO_IO_Input_Init
 218              	.LVL22:
  32:Drv/drv_gpio.c **** 
 219              		.loc 1 32 9 is_stmt 1 view .LVU41
  32:Drv/drv_gpio.c **** 
 220              		.loc 1 32 16 is_stmt 0 view .LVU42
 221 002e 0120     		movs	r0, #1
 222 0030 F6E7     		b	.L13
 223              	.LVL23:
 224              	.L16:
  35:Drv/drv_gpio.c ****         return true;
 225              		.loc 1 35 9 is_stmt 1 view .LVU43
 226 0032 437B     		ldrb	r3, [r0, #13]	@ zero_extendqisi2
 227 0034 0093     		str	r3, [sp]
 228 0036 8379     		ldrb	r3, [r0, #6]	@ zero_extendqisi2
 229 0038 8288     		ldrh	r2, [r0, #4]
 230              	.LVL24:
  35:Drv/drv_gpio.c ****         return true;
 231              		.loc 1 35 9 is_stmt 0 view .LVU44
 232 003a 0168     		ldr	r1, [r0]
 233              	.LVL25:
  35:Drv/drv_gpio.c ****         return true;
 234              		.loc 1 35 9 view .LVU45
 235 003c 8068     		ldr	r0, [r0, #8]
 236              	.LVL26:
  35:Drv/drv_gpio.c ****         return true;
ARM GAS  /var/folders/lx/hc4sn_b53233_zkc9xbbl97r0000gp/T//ccFt0V6V.s 			page 7


 237              		.loc 1 35 9 view .LVU46
 238 003e FFF7FEFF 		bl	GPIO_IO_Encoder_Init
 239              	.LVL27:
  36:Drv/drv_gpio.c **** 
 240              		.loc 1 36 9 is_stmt 1 view .LVU47
  36:Drv/drv_gpio.c **** 
 241              		.loc 1 36 16 is_stmt 0 view .LVU48
 242 0042 0120     		movs	r0, #1
 243 0044 ECE7     		b	.L13
 244              	.LVL28:
 245              	.L14:
  36:Drv/drv_gpio.c **** 
 246              		.loc 1 36 16 view .LVU49
 247 0046 1546     		mov	r5, r2
  39:Drv/drv_gpio.c **** 
 248              		.loc 1 39 9 is_stmt 1 view .LVU50
 249 0048 0646     		mov	r6, r0
 250 004a 8268     		ldr	r2, [r0, #8]
 251              	.LVL29:
  39:Drv/drv_gpio.c **** 
 252              		.loc 1 39 9 is_stmt 0 view .LVU51
 253 004c 8188     		ldrh	r1, [r0, #4]
 254              	.LVL30:
  39:Drv/drv_gpio.c **** 
 255              		.loc 1 39 9 view .LVU52
 256 004e 56F8100B 		ldr	r0, [r6], #16
 257              	.LVL31:
  39:Drv/drv_gpio.c **** 
 258              		.loc 1 39 9 view .LVU53
 259 0052 FFF7FEFF 		bl	GPIO_IO_Input_Init
 260              	.LVL32:
  42:Drv/drv_gpio.c **** 
 261              		.loc 1 42 9 is_stmt 1 view .LVU54
 262 0056 96E80700 		ldm	r6, {r0, r1, r2}
 263 005a FFF7FEFF 		bl	periph_exit_init
 264              	.LVL33:
  45:Drv/drv_gpio.c **** 
 265              		.loc 1 45 9 view .LVU55
  45:Drv/drv_gpio.c **** 
 266              		.loc 1 45 16 is_stmt 0 view .LVU56
 267 005e 2946     		mov	r1, r5
 268 0060 6069     		ldr	r0, [r4, #20]
 269 0062 FFF7FEFF 		bl	periph_exti_SetCallback
 270              	.LVL34:
 271 0066 DBE7     		b	.L13
 272              	.LVL35:
 273              	.L19:
  22:Drv/drv_gpio.c **** 
 274              		.loc 1 22 18 view .LVU57
 275 0068 0020     		movs	r0, #0
 276              	.LVL36:
  22:Drv/drv_gpio.c **** 
 277              		.loc 1 22 18 view .LVU58
 278 006a D9E7     		b	.L13
 279              		.cfi_endproc
 280              	.LFE123:
 282              		.global	DrvGPIO
ARM GAS  /var/folders/lx/hc4sn_b53233_zkc9xbbl97r0000gp/T//ccFt0V6V.s 			page 8


 283              		.section	.data.DrvGPIO,"aw"
 284              		.align	2
 287              	DrvGPIO:
 288 0000 00000000 		.word	DrvGPIO_Open
 289 0004 00000000 		.word	DrvGPIO_Close
 290 0008 00000000 		.word	DrvGPIO_Control
 291 000c 00000000 		.word	DrvGPIO_Get
 292              		.text
 293              	.Letext0:
 294              		.file 2 "/usr/local/arm-none-eabi-gcc/gcc-arm-none-eabi-10-2020-q4-major/arm-none-eabi/include/mac
 295              		.file 3 "/usr/local/arm-none-eabi-gcc/gcc-arm-none-eabi-10-2020-q4-major/arm-none-eabi/include/sys
 296              		.file 4 "FWLIB/inc/stm32f4xx_exti.h"
 297              		.file 5 "Bsp/periph_exti.h"
 298              		.file 6 "Bsp/periph_gpio.h"
 299              		.file 7 "Drv/drv_gpio.h"
ARM GAS  /var/folders/lx/hc4sn_b53233_zkc9xbbl97r0000gp/T//ccFt0V6V.s 			page 9


DEFINED SYMBOLS
                            *ABS*:0000000000000000 drv_gpio.c
/var/folders/lx/hc4sn_b53233_zkc9xbbl97r0000gp/T//ccFt0V6V.s:18     .text.DrvGPIO_Close:0000000000000000 $t
/var/folders/lx/hc4sn_b53233_zkc9xbbl97r0000gp/T//ccFt0V6V.s:25     .text.DrvGPIO_Close:0000000000000000 DrvGPIO_Close
/var/folders/lx/hc4sn_b53233_zkc9xbbl97r0000gp/T//ccFt0V6V.s:44     .text.DrvGPIO_Get:0000000000000000 $t
/var/folders/lx/hc4sn_b53233_zkc9xbbl97r0000gp/T//ccFt0V6V.s:50     .text.DrvGPIO_Get:0000000000000000 DrvGPIO_Get
/var/folders/lx/hc4sn_b53233_zkc9xbbl97r0000gp/T//ccFt0V6V.s:86     .text.DrvGPIO_Control:0000000000000000 $t
/var/folders/lx/hc4sn_b53233_zkc9xbbl97r0000gp/T//ccFt0V6V.s:92     .text.DrvGPIO_Control:0000000000000000 DrvGPIO_Control
/var/folders/lx/hc4sn_b53233_zkc9xbbl97r0000gp/T//ccFt0V6V.s:141    .text.DrvGPIO_Open:0000000000000000 $t
/var/folders/lx/hc4sn_b53233_zkc9xbbl97r0000gp/T//ccFt0V6V.s:147    .text.DrvGPIO_Open:0000000000000000 DrvGPIO_Open
/var/folders/lx/hc4sn_b53233_zkc9xbbl97r0000gp/T//ccFt0V6V.s:174    .text.DrvGPIO_Open:0000000000000010 $d
/var/folders/lx/hc4sn_b53233_zkc9xbbl97r0000gp/T//ccFt0V6V.s:178    .text.DrvGPIO_Open:0000000000000014 $t
/var/folders/lx/hc4sn_b53233_zkc9xbbl97r0000gp/T//ccFt0V6V.s:287    .data.DrvGPIO:0000000000000000 DrvGPIO
/var/folders/lx/hc4sn_b53233_zkc9xbbl97r0000gp/T//ccFt0V6V.s:284    .data.DrvGPIO:0000000000000000 $d

UNDEFINED SYMBOLS
GPIO_Get_IO_LEVEL
GPIO_Set_IO_LEVEL
GPIO_IO_Output_Init
GPIO_IO_Input_Init
GPIO_IO_Encoder_Init
periph_exit_init
periph_exti_SetCallback
