ARM GAS  /var/folders/lx/hc4sn_b53233_zkc9xbbl97r0000gp/T//ccGVa4oH.s 			page 1


   1              		.cpu cortex-m4
   2              		.eabi_attribute 27, 1
   3              		.eabi_attribute 28, 1
   4              		.eabi_attribute 20, 1
   5              		.eabi_attribute 21, 1
   6              		.eabi_attribute 23, 3
   7              		.eabi_attribute 24, 1
   8              		.eabi_attribute 25, 1
   9              		.eabi_attribute 26, 1
  10              		.eabi_attribute 30, 1
  11              		.eabi_attribute 34, 1
  12              		.eabi_attribute 18, 4
  13              		.file	"drv_spi.c"
  14              		.text
  15              	.Ltext0:
  16              		.cfi_sections	.debug_frame
  17              		.section	.text.DrvSpi_Open,"ax",%progbits
  18              		.align	1
  19              		.arch armv7e-m
  20              		.syntax unified
  21              		.thumb
  22              		.thumb_func
  23              		.fpu fpv4-sp-d16
  25              	DrvSpi_Open:
  26              	.LVL0:
  27              	.LFB123:
  28              		.file 1 "Drv/drv_spi.c"
   1:Drv/drv_spi.c **** #include "drv_spi.h"
   2:Drv/drv_spi.c **** #include "periph_spi.h"
   3:Drv/drv_spi.c **** #include "periph_gpio.h"
   4:Drv/drv_spi.c **** 
   5:Drv/drv_spi.c **** /* external function define */
   6:Drv/drv_spi.c **** static bool DrvSpi_Open(DrvSpi_Obj_TypeDef *Obj);
   7:Drv/drv_spi.c **** static bool DrvSpi_Close(DrvSpi_Obj_TypeDef *Obj);
   8:Drv/drv_spi.c **** static bool DrvSpi_Transmit(DrvSpi_Obj_TypeDef *Obj, uint8_t data);
   9:Drv/drv_spi.c **** static bool DrvSpi_Receive(DrvSpi_Obj_TypeDef *Obj, uint8_t *data);
  10:Drv/drv_spi.c **** static bool DrvSpi_transmit_receive(DrvSpi_Obj_TypeDef *Obj, uint8_t *tdata, uint8_t *rdata);
  11:Drv/drv_spi.c **** 
  12:Drv/drv_spi.c **** /* internal function define */
  13:Drv/drv_spi.c **** 
  14:Drv/drv_spi.c **** DrvSpi_GenProcFunc_TypeDef GenSPI_Drv = {
  15:Drv/drv_spi.c ****     .open = DrvSpi_Open,
  16:Drv/drv_spi.c ****     .close = DrvSpi_Close,
  17:Drv/drv_spi.c ****     .transmit = DrvSpi_Transmit,
  18:Drv/drv_spi.c ****     .receive = DrvSpi_Receive,
  19:Drv/drv_spi.c ****     .transmit_receive = DrvSpi_transmit_receive,
  20:Drv/drv_spi.c **** };
  21:Drv/drv_spi.c **** 
  22:Drv/drv_spi.c **** static bool DrvSpi_Open(DrvSpi_Obj_TypeDef *Obj)
  23:Drv/drv_spi.c **** {
  29              		.loc 1 23 1 view -0
  30              		.cfi_startproc
  31              		@ args = 0, pretend = 0, frame = 0
  32              		@ frame_needed = 0, uses_anonymous_args = 0
  33              		@ link register save eliminated.
  24:Drv/drv_spi.c **** }
  34              		.loc 1 24 1 view .LVU1
ARM GAS  /var/folders/lx/hc4sn_b53233_zkc9xbbl97r0000gp/T//ccGVa4oH.s 			page 2


  35              	.LVL1:
  36              		.loc 1 24 1 is_stmt 0 view .LVU2
  37 0000 7047     		bx	lr
  38              		.cfi_endproc
  39              	.LFE123:
  41              		.section	.text.DrvSpi_Close,"ax",%progbits
  42              		.align	1
  43              		.syntax unified
  44              		.thumb
  45              		.thumb_func
  46              		.fpu fpv4-sp-d16
  48              	DrvSpi_Close:
  49              	.LVL2:
  50              	.LFB124:
  25:Drv/drv_spi.c **** 
  26:Drv/drv_spi.c **** static bool DrvSpi_Close(DrvSpi_Obj_TypeDef *Obj)
  27:Drv/drv_spi.c **** {
  51              		.loc 1 27 1 is_stmt 1 view -0
  52              		.cfi_startproc
  53              		@ args = 0, pretend = 0, frame = 0
  54              		@ frame_needed = 0, uses_anonymous_args = 0
  55              		@ link register save eliminated.
  28:Drv/drv_spi.c **** }
  56              		.loc 1 28 1 view .LVU4
  57              	.LVL3:
  58              		.loc 1 28 1 is_stmt 0 view .LVU5
  59 0000 7047     		bx	lr
  60              		.cfi_endproc
  61              	.LFE124:
  63              		.section	.text.DrvSpi_Transmit,"ax",%progbits
  64              		.align	1
  65              		.syntax unified
  66              		.thumb
  67              		.thumb_func
  68              		.fpu fpv4-sp-d16
  70              	DrvSpi_Transmit:
  71              	.LVL4:
  72              	.LFB125:
  29:Drv/drv_spi.c **** 
  30:Drv/drv_spi.c **** static bool DrvSpi_Transmit(DrvSpi_Obj_TypeDef *Obj, uint8_t data)
  31:Drv/drv_spi.c **** {
  73              		.loc 1 31 1 is_stmt 1 view -0
  74              		.cfi_startproc
  75              		@ args = 0, pretend = 0, frame = 0
  76              		@ frame_needed = 0, uses_anonymous_args = 0
  77              		@ link register save eliminated.
  32:Drv/drv_spi.c **** }
  78              		.loc 1 32 1 view .LVU7
  79              	.LVL5:
  80              		.loc 1 32 1 is_stmt 0 view .LVU8
  81 0000 7047     		bx	lr
  82              		.cfi_endproc
  83              	.LFE125:
  85              		.section	.text.DrvSpi_Receive,"ax",%progbits
  86              		.align	1
  87              		.syntax unified
  88              		.thumb
ARM GAS  /var/folders/lx/hc4sn_b53233_zkc9xbbl97r0000gp/T//ccGVa4oH.s 			page 3


  89              		.thumb_func
  90              		.fpu fpv4-sp-d16
  92              	DrvSpi_Receive:
  93              	.LVL6:
  94              	.LFB126:
  33:Drv/drv_spi.c **** 
  34:Drv/drv_spi.c **** static bool DrvSpi_Receive(DrvSpi_Obj_TypeDef *Obj, uint8_t *data)
  35:Drv/drv_spi.c **** {
  95              		.loc 1 35 1 is_stmt 1 view -0
  96              		.cfi_startproc
  97              		@ args = 0, pretend = 0, frame = 0
  98              		@ frame_needed = 0, uses_anonymous_args = 0
  99              		@ link register save eliminated.
  36:Drv/drv_spi.c **** }
 100              		.loc 1 36 1 view .LVU10
 101              	.LVL7:
 102              		.loc 1 36 1 is_stmt 0 view .LVU11
 103 0000 7047     		bx	lr
 104              		.cfi_endproc
 105              	.LFE126:
 107              		.section	.text.DrvSpi_transmit_receive,"ax",%progbits
 108              		.align	1
 109              		.syntax unified
 110              		.thumb
 111              		.thumb_func
 112              		.fpu fpv4-sp-d16
 114              	DrvSpi_transmit_receive:
 115              	.LVL8:
 116              	.LFB127:
  37:Drv/drv_spi.c **** 
  38:Drv/drv_spi.c **** static bool DrvSpi_transmit_receive(DrvSpi_Obj_TypeDef *Obj, uint8_t *tdata, uint8_t *rdata)
  39:Drv/drv_spi.c **** {
 117              		.loc 1 39 1 is_stmt 1 view -0
 118              		.cfi_startproc
 119              		@ args = 0, pretend = 0, frame = 0
 120              		@ frame_needed = 0, uses_anonymous_args = 0
 121              		@ link register save eliminated.
  40:Drv/drv_spi.c **** }
 122              		.loc 1 40 1 view .LVU13
 123              	.LVL9:
 124              		.loc 1 40 1 is_stmt 0 view .LVU14
 125 0000 7047     		bx	lr
 126              		.cfi_endproc
 127              	.LFE127:
 129              		.global	GenSPI_Drv
 130              		.section	.data.GenSPI_Drv,"aw"
 131              		.align	2
 134              	GenSPI_Drv:
 135 0000 00000000 		.word	DrvSpi_Open
 136 0004 00000000 		.word	DrvSpi_Close
 137 0008 00000000 		.word	DrvSpi_Transmit
 138 000c 00000000 		.word	DrvSpi_Receive
 139 0010 00000000 		.word	DrvSpi_transmit_receive
 140              		.text
 141              	.Letext0:
 142              		.file 2 "/usr/local/arm-none-eabi-gcc/gcc-arm-none-eabi-10-2020-q4-major/arm-none-eabi/include/mac
 143              		.file 3 "/usr/local/arm-none-eabi-gcc/gcc-arm-none-eabi-10-2020-q4-major/arm-none-eabi/include/sys
ARM GAS  /var/folders/lx/hc4sn_b53233_zkc9xbbl97r0000gp/T//ccGVa4oH.s 			page 4


 144              		.file 4 "Bsp/periph_spi.h"
 145              		.file 5 "SYS/data_structure/queue.h"
 146              		.file 6 "Drv/drv_spi.h"
ARM GAS  /var/folders/lx/hc4sn_b53233_zkc9xbbl97r0000gp/T//ccGVa4oH.s 			page 5


DEFINED SYMBOLS
                            *ABS*:0000000000000000 drv_spi.c
/var/folders/lx/hc4sn_b53233_zkc9xbbl97r0000gp/T//ccGVa4oH.s:18     .text.DrvSpi_Open:0000000000000000 $t
/var/folders/lx/hc4sn_b53233_zkc9xbbl97r0000gp/T//ccGVa4oH.s:25     .text.DrvSpi_Open:0000000000000000 DrvSpi_Open
/var/folders/lx/hc4sn_b53233_zkc9xbbl97r0000gp/T//ccGVa4oH.s:42     .text.DrvSpi_Close:0000000000000000 $t
/var/folders/lx/hc4sn_b53233_zkc9xbbl97r0000gp/T//ccGVa4oH.s:48     .text.DrvSpi_Close:0000000000000000 DrvSpi_Close
/var/folders/lx/hc4sn_b53233_zkc9xbbl97r0000gp/T//ccGVa4oH.s:64     .text.DrvSpi_Transmit:0000000000000000 $t
/var/folders/lx/hc4sn_b53233_zkc9xbbl97r0000gp/T//ccGVa4oH.s:70     .text.DrvSpi_Transmit:0000000000000000 DrvSpi_Transmit
/var/folders/lx/hc4sn_b53233_zkc9xbbl97r0000gp/T//ccGVa4oH.s:86     .text.DrvSpi_Receive:0000000000000000 $t
/var/folders/lx/hc4sn_b53233_zkc9xbbl97r0000gp/T//ccGVa4oH.s:92     .text.DrvSpi_Receive:0000000000000000 DrvSpi_Receive
/var/folders/lx/hc4sn_b53233_zkc9xbbl97r0000gp/T//ccGVa4oH.s:108    .text.DrvSpi_transmit_receive:0000000000000000 $t
/var/folders/lx/hc4sn_b53233_zkc9xbbl97r0000gp/T//ccGVa4oH.s:114    .text.DrvSpi_transmit_receive:0000000000000000 DrvSpi_transmit_receive
/var/folders/lx/hc4sn_b53233_zkc9xbbl97r0000gp/T//ccGVa4oH.s:134    .data.GenSPI_Drv:0000000000000000 GenSPI_Drv
/var/folders/lx/hc4sn_b53233_zkc9xbbl97r0000gp/T//ccGVa4oH.s:131    .data.GenSPI_Drv:0000000000000000 $d

NO UNDEFINED SYMBOLS
