ARM GAS  C:\Users\huav\AppData\Local\Temp\ccCwcf2Z.s 			page 1


   1              		.cpu cortex-m4
   2              		.eabi_attribute 27, 1
   3              		.eabi_attribute 28, 1
   4              		.eabi_attribute 20, 1
   5              		.eabi_attribute 21, 1
   6              		.eabi_attribute 23, 3
   7              		.eabi_attribute 24, 1
   8              		.eabi_attribute 25, 1
   9              		.eabi_attribute 26, 1
  10              		.eabi_attribute 30, 1
  11              		.eabi_attribute 34, 1
  12              		.eabi_attribute 18, 4
  13              		.file	"Input_IO_Def.c"
  14              		.text
  15              	.Ltext0:
  16              		.cfi_sections	.debug_frame
  17              		.global	Power_Btn
  18              		.global	Encoder_Btn
  19              		.global	Encoder_B_Pin
  20              		.global	Encoder_A_Pin
  21              		.section	.data.Encoder_A_Pin,"aw"
  22              		.align	2
  25              	Encoder_A_Pin:
  26 0000 04000000 		.word	4
  27 0004 8000     		.short	128
  28 0006 07       		.byte	7
  29 0007 00       		.space	1
  30 0008 00080240 		.word	1073874944
  31 000c 02       		.byte	2
  32 000d 03       		.byte	3
  33 000e 0000     		.space	2
  34              		.section	.data.Encoder_B_Pin,"aw"
  35              		.align	2
  38              	Encoder_B_Pin:
  39 0000 04000000 		.word	4
  40 0004 4000     		.short	64
  41 0006 06       		.byte	6
  42 0007 00       		.space	1
  43 0008 00080240 		.word	1073874944
  44 000c 02       		.byte	2
  45 000d 03       		.byte	3
  46 000e 0000     		.space	2
  47              		.section	.data.Encoder_Btn,"aw"
  48              		.align	2
  51              	Encoder_Btn:
  52 0000 02000000 		.word	2
  53 0004 0400     		.short	4
  54 0006 0000     		.space	2
  55 0008 00040240 		.word	1073873920
  56 000c 01       		.byte	1
  57 000d 000000   		.space	3
  58              		.section	.data.Power_Btn,"aw"
  59              		.align	2
  62              	Power_Btn:
  63 0000 02000000 		.word	2
  64 0004 0400     		.short	4
  65 0006 0000     		.space	2
ARM GAS  C:\Users\huav\AppData\Local\Temp\ccCwcf2Z.s 			page 2


  66 0008 00040240 		.word	1073873920
  67 000c 00       		.byte	0
  68 000d 000000   		.space	3
  69              		.text
  70              	.Letext0:
  71              		.file 1 "c:\\program files (x86)\\gnu arm embedded toolchain\\10 2020-q4-major\\arm-none-eabi\\inc
  72              		.file 2 "c:\\program files (x86)\\gnu arm embedded toolchain\\10 2020-q4-major\\arm-none-eabi\\inc
  73              		.file 3 "USER/stm32f4xx.h"
  74              		.file 4 "FWLIB/inc/stm32f4xx_gpio.h"
  75              		.file 5 "Drv/drv_gpio.h"
  76              		.file 6 "App/Task_Input/Input_IO_Def.h"
  77              		.file 7 "App/Task_Input/Input_IO_Def.c"
ARM GAS  C:\Users\huav\AppData\Local\Temp\ccCwcf2Z.s 			page 3


DEFINED SYMBOLS
                            *ABS*:00000000 Input_IO_Def.c
C:\Users\huav\AppData\Local\Temp\ccCwcf2Z.s:62     .data.Power_Btn:00000000 Power_Btn
C:\Users\huav\AppData\Local\Temp\ccCwcf2Z.s:51     .data.Encoder_Btn:00000000 Encoder_Btn
C:\Users\huav\AppData\Local\Temp\ccCwcf2Z.s:38     .data.Encoder_B_Pin:00000000 Encoder_B_Pin
C:\Users\huav\AppData\Local\Temp\ccCwcf2Z.s:25     .data.Encoder_A_Pin:00000000 Encoder_A_Pin
C:\Users\huav\AppData\Local\Temp\ccCwcf2Z.s:22     .data.Encoder_A_Pin:00000000 $d
C:\Users\huav\AppData\Local\Temp\ccCwcf2Z.s:35     .data.Encoder_B_Pin:00000000 $d
C:\Users\huav\AppData\Local\Temp\ccCwcf2Z.s:48     .data.Encoder_Btn:00000000 $d
C:\Users\huav\AppData\Local\Temp\ccCwcf2Z.s:59     .data.Power_Btn:00000000 $d

NO UNDEFINED SYMBOLS
