ARM GAS  /var/folders/lx/hc4sn_b53233_zkc9xbbl97r0000gp/T//cc40jrpm.s 			page 1


   1              		.cpu cortex-m4
   2              		.eabi_attribute 27, 1
   3              		.eabi_attribute 28, 1
   4              		.eabi_attribute 20, 1
   5              		.eabi_attribute 21, 1
   6              		.eabi_attribute 23, 3
   7              		.eabi_attribute 24, 1
   8              		.eabi_attribute 25, 1
   9              		.eabi_attribute 26, 1
  10              		.eabi_attribute 30, 1
  11              		.eabi_attribute 34, 1
  12              		.eabi_attribute 18, 4
  13              		.file	"main.c"
  14              		.text
  15              	.Ltext0:
  16              		.cfi_sections	.debug_frame
  17              		.section	.text.sum,"ax",%progbits
  18              		.align	1
  19              		.global	sum
  20              		.arch armv7e-m
  21              		.syntax unified
  22              		.thumb
  23              		.thumb_func
  24              		.fpu fpv4-sp-d16
  26              	sum:
  27              	.LFB127:
  28              		.file 1 "USER/main.c"
   1:USER/main.c   **** #include "stddef.h"
   2:USER/main.c   **** #include "stdio.h"
   3:USER/main.c   **** #include "runtime.h"
   4:USER/main.c   **** #include "periph_gpio.h"
   5:USER/main.c   **** #include "task_manager.h"
   6:USER/main.c   **** #include "Task_Widget.h"
   7:USER/main.c   **** #include "shell_port.h"
   8:USER/main.c   **** #include "periph_serial.h"
   9:USER/main.c   **** #include "stm32f4xx_usart.h"
  10:USER/main.c   **** #include "periph_dma.h"
  11:USER/main.c   **** 
  12:USER/main.c   **** Task_Handler test1_tsk_hdl;
  13:USER/main.c   **** Task_Handler test2_tsk_hdl;
  14:USER/main.c   **** Task_Handler test3_tsk_hdl;
  15:USER/main.c   **** Task_Handler test4_tsk_hdl;
  16:USER/main.c   **** 
  17:USER/main.c   **** extern uint16_t dma_shell_buf[1];
  18:USER/main.c   **** extern uint8_t shell_recv ;
  19:USER/main.c   **** 
  20:USER/main.c   **** int main(void)
  21:USER/main.c   **** {
  22:USER/main.c   **** 	delay_init();
  23:USER/main.c   **** 	
  24:USER/main.c   **** 	Serial_DMA_RXTX_Init(Serial_1,115200,3,3,&shell_recv,dma_shell_buf,1,0);
  25:USER/main.c   **** 	Shell_Init();
  26:USER/main.c   **** 	SystemInit();
  27:USER/main.c   **** 
  28:USER/main.c   **** 	while(1)
  29:USER/main.c   **** 	{
  30:USER/main.c   **** 
ARM GAS  /var/folders/lx/hc4sn_b53233_zkc9xbbl97r0000gp/T//cc40jrpm.s 			page 2


  31:USER/main.c   **** 	}
  32:USER/main.c   **** 	TaskSystem_Start();
  33:USER/main.c   **** 	
  34:USER/main.c   **** 	return 0;
  35:USER/main.c   **** }
  36:USER/main.c   **** 
  37:USER/main.c   **** void sum(void)
  38:USER/main.c   **** {
  29              		.loc 1 38 1 view -0
  30              		.cfi_startproc
  31              		@ args = 0, pretend = 0, frame = 0
  32              		@ frame_needed = 0, uses_anonymous_args = 0
  33 0000 08B5     		push	{r3, lr}
  34              	.LCFI0:
  35              		.cfi_def_cfa_offset 8
  36              		.cfi_offset 3, -8
  37              		.cfi_offset 14, -4
  39:USER/main.c   **** 	user_shell_write('N');
  38              		.loc 1 39 2 view .LVU1
  39 0002 4E20     		movs	r0, #78
  40 0004 FFF7FEFF 		bl	user_shell_write
  41              	.LVL0:
  40:USER/main.c   **** }
  42              		.loc 1 40 1 is_stmt 0 view .LVU2
  43 0008 08BD     		pop	{r3, pc}
  44              		.cfi_endproc
  45              	.LFE127:
  47              		.section	.text.main,"ax",%progbits
  48              		.align	1
  49              		.global	main
  50              		.syntax unified
  51              		.thumb
  52              		.thumb_func
  53              		.fpu fpv4-sp-d16
  55              	main:
  56              	.LFB126:
  21:USER/main.c   **** 	delay_init();
  57              		.loc 1 21 1 is_stmt 1 view -0
  58              		.cfi_startproc
  59              		@ Volatile: function does not return.
  60              		@ args = 0, pretend = 0, frame = 0
  61              		@ frame_needed = 0, uses_anonymous_args = 0
  62 0000 00B5     		push	{lr}
  63              	.LCFI1:
  64              		.cfi_def_cfa_offset 4
  65              		.cfi_offset 14, -4
  66 0002 85B0     		sub	sp, sp, #20
  67              	.LCFI2:
  68              		.cfi_def_cfa_offset 24
  22:USER/main.c   **** 	
  69              		.loc 1 22 2 view .LVU4
  70 0004 FFF7FEFF 		bl	delay_init
  71              	.LVL1:
  24:USER/main.c   **** 	Shell_Init();
  72              		.loc 1 24 2 view .LVU5
  73 0008 0020     		movs	r0, #0
  74 000a 0390     		str	r0, [sp, #12]
ARM GAS  /var/folders/lx/hc4sn_b53233_zkc9xbbl97r0000gp/T//cc40jrpm.s 			page 3


  75 000c 0123     		movs	r3, #1
  76 000e 0293     		str	r3, [sp, #8]
  77 0010 074B     		ldr	r3, .L6
  78 0012 0193     		str	r3, [sp, #4]
  79 0014 074B     		ldr	r3, .L6+4
  80 0016 0093     		str	r3, [sp]
  81 0018 0323     		movs	r3, #3
  82 001a 1A46     		mov	r2, r3
  83 001c 4FF4E131 		mov	r1, #115200
  84 0020 FFF7FEFF 		bl	Serial_DMA_RXTX_Init
  85              	.LVL2:
  25:USER/main.c   **** 	SystemInit();
  86              		.loc 1 25 2 view .LVU6
  87 0024 FFF7FEFF 		bl	Shell_Init
  88              	.LVL3:
  26:USER/main.c   **** 
  89              		.loc 1 26 2 view .LVU7
  90 0028 FFF7FEFF 		bl	SystemInit
  91              	.LVL4:
  92              	.L4:
  28:USER/main.c   **** 	{
  93              		.loc 1 28 2 discriminator 1 view .LVU8
  31:USER/main.c   **** 	TaskSystem_Start();
  94              		.loc 1 31 2 discriminator 1 view .LVU9
  28:USER/main.c   **** 	{
  95              		.loc 1 28 7 discriminator 1 view .LVU10
  96 002c FEE7     		b	.L4
  97              	.L7:
  98 002e 00BF     		.align	2
  99              	.L6:
 100 0030 00000000 		.word	dma_shell_buf
 101 0034 00000000 		.word	shell_recv
 102              		.cfi_endproc
 103              	.LFE126:
 105              		.global	shellCommandsum
 106              		.global	shellDescsum
 107              		.global	shellCmdsum
 108              		.global	test4_tsk_hdl
 109              		.global	test3_tsk_hdl
 110              		.global	test2_tsk_hdl
 111              		.global	test1_tsk_hdl
 112              		.section	.bss.test1_tsk_hdl,"aw",%nobits
 113              		.align	2
 116              	test1_tsk_hdl:
 117 0000 00000000 		.space	4
 118              		.section	.bss.test2_tsk_hdl,"aw",%nobits
 119              		.align	2
 122              	test2_tsk_hdl:
 123 0000 00000000 		.space	4
 124              		.section	.bss.test3_tsk_hdl,"aw",%nobits
 125              		.align	2
 128              	test3_tsk_hdl:
 129 0000 00000000 		.space	4
 130              		.section	.bss.test4_tsk_hdl,"aw",%nobits
 131              		.align	2
 134              	test4_tsk_hdl:
 135 0000 00000000 		.space	4
ARM GAS  /var/folders/lx/hc4sn_b53233_zkc9xbbl97r0000gp/T//cc40jrpm.s 			page 4


 136              		.section	.rodata.shellCmdsum,"a"
 137              		.align	2
 140              	shellCmdsum:
 141 0000 73756D00 		.ascii	"sum\000"
 142              		.section	.rodata.shellDescsum,"a"
 143              		.align	2
 146              	shellDescsum:
 147 0000 74657374 		.ascii	"test\000"
 147      00
 148              		.section	shellCommand,"a"
 149              		.align	2
 152              	shellCommandsum:
 153 0000 00210000 		.word	8448
 154 0004 00000000 		.word	shellCmdsum
 155 0008 00000000 		.word	sum
 156 000c 00000000 		.word	shellDescsum
 157              		.text
 158              	.Letext0:
 159              		.file 2 "/usr/local/arm-none-eabi-gcc/gcc-arm-none-eabi-10-2020-q4-major/arm-none-eabi/include/mac
 160              		.file 3 "/usr/local/arm-none-eabi-gcc/gcc-arm-none-eabi-10-2020-q4-major/arm-none-eabi/include/sys
 161              		.file 4 "SYS/task_manager/task_manager.h"
 162              		.file 5 "Dsp/letter_shell/shell.h"
 163              		.file 6 "Bsp/periph_serial.h"
 164              		.file 7 "Dsp/letter_shell/shell_port.h"
 165              		.file 8 "USER/system_stm32f4xx.h"
ARM GAS  /var/folders/lx/hc4sn_b53233_zkc9xbbl97r0000gp/T//cc40jrpm.s 			page 5


DEFINED SYMBOLS
                            *ABS*:0000000000000000 main.c
/var/folders/lx/hc4sn_b53233_zkc9xbbl97r0000gp/T//cc40jrpm.s:18     .text.sum:0000000000000000 $t
/var/folders/lx/hc4sn_b53233_zkc9xbbl97r0000gp/T//cc40jrpm.s:26     .text.sum:0000000000000000 sum
/var/folders/lx/hc4sn_b53233_zkc9xbbl97r0000gp/T//cc40jrpm.s:48     .text.main:0000000000000000 $t
/var/folders/lx/hc4sn_b53233_zkc9xbbl97r0000gp/T//cc40jrpm.s:55     .text.main:0000000000000000 main
/var/folders/lx/hc4sn_b53233_zkc9xbbl97r0000gp/T//cc40jrpm.s:100    .text.main:0000000000000030 $d
/var/folders/lx/hc4sn_b53233_zkc9xbbl97r0000gp/T//cc40jrpm.s:152    shellCommand:0000000000000000 shellCommandsum
/var/folders/lx/hc4sn_b53233_zkc9xbbl97r0000gp/T//cc40jrpm.s:146    .rodata.shellDescsum:0000000000000000 shellDescsum
/var/folders/lx/hc4sn_b53233_zkc9xbbl97r0000gp/T//cc40jrpm.s:140    .rodata.shellCmdsum:0000000000000000 shellCmdsum
/var/folders/lx/hc4sn_b53233_zkc9xbbl97r0000gp/T//cc40jrpm.s:134    .bss.test4_tsk_hdl:0000000000000000 test4_tsk_hdl
/var/folders/lx/hc4sn_b53233_zkc9xbbl97r0000gp/T//cc40jrpm.s:128    .bss.test3_tsk_hdl:0000000000000000 test3_tsk_hdl
/var/folders/lx/hc4sn_b53233_zkc9xbbl97r0000gp/T//cc40jrpm.s:122    .bss.test2_tsk_hdl:0000000000000000 test2_tsk_hdl
/var/folders/lx/hc4sn_b53233_zkc9xbbl97r0000gp/T//cc40jrpm.s:116    .bss.test1_tsk_hdl:0000000000000000 test1_tsk_hdl
/var/folders/lx/hc4sn_b53233_zkc9xbbl97r0000gp/T//cc40jrpm.s:113    .bss.test1_tsk_hdl:0000000000000000 $d
/var/folders/lx/hc4sn_b53233_zkc9xbbl97r0000gp/T//cc40jrpm.s:119    .bss.test2_tsk_hdl:0000000000000000 $d
/var/folders/lx/hc4sn_b53233_zkc9xbbl97r0000gp/T//cc40jrpm.s:125    .bss.test3_tsk_hdl:0000000000000000 $d
/var/folders/lx/hc4sn_b53233_zkc9xbbl97r0000gp/T//cc40jrpm.s:131    .bss.test4_tsk_hdl:0000000000000000 $d
/var/folders/lx/hc4sn_b53233_zkc9xbbl97r0000gp/T//cc40jrpm.s:137    .rodata.shellCmdsum:0000000000000000 $d
/var/folders/lx/hc4sn_b53233_zkc9xbbl97r0000gp/T//cc40jrpm.s:143    .rodata.shellDescsum:0000000000000000 $d
/var/folders/lx/hc4sn_b53233_zkc9xbbl97r0000gp/T//cc40jrpm.s:149    shellCommand:0000000000000000 $d

UNDEFINED SYMBOLS
user_shell_write
delay_init
Serial_DMA_RXTX_Init
Shell_Init
SystemInit
dma_shell_buf
shell_recv
