ARM GAS  C:\Users\huav\AppData\Local\Temp\cciWtE4i.s 			page 1


   1              		.cpu cortex-m4
   2              		.eabi_attribute 27, 1
   3              		.eabi_attribute 28, 1
   4              		.eabi_attribute 20, 1
   5              		.eabi_attribute 21, 1
   6              		.eabi_attribute 23, 3
   7              		.eabi_attribute 24, 1
   8              		.eabi_attribute 25, 1
   9              		.eabi_attribute 26, 1
  10              		.eabi_attribute 30, 1
  11              		.eabi_attribute 34, 1
  12              		.eabi_attribute 18, 4
  13              		.file	"oledfont.c"
  14              		.text
  15              	.Ltext0:
  16              		.cfi_sections	.debug_frame
  17              		.global	oled_asc2_1608
  18              		.global	oled_asc2_1206
  19              		.global	oled_asc2_0808
  20              		.section	.rodata.oled_asc2_0808,"a"
  21              		.align	2
  24              	oled_asc2_0808:
  25 0000 00000000 		.ascii	"\000\000\000\000\000\000\000\000"
  25      00000000 
  26 0008 00000000 		.ascii	"\000\000\000\000|\002\000\000"
  26      7C020000 
  27 0010 00000200 		.ascii	"\000\000\002\000\002\000\000\000"
  27      02000000 
  28 0018 9001F800 		.ascii	"\220\001\370\000\370\003\220\000"
  28      F8039000 
  29 0020 00003C03 		.ascii	"\000\000<\003\304\003\000\000"
  29      C4030000 
  30 0028 3C00BC01 		.ascii	"<\000\274\001\310\003\300\003"
  30      C803C003 
  31 0030 DC01F402 		.ascii	"\334\001\364\002\354\001 \002"
  31      EC012002 
  32 0038 00000600 		.ascii	"\000\000\006\000\000\000\000\000"
  32      00000000 
  33 0040 00000000 		.ascii	"\000\000\000\000\376\003\001\004"
  33      FE030104 
  34 0048 0104FE03 		.ascii	"\001\004\376\003\000\000\000\000"
  34      00000000 
  35 0050 5000F000 		.ascii	"P\000\360\000`\000\020\000"
  35      60001000 
  36 0058 20002000 		.ascii	" \000 \000\360\000 \000"
  36      F0002000 
  37 0060 00000006 		.ascii	"\000\000\000\006\000\000\000\000"
  37      00000000 
  38 0068 20002000 		.ascii	" \000 \000 \000 \000"
  38      20002000 
  39 0070 00000002 		.ascii	"\000\000\000\002\000\000\000\000"
  39      00000000 
  40 0078 0006C001 		.ascii	"\000\006\300\0018\000\006\000"
  40      38000600 
  41 0080 F8010402 		.ascii	"\370\001\004\002\004\003\370\000"
  41      0403F800 
  42 0088 00000402 		.ascii	"\000\000\004\002\370\003\000\000"
ARM GAS  C:\Users\huav\AppData\Local\Temp\cciWtE4i.s 			page 2


  42      F8030000 
  43 0090 0C038402 		.ascii	"\014\003\204\002d\002\030\001"
  43      64021801 
  44 0098 04012402 		.ascii	"\004\001$\0024\002\310\001"
  44      3402C801 
  45 00a0 4000B000 		.ascii	"@\000\260\000\374\003\000\000"
  45      FC030000 
  46 00a8 18012402 		.ascii	"\030\001$\002$\002\300\001"
  46      2402C001 
  47 00b0 F8012402 		.ascii	"\370\001$\002$\002\300\001"
  47      2402C001 
  48 00b8 0800C403 		.ascii	"\010\000\304\003<\000\000\000"
  48      3C000000 
  49 00c0 DC012402 		.ascii	"\334\001$\002d\002\230\001"
  49      64029801 
  50 00c8 3C004402 		.ascii	"<\000D\002D\003\370\000"
  50      4403F800 
  51 00d0 00000000 		.ascii	"\000\000\000\000\000\000\000\000"
  51      00000000 
  52 00d8 00000000 		.ascii	"\000\000\000\0000\006\000\000"
  52      30060000 
  53 00e0 2000D000 		.ascii	" \000\320\000\010\001\000\000"
  53      08010000 
  54 00e8 10005000 		.ascii	"\020\000P\000P\000\020\000"
  54      50001000 
  55 00f0 00000801 		.ascii	"\000\000\010\001\320\000 \000"
  55      D0002000 
  56 00f8 0C004400 		.ascii	"\014\000D\000$\000\034\000"
  56      24001C00 
  57 0100 F801F402 		.ascii	"\370\001\364\002\374\002|\001"
  57      FC027C01 
  58 0108 80037800 		.ascii	"\200\003x\000\360\000\000\003"
  58      F0000003 
  59 0110 DC032402 		.ascii	"\334\003$\002$\002\330\001"
  59      2402D801 
  60 0118 F8010402 		.ascii	"\370\001\004\002\004\002\014\001"
  60      04020C01 
  61 0120 FC030402 		.ascii	"\374\003\004\002\004\002\370\001"
  61      0402F801 
  62 0128 DC032402 		.ascii	"\334\003$\002$\002\004\003"
  62      24020403 
  63 0130 DC032400 		.ascii	"\334\003$\000$\000\004\000"
  63      24000400 
  64 0138 F8010402 		.ascii	"\370\001\004\002D\002\300\001"
  64      4402C001 
  65 0140 DC032002 		.ascii	"\334\003 \002 \002\334\003"
  65      2002DC03 
  66 0148 0000FC01 		.ascii	"\000\000\374\001\000\002\000\000"
  66      00020000 
  67 0150 00040004 		.ascii	"\000\004\000\004\374\007\000\000"
  67      FC070000 
  68 0158 DC033402 		.ascii	"\334\0034\002\314\003\000\002"
  68      CC030002 
  69 0160 FC010002 		.ascii	"\374\001\000\002\000\002\000\003"
  69      00020003 
  70 0168 FC03E001 		.ascii	"\374\003\340\0010\000\374\003"
  70      3000FC03 
ARM GAS  C:\Users\huav\AppData\Local\Temp\cciWtE4i.s 			page 3


  71 0170 E4031800 		.ascii	"\344\003\030\000\340\000\034\001"
  71      E0001C01 
  72 0178 F8010402 		.ascii	"\370\001\004\002\004\002\370\001"
  72      0402F801 
  73 0180 FC032400 		.ascii	"\374\003$\000$\000\034\000"
  73      24001C00 
  74 0188 F8018402 		.ascii	"\370\001\204\002\004\003\370\000"
  74      0403F800 
  75 0190 DC032400 		.ascii	"\334\003$\000\344\001\030\002"
  75      E4011802 
  76 0198 1C012402 		.ascii	"\034\001$\002D\002\200\001"
  76      44028001 
  77 01a0 0400FC03 		.ascii	"\004\000\374\003\004\000\004\000"
  77      04000400 
  78 01a8 FC010002 		.ascii	"\374\001\000\002\000\002\374\001"
  78      0002FC01 
  79 01b0 0400F801 		.ascii	"\004\000\370\001x\000\004\000"
  79      78000400 
  80 01b8 7C008401 		.ascii	"|\000\204\001\374\003\004\000"
  80      FC030400 
  81 01c0 0002BC01 		.ascii	"\000\002\274\001\334\001\004\002"
  81      DC010402 
  82 01c8 0400F803 		.ascii	"\004\000\370\003\030\000\004\000"
  82      18000400 
  83 01d0 0402C403 		.ascii	"\004\002\304\003<\002\004\001"
  83      3C020401 
  84 01d8 00000000 		.ascii	"\000\000\000\000\377\007\000\000"
  84      FF070000 
  85 01e0 00003C00 		.ascii	"\000\000<\000\300\003\000\004"
  85      C0030004 
  86 01e8 0000FF07 		.ascii	"\000\000\377\007\000\000\000\000"
  86      00000000 
  87 01f0 00000100 		.ascii	"\000\000\001\000\001\000\000\000"
  87      01000000 
  88 01f8 00080008 		.ascii	"\000\010\000\010\000\010\000\010"
  88      00080008 
  89 0200 00000100 		.ascii	"\000\000\001\000\000\000\000\000"
  89      00000000 
  90 0208 00000000 		.ascii	"\000\000\000\000\376\003\000\000"
  90      FE030000 
  91 0210 00000000 		.ascii	"\000\000\000\000\377\017\000\000"
  91      FF0F0000 
  92 0218 0000FE03 		.ascii	"\000\000\376\003\000\000\000\000"
  92      00000000 
  93 0220 01000100 		.ascii	"\001\000\001\000\002\000\002\000"
  93      02000200 
  94 0228 00000000 		.space	208
  94      00000000 
  94      00000000 
  94      00000000 
  94      00000000 
  95              		.section	.rodata.oled_asc2_1206,"a"
  96              		.align	2
  99              	oled_asc2_1206:
 100 0000 00000000 		.ascii	"\000\000\000\000\000\000\000\000\000\000\000\000"
 100      00000000 
 100      00000000 
ARM GAS  C:\Users\huav\AppData\Local\Temp\cciWtE4i.s 			page 4


 101 000c 00000000 		.ascii	"\000\000\000\000?@\000\000\000\000\000\000"
 101      3F400000 
 101      00000000 
 102 0018 00003000 		.ascii	"\000\0000\000@\0000\000@\000\000\000"
 102      40003000 
 102      40000000 
 103 0024 09000BC0 		.ascii	"\011\000\013\300=\000\013\300=\000\011\000"
 103      3D000BC0 
 103      3D000900 
 104 0030 18C02440 		.ascii	"\030\300$@\177\340\"@1\200\000\000"
 104      7FE02240 
 104      31800000 
 105 003c 180024C0 		.ascii	"\030\000$\300\033\000\015\2002@\001\200"
 105      1B000D80 
 105      32400180 
 106 0048 03801C40 		.ascii	"\003\200\034@'@\034\200\007@\000@"
 106      27401C80 
 106      07400040 
 107 0054 10006000 		.ascii	"\020\000`\000\000\000\000\000\000\000\000\000"
 107      00000000 
 107      00000000 
 108 0060 00000000 		.ascii	"\000\000\000\000\000\000\037\200 @@ "
 108      00001F80 
 108      20404020 
 109 006c 00004020 		.ascii	"\000\000@  @\037\200\000\000\000\000"
 109      20401F80 
 109      00000000 
 110 0078 09000600 		.ascii	"\011\000\006\000\037\200\006\000\011\000\000\000"
 110      1F800600 
 110      09000000 
 111 0084 04000400 		.ascii	"\004\000\004\000?\200\004\000\004\000\000\000"
 111      3F800400 
 111      04000000 
 112 0090 00100060 		.ascii	"\000\020\000`\000\000\000\000\000\000\000\000"
 112      00000000 
 112      00000000 
 113 009c 04000400 		.ascii	"\004\000\004\000\004\000\004\000\004\000\000\000"
 113      04000400 
 113      04000000 
 114 00a8 00000040 		.ascii	"\000\000\000@\000\000\000\000\000\000\000\000"
 114      00000000 
 114      00000000 
 115 00b4 002001C0 		.ascii	"\000 \001\300\006\0008\000@\000\000\000"
 115      06003800 
 115      40000000 
 116 00c0 1F802040 		.ascii	"\037\200 @ @ @\037\200\000\000"
 116      20402040 
 116      1F800000 
 117 00cc 00001040 		.ascii	"\000\000\020@?\300\000@\000\000\000\000"
 117      3FC00040 
 117      00000000 
 118 00d8 18C02140 		.ascii	"\030\300!@\"@$@\030@\000\000"
 118      22402440 
 118      18400000 
 119 00e4 10802040 		.ascii	"\020\200 @$@$@\033\200\000\000"
 119      24402440 
 119      1B800000 
ARM GAS  C:\Users\huav\AppData\Local\Temp\cciWtE4i.s 			page 5


 120 00f0 02000D00 		.ascii	"\002\000\015\000\021\000?\300\001@\000\000"
 120      11003FC0 
 120      01400000 
 121 00fc 3C802440 		.ascii	"<\200$@$@$@#\200\000\000"
 121      24402440 
 121      23800000 
 122 0108 1F802440 		.ascii	"\037\200$@$@4@\003\200\000\000"
 122      24403440 
 122      03800000 
 123 0114 30002000 		.ascii	"0\000 \000'\3008\000 \000\000\000"
 123      27C03800 
 123      20000000 
 124 0120 1B802440 		.ascii	"\033\200$@$@$@\033\200\000\000"
 124      24402440 
 124      1B800000 
 125 012c 1C0022C0 		.ascii	"\034\000\"\300\"@\"@\037\200\000\000"
 125      22402240 
 125      1F800000 
 126 0138 00000000 		.ascii	"\000\000\000\000\010@\000\000\000\000\000\000"
 126      08400000 
 126      00000000 
 127 0144 00000000 		.ascii	"\000\000\000\000\004`\000\000\000\000\000\000"
 127      04600000 
 127      00000000 
 128 0150 00000400 		.ascii	"\000\000\004\000\012\000\021\000 \200@@"
 128      0A001100 
 128      20804040 
 129 015c 09000900 		.ascii	"\011\000\011\000\011\000\011\000\011\000\000\000"
 129      09000900 
 129      09000000 
 130 0168 00004040 		.ascii	"\000\000@@ \200\021\000\012\000\004\000"
 130      20801100 
 130      0A000400 
 131 0174 18002000 		.ascii	"\030\000 \000#@$\000\030\000\000\000"
 131      23402400 
 131      18000000 
 132 0180 1F802040 		.ascii	"\037\200 @'@)@\037@\000\000"
 132      27402940 
 132      1F400000 
 133 018c 004007C0 		.ascii	"\000@\007\3009\000\017\000\001\300\000@"
 133      39000F00 
 133      01C00040 
 134 0198 20403FC0 		.ascii	" @?\300$@$@\033\200\000\000"
 134      24402440 
 134      1B800000 
 135 01a4 1F802040 		.ascii	"\037\200 @ @ @0\200\000\000"
 135      20402040 
 135      30800000 
 136 01b0 20403FC0 		.ascii	" @?\300 @ @\037\200\000\000"
 136      20402040 
 136      1F800000 
 137 01bc 20403FC0 		.ascii	" @?\300$@.@0\300\000\000"
 137      24402E40 
 137      30C00000 
 138 01c8 20403FC0 		.ascii	" @?\300$@.\0000\000\000\000"
 138      24402E00 
 138      30000000 
ARM GAS  C:\Users\huav\AppData\Local\Temp\cciWtE4i.s 			page 6


 139 01d4 0F001080 		.ascii	"\017\000\020\200 @\"@3\200\002\000"
 139      20402240 
 139      33800200 
 140 01e0 20403FC0 		.ascii	" @?\300\004\000\004\000?\300 @"
 140      04000400 
 140      3FC02040 
 141 01ec 20402040 		.ascii	" @ @?\300 @ @\000\000"
 141      3FC02040 
 141      20400000 
 142 01f8 00602020 		.ascii	"\000`    ?\300 \000 \000"
 142      20203FC0 
 142      20002000 
 143 0204 20403FC0 		.ascii	" @?\300$@\013\0000\300 @"
 143      24400B00 
 143      30C02040 
 144 0210 20403FC0 		.ascii	" @?\300 @\000@\000@\000\300"
 144      20400040 
 144      004000C0 
 145 021c 3FC03C00 		.ascii	"?\300<\000\003\300<\000?\300\000\000"
 145      03C03C00 
 145      3FC00000 
 146 0228 20403FC0 		.ascii	" @?\300\014@#\000?\300 \000"
 146      0C402300 
 146      3FC02000 
 147 0234 1F802040 		.ascii	"\037\200 @ @ @\037\200\000\000"
 147      20402040 
 147      1F800000 
 148 0240 20403FC0 		.ascii	" @?\300$@$\000\030\000\000\000"
 148      24402400 
 148      18000000 
 149 024c 1F802140 		.ascii	"\037\200!@!@ \340\037\240\000\000"
 149      214020E0 
 149      1FA00000 
 150 0258 20403FC0 		.ascii	" @?\300$@&\000\031\300\000@"
 150      24402600 
 150      19C00040 
 151 0264 18C02440 		.ascii	"\030\300$@$@\"@1\200\000\000"
 151      24402240 
 151      31800000 
 152 0270 30002040 		.ascii	"0\000 @?\300 @0\000\000\000"
 152      3FC02040 
 152      30000000 
 153 027c 20003F80 		.ascii	" \000?\200\000@\000@?\200 \000"
 153      00400040 
 153      3F802000 
 154 0288 20003E00 		.ascii	" \000>\000\001\300\007\0008\000 \000"
 154      01C00700 
 154      38002000 
 155 0294 380007C0 		.ascii	"8\000\007\300<\000\007\3008\000\000\000"
 155      3C0007C0 
 155      38000000 
 156 02a0 204039C0 		.ascii	" @9\300\006\0009\300 @\000\000"
 156      060039C0 
 156      20400000 
 157 02ac 20003840 		.ascii	" \0008@\007\3008@ \000\000\000"
 157      07C03840 
 157      20000000 
ARM GAS  C:\Users\huav\AppData\Local\Temp\cciWtE4i.s 			page 7


 158 02b8 304021C0 		.ascii	"0@!\300&@8@ \300\000\000"
 158      26403840 
 158      20C00000 
 159 02c4 00000000 		.ascii	"\000\000\000\000\177\340@ @ \000\000"
 159      7FE04020 
 159      40200000 
 160 02d0 00007000 		.ascii	"\000\000p\000\014\000\003\200\000@\000\000"
 160      0C000380 
 160      00400000 
 161 02dc 00004020 		.ascii	"\000\000@ @ \177\340\000\000\000\000"
 161      40207FE0 
 161      00000000 
 162 02e8 00002000 		.ascii	"\000\000 \000@\000 \000\000\000\000\000"
 162      40002000 
 162      00000000 
 163 02f4 00100010 		.ascii	"\000\020\000\020\000\020\000\020\000\020\000\020"
 163      00100010 
 163      00100010 
 164 0300 00000000 		.ascii	"\000\000\000\000@\000\000\000\000\000\000\000"
 164      40000000 
 164      00000000 
 165 030c 00000280 		.ascii	"\000\000\002\200\005@\005@\003\300\000@"
 165      05400540 
 165      03C00040 
 166 0318 20003FC0 		.ascii	" \000?\300\004@\004@\003\200\000\000"
 166      04400440 
 166      03800000 
 167 0324 00000380 		.ascii	"\000\000\003\200\004@\004@\006@\000\000"
 167      04400440 
 167      06400000 
 168 0330 00000380 		.ascii	"\000\000\003\200\004@$@?\300\000@"
 168      04402440 
 168      3FC00040 
 169 033c 00000380 		.ascii	"\000\000\003\200\005@\005@\003@\000\000"
 169      05400540 
 169      03400000 
 170 0348 00000440 		.ascii	"\000\000\004@\037\300$@$@ \000"
 170      1FC02440 
 170      24402000 
 171 0354 000002E0 		.ascii	"\000\000\002\340\005P\005P\006P\004 "
 171      05500550 
 171      06500420 
 172 0360 20403FC0 		.ascii	" @?\300\004@\004\000\003\300\000@"
 172      04400400 
 172      03C00040 
 173 036c 00000440 		.ascii	"\000\000\004@'\300\000@\000\000\000\000"
 173      27C00040 
 173      00000000 
 174 0378 00100010 		.ascii	"\000\020\000\020\004\020'\340\000\000\000\000"
 174      041027E0 
 174      00000000 
 175 0384 20403FC0 		.ascii	" @?\300\001@\007\000\004\300\004@"
 175      01400700 
 175      04C00440 
 176 0390 20402040 		.ascii	" @ @?\300\000@\000@\000\000"
 176      3FC00040 
 176      00400000 
ARM GAS  C:\Users\huav\AppData\Local\Temp\cciWtE4i.s 			page 8


 177 039c 07C00400 		.ascii	"\007\300\004\000\007\300\004\000\003\300\000\000"
 177      07C00400 
 177      03C00000 
 178 03a8 044007C0 		.ascii	"\004@\007\300\004@\004\000\003\300\000@"
 178      04400400 
 178      03C00040 
 179 03b4 00000380 		.ascii	"\000\000\003\200\004@\004@\003\200\000\000"
 179      04400440 
 179      03800000 
 180 03c0 041007F0 		.ascii	"\004\020\007\360\004P\004@\003\200\000\000"
 180      04500440 
 180      03800000 
 181 03cc 00000380 		.ascii	"\000\000\003\200\004@\004P\007\360\000\020"
 181      04400450 
 181      07F00010 
 182 03d8 044007C0 		.ascii	"\004@\007\300\002@\004\000\004\000\000\000"
 182      02400400 
 182      04000000 
 183 03e4 00000640 		.ascii	"\000\000\006@\005@\005@\004\300\000\000"
 183      05400540 
 183      04C00000 
 184 03f0 00000400 		.ascii	"\000\000\004\000\037\200\004@\000@\000\000"
 184      1F800440 
 184      00400000 
 185 03fc 04000780 		.ascii	"\004\000\007\200\000@\004@\007\300\000@"
 185      00400440 
 185      07C00040 
 186 0408 04000700 		.ascii	"\004\000\007\000\004\300\001\200\006\000\004\000"
 186      04C00180 
 186      06000400 
 187 0414 060001C0 		.ascii	"\006\000\001\300\007\000\001\300\006\000\000\000"
 187      070001C0 
 187      06000000 
 188 0420 044006C0 		.ascii	"\004@\006\300\001\000\006\300\004@\000\000"
 188      010006C0 
 188      04400000 
 189 042c 04100710 		.ascii	"\004\020\007\020\004\340\001\200\006\000\004\000"
 189      04E00180 
 189      06000400 
 190 0438 00000440 		.ascii	"\000\000\004@\005\300\006@\004@\000\000"
 190      05C00640 
 190      04400000 
 191 0444 00000000 		.ascii	"\000\000\000\000\004\000{\340@ \000\000"
 191      04007BE0 
 191      40200000 
 192 0450 00000000 		.ascii	"\000\000\000\000\000\000\377\360\000\000\000\000"
 192      0000FFF0 
 192      00000000 
 193 045c 00004020 		.ascii	"\000\000@ {\340\004\000\000\000\000\000"
 193      7BE00400 
 193      00000000 
 194 0468 40008000 		.ascii	"@\000\200\000@\000 \000 \000@\000"
 194      40002000 
 194      20004000 
 195              		.section	.rodata.oled_asc2_1608,"a"
 196              		.align	2
 199              	oled_asc2_1608:
ARM GAS  C:\Users\huav\AppData\Local\Temp\cciWtE4i.s 			page 9


 200 0000 00000000 		.ascii	"\000\000\000\000\000\000\000\000\000\000\000\000\000"
 200      00000000 
 200      00000000 
 200      00
 201 000d 000000   		.ascii	"\000\000\000"
 202 0010 00000000 		.ascii	"\000\000\000\000\000\000\037\314\000\014\000\000\000"
 202      00001FCC 
 202      000C0000 
 202      00
 203 001d 000000   		.ascii	"\000\000\000"
 204 0020 00000800 		.ascii	"\000\000\010\0000\000`\000\010\0000\000`\000\000\000"
 204      30006000 
 204      08003000 
 204      60000000 
 205 0030 022003FC 		.ascii	"\002 \003\374\036 \002 \003\374\036 \002 \000\000"
 205      1E200220 
 205      03FC1E20 
 205      02200000 
 206 0040 00000E18 		.ascii	"\000\000\016\030\021\004?\377\020\204\014x\000\000\000"
 206      11043FFF 
 206      10840C78 
 206      000000
 207 004f 00       		.ascii	"\000"
 208 0050 0F001084 		.ascii	"\017\000\020\204\0178\000\300\007x\030\204\000x\000"
 208      0F3800C0 
 208      07781884 
 208      007800
 209 005f 00       		.ascii	"\000"
 210 0060 00780F84 		.ascii	"\000x\017\204\020\304\021$\016\230\000\344\000\204\000"
 210      10C41124 
 210      0E9800E4 
 210      008400
 211 006f 08       		.ascii	"\010"
 212 0070 08006800 		.ascii	"\010\000h\000p\000\000\000\000\000\000\000\000\000\000"
 212      70000000 
 212      00000000 
 212      000000
 213 007f 00       		.ascii	"\000"
 214 0080 00000000 		.ascii	"\000\000\000\000\000\000\007\340\030\030 \004@\002\000"
 214      000007E0 
 214      18182004 
 214      400200
 215 008f 00       		.ascii	"\000"
 216 0090 00004002 		.ascii	"\000\000@\002 \004\030\030\007\340\000\000\000\000\000"
 216      20041818 
 216      07E00000 
 216      000000
 217 009f 00       		.ascii	"\000"
 218 00a0 02400240 		.ascii	"\002@\002@\001\200\017\360\001\200\002@\002@\000\000"
 218      01800FF0 
 218      01800240 
 218      02400000 
 219 00b0 00800080 		.ascii	"\000\200\000\200\000\200\017\370\000\200\000\200\000"
 219      00800FF8 
 219      00800080 
 219      00
 220 00bd 800000   		.ascii	"\200\000\000"
ARM GAS  C:\Users\huav\AppData\Local\Temp\cciWtE4i.s 			page 10


 221 00c0 0001000D 		.ascii	"\000\001\000\015\000\016\000\000\000\000\000\000\000"
 221      000E0000 
 221      00000000 
 221      00
 222 00cd 000000   		.ascii	"\000\000\000"
 223 00d0 00000080 		.ascii	"\000\000\000\200\000\200\000\200\000\200\000\200\000"
 223      00800080 
 223      00800080 
 223      00
 224 00dd 800080   		.ascii	"\200\000\200"
 225 00e0 0000000C 		.ascii	"\000\000\000\014\000\014\000\000\000\000\000\000\000"
 225      000C0000 
 225      00000000 
 225      00
 226 00ed 000000   		.ascii	"\000\000\000"
 227 00f0 00000006 		.ascii	"\000\000\000\006\000\030\000`\001\200\006\000\030\000"
 227      00180060 
 227      01800600 
 227      1800
 228 00fe 2000     		.ascii	" \000"
 229 0100 000007F0 		.ascii	"\000\000\007\360\010\010\020\004\020\004\010\010\007"
 229      08081004 
 229      10040808 
 229      07
 230 010d F00000   		.ascii	"\360\000\000"
 231 0110 00000804 		.ascii	"\000\000\010\004\010\004\037\374\000\004\000\004\000"
 231      08041FFC 
 231      00040004 
 231      00
 232 011d 000000   		.ascii	"\000\000\000"
 233 0120 00000E0C 		.ascii	"\000\000\016\014\020\024\020$\020D\021\204\016\014\000"
 233      10141024 
 233      10441184 
 233      0E0C00
 234 012f 00       		.ascii	"\000"
 235 0130 00000C18 		.ascii	"\000\000\014\030\020\004\021\004\021\004\022\210\014"
 235      10041104 
 235      11041288 
 235      0C
 236 013d 700000   		.ascii	"p\000\000"
 237 0140 000000E0 		.ascii	"\000\000\000\340\003 \004$\010$\037\374\000$\000\000"
 237      03200424 
 237      08241FFC 
 237      00240000 
 238 0150 00001F98 		.ascii	"\000\000\037\230\020\204\021\004\021\004\020\210\020"
 238      10841104 
 238      11041088 
 238      10
 239 015d 700000   		.ascii	"p\000\000"
 240 0160 000007F0 		.ascii	"\000\000\007\360\010\210\021\004\021\004\030\210\000"
 240      08881104 
 240      11041888 
 240      00
 241 016d 700000   		.ascii	"p\000\000"
 242 0170 00001C00 		.ascii	"\000\000\034\000\020\000\020\374\023\000\034\000\020"
 242      100010FC 
 242      13001C00 
ARM GAS  C:\Users\huav\AppData\Local\Temp\cciWtE4i.s 			page 11


 242      10
 243 017d 000000   		.ascii	"\000\000\000"
 244 0180 00000E38 		.ascii	"\000\000\0168\021D\020\204\020\204\021D\0168\000\000"
 244      11441084 
 244      10841144 
 244      0E380000 
 245 0190 00000700 		.ascii	"\000\000\007\000\010\214\020D\020D\010\210\007\360\000"
 245      088C1044 
 245      10440888 
 245      07F000
 246 019f 00       		.ascii	"\000"
 247 01a0 00000000 		.ascii	"\000\000\000\000\000\000\003\014\003\014\000\000\000"
 247      0000030C 
 247      030C0000 
 247      00
 248 01ad 000000   		.ascii	"\000\000\000"
 249 01b0 00000000 		.ascii	"\000\000\000\000\000\001\001\006\000\000\000\000\000"
 249      00010106 
 249      00000000 
 249      00
 250 01bd 000000   		.ascii	"\000\000\000"
 251 01c0 00000080 		.ascii	"\000\000\000\200\001@\002 \004\020\010\010\020\004\000"
 251      01400220 
 251      04100808 
 251      100400
 252 01cf 00       		.ascii	"\000"
 253 01d0 02200220 		.ascii	"\002 \002 \002 \002 \002 \002 \002 \000\000"
 253      02200220 
 253      02200220 
 253      02200000 
 254 01e0 00001004 		.ascii	"\000\000\020\004\010\010\004\020\002 \001@\000\200\000"
 254      08080410 
 254      02200140 
 254      008000
 255 01ef 00       		.ascii	"\000"
 256 01f0 00000E00 		.ascii	"\000\000\016\000\022\000\020\014\020l\020\200\017\000"
 256      1200100C 
 256      106C1080 
 256      0F00
 257 01fe 0000     		.ascii	"\000\000"
 258 0200 03E00C18 		.ascii	"\003\340\014\030\023\344\024$\027\304\010(\007\320\000"
 258      13E41424 
 258      17C40828 
 258      07D000
 259 020f 00       		.ascii	"\000"
 260 0210 0004003C 		.ascii	"\000\004\000<\003\304\034@\007@\000\344\000\034\000"
 260      03C41C40 
 260      074000E4 
 260      001C00
 261 021f 04       		.ascii	"\004"
 262 0220 10041FFC 		.ascii	"\020\004\037\374\021\004\021\004\021\004\016\210\000"
 262      11041104 
 262      11040E88 
 262      00
 263 022d 700000   		.ascii	"p\000\000"
 264 0230 03E00C18 		.ascii	"\003\340\014\030\020\004\020\004\020\004\020\010\034"
 264      10041004 
ARM GAS  C:\Users\huav\AppData\Local\Temp\cciWtE4i.s 			page 12


 264      10041008 
 264      1C
 265 023d 100000   		.ascii	"\020\000\000"
 266 0240 10041FFC 		.ascii	"\020\004\037\374\020\004\020\004\020\004\010\010\007"
 266      10041004 
 266      10040808 
 266      07
 267 024d F00000   		.ascii	"\360\000\000"
 268 0250 10041FFC 		.ascii	"\020\004\037\374\021\004\021\004\027\304\020\004\010"
 268      11041104 
 268      17C41004 
 268      08
 269 025d 180000   		.ascii	"\030\000\000"
 270 0260 10041FFC 		.ascii	"\020\004\037\374\021\004\021\000\027\300\020\000\010"
 270      11041100 
 270      17C01000 
 270      08
 271 026d 000000   		.ascii	"\000\000\000"
 272 0270 03E00C18 		.ascii	"\003\340\014\030\020\004\020\004\020D\034x\000@\000"
 272      10041004 
 272      10441C78 
 272      004000
 273 027f 00       		.ascii	"\000"
 274 0280 10041FFC 		.ascii	"\020\004\037\374\020\204\000\200\000\200\020\204\037"
 274      10840080 
 274      00801084 
 274      1F
 275 028d FC1004   		.ascii	"\374\020\004"
 276 0290 00001004 		.ascii	"\000\000\020\004\020\004\037\374\020\004\020\004\000"
 276      10041FFC 
 276      10041004 
 276      00
 277 029d 000000   		.ascii	"\000\000\000"
 278 02a0 00030001 		.ascii	"\000\003\000\001\020\001\020\001\037\376\020\000\020"
 278      10011001 
 278      1FFE1000 
 278      10
 279 02ad 000000   		.ascii	"\000\000\000"
 280 02b0 10041FFC 		.ascii	"\020\004\037\374\021\004\003\200\024d\030\034\020\004"
 280      11040380 
 280      1464181C 
 280      1004
 281 02be 0000     		.ascii	"\000\000"
 282 02c0 10041FFC 		.ascii	"\020\004\037\374\020\004\000\004\000\004\000\004\000"
 282      10040004 
 282      00040004 
 282      00
 283 02cd 0C0000   		.ascii	"\014\000\000"
 284 02d0 10041FFC 		.ascii	"\020\004\037\374\037\000\000\374\037\000\037\374\020"
 284      1F0000FC 
 284      1F001FFC 
 284      10
 285 02dd 040000   		.ascii	"\004\000\000"
 286 02e0 10041FFC 		.ascii	"\020\004\037\374\014\004\003\000\000\340\020\030\037"
 286      0C040300 
 286      00E01018 
 286      1F
ARM GAS  C:\Users\huav\AppData\Local\Temp\cciWtE4i.s 			page 13


 287 02ed FC1000   		.ascii	"\374\020\000"
 288 02f0 07F00808 		.ascii	"\007\360\010\010\020\004\020\004\020\004\010\010\007"
 288      10041004 
 288      10040808 
 288      07
 289 02fd F00000   		.ascii	"\360\000\000"
 290 0300 10041FFC 		.ascii	"\020\004\037\374\020\204\020\200\020\200\020\200\017"
 290      10841080 
 290      10801080 
 290      0F
 291 030d 000000   		.ascii	"\000\000\000"
 292 0310 07F00818 		.ascii	"\007\360\010\030\020$\020$\020\034\010\012\007\362\000"
 292      10241024 
 292      101C080A 
 292      07F200
 293 031f 00       		.ascii	"\000"
 294 0320 10041FFC 		.ascii	"\020\004\037\374\021\004\021\000\021\300\0210\016\014"
 294      11041100 
 294      11C01130 
 294      0E0C
 295 032e 0004     		.ascii	"\000\004"
 296 0330 00000E1C 		.ascii	"\000\000\016\034\021\004\020\204\020\204\020D\0348\000"
 296      11041084 
 296      10841044 
 296      1C3800
 297 033f 00       		.ascii	"\000"
 298 0340 18001000 		.ascii	"\030\000\020\000\020\004\037\374\020\004\020\000\030"
 298      10041FFC 
 298      10041000 
 298      18
 299 034d 000000   		.ascii	"\000\000\000"
 300 0350 10001FF8 		.ascii	"\020\000\037\370\020\004\000\004\000\004\020\004\037"
 300      10040004 
 300      00041004 
 300      1F
 301 035d F81000   		.ascii	"\370\020\000"
 302 0360 10001E00 		.ascii	"\020\000\036\000\021\340\000\034\000p\023\200\034\000"
 302      11E0001C 
 302      00701380 
 302      1C00
 303 036e 1000     		.ascii	"\020\000"
 304 0370 1FC0103C 		.ascii	"\037\300\020<\000\340\037\000\000\340\020<\037\300\000"
 304      00E01F00 
 304      00E0103C 
 304      1FC000
 305 037f 00       		.ascii	"\000"
 306 0380 1004180C 		.ascii	"\020\004\030\014\0264\001\300\001\300\0264\030\014\020"
 306      163401C0 
 306      01C01634 
 306      180C10
 307 038f 04       		.ascii	"\004"
 308 0390 10001C00 		.ascii	"\020\000\034\000\023\004\000\374\023\004\034\000\020"
 308      130400FC 
 308      13041C00 
 308      10
 309 039d 000000   		.ascii	"\000\000\000"
 310 03a0 0804101C 		.ascii	"\010\004\020\034\020d\020\204\023\004\034\004\020\030"
ARM GAS  C:\Users\huav\AppData\Local\Temp\cciWtE4i.s 			page 14


 310      10641084 
 310      13041C04 
 310      1018
 311 03ae 0000     		.ascii	"\000\000"
 312 03b0 00000000 		.ascii	"\000\000\000\000\000\000\177\376@\002@\002@\002\000"
 312      00007FFE 
 312      40024002 
 312      400200
 313 03bf 00       		.ascii	"\000"
 314 03c0 00003000 		.ascii	"\000\0000\000\014\000\003\200\000`\000\034\000\003\000"
 314      0C000380 
 314      0060001C 
 314      000300
 315 03cf 00       		.ascii	"\000"
 316 03d0 00004002 		.ascii	"\000\000@\002@\002@\002\177\376\000\000\000\000\000"
 316      40024002 
 316      7FFE0000 
 316      000000
 317 03df 00       		.ascii	"\000"
 318 03e0 00000000 		.ascii	"\000\000\000\000 \000@\000@\000@\000 \000\000\000"
 318      20004000 
 318      40004000 
 318      20000000 
 319 03f0 00010001 		.ascii	"\000\001\000\001\000\001\000\001\000\001\000\001\000"
 319      00010001 
 319      00010001 
 319      00
 320 03fd 010001   		.ascii	"\001\000\001"
 321 0400 00004000 		.ascii	"\000\000@\000@\000 \000\000\000\000\000\000\000\000"
 321      40002000 
 321      00000000 
 321      000000
 322 040f 00       		.ascii	"\000"
 323 0410 00000098 		.ascii	"\000\000\000\230\001$\001D\001D\001D\000\374\000\004"
 323      01240144 
 323      01440144 
 323      00FC0004 
 324 0420 10001FFC 		.ascii	"\020\000\037\374\000\210\001\004\001\004\000\210\000"
 324      00880104 
 324      01040088 
 324      00
 325 042d 700000   		.ascii	"p\000\000"
 326 0430 00000070 		.ascii	"\000\000\000p\000\210\001\004\001\004\001\004\000\210"
 326      00880104 
 326      01040104 
 326      0088
 327 043e 0000     		.ascii	"\000\000"
 328 0440 00000070 		.ascii	"\000\000\000p\000\210\001\004\001\004\021\010\037\374"
 328      00880104 
 328      01041108 
 328      1FFC
 329 044e 0004     		.ascii	"\000\004"
 330 0450 000000F8 		.ascii	"\000\000\000\370\001D\001D\001D\001D\000\310\000\000"
 330      01440144 
 330      01440144 
 330      00C80000 
 331 0460 00000104 		.ascii	"\000\000\001\004\001\004\017\374\021\004\021\004\021"
ARM GAS  C:\Users\huav\AppData\Local\Temp\cciWtE4i.s 			page 15


 331      01040FFC 
 331      11041104 
 331      11
 332 046d 001800   		.ascii	"\000\030\000"
 333 0470 000000D6 		.ascii	"\000\000\000\326\001)\001)\001)\001\311\001\006\000"
 333      01290129 
 333      012901C9 
 333      010600
 334 047f 00       		.ascii	"\000"
 335 0480 10041FFC 		.ascii	"\020\004\037\374\000\204\001\000\001\000\001\004\000"
 335      00840100 
 335      01000104 
 335      00
 336 048d FC0004   		.ascii	"\374\000\004"
 337 0490 00000104 		.ascii	"\000\000\001\004\031\004\031\374\000\004\000\004\000"
 337      190419FC 
 337      00040004 
 337      00
 338 049d 000000   		.ascii	"\000\000\000"
 339 04a0 00000003 		.ascii	"\000\000\000\003\000\001\001\001\031\001\031\376\000"
 339      00010101 
 339      190119FE 
 339      00
 340 04ad 000000   		.ascii	"\000\000\000"
 341 04b0 10041FFC 		.ascii	"\020\004\037\374\000$\000@\001\264\001\014\001\004\000"
 341      00240040 
 341      01B4010C 
 341      010400
 342 04bf 00       		.ascii	"\000"
 343 04c0 00001004 		.ascii	"\000\000\020\004\020\004\037\374\000\004\000\004\000"
 343      10041FFC 
 343      00040004 
 343      00
 344 04cd 000000   		.ascii	"\000\000\000"
 345 04d0 010401FC 		.ascii	"\001\004\001\374\001\004\001\000\001\374\001\004\001"
 345      01040100 
 345      01FC0104 
 345      01
 346 04dd 0000FC   		.ascii	"\000\000\374"
 347 04e0 010401FC 		.ascii	"\001\004\001\374\000\204\001\000\001\000\001\004\000"
 347      00840100 
 347      01000104 
 347      00
 348 04ed FC0004   		.ascii	"\374\000\004"
 349 04f0 000000F8 		.ascii	"\000\000\000\370\001\004\001\004\001\004\001\004\000"
 349      01040104 
 349      01040104 
 349      00
 350 04fd F80000   		.ascii	"\370\000\000"
 351 0500 010101FF 		.ascii	"\001\001\001\377\000\205\001\004\001\004\000\210\000"
 351      00850104 
 351      01040088 
 351      00
 352 050d 700000   		.ascii	"p\000\000"
 353 0510 00000070 		.ascii	"\000\000\000p\000\210\001\004\001\004\001\005\001\377"
 353      00880104 
 353      01040105 
ARM GAS  C:\Users\huav\AppData\Local\Temp\cciWtE4i.s 			page 16


 353      01FF
 354 051e 0001     		.ascii	"\000\001"
 355 0520 01040104 		.ascii	"\001\004\001\004\001\374\000\204\001\004\001\000\001"
 355      01FC0084 
 355      01040100 
 355      01
 356 052d 800000   		.ascii	"\200\000\000"
 357 0530 000000CC 		.ascii	"\000\000\000\314\001$\001$\001$\001$\001\230\000\000"
 357      01240124 
 357      01240124 
 357      01980000 
 358 0540 00000100 		.ascii	"\000\000\001\000\001\000\007\370\001\004\001\004\000"
 358      010007F8 
 358      01040104 
 358      00
 359 054d 000000   		.ascii	"\000\000\000"
 360 0550 010001F8 		.ascii	"\001\000\001\370\000\004\000\004\000\004\001\010\001"
 360      00040004 
 360      00040108 
 360      01
 361 055d FC0004   		.ascii	"\374\000\004"
 362 0560 01000180 		.ascii	"\001\000\001\200\001p\000\014\000\020\001`\001\200\001"
 362      0170000C 
 362      00100160 
 362      018001
 363 056f 00       		.ascii	"\000"
 364 0570 01F0010C 		.ascii	"\001\360\001\014\0000\001\300\0000\001\014\001\360\001"
 364      003001C0 
 364      0030010C 
 364      01F001
 365 057f 00       		.ascii	"\000"
 366 0580 00000104 		.ascii	"\000\000\001\004\001\214\000t\001p\001\214\001\004\000"
 366      018C0074 
 366      0170018C 
 366      010400
 367 058f 00       		.ascii	"\000"
 368 0590 01010181 		.ascii	"\001\001\001\201\001q\000\016\000\030\001`\001\200\001"
 368      0171000E 
 368      00180160 
 368      018001
 369 059f 00       		.ascii	"\000"
 370 05a0 00000184 		.ascii	"\000\000\001\204\001\014\0014\001D\001\204\001\014\000"
 370      010C0134 
 370      01440184 
 370      010C00
 371 05af 00       		.ascii	"\000"
 372 05b0 00000000 		.ascii	"\000\000\000\000\000\000\000\000\001\000>\374@\002@"
 372      00000000 
 372      01003EFC 
 372      400240
 373 05bf 02       		.ascii	"\002"
 374 05c0 00000000 		.ascii	"\000\000\000\000\000\000\000\000\377\377\000\000\000"
 374      00000000 
 374      FFFF0000 
 374      00
 375 05cd 000000   		.ascii	"\000\000\000"
 376 05d0 00004002 		.ascii	"\000\000@\002@\002>\374\001\000\000\000\000\000\000"
ARM GAS  C:\Users\huav\AppData\Local\Temp\cciWtE4i.s 			page 17


 376      40023EFC 
 376      01000000 
 376      000000
 377 05df 00       		.ascii	"\000"
 378 05e0 00006000 		.ascii	"\000\000`\000\200\000\200\000@\000@\000 \000 \000"
 378      80008000 
 378      40004000 
 378      20002000 
 379              		.text
 380              	.Letext0:
 381              		.file 1 "c:\\program files (x86)\\gnu arm embedded toolchain\\10 2020-q4-major\\arm-none-eabi\\inc
 382              		.file 2 "c:\\program files (x86)\\gnu arm embedded toolchain\\10 2020-q4-major\\arm-none-eabi\\inc
 383              		.file 3 "Dsp/screen/font/oledfont.h"
 384              		.file 4 "Dsp/screen/font/oledfont.c"
ARM GAS  C:\Users\huav\AppData\Local\Temp\cciWtE4i.s 			page 18


DEFINED SYMBOLS
                            *ABS*:00000000 oledfont.c
C:\Users\huav\AppData\Local\Temp\cciWtE4i.s:199    .rodata.oled_asc2_1608:00000000 oled_asc2_1608
C:\Users\huav\AppData\Local\Temp\cciWtE4i.s:99     .rodata.oled_asc2_1206:00000000 oled_asc2_1206
C:\Users\huav\AppData\Local\Temp\cciWtE4i.s:24     .rodata.oled_asc2_0808:00000000 oled_asc2_0808
C:\Users\huav\AppData\Local\Temp\cciWtE4i.s:21     .rodata.oled_asc2_0808:00000000 $d
C:\Users\huav\AppData\Local\Temp\cciWtE4i.s:96     .rodata.oled_asc2_1206:00000000 $d
C:\Users\huav\AppData\Local\Temp\cciWtE4i.s:196    .rodata.oled_asc2_1608:00000000 $d

NO UNDEFINED SYMBOLS
