ARM GAS  C:\Users\huav\AppData\Local\Temp\ccXmrZkf.s 			page 1


   1              		.cpu cortex-m4
   2              		.eabi_attribute 27, 1
   3              		.eabi_attribute 28, 1
   4              		.eabi_attribute 20, 1
   5              		.eabi_attribute 21, 1
   6              		.eabi_attribute 23, 3
   7              		.eabi_attribute 24, 1
   8              		.eabi_attribute 25, 1
   9              		.eabi_attribute 26, 1
  10              		.eabi_attribute 30, 1
  11              		.eabi_attribute 34, 1
  12              		.eabi_attribute 18, 4
  13              		.file	"oled1306.c"
  14              		.text
  15              	.Ltext0:
  16              		.cfi_sections	.debug_frame
  17              		.section	.text.Oled_TransmitByte,"ax",%progbits
  18              		.align	1
  19              		.arch armv7e-m
  20              		.syntax unified
  21              		.thumb
  22              		.thumb_func
  23              		.fpu fpv4-sp-d16
  25              	Oled_TransmitByte:
  26              	.LVL0:
  27              	.LFB123:
  28              		.file 1 "Dsp/screen/device/oled1306.c"
   1:Dsp/screen/device/oled1306.c **** #include "oled1306.h"
   2:Dsp/screen/device/oled1306.c **** #include "delay.h"
   3:Dsp/screen/device/oled1306.c **** 
   4:Dsp/screen/device/oled1306.c **** static uint8_t blackboard[OLED_MAX_WIDTH][COLUMN_SIZE];
   5:Dsp/screen/device/oled1306.c **** 
   6:Dsp/screen/device/oled1306.c **** /* const static variable */
   7:Dsp/screen/device/oled1306.c **** const uint8_t OledEnable_CMD[2] = {0X14, 0XAF};
   8:Dsp/screen/device/oled1306.c **** const uint8_t OledDisable_CMD[2] = {0X10, 0XAE};
   9:Dsp/screen/device/oled1306.c **** 
  10:Dsp/screen/device/oled1306.c **** /* external funtion for app or midware */
  11:Dsp/screen/device/oled1306.c **** static void Oled_EnableControl(Oled_Obj_TypeDef *Oled_Obj, Oled_Enable_State_List state);
  12:Dsp/screen/device/oled1306.c **** static bool Oled_Init(Oled_Obj_TypeDef *Oled_Obj);
  13:Dsp/screen/device/oled1306.c **** static void Oled_Clear(Oled_Obj_TypeDef *Oled_Obj);
  14:Dsp/screen/device/oled1306.c **** static bool Oled_MapUpdate(Oled_Obj_TypeDef *Oled_Obj, uint8_t **map);
  15:Dsp/screen/device/oled1306.c **** static uint8_t Oled_GetMax_Width(void);
  16:Dsp/screen/device/oled1306.c **** static uint8_t Oled_GetMax_Height(void);
  17:Dsp/screen/device/oled1306.c **** static bool Oled_Refresh(Oled_Obj_TypeDef *Oled_Obj, uint8_t **val);
  18:Dsp/screen/device/oled1306.c **** 
  19:Dsp/screen/device/oled1306.c **** /* internal function */
  20:Dsp/screen/device/oled1306.c **** static void Oled_TransmitByte(Oled_Obj_TypeDef *Oled_Obj, uint8_t data, Oled_Write_Type type);
  21:Dsp/screen/device/oled1306.c **** 
  22:Dsp/screen/device/oled1306.c **** Oled_GenProcFunc_TypeDef DrvOled = {
  23:Dsp/screen/device/oled1306.c **** 	.init = Oled_Init,
  24:Dsp/screen/device/oled1306.c **** 	.enable_set = Oled_EnableControl,
  25:Dsp/screen/device/oled1306.c **** 	.fresh = Oled_Refresh,
  26:Dsp/screen/device/oled1306.c **** 	.clear = Oled_Clear,
  27:Dsp/screen/device/oled1306.c **** 	.get_max_height = Oled_GetMax_Height,
  28:Dsp/screen/device/oled1306.c **** 	.get_max_width = Oled_GetMax_Width,
  29:Dsp/screen/device/oled1306.c **** };
  30:Dsp/screen/device/oled1306.c **** 
ARM GAS  C:\Users\huav\AppData\Local\Temp\ccXmrZkf.s 			page 2


  31:Dsp/screen/device/oled1306.c **** /* device Bsp IO SPI_Bus correspond control Function */
  32:Dsp/screen/device/oled1306.c **** static void Oled_TransmitByte(Oled_Obj_TypeDef *Oled_Obj, uint8_t data, Oled_Write_Type type)
  33:Dsp/screen/device/oled1306.c **** {
  29              		.loc 1 33 1 view -0
  30              		.cfi_startproc
  31              		@ args = 0, pretend = 0, frame = 0
  32              		@ frame_needed = 0, uses_anonymous_args = 0
  33              		.loc 1 33 1 is_stmt 0 view .LVU1
  34 0000 38B5     		push	{r3, r4, r5, lr}
  35              	.LCFI0:
  36              		.cfi_def_cfa_offset 16
  37              		.cfi_offset 3, -16
  38              		.cfi_offset 4, -12
  39              		.cfi_offset 5, -8
  40              		.cfi_offset 14, -4
  41 0002 0446     		mov	r4, r0
  42 0004 0D46     		mov	r5, r1
  34:Dsp/screen/device/oled1306.c **** 	if (type == Oled_Write_CMD)
  43              		.loc 1 34 2 is_stmt 1 view .LVU2
  44              		.loc 1 34 5 is_stmt 0 view .LVU3
  45 0006 62B9     		cbnz	r2, .L2
  35:Dsp/screen/device/oled1306.c **** 	{
  36:Dsp/screen/device/oled1306.c **** 		Oled_Obj->rs_ctl(Oled_RS_Disable);
  46              		.loc 1 36 3 is_stmt 1 view .LVU4
  47              		.loc 1 36 11 is_stmt 0 view .LVU5
  48 0008 D0F80E30 		ldr	r3, [r0, #14]	@ unaligned
  49              		.loc 1 36 3 view .LVU6
  50 000c 0120     		movs	r0, #1
  51              	.LVL1:
  52              		.loc 1 36 3 view .LVU7
  53 000e 9847     		blx	r3
  54              	.LVL2:
  55              	.L3:
  37:Dsp/screen/device/oled1306.c **** 	}
  38:Dsp/screen/device/oled1306.c **** 	else
  39:Dsp/screen/device/oled1306.c **** 		Oled_Obj->rs_ctl(Oled_RS_Enable);
  40:Dsp/screen/device/oled1306.c **** 
  41:Dsp/screen/device/oled1306.c **** 	Oled_Obj->bus_transmit(data);
  56              		.loc 1 41 2 is_stmt 1 view .LVU8
  57              		.loc 1 41 10 is_stmt 0 view .LVU9
  58 0010 D4F81A30 		ldr	r3, [r4, #26]	@ unaligned
  59              		.loc 1 41 2 view .LVU10
  60 0014 2846     		mov	r0, r5
  61 0016 9847     		blx	r3
  62              	.LVL3:
  42:Dsp/screen/device/oled1306.c **** 
  43:Dsp/screen/device/oled1306.c **** 	Oled_Obj->rs_ctl(Oled_RS_Disable);
  63              		.loc 1 43 2 is_stmt 1 view .LVU11
  64              		.loc 1 43 10 is_stmt 0 view .LVU12
  65 0018 D4F80E30 		ldr	r3, [r4, #14]	@ unaligned
  66              		.loc 1 43 2 view .LVU13
  67 001c 0120     		movs	r0, #1
  68 001e 9847     		blx	r3
  69              	.LVL4:
  44:Dsp/screen/device/oled1306.c **** }
  70              		.loc 1 44 1 view .LVU14
  71 0020 38BD     		pop	{r3, r4, r5, pc}
ARM GAS  C:\Users\huav\AppData\Local\Temp\ccXmrZkf.s 			page 3


  72              	.LVL5:
  73              	.L2:
  39:Dsp/screen/device/oled1306.c **** 
  74              		.loc 1 39 3 is_stmt 1 view .LVU15
  39:Dsp/screen/device/oled1306.c **** 
  75              		.loc 1 39 11 is_stmt 0 view .LVU16
  76 0022 D0F80E30 		ldr	r3, [r0, #14]	@ unaligned
  39:Dsp/screen/device/oled1306.c **** 
  77              		.loc 1 39 3 view .LVU17
  78 0026 0020     		movs	r0, #0
  79              	.LVL6:
  39:Dsp/screen/device/oled1306.c **** 
  80              		.loc 1 39 3 view .LVU18
  81 0028 9847     		blx	r3
  82              	.LVL7:
  39:Dsp/screen/device/oled1306.c **** 
  83              		.loc 1 39 3 view .LVU19
  84 002a F1E7     		b	.L3
  85              		.cfi_endproc
  86              	.LFE123:
  88              		.section	.text.Oled_EnableControl,"ax",%progbits
  89              		.align	1
  90              		.syntax unified
  91              		.thumb
  92              		.thumb_func
  93              		.fpu fpv4-sp-d16
  95              	Oled_EnableControl:
  96              	.LVL8:
  97              	.LFB124:
  45:Dsp/screen/device/oled1306.c **** 
  46:Dsp/screen/device/oled1306.c **** static void Oled_EnableControl(Oled_Obj_TypeDef *Oled_Obj, Oled_Enable_State_List state)
  47:Dsp/screen/device/oled1306.c **** {
  98              		.loc 1 47 1 is_stmt 1 view -0
  99              		.cfi_startproc
 100              		@ args = 0, pretend = 0, frame = 0
 101              		@ frame_needed = 0, uses_anonymous_args = 0
 102              		.loc 1 47 1 is_stmt 0 view .LVU21
 103 0000 38B5     		push	{r3, r4, r5, lr}
 104              	.LCFI1:
 105              		.cfi_def_cfa_offset 16
 106              		.cfi_offset 3, -16
 107              		.cfi_offset 4, -12
 108              		.cfi_offset 5, -8
 109              		.cfi_offset 14, -4
 110 0002 0546     		mov	r5, r0
  48:Dsp/screen/device/oled1306.c **** 	uint8_t *Enb_CMD_Buff;
 111              		.loc 1 48 2 is_stmt 1 view .LVU22
  49:Dsp/screen/device/oled1306.c **** 	Oled_TransmitByte(Oled_Obj, 0X8D, Oled_Write_CMD);
 112              		.loc 1 49 2 view .LVU23
 113 0004 0022     		movs	r2, #0
 114 0006 8D21     		movs	r1, #141
 115              	.LVL9:
 116              		.loc 1 49 2 is_stmt 0 view .LVU24
 117 0008 FFF7FEFF 		bl	Oled_TransmitByte
 118              	.LVL10:
  50:Dsp/screen/device/oled1306.c **** 
  51:Dsp/screen/device/oled1306.c **** 	if (state == Oled_Display_Enable)
ARM GAS  C:\Users\huav\AppData\Local\Temp\ccXmrZkf.s 			page 4


 119              		.loc 1 51 2 is_stmt 1 view .LVU25
 120              	.LBB2:
  52:Dsp/screen/device/oled1306.c **** 	{
  53:Dsp/screen/device/oled1306.c **** 		Enb_CMD_Buff = (uint8_t *)OledEnable_CMD;
  54:Dsp/screen/device/oled1306.c **** 	}
  55:Dsp/screen/device/oled1306.c **** 	else
  56:Dsp/screen/device/oled1306.c **** 		Enb_CMD_Buff = (uint8_t *)OledDisable_CMD;
  57:Dsp/screen/device/oled1306.c **** 
  58:Dsp/screen/device/oled1306.c **** 	for (uint8_t i = 0; i < sizeof(OledEnable_CMD); i++)
 121              		.loc 1 58 15 is_stmt 0 view .LVU26
 122 000c 0024     		movs	r4, #0
 123              	.LBE2:
 124 000e 07E0     		b	.L6
 125              	.LVL11:
 126              	.L7:
 127              	.LBB3:
  59:Dsp/screen/device/oled1306.c **** 	{
  60:Dsp/screen/device/oled1306.c **** 		Oled_TransmitByte(Oled_Obj, OledEnable_CMD[i], Oled_Write_CMD);
 128              		.loc 1 60 3 is_stmt 1 discriminator 3 view .LVU27
 129 0010 0022     		movs	r2, #0
 130 0012 054B     		ldr	r3, .L9
 131 0014 195D     		ldrb	r1, [r3, r4]	@ zero_extendqisi2
 132 0016 2846     		mov	r0, r5
 133 0018 FFF7FEFF 		bl	Oled_TransmitByte
 134              	.LVL12:
  58:Dsp/screen/device/oled1306.c **** 	{
 135              		.loc 1 58 50 discriminator 3 view .LVU28
  58:Dsp/screen/device/oled1306.c **** 	{
 136              		.loc 1 58 51 is_stmt 0 discriminator 3 view .LVU29
 137 001c 0134     		adds	r4, r4, #1
 138              	.LVL13:
  58:Dsp/screen/device/oled1306.c **** 	{
 139              		.loc 1 58 51 discriminator 3 view .LVU30
 140 001e E4B2     		uxtb	r4, r4
 141              	.LVL14:
 142              	.L6:
  58:Dsp/screen/device/oled1306.c **** 	{
 143              		.loc 1 58 22 is_stmt 1 discriminator 1 view .LVU31
  58:Dsp/screen/device/oled1306.c **** 	{
 144              		.loc 1 58 2 is_stmt 0 discriminator 1 view .LVU32
 145 0020 012C     		cmp	r4, #1
 146 0022 F5D9     		bls	.L7
 147              	.LBE3:
  61:Dsp/screen/device/oled1306.c **** 	}
  62:Dsp/screen/device/oled1306.c **** }
 148              		.loc 1 62 1 view .LVU33
 149 0024 38BD     		pop	{r3, r4, r5, pc}
 150              	.LVL15:
 151              	.L10:
 152              		.loc 1 62 1 view .LVU34
 153 0026 00BF     		.align	2
 154              	.L9:
 155 0028 00000000 		.word	.LANCHOR0
 156              		.cfi_endproc
 157              	.LFE124:
 159              		.section	.text.Oled_Clear,"ax",%progbits
 160              		.align	1
ARM GAS  C:\Users\huav\AppData\Local\Temp\ccXmrZkf.s 			page 5


 161              		.syntax unified
 162              		.thumb
 163              		.thumb_func
 164              		.fpu fpv4-sp-d16
 166              	Oled_Clear:
 167              	.LVL16:
 168              	.LFB127:
  63:Dsp/screen/device/oled1306.c **** 
  64:Dsp/screen/device/oled1306.c **** static bool Oled_Init(Oled_Obj_TypeDef *Oled_Obj)
  65:Dsp/screen/device/oled1306.c **** {
  66:Dsp/screen/device/oled1306.c **** 	Oled_Obj->bus_init(Oled_Obj->BusID);
  67:Dsp/screen/device/oled1306.c **** 	Oled_Obj->dc_init();
  68:Dsp/screen/device/oled1306.c **** 	Oled_Obj->rs_init();
  69:Dsp/screen/device/oled1306.c **** 
  70:Dsp/screen/device/oled1306.c **** 	Oled_Obj->rs_ctl(Oled_RS_Disable);
  71:Dsp/screen/device/oled1306.c **** 	delay_ms(100);
  72:Dsp/screen/device/oled1306.c **** 	Oled_Obj->rs_ctl(Oled_RS_Enable);
  73:Dsp/screen/device/oled1306.c **** 
  74:Dsp/screen/device/oled1306.c **** 	Oled_TransmitByte(Oled_Obj, 0xAE, Oled_Write_CMD);
  75:Dsp/screen/device/oled1306.c **** 	Oled_TransmitByte(Oled_Obj, 0xD5, Oled_Write_CMD);
  76:Dsp/screen/device/oled1306.c **** 	Oled_TransmitByte(Oled_Obj, 80, Oled_Write_CMD);
  77:Dsp/screen/device/oled1306.c **** 	Oled_TransmitByte(Oled_Obj, 0xA8, Oled_Write_CMD);
  78:Dsp/screen/device/oled1306.c **** 	Oled_TransmitByte(Oled_Obj, 0X3F, Oled_Write_CMD);
  79:Dsp/screen/device/oled1306.c **** 	Oled_TransmitByte(Oled_Obj, 0xD3, Oled_Write_CMD);
  80:Dsp/screen/device/oled1306.c **** 	Oled_TransmitByte(Oled_Obj, 0X00, Oled_Write_CMD);
  81:Dsp/screen/device/oled1306.c **** 
  82:Dsp/screen/device/oled1306.c **** 	Oled_TransmitByte(Oled_Obj, 0x40, Oled_Write_CMD);
  83:Dsp/screen/device/oled1306.c **** 
  84:Dsp/screen/device/oled1306.c **** 	Oled_TransmitByte(Oled_Obj, 0x8D, Oled_Write_CMD);
  85:Dsp/screen/device/oled1306.c **** 	Oled_TransmitByte(Oled_Obj, 0x14, Oled_Write_CMD);
  86:Dsp/screen/device/oled1306.c **** 	Oled_TransmitByte(Oled_Obj, 0x14, Oled_Write_CMD);
  87:Dsp/screen/device/oled1306.c **** 	Oled_TransmitByte(Oled_Obj, 0x20, Oled_Write_CMD);
  88:Dsp/screen/device/oled1306.c **** 	Oled_TransmitByte(Oled_Obj, 0x02, Oled_Write_CMD);
  89:Dsp/screen/device/oled1306.c **** 
  90:Dsp/screen/device/oled1306.c **** 	Oled_TransmitByte(Oled_Obj, 0xA0, Oled_Write_CMD);
  91:Dsp/screen/device/oled1306.c **** 	Oled_TransmitByte(Oled_Obj, 0xC8, Oled_Write_CMD);
  92:Dsp/screen/device/oled1306.c **** 
  93:Dsp/screen/device/oled1306.c **** 	Oled_TransmitByte(Oled_Obj, 0xDA, Oled_Write_CMD);
  94:Dsp/screen/device/oled1306.c **** 	Oled_TransmitByte(Oled_Obj, 0x12, Oled_Write_CMD);
  95:Dsp/screen/device/oled1306.c **** 
  96:Dsp/screen/device/oled1306.c **** 	Oled_TransmitByte(Oled_Obj, 0x81, Oled_Write_CMD);
  97:Dsp/screen/device/oled1306.c **** 	Oled_TransmitByte(Oled_Obj, 0xEF, Oled_Write_CMD);
  98:Dsp/screen/device/oled1306.c **** 	Oled_TransmitByte(Oled_Obj, 0xD9, Oled_Write_CMD);
  99:Dsp/screen/device/oled1306.c **** 	Oled_TransmitByte(Oled_Obj, 0xf1, Oled_Write_CMD);
 100:Dsp/screen/device/oled1306.c **** 	Oled_TransmitByte(Oled_Obj, 0xDB, Oled_Write_CMD);
 101:Dsp/screen/device/oled1306.c **** 	Oled_TransmitByte(Oled_Obj, 0x30, Oled_Write_CMD);
 102:Dsp/screen/device/oled1306.c **** 
 103:Dsp/screen/device/oled1306.c **** 	Oled_TransmitByte(Oled_Obj, 0xA4, Oled_Write_CMD);
 104:Dsp/screen/device/oled1306.c **** 	Oled_TransmitByte(Oled_Obj, 0xA6, Oled_Write_CMD);
 105:Dsp/screen/device/oled1306.c **** 	Oled_TransmitByte(Oled_Obj, 0xAF, Oled_Write_CMD);
 106:Dsp/screen/device/oled1306.c **** 
 107:Dsp/screen/device/oled1306.c **** 	Oled_Clear(Oled_Obj);
 108:Dsp/screen/device/oled1306.c **** 
 109:Dsp/screen/device/oled1306.c **** 	return true;
 110:Dsp/screen/device/oled1306.c **** }
 111:Dsp/screen/device/oled1306.c **** 
 112:Dsp/screen/device/oled1306.c **** static bool Oled_Refresh(Oled_Obj_TypeDef *Oled_Obj, uint8_t **val)
ARM GAS  C:\Users\huav\AppData\Local\Temp\ccXmrZkf.s 			page 6


 113:Dsp/screen/device/oled1306.c **** {
 114:Dsp/screen/device/oled1306.c **** 	//update pixel map
 115:Dsp/screen/device/oled1306.c **** 	if (!Oled_MapUpdate(Oled_Obj, val))
 116:Dsp/screen/device/oled1306.c **** 	{
 117:Dsp/screen/device/oled1306.c **** 		return false;
 118:Dsp/screen/device/oled1306.c **** 	}
 119:Dsp/screen/device/oled1306.c **** 
 120:Dsp/screen/device/oled1306.c **** 	for (uint8_t c = 0; c < OLED_COLUMN_BLOCK_NUM; c++)
 121:Dsp/screen/device/oled1306.c **** 	{
 122:Dsp/screen/device/oled1306.c **** 		Oled_TransmitByte(Oled_Obj, (0xb0 + c), Oled_Write_CMD);
 123:Dsp/screen/device/oled1306.c **** 		Oled_TransmitByte(Oled_Obj, 0x00, Oled_Write_CMD);
 124:Dsp/screen/device/oled1306.c **** 		Oled_TransmitByte(Oled_Obj, 0x10, Oled_Write_CMD);
 125:Dsp/screen/device/oled1306.c **** 
 126:Dsp/screen/device/oled1306.c **** 		//can use spi dma for transmit
 127:Dsp/screen/device/oled1306.c **** 		for (uint8_t r = 0; r < OLED_MAX_WIDTH; r++)
 128:Dsp/screen/device/oled1306.c **** 		{
 129:Dsp/screen/device/oled1306.c **** 			Oled_TransmitByte(Oled_Obj, blackboard[r][c], Oled_Write_CMD);
 130:Dsp/screen/device/oled1306.c **** 		}
 131:Dsp/screen/device/oled1306.c **** 	}
 132:Dsp/screen/device/oled1306.c **** 
 133:Dsp/screen/device/oled1306.c **** 	return true;
 134:Dsp/screen/device/oled1306.c **** }
 135:Dsp/screen/device/oled1306.c **** 
 136:Dsp/screen/device/oled1306.c **** static void Oled_Clear(Oled_Obj_TypeDef *Oled_Obj)
 137:Dsp/screen/device/oled1306.c **** {
 169              		.loc 1 137 1 is_stmt 1 view -0
 170              		.cfi_startproc
 171              		@ args = 0, pretend = 0, frame = 0
 172              		@ frame_needed = 0, uses_anonymous_args = 0
 173              		.loc 1 137 1 is_stmt 0 view .LVU36
 174 0000 70B5     		push	{r4, r5, r6, lr}
 175              	.LCFI2:
 176              		.cfi_def_cfa_offset 16
 177              		.cfi_offset 4, -16
 178              		.cfi_offset 5, -12
 179              		.cfi_offset 6, -8
 180              		.cfi_offset 14, -4
 181 0002 0546     		mov	r5, r0
 138:Dsp/screen/device/oled1306.c **** 	for (uint8_t c = 0; c < OLED_COLUMN_BLOCK_NUM; c++)
 182              		.loc 1 138 2 is_stmt 1 view .LVU37
 183              	.LBB4:
 184              		.loc 1 138 7 view .LVU38
 185              	.LVL17:
 186              		.loc 1 138 15 is_stmt 0 view .LVU39
 187 0004 0026     		movs	r6, #0
 188              		.loc 1 138 2 view .LVU40
 189 0006 0BE0     		b	.L12
 190              	.LVL18:
 191              	.L14:
 192              	.LBB5:
 139:Dsp/screen/device/oled1306.c **** 	{
 140:Dsp/screen/device/oled1306.c **** 		Oled_TransmitByte(Oled_Obj, (0xb0 + c), Oled_Write_CMD);
 141:Dsp/screen/device/oled1306.c **** 		Oled_TransmitByte(Oled_Obj, 0x00, Oled_Write_CMD);
 142:Dsp/screen/device/oled1306.c **** 		Oled_TransmitByte(Oled_Obj, 0x10, Oled_Write_CMD);
 143:Dsp/screen/device/oled1306.c **** 
 144:Dsp/screen/device/oled1306.c **** 		for (uint8_t r = 0; r < OLED_MAX_WIDTH; r++)
 145:Dsp/screen/device/oled1306.c **** 		{
ARM GAS  C:\Users\huav\AppData\Local\Temp\ccXmrZkf.s 			page 7


 146:Dsp/screen/device/oled1306.c **** 			Oled_TransmitByte(Oled_Obj, 0x00, Oled_Write_CMD);
 193              		.loc 1 146 4 is_stmt 1 discriminator 3 view .LVU41
 194 0008 0022     		movs	r2, #0
 195 000a 1146     		mov	r1, r2
 196 000c 2846     		mov	r0, r5
 197 000e FFF7FEFF 		bl	Oled_TransmitByte
 198              	.LVL19:
 144:Dsp/screen/device/oled1306.c **** 		{
 199              		.loc 1 144 43 discriminator 3 view .LVU42
 144:Dsp/screen/device/oled1306.c **** 		{
 200              		.loc 1 144 44 is_stmt 0 discriminator 3 view .LVU43
 201 0012 0134     		adds	r4, r4, #1
 202              	.LVL20:
 144:Dsp/screen/device/oled1306.c **** 		{
 203              		.loc 1 144 44 discriminator 3 view .LVU44
 204 0014 E4B2     		uxtb	r4, r4
 205              	.LVL21:
 206              	.L13:
 144:Dsp/screen/device/oled1306.c **** 		{
 207              		.loc 1 144 23 is_stmt 1 discriminator 1 view .LVU45
 144:Dsp/screen/device/oled1306.c **** 		{
 208              		.loc 1 144 3 is_stmt 0 discriminator 1 view .LVU46
 209 0016 14F0800F 		tst	r4, #128
 210 001a F5D0     		beq	.L14
 211              	.LBE5:
 138:Dsp/screen/device/oled1306.c **** 	for (uint8_t c = 0; c < OLED_COLUMN_BLOCK_NUM; c++)
 212              		.loc 1 138 49 is_stmt 1 discriminator 2 view .LVU47
 138:Dsp/screen/device/oled1306.c **** 	for (uint8_t c = 0; c < OLED_COLUMN_BLOCK_NUM; c++)
 213              		.loc 1 138 50 is_stmt 0 discriminator 2 view .LVU48
 214 001c 0136     		adds	r6, r6, #1
 215              	.LVL22:
 138:Dsp/screen/device/oled1306.c **** 	for (uint8_t c = 0; c < OLED_COLUMN_BLOCK_NUM; c++)
 216              		.loc 1 138 50 discriminator 2 view .LVU49
 217 001e F6B2     		uxtb	r6, r6
 218              	.LVL23:
 219              	.L12:
 138:Dsp/screen/device/oled1306.c **** 	for (uint8_t c = 0; c < OLED_COLUMN_BLOCK_NUM; c++)
 220              		.loc 1 138 22 is_stmt 1 discriminator 1 view .LVU50
 138:Dsp/screen/device/oled1306.c **** 	for (uint8_t c = 0; c < OLED_COLUMN_BLOCK_NUM; c++)
 221              		.loc 1 138 2 is_stmt 0 discriminator 1 view .LVU51
 222 0020 072E     		cmp	r6, #7
 223 0022 12D8     		bhi	.L17
 140:Dsp/screen/device/oled1306.c **** 		Oled_TransmitByte(Oled_Obj, 0x00, Oled_Write_CMD);
 224              		.loc 1 140 3 is_stmt 1 view .LVU52
 225 0024 A6F15001 		sub	r1, r6, #80
 226 0028 0022     		movs	r2, #0
 227 002a C9B2     		uxtb	r1, r1
 228 002c 2846     		mov	r0, r5
 229 002e FFF7FEFF 		bl	Oled_TransmitByte
 230              	.LVL24:
 141:Dsp/screen/device/oled1306.c **** 		Oled_TransmitByte(Oled_Obj, 0x10, Oled_Write_CMD);
 231              		.loc 1 141 3 view .LVU53
 232 0032 0022     		movs	r2, #0
 233 0034 1146     		mov	r1, r2
 234 0036 2846     		mov	r0, r5
 235 0038 FFF7FEFF 		bl	Oled_TransmitByte
 236              	.LVL25:
ARM GAS  C:\Users\huav\AppData\Local\Temp\ccXmrZkf.s 			page 8


 142:Dsp/screen/device/oled1306.c **** 
 237              		.loc 1 142 3 view .LVU54
 238 003c 0022     		movs	r2, #0
 239 003e 1021     		movs	r1, #16
 240 0040 2846     		mov	r0, r5
 241 0042 FFF7FEFF 		bl	Oled_TransmitByte
 242              	.LVL26:
 144:Dsp/screen/device/oled1306.c **** 		{
 243              		.loc 1 144 3 view .LVU55
 244              	.LBB6:
 144:Dsp/screen/device/oled1306.c **** 		{
 245              		.loc 1 144 8 view .LVU56
 144:Dsp/screen/device/oled1306.c **** 		{
 246              		.loc 1 144 16 is_stmt 0 view .LVU57
 247 0046 0024     		movs	r4, #0
 144:Dsp/screen/device/oled1306.c **** 		{
 248              		.loc 1 144 3 view .LVU58
 249 0048 E5E7     		b	.L13
 250              	.LVL27:
 251              	.L17:
 144:Dsp/screen/device/oled1306.c **** 		{
 252              		.loc 1 144 3 view .LVU59
 253              	.LBE6:
 254              	.LBE4:
 147:Dsp/screen/device/oled1306.c **** 		}
 148:Dsp/screen/device/oled1306.c **** 	}
 149:Dsp/screen/device/oled1306.c **** }
 255              		.loc 1 149 1 view .LVU60
 256 004a 70BD     		pop	{r4, r5, r6, pc}
 257              		.loc 1 149 1 view .LVU61
 258              		.cfi_endproc
 259              	.LFE127:
 261              		.section	.text.Oled_GetMax_Width,"ax",%progbits
 262              		.align	1
 263              		.syntax unified
 264              		.thumb
 265              		.thumb_func
 266              		.fpu fpv4-sp-d16
 268              	Oled_GetMax_Width:
 269              	.LFB128:
 150:Dsp/screen/device/oled1306.c **** 
 151:Dsp/screen/device/oled1306.c **** static uint8_t Oled_GetMax_Width(void)
 152:Dsp/screen/device/oled1306.c **** {
 270              		.loc 1 152 1 is_stmt 1 view -0
 271              		.cfi_startproc
 272              		@ args = 0, pretend = 0, frame = 0
 273              		@ frame_needed = 0, uses_anonymous_args = 0
 274              		@ link register save eliminated.
 153:Dsp/screen/device/oled1306.c **** 	return OLED_MAX_WIDTH;
 275              		.loc 1 153 2 view .LVU63
 154:Dsp/screen/device/oled1306.c **** }
 276              		.loc 1 154 1 is_stmt 0 view .LVU64
 277 0000 8020     		movs	r0, #128
 278 0002 7047     		bx	lr
 279              		.cfi_endproc
 280              	.LFE128:
 282              		.section	.text.Oled_GetMax_Height,"ax",%progbits
ARM GAS  C:\Users\huav\AppData\Local\Temp\ccXmrZkf.s 			page 9


 283              		.align	1
 284              		.syntax unified
 285              		.thumb
 286              		.thumb_func
 287              		.fpu fpv4-sp-d16
 289              	Oled_GetMax_Height:
 290              	.LFB129:
 155:Dsp/screen/device/oled1306.c **** 
 156:Dsp/screen/device/oled1306.c **** static uint8_t Oled_GetMax_Height(void)
 157:Dsp/screen/device/oled1306.c **** {
 291              		.loc 1 157 1 is_stmt 1 view -0
 292              		.cfi_startproc
 293              		@ args = 0, pretend = 0, frame = 0
 294              		@ frame_needed = 0, uses_anonymous_args = 0
 295              		@ link register save eliminated.
 158:Dsp/screen/device/oled1306.c **** 	return OLED_MAX_HEIGHT;
 296              		.loc 1 158 2 view .LVU66
 159:Dsp/screen/device/oled1306.c **** }
 297              		.loc 1 159 1 is_stmt 0 view .LVU67
 298 0000 4020     		movs	r0, #64
 299 0002 7047     		bx	lr
 300              		.cfi_endproc
 301              	.LFE129:
 303              		.section	.text.Oled_MapUpdate,"ax",%progbits
 304              		.align	1
 305              		.syntax unified
 306              		.thumb
 307              		.thumb_func
 308              		.fpu fpv4-sp-d16
 310              	Oled_MapUpdate:
 311              	.LVL28:
 312              	.LFB130:
 160:Dsp/screen/device/oled1306.c **** 
 161:Dsp/screen/device/oled1306.c **** static bool Oled_MapUpdate(Oled_Obj_TypeDef *Oled_Obj, uint8_t **map)
 162:Dsp/screen/device/oled1306.c **** {
 313              		.loc 1 162 1 is_stmt 1 view -0
 314              		.cfi_startproc
 315              		@ args = 0, pretend = 0, frame = 8
 316              		@ frame_needed = 0, uses_anonymous_args = 0
 317              		.loc 1 162 1 is_stmt 0 view .LVU69
 318 0000 10B5     		push	{r4, lr}
 319              	.LCFI3:
 320              		.cfi_def_cfa_offset 8
 321              		.cfi_offset 4, -8
 322              		.cfi_offset 14, -4
 323 0002 82B0     		sub	sp, sp, #8
 324              	.LCFI4:
 325              		.cfi_def_cfa_offset 16
 163:Dsp/screen/device/oled1306.c **** 	volatile uint8_t tmp = 0;
 326              		.loc 1 163 2 is_stmt 1 view .LVU70
 327              		.loc 1 163 19 is_stmt 0 view .LVU71
 328 0004 0023     		movs	r3, #0
 329 0006 8DF80730 		strb	r3, [sp, #7]
 164:Dsp/screen/device/oled1306.c **** 
 165:Dsp/screen/device/oled1306.c **** 	if ((Oled_Obj == NULL) || (map == NULL))
 330              		.loc 1 165 2 is_stmt 1 view .LVU72
 331              		.loc 1 165 5 is_stmt 0 view .LVU73
ARM GAS  C:\Users\huav\AppData\Local\Temp\ccXmrZkf.s 			page 10


 332 000a 28B3     		cbz	r0, .L25
 333 000c 0C46     		mov	r4, r1
 334              		.loc 1 165 25 discriminator 1 view .LVU74
 335 000e 29B3     		cbz	r1, .L26
 336              	.LBB7:
 166:Dsp/screen/device/oled1306.c **** 		return false;
 167:Dsp/screen/device/oled1306.c **** 
 168:Dsp/screen/device/oled1306.c **** 	for (uint8_t row_index = 0; row_index < OLED_MAX_WIDTH; row_index++)
 337              		.loc 1 168 15 view .LVU75
 338 0010 9E46     		mov	lr, r3
 339 0012 19E0     		b	.L22
 340              	.LVL29:
 341              	.L23:
 342              	.LBB8:
 169:Dsp/screen/device/oled1306.c **** 	{
 170:Dsp/screen/device/oled1306.c **** 		for (uint8_t column_index = 0; column_index < OLED_MAX_HEIGHT; column_index++)
 171:Dsp/screen/device/oled1306.c **** 		{
 172:Dsp/screen/device/oled1306.c **** 			blackboard[row_index][column_index / COLUMN_SIZE] |= map[column_index][row_index] << (column_ind
 343              		.loc 1 172 4 is_stmt 1 discriminator 3 view .LVU76
 344              		.loc 1 172 54 is_stmt 0 discriminator 3 view .LVU77
 345 0014 4FEAD30C 		lsr	ip, r3, #3
 346              		.loc 1 172 60 discriminator 3 view .LVU78
 347 0018 54F82320 		ldr	r2, [r4, r3, lsl #2]
 348              		.loc 1 172 74 discriminator 3 view .LVU79
 349 001c 12F80E10 		ldrb	r1, [r2, lr]	@ zero_extendqisi2
 350              		.loc 1 172 103 discriminator 3 view .LVU80
 351 0020 03F00700 		and	r0, r3, #7
 352              		.loc 1 172 86 discriminator 3 view .LVU81
 353 0024 01FA00F0 		lsl	r0, r1, r0
 354              		.loc 1 172 54 discriminator 3 view .LVU82
 355 0028 0D4A     		ldr	r2, .L30
 356 002a 02EBCE02 		add	r2, r2, lr, lsl #3
 357 002e 12F80C10 		ldrb	r1, [r2, ip]	@ zero_extendqisi2
 358 0032 0143     		orrs	r1, r1, r0
 359 0034 02F80C10 		strb	r1, [r2, ip]
 170:Dsp/screen/device/oled1306.c **** 		{
 360              		.loc 1 170 66 is_stmt 1 discriminator 3 view .LVU83
 170:Dsp/screen/device/oled1306.c **** 		{
 361              		.loc 1 170 78 is_stmt 0 discriminator 3 view .LVU84
 362 0038 0133     		adds	r3, r3, #1
 363              	.LVL30:
 170:Dsp/screen/device/oled1306.c **** 		{
 364              		.loc 1 170 78 discriminator 3 view .LVU85
 365 003a DBB2     		uxtb	r3, r3
 366              	.LVL31:
 367              	.L24:
 170:Dsp/screen/device/oled1306.c **** 		{
 368              		.loc 1 170 34 is_stmt 1 discriminator 1 view .LVU86
 170:Dsp/screen/device/oled1306.c **** 		{
 369              		.loc 1 170 3 is_stmt 0 discriminator 1 view .LVU87
 370 003c 3F2B     		cmp	r3, #63
 371 003e E9D9     		bls	.L23
 372              	.LBE8:
 168:Dsp/screen/device/oled1306.c **** 	{
 373              		.loc 1 168 58 is_stmt 1 discriminator 2 view .LVU88
 168:Dsp/screen/device/oled1306.c **** 	{
 374              		.loc 1 168 67 is_stmt 0 discriminator 2 view .LVU89
ARM GAS  C:\Users\huav\AppData\Local\Temp\ccXmrZkf.s 			page 11


 375 0040 0EF1010E 		add	lr, lr, #1
 376              	.LVL32:
 168:Dsp/screen/device/oled1306.c **** 	{
 377              		.loc 1 168 67 discriminator 2 view .LVU90
 378 0044 5FFA8EFE 		uxtb	lr, lr
 379              	.LVL33:
 380              	.L22:
 168:Dsp/screen/device/oled1306.c **** 	{
 381              		.loc 1 168 30 is_stmt 1 discriminator 1 view .LVU91
 168:Dsp/screen/device/oled1306.c **** 	{
 382              		.loc 1 168 2 is_stmt 0 discriminator 1 view .LVU92
 383 0048 1EF0800F 		tst	lr, #128
 384 004c 01D1     		bne	.L29
 385              	.LBB9:
 170:Dsp/screen/device/oled1306.c **** 		{
 386              		.loc 1 170 16 view .LVU93
 387 004e 0023     		movs	r3, #0
 388 0050 F4E7     		b	.L24
 389              	.L29:
 390              	.LBE9:
 391              	.LBE7:
 173:Dsp/screen/device/oled1306.c **** 		}
 174:Dsp/screen/device/oled1306.c **** 	}
 175:Dsp/screen/device/oled1306.c **** 	return true;
 392              		.loc 1 175 9 view .LVU94
 393 0052 0120     		movs	r0, #1
 394              	.LVL34:
 395              	.L21:
 176:Dsp/screen/device/oled1306.c **** }
 396              		.loc 1 176 1 view .LVU95
 397 0054 02B0     		add	sp, sp, #8
 398              	.LCFI5:
 399              		.cfi_remember_state
 400              		.cfi_def_cfa_offset 8
 401              		@ sp needed
 402 0056 10BD     		pop	{r4, pc}
 403              	.LVL35:
 404              	.L25:
 405              	.LCFI6:
 406              		.cfi_restore_state
 166:Dsp/screen/device/oled1306.c **** 
 407              		.loc 1 166 10 view .LVU96
 408 0058 0020     		movs	r0, #0
 409              	.LVL36:
 166:Dsp/screen/device/oled1306.c **** 
 410              		.loc 1 166 10 view .LVU97
 411 005a FBE7     		b	.L21
 412              	.LVL37:
 413              	.L26:
 166:Dsp/screen/device/oled1306.c **** 
 414              		.loc 1 166 10 view .LVU98
 415 005c 0020     		movs	r0, #0
 416              	.LVL38:
 166:Dsp/screen/device/oled1306.c **** 
 417              		.loc 1 166 10 view .LVU99
 418 005e F9E7     		b	.L21
 419              	.L31:
ARM GAS  C:\Users\huav\AppData\Local\Temp\ccXmrZkf.s 			page 12


 420              		.align	2
 421              	.L30:
 422 0060 00000000 		.word	.LANCHOR1
 423              		.cfi_endproc
 424              	.LFE130:
 426              		.section	.text.Oled_Refresh,"ax",%progbits
 427              		.align	1
 428              		.syntax unified
 429              		.thumb
 430              		.thumb_func
 431              		.fpu fpv4-sp-d16
 433              	Oled_Refresh:
 434              	.LVL39:
 435              	.LFB126:
 113:Dsp/screen/device/oled1306.c **** 	//update pixel map
 436              		.loc 1 113 1 is_stmt 1 view -0
 437              		.cfi_startproc
 438              		@ args = 0, pretend = 0, frame = 0
 439              		@ frame_needed = 0, uses_anonymous_args = 0
 113:Dsp/screen/device/oled1306.c **** 	//update pixel map
 440              		.loc 1 113 1 is_stmt 0 view .LVU101
 441 0000 F8B5     		push	{r3, r4, r5, r6, r7, lr}
 442              	.LCFI7:
 443              		.cfi_def_cfa_offset 24
 444              		.cfi_offset 3, -24
 445              		.cfi_offset 4, -20
 446              		.cfi_offset 5, -16
 447              		.cfi_offset 6, -12
 448              		.cfi_offset 7, -8
 449              		.cfi_offset 14, -4
 450 0002 0646     		mov	r6, r0
 115:Dsp/screen/device/oled1306.c **** 	{
 451              		.loc 1 115 2 is_stmt 1 view .LVU102
 115:Dsp/screen/device/oled1306.c **** 	{
 452              		.loc 1 115 7 is_stmt 0 view .LVU103
 453 0004 FFF7FEFF 		bl	Oled_MapUpdate
 454              	.LVL40:
 115:Dsp/screen/device/oled1306.c **** 	{
 455              		.loc 1 115 5 view .LVU104
 456 0008 0746     		mov	r7, r0
 457 000a 28B3     		cbz	r0, .L34
 458              	.LBB10:
 120:Dsp/screen/device/oled1306.c **** 	{
 459              		.loc 1 120 15 view .LVU105
 460 000c 0025     		movs	r5, #0
 461 000e 0EE0     		b	.L33
 462              	.LVL41:
 463              	.L36:
 464              	.LBB11:
 129:Dsp/screen/device/oled1306.c **** 		}
 465              		.loc 1 129 4 is_stmt 1 discriminator 3 view .LVU106
 466 0010 124B     		ldr	r3, .L40
 467 0012 03EBC403 		add	r3, r3, r4, lsl #3
 468 0016 0022     		movs	r2, #0
 469 0018 595D     		ldrb	r1, [r3, r5]	@ zero_extendqisi2
 470 001a 3046     		mov	r0, r6
 471 001c FFF7FEFF 		bl	Oled_TransmitByte
ARM GAS  C:\Users\huav\AppData\Local\Temp\ccXmrZkf.s 			page 13


 472              	.LVL42:
 127:Dsp/screen/device/oled1306.c **** 		{
 473              		.loc 1 127 43 discriminator 3 view .LVU107
 127:Dsp/screen/device/oled1306.c **** 		{
 474              		.loc 1 127 44 is_stmt 0 discriminator 3 view .LVU108
 475 0020 0134     		adds	r4, r4, #1
 476              	.LVL43:
 127:Dsp/screen/device/oled1306.c **** 		{
 477              		.loc 1 127 44 discriminator 3 view .LVU109
 478 0022 E4B2     		uxtb	r4, r4
 479              	.LVL44:
 480              	.L35:
 127:Dsp/screen/device/oled1306.c **** 		{
 481              		.loc 1 127 23 is_stmt 1 discriminator 1 view .LVU110
 127:Dsp/screen/device/oled1306.c **** 		{
 482              		.loc 1 127 3 is_stmt 0 discriminator 1 view .LVU111
 483 0024 14F0800F 		tst	r4, #128
 484 0028 F2D0     		beq	.L36
 485              	.LBE11:
 120:Dsp/screen/device/oled1306.c **** 	{
 486              		.loc 1 120 49 is_stmt 1 discriminator 2 view .LVU112
 120:Dsp/screen/device/oled1306.c **** 	{
 487              		.loc 1 120 50 is_stmt 0 discriminator 2 view .LVU113
 488 002a 0135     		adds	r5, r5, #1
 489              	.LVL45:
 120:Dsp/screen/device/oled1306.c **** 	{
 490              		.loc 1 120 50 discriminator 2 view .LVU114
 491 002c EDB2     		uxtb	r5, r5
 492              	.LVL46:
 493              	.L33:
 120:Dsp/screen/device/oled1306.c **** 	{
 494              		.loc 1 120 22 is_stmt 1 discriminator 1 view .LVU115
 120:Dsp/screen/device/oled1306.c **** 	{
 495              		.loc 1 120 2 is_stmt 0 discriminator 1 view .LVU116
 496 002e 072D     		cmp	r5, #7
 497 0030 12D8     		bhi	.L34
 122:Dsp/screen/device/oled1306.c **** 		Oled_TransmitByte(Oled_Obj, 0x00, Oled_Write_CMD);
 498              		.loc 1 122 3 is_stmt 1 view .LVU117
 499 0032 A5F15001 		sub	r1, r5, #80
 500 0036 0022     		movs	r2, #0
 501 0038 C9B2     		uxtb	r1, r1
 502 003a 3046     		mov	r0, r6
 503 003c FFF7FEFF 		bl	Oled_TransmitByte
 504              	.LVL47:
 123:Dsp/screen/device/oled1306.c **** 		Oled_TransmitByte(Oled_Obj, 0x10, Oled_Write_CMD);
 505              		.loc 1 123 3 view .LVU118
 506 0040 0022     		movs	r2, #0
 507 0042 1146     		mov	r1, r2
 508 0044 3046     		mov	r0, r6
 509 0046 FFF7FEFF 		bl	Oled_TransmitByte
 510              	.LVL48:
 124:Dsp/screen/device/oled1306.c **** 
 511              		.loc 1 124 3 view .LVU119
 512 004a 0022     		movs	r2, #0
 513 004c 1021     		movs	r1, #16
 514 004e 3046     		mov	r0, r6
 515 0050 FFF7FEFF 		bl	Oled_TransmitByte
ARM GAS  C:\Users\huav\AppData\Local\Temp\ccXmrZkf.s 			page 14


 516              	.LVL49:
 127:Dsp/screen/device/oled1306.c **** 		{
 517              		.loc 1 127 3 view .LVU120
 518              	.LBB12:
 127:Dsp/screen/device/oled1306.c **** 		{
 519              		.loc 1 127 8 view .LVU121
 127:Dsp/screen/device/oled1306.c **** 		{
 520              		.loc 1 127 16 is_stmt 0 view .LVU122
 521 0054 0024     		movs	r4, #0
 127:Dsp/screen/device/oled1306.c **** 		{
 522              		.loc 1 127 3 view .LVU123
 523 0056 E5E7     		b	.L35
 524              	.LVL50:
 525              	.L34:
 127:Dsp/screen/device/oled1306.c **** 		{
 526              		.loc 1 127 3 view .LVU124
 527              	.LBE12:
 528              	.LBE10:
 134:Dsp/screen/device/oled1306.c **** 
 529              		.loc 1 134 1 view .LVU125
 530 0058 3846     		mov	r0, r7
 531 005a F8BD     		pop	{r3, r4, r5, r6, r7, pc}
 532              	.LVL51:
 533              	.L41:
 134:Dsp/screen/device/oled1306.c **** 
 534              		.loc 1 134 1 view .LVU126
 535              		.align	2
 536              	.L40:
 537 005c 00000000 		.word	.LANCHOR1
 538              		.cfi_endproc
 539              	.LFE126:
 541              		.section	.text.Oled_Init,"ax",%progbits
 542              		.align	1
 543              		.syntax unified
 544              		.thumb
 545              		.thumb_func
 546              		.fpu fpv4-sp-d16
 548              	Oled_Init:
 549              	.LVL52:
 550              	.LFB125:
  65:Dsp/screen/device/oled1306.c **** 	Oled_Obj->bus_init(Oled_Obj->BusID);
 551              		.loc 1 65 1 is_stmt 1 view -0
 552              		.cfi_startproc
 553              		@ args = 0, pretend = 0, frame = 0
 554              		@ frame_needed = 0, uses_anonymous_args = 0
  65:Dsp/screen/device/oled1306.c **** 	Oled_Obj->bus_init(Oled_Obj->BusID);
 555              		.loc 1 65 1 is_stmt 0 view .LVU128
 556 0000 10B5     		push	{r4, lr}
 557              	.LCFI8:
 558              		.cfi_def_cfa_offset 8
 559              		.cfi_offset 4, -8
 560              		.cfi_offset 14, -4
 561 0002 0446     		mov	r4, r0
  66:Dsp/screen/device/oled1306.c **** 	Oled_Obj->dc_init();
 562              		.loc 1 66 2 is_stmt 1 view .LVU129
  66:Dsp/screen/device/oled1306.c **** 	Oled_Obj->dc_init();
 563              		.loc 1 66 10 is_stmt 0 view .LVU130
ARM GAS  C:\Users\huav\AppData\Local\Temp\ccXmrZkf.s 			page 15


 564 0004 D0F81630 		ldr	r3, [r0, #22]	@ unaligned
  66:Dsp/screen/device/oled1306.c **** 	Oled_Obj->dc_init();
 565              		.loc 1 66 2 view .LVU131
 566 0008 4079     		ldrb	r0, [r0, #5]	@ zero_extendqisi2
 567              	.LVL53:
  66:Dsp/screen/device/oled1306.c **** 	Oled_Obj->dc_init();
 568              		.loc 1 66 2 view .LVU132
 569 000a 9847     		blx	r3
 570              	.LVL54:
  67:Dsp/screen/device/oled1306.c **** 	Oled_Obj->rs_init();
 571              		.loc 1 67 2 is_stmt 1 view .LVU133
  67:Dsp/screen/device/oled1306.c **** 	Oled_Obj->rs_init();
 572              		.loc 1 67 10 is_stmt 0 view .LVU134
 573 000c D4F80A30 		ldr	r3, [r4, #10]	@ unaligned
  67:Dsp/screen/device/oled1306.c **** 	Oled_Obj->rs_init();
 574              		.loc 1 67 2 view .LVU135
 575 0010 9847     		blx	r3
 576              	.LVL55:
  68:Dsp/screen/device/oled1306.c **** 
 577              		.loc 1 68 2 is_stmt 1 view .LVU136
  68:Dsp/screen/device/oled1306.c **** 
 578              		.loc 1 68 10 is_stmt 0 view .LVU137
 579 0012 D4F80630 		ldr	r3, [r4, #6]	@ unaligned
  68:Dsp/screen/device/oled1306.c **** 
 580              		.loc 1 68 2 view .LVU138
 581 0016 9847     		blx	r3
 582              	.LVL56:
  70:Dsp/screen/device/oled1306.c **** 	delay_ms(100);
 583              		.loc 1 70 2 is_stmt 1 view .LVU139
  70:Dsp/screen/device/oled1306.c **** 	delay_ms(100);
 584              		.loc 1 70 10 is_stmt 0 view .LVU140
 585 0018 D4F80E30 		ldr	r3, [r4, #14]	@ unaligned
  70:Dsp/screen/device/oled1306.c **** 	delay_ms(100);
 586              		.loc 1 70 2 view .LVU141
 587 001c 0120     		movs	r0, #1
 588 001e 9847     		blx	r3
 589              	.LVL57:
  71:Dsp/screen/device/oled1306.c **** 	Oled_Obj->rs_ctl(Oled_RS_Enable);
 590              		.loc 1 71 2 is_stmt 1 view .LVU142
 591 0020 6420     		movs	r0, #100
 592 0022 FFF7FEFF 		bl	delay_ms
 593              	.LVL58:
  72:Dsp/screen/device/oled1306.c **** 
 594              		.loc 1 72 2 view .LVU143
  72:Dsp/screen/device/oled1306.c **** 
 595              		.loc 1 72 10 is_stmt 0 view .LVU144
 596 0026 D4F80E30 		ldr	r3, [r4, #14]	@ unaligned
  72:Dsp/screen/device/oled1306.c **** 
 597              		.loc 1 72 2 view .LVU145
 598 002a 0020     		movs	r0, #0
 599 002c 9847     		blx	r3
 600              	.LVL59:
  74:Dsp/screen/device/oled1306.c **** 	Oled_TransmitByte(Oled_Obj, 0xD5, Oled_Write_CMD);
 601              		.loc 1 74 2 is_stmt 1 view .LVU146
 602 002e 0022     		movs	r2, #0
 603 0030 AE21     		movs	r1, #174
 604 0032 2046     		mov	r0, r4
ARM GAS  C:\Users\huav\AppData\Local\Temp\ccXmrZkf.s 			page 16


 605 0034 FFF7FEFF 		bl	Oled_TransmitByte
 606              	.LVL60:
  75:Dsp/screen/device/oled1306.c **** 	Oled_TransmitByte(Oled_Obj, 80, Oled_Write_CMD);
 607              		.loc 1 75 2 view .LVU147
 608 0038 0022     		movs	r2, #0
 609 003a D521     		movs	r1, #213
 610 003c 2046     		mov	r0, r4
 611 003e FFF7FEFF 		bl	Oled_TransmitByte
 612              	.LVL61:
  76:Dsp/screen/device/oled1306.c **** 	Oled_TransmitByte(Oled_Obj, 0xA8, Oled_Write_CMD);
 613              		.loc 1 76 2 view .LVU148
 614 0042 0022     		movs	r2, #0
 615 0044 5021     		movs	r1, #80
 616 0046 2046     		mov	r0, r4
 617 0048 FFF7FEFF 		bl	Oled_TransmitByte
 618              	.LVL62:
  77:Dsp/screen/device/oled1306.c **** 	Oled_TransmitByte(Oled_Obj, 0X3F, Oled_Write_CMD);
 619              		.loc 1 77 2 view .LVU149
 620 004c 0022     		movs	r2, #0
 621 004e A821     		movs	r1, #168
 622 0050 2046     		mov	r0, r4
 623 0052 FFF7FEFF 		bl	Oled_TransmitByte
 624              	.LVL63:
  78:Dsp/screen/device/oled1306.c **** 	Oled_TransmitByte(Oled_Obj, 0xD3, Oled_Write_CMD);
 625              		.loc 1 78 2 view .LVU150
 626 0056 0022     		movs	r2, #0
 627 0058 3F21     		movs	r1, #63
 628 005a 2046     		mov	r0, r4
 629 005c FFF7FEFF 		bl	Oled_TransmitByte
 630              	.LVL64:
  79:Dsp/screen/device/oled1306.c **** 	Oled_TransmitByte(Oled_Obj, 0X00, Oled_Write_CMD);
 631              		.loc 1 79 2 view .LVU151
 632 0060 0022     		movs	r2, #0
 633 0062 D321     		movs	r1, #211
 634 0064 2046     		mov	r0, r4
 635 0066 FFF7FEFF 		bl	Oled_TransmitByte
 636              	.LVL65:
  80:Dsp/screen/device/oled1306.c **** 
 637              		.loc 1 80 2 view .LVU152
 638 006a 0022     		movs	r2, #0
 639 006c 1146     		mov	r1, r2
 640 006e 2046     		mov	r0, r4
 641 0070 FFF7FEFF 		bl	Oled_TransmitByte
 642              	.LVL66:
  82:Dsp/screen/device/oled1306.c **** 
 643              		.loc 1 82 2 view .LVU153
 644 0074 0022     		movs	r2, #0
 645 0076 4021     		movs	r1, #64
 646 0078 2046     		mov	r0, r4
 647 007a FFF7FEFF 		bl	Oled_TransmitByte
 648              	.LVL67:
  84:Dsp/screen/device/oled1306.c **** 	Oled_TransmitByte(Oled_Obj, 0x14, Oled_Write_CMD);
 649              		.loc 1 84 2 view .LVU154
 650 007e 0022     		movs	r2, #0
 651 0080 8D21     		movs	r1, #141
 652 0082 2046     		mov	r0, r4
 653 0084 FFF7FEFF 		bl	Oled_TransmitByte
ARM GAS  C:\Users\huav\AppData\Local\Temp\ccXmrZkf.s 			page 17


 654              	.LVL68:
  85:Dsp/screen/device/oled1306.c **** 	Oled_TransmitByte(Oled_Obj, 0x14, Oled_Write_CMD);
 655              		.loc 1 85 2 view .LVU155
 656 0088 0022     		movs	r2, #0
 657 008a 1421     		movs	r1, #20
 658 008c 2046     		mov	r0, r4
 659 008e FFF7FEFF 		bl	Oled_TransmitByte
 660              	.LVL69:
  86:Dsp/screen/device/oled1306.c **** 	Oled_TransmitByte(Oled_Obj, 0x20, Oled_Write_CMD);
 661              		.loc 1 86 2 view .LVU156
 662 0092 0022     		movs	r2, #0
 663 0094 1421     		movs	r1, #20
 664 0096 2046     		mov	r0, r4
 665 0098 FFF7FEFF 		bl	Oled_TransmitByte
 666              	.LVL70:
  87:Dsp/screen/device/oled1306.c **** 	Oled_TransmitByte(Oled_Obj, 0x02, Oled_Write_CMD);
 667              		.loc 1 87 2 view .LVU157
 668 009c 0022     		movs	r2, #0
 669 009e 2021     		movs	r1, #32
 670 00a0 2046     		mov	r0, r4
 671 00a2 FFF7FEFF 		bl	Oled_TransmitByte
 672              	.LVL71:
  88:Dsp/screen/device/oled1306.c **** 
 673              		.loc 1 88 2 view .LVU158
 674 00a6 0022     		movs	r2, #0
 675 00a8 0221     		movs	r1, #2
 676 00aa 2046     		mov	r0, r4
 677 00ac FFF7FEFF 		bl	Oled_TransmitByte
 678              	.LVL72:
  90:Dsp/screen/device/oled1306.c **** 	Oled_TransmitByte(Oled_Obj, 0xC8, Oled_Write_CMD);
 679              		.loc 1 90 2 view .LVU159
 680 00b0 0022     		movs	r2, #0
 681 00b2 A021     		movs	r1, #160
 682 00b4 2046     		mov	r0, r4
 683 00b6 FFF7FEFF 		bl	Oled_TransmitByte
 684              	.LVL73:
  91:Dsp/screen/device/oled1306.c **** 
 685              		.loc 1 91 2 view .LVU160
 686 00ba 0022     		movs	r2, #0
 687 00bc C821     		movs	r1, #200
 688 00be 2046     		mov	r0, r4
 689 00c0 FFF7FEFF 		bl	Oled_TransmitByte
 690              	.LVL74:
  93:Dsp/screen/device/oled1306.c **** 	Oled_TransmitByte(Oled_Obj, 0x12, Oled_Write_CMD);
 691              		.loc 1 93 2 view .LVU161
 692 00c4 0022     		movs	r2, #0
 693 00c6 DA21     		movs	r1, #218
 694 00c8 2046     		mov	r0, r4
 695 00ca FFF7FEFF 		bl	Oled_TransmitByte
 696              	.LVL75:
  94:Dsp/screen/device/oled1306.c **** 
 697              		.loc 1 94 2 view .LVU162
 698 00ce 0022     		movs	r2, #0
 699 00d0 1221     		movs	r1, #18
 700 00d2 2046     		mov	r0, r4
 701 00d4 FFF7FEFF 		bl	Oled_TransmitByte
 702              	.LVL76:
ARM GAS  C:\Users\huav\AppData\Local\Temp\ccXmrZkf.s 			page 18


  96:Dsp/screen/device/oled1306.c **** 	Oled_TransmitByte(Oled_Obj, 0xEF, Oled_Write_CMD);
 703              		.loc 1 96 2 view .LVU163
 704 00d8 0022     		movs	r2, #0
 705 00da 8121     		movs	r1, #129
 706 00dc 2046     		mov	r0, r4
 707 00de FFF7FEFF 		bl	Oled_TransmitByte
 708              	.LVL77:
  97:Dsp/screen/device/oled1306.c **** 	Oled_TransmitByte(Oled_Obj, 0xD9, Oled_Write_CMD);
 709              		.loc 1 97 2 view .LVU164
 710 00e2 0022     		movs	r2, #0
 711 00e4 EF21     		movs	r1, #239
 712 00e6 2046     		mov	r0, r4
 713 00e8 FFF7FEFF 		bl	Oled_TransmitByte
 714              	.LVL78:
  98:Dsp/screen/device/oled1306.c **** 	Oled_TransmitByte(Oled_Obj, 0xf1, Oled_Write_CMD);
 715              		.loc 1 98 2 view .LVU165
 716 00ec 0022     		movs	r2, #0
 717 00ee D921     		movs	r1, #217
 718 00f0 2046     		mov	r0, r4
 719 00f2 FFF7FEFF 		bl	Oled_TransmitByte
 720              	.LVL79:
  99:Dsp/screen/device/oled1306.c **** 	Oled_TransmitByte(Oled_Obj, 0xDB, Oled_Write_CMD);
 721              		.loc 1 99 2 view .LVU166
 722 00f6 0022     		movs	r2, #0
 723 00f8 F121     		movs	r1, #241
 724 00fa 2046     		mov	r0, r4
 725 00fc FFF7FEFF 		bl	Oled_TransmitByte
 726              	.LVL80:
 100:Dsp/screen/device/oled1306.c **** 	Oled_TransmitByte(Oled_Obj, 0x30, Oled_Write_CMD);
 727              		.loc 1 100 2 view .LVU167
 728 0100 0022     		movs	r2, #0
 729 0102 DB21     		movs	r1, #219
 730 0104 2046     		mov	r0, r4
 731 0106 FFF7FEFF 		bl	Oled_TransmitByte
 732              	.LVL81:
 101:Dsp/screen/device/oled1306.c **** 
 733              		.loc 1 101 2 view .LVU168
 734 010a 0022     		movs	r2, #0
 735 010c 3021     		movs	r1, #48
 736 010e 2046     		mov	r0, r4
 737 0110 FFF7FEFF 		bl	Oled_TransmitByte
 738              	.LVL82:
 103:Dsp/screen/device/oled1306.c **** 	Oled_TransmitByte(Oled_Obj, 0xA6, Oled_Write_CMD);
 739              		.loc 1 103 2 view .LVU169
 740 0114 0022     		movs	r2, #0
 741 0116 A421     		movs	r1, #164
 742 0118 2046     		mov	r0, r4
 743 011a FFF7FEFF 		bl	Oled_TransmitByte
 744              	.LVL83:
 104:Dsp/screen/device/oled1306.c **** 	Oled_TransmitByte(Oled_Obj, 0xAF, Oled_Write_CMD);
 745              		.loc 1 104 2 view .LVU170
 746 011e 0022     		movs	r2, #0
 747 0120 A621     		movs	r1, #166
 748 0122 2046     		mov	r0, r4
 749 0124 FFF7FEFF 		bl	Oled_TransmitByte
 750              	.LVL84:
 105:Dsp/screen/device/oled1306.c **** 
ARM GAS  C:\Users\huav\AppData\Local\Temp\ccXmrZkf.s 			page 19


 751              		.loc 1 105 2 view .LVU171
 752 0128 0022     		movs	r2, #0
 753 012a AF21     		movs	r1, #175
 754 012c 2046     		mov	r0, r4
 755 012e FFF7FEFF 		bl	Oled_TransmitByte
 756              	.LVL85:
 107:Dsp/screen/device/oled1306.c **** 
 757              		.loc 1 107 2 view .LVU172
 758 0132 2046     		mov	r0, r4
 759 0134 FFF7FEFF 		bl	Oled_Clear
 760              	.LVL86:
 109:Dsp/screen/device/oled1306.c **** }
 761              		.loc 1 109 2 view .LVU173
 110:Dsp/screen/device/oled1306.c **** 
 762              		.loc 1 110 1 is_stmt 0 view .LVU174
 763 0138 0120     		movs	r0, #1
 764 013a 10BD     		pop	{r4, pc}
 110:Dsp/screen/device/oled1306.c **** 
 765              		.loc 1 110 1 view .LVU175
 766              		.cfi_endproc
 767              	.LFE125:
 769              		.global	DrvOled
 770              		.global	OledDisable_CMD
 771              		.global	OledEnable_CMD
 772              		.section	.bss.blackboard,"aw",%nobits
 773              		.align	2
 774              		.set	.LANCHOR1,. + 0
 777              	blackboard:
 778 0000 00000000 		.space	1024
 778      00000000 
 778      00000000 
 778      00000000 
 778      00000000 
 779              		.section	.data.DrvOled,"aw"
 780              		.align	2
 783              	DrvOled:
 784 0000 00000000 		.word	Oled_Init
 785 0004 00000000 		.word	Oled_EnableControl
 786 0008 00000000 		.word	Oled_Refresh
 787 000c 00000000 		.word	Oled_Clear
 788 0010 00000000 		.word	Oled_GetMax_Width
 789 0014 00000000 		.word	Oled_GetMax_Height
 790              		.section	.rodata.OledDisable_CMD,"a"
 791              		.align	2
 794              	OledDisable_CMD:
 795 0000 10AE     		.ascii	"\020\256"
 796              		.section	.rodata.OledEnable_CMD,"a"
 797              		.align	2
 798              		.set	.LANCHOR0,. + 0
 801              	OledEnable_CMD:
 802 0000 14AF     		.ascii	"\024\257"
 803              		.text
 804              	.Letext0:
 805              		.file 2 "c:\\program files (x86)\\gnu arm embedded toolchain\\10 2020-q4-major\\arm-none-eabi\\inc
 806              		.file 3 "c:\\program files (x86)\\gnu arm embedded toolchain\\10 2020-q4-major\\arm-none-eabi\\inc
 807              		.file 4 "Dsp/screen/device/oled1306.h"
 808              		.file 5 "SYS/delay/delay.h"
ARM GAS  C:\Users\huav\AppData\Local\Temp\ccXmrZkf.s 			page 20


ARM GAS  C:\Users\huav\AppData\Local\Temp\ccXmrZkf.s 			page 21


DEFINED SYMBOLS
                            *ABS*:00000000 oled1306.c
C:\Users\huav\AppData\Local\Temp\ccXmrZkf.s:18     .text.Oled_TransmitByte:00000000 $t
C:\Users\huav\AppData\Local\Temp\ccXmrZkf.s:25     .text.Oled_TransmitByte:00000000 Oled_TransmitByte
C:\Users\huav\AppData\Local\Temp\ccXmrZkf.s:89     .text.Oled_EnableControl:00000000 $t
C:\Users\huav\AppData\Local\Temp\ccXmrZkf.s:95     .text.Oled_EnableControl:00000000 Oled_EnableControl
C:\Users\huav\AppData\Local\Temp\ccXmrZkf.s:155    .text.Oled_EnableControl:00000028 $d
C:\Users\huav\AppData\Local\Temp\ccXmrZkf.s:160    .text.Oled_Clear:00000000 $t
C:\Users\huav\AppData\Local\Temp\ccXmrZkf.s:166    .text.Oled_Clear:00000000 Oled_Clear
C:\Users\huav\AppData\Local\Temp\ccXmrZkf.s:262    .text.Oled_GetMax_Width:00000000 $t
C:\Users\huav\AppData\Local\Temp\ccXmrZkf.s:268    .text.Oled_GetMax_Width:00000000 Oled_GetMax_Width
C:\Users\huav\AppData\Local\Temp\ccXmrZkf.s:283    .text.Oled_GetMax_Height:00000000 $t
C:\Users\huav\AppData\Local\Temp\ccXmrZkf.s:289    .text.Oled_GetMax_Height:00000000 Oled_GetMax_Height
C:\Users\huav\AppData\Local\Temp\ccXmrZkf.s:304    .text.Oled_MapUpdate:00000000 $t
C:\Users\huav\AppData\Local\Temp\ccXmrZkf.s:310    .text.Oled_MapUpdate:00000000 Oled_MapUpdate
C:\Users\huav\AppData\Local\Temp\ccXmrZkf.s:422    .text.Oled_MapUpdate:00000060 $d
C:\Users\huav\AppData\Local\Temp\ccXmrZkf.s:427    .text.Oled_Refresh:00000000 $t
C:\Users\huav\AppData\Local\Temp\ccXmrZkf.s:433    .text.Oled_Refresh:00000000 Oled_Refresh
C:\Users\huav\AppData\Local\Temp\ccXmrZkf.s:537    .text.Oled_Refresh:0000005c $d
C:\Users\huav\AppData\Local\Temp\ccXmrZkf.s:542    .text.Oled_Init:00000000 $t
C:\Users\huav\AppData\Local\Temp\ccXmrZkf.s:548    .text.Oled_Init:00000000 Oled_Init
C:\Users\huav\AppData\Local\Temp\ccXmrZkf.s:783    .data.DrvOled:00000000 DrvOled
C:\Users\huav\AppData\Local\Temp\ccXmrZkf.s:794    .rodata.OledDisable_CMD:00000000 OledDisable_CMD
C:\Users\huav\AppData\Local\Temp\ccXmrZkf.s:801    .rodata.OledEnable_CMD:00000000 OledEnable_CMD
C:\Users\huav\AppData\Local\Temp\ccXmrZkf.s:773    .bss.blackboard:00000000 $d
C:\Users\huav\AppData\Local\Temp\ccXmrZkf.s:777    .bss.blackboard:00000000 blackboard
C:\Users\huav\AppData\Local\Temp\ccXmrZkf.s:780    .data.DrvOled:00000000 $d
C:\Users\huav\AppData\Local\Temp\ccXmrZkf.s:791    .rodata.OledDisable_CMD:00000000 $d
C:\Users\huav\AppData\Local\Temp\ccXmrZkf.s:797    .rodata.OledEnable_CMD:00000000 $d

UNDEFINED SYMBOLS
delay_ms
