ARM GAS  C:\Users\why\AppData\Local\Temp\ccipu9fY.s 			page 1


   1              		.syntax unified
   2              		.cpu cortex-m4
   3              		.eabi_attribute 27, 1
   4              		.eabi_attribute 28, 1
   5              		.fpu fpv4-sp-d16
   6              		.eabi_attribute 20, 1
   7              		.eabi_attribute 21, 1
   8              		.eabi_attribute 23, 3
   9              		.eabi_attribute 24, 1
  10              		.eabi_attribute 25, 1
  11              		.eabi_attribute 26, 1
  12              		.eabi_attribute 30, 1
  13              		.eabi_attribute 34, 1
  14              		.eabi_attribute 18, 4
  15              		.thumb
  16              		.syntax unified
  17              		.file	"periph_gpio.c"
  18              		.text
  19              	.Ltext0:
  20              		.cfi_sections	.debug_frame
  21              		.section	.text.GPIO_USART1_IO_Init,"ax",%progbits
  22              		.align	2
  23              		.global	GPIO_USART1_IO_Init
  24              		.thumb
  25              		.thumb_func
  27              	GPIO_USART1_IO_Init:
  28              	.LFB123:
  29              		.file 1 "Bsp/periph_gpio.c"
   1:Bsp/periph_gpio.c **** #include "periph_gpio.h"
   2:Bsp/periph_gpio.c **** #include "stm32f4xx_gpio.h"
   3:Bsp/periph_gpio.c **** 
   4:Bsp/periph_gpio.c **** void GPIO_USART1_IO_Init(void)
   5:Bsp/periph_gpio.c **** {
  30              		.loc 1 5 0
  31              		.cfi_startproc
  32              		@ args = 0, pretend = 0, frame = 8
  33              		@ frame_needed = 0, uses_anonymous_args = 0
  34 0000 10B5     		push	{r4, lr}
  35              	.LCFI0:
  36              		.cfi_def_cfa_offset 8
  37              		.cfi_offset 4, -8
  38              		.cfi_offset 14, -4
  39 0002 82B0     		sub	sp, sp, #8
  40              	.LCFI1:
  41              		.cfi_def_cfa_offset 16
   6:Bsp/periph_gpio.c **** 	GPIO_InitTypeDef GPIO_InitStructure;
   7:Bsp/periph_gpio.c **** 
   8:Bsp/periph_gpio.c **** 	RCC_AHB1PeriphClockCmd(USART1_IO_CLK, ENABLE);
  42              		.loc 1 8 0
  43 0004 0121     		movs	r1, #1
  44 0006 0846     		mov	r0, r1
  45 0008 FFF7FEFF 		bl	RCC_AHB1PeriphClockCmd
  46              	.LVL0:
   9:Bsp/periph_gpio.c **** 
  10:Bsp/periph_gpio.c **** 	GPIO_PinAFConfig(USART1_IO_PORT, USART1_TX_PinSource, GPIO_AF_USART1);
  47              		.loc 1 10 0
  48 000c 0F4C     		ldr	r4, .L3
ARM GAS  C:\Users\why\AppData\Local\Temp\ccipu9fY.s 			page 2


  49 000e 0722     		movs	r2, #7
  50 0010 0921     		movs	r1, #9
  51 0012 2046     		mov	r0, r4
  52 0014 FFF7FEFF 		bl	GPIO_PinAFConfig
  53              	.LVL1:
  11:Bsp/periph_gpio.c **** 	GPIO_PinAFConfig(USART1_IO_PORT, USART1_RX_PinSource, GPIO_AF_USART1);
  54              		.loc 1 11 0
  55 0018 0722     		movs	r2, #7
  56 001a 0A21     		movs	r1, #10
  57 001c 2046     		mov	r0, r4
  58 001e FFF7FEFF 		bl	GPIO_PinAFConfig
  59              	.LVL2:
  12:Bsp/periph_gpio.c **** 
  13:Bsp/periph_gpio.c **** 	GPIO_InitStructure.GPIO_Pin = USART1_TX_PIN | USART1_RX_PIN;
  60              		.loc 1 13 0
  61 0022 4FF4C063 		mov	r3, #1536
  62 0026 0093     		str	r3, [sp]
  14:Bsp/periph_gpio.c **** 	GPIO_InitStructure.GPIO_Mode = GPIO_Mode_AF;
  63              		.loc 1 14 0
  64 0028 0223     		movs	r3, #2
  65 002a 8DF80430 		strb	r3, [sp, #4]
  15:Bsp/periph_gpio.c **** 	GPIO_InitStructure.GPIO_Speed = GPIO_Speed_100MHz;
  66              		.loc 1 15 0
  67 002e 0323     		movs	r3, #3
  68 0030 8DF80530 		strb	r3, [sp, #5]
  16:Bsp/periph_gpio.c **** 	GPIO_InitStructure.GPIO_OType = GPIO_OType_PP;
  69              		.loc 1 16 0
  70 0034 0023     		movs	r3, #0
  71 0036 8DF80630 		strb	r3, [sp, #6]
  17:Bsp/periph_gpio.c **** 	GPIO_InitStructure.GPIO_PuPd = GPIO_PuPd_UP;
  72              		.loc 1 17 0
  73 003a 0123     		movs	r3, #1
  74 003c 8DF80730 		strb	r3, [sp, #7]
  18:Bsp/periph_gpio.c **** 
  19:Bsp/periph_gpio.c **** 	GPIO_Init(USART1_IO_PORT, &GPIO_InitStructure);
  75              		.loc 1 19 0
  76 0040 6946     		mov	r1, sp
  77 0042 2046     		mov	r0, r4
  78 0044 FFF7FEFF 		bl	GPIO_Init
  79              	.LVL3:
  20:Bsp/periph_gpio.c **** }
  80              		.loc 1 20 0
  81 0048 02B0     		add	sp, sp, #8
  82              	.LCFI2:
  83              		.cfi_def_cfa_offset 8
  84              		@ sp needed
  85 004a 10BD     		pop	{r4, pc}
  86              	.L4:
  87              		.align	2
  88              	.L3:
  89 004c 00000240 		.word	1073872896
  90              		.cfi_endproc
  91              	.LFE123:
  93              		.section	.text.GPIO_USART2_IO_Init,"ax",%progbits
  94              		.align	2
  95              		.global	GPIO_USART2_IO_Init
  96              		.thumb
ARM GAS  C:\Users\why\AppData\Local\Temp\ccipu9fY.s 			page 3


  97              		.thumb_func
  99              	GPIO_USART2_IO_Init:
 100              	.LFB124:
  21:Bsp/periph_gpio.c **** 
  22:Bsp/periph_gpio.c **** void GPIO_USART2_IO_Init(void)
  23:Bsp/periph_gpio.c **** {
 101              		.loc 1 23 0
 102              		.cfi_startproc
 103              		@ args = 0, pretend = 0, frame = 8
 104              		@ frame_needed = 0, uses_anonymous_args = 0
 105 0000 10B5     		push	{r4, lr}
 106              	.LCFI3:
 107              		.cfi_def_cfa_offset 8
 108              		.cfi_offset 4, -8
 109              		.cfi_offset 14, -4
 110 0002 82B0     		sub	sp, sp, #8
 111              	.LCFI4:
 112              		.cfi_def_cfa_offset 16
  24:Bsp/periph_gpio.c **** 	GPIO_InitTypeDef GPIO_InitStructure;
  25:Bsp/periph_gpio.c **** 
  26:Bsp/periph_gpio.c **** 	RCC_AHB1PeriphClockCmd(USART2_IO_CLK, ENABLE);
 113              		.loc 1 26 0
 114 0004 0121     		movs	r1, #1
 115 0006 0846     		mov	r0, r1
 116 0008 FFF7FEFF 		bl	RCC_AHB1PeriphClockCmd
 117              	.LVL4:
  27:Bsp/periph_gpio.c **** 
  28:Bsp/periph_gpio.c **** 	GPIO_PinAFConfig(USART2_IO_PORT, USART2_TX_PinSource, GPIO_AF_USART2);
 118              		.loc 1 28 0
 119 000c 0F4C     		ldr	r4, .L7
 120 000e 0722     		movs	r2, #7
 121 0010 0221     		movs	r1, #2
 122 0012 2046     		mov	r0, r4
 123 0014 FFF7FEFF 		bl	GPIO_PinAFConfig
 124              	.LVL5:
  29:Bsp/periph_gpio.c **** 	GPIO_PinAFConfig(USART2_IO_PORT, USART2_RX_PinSource, GPIO_AF_USART2);
 125              		.loc 1 29 0
 126 0018 0722     		movs	r2, #7
 127 001a 0321     		movs	r1, #3
 128 001c 2046     		mov	r0, r4
 129 001e FFF7FEFF 		bl	GPIO_PinAFConfig
 130              	.LVL6:
  30:Bsp/periph_gpio.c **** 
  31:Bsp/periph_gpio.c **** 	GPIO_InitStructure.GPIO_Pin = USART2_TX_PIN | USART2_RX_PIN;
 131              		.loc 1 31 0
 132 0022 0C23     		movs	r3, #12
 133 0024 0093     		str	r3, [sp]
  32:Bsp/periph_gpio.c **** 	GPIO_InitStructure.GPIO_Mode = GPIO_Mode_AF;
 134              		.loc 1 32 0
 135 0026 0223     		movs	r3, #2
 136 0028 8DF80430 		strb	r3, [sp, #4]
  33:Bsp/periph_gpio.c **** 	GPIO_InitStructure.GPIO_Speed = GPIO_Speed_100MHz;
 137              		.loc 1 33 0
 138 002c 0323     		movs	r3, #3
 139 002e 8DF80530 		strb	r3, [sp, #5]
  34:Bsp/periph_gpio.c **** 	GPIO_InitStructure.GPIO_OType = GPIO_OType_PP;
 140              		.loc 1 34 0
ARM GAS  C:\Users\why\AppData\Local\Temp\ccipu9fY.s 			page 4


 141 0032 0023     		movs	r3, #0
 142 0034 8DF80630 		strb	r3, [sp, #6]
  35:Bsp/periph_gpio.c **** 	GPIO_InitStructure.GPIO_PuPd = GPIO_PuPd_UP;
 143              		.loc 1 35 0
 144 0038 0123     		movs	r3, #1
 145 003a 8DF80730 		strb	r3, [sp, #7]
  36:Bsp/periph_gpio.c **** 
  37:Bsp/periph_gpio.c **** 	GPIO_Init(USART2_IO_PORT, &GPIO_InitStructure);
 146              		.loc 1 37 0
 147 003e 6946     		mov	r1, sp
 148 0040 2046     		mov	r0, r4
 149 0042 FFF7FEFF 		bl	GPIO_Init
 150              	.LVL7:
  38:Bsp/periph_gpio.c **** }
 151              		.loc 1 38 0
 152 0046 02B0     		add	sp, sp, #8
 153              	.LCFI5:
 154              		.cfi_def_cfa_offset 8
 155              		@ sp needed
 156 0048 10BD     		pop	{r4, pc}
 157              	.L8:
 158 004a 00BF     		.align	2
 159              	.L7:
 160 004c 00000240 		.word	1073872896
 161              		.cfi_endproc
 162              	.LFE124:
 164              		.section	.text.GPIO_USART3_IO_Init,"ax",%progbits
 165              		.align	2
 166              		.global	GPIO_USART3_IO_Init
 167              		.thumb
 168              		.thumb_func
 170              	GPIO_USART3_IO_Init:
 171              	.LFB125:
  39:Bsp/periph_gpio.c **** 
  40:Bsp/periph_gpio.c **** void GPIO_USART3_IO_Init(void)
  41:Bsp/periph_gpio.c **** {
 172              		.loc 1 41 0
 173              		.cfi_startproc
 174              		@ args = 0, pretend = 0, frame = 8
 175              		@ frame_needed = 0, uses_anonymous_args = 0
 176 0000 10B5     		push	{r4, lr}
 177              	.LCFI6:
 178              		.cfi_def_cfa_offset 8
 179              		.cfi_offset 4, -8
 180              		.cfi_offset 14, -4
 181 0002 82B0     		sub	sp, sp, #8
 182              	.LCFI7:
 183              		.cfi_def_cfa_offset 16
  42:Bsp/periph_gpio.c **** 	GPIO_InitTypeDef GPIO_InitStructure;
  43:Bsp/periph_gpio.c **** 
  44:Bsp/periph_gpio.c **** 	RCC_AHB1PeriphClockCmd(USART3_IO_CLK, ENABLE);
 184              		.loc 1 44 0
 185 0004 0121     		movs	r1, #1
 186 0006 0220     		movs	r0, #2
 187 0008 FFF7FEFF 		bl	RCC_AHB1PeriphClockCmd
 188              	.LVL8:
  45:Bsp/periph_gpio.c **** 
ARM GAS  C:\Users\why\AppData\Local\Temp\ccipu9fY.s 			page 5


  46:Bsp/periph_gpio.c **** 	GPIO_PinAFConfig(USART3_IO_PORT, USART3_TX_PinSource, GPIO_AF_USART3);
 189              		.loc 1 46 0
 190 000c 0F4C     		ldr	r4, .L11
 191 000e 0722     		movs	r2, #7
 192 0010 0A21     		movs	r1, #10
 193 0012 2046     		mov	r0, r4
 194 0014 FFF7FEFF 		bl	GPIO_PinAFConfig
 195              	.LVL9:
  47:Bsp/periph_gpio.c **** 	GPIO_PinAFConfig(USART3_IO_PORT, USART3_RX_PinSource, GPIO_AF_USART3);
 196              		.loc 1 47 0
 197 0018 0722     		movs	r2, #7
 198 001a 0B21     		movs	r1, #11
 199 001c 2046     		mov	r0, r4
 200 001e FFF7FEFF 		bl	GPIO_PinAFConfig
 201              	.LVL10:
  48:Bsp/periph_gpio.c **** 
  49:Bsp/periph_gpio.c **** 	GPIO_InitStructure.GPIO_Pin = USART3_TX_PIN | USART3_RX_PIN;
 202              		.loc 1 49 0
 203 0022 4FF44063 		mov	r3, #3072
 204 0026 0093     		str	r3, [sp]
  50:Bsp/periph_gpio.c **** 	GPIO_InitStructure.GPIO_Mode = GPIO_Mode_AF;
 205              		.loc 1 50 0
 206 0028 0223     		movs	r3, #2
 207 002a 8DF80430 		strb	r3, [sp, #4]
  51:Bsp/periph_gpio.c **** 	GPIO_InitStructure.GPIO_Speed = GPIO_Speed_100MHz;
 208              		.loc 1 51 0
 209 002e 0323     		movs	r3, #3
 210 0030 8DF80530 		strb	r3, [sp, #5]
  52:Bsp/periph_gpio.c **** 	GPIO_InitStructure.GPIO_OType = GPIO_OType_PP;
 211              		.loc 1 52 0
 212 0034 0023     		movs	r3, #0
 213 0036 8DF80630 		strb	r3, [sp, #6]
  53:Bsp/periph_gpio.c **** 	GPIO_InitStructure.GPIO_PuPd = GPIO_PuPd_UP;
 214              		.loc 1 53 0
 215 003a 0123     		movs	r3, #1
 216 003c 8DF80730 		strb	r3, [sp, #7]
  54:Bsp/periph_gpio.c **** 
  55:Bsp/periph_gpio.c **** 	GPIO_Init(USART3_IO_PORT, &GPIO_InitStructure);
 217              		.loc 1 55 0
 218 0040 6946     		mov	r1, sp
 219 0042 2046     		mov	r0, r4
 220 0044 FFF7FEFF 		bl	GPIO_Init
 221              	.LVL11:
  56:Bsp/periph_gpio.c **** }
 222              		.loc 1 56 0
 223 0048 02B0     		add	sp, sp, #8
 224              	.LCFI8:
 225              		.cfi_def_cfa_offset 8
 226              		@ sp needed
 227 004a 10BD     		pop	{r4, pc}
 228              	.L12:
 229              		.align	2
 230              	.L11:
 231 004c 00040240 		.word	1073873920
 232              		.cfi_endproc
 233              	.LFE125:
 235              		.section	.text.GPIO_USART6_IO_Init,"ax",%progbits
ARM GAS  C:\Users\why\AppData\Local\Temp\ccipu9fY.s 			page 6


 236              		.align	2
 237              		.global	GPIO_USART6_IO_Init
 238              		.thumb
 239              		.thumb_func
 241              	GPIO_USART6_IO_Init:
 242              	.LFB126:
  57:Bsp/periph_gpio.c **** 
  58:Bsp/periph_gpio.c **** void GPIO_USART6_IO_Init(void)
  59:Bsp/periph_gpio.c **** {
 243              		.loc 1 59 0
 244              		.cfi_startproc
 245              		@ args = 0, pretend = 0, frame = 8
 246              		@ frame_needed = 0, uses_anonymous_args = 0
 247 0000 10B5     		push	{r4, lr}
 248              	.LCFI9:
 249              		.cfi_def_cfa_offset 8
 250              		.cfi_offset 4, -8
 251              		.cfi_offset 14, -4
 252 0002 82B0     		sub	sp, sp, #8
 253              	.LCFI10:
 254              		.cfi_def_cfa_offset 16
  60:Bsp/periph_gpio.c **** 	GPIO_InitTypeDef GPIO_InitStructure;
  61:Bsp/periph_gpio.c **** 
  62:Bsp/periph_gpio.c **** 	RCC_AHB1PeriphClockCmd(USART6_IO_CLK, ENABLE);
 255              		.loc 1 62 0
 256 0004 0121     		movs	r1, #1
 257 0006 0420     		movs	r0, #4
 258 0008 FFF7FEFF 		bl	RCC_AHB1PeriphClockCmd
 259              	.LVL12:
  63:Bsp/periph_gpio.c **** 
  64:Bsp/periph_gpio.c **** 	GPIO_PinAFConfig(USART6_IO_PORT, USART6_TX_PinSource, GPIO_AF_USART6);
 260              		.loc 1 64 0
 261 000c 0F4C     		ldr	r4, .L15
 262 000e 0822     		movs	r2, #8
 263 0010 0621     		movs	r1, #6
 264 0012 2046     		mov	r0, r4
 265 0014 FFF7FEFF 		bl	GPIO_PinAFConfig
 266              	.LVL13:
  65:Bsp/periph_gpio.c **** 	GPIO_PinAFConfig(USART6_IO_PORT, USART6_RX_PinSource, GPIO_AF_USART6);
 267              		.loc 1 65 0
 268 0018 0822     		movs	r2, #8
 269 001a 0721     		movs	r1, #7
 270 001c 2046     		mov	r0, r4
 271 001e FFF7FEFF 		bl	GPIO_PinAFConfig
 272              	.LVL14:
  66:Bsp/periph_gpio.c **** 
  67:Bsp/periph_gpio.c **** 	GPIO_InitStructure.GPIO_Pin = USART6_TX_PIN | USART6_RX_PIN;
 273              		.loc 1 67 0
 274 0022 C023     		movs	r3, #192
 275 0024 0093     		str	r3, [sp]
  68:Bsp/periph_gpio.c **** 	GPIO_InitStructure.GPIO_Mode = GPIO_Mode_AF;
 276              		.loc 1 68 0
 277 0026 0223     		movs	r3, #2
 278 0028 8DF80430 		strb	r3, [sp, #4]
  69:Bsp/periph_gpio.c **** 	GPIO_InitStructure.GPIO_Speed = GPIO_Speed_100MHz;
 279              		.loc 1 69 0
 280 002c 0323     		movs	r3, #3
ARM GAS  C:\Users\why\AppData\Local\Temp\ccipu9fY.s 			page 7


 281 002e 8DF80530 		strb	r3, [sp, #5]
  70:Bsp/periph_gpio.c **** 	GPIO_InitStructure.GPIO_OType = GPIO_OType_PP;
 282              		.loc 1 70 0
 283 0032 0023     		movs	r3, #0
 284 0034 8DF80630 		strb	r3, [sp, #6]
  71:Bsp/periph_gpio.c **** 	GPIO_InitStructure.GPIO_PuPd = GPIO_PuPd_UP;
 285              		.loc 1 71 0
 286 0038 0123     		movs	r3, #1
 287 003a 8DF80730 		strb	r3, [sp, #7]
  72:Bsp/periph_gpio.c **** 
  73:Bsp/periph_gpio.c **** 	GPIO_Init(USART6_IO_PORT, &GPIO_InitStructure);
 288              		.loc 1 73 0
 289 003e 6946     		mov	r1, sp
 290 0040 2046     		mov	r0, r4
 291 0042 FFF7FEFF 		bl	GPIO_Init
 292              	.LVL15:
  74:Bsp/periph_gpio.c **** }
 293              		.loc 1 74 0
 294 0046 02B0     		add	sp, sp, #8
 295              	.LCFI11:
 296              		.cfi_def_cfa_offset 8
 297              		@ sp needed
 298 0048 10BD     		pop	{r4, pc}
 299              	.L16:
 300 004a 00BF     		.align	2
 301              	.L15:
 302 004c 00080240 		.word	1073874944
 303              		.cfi_endproc
 304              	.LFE126:
 306              		.section	.text.GPIO_TIM2_PWMCH1_IO_Init,"ax",%progbits
 307              		.align	2
 308              		.global	GPIO_TIM2_PWMCH1_IO_Init
 309              		.thumb
 310              		.thumb_func
 312              	GPIO_TIM2_PWMCH1_IO_Init:
 313              	.LFB127:
  75:Bsp/periph_gpio.c **** 
  76:Bsp/periph_gpio.c **** void GPIO_TIM2_PWMCH1_IO_Init(void)
  77:Bsp/periph_gpio.c **** {
 314              		.loc 1 77 0
 315              		.cfi_startproc
 316              		@ args = 0, pretend = 0, frame = 8
 317              		@ frame_needed = 0, uses_anonymous_args = 0
 318 0000 10B5     		push	{r4, lr}
 319              	.LCFI12:
 320              		.cfi_def_cfa_offset 8
 321              		.cfi_offset 4, -8
 322              		.cfi_offset 14, -4
 323 0002 82B0     		sub	sp, sp, #8
 324              	.LCFI13:
 325              		.cfi_def_cfa_offset 16
  78:Bsp/periph_gpio.c **** 	GPIO_InitTypeDef GPIO_InitStructure;
  79:Bsp/periph_gpio.c **** 
  80:Bsp/periph_gpio.c **** 	RCC_AHB1PeriphClockCmd(TIM2_PWMCH1_IO_CLK, ENABLE);
 326              		.loc 1 80 0
 327 0004 0121     		movs	r1, #1
 328 0006 0846     		mov	r0, r1
ARM GAS  C:\Users\why\AppData\Local\Temp\ccipu9fY.s 			page 8


 329 0008 FFF7FEFF 		bl	RCC_AHB1PeriphClockCmd
 330              	.LVL16:
  81:Bsp/periph_gpio.c **** 
  82:Bsp/periph_gpio.c **** 	GPIO_PinAFConfig(TIM2_PWMCH1_IO_PORT, TIM2_PWMCH1_PinSource, GPIO_AF_TIM2);
 331              		.loc 1 82 0
 332 000c 0C4C     		ldr	r4, .L19
 333 000e 0122     		movs	r2, #1
 334 0010 0021     		movs	r1, #0
 335 0012 2046     		mov	r0, r4
 336 0014 FFF7FEFF 		bl	GPIO_PinAFConfig
 337              	.LVL17:
  83:Bsp/periph_gpio.c **** 
  84:Bsp/periph_gpio.c **** 	GPIO_InitStructure.GPIO_Pin = TIM2_PWMCH1_PIN;
 338              		.loc 1 84 0
 339 0018 0123     		movs	r3, #1
 340 001a 0093     		str	r3, [sp]
  85:Bsp/periph_gpio.c **** 	GPIO_InitStructure.GPIO_Mode = GPIO_Mode_AF;
 341              		.loc 1 85 0
 342 001c 0222     		movs	r2, #2
 343 001e 8DF80420 		strb	r2, [sp, #4]
  86:Bsp/periph_gpio.c **** 	GPIO_InitStructure.GPIO_Speed = GPIO_Speed_100MHz;
 344              		.loc 1 86 0
 345 0022 0322     		movs	r2, #3
 346 0024 8DF80520 		strb	r2, [sp, #5]
  87:Bsp/periph_gpio.c **** 	GPIO_InitStructure.GPIO_OType = GPIO_OType_PP;
 347              		.loc 1 87 0
 348 0028 0022     		movs	r2, #0
 349 002a 8DF80620 		strb	r2, [sp, #6]
  88:Bsp/periph_gpio.c **** 	GPIO_InitStructure.GPIO_PuPd = GPIO_PuPd_UP;
 350              		.loc 1 88 0
 351 002e 8DF80730 		strb	r3, [sp, #7]
  89:Bsp/periph_gpio.c **** 
  90:Bsp/periph_gpio.c **** 	GPIO_Init(TIM2_PWMCH1_IO_PORT, &GPIO_InitStructure);
 352              		.loc 1 90 0
 353 0032 6946     		mov	r1, sp
 354 0034 2046     		mov	r0, r4
 355 0036 FFF7FEFF 		bl	GPIO_Init
 356              	.LVL18:
  91:Bsp/periph_gpio.c **** }
 357              		.loc 1 91 0
 358 003a 02B0     		add	sp, sp, #8
 359              	.LCFI14:
 360              		.cfi_def_cfa_offset 8
 361              		@ sp needed
 362 003c 10BD     		pop	{r4, pc}
 363              	.L20:
 364 003e 00BF     		.align	2
 365              	.L19:
 366 0040 00000240 		.word	1073872896
 367              		.cfi_endproc
 368              	.LFE127:
 370              		.section	.text.GPIO_TIM2_PWMCH2_IO_Init,"ax",%progbits
 371              		.align	2
 372              		.global	GPIO_TIM2_PWMCH2_IO_Init
 373              		.thumb
 374              		.thumb_func
 376              	GPIO_TIM2_PWMCH2_IO_Init:
ARM GAS  C:\Users\why\AppData\Local\Temp\ccipu9fY.s 			page 9


 377              	.LFB128:
  92:Bsp/periph_gpio.c **** 
  93:Bsp/periph_gpio.c **** void GPIO_TIM2_PWMCH2_IO_Init(void)
  94:Bsp/periph_gpio.c **** {
 378              		.loc 1 94 0
 379              		.cfi_startproc
 380              		@ args = 0, pretend = 0, frame = 8
 381              		@ frame_needed = 0, uses_anonymous_args = 0
 382 0000 10B5     		push	{r4, lr}
 383              	.LCFI15:
 384              		.cfi_def_cfa_offset 8
 385              		.cfi_offset 4, -8
 386              		.cfi_offset 14, -4
 387 0002 82B0     		sub	sp, sp, #8
 388              	.LCFI16:
 389              		.cfi_def_cfa_offset 16
  95:Bsp/periph_gpio.c **** 	GPIO_InitTypeDef GPIO_InitStructure;
  96:Bsp/periph_gpio.c **** 
  97:Bsp/periph_gpio.c **** 	RCC_AHB1PeriphClockCmd(TIM2_PWMCH2_IO_CLK, ENABLE);
 390              		.loc 1 97 0
 391 0004 0121     		movs	r1, #1
 392 0006 0846     		mov	r0, r1
 393 0008 FFF7FEFF 		bl	RCC_AHB1PeriphClockCmd
 394              	.LVL19:
  98:Bsp/periph_gpio.c **** 
  99:Bsp/periph_gpio.c **** 	GPIO_PinAFConfig(TIM2_PWMCH2_IO_PORT, TIM2_PWMCH2_PinSource, GPIO_AF_TIM2);
 395              		.loc 1 99 0
 396 000c 0C4C     		ldr	r4, .L23
 397 000e 0122     		movs	r2, #1
 398 0010 1146     		mov	r1, r2
 399 0012 2046     		mov	r0, r4
 400 0014 FFF7FEFF 		bl	GPIO_PinAFConfig
 401              	.LVL20:
 100:Bsp/periph_gpio.c **** 
 101:Bsp/periph_gpio.c **** 	GPIO_InitStructure.GPIO_Pin = TIM2_PWMCH2_PIN;
 402              		.loc 1 101 0
 403 0018 0223     		movs	r3, #2
 404 001a 0093     		str	r3, [sp]
 102:Bsp/periph_gpio.c **** 	GPIO_InitStructure.GPIO_Mode = GPIO_Mode_AF;
 405              		.loc 1 102 0
 406 001c 8DF80430 		strb	r3, [sp, #4]
 103:Bsp/periph_gpio.c **** 	GPIO_InitStructure.GPIO_Speed = GPIO_Speed_100MHz;
 407              		.loc 1 103 0
 408 0020 0323     		movs	r3, #3
 409 0022 8DF80530 		strb	r3, [sp, #5]
 104:Bsp/periph_gpio.c **** 	GPIO_InitStructure.GPIO_OType = GPIO_OType_PP;
 410              		.loc 1 104 0
 411 0026 0023     		movs	r3, #0
 412 0028 8DF80630 		strb	r3, [sp, #6]
 105:Bsp/periph_gpio.c **** 	GPIO_InitStructure.GPIO_PuPd = GPIO_PuPd_UP;
 413              		.loc 1 105 0
 414 002c 0123     		movs	r3, #1
 415 002e 8DF80730 		strb	r3, [sp, #7]
 106:Bsp/periph_gpio.c **** 
 107:Bsp/periph_gpio.c **** 	GPIO_Init(TIM2_PWMCH2_IO_PORT, &GPIO_InitStructure);
 416              		.loc 1 107 0
 417 0032 6946     		mov	r1, sp
ARM GAS  C:\Users\why\AppData\Local\Temp\ccipu9fY.s 			page 10


 418 0034 2046     		mov	r0, r4
 419 0036 FFF7FEFF 		bl	GPIO_Init
 420              	.LVL21:
 108:Bsp/periph_gpio.c **** }
 421              		.loc 1 108 0
 422 003a 02B0     		add	sp, sp, #8
 423              	.LCFI17:
 424              		.cfi_def_cfa_offset 8
 425              		@ sp needed
 426 003c 10BD     		pop	{r4, pc}
 427              	.L24:
 428 003e 00BF     		.align	2
 429              	.L23:
 430 0040 00000240 		.word	1073872896
 431              		.cfi_endproc
 432              	.LFE128:
 434              		.section	.text.GPIO_TIM2_PWMCH3_IO_Init,"ax",%progbits
 435              		.align	2
 436              		.global	GPIO_TIM2_PWMCH3_IO_Init
 437              		.thumb
 438              		.thumb_func
 440              	GPIO_TIM2_PWMCH3_IO_Init:
 441              	.LFB129:
 109:Bsp/periph_gpio.c **** 
 110:Bsp/periph_gpio.c **** void GPIO_TIM2_PWMCH3_IO_Init(void)
 111:Bsp/periph_gpio.c **** {
 442              		.loc 1 111 0
 443              		.cfi_startproc
 444              		@ args = 0, pretend = 0, frame = 8
 445              		@ frame_needed = 0, uses_anonymous_args = 0
 446 0000 10B5     		push	{r4, lr}
 447              	.LCFI18:
 448              		.cfi_def_cfa_offset 8
 449              		.cfi_offset 4, -8
 450              		.cfi_offset 14, -4
 451 0002 82B0     		sub	sp, sp, #8
 452              	.LCFI19:
 453              		.cfi_def_cfa_offset 16
 112:Bsp/periph_gpio.c **** 	GPIO_InitTypeDef GPIO_InitStructure;
 113:Bsp/periph_gpio.c **** 
 114:Bsp/periph_gpio.c **** 	RCC_AHB1PeriphClockCmd(TIM2_PWMCH3_IO_CLK, ENABLE);
 454              		.loc 1 114 0
 455 0004 0121     		movs	r1, #1
 456 0006 0846     		mov	r0, r1
 457 0008 FFF7FEFF 		bl	RCC_AHB1PeriphClockCmd
 458              	.LVL22:
 115:Bsp/periph_gpio.c **** 
 116:Bsp/periph_gpio.c **** 	GPIO_PinAFConfig(TIM2_PWMCH3_IO_PORT, TIM2_PWMCH3_PinSource, GPIO_AF_TIM2);
 459              		.loc 1 116 0
 460 000c 0C4C     		ldr	r4, .L27
 461 000e 0122     		movs	r2, #1
 462 0010 0221     		movs	r1, #2
 463 0012 2046     		mov	r0, r4
 464 0014 FFF7FEFF 		bl	GPIO_PinAFConfig
 465              	.LVL23:
 117:Bsp/periph_gpio.c **** 
 118:Bsp/periph_gpio.c **** 	GPIO_InitStructure.GPIO_Pin = TIM2_PWMCH3_PIN;
ARM GAS  C:\Users\why\AppData\Local\Temp\ccipu9fY.s 			page 11


 466              		.loc 1 118 0
 467 0018 0423     		movs	r3, #4
 468 001a 0093     		str	r3, [sp]
 119:Bsp/periph_gpio.c **** 	GPIO_InitStructure.GPIO_Mode = GPIO_Mode_AF;
 469              		.loc 1 119 0
 470 001c 0223     		movs	r3, #2
 471 001e 8DF80430 		strb	r3, [sp, #4]
 120:Bsp/periph_gpio.c **** 	GPIO_InitStructure.GPIO_Speed = GPIO_Speed_100MHz;
 472              		.loc 1 120 0
 473 0022 0323     		movs	r3, #3
 474 0024 8DF80530 		strb	r3, [sp, #5]
 121:Bsp/periph_gpio.c **** 	GPIO_InitStructure.GPIO_OType = GPIO_OType_PP;
 475              		.loc 1 121 0
 476 0028 0023     		movs	r3, #0
 477 002a 8DF80630 		strb	r3, [sp, #6]
 122:Bsp/periph_gpio.c **** 	GPIO_InitStructure.GPIO_PuPd = GPIO_PuPd_UP;
 478              		.loc 1 122 0
 479 002e 0123     		movs	r3, #1
 480 0030 8DF80730 		strb	r3, [sp, #7]
 123:Bsp/periph_gpio.c **** 
 124:Bsp/periph_gpio.c **** 	GPIO_Init(TIM2_PWMCH3_IO_PORT, &GPIO_InitStructure);
 481              		.loc 1 124 0
 482 0034 6946     		mov	r1, sp
 483 0036 2046     		mov	r0, r4
 484 0038 FFF7FEFF 		bl	GPIO_Init
 485              	.LVL24:
 125:Bsp/periph_gpio.c **** }
 486              		.loc 1 125 0
 487 003c 02B0     		add	sp, sp, #8
 488              	.LCFI20:
 489              		.cfi_def_cfa_offset 8
 490              		@ sp needed
 491 003e 10BD     		pop	{r4, pc}
 492              	.L28:
 493              		.align	2
 494              	.L27:
 495 0040 00000240 		.word	1073872896
 496              		.cfi_endproc
 497              	.LFE129:
 499              		.section	.text.GPIO_TIM2_PWMCH4_IO_Init,"ax",%progbits
 500              		.align	2
 501              		.global	GPIO_TIM2_PWMCH4_IO_Init
 502              		.thumb
 503              		.thumb_func
 505              	GPIO_TIM2_PWMCH4_IO_Init:
 506              	.LFB130:
 126:Bsp/periph_gpio.c **** 
 127:Bsp/periph_gpio.c **** void GPIO_TIM2_PWMCH4_IO_Init(void)
 128:Bsp/periph_gpio.c **** {
 507              		.loc 1 128 0
 508              		.cfi_startproc
 509              		@ args = 0, pretend = 0, frame = 8
 510              		@ frame_needed = 0, uses_anonymous_args = 0
 511 0000 10B5     		push	{r4, lr}
 512              	.LCFI21:
 513              		.cfi_def_cfa_offset 8
 514              		.cfi_offset 4, -8
ARM GAS  C:\Users\why\AppData\Local\Temp\ccipu9fY.s 			page 12


 515              		.cfi_offset 14, -4
 516 0002 82B0     		sub	sp, sp, #8
 517              	.LCFI22:
 518              		.cfi_def_cfa_offset 16
 129:Bsp/periph_gpio.c **** 	GPIO_InitTypeDef GPIO_InitStructure;
 130:Bsp/periph_gpio.c **** 
 131:Bsp/periph_gpio.c **** 	RCC_AHB1PeriphClockCmd(TIM2_PWMCH4_IO_CLK, ENABLE);
 519              		.loc 1 131 0
 520 0004 0121     		movs	r1, #1
 521 0006 0846     		mov	r0, r1
 522 0008 FFF7FEFF 		bl	RCC_AHB1PeriphClockCmd
 523              	.LVL25:
 132:Bsp/periph_gpio.c **** 
 133:Bsp/periph_gpio.c **** 	GPIO_PinAFConfig(TIM2_PWMCH4_IO_PORT, TIM2_PWMCH4_PinSource, GPIO_AF_TIM2);
 524              		.loc 1 133 0
 525 000c 0C4C     		ldr	r4, .L31
 526 000e 0122     		movs	r2, #1
 527 0010 0321     		movs	r1, #3
 528 0012 2046     		mov	r0, r4
 529 0014 FFF7FEFF 		bl	GPIO_PinAFConfig
 530              	.LVL26:
 134:Bsp/periph_gpio.c **** 
 135:Bsp/periph_gpio.c **** 	GPIO_InitStructure.GPIO_Pin = TIM2_PWMCH4_PIN;
 531              		.loc 1 135 0
 532 0018 0823     		movs	r3, #8
 533 001a 0093     		str	r3, [sp]
 136:Bsp/periph_gpio.c **** 	GPIO_InitStructure.GPIO_Mode = GPIO_Mode_AF;
 534              		.loc 1 136 0
 535 001c 0223     		movs	r3, #2
 536 001e 8DF80430 		strb	r3, [sp, #4]
 137:Bsp/periph_gpio.c **** 	GPIO_InitStructure.GPIO_Speed = GPIO_Speed_100MHz;
 537              		.loc 1 137 0
 538 0022 0323     		movs	r3, #3
 539 0024 8DF80530 		strb	r3, [sp, #5]
 138:Bsp/periph_gpio.c **** 	GPIO_InitStructure.GPIO_OType = GPIO_OType_PP;
 540              		.loc 1 138 0
 541 0028 0023     		movs	r3, #0
 542 002a 8DF80630 		strb	r3, [sp, #6]
 139:Bsp/periph_gpio.c **** 	GPIO_InitStructure.GPIO_PuPd = GPIO_PuPd_UP;
 543              		.loc 1 139 0
 544 002e 0123     		movs	r3, #1
 545 0030 8DF80730 		strb	r3, [sp, #7]
 140:Bsp/periph_gpio.c **** 
 141:Bsp/periph_gpio.c **** 	GPIO_Init(TIM2_PWMCH4_IO_PORT, &GPIO_InitStructure);
 546              		.loc 1 141 0
 547 0034 6946     		mov	r1, sp
 548 0036 2046     		mov	r0, r4
 549 0038 FFF7FEFF 		bl	GPIO_Init
 550              	.LVL27:
 142:Bsp/periph_gpio.c **** }
 551              		.loc 1 142 0
 552 003c 02B0     		add	sp, sp, #8
 553              	.LCFI23:
 554              		.cfi_def_cfa_offset 8
 555              		@ sp needed
 556 003e 10BD     		pop	{r4, pc}
 557              	.L32:
ARM GAS  C:\Users\why\AppData\Local\Temp\ccipu9fY.s 			page 13


 558              		.align	2
 559              	.L31:
 560 0040 00000240 		.word	1073872896
 561              		.cfi_endproc
 562              	.LFE130:
 564              		.section	.text.GPIO_TIM3_PWMCH1_IO_Init,"ax",%progbits
 565              		.align	2
 566              		.global	GPIO_TIM3_PWMCH1_IO_Init
 567              		.thumb
 568              		.thumb_func
 570              	GPIO_TIM3_PWMCH1_IO_Init:
 571              	.LFB131:
 143:Bsp/periph_gpio.c **** 
 144:Bsp/periph_gpio.c **** void GPIO_TIM3_PWMCH1_IO_Init(void)
 145:Bsp/periph_gpio.c **** {
 572              		.loc 1 145 0
 573              		.cfi_startproc
 574              		@ args = 0, pretend = 0, frame = 8
 575              		@ frame_needed = 0, uses_anonymous_args = 0
 576 0000 10B5     		push	{r4, lr}
 577              	.LCFI24:
 578              		.cfi_def_cfa_offset 8
 579              		.cfi_offset 4, -8
 580              		.cfi_offset 14, -4
 581 0002 82B0     		sub	sp, sp, #8
 582              	.LCFI25:
 583              		.cfi_def_cfa_offset 16
 146:Bsp/periph_gpio.c **** 	GPIO_InitTypeDef GPIO_InitStructure;
 147:Bsp/periph_gpio.c **** 
 148:Bsp/periph_gpio.c **** 	RCC_AHB1PeriphClockCmd(TIM3_PWMCH1_IO_CLK, ENABLE);
 584              		.loc 1 148 0
 585 0004 0121     		movs	r1, #1
 586 0006 0846     		mov	r0, r1
 587 0008 FFF7FEFF 		bl	RCC_AHB1PeriphClockCmd
 588              	.LVL28:
 149:Bsp/periph_gpio.c **** 
 150:Bsp/periph_gpio.c **** 	GPIO_PinAFConfig(TIM3_PWMCH1_IO_PORT, TIM3_PWMCH1_PinSource, GPIO_AF_TIM3);
 589              		.loc 1 150 0
 590 000c 0C4C     		ldr	r4, .L35
 591 000e 0222     		movs	r2, #2
 592 0010 0621     		movs	r1, #6
 593 0012 2046     		mov	r0, r4
 594 0014 FFF7FEFF 		bl	GPIO_PinAFConfig
 595              	.LVL29:
 151:Bsp/periph_gpio.c **** 
 152:Bsp/periph_gpio.c **** 	GPIO_InitStructure.GPIO_Pin = TIM3_PWMCH1_PIN;
 596              		.loc 1 152 0
 597 0018 4023     		movs	r3, #64
 598 001a 0093     		str	r3, [sp]
 153:Bsp/periph_gpio.c **** 	GPIO_InitStructure.GPIO_Mode = GPIO_Mode_AF;
 599              		.loc 1 153 0
 600 001c 0223     		movs	r3, #2
 601 001e 8DF80430 		strb	r3, [sp, #4]
 154:Bsp/periph_gpio.c **** 	GPIO_InitStructure.GPIO_Speed = GPIO_Speed_100MHz;
 602              		.loc 1 154 0
 603 0022 0323     		movs	r3, #3
 604 0024 8DF80530 		strb	r3, [sp, #5]
ARM GAS  C:\Users\why\AppData\Local\Temp\ccipu9fY.s 			page 14


 155:Bsp/periph_gpio.c **** 	GPIO_InitStructure.GPIO_OType = GPIO_OType_PP;
 605              		.loc 1 155 0
 606 0028 0023     		movs	r3, #0
 607 002a 8DF80630 		strb	r3, [sp, #6]
 156:Bsp/periph_gpio.c **** 	GPIO_InitStructure.GPIO_PuPd = GPIO_PuPd_UP;
 608              		.loc 1 156 0
 609 002e 0123     		movs	r3, #1
 610 0030 8DF80730 		strb	r3, [sp, #7]
 157:Bsp/periph_gpio.c **** 
 158:Bsp/periph_gpio.c **** 	GPIO_Init(TIM3_PWMCH1_IO_PORT, &GPIO_InitStructure);
 611              		.loc 1 158 0
 612 0034 6946     		mov	r1, sp
 613 0036 2046     		mov	r0, r4
 614 0038 FFF7FEFF 		bl	GPIO_Init
 615              	.LVL30:
 159:Bsp/periph_gpio.c **** }
 616              		.loc 1 159 0
 617 003c 02B0     		add	sp, sp, #8
 618              	.LCFI26:
 619              		.cfi_def_cfa_offset 8
 620              		@ sp needed
 621 003e 10BD     		pop	{r4, pc}
 622              	.L36:
 623              		.align	2
 624              	.L35:
 625 0040 00000240 		.word	1073872896
 626              		.cfi_endproc
 627              	.LFE131:
 629              		.section	.text.GPIO_TIM3_PWMCH2_IO_Init,"ax",%progbits
 630              		.align	2
 631              		.global	GPIO_TIM3_PWMCH2_IO_Init
 632              		.thumb
 633              		.thumb_func
 635              	GPIO_TIM3_PWMCH2_IO_Init:
 636              	.LFB132:
 160:Bsp/periph_gpio.c **** 
 161:Bsp/periph_gpio.c **** void GPIO_TIM3_PWMCH2_IO_Init(void)
 162:Bsp/periph_gpio.c **** {
 637              		.loc 1 162 0
 638              		.cfi_startproc
 639              		@ args = 0, pretend = 0, frame = 8
 640              		@ frame_needed = 0, uses_anonymous_args = 0
 641 0000 10B5     		push	{r4, lr}
 642              	.LCFI27:
 643              		.cfi_def_cfa_offset 8
 644              		.cfi_offset 4, -8
 645              		.cfi_offset 14, -4
 646 0002 82B0     		sub	sp, sp, #8
 647              	.LCFI28:
 648              		.cfi_def_cfa_offset 16
 163:Bsp/periph_gpio.c **** 	GPIO_InitTypeDef GPIO_InitStructure;
 164:Bsp/periph_gpio.c **** 
 165:Bsp/periph_gpio.c **** 	RCC_AHB1PeriphClockCmd(TIM3_PWMCH2_IO_CLK, ENABLE);
 649              		.loc 1 165 0
 650 0004 0121     		movs	r1, #1
 651 0006 0846     		mov	r0, r1
 652 0008 FFF7FEFF 		bl	RCC_AHB1PeriphClockCmd
ARM GAS  C:\Users\why\AppData\Local\Temp\ccipu9fY.s 			page 15


 653              	.LVL31:
 166:Bsp/periph_gpio.c **** 
 167:Bsp/periph_gpio.c **** 	GPIO_PinAFConfig(TIM3_PWMCH2_IO_PORT, TIM3_PWMCH2_PinSource, GPIO_AF_TIM3);
 654              		.loc 1 167 0
 655 000c 0C4C     		ldr	r4, .L39
 656 000e 0222     		movs	r2, #2
 657 0010 0721     		movs	r1, #7
 658 0012 2046     		mov	r0, r4
 659 0014 FFF7FEFF 		bl	GPIO_PinAFConfig
 660              	.LVL32:
 168:Bsp/periph_gpio.c **** 
 169:Bsp/periph_gpio.c **** 	GPIO_InitStructure.GPIO_Pin = TIM3_PWMCH2_PIN;
 661              		.loc 1 169 0
 662 0018 8023     		movs	r3, #128
 663 001a 0093     		str	r3, [sp]
 170:Bsp/periph_gpio.c **** 	GPIO_InitStructure.GPIO_Mode = GPIO_Mode_AF;
 664              		.loc 1 170 0
 665 001c 0223     		movs	r3, #2
 666 001e 8DF80430 		strb	r3, [sp, #4]
 171:Bsp/periph_gpio.c **** 	GPIO_InitStructure.GPIO_Speed = GPIO_Speed_100MHz;
 667              		.loc 1 171 0
 668 0022 0323     		movs	r3, #3
 669 0024 8DF80530 		strb	r3, [sp, #5]
 172:Bsp/periph_gpio.c **** 	GPIO_InitStructure.GPIO_OType = GPIO_OType_PP;
 670              		.loc 1 172 0
 671 0028 0023     		movs	r3, #0
 672 002a 8DF80630 		strb	r3, [sp, #6]
 173:Bsp/periph_gpio.c **** 	GPIO_InitStructure.GPIO_PuPd = GPIO_PuPd_UP;
 673              		.loc 1 173 0
 674 002e 0123     		movs	r3, #1
 675 0030 8DF80730 		strb	r3, [sp, #7]
 174:Bsp/periph_gpio.c **** 
 175:Bsp/periph_gpio.c **** 	GPIO_Init(TIM3_PWMCH2_IO_PORT, &GPIO_InitStructure);
 676              		.loc 1 175 0
 677 0034 6946     		mov	r1, sp
 678 0036 2046     		mov	r0, r4
 679 0038 FFF7FEFF 		bl	GPIO_Init
 680              	.LVL33:
 176:Bsp/periph_gpio.c **** }
 681              		.loc 1 176 0
 682 003c 02B0     		add	sp, sp, #8
 683              	.LCFI29:
 684              		.cfi_def_cfa_offset 8
 685              		@ sp needed
 686 003e 10BD     		pop	{r4, pc}
 687              	.L40:
 688              		.align	2
 689              	.L39:
 690 0040 00000240 		.word	1073872896
 691              		.cfi_endproc
 692              	.LFE132:
 694              		.section	.text.GPIO_TIM3_PWMCH3_IO_Init,"ax",%progbits
 695              		.align	2
 696              		.global	GPIO_TIM3_PWMCH3_IO_Init
 697              		.thumb
 698              		.thumb_func
 700              	GPIO_TIM3_PWMCH3_IO_Init:
ARM GAS  C:\Users\why\AppData\Local\Temp\ccipu9fY.s 			page 16


 701              	.LFB133:
 177:Bsp/periph_gpio.c **** 
 178:Bsp/periph_gpio.c **** void GPIO_TIM3_PWMCH3_IO_Init(void)
 179:Bsp/periph_gpio.c **** {
 702              		.loc 1 179 0
 703              		.cfi_startproc
 704              		@ args = 0, pretend = 0, frame = 8
 705              		@ frame_needed = 0, uses_anonymous_args = 0
 706 0000 10B5     		push	{r4, lr}
 707              	.LCFI30:
 708              		.cfi_def_cfa_offset 8
 709              		.cfi_offset 4, -8
 710              		.cfi_offset 14, -4
 711 0002 82B0     		sub	sp, sp, #8
 712              	.LCFI31:
 713              		.cfi_def_cfa_offset 16
 180:Bsp/periph_gpio.c **** 	GPIO_InitTypeDef GPIO_InitStructure;
 181:Bsp/periph_gpio.c **** 
 182:Bsp/periph_gpio.c **** 	RCC_AHB1PeriphClockCmd(TIM3_PWMCH3_IO_CLK, ENABLE);
 714              		.loc 1 182 0
 715 0004 0121     		movs	r1, #1
 716 0006 0220     		movs	r0, #2
 717 0008 FFF7FEFF 		bl	RCC_AHB1PeriphClockCmd
 718              	.LVL34:
 183:Bsp/periph_gpio.c **** 
 184:Bsp/periph_gpio.c **** 	GPIO_PinAFConfig(TIM3_PWMCH3_IO_PORT, TIM3_PWMCH3_PinSource, GPIO_AF_TIM3);
 719              		.loc 1 184 0
 720 000c 0C4C     		ldr	r4, .L43
 721 000e 0222     		movs	r2, #2
 722 0010 0021     		movs	r1, #0
 723 0012 2046     		mov	r0, r4
 724 0014 FFF7FEFF 		bl	GPIO_PinAFConfig
 725              	.LVL35:
 185:Bsp/periph_gpio.c **** 
 186:Bsp/periph_gpio.c **** 	GPIO_InitStructure.GPIO_Pin = TIM3_PWMCH3_PIN;
 726              		.loc 1 186 0
 727 0018 0123     		movs	r3, #1
 728 001a 0093     		str	r3, [sp]
 187:Bsp/periph_gpio.c **** 	GPIO_InitStructure.GPIO_Mode = GPIO_Mode_AF;
 729              		.loc 1 187 0
 730 001c 0222     		movs	r2, #2
 731 001e 8DF80420 		strb	r2, [sp, #4]
 188:Bsp/periph_gpio.c **** 	GPIO_InitStructure.GPIO_Speed = GPIO_Speed_100MHz;
 732              		.loc 1 188 0
 733 0022 0322     		movs	r2, #3
 734 0024 8DF80520 		strb	r2, [sp, #5]
 189:Bsp/periph_gpio.c **** 	GPIO_InitStructure.GPIO_OType = GPIO_OType_PP;
 735              		.loc 1 189 0
 736 0028 0022     		movs	r2, #0
 737 002a 8DF80620 		strb	r2, [sp, #6]
 190:Bsp/periph_gpio.c **** 	GPIO_InitStructure.GPIO_PuPd = GPIO_PuPd_UP;
 738              		.loc 1 190 0
 739 002e 8DF80730 		strb	r3, [sp, #7]
 191:Bsp/periph_gpio.c **** 
 192:Bsp/periph_gpio.c **** 	GPIO_Init(TIM3_PWMCH3_IO_PORT, &GPIO_InitStructure);
 740              		.loc 1 192 0
 741 0032 6946     		mov	r1, sp
ARM GAS  C:\Users\why\AppData\Local\Temp\ccipu9fY.s 			page 17


 742 0034 2046     		mov	r0, r4
 743 0036 FFF7FEFF 		bl	GPIO_Init
 744              	.LVL36:
 193:Bsp/periph_gpio.c **** }
 745              		.loc 1 193 0
 746 003a 02B0     		add	sp, sp, #8
 747              	.LCFI32:
 748              		.cfi_def_cfa_offset 8
 749              		@ sp needed
 750 003c 10BD     		pop	{r4, pc}
 751              	.L44:
 752 003e 00BF     		.align	2
 753              	.L43:
 754 0040 00040240 		.word	1073873920
 755              		.cfi_endproc
 756              	.LFE133:
 758              		.section	.text.GPIO_TIM3_PWMCH4_IO_Init,"ax",%progbits
 759              		.align	2
 760              		.global	GPIO_TIM3_PWMCH4_IO_Init
 761              		.thumb
 762              		.thumb_func
 764              	GPIO_TIM3_PWMCH4_IO_Init:
 765              	.LFB134:
 194:Bsp/periph_gpio.c **** 
 195:Bsp/periph_gpio.c **** void GPIO_TIM3_PWMCH4_IO_Init(void)
 196:Bsp/periph_gpio.c **** {
 766              		.loc 1 196 0
 767              		.cfi_startproc
 768              		@ args = 0, pretend = 0, frame = 8
 769              		@ frame_needed = 0, uses_anonymous_args = 0
 770 0000 10B5     		push	{r4, lr}
 771              	.LCFI33:
 772              		.cfi_def_cfa_offset 8
 773              		.cfi_offset 4, -8
 774              		.cfi_offset 14, -4
 775 0002 82B0     		sub	sp, sp, #8
 776              	.LCFI34:
 777              		.cfi_def_cfa_offset 16
 197:Bsp/periph_gpio.c **** 	GPIO_InitTypeDef GPIO_InitStructure;
 198:Bsp/periph_gpio.c **** 
 199:Bsp/periph_gpio.c **** 	RCC_AHB1PeriphClockCmd(TIM3_PWMCH4_IO_CLK, ENABLE);
 778              		.loc 1 199 0
 779 0004 0121     		movs	r1, #1
 780 0006 0220     		movs	r0, #2
 781 0008 FFF7FEFF 		bl	RCC_AHB1PeriphClockCmd
 782              	.LVL37:
 200:Bsp/periph_gpio.c **** 
 201:Bsp/periph_gpio.c **** 	GPIO_PinAFConfig(TIM3_PWMCH4_IO_PORT, TIM3_PWMCH4_PinSource, GPIO_AF_TIM3);
 783              		.loc 1 201 0
 784 000c 0C4C     		ldr	r4, .L47
 785 000e 0222     		movs	r2, #2
 786 0010 0121     		movs	r1, #1
 787 0012 2046     		mov	r0, r4
 788 0014 FFF7FEFF 		bl	GPIO_PinAFConfig
 789              	.LVL38:
 202:Bsp/periph_gpio.c **** 
 203:Bsp/periph_gpio.c **** 	GPIO_InitStructure.GPIO_Pin = TIM3_PWMCH4_PIN;
ARM GAS  C:\Users\why\AppData\Local\Temp\ccipu9fY.s 			page 18


 790              		.loc 1 203 0
 791 0018 0223     		movs	r3, #2
 792 001a 0093     		str	r3, [sp]
 204:Bsp/periph_gpio.c **** 	GPIO_InitStructure.GPIO_Mode = GPIO_Mode_AF;
 793              		.loc 1 204 0
 794 001c 8DF80430 		strb	r3, [sp, #4]
 205:Bsp/periph_gpio.c **** 	GPIO_InitStructure.GPIO_Speed = GPIO_Speed_100MHz;
 795              		.loc 1 205 0
 796 0020 0323     		movs	r3, #3
 797 0022 8DF80530 		strb	r3, [sp, #5]
 206:Bsp/periph_gpio.c **** 	GPIO_InitStructure.GPIO_OType = GPIO_OType_PP;
 798              		.loc 1 206 0
 799 0026 0023     		movs	r3, #0
 800 0028 8DF80630 		strb	r3, [sp, #6]
 207:Bsp/periph_gpio.c **** 	GPIO_InitStructure.GPIO_PuPd = GPIO_PuPd_UP;
 801              		.loc 1 207 0
 802 002c 0123     		movs	r3, #1
 803 002e 8DF80730 		strb	r3, [sp, #7]
 208:Bsp/periph_gpio.c **** 
 209:Bsp/periph_gpio.c **** 	GPIO_Init(TIM3_PWMCH4_IO_PORT, &GPIO_InitStructure);
 804              		.loc 1 209 0
 805 0032 6946     		mov	r1, sp
 806 0034 2046     		mov	r0, r4
 807 0036 FFF7FEFF 		bl	GPIO_Init
 808              	.LVL39:
 210:Bsp/periph_gpio.c **** }
 809              		.loc 1 210 0
 810 003a 02B0     		add	sp, sp, #8
 811              	.LCFI35:
 812              		.cfi_def_cfa_offset 8
 813              		@ sp needed
 814 003c 10BD     		pop	{r4, pc}
 815              	.L48:
 816 003e 00BF     		.align	2
 817              	.L47:
 818 0040 00040240 		.word	1073873920
 819              		.cfi_endproc
 820              	.LFE134:
 822              		.section	.text.GPIO_TIM4_PWMCH1_IO_Init,"ax",%progbits
 823              		.align	2
 824              		.global	GPIO_TIM4_PWMCH1_IO_Init
 825              		.thumb
 826              		.thumb_func
 828              	GPIO_TIM4_PWMCH1_IO_Init:
 829              	.LFB135:
 211:Bsp/periph_gpio.c **** 
 212:Bsp/periph_gpio.c **** void GPIO_TIM4_PWMCH1_IO_Init(void)
 213:Bsp/periph_gpio.c **** {
 830              		.loc 1 213 0
 831              		.cfi_startproc
 832              		@ args = 0, pretend = 0, frame = 8
 833              		@ frame_needed = 0, uses_anonymous_args = 0
 834 0000 10B5     		push	{r4, lr}
 835              	.LCFI36:
 836              		.cfi_def_cfa_offset 8
 837              		.cfi_offset 4, -8
 838              		.cfi_offset 14, -4
ARM GAS  C:\Users\why\AppData\Local\Temp\ccipu9fY.s 			page 19


 839 0002 82B0     		sub	sp, sp, #8
 840              	.LCFI37:
 841              		.cfi_def_cfa_offset 16
 214:Bsp/periph_gpio.c **** 	GPIO_InitTypeDef GPIO_InitStructure;
 215:Bsp/periph_gpio.c **** 
 216:Bsp/periph_gpio.c **** 	RCC_AHB1PeriphClockCmd(TIM4_PWMCH1_IO_CLK, ENABLE);
 842              		.loc 1 216 0
 843 0004 0121     		movs	r1, #1
 844 0006 0220     		movs	r0, #2
 845 0008 FFF7FEFF 		bl	RCC_AHB1PeriphClockCmd
 846              	.LVL40:
 217:Bsp/periph_gpio.c **** 
 218:Bsp/periph_gpio.c **** 	GPIO_PinAFConfig(TIM4_PWMCH1_IO_PORT, TIM4_PWMCH1_PinSource, GPIO_AF_TIM4);
 847              		.loc 1 218 0
 848 000c 0C4C     		ldr	r4, .L51
 849 000e 0222     		movs	r2, #2
 850 0010 0621     		movs	r1, #6
 851 0012 2046     		mov	r0, r4
 852 0014 FFF7FEFF 		bl	GPIO_PinAFConfig
 853              	.LVL41:
 219:Bsp/periph_gpio.c **** 
 220:Bsp/periph_gpio.c **** 	GPIO_InitStructure.GPIO_Pin = TIM4_PWMCH1_PIN;
 854              		.loc 1 220 0
 855 0018 4023     		movs	r3, #64
 856 001a 0093     		str	r3, [sp]
 221:Bsp/periph_gpio.c **** 	GPIO_InitStructure.GPIO_Mode = GPIO_Mode_AF;
 857              		.loc 1 221 0
 858 001c 0223     		movs	r3, #2
 859 001e 8DF80430 		strb	r3, [sp, #4]
 222:Bsp/periph_gpio.c **** 	GPIO_InitStructure.GPIO_Speed = GPIO_Speed_100MHz;
 860              		.loc 1 222 0
 861 0022 0323     		movs	r3, #3
 862 0024 8DF80530 		strb	r3, [sp, #5]
 223:Bsp/periph_gpio.c **** 	GPIO_InitStructure.GPIO_OType = GPIO_OType_PP;
 863              		.loc 1 223 0
 864 0028 0023     		movs	r3, #0
 865 002a 8DF80630 		strb	r3, [sp, #6]
 224:Bsp/periph_gpio.c **** 	GPIO_InitStructure.GPIO_PuPd = GPIO_PuPd_UP;
 866              		.loc 1 224 0
 867 002e 0123     		movs	r3, #1
 868 0030 8DF80730 		strb	r3, [sp, #7]
 225:Bsp/periph_gpio.c **** 
 226:Bsp/periph_gpio.c **** 	GPIO_Init(TIM4_PWMCH1_IO_PORT, &GPIO_InitStructure);
 869              		.loc 1 226 0
 870 0034 6946     		mov	r1, sp
 871 0036 2046     		mov	r0, r4
 872 0038 FFF7FEFF 		bl	GPIO_Init
 873              	.LVL42:
 227:Bsp/periph_gpio.c **** }
 874              		.loc 1 227 0
 875 003c 02B0     		add	sp, sp, #8
 876              	.LCFI38:
 877              		.cfi_def_cfa_offset 8
 878              		@ sp needed
 879 003e 10BD     		pop	{r4, pc}
 880              	.L52:
 881              		.align	2
ARM GAS  C:\Users\why\AppData\Local\Temp\ccipu9fY.s 			page 20


 882              	.L51:
 883 0040 00040240 		.word	1073873920
 884              		.cfi_endproc
 885              	.LFE135:
 887              		.section	.text.GPIO_TIM4_PWMCH2_IO_Init,"ax",%progbits
 888              		.align	2
 889              		.global	GPIO_TIM4_PWMCH2_IO_Init
 890              		.thumb
 891              		.thumb_func
 893              	GPIO_TIM4_PWMCH2_IO_Init:
 894              	.LFB136:
 228:Bsp/periph_gpio.c **** 
 229:Bsp/periph_gpio.c **** void GPIO_TIM4_PWMCH2_IO_Init(void)
 230:Bsp/periph_gpio.c **** {
 895              		.loc 1 230 0
 896              		.cfi_startproc
 897              		@ args = 0, pretend = 0, frame = 8
 898              		@ frame_needed = 0, uses_anonymous_args = 0
 899 0000 10B5     		push	{r4, lr}
 900              	.LCFI39:
 901              		.cfi_def_cfa_offset 8
 902              		.cfi_offset 4, -8
 903              		.cfi_offset 14, -4
 904 0002 82B0     		sub	sp, sp, #8
 905              	.LCFI40:
 906              		.cfi_def_cfa_offset 16
 231:Bsp/periph_gpio.c **** 	GPIO_InitTypeDef GPIO_InitStructure;
 232:Bsp/periph_gpio.c **** 
 233:Bsp/periph_gpio.c **** 	RCC_AHB1PeriphClockCmd(TIM4_PWMCH2_IO_CLK, ENABLE);
 907              		.loc 1 233 0
 908 0004 0121     		movs	r1, #1
 909 0006 0220     		movs	r0, #2
 910 0008 FFF7FEFF 		bl	RCC_AHB1PeriphClockCmd
 911              	.LVL43:
 234:Bsp/periph_gpio.c **** 
 235:Bsp/periph_gpio.c **** 	GPIO_PinAFConfig(TIM4_PWMCH2_IO_PORT, TIM4_PWMCH2_PinSource, GPIO_AF_TIM4);
 912              		.loc 1 235 0
 913 000c 0C4C     		ldr	r4, .L55
 914 000e 0222     		movs	r2, #2
 915 0010 0721     		movs	r1, #7
 916 0012 2046     		mov	r0, r4
 917 0014 FFF7FEFF 		bl	GPIO_PinAFConfig
 918              	.LVL44:
 236:Bsp/periph_gpio.c **** 
 237:Bsp/periph_gpio.c **** 	GPIO_InitStructure.GPIO_Pin = TIM4_PWMCH2_PIN;
 919              		.loc 1 237 0
 920 0018 8023     		movs	r3, #128
 921 001a 0093     		str	r3, [sp]
 238:Bsp/periph_gpio.c **** 	GPIO_InitStructure.GPIO_Mode = GPIO_Mode_AF;
 922              		.loc 1 238 0
 923 001c 0223     		movs	r3, #2
 924 001e 8DF80430 		strb	r3, [sp, #4]
 239:Bsp/periph_gpio.c **** 	GPIO_InitStructure.GPIO_Speed = GPIO_Speed_100MHz;
 925              		.loc 1 239 0
 926 0022 0323     		movs	r3, #3
 927 0024 8DF80530 		strb	r3, [sp, #5]
 240:Bsp/periph_gpio.c **** 	GPIO_InitStructure.GPIO_OType = GPIO_OType_PP;
ARM GAS  C:\Users\why\AppData\Local\Temp\ccipu9fY.s 			page 21


 928              		.loc 1 240 0
 929 0028 0023     		movs	r3, #0
 930 002a 8DF80630 		strb	r3, [sp, #6]
 241:Bsp/periph_gpio.c **** 	GPIO_InitStructure.GPIO_PuPd = GPIO_PuPd_UP;
 931              		.loc 1 241 0
 932 002e 0123     		movs	r3, #1
 933 0030 8DF80730 		strb	r3, [sp, #7]
 242:Bsp/periph_gpio.c **** 
 243:Bsp/periph_gpio.c **** 	GPIO_Init(TIM4_PWMCH2_IO_PORT, &GPIO_InitStructure);
 934              		.loc 1 243 0
 935 0034 6946     		mov	r1, sp
 936 0036 2046     		mov	r0, r4
 937 0038 FFF7FEFF 		bl	GPIO_Init
 938              	.LVL45:
 244:Bsp/periph_gpio.c **** }
 939              		.loc 1 244 0
 940 003c 02B0     		add	sp, sp, #8
 941              	.LCFI41:
 942              		.cfi_def_cfa_offset 8
 943              		@ sp needed
 944 003e 10BD     		pop	{r4, pc}
 945              	.L56:
 946              		.align	2
 947              	.L55:
 948 0040 00040240 		.word	1073873920
 949              		.cfi_endproc
 950              	.LFE136:
 952              		.section	.text.GPIO_TIM4_PWMCH3_IO_Init,"ax",%progbits
 953              		.align	2
 954              		.global	GPIO_TIM4_PWMCH3_IO_Init
 955              		.thumb
 956              		.thumb_func
 958              	GPIO_TIM4_PWMCH3_IO_Init:
 959              	.LFB137:
 245:Bsp/periph_gpio.c **** 
 246:Bsp/periph_gpio.c **** void GPIO_TIM4_PWMCH3_IO_Init(void)
 247:Bsp/periph_gpio.c **** {
 960              		.loc 1 247 0
 961              		.cfi_startproc
 962              		@ args = 0, pretend = 0, frame = 8
 963              		@ frame_needed = 0, uses_anonymous_args = 0
 964 0000 10B5     		push	{r4, lr}
 965              	.LCFI42:
 966              		.cfi_def_cfa_offset 8
 967              		.cfi_offset 4, -8
 968              		.cfi_offset 14, -4
 969 0002 82B0     		sub	sp, sp, #8
 970              	.LCFI43:
 971              		.cfi_def_cfa_offset 16
 248:Bsp/periph_gpio.c **** 	GPIO_InitTypeDef GPIO_InitStructure;
 249:Bsp/periph_gpio.c **** 
 250:Bsp/periph_gpio.c **** 	RCC_AHB1PeriphClockCmd(TIM4_PWMCH3_IO_CLK, ENABLE);
 972              		.loc 1 250 0
 973 0004 0121     		movs	r1, #1
 974 0006 0220     		movs	r0, #2
 975 0008 FFF7FEFF 		bl	RCC_AHB1PeriphClockCmd
 976              	.LVL46:
ARM GAS  C:\Users\why\AppData\Local\Temp\ccipu9fY.s 			page 22


 251:Bsp/periph_gpio.c **** 
 252:Bsp/periph_gpio.c **** 	GPIO_PinAFConfig(TIM4_PWMCH3_IO_PORT, TIM4_PWMCH3_PinSource, GPIO_AF_TIM4);
 977              		.loc 1 252 0
 978 000c 0D4C     		ldr	r4, .L59
 979 000e 0222     		movs	r2, #2
 980 0010 0821     		movs	r1, #8
 981 0012 2046     		mov	r0, r4
 982 0014 FFF7FEFF 		bl	GPIO_PinAFConfig
 983              	.LVL47:
 253:Bsp/periph_gpio.c **** 
 254:Bsp/periph_gpio.c **** 	GPIO_InitStructure.GPIO_Pin = TIM4_PWMCH3_PIN;
 984              		.loc 1 254 0
 985 0018 4FF48073 		mov	r3, #256
 986 001c 0093     		str	r3, [sp]
 255:Bsp/periph_gpio.c **** 	GPIO_InitStructure.GPIO_Mode = GPIO_Mode_AF;
 987              		.loc 1 255 0
 988 001e 0223     		movs	r3, #2
 989 0020 8DF80430 		strb	r3, [sp, #4]
 256:Bsp/periph_gpio.c **** 	GPIO_InitStructure.GPIO_Speed = GPIO_Speed_100MHz;
 990              		.loc 1 256 0
 991 0024 0323     		movs	r3, #3
 992 0026 8DF80530 		strb	r3, [sp, #5]
 257:Bsp/periph_gpio.c **** 	GPIO_InitStructure.GPIO_OType = GPIO_OType_PP;
 993              		.loc 1 257 0
 994 002a 0023     		movs	r3, #0
 995 002c 8DF80630 		strb	r3, [sp, #6]
 258:Bsp/periph_gpio.c **** 	GPIO_InitStructure.GPIO_PuPd = GPIO_PuPd_UP;
 996              		.loc 1 258 0
 997 0030 0123     		movs	r3, #1
 998 0032 8DF80730 		strb	r3, [sp, #7]
 259:Bsp/periph_gpio.c **** 
 260:Bsp/periph_gpio.c **** 	GPIO_Init(TIM4_PWMCH3_IO_PORT, &GPIO_InitStructure);
 999              		.loc 1 260 0
 1000 0036 6946     		mov	r1, sp
 1001 0038 2046     		mov	r0, r4
 1002 003a FFF7FEFF 		bl	GPIO_Init
 1003              	.LVL48:
 261:Bsp/periph_gpio.c **** }
 1004              		.loc 1 261 0
 1005 003e 02B0     		add	sp, sp, #8
 1006              	.LCFI44:
 1007              		.cfi_def_cfa_offset 8
 1008              		@ sp needed
 1009 0040 10BD     		pop	{r4, pc}
 1010              	.L60:
 1011 0042 00BF     		.align	2
 1012              	.L59:
 1013 0044 00040240 		.word	1073873920
 1014              		.cfi_endproc
 1015              	.LFE137:
 1017              		.section	.text.GPIO_TIM4_PWMCH4_IO_Init,"ax",%progbits
 1018              		.align	2
 1019              		.global	GPIO_TIM4_PWMCH4_IO_Init
 1020              		.thumb
 1021              		.thumb_func
 1023              	GPIO_TIM4_PWMCH4_IO_Init:
 1024              	.LFB138:
ARM GAS  C:\Users\why\AppData\Local\Temp\ccipu9fY.s 			page 23


 262:Bsp/periph_gpio.c **** 
 263:Bsp/periph_gpio.c **** void GPIO_TIM4_PWMCH4_IO_Init(void)
 264:Bsp/periph_gpio.c **** {
 1025              		.loc 1 264 0
 1026              		.cfi_startproc
 1027              		@ args = 0, pretend = 0, frame = 8
 1028              		@ frame_needed = 0, uses_anonymous_args = 0
 1029 0000 10B5     		push	{r4, lr}
 1030              	.LCFI45:
 1031              		.cfi_def_cfa_offset 8
 1032              		.cfi_offset 4, -8
 1033              		.cfi_offset 14, -4
 1034 0002 82B0     		sub	sp, sp, #8
 1035              	.LCFI46:
 1036              		.cfi_def_cfa_offset 16
 265:Bsp/periph_gpio.c **** 	GPIO_InitTypeDef GPIO_InitStructure;
 266:Bsp/periph_gpio.c **** 
 267:Bsp/periph_gpio.c **** 	RCC_AHB1PeriphClockCmd(TIM4_PWMCH4_IO_CLK, ENABLE);
 1037              		.loc 1 267 0
 1038 0004 0121     		movs	r1, #1
 1039 0006 0220     		movs	r0, #2
 1040 0008 FFF7FEFF 		bl	RCC_AHB1PeriphClockCmd
 1041              	.LVL49:
 268:Bsp/periph_gpio.c **** 
 269:Bsp/periph_gpio.c **** 	GPIO_PinAFConfig(TIM4_PWMCH4_IO_PORT, TIM4_PWMCH4_PinSource, GPIO_AF_TIM4);
 1042              		.loc 1 269 0
 1043 000c 0D4C     		ldr	r4, .L63
 1044 000e 0222     		movs	r2, #2
 1045 0010 0921     		movs	r1, #9
 1046 0012 2046     		mov	r0, r4
 1047 0014 FFF7FEFF 		bl	GPIO_PinAFConfig
 1048              	.LVL50:
 270:Bsp/periph_gpio.c **** 
 271:Bsp/periph_gpio.c **** 	GPIO_InitStructure.GPIO_Pin = TIM4_PWMCH4_PIN;
 1049              		.loc 1 271 0
 1050 0018 4FF40073 		mov	r3, #512
 1051 001c 0093     		str	r3, [sp]
 272:Bsp/periph_gpio.c **** 	GPIO_InitStructure.GPIO_Mode = GPIO_Mode_AF;
 1052              		.loc 1 272 0
 1053 001e 0223     		movs	r3, #2
 1054 0020 8DF80430 		strb	r3, [sp, #4]
 273:Bsp/periph_gpio.c **** 	GPIO_InitStructure.GPIO_Speed = GPIO_Speed_100MHz;
 1055              		.loc 1 273 0
 1056 0024 0323     		movs	r3, #3
 1057 0026 8DF80530 		strb	r3, [sp, #5]
 274:Bsp/periph_gpio.c **** 	GPIO_InitStructure.GPIO_OType = GPIO_OType_PP;
 1058              		.loc 1 274 0
 1059 002a 0023     		movs	r3, #0
 1060 002c 8DF80630 		strb	r3, [sp, #6]
 275:Bsp/periph_gpio.c **** 	GPIO_InitStructure.GPIO_PuPd = GPIO_PuPd_UP;
 1061              		.loc 1 275 0
 1062 0030 0123     		movs	r3, #1
 1063 0032 8DF80730 		strb	r3, [sp, #7]
 276:Bsp/periph_gpio.c **** 
 277:Bsp/periph_gpio.c **** 	GPIO_Init(TIM4_PWMCH4_IO_PORT, &GPIO_InitStructure);
 1064              		.loc 1 277 0
 1065 0036 6946     		mov	r1, sp
ARM GAS  C:\Users\why\AppData\Local\Temp\ccipu9fY.s 			page 24


 1066 0038 2046     		mov	r0, r4
 1067 003a FFF7FEFF 		bl	GPIO_Init
 1068              	.LVL51:
 278:Bsp/periph_gpio.c **** }
 1069              		.loc 1 278 0
 1070 003e 02B0     		add	sp, sp, #8
 1071              	.LCFI47:
 1072              		.cfi_def_cfa_offset 8
 1073              		@ sp needed
 1074 0040 10BD     		pop	{r4, pc}
 1075              	.L64:
 1076 0042 00BF     		.align	2
 1077              	.L63:
 1078 0044 00040240 		.word	1073873920
 1079              		.cfi_endproc
 1080              	.LFE138:
 1082              		.section	.text.GPIO_SPI1_IO_Init,"ax",%progbits
 1083              		.align	2
 1084              		.global	GPIO_SPI1_IO_Init
 1085              		.thumb
 1086              		.thumb_func
 1088              	GPIO_SPI1_IO_Init:
 1089              	.LFB139:
 279:Bsp/periph_gpio.c **** 
 280:Bsp/periph_gpio.c **** void GPIO_SPI1_IO_Init(void)
 281:Bsp/periph_gpio.c **** {
 1090              		.loc 1 281 0
 1091              		.cfi_startproc
 1092              		@ args = 0, pretend = 0, frame = 8
 1093              		@ frame_needed = 0, uses_anonymous_args = 0
 1094 0000 10B5     		push	{r4, lr}
 1095              	.LCFI48:
 1096              		.cfi_def_cfa_offset 8
 1097              		.cfi_offset 4, -8
 1098              		.cfi_offset 14, -4
 1099 0002 82B0     		sub	sp, sp, #8
 1100              	.LCFI49:
 1101              		.cfi_def_cfa_offset 16
 282:Bsp/periph_gpio.c **** 	GPIO_InitTypeDef GPIO_InitStructure;
 283:Bsp/periph_gpio.c **** 	RCC_AHB1PeriphClockCmd(SPI1_MISO_IO_CLK | SPI1_MOSI_IO_CLK | SPI1_CLK_IO_CLK, ENABLE);
 1102              		.loc 1 283 0
 1103 0004 0121     		movs	r1, #1
 1104 0006 0846     		mov	r0, r1
 1105 0008 FFF7FEFF 		bl	RCC_AHB1PeriphClockCmd
 1106              	.LVL52:
 284:Bsp/periph_gpio.c **** 
 285:Bsp/periph_gpio.c **** 	GPIO_PinAFConfig(SPI1_MISO_IO_PORT, SPI1_MISO_PinSource, GPIO_AF_SPI1);
 1107              		.loc 1 285 0
 1108 000c 114C     		ldr	r4, .L67
 1109 000e 0522     		movs	r2, #5
 1110 0010 0621     		movs	r1, #6
 1111 0012 2046     		mov	r0, r4
 1112 0014 FFF7FEFF 		bl	GPIO_PinAFConfig
 1113              	.LVL53:
 286:Bsp/periph_gpio.c **** 	GPIO_PinAFConfig(SPI1_MOSI_IO_PORT, SPI1_MOSI_PinSource, GPIO_AF_SPI1);
 1114              		.loc 1 286 0
 1115 0018 0522     		movs	r2, #5
ARM GAS  C:\Users\why\AppData\Local\Temp\ccipu9fY.s 			page 25


 1116 001a 0721     		movs	r1, #7
 1117 001c 2046     		mov	r0, r4
 1118 001e FFF7FEFF 		bl	GPIO_PinAFConfig
 1119              	.LVL54:
 287:Bsp/periph_gpio.c **** 	GPIO_PinAFConfig(SPI1_CLK_IO_PORT, SPI1_CLK_PinSource, GPIO_AF_SPI1);
 1120              		.loc 1 287 0
 1121 0022 0522     		movs	r2, #5
 1122 0024 1146     		mov	r1, r2
 1123 0026 2046     		mov	r0, r4
 1124 0028 FFF7FEFF 		bl	GPIO_PinAFConfig
 1125              	.LVL55:
 288:Bsp/periph_gpio.c **** 
 289:Bsp/periph_gpio.c **** 	GPIO_InitStructure.GPIO_Pin = SPI1_MOSI_IO_Pin | SPI1_MISO_IO_Pin | SPI1_CLK_IO_Pin;
 1126              		.loc 1 289 0
 1127 002c E023     		movs	r3, #224
 1128 002e 0093     		str	r3, [sp]
 290:Bsp/periph_gpio.c **** 	GPIO_InitStructure.GPIO_Mode = GPIO_Mode_AF;
 1129              		.loc 1 290 0
 1130 0030 0223     		movs	r3, #2
 1131 0032 8DF80430 		strb	r3, [sp, #4]
 291:Bsp/periph_gpio.c **** 	GPIO_InitStructure.GPIO_OType = GPIO_OType_PP;
 1132              		.loc 1 291 0
 1133 0036 0023     		movs	r3, #0
 1134 0038 8DF80630 		strb	r3, [sp, #6]
 292:Bsp/periph_gpio.c **** 	GPIO_InitStructure.GPIO_Speed = GPIO_Speed_100MHz;
 1135              		.loc 1 292 0
 1136 003c 0322     		movs	r2, #3
 1137 003e 8DF80520 		strb	r2, [sp, #5]
 293:Bsp/periph_gpio.c **** 	GPIO_InitStructure.GPIO_PuPd = GPIO_PuPd_NOPULL;
 1138              		.loc 1 293 0
 1139 0042 8DF80730 		strb	r3, [sp, #7]
 294:Bsp/periph_gpio.c **** 
 295:Bsp/periph_gpio.c **** 	GPIO_Init(SPI1_CLK_IO_PORT, &GPIO_InitStructure);
 1140              		.loc 1 295 0
 1141 0046 6946     		mov	r1, sp
 1142 0048 2046     		mov	r0, r4
 1143 004a FFF7FEFF 		bl	GPIO_Init
 1144              	.LVL56:
 296:Bsp/periph_gpio.c **** }
 1145              		.loc 1 296 0
 1146 004e 02B0     		add	sp, sp, #8
 1147              	.LCFI50:
 1148              		.cfi_def_cfa_offset 8
 1149              		@ sp needed
 1150 0050 10BD     		pop	{r4, pc}
 1151              	.L68:
 1152 0052 00BF     		.align	2
 1153              	.L67:
 1154 0054 00000240 		.word	1073872896
 1155              		.cfi_endproc
 1156              	.LFE139:
 1158              		.section	.text.GPIO_SPI2_IO_Init,"ax",%progbits
 1159              		.align	2
 1160              		.global	GPIO_SPI2_IO_Init
 1161              		.thumb
 1162              		.thumb_func
 1164              	GPIO_SPI2_IO_Init:
ARM GAS  C:\Users\why\AppData\Local\Temp\ccipu9fY.s 			page 26


 1165              	.LFB140:
 297:Bsp/periph_gpio.c **** 
 298:Bsp/periph_gpio.c **** void GPIO_SPI2_IO_Init(void)
 299:Bsp/periph_gpio.c **** {
 1166              		.loc 1 299 0
 1167              		.cfi_startproc
 1168              		@ args = 0, pretend = 0, frame = 8
 1169              		@ frame_needed = 0, uses_anonymous_args = 0
 1170 0000 70B5     		push	{r4, r5, r6, lr}
 1171              	.LCFI51:
 1172              		.cfi_def_cfa_offset 16
 1173              		.cfi_offset 4, -16
 1174              		.cfi_offset 5, -12
 1175              		.cfi_offset 6, -8
 1176              		.cfi_offset 14, -4
 1177 0002 82B0     		sub	sp, sp, #8
 1178              	.LCFI52:
 1179              		.cfi_def_cfa_offset 24
 300:Bsp/periph_gpio.c **** 	GPIO_InitTypeDef GPIO_InitStructure;
 301:Bsp/periph_gpio.c **** 	RCC_AHB1PeriphClockCmd(SPI2_MISO_IO_CLK | SPI2_MOSI_IO_CLK | SPI2_CLK_IO_CLK, ENABLE);
 1180              		.loc 1 301 0
 1181 0004 0121     		movs	r1, #1
 1182 0006 0220     		movs	r0, #2
 1183 0008 FFF7FEFF 		bl	RCC_AHB1PeriphClockCmd
 1184              	.LVL57:
 302:Bsp/periph_gpio.c **** 
 303:Bsp/periph_gpio.c **** 	GPIO_PinAFConfig(SPI2_MISO_IO_PORT, SPI2_MISO_PinSource, GPIO_AF_SPI2);
 1185              		.loc 1 303 0
 1186 000c 194C     		ldr	r4, .L71
 1187 000e 0522     		movs	r2, #5
 1188 0010 0E21     		movs	r1, #14
 1189 0012 2046     		mov	r0, r4
 1190 0014 FFF7FEFF 		bl	GPIO_PinAFConfig
 1191              	.LVL58:
 304:Bsp/periph_gpio.c **** 	GPIO_PinAFConfig(SPI2_MOSI_IO_PORT, SPI2_MOSI_PinSource, GPIO_AF_SPI2);
 1192              		.loc 1 304 0
 1193 0018 0522     		movs	r2, #5
 1194 001a 0F21     		movs	r1, #15
 1195 001c 2046     		mov	r0, r4
 1196 001e FFF7FEFF 		bl	GPIO_PinAFConfig
 1197              	.LVL59:
 305:Bsp/periph_gpio.c **** 	GPIO_PinAFConfig(SPI2_CLK_IO_PORT, SPI2_CLK_PinSource, GPIO_AF_SPI2);
 1198              		.loc 1 305 0
 1199 0022 0522     		movs	r2, #5
 1200 0024 0D21     		movs	r1, #13
 1201 0026 2046     		mov	r0, r4
 1202 0028 FFF7FEFF 		bl	GPIO_PinAFConfig
 1203              	.LVL60:
 306:Bsp/periph_gpio.c **** 
 307:Bsp/periph_gpio.c **** 	GPIO_InitStructure.GPIO_Pin = SPI2_MOSI_IO_Pin | SPI2_MISO_IO_Pin;
 1204              		.loc 1 307 0
 1205 002c 4FF44043 		mov	r3, #49152
 1206 0030 0093     		str	r3, [sp]
 308:Bsp/periph_gpio.c **** 	GPIO_InitStructure.GPIO_Mode = GPIO_Mode_AF;
 1207              		.loc 1 308 0
 1208 0032 0226     		movs	r6, #2
 1209 0034 8DF80460 		strb	r6, [sp, #4]
ARM GAS  C:\Users\why\AppData\Local\Temp\ccipu9fY.s 			page 27


 309:Bsp/periph_gpio.c **** 	GPIO_InitStructure.GPIO_OType = GPIO_OType_PP;
 1210              		.loc 1 309 0
 1211 0038 0025     		movs	r5, #0
 1212 003a 8DF80650 		strb	r5, [sp, #6]
 310:Bsp/periph_gpio.c **** 	GPIO_InitStructure.GPIO_Speed = GPIO_Speed_100MHz;
 1213              		.loc 1 310 0
 1214 003e 0323     		movs	r3, #3
 1215 0040 8DF80530 		strb	r3, [sp, #5]
 311:Bsp/periph_gpio.c **** 	GPIO_InitStructure.GPIO_PuPd = GPIO_PuPd_NOPULL;
 1216              		.loc 1 311 0
 1217 0044 8DF80750 		strb	r5, [sp, #7]
 312:Bsp/periph_gpio.c **** 
 313:Bsp/periph_gpio.c **** 	GPIO_Init(SPI2_MOSI_IO_PORT, &GPIO_InitStructure);
 1218              		.loc 1 313 0
 1219 0048 6946     		mov	r1, sp
 1220 004a 2046     		mov	r0, r4
 1221 004c FFF7FEFF 		bl	GPIO_Init
 1222              	.LVL61:
 314:Bsp/periph_gpio.c **** 
 315:Bsp/periph_gpio.c **** 	GPIO_InitStructure.GPIO_Pin = SPI2_CLK_IO_Pin;
 1223              		.loc 1 315 0
 1224 0050 4FF40053 		mov	r3, #8192
 1225 0054 0093     		str	r3, [sp]
 316:Bsp/periph_gpio.c **** 	GPIO_InitStructure.GPIO_Mode = GPIO_Mode_AF;
 1226              		.loc 1 316 0
 1227 0056 8DF80460 		strb	r6, [sp, #4]
 317:Bsp/periph_gpio.c **** 	GPIO_InitStructure.GPIO_OType = GPIO_OType_PP;
 1228              		.loc 1 317 0
 1229 005a 8DF80650 		strb	r5, [sp, #6]
 318:Bsp/periph_gpio.c **** 	GPIO_InitStructure.GPIO_Speed = GPIO_Speed_50MHz;
 1230              		.loc 1 318 0
 1231 005e 8DF80560 		strb	r6, [sp, #5]
 319:Bsp/periph_gpio.c **** 	GPIO_InitStructure.GPIO_PuPd = GPIO_PuPd_NOPULL;
 1232              		.loc 1 319 0
 1233 0062 8DF80750 		strb	r5, [sp, #7]
 320:Bsp/periph_gpio.c **** 
 321:Bsp/periph_gpio.c **** 	GPIO_Init(SPI2_CLK_IO_PORT, &GPIO_InitStructure);
 1234              		.loc 1 321 0
 1235 0066 6946     		mov	r1, sp
 1236 0068 2046     		mov	r0, r4
 1237 006a FFF7FEFF 		bl	GPIO_Init
 1238              	.LVL62:
 322:Bsp/periph_gpio.c **** }
 1239              		.loc 1 322 0
 1240 006e 02B0     		add	sp, sp, #8
 1241              	.LCFI53:
 1242              		.cfi_def_cfa_offset 16
 1243              		@ sp needed
 1244 0070 70BD     		pop	{r4, r5, r6, pc}
 1245              	.L72:
 1246 0072 00BF     		.align	2
 1247              	.L71:
 1248 0074 00040240 		.word	1073873920
 1249              		.cfi_endproc
 1250              	.LFE140:
 1252              		.section	.text.GPIO_SPI3_IO_Init,"ax",%progbits
 1253              		.align	2
ARM GAS  C:\Users\why\AppData\Local\Temp\ccipu9fY.s 			page 28


 1254              		.global	GPIO_SPI3_IO_Init
 1255              		.thumb
 1256              		.thumb_func
 1258              	GPIO_SPI3_IO_Init:
 1259              	.LFB141:
 323:Bsp/periph_gpio.c **** 
 324:Bsp/periph_gpio.c **** void GPIO_SPI3_IO_Init(void)
 325:Bsp/periph_gpio.c **** {
 1260              		.loc 1 325 0
 1261              		.cfi_startproc
 1262              		@ args = 0, pretend = 0, frame = 8
 1263              		@ frame_needed = 0, uses_anonymous_args = 0
 1264 0000 10B5     		push	{r4, lr}
 1265              	.LCFI54:
 1266              		.cfi_def_cfa_offset 8
 1267              		.cfi_offset 4, -8
 1268              		.cfi_offset 14, -4
 1269 0002 82B0     		sub	sp, sp, #8
 1270              	.LCFI55:
 1271              		.cfi_def_cfa_offset 16
 326:Bsp/periph_gpio.c **** 	GPIO_InitTypeDef GPIO_InitStructure;
 327:Bsp/periph_gpio.c **** 	RCC_AHB1PeriphClockCmd(SPI3_MISO_IO_CLK | SPI3_MOSI_IO_CLK | SPI3_CLK_IO_CLK, ENABLE);
 1272              		.loc 1 327 0
 1273 0004 0121     		movs	r1, #1
 1274 0006 0420     		movs	r0, #4
 1275 0008 FFF7FEFF 		bl	RCC_AHB1PeriphClockCmd
 1276              	.LVL63:
 328:Bsp/periph_gpio.c **** 
 329:Bsp/periph_gpio.c **** 	GPIO_PinAFConfig(SPI3_MISO_IO_PORT, SPI3_MISO_PinSource, GPIO_AF_SPI3);
 1277              		.loc 1 329 0
 1278 000c 114C     		ldr	r4, .L75
 1279 000e 0622     		movs	r2, #6
 1280 0010 0B21     		movs	r1, #11
 1281 0012 2046     		mov	r0, r4
 1282 0014 FFF7FEFF 		bl	GPIO_PinAFConfig
 1283              	.LVL64:
 330:Bsp/periph_gpio.c **** 	GPIO_PinAFConfig(SPI3_MOSI_IO_PORT, SPI3_MOSI_PinSource, GPIO_AF_SPI3);
 1284              		.loc 1 330 0
 1285 0018 0622     		movs	r2, #6
 1286 001a 0C21     		movs	r1, #12
 1287 001c 2046     		mov	r0, r4
 1288 001e FFF7FEFF 		bl	GPIO_PinAFConfig
 1289              	.LVL65:
 331:Bsp/periph_gpio.c **** 	GPIO_PinAFConfig(SPI3_CLK_IO_PORT, SPI3_CLK_PinSource, GPIO_AF_SPI3);
 1290              		.loc 1 331 0
 1291 0022 0622     		movs	r2, #6
 1292 0024 0A21     		movs	r1, #10
 1293 0026 2046     		mov	r0, r4
 1294 0028 FFF7FEFF 		bl	GPIO_PinAFConfig
 1295              	.LVL66:
 332:Bsp/periph_gpio.c **** 
 333:Bsp/periph_gpio.c **** 	GPIO_InitStructure.GPIO_Pin = SPI3_MOSI_IO_Pin | SPI3_MISO_IO_Pin | SPI3_CLK_IO_Pin;
 1296              		.loc 1 333 0
 1297 002c 4FF4E053 		mov	r3, #7168
 1298 0030 0093     		str	r3, [sp]
 334:Bsp/periph_gpio.c **** 	GPIO_InitStructure.GPIO_Mode = GPIO_Mode_AF;
 1299              		.loc 1 334 0
ARM GAS  C:\Users\why\AppData\Local\Temp\ccipu9fY.s 			page 29


 1300 0032 0223     		movs	r3, #2
 1301 0034 8DF80430 		strb	r3, [sp, #4]
 335:Bsp/periph_gpio.c **** 	GPIO_InitStructure.GPIO_OType = GPIO_OType_PP;
 1302              		.loc 1 335 0
 1303 0038 0023     		movs	r3, #0
 1304 003a 8DF80630 		strb	r3, [sp, #6]
 336:Bsp/periph_gpio.c **** 	GPIO_InitStructure.GPIO_Speed = GPIO_Speed_100MHz;
 1305              		.loc 1 336 0
 1306 003e 0322     		movs	r2, #3
 1307 0040 8DF80520 		strb	r2, [sp, #5]
 337:Bsp/periph_gpio.c **** 	GPIO_InitStructure.GPIO_PuPd = GPIO_PuPd_NOPULL;
 1308              		.loc 1 337 0
 1309 0044 8DF80730 		strb	r3, [sp, #7]
 338:Bsp/periph_gpio.c **** 
 339:Bsp/periph_gpio.c **** 	GPIO_Init(SPI3_MOSI_IO_PORT, &GPIO_InitStructure);
 1310              		.loc 1 339 0
 1311 0048 6946     		mov	r1, sp
 1312 004a 2046     		mov	r0, r4
 1313 004c FFF7FEFF 		bl	GPIO_Init
 1314              	.LVL67:
 340:Bsp/periph_gpio.c **** }
 1315              		.loc 1 340 0
 1316 0050 02B0     		add	sp, sp, #8
 1317              	.LCFI56:
 1318              		.cfi_def_cfa_offset 8
 1319              		@ sp needed
 1320 0052 10BD     		pop	{r4, pc}
 1321              	.L76:
 1322              		.align	2
 1323              	.L75:
 1324 0054 00080240 		.word	1073874944
 1325              		.cfi_endproc
 1326              	.LFE141:
 1328              		.section	.text.GPIO_IIC1_IO_Init,"ax",%progbits
 1329              		.align	2
 1330              		.global	GPIO_IIC1_IO_Init
 1331              		.thumb
 1332              		.thumb_func
 1334              	GPIO_IIC1_IO_Init:
 1335              	.LFB142:
 341:Bsp/periph_gpio.c **** 
 342:Bsp/periph_gpio.c **** void GPIO_IIC1_IO_Init(void)
 343:Bsp/periph_gpio.c **** {
 1336              		.loc 1 343 0
 1337              		.cfi_startproc
 1338              		@ args = 0, pretend = 0, frame = 0
 1339              		@ frame_needed = 0, uses_anonymous_args = 0
 1340              		@ link register save eliminated.
 1341 0000 7047     		bx	lr
 1342              		.cfi_endproc
 1343              	.LFE142:
 1345 0002 00BF     		.section	.text.GPIO_IIC2_IO_Init,"ax",%progbits
 1346              		.align	2
 1347              		.global	GPIO_IIC2_IO_Init
 1348              		.thumb
 1349              		.thumb_func
 1351              	GPIO_IIC2_IO_Init:
ARM GAS  C:\Users\why\AppData\Local\Temp\ccipu9fY.s 			page 30


 1352              	.LFB143:
 344:Bsp/periph_gpio.c **** }
 345:Bsp/periph_gpio.c **** 
 346:Bsp/periph_gpio.c **** void GPIO_IIC2_IO_Init(void)
 347:Bsp/periph_gpio.c **** {
 1353              		.loc 1 347 0
 1354              		.cfi_startproc
 1355              		@ args = 0, pretend = 0, frame = 0
 1356              		@ frame_needed = 0, uses_anonymous_args = 0
 1357              		@ link register save eliminated.
 1358 0000 7047     		bx	lr
 1359              		.cfi_endproc
 1360              	.LFE143:
 1362 0002 00BF     		.section	.text.GPIO_IO_Output_Init,"ax",%progbits
 1363              		.align	2
 1364              		.global	GPIO_IO_Output_Init
 1365              		.thumb
 1366              		.thumb_func
 1368              	GPIO_IO_Output_Init:
 1369              	.LFB144:
 348:Bsp/periph_gpio.c **** }
 349:Bsp/periph_gpio.c **** 
 350:Bsp/periph_gpio.c **** void GPIO_IO_Output_Init(uint32_t RCC_AHBCLK, uint16_t pin, GPIO_TypeDef *GPIO_Port)
 351:Bsp/periph_gpio.c **** {
 1370              		.loc 1 351 0
 1371              		.cfi_startproc
 1372              		@ args = 0, pretend = 0, frame = 8
 1373              		@ frame_needed = 0, uses_anonymous_args = 0
 1374              	.LVL68:
 1375              		.loc 1 351 0
 1376 0000 30B5     		push	{r4, r5, lr}
 1377              	.LCFI57:
 1378              		.cfi_def_cfa_offset 12
 1379              		.cfi_offset 4, -12
 1380              		.cfi_offset 5, -8
 1381              		.cfi_offset 14, -4
 1382 0002 83B0     		sub	sp, sp, #12
 1383              	.LCFI58:
 1384              		.cfi_def_cfa_offset 24
 1385 0004 0D46     		mov	r5, r1
 1386 0006 1446     		mov	r4, r2
 352:Bsp/periph_gpio.c **** 	GPIO_InitTypeDef GPIO_InitStructure;
 353:Bsp/periph_gpio.c **** 	RCC_AHB1PeriphClockCmd(RCC_AHBCLK, ENABLE);
 1387              		.loc 1 353 0
 1388 0008 0121     		movs	r1, #1
 1389              	.LVL69:
 1390 000a FFF7FEFF 		bl	RCC_AHB1PeriphClockCmd
 1391              	.LVL70:
 354:Bsp/periph_gpio.c **** 
 355:Bsp/periph_gpio.c **** 	GPIO_InitStructure.GPIO_Mode = GPIO_Mode_OUT;
 1392              		.loc 1 355 0
 1393 000e 0123     		movs	r3, #1
 1394 0010 8DF80430 		strb	r3, [sp, #4]
 356:Bsp/periph_gpio.c **** 	GPIO_InitStructure.GPIO_OType = GPIO_OType_PP;
 1395              		.loc 1 356 0
 1396 0014 0022     		movs	r2, #0
 1397 0016 8DF80620 		strb	r2, [sp, #6]
ARM GAS  C:\Users\why\AppData\Local\Temp\ccipu9fY.s 			page 31


 357:Bsp/periph_gpio.c **** 	GPIO_InitStructure.GPIO_PuPd = GPIO_PuPd_UP;
 1398              		.loc 1 357 0
 1399 001a 8DF80730 		strb	r3, [sp, #7]
 358:Bsp/periph_gpio.c **** 	GPIO_InitStructure.GPIO_Speed = GPIO_Speed_50MHz;
 1400              		.loc 1 358 0
 1401 001e 0223     		movs	r3, #2
 1402 0020 8DF80530 		strb	r3, [sp, #5]
 359:Bsp/periph_gpio.c **** 	GPIO_InitStructure.GPIO_Pin = pin;
 1403              		.loc 1 359 0
 1404 0024 02A9     		add	r1, sp, #8
 1405 0026 41F8085D 		str	r5, [r1, #-8]!
 360:Bsp/periph_gpio.c **** 
 361:Bsp/periph_gpio.c **** 	GPIO_Init(GPIO_Port, &GPIO_InitStructure);
 1406              		.loc 1 361 0
 1407 002a 2046     		mov	r0, r4
 1408 002c FFF7FEFF 		bl	GPIO_Init
 1409              	.LVL71:
 362:Bsp/periph_gpio.c **** }
 1410              		.loc 1 362 0
 1411 0030 03B0     		add	sp, sp, #12
 1412              	.LCFI59:
 1413              		.cfi_def_cfa_offset 12
 1414              		@ sp needed
 1415 0032 30BD     		pop	{r4, r5, pc}
 1416              		.cfi_endproc
 1417              	.LFE144:
 1419              		.section	.text.GPIO_IO_Input_Init,"ax",%progbits
 1420              		.align	2
 1421              		.global	GPIO_IO_Input_Init
 1422              		.thumb
 1423              		.thumb_func
 1425              	GPIO_IO_Input_Init:
 1426              	.LFB145:
 363:Bsp/periph_gpio.c **** 
 364:Bsp/periph_gpio.c **** void GPIO_IO_Input_Init(uint32_t RCC_AHBCLK, uint16_t pin, GPIO_TypeDef *GPIO_Port)
 365:Bsp/periph_gpio.c **** {
 1427              		.loc 1 365 0
 1428              		.cfi_startproc
 1429              		@ args = 0, pretend = 0, frame = 8
 1430              		@ frame_needed = 0, uses_anonymous_args = 0
 1431              	.LVL72:
 1432 0000 30B5     		push	{r4, r5, lr}
 1433              	.LCFI60:
 1434              		.cfi_def_cfa_offset 12
 1435              		.cfi_offset 4, -12
 1436              		.cfi_offset 5, -8
 1437              		.cfi_offset 14, -4
 1438 0002 83B0     		sub	sp, sp, #12
 1439              	.LCFI61:
 1440              		.cfi_def_cfa_offset 24
 1441 0004 0D46     		mov	r5, r1
 1442 0006 1446     		mov	r4, r2
 366:Bsp/periph_gpio.c **** 	GPIO_InitTypeDef GPIO_InitStructure;
 367:Bsp/periph_gpio.c **** 	RCC_AHB1PeriphClockCmd(RCC_AHBCLK, ENABLE);
 1443              		.loc 1 367 0
 1444 0008 0121     		movs	r1, #1
 1445              	.LVL73:
ARM GAS  C:\Users\why\AppData\Local\Temp\ccipu9fY.s 			page 32


 1446 000a FFF7FEFF 		bl	RCC_AHB1PeriphClockCmd
 1447              	.LVL74:
 368:Bsp/periph_gpio.c **** 
 369:Bsp/periph_gpio.c **** 	GPIO_InitStructure.GPIO_Mode = GPIO_Mode_IN;
 1448              		.loc 1 369 0
 1449 000e 0023     		movs	r3, #0
 1450 0010 8DF80430 		strb	r3, [sp, #4]
 370:Bsp/periph_gpio.c **** 	GPIO_InitStructure.GPIO_OType = GPIO_OType_PP;
 1451              		.loc 1 370 0
 1452 0014 8DF80630 		strb	r3, [sp, #6]
 371:Bsp/periph_gpio.c **** 	GPIO_InitStructure.GPIO_PuPd = GPIO_PuPd_DOWN;
 1453              		.loc 1 371 0
 1454 0018 0223     		movs	r3, #2
 1455 001a 8DF80730 		strb	r3, [sp, #7]
 372:Bsp/periph_gpio.c **** 	GPIO_InitStructure.GPIO_Speed = GPIO_Speed_50MHz;
 1456              		.loc 1 372 0
 1457 001e 8DF80530 		strb	r3, [sp, #5]
 373:Bsp/periph_gpio.c **** 	GPIO_InitStructure.GPIO_Pin = pin;
 1458              		.loc 1 373 0
 1459 0022 02A9     		add	r1, sp, #8
 1460 0024 41F8085D 		str	r5, [r1, #-8]!
 374:Bsp/periph_gpio.c **** 
 375:Bsp/periph_gpio.c **** 	GPIO_Init(GPIO_Port, &GPIO_InitStructure);
 1461              		.loc 1 375 0
 1462 0028 2046     		mov	r0, r4
 1463 002a FFF7FEFF 		bl	GPIO_Init
 1464              	.LVL75:
 376:Bsp/periph_gpio.c **** }
 1465              		.loc 1 376 0
 1466 002e 03B0     		add	sp, sp, #12
 1467              	.LCFI62:
 1468              		.cfi_def_cfa_offset 12
 1469              		@ sp needed
 1470 0030 30BD     		pop	{r4, r5, pc}
 1471              		.cfi_endproc
 1472              	.LFE145:
 1474 0032 00BF     		.section	.text.GPIO_Get_IO_LEVEL,"ax",%progbits
 1475              		.align	2
 1476              		.global	GPIO_Get_IO_LEVEL
 1477              		.thumb
 1478              		.thumb_func
 1480              	GPIO_Get_IO_LEVEL:
 1481              	.LFB146:
 377:Bsp/periph_gpio.c **** 
 378:Bsp/periph_gpio.c **** uint8_t GPIO_Get_IO_LEVEL(GPIO_TypeDef *GPIO_Port, uint16_t pin)
 379:Bsp/periph_gpio.c **** {
 1482              		.loc 1 379 0
 1483              		.cfi_startproc
 1484              		@ args = 0, pretend = 0, frame = 0
 1485              		@ frame_needed = 0, uses_anonymous_args = 0
 1486              	.LVL76:
 1487 0000 08B5     		push	{r3, lr}
 1488              	.LCFI63:
 1489              		.cfi_def_cfa_offset 8
 1490              		.cfi_offset 3, -8
 1491              		.cfi_offset 14, -4
 1492              	.LVL77:
ARM GAS  C:\Users\why\AppData\Local\Temp\ccipu9fY.s 			page 33


 380:Bsp/periph_gpio.c **** 	uint8_t level = 0;
 381:Bsp/periph_gpio.c **** 
 382:Bsp/periph_gpio.c **** 	level = GPIO_ReadInputDataBit(GPIO_Port, pin);
 1493              		.loc 1 382 0
 1494 0002 FFF7FEFF 		bl	GPIO_ReadInputDataBit
 1495              	.LVL78:
 383:Bsp/periph_gpio.c **** 
 384:Bsp/periph_gpio.c **** 	return level;
 385:Bsp/periph_gpio.c **** }
 1496              		.loc 1 385 0
 1497 0006 08BD     		pop	{r3, pc}
 1498              		.cfi_endproc
 1499              	.LFE146:
 1501              		.section	.text.GPIO_Set_IO_LEVEL,"ax",%progbits
 1502              		.align	2
 1503              		.global	GPIO_Set_IO_LEVEL
 1504              		.thumb
 1505              		.thumb_func
 1507              	GPIO_Set_IO_LEVEL:
 1508              	.LFB147:
 386:Bsp/periph_gpio.c **** 
 387:Bsp/periph_gpio.c **** void GPIO_Set_IO_LEVEL(GPIO_TypeDef *GPIO_Port, uint16_t pin, IO_LEVEL level)
 388:Bsp/periph_gpio.c **** {
 1509              		.loc 1 388 0
 1510              		.cfi_startproc
 1511              		@ args = 0, pretend = 0, frame = 0
 1512              		@ frame_needed = 0, uses_anonymous_args = 0
 1513              	.LVL79:
 1514 0000 08B5     		push	{r3, lr}
 1515              	.LCFI64:
 1516              		.cfi_def_cfa_offset 8
 1517              		.cfi_offset 3, -8
 1518              		.cfi_offset 14, -4
 389:Bsp/periph_gpio.c **** 	switch ((uint8_t)level)
 1519              		.loc 1 389 0
 1520 0002 22B1     		cbz	r2, .L87
 1521 0004 012A     		cmp	r2, #1
 1522 0006 04D1     		bne	.L85
 390:Bsp/periph_gpio.c **** 	{
 391:Bsp/periph_gpio.c **** 	case LO:
 392:Bsp/periph_gpio.c **** 		GPIO_ResetBits(GPIO_Port, pin);
 1523              		.loc 1 392 0
 1524 0008 FFF7FEFF 		bl	GPIO_ResetBits
 1525              	.LVL80:
 393:Bsp/periph_gpio.c **** 		break;
 1526              		.loc 1 393 0
 1527 000c 08BD     		pop	{r3, pc}
 1528              	.LVL81:
 1529              	.L87:
 394:Bsp/periph_gpio.c **** 	case HI:
 395:Bsp/periph_gpio.c **** 		GPIO_SetBits(GPIO_Port, pin);
 1530              		.loc 1 395 0
 1531 000e FFF7FEFF 		bl	GPIO_SetBits
 1532              	.LVL82:
 1533              	.L85:
 1534 0012 08BD     		pop	{r3, pc}
 1535              		.cfi_endproc
ARM GAS  C:\Users\why\AppData\Local\Temp\ccipu9fY.s 			page 34


 1536              	.LFE147:
 1538              		.text
 1539              	.Letext0:
 1540              		.file 2 "d:\\gcc_arm\\5.4 2016q3\\arm-none-eabi\\include\\machine\\_default_types.h"
 1541              		.file 3 "d:\\gcc_arm\\5.4 2016q3\\arm-none-eabi\\include\\sys\\_stdint.h"
 1542              		.file 4 "USER/stm32f4xx.h"
 1543              		.file 5 "FWLIB/inc/stm32f4xx_gpio.h"
 1544              		.file 6 "Bsp/periph_gpio.h"
 1545              		.file 7 "FWLIB/inc/stm32f4xx_rcc.h"
 1546              		.file 8 "F4_CORE/core_cm4.h"
ARM GAS  C:\Users\why\AppData\Local\Temp\ccipu9fY.s 			page 35


DEFINED SYMBOLS
                            *ABS*:00000000 periph_gpio.c
C:\Users\why\AppData\Local\Temp\ccipu9fY.s:22     .text.GPIO_USART1_IO_Init:00000000 $t
C:\Users\why\AppData\Local\Temp\ccipu9fY.s:27     .text.GPIO_USART1_IO_Init:00000000 GPIO_USART1_IO_Init
C:\Users\why\AppData\Local\Temp\ccipu9fY.s:89     .text.GPIO_USART1_IO_Init:0000004c $d
C:\Users\why\AppData\Local\Temp\ccipu9fY.s:94     .text.GPIO_USART2_IO_Init:00000000 $t
C:\Users\why\AppData\Local\Temp\ccipu9fY.s:99     .text.GPIO_USART2_IO_Init:00000000 GPIO_USART2_IO_Init
C:\Users\why\AppData\Local\Temp\ccipu9fY.s:160    .text.GPIO_USART2_IO_Init:0000004c $d
C:\Users\why\AppData\Local\Temp\ccipu9fY.s:165    .text.GPIO_USART3_IO_Init:00000000 $t
C:\Users\why\AppData\Local\Temp\ccipu9fY.s:170    .text.GPIO_USART3_IO_Init:00000000 GPIO_USART3_IO_Init
C:\Users\why\AppData\Local\Temp\ccipu9fY.s:231    .text.GPIO_USART3_IO_Init:0000004c $d
C:\Users\why\AppData\Local\Temp\ccipu9fY.s:236    .text.GPIO_USART6_IO_Init:00000000 $t
C:\Users\why\AppData\Local\Temp\ccipu9fY.s:241    .text.GPIO_USART6_IO_Init:00000000 GPIO_USART6_IO_Init
C:\Users\why\AppData\Local\Temp\ccipu9fY.s:302    .text.GPIO_USART6_IO_Init:0000004c $d
C:\Users\why\AppData\Local\Temp\ccipu9fY.s:307    .text.GPIO_TIM2_PWMCH1_IO_Init:00000000 $t
C:\Users\why\AppData\Local\Temp\ccipu9fY.s:312    .text.GPIO_TIM2_PWMCH1_IO_Init:00000000 GPIO_TIM2_PWMCH1_IO_Init
C:\Users\why\AppData\Local\Temp\ccipu9fY.s:366    .text.GPIO_TIM2_PWMCH1_IO_Init:00000040 $d
C:\Users\why\AppData\Local\Temp\ccipu9fY.s:371    .text.GPIO_TIM2_PWMCH2_IO_Init:00000000 $t
C:\Users\why\AppData\Local\Temp\ccipu9fY.s:376    .text.GPIO_TIM2_PWMCH2_IO_Init:00000000 GPIO_TIM2_PWMCH2_IO_Init
C:\Users\why\AppData\Local\Temp\ccipu9fY.s:430    .text.GPIO_TIM2_PWMCH2_IO_Init:00000040 $d
C:\Users\why\AppData\Local\Temp\ccipu9fY.s:435    .text.GPIO_TIM2_PWMCH3_IO_Init:00000000 $t
C:\Users\why\AppData\Local\Temp\ccipu9fY.s:440    .text.GPIO_TIM2_PWMCH3_IO_Init:00000000 GPIO_TIM2_PWMCH3_IO_Init
C:\Users\why\AppData\Local\Temp\ccipu9fY.s:495    .text.GPIO_TIM2_PWMCH3_IO_Init:00000040 $d
C:\Users\why\AppData\Local\Temp\ccipu9fY.s:500    .text.GPIO_TIM2_PWMCH4_IO_Init:00000000 $t
C:\Users\why\AppData\Local\Temp\ccipu9fY.s:505    .text.GPIO_TIM2_PWMCH4_IO_Init:00000000 GPIO_TIM2_PWMCH4_IO_Init
C:\Users\why\AppData\Local\Temp\ccipu9fY.s:560    .text.GPIO_TIM2_PWMCH4_IO_Init:00000040 $d
C:\Users\why\AppData\Local\Temp\ccipu9fY.s:565    .text.GPIO_TIM3_PWMCH1_IO_Init:00000000 $t
C:\Users\why\AppData\Local\Temp\ccipu9fY.s:570    .text.GPIO_TIM3_PWMCH1_IO_Init:00000000 GPIO_TIM3_PWMCH1_IO_Init
C:\Users\why\AppData\Local\Temp\ccipu9fY.s:625    .text.GPIO_TIM3_PWMCH1_IO_Init:00000040 $d
C:\Users\why\AppData\Local\Temp\ccipu9fY.s:630    .text.GPIO_TIM3_PWMCH2_IO_Init:00000000 $t
C:\Users\why\AppData\Local\Temp\ccipu9fY.s:635    .text.GPIO_TIM3_PWMCH2_IO_Init:00000000 GPIO_TIM3_PWMCH2_IO_Init
C:\Users\why\AppData\Local\Temp\ccipu9fY.s:690    .text.GPIO_TIM3_PWMCH2_IO_Init:00000040 $d
C:\Users\why\AppData\Local\Temp\ccipu9fY.s:695    .text.GPIO_TIM3_PWMCH3_IO_Init:00000000 $t
C:\Users\why\AppData\Local\Temp\ccipu9fY.s:700    .text.GPIO_TIM3_PWMCH3_IO_Init:00000000 GPIO_TIM3_PWMCH3_IO_Init
C:\Users\why\AppData\Local\Temp\ccipu9fY.s:754    .text.GPIO_TIM3_PWMCH3_IO_Init:00000040 $d
C:\Users\why\AppData\Local\Temp\ccipu9fY.s:759    .text.GPIO_TIM3_PWMCH4_IO_Init:00000000 $t
C:\Users\why\AppData\Local\Temp\ccipu9fY.s:764    .text.GPIO_TIM3_PWMCH4_IO_Init:00000000 GPIO_TIM3_PWMCH4_IO_Init
C:\Users\why\AppData\Local\Temp\ccipu9fY.s:818    .text.GPIO_TIM3_PWMCH4_IO_Init:00000040 $d
C:\Users\why\AppData\Local\Temp\ccipu9fY.s:823    .text.GPIO_TIM4_PWMCH1_IO_Init:00000000 $t
C:\Users\why\AppData\Local\Temp\ccipu9fY.s:828    .text.GPIO_TIM4_PWMCH1_IO_Init:00000000 GPIO_TIM4_PWMCH1_IO_Init
C:\Users\why\AppData\Local\Temp\ccipu9fY.s:883    .text.GPIO_TIM4_PWMCH1_IO_Init:00000040 $d
C:\Users\why\AppData\Local\Temp\ccipu9fY.s:888    .text.GPIO_TIM4_PWMCH2_IO_Init:00000000 $t
C:\Users\why\AppData\Local\Temp\ccipu9fY.s:893    .text.GPIO_TIM4_PWMCH2_IO_Init:00000000 GPIO_TIM4_PWMCH2_IO_Init
C:\Users\why\AppData\Local\Temp\ccipu9fY.s:948    .text.GPIO_TIM4_PWMCH2_IO_Init:00000040 $d
C:\Users\why\AppData\Local\Temp\ccipu9fY.s:953    .text.GPIO_TIM4_PWMCH3_IO_Init:00000000 $t
C:\Users\why\AppData\Local\Temp\ccipu9fY.s:958    .text.GPIO_TIM4_PWMCH3_IO_Init:00000000 GPIO_TIM4_PWMCH3_IO_Init
C:\Users\why\AppData\Local\Temp\ccipu9fY.s:1013   .text.GPIO_TIM4_PWMCH3_IO_Init:00000044 $d
C:\Users\why\AppData\Local\Temp\ccipu9fY.s:1018   .text.GPIO_TIM4_PWMCH4_IO_Init:00000000 $t
C:\Users\why\AppData\Local\Temp\ccipu9fY.s:1023   .text.GPIO_TIM4_PWMCH4_IO_Init:00000000 GPIO_TIM4_PWMCH4_IO_Init
C:\Users\why\AppData\Local\Temp\ccipu9fY.s:1078   .text.GPIO_TIM4_PWMCH4_IO_Init:00000044 $d
C:\Users\why\AppData\Local\Temp\ccipu9fY.s:1083   .text.GPIO_SPI1_IO_Init:00000000 $t
C:\Users\why\AppData\Local\Temp\ccipu9fY.s:1088   .text.GPIO_SPI1_IO_Init:00000000 GPIO_SPI1_IO_Init
C:\Users\why\AppData\Local\Temp\ccipu9fY.s:1154   .text.GPIO_SPI1_IO_Init:00000054 $d
C:\Users\why\AppData\Local\Temp\ccipu9fY.s:1159   .text.GPIO_SPI2_IO_Init:00000000 $t
C:\Users\why\AppData\Local\Temp\ccipu9fY.s:1164   .text.GPIO_SPI2_IO_Init:00000000 GPIO_SPI2_IO_Init
C:\Users\why\AppData\Local\Temp\ccipu9fY.s:1248   .text.GPIO_SPI2_IO_Init:00000074 $d
C:\Users\why\AppData\Local\Temp\ccipu9fY.s:1253   .text.GPIO_SPI3_IO_Init:00000000 $t
ARM GAS  C:\Users\why\AppData\Local\Temp\ccipu9fY.s 			page 36


C:\Users\why\AppData\Local\Temp\ccipu9fY.s:1258   .text.GPIO_SPI3_IO_Init:00000000 GPIO_SPI3_IO_Init
C:\Users\why\AppData\Local\Temp\ccipu9fY.s:1324   .text.GPIO_SPI3_IO_Init:00000054 $d
C:\Users\why\AppData\Local\Temp\ccipu9fY.s:1329   .text.GPIO_IIC1_IO_Init:00000000 $t
C:\Users\why\AppData\Local\Temp\ccipu9fY.s:1334   .text.GPIO_IIC1_IO_Init:00000000 GPIO_IIC1_IO_Init
C:\Users\why\AppData\Local\Temp\ccipu9fY.s:1346   .text.GPIO_IIC2_IO_Init:00000000 $t
C:\Users\why\AppData\Local\Temp\ccipu9fY.s:1351   .text.GPIO_IIC2_IO_Init:00000000 GPIO_IIC2_IO_Init
C:\Users\why\AppData\Local\Temp\ccipu9fY.s:1363   .text.GPIO_IO_Output_Init:00000000 $t
C:\Users\why\AppData\Local\Temp\ccipu9fY.s:1368   .text.GPIO_IO_Output_Init:00000000 GPIO_IO_Output_Init
C:\Users\why\AppData\Local\Temp\ccipu9fY.s:1420   .text.GPIO_IO_Input_Init:00000000 $t
C:\Users\why\AppData\Local\Temp\ccipu9fY.s:1425   .text.GPIO_IO_Input_Init:00000000 GPIO_IO_Input_Init
C:\Users\why\AppData\Local\Temp\ccipu9fY.s:1475   .text.GPIO_Get_IO_LEVEL:00000000 $t
C:\Users\why\AppData\Local\Temp\ccipu9fY.s:1480   .text.GPIO_Get_IO_LEVEL:00000000 GPIO_Get_IO_LEVEL
C:\Users\why\AppData\Local\Temp\ccipu9fY.s:1502   .text.GPIO_Set_IO_LEVEL:00000000 $t
C:\Users\why\AppData\Local\Temp\ccipu9fY.s:1507   .text.GPIO_Set_IO_LEVEL:00000000 GPIO_Set_IO_LEVEL
                     .debug_frame:00000010 $d

UNDEFINED SYMBOLS
RCC_AHB1PeriphClockCmd
GPIO_PinAFConfig
GPIO_Init
GPIO_ReadInputDataBit
GPIO_ResetBits
GPIO_SetBits
