ARM GAS  C:\Users\ADMINI~1\AppData\Local\Temp\ccHHfaLM.s 			page 1


   1              		.syntax unified
   2              		.cpu cortex-m4
   3              		.eabi_attribute 27, 1
   4              		.eabi_attribute 28, 1
   5              		.fpu fpv4-sp-d16
   6              		.eabi_attribute 20, 1
   7              		.eabi_attribute 21, 1
   8              		.eabi_attribute 23, 3
   9              		.eabi_attribute 24, 1
  10              		.eabi_attribute 25, 1
  11              		.eabi_attribute 26, 1
  12              		.eabi_attribute 30, 1
  13              		.eabi_attribute 34, 1
  14              		.eabi_attribute 18, 4
  15              		.thumb
  16              		.syntax unified
  17              		.file	"periph_nvic.c"
  18              		.text
  19              	.Ltext0:
  20              		.cfi_sections	.debug_frame
  21              		.section	.text.periph_nvic_Structure_Setting,"ax",%progbits
  22              		.align	2
  23              		.global	periph_nvic_Structure_Setting
  24              		.thumb
  25              		.thumb_func
  27              	periph_nvic_Structure_Setting:
  28              	.LFB123:
  29              		.file 1 "Bsp/periph_nvic.c"
   1:Bsp/periph_nvic.c **** #include "periph_nvic.h"
   2:Bsp/periph_nvic.c **** #include "misc.h"
   3:Bsp/periph_nvic.c **** 
   4:Bsp/periph_nvic.c **** void periph_nvic_Structure_Setting(uint8_t channel,uint8_t PreemptionPriority,uint8_t SubPriority,F
   5:Bsp/periph_nvic.c **** {
  30              		.loc 1 5 0
  31              		.cfi_startproc
  32              		@ args = 0, pretend = 0, frame = 8
  33              		@ frame_needed = 0, uses_anonymous_args = 0
  34              	.LVL0:
  35 0000 00B5     		push	{lr}
  36              	.LCFI0:
  37              		.cfi_def_cfa_offset 4
  38              		.cfi_offset 14, -4
  39 0002 83B0     		sub	sp, sp, #12
  40              	.LCFI1:
  41              		.cfi_def_cfa_offset 16
   6:Bsp/periph_nvic.c **** 	NVIC_InitTypeDef NVIC_InitStructure;
   7:Bsp/periph_nvic.c **** 
   8:Bsp/periph_nvic.c **** 	NVIC_InitStructure.NVIC_IRQChannel = channel;
  42              		.loc 1 8 0
  43 0004 8DF80400 		strb	r0, [sp, #4]
   9:Bsp/periph_nvic.c **** 	NVIC_InitStructure.NVIC_IRQChannelPreemptionPriority = PreemptionPriority;
  44              		.loc 1 9 0
  45 0008 8DF80510 		strb	r1, [sp, #5]
  10:Bsp/periph_nvic.c **** 	NVIC_InitStructure.NVIC_IRQChannelSubPriority = SubPriority;		
  46              		.loc 1 10 0
  47 000c 8DF80620 		strb	r2, [sp, #6]
  11:Bsp/periph_nvic.c **** 	NVIC_InitStructure.NVIC_IRQChannelCmd = state;			
ARM GAS  C:\Users\ADMINI~1\AppData\Local\Temp\ccHHfaLM.s 			page 2


  48              		.loc 1 11 0
  49 0010 8DF80730 		strb	r3, [sp, #7]
  12:Bsp/periph_nvic.c **** 	NVIC_Init(&NVIC_InitStructure);
  50              		.loc 1 12 0
  51 0014 01A8     		add	r0, sp, #4
  52              	.LVL1:
  53 0016 FFF7FEFF 		bl	NVIC_Init
  54              	.LVL2:
  13:Bsp/periph_nvic.c **** }
  55              		.loc 1 13 0
  56 001a 03B0     		add	sp, sp, #12
  57              	.LCFI2:
  58              		.cfi_def_cfa_offset 4
  59              		@ sp needed
  60 001c 5DF804FB 		ldr	pc, [sp], #4
  61              		.cfi_endproc
  62              	.LFE123:
  64              		.text
  65              	.Letext0:
  66              		.file 2 "d:\\gcc_arm\\5.4 2016q3\\arm-none-eabi\\include\\machine\\_default_types.h"
  67              		.file 3 "d:\\gcc_arm\\5.4 2016q3\\arm-none-eabi\\include\\sys\\_stdint.h"
  68              		.file 4 "USER/stm32f4xx.h"
  69              		.file 5 "FWLIB/inc/misc.h"
  70              		.file 6 "F4_CORE/core_cm4.h"
ARM GAS  C:\Users\ADMINI~1\AppData\Local\Temp\ccHHfaLM.s 			page 3


DEFINED SYMBOLS
                            *ABS*:00000000 periph_nvic.c
C:\Users\ADMINI~1\AppData\Local\Temp\ccHHfaLM.s:22     .text.periph_nvic_Structure_Setting:00000000 $t
C:\Users\ADMINI~1\AppData\Local\Temp\ccHHfaLM.s:27     .text.periph_nvic_Structure_Setting:00000000 periph_nvic_Structure_Setting
                     .debug_frame:00000010 $d

UNDEFINED SYMBOLS
NVIC_Init
