ARM GAS  C:\Users\why\AppData\Local\Temp\cch8hOA2.s 			page 1


   1              		.syntax unified
   2              		.cpu cortex-m4
   3              		.eabi_attribute 27, 1
   4              		.eabi_attribute 28, 1
   5              		.fpu fpv4-sp-d16
   6              		.eabi_attribute 20, 1
   7              		.eabi_attribute 21, 1
   8              		.eabi_attribute 23, 3
   9              		.eabi_attribute 24, 1
  10              		.eabi_attribute 25, 1
  11              		.eabi_attribute 26, 1
  12              		.eabi_attribute 30, 1
  13              		.eabi_attribute 34, 1
  14              		.eabi_attribute 18, 4
  15              		.thumb
  16              		.syntax unified
  17              		.file	"shell_cmd_list.c"
  18              		.text
  19              	.Ltext0:
  20              		.cfi_sections	.debug_frame
  21              		.section	.text.agencyshellRun,"ax",%progbits
  22              		.align	2
  23              		.global	agencyshellRun
  24              		.thumb
  25              		.thumb_func
  27              	agencyshellRun:
  28              	.LFB0:
  29              		.file 1 "Dsp/letter_shell/shell_cmd_list.c"
   1:Dsp/letter_shell/shell_cmd_list.c **** /**
   2:Dsp/letter_shell/shell_cmd_list.c ****  * @file shell_cmd_list.c
   3:Dsp/letter_shell/shell_cmd_list.c ****  * @author Letter (NevermindZZT@gmail.com)
   4:Dsp/letter_shell/shell_cmd_list.c ****  * @brief shell cmd list
   5:Dsp/letter_shell/shell_cmd_list.c ****  * @version 3.0.0
   6:Dsp/letter_shell/shell_cmd_list.c ****  * @date 2020-01-17
   7:Dsp/letter_shell/shell_cmd_list.c ****  * 
   8:Dsp/letter_shell/shell_cmd_list.c ****  * @copyright (c) 2020 Letter
   9:Dsp/letter_shell/shell_cmd_list.c ****  * 
  10:Dsp/letter_shell/shell_cmd_list.c ****  */
  11:Dsp/letter_shell/shell_cmd_list.c **** 
  12:Dsp/letter_shell/shell_cmd_list.c **** #include "shell.h"
  13:Dsp/letter_shell/shell_cmd_list.c **** 
  14:Dsp/letter_shell/shell_cmd_list.c **** #if SHELL_USING_CMD_EXPORT != 1
  15:Dsp/letter_shell/shell_cmd_list.c **** 
  16:Dsp/letter_shell/shell_cmd_list.c **** extern int shellSetVar(char *name, int value);
  17:Dsp/letter_shell/shell_cmd_list.c **** extern void shellUp(Shell *shell);
  18:Dsp/letter_shell/shell_cmd_list.c **** extern void shellDown(Shell *shell);
  19:Dsp/letter_shell/shell_cmd_list.c **** extern void shellRight(Shell *shell);
  20:Dsp/letter_shell/shell_cmd_list.c **** extern void shellLeft(Shell *shell);
  21:Dsp/letter_shell/shell_cmd_list.c **** extern void shellTab(Shell *shell);
  22:Dsp/letter_shell/shell_cmd_list.c **** extern void shellBackspace(Shell *shell);
  23:Dsp/letter_shell/shell_cmd_list.c **** extern void shellDelete(Shell *shell);
  24:Dsp/letter_shell/shell_cmd_list.c **** extern void shellEnter(Shell *shell);
  25:Dsp/letter_shell/shell_cmd_list.c **** extern void shellHelp(int argc, char *argv[]);
  26:Dsp/letter_shell/shell_cmd_list.c **** extern void shellUsers(void);
  27:Dsp/letter_shell/shell_cmd_list.c **** extern void shellCmds(void);
  28:Dsp/letter_shell/shell_cmd_list.c **** extern void shellVars(void);
  29:Dsp/letter_shell/shell_cmd_list.c **** extern void shellKeys(void);
ARM GAS  C:\Users\why\AppData\Local\Temp\cch8hOA2.s 			page 2


  30:Dsp/letter_shell/shell_cmd_list.c **** extern void shellClear(void);
  31:Dsp/letter_shell/shell_cmd_list.c **** #if SHELL_EXEC_UNDEF_FUNC == 1
  32:Dsp/letter_shell/shell_cmd_list.c **** extern int shellExecute(int argc, char *argv[]);
  33:Dsp/letter_shell/shell_cmd_list.c **** #endif
  34:Dsp/letter_shell/shell_cmd_list.c **** 
  35:Dsp/letter_shell/shell_cmd_list.c **** SHELL_AGENCY_FUNC(shellRun, shellGetCurrent(), (const char *)p1);
  30              		.loc 1 35 0
  31              		.cfi_startproc
  32              		@ args = 12, pretend = 0, frame = 0
  33              		@ frame_needed = 0, uses_anonymous_args = 0
  34              	.LVL0:
  35 0000 10B5     		push	{r4, lr}
  36              	.LCFI0:
  37              		.cfi_def_cfa_offset 8
  38              		.cfi_offset 4, -8
  39              		.cfi_offset 14, -4
  40 0002 0446     		mov	r4, r0
  41              		.loc 1 35 0
  42 0004 FFF7FEFF 		bl	shellGetCurrent
  43              	.LVL1:
  44 0008 2146     		mov	r1, r4
  45 000a FFF7FEFF 		bl	shellRun
  46              	.LVL2:
  47 000e 10BD     		pop	{r4, pc}
  48              		.cfi_endproc
  49              	.LFE0:
  51              		.global	shellCommandCount
  52              		.global	shellCommandList
  53              		.section	.rodata.str1.4,"aMS",%progbits,1
  54              		.align	2
  55              	.LC0:
  56 0000 77687900 		.ascii	"why\000"
  57              	.LC1:
  58 0004 726F626F 		.ascii	"robot123\000"
  58      74313233 
  58      00
  59 000d 000000   		.space	3
  60              	.LC2:
  61 0010 64656661 		.ascii	"default user\000"
  61      756C7420 
  61      75736572 
  61      00
  62 001d 000000   		.space	3
  63              	.LC3:
  64 0020 73657456 		.ascii	"setVar\000"
  64      617200
  65 0027 00       		.space	1
  66              	.LC4:
  67 0028 73657420 		.ascii	"set var\000"
  67      76617200 
  68              	.LC5:
  69 0030 757000   		.ascii	"up\000"
  70 0033 00       		.space	1
  71              	.LC6:
  72 0034 646F776E 		.ascii	"down\000"
  72      00
  73 0039 000000   		.space	3
ARM GAS  C:\Users\why\AppData\Local\Temp\cch8hOA2.s 			page 3


  74              	.LC7:
  75 003c 72696768 		.ascii	"right\000"
  75      7400
  76 0042 0000     		.space	2
  77              	.LC8:
  78 0044 6C656674 		.ascii	"left\000"
  78      00
  79 0049 000000   		.space	3
  80              	.LC9:
  81 004c 74616200 		.ascii	"tab\000"
  82              	.LC10:
  83 0050 6261636B 		.ascii	"backspace\000"
  83      73706163 
  83      6500
  84 005a 0000     		.space	2
  85              	.LC11:
  86 005c 64656C65 		.ascii	"delete\000"
  86      746500
  87 0063 00       		.space	1
  88              	.LC12:
  89 0064 656E7465 		.ascii	"enter\000"
  89      7200
  90 006a 0000     		.space	2
  91              	.LC13:
  92 006c 68656C70 		.ascii	"help\000"
  92      00
  93 0071 000000   		.space	3
  94              	.LC14:
  95 0074 73686F77 		.ascii	"show command info\015\012help [cmd]\000"
  95      20636F6D 
  95      6D616E64 
  95      20696E66 
  95      6F0D0A68 
  96 0092 0000     		.space	2
  97              	.LC15:
  98 0094 75736572 		.ascii	"users\000"
  98      7300
  99 009a 0000     		.space	2
 100              	.LC16:
 101 009c 6C697374 		.ascii	"list all user\000"
 101      20616C6C 
 101      20757365 
 101      7200
 102 00aa 0000     		.space	2
 103              	.LC17:
 104 00ac 636D6473 		.ascii	"cmds\000"
 104      00
 105 00b1 000000   		.space	3
 106              	.LC18:
 107 00b4 6C697374 		.ascii	"list all cmd\000"
 107      20616C6C 
 107      20636D64 
 107      00
 108 00c1 000000   		.space	3
 109              	.LC19:
 110 00c4 76617273 		.ascii	"vars\000"
 110      00
ARM GAS  C:\Users\why\AppData\Local\Temp\cch8hOA2.s 			page 4


 111 00c9 000000   		.space	3
 112              	.LC20:
 113 00cc 6C697374 		.ascii	"list all var\000"
 113      20616C6C 
 113      20766172 
 113      00
 114 00d9 000000   		.space	3
 115              	.LC21:
 116 00dc 6B657973 		.ascii	"keys\000"
 116      00
 117 00e1 000000   		.space	3
 118              	.LC22:
 119 00e4 6C697374 		.ascii	"list all key\000"
 119      20616C6C 
 119      206B6579 
 119      00
 120 00f1 000000   		.space	3
 121              	.LC23:
 122 00f4 636C6561 		.ascii	"clear\000"
 122      7200
 123 00fa 0000     		.space	2
 124              	.LC24:
 125 00fc 636C6561 		.ascii	"clear console\000"
 125      7220636F 
 125      6E736F6C 
 125      6500
 126 010a 0000     		.space	2
 127              	.LC25:
 128 010c 736800   		.ascii	"sh\000"
 129 010f 00       		.space	1
 130              	.LC26:
 131 0110 72756E20 		.ascii	"run command directly\000"
 131      636F6D6D 
 131      616E6420 
 131      64697265 
 131      63746C79 
 132              		.section	.rodata.shellCommandList,"a",%progbits
 133              		.align	2
 136              	shellCommandList:
 137 0000 00080000 		.word	2048
 138 0004 00000000 		.word	.LC0
 139 0008 04000000 		.word	.LC1
 140 000c 10000000 		.word	.LC2
 141 0010 00010000 		.word	256
 142 0014 20000000 		.word	.LC3
 143 0018 00000000 		.word	shellSetVar
 144 001c 28000000 		.word	.LC4
 145 0020 00090000 		.word	2304
 146 0024 00415B1B 		.word	458965248
 147 0028 00000000 		.word	shellUp
 148 002c 30000000 		.word	.LC5
 149 0030 00090000 		.word	2304
 150 0034 00425B1B 		.word	458965504
 151 0038 00000000 		.word	shellDown
 152 003c 34000000 		.word	.LC6
 153 0040 00190000 		.word	6400
 154 0044 00435B1B 		.word	458965760
ARM GAS  C:\Users\why\AppData\Local\Temp\cch8hOA2.s 			page 5


 155 0048 00000000 		.word	shellRight
 156 004c 3C000000 		.word	.LC7
 157 0050 00190000 		.word	6400
 158 0054 00445B1B 		.word	458966016
 159 0058 00000000 		.word	shellLeft
 160 005c 44000000 		.word	.LC8
 161 0060 00090000 		.word	2304
 162 0064 00000009 		.word	150994944
 163 0068 00000000 		.word	shellTab
 164 006c 4C000000 		.word	.LC9
 165 0070 00190000 		.word	6400
 166 0074 00000008 		.word	134217728
 167 0078 00000000 		.word	shellBackspace
 168 007c 50000000 		.word	.LC10
 169 0080 00190000 		.word	6400
 170 0084 0000007F 		.word	2130706432
 171 0088 00000000 		.word	shellDelete
 172 008c 5C000000 		.word	.LC11
 173 0090 00190000 		.word	6400
 174 0094 7E335B1B 		.word	458961790
 175 0098 00000000 		.word	shellDelete
 176 009c 5C000000 		.word	.LC11
 177 00a0 00190000 		.word	6400
 178 00a4 0000000A 		.word	167772160
 179 00a8 00000000 		.word	shellEnter
 180 00ac 64000000 		.word	.LC12
 181 00b0 00190000 		.word	6400
 182 00b4 0000000D 		.word	218103808
 183 00b8 00000000 		.word	shellEnter
 184 00bc 64000000 		.word	.LC12
 185 00c0 00200000 		.word	8192
 186 00c4 6C000000 		.word	.LC13
 187 00c8 00000000 		.word	shellHelp
 188 00cc 74000000 		.word	.LC14
 189 00d0 00210000 		.word	8448
 190 00d4 94000000 		.word	.LC15
 191 00d8 00000000 		.word	shellUsers
 192 00dc 9C000000 		.word	.LC16
 193 00e0 00210000 		.word	8448
 194 00e4 AC000000 		.word	.LC17
 195 00e8 00000000 		.word	shellCmds
 196 00ec B4000000 		.word	.LC18
 197 00f0 00210000 		.word	8448
 198 00f4 C4000000 		.word	.LC19
 199 00f8 00000000 		.word	shellVars
 200 00fc CC000000 		.word	.LC20
 201 0100 00210000 		.word	8448
 202 0104 DC000000 		.word	.LC21
 203 0108 00000000 		.word	shellKeys
 204 010c E4000000 		.word	.LC22
 205 0110 00210000 		.word	8448
 206 0114 F4000000 		.word	.LC23
 207 0118 00000000 		.word	shellClear
 208 011c FC000000 		.word	.LC24
 209 0120 00210000 		.word	8448
 210 0124 0C010000 		.word	.LC25
 211 0128 00000000 		.word	agencyshellRun
ARM GAS  C:\Users\why\AppData\Local\Temp\cch8hOA2.s 			page 6


 212 012c 10010000 		.word	.LC26
 213              		.section	.rodata.shellCommandCount,"a",%progbits
 214              		.align	1
 217              	shellCommandCount:
 218 0000 1300     		.short	19
 219              		.text
 220              	.Letext0:
 221              		.file 2 "Dsp/letter_shell/shell.h"
ARM GAS  C:\Users\why\AppData\Local\Temp\cch8hOA2.s 			page 7


DEFINED SYMBOLS
                            *ABS*:00000000 shell_cmd_list.c
C:\Users\why\AppData\Local\Temp\cch8hOA2.s:22     .text.agencyshellRun:00000000 $t
C:\Users\why\AppData\Local\Temp\cch8hOA2.s:27     .text.agencyshellRun:00000000 agencyshellRun
C:\Users\why\AppData\Local\Temp\cch8hOA2.s:217    .rodata.shellCommandCount:00000000 shellCommandCount
C:\Users\why\AppData\Local\Temp\cch8hOA2.s:136    .rodata.shellCommandList:00000000 shellCommandList
C:\Users\why\AppData\Local\Temp\cch8hOA2.s:54     .rodata.str1.4:00000000 $d
C:\Users\why\AppData\Local\Temp\cch8hOA2.s:133    .rodata.shellCommandList:00000000 $d
C:\Users\why\AppData\Local\Temp\cch8hOA2.s:214    .rodata.shellCommandCount:00000000 $d
                     .debug_frame:00000010 $d

UNDEFINED SYMBOLS
shellGetCurrent
shellRun
shellSetVar
shellUp
shellDown
shellRight
shellLeft
shellTab
shellBackspace
shellDelete
shellEnter
shellHelp
shellUsers
shellCmds
shellVars
shellKeys
shellClear
