ARM GAS  /tmp/ccWtsCjn.s 			page 1


   1              		.cpu cortex-m4
   2              		.eabi_attribute 27, 1
   3              		.eabi_attribute 28, 1
   4              		.eabi_attribute 20, 1
   5              		.eabi_attribute 21, 1
   6              		.eabi_attribute 23, 3
   7              		.eabi_attribute 24, 1
   8              		.eabi_attribute 25, 1
   9              		.eabi_attribute 26, 1
  10              		.eabi_attribute 30, 1
  11              		.eabi_attribute 34, 1
  12              		.eabi_attribute 18, 4
  13              		.file	"shell_ext.c"
  14              		.text
  15              	.Ltext0:
  16              		.cfi_sections	.debug_frame
  17              		.section	.text.shellExtNumType,"ax",%progbits
  18              		.align	1
  19              		.syntax unified
  20              		.thumb
  21              		.thumb_func
  22              		.fpu fpv4-sp-d16
  24              	shellExtNumType:
  25              	.LFB0:
  26              		.file 1 "SYS/shell/shell_ext.c"
   1:SYS/shell/shell_ext.c **** /**
   2:SYS/shell/shell_ext.c ****  * @file shell_ext.c
   3:SYS/shell/shell_ext.c ****  * @author Letter (NevermindZZT@gmail.com)
   4:SYS/shell/shell_ext.c ****  * @brief shell extensions
   5:SYS/shell/shell_ext.c ****  * @version 3.0.0
   6:SYS/shell/shell_ext.c ****  * @date 2019-12-31
   7:SYS/shell/shell_ext.c ****  * 
   8:SYS/shell/shell_ext.c ****  * @copyright (c) 2019 Letter
   9:SYS/shell/shell_ext.c ****  * 
  10:SYS/shell/shell_ext.c ****  */
  11:SYS/shell/shell_ext.c **** 
  12:SYS/shell/shell_ext.c **** #include "shell_cfg.h"
  13:SYS/shell/shell_ext.c **** #include "shell.h"
  14:SYS/shell/shell_ext.c **** #include "shell_ext.h"
  15:SYS/shell/shell_ext.c **** 
  16:SYS/shell/shell_ext.c **** 
  17:SYS/shell/shell_ext.c **** extern ShellCommand* shellSeekCommand(Shell *shell,
  18:SYS/shell/shell_ext.c ****                                       const char *cmd,
  19:SYS/shell/shell_ext.c ****                                       ShellCommand *base,
  20:SYS/shell/shell_ext.c ****                                       unsigned short compareLength);
  21:SYS/shell/shell_ext.c **** extern int shellGetVarValue(Shell *shell, ShellCommand *command);
  22:SYS/shell/shell_ext.c **** 
  23:SYS/shell/shell_ext.c **** /**
  24:SYS/shell/shell_ext.c ****  * @brief 判断数字进制
  25:SYS/shell/shell_ext.c ****  * 
  26:SYS/shell/shell_ext.c ****  * @param string 参数字符串
  27:SYS/shell/shell_ext.c ****  * @return ShellNumType 进制
  28:SYS/shell/shell_ext.c ****  */
  29:SYS/shell/shell_ext.c **** static ShellNumType shellExtNumType(char *string)
  30:SYS/shell/shell_ext.c **** {
  27              		.loc 1 30 0
  28              		.cfi_startproc
ARM GAS  /tmp/ccWtsCjn.s 			page 2


  29              		@ args = 0, pretend = 0, frame = 0
  30              		@ frame_needed = 0, uses_anonymous_args = 0
  31              		@ link register save eliminated.
  32              	.LVL0:
  33 0000 0346     		mov	r3, r0
  34              	.LVL1:
  31:SYS/shell/shell_ext.c ****     char *p = string;
  32:SYS/shell/shell_ext.c ****     ShellNumType type = NUM_TYPE_DEC;
  33:SYS/shell/shell_ext.c **** 
  34:SYS/shell/shell_ext.c ****     if ((*p == '0') && ((*(p + 1) == 'x') || (*(p + 1) == 'X')))
  35              		.loc 1 34 0
  36 0002 0278     		ldrb	r2, [r0]	@ zero_extendqisi2
  37 0004 302A     		cmp	r2, #48
  38 0006 05D0     		beq	.L15
  39              	.L2:
  35:SYS/shell/shell_ext.c ****     {
  36:SYS/shell/shell_ext.c ****         type = NUM_TYPE_HEX;
  37:SYS/shell/shell_ext.c ****     }
  38:SYS/shell/shell_ext.c ****     else if ((*p == '0') && ((*(p + 1) == 'b') || (*(p + 1) == 'B')))
  40              		.loc 1 38 0
  41 0008 302A     		cmp	r2, #48
  42 000a 0AD0     		beq	.L16
  43              	.L4:
  39:SYS/shell/shell_ext.c ****     {
  40:SYS/shell/shell_ext.c ****         type = NUM_TYPE_BIN;
  41:SYS/shell/shell_ext.c ****     }
  42:SYS/shell/shell_ext.c ****     else if (*p == '0')
  44              		.loc 1 42 0
  45 000c 302A     		cmp	r2, #48
  46 000e 13D0     		beq	.L13
  32:SYS/shell/shell_ext.c **** 
  47              		.loc 1 32 0
  48 0010 0020     		movs	r0, #0
  49              	.LVL2:
  50 0012 14E0     		b	.L5
  51              	.LVL3:
  52              	.L15:
  34:SYS/shell/shell_ext.c ****     {
  53              		.loc 1 34 0 discriminator 1
  54 0014 4178     		ldrb	r1, [r0, #1]	@ zero_extendqisi2
  55 0016 7829     		cmp	r1, #120
  56 0018 0AD0     		beq	.L9
  34:SYS/shell/shell_ext.c ****     {
  57              		.loc 1 34 0 is_stmt 0 discriminator 2
  58 001a 5829     		cmp	r1, #88
  59 001c F4D1     		bne	.L2
  36:SYS/shell/shell_ext.c ****     }
  60              		.loc 1 36 0 is_stmt 1
  61 001e 0320     		movs	r0, #3
  62              	.LVL4:
  63 0020 0DE0     		b	.L5
  64              	.LVL5:
  65              	.L16:
  38:SYS/shell/shell_ext.c ****     {
  66              		.loc 1 38 0 discriminator 1
  67 0022 5978     		ldrb	r1, [r3, #1]	@ zero_extendqisi2
  68 0024 6229     		cmp	r1, #98
ARM GAS  /tmp/ccWtsCjn.s 			page 3


  69 0026 05D0     		beq	.L11
  38:SYS/shell/shell_ext.c ****     {
  70              		.loc 1 38 0 is_stmt 0 discriminator 2
  71 0028 4229     		cmp	r1, #66
  72 002a EFD1     		bne	.L4
  40:SYS/shell/shell_ext.c ****     }
  73              		.loc 1 40 0 is_stmt 1
  74 002c 0120     		movs	r0, #1
  75              	.LVL6:
  76 002e 06E0     		b	.L5
  77              	.LVL7:
  78              	.L9:
  36:SYS/shell/shell_ext.c ****     }
  79              		.loc 1 36 0
  80 0030 0320     		movs	r0, #3
  81              	.LVL8:
  82 0032 04E0     		b	.L5
  83              	.LVL9:
  84              	.L11:
  40:SYS/shell/shell_ext.c ****     }
  85              		.loc 1 40 0
  86 0034 0120     		movs	r0, #1
  87              	.LVL10:
  88 0036 02E0     		b	.L5
  89              	.LVL11:
  90              	.L13:
  43:SYS/shell/shell_ext.c ****     {
  44:SYS/shell/shell_ext.c ****         type = NUM_TYPE_OCT;
  91              		.loc 1 44 0
  92 0038 0220     		movs	r0, #2
  93              	.LVL12:
  94 003a 00E0     		b	.L5
  95              	.LVL13:
  96              	.L6:
  97 003c 1346     		mov	r3, r2
  98              	.LVL14:
  99              	.L5:
  45:SYS/shell/shell_ext.c ****     }
  46:SYS/shell/shell_ext.c ****     
  47:SYS/shell/shell_ext.c ****     while (*p++)
 100              		.loc 1 47 0
 101 003e 5A1C     		adds	r2, r3, #1
 102              	.LVL15:
 103 0040 1978     		ldrb	r1, [r3]	@ zero_extendqisi2
 104 0042 39B1     		cbz	r1, .L17
  48:SYS/shell/shell_ext.c ****     {
  49:SYS/shell/shell_ext.c ****         if (*p == '.' && *(p + 1) != 0)
 105              		.loc 1 49 0
 106 0044 5B78     		ldrb	r3, [r3, #1]	@ zero_extendqisi2
 107 0046 2E2B     		cmp	r3, #46
 108 0048 F8D1     		bne	.L6
 109              		.loc 1 49 0 is_stmt 0 discriminator 1
 110 004a 5378     		ldrb	r3, [r2, #1]	@ zero_extendqisi2
 111 004c 002B     		cmp	r3, #0
 112 004e F5D0     		beq	.L6
  50:SYS/shell/shell_ext.c ****         {
  51:SYS/shell/shell_ext.c ****             type = NUM_TYPE_FLOAT;
ARM GAS  /tmp/ccWtsCjn.s 			page 4


 113              		.loc 1 51 0 is_stmt 1
 114 0050 0420     		movs	r0, #4
 115              	.LVL16:
  52:SYS/shell/shell_ext.c ****             break;
  53:SYS/shell/shell_ext.c ****         }
  54:SYS/shell/shell_ext.c ****     }
  55:SYS/shell/shell_ext.c **** 
  56:SYS/shell/shell_ext.c ****     return type;
  57:SYS/shell/shell_ext.c **** }
 116              		.loc 1 57 0
 117 0052 7047     		bx	lr
 118              	.L17:
 119 0054 7047     		bx	lr
 120              		.cfi_endproc
 121              	.LFE0:
 123              		.section	.text.shellExtToNum,"ax",%progbits
 124              		.align	1
 125              		.syntax unified
 126              		.thumb
 127              		.thumb_func
 128              		.fpu fpv4-sp-d16
 130              	shellExtToNum:
 131              	.LFB1:
  58:SYS/shell/shell_ext.c **** 
  59:SYS/shell/shell_ext.c **** 
  60:SYS/shell/shell_ext.c **** /**
  61:SYS/shell/shell_ext.c ****  * @brief 字符转数字
  62:SYS/shell/shell_ext.c ****  * 
  63:SYS/shell/shell_ext.c ****  * @param code 字符
  64:SYS/shell/shell_ext.c ****  * @return char 数字
  65:SYS/shell/shell_ext.c ****  */
  66:SYS/shell/shell_ext.c **** static char shellExtToNum(char code)
  67:SYS/shell/shell_ext.c **** {
 132              		.loc 1 67 0
 133              		.cfi_startproc
 134              		@ args = 0, pretend = 0, frame = 0
 135              		@ frame_needed = 0, uses_anonymous_args = 0
 136              		@ link register save eliminated.
 137              	.LVL17:
 138 0000 0246     		mov	r2, r0
  68:SYS/shell/shell_ext.c ****     if ((code >= '0') && (code <= '9'))
 139              		.loc 1 68 0
 140 0002 A0F13003 		sub	r3, r0, #48
 141 0006 D8B2     		uxtb	r0, r3
 142              	.LVL18:
 143 0008 0928     		cmp	r0, #9
 144 000a 12D9     		bls	.L19
  69:SYS/shell/shell_ext.c ****     {
  70:SYS/shell/shell_ext.c ****         return code -'0';
  71:SYS/shell/shell_ext.c ****     }
  72:SYS/shell/shell_ext.c ****     else if ((code >= 'a') && (code <= 'f'))
 145              		.loc 1 72 0
 146 000c A2F16103 		sub	r3, r2, #97
 147 0010 DBB2     		uxtb	r3, r3
 148 0012 052B     		cmp	r3, #5
 149 0014 08D9     		bls	.L22
  73:SYS/shell/shell_ext.c ****     {
ARM GAS  /tmp/ccWtsCjn.s 			page 5


  74:SYS/shell/shell_ext.c ****         return code - 'a' + 10;
  75:SYS/shell/shell_ext.c ****     }
  76:SYS/shell/shell_ext.c ****     else if ((code >= 'A') && (code <= 'F'))
 150              		.loc 1 76 0
 151 0016 A2F14103 		sub	r3, r2, #65
 152 001a DBB2     		uxtb	r3, r3
 153 001c 052B     		cmp	r3, #5
 154 001e 07D8     		bhi	.L21
  77:SYS/shell/shell_ext.c ****     {
  78:SYS/shell/shell_ext.c ****         return code - 'A' + 10;
 155              		.loc 1 78 0
 156 0020 A2F13700 		sub	r0, r2, #55
 157 0024 C0B2     		uxtb	r0, r0
 158 0026 7047     		bx	lr
 159              	.L22:
  74:SYS/shell/shell_ext.c ****     }
 160              		.loc 1 74 0
 161 0028 A2F15700 		sub	r0, r2, #87
 162 002c C0B2     		uxtb	r0, r0
 163 002e 7047     		bx	lr
 164              	.L21:
  79:SYS/shell/shell_ext.c ****     }
  80:SYS/shell/shell_ext.c ****     else
  81:SYS/shell/shell_ext.c ****     {
  82:SYS/shell/shell_ext.c ****         return 0;
 165              		.loc 1 82 0
 166 0030 0020     		movs	r0, #0
 167              	.L19:
  83:SYS/shell/shell_ext.c ****     }
  84:SYS/shell/shell_ext.c **** }
 168              		.loc 1 84 0
 169 0032 7047     		bx	lr
 170              		.cfi_endproc
 171              	.LFE1:
 173              		.section	.text.shellExtParseChar,"ax",%progbits
 174              		.align	1
 175              		.syntax unified
 176              		.thumb
 177              		.thumb_func
 178              		.fpu fpv4-sp-d16
 180              	shellExtParseChar:
 181              	.LFB2:
  85:SYS/shell/shell_ext.c **** 
  86:SYS/shell/shell_ext.c **** 
  87:SYS/shell/shell_ext.c **** /**
  88:SYS/shell/shell_ext.c ****  * @brief 解析字符参数
  89:SYS/shell/shell_ext.c ****  * 
  90:SYS/shell/shell_ext.c ****  * @param string 字符串参数
  91:SYS/shell/shell_ext.c ****  * @return char 解析出的字符
  92:SYS/shell/shell_ext.c ****  */
  93:SYS/shell/shell_ext.c **** static char shellExtParseChar(char *string)
  94:SYS/shell/shell_ext.c **** {
 182              		.loc 1 94 0
 183              		.cfi_startproc
 184              		@ args = 0, pretend = 0, frame = 0
 185              		@ frame_needed = 0, uses_anonymous_args = 0
 186              		@ link register save eliminated.
ARM GAS  /tmp/ccWtsCjn.s 			page 6


 187              	.LVL19:
 188 0000 0346     		mov	r3, r0
 189              	.LVL20:
  95:SYS/shell/shell_ext.c ****     char *p = string + 1;
  96:SYS/shell/shell_ext.c ****     char value = 0;
  97:SYS/shell/shell_ext.c **** 
  98:SYS/shell/shell_ext.c ****     if (*p == '\\')
 190              		.loc 1 98 0
 191 0002 4078     		ldrb	r0, [r0, #1]	@ zero_extendqisi2
 192              	.LVL21:
 193 0004 5C28     		cmp	r0, #92
 194 0006 00D0     		beq	.L32
 195              	.L24:
 196              	.LVL22:
  99:SYS/shell/shell_ext.c ****     {
 100:SYS/shell/shell_ext.c ****         switch (*(p + 1))
 101:SYS/shell/shell_ext.c ****         {
 102:SYS/shell/shell_ext.c ****         case 'b':
 103:SYS/shell/shell_ext.c ****             value = '\b';
 104:SYS/shell/shell_ext.c ****             break;
 105:SYS/shell/shell_ext.c ****         case 'r':
 106:SYS/shell/shell_ext.c ****             value = '\r';
 107:SYS/shell/shell_ext.c ****             break;
 108:SYS/shell/shell_ext.c ****         case 'n':
 109:SYS/shell/shell_ext.c ****             value = '\n';
 110:SYS/shell/shell_ext.c ****             break;
 111:SYS/shell/shell_ext.c ****         case 't':
 112:SYS/shell/shell_ext.c ****             value = '\t';
 113:SYS/shell/shell_ext.c ****             break;
 114:SYS/shell/shell_ext.c ****         case '0':
 115:SYS/shell/shell_ext.c ****             value = 0;
 116:SYS/shell/shell_ext.c ****             break;
 117:SYS/shell/shell_ext.c ****         default:
 118:SYS/shell/shell_ext.c ****             value = *(p + 1);
 119:SYS/shell/shell_ext.c ****             break;
 120:SYS/shell/shell_ext.c ****         }
 121:SYS/shell/shell_ext.c ****     }
 122:SYS/shell/shell_ext.c ****     else
 123:SYS/shell/shell_ext.c ****     {
 124:SYS/shell/shell_ext.c ****         value = *p;
 125:SYS/shell/shell_ext.c ****     }
 126:SYS/shell/shell_ext.c ****     return value;
 127:SYS/shell/shell_ext.c **** }
 197              		.loc 1 127 0
 198 0008 7047     		bx	lr
 199              	.LVL23:
 200              	.L32:
 100:SYS/shell/shell_ext.c ****         {
 201              		.loc 1 100 0
 202 000a 9878     		ldrb	r0, [r3, #2]	@ zero_extendqisi2
 203 000c 6E28     		cmp	r0, #110
 204 000e 0ED0     		beq	.L26
 205 0010 06D8     		bhi	.L27
 206 0012 3028     		cmp	r0, #48
 207 0014 0DD0     		beq	.L28
 208 0016 6228     		cmp	r0, #98
 209 0018 01D1     		bne	.L33
ARM GAS  /tmp/ccWtsCjn.s 			page 7


 103:SYS/shell/shell_ext.c ****             break;
 210              		.loc 1 103 0
 211 001a 0820     		movs	r0, #8
 212 001c 7047     		bx	lr
 213              	.L33:
 214 001e 7047     		bx	lr
 215              	.L27:
 100:SYS/shell/shell_ext.c ****         {
 216              		.loc 1 100 0
 217 0020 7228     		cmp	r0, #114
 218 0022 08D0     		beq	.L31
 219 0024 7428     		cmp	r0, #116
 220 0026 01D1     		bne	.L34
 221              	.LVL24:
 112:SYS/shell/shell_ext.c ****             break;
 222              		.loc 1 112 0
 223 0028 0920     		movs	r0, #9
 113:SYS/shell/shell_ext.c ****         case '0':
 224              		.loc 1 113 0
 225 002a 7047     		bx	lr
 226              	.LVL25:
 227              	.L34:
 228 002c 7047     		bx	lr
 229              	.L26:
 230              	.LVL26:
 109:SYS/shell/shell_ext.c ****             break;
 231              		.loc 1 109 0
 232 002e 0A20     		movs	r0, #10
 110:SYS/shell/shell_ext.c ****         case 't':
 233              		.loc 1 110 0
 234 0030 7047     		bx	lr
 235              	.LVL27:
 236              	.L28:
 115:SYS/shell/shell_ext.c ****             break;
 237              		.loc 1 115 0
 238 0032 0020     		movs	r0, #0
 116:SYS/shell/shell_ext.c ****         default:
 239              		.loc 1 116 0
 240 0034 7047     		bx	lr
 241              	.L31:
 106:SYS/shell/shell_ext.c ****             break;
 242              		.loc 1 106 0
 243 0036 0D20     		movs	r0, #13
 244 0038 E6E7     		b	.L24
 245              		.cfi_endproc
 246              	.LFE2:
 248              		.section	.text.shellExtParseString,"ax",%progbits
 249              		.align	1
 250              		.syntax unified
 251              		.thumb
 252              		.thumb_func
 253              		.fpu fpv4-sp-d16
 255              	shellExtParseString:
 256              	.LFB3:
 128:SYS/shell/shell_ext.c **** 
 129:SYS/shell/shell_ext.c **** 
 130:SYS/shell/shell_ext.c **** /**
ARM GAS  /tmp/ccWtsCjn.s 			page 8


 131:SYS/shell/shell_ext.c ****  * @brief 解析字符串参数
 132:SYS/shell/shell_ext.c ****  * 
 133:SYS/shell/shell_ext.c ****  * @param string 字符串参数
 134:SYS/shell/shell_ext.c ****  * @return char* 解析出的字符串
 135:SYS/shell/shell_ext.c ****  */
 136:SYS/shell/shell_ext.c **** static char* shellExtParseString(char *string)
 137:SYS/shell/shell_ext.c **** {
 257              		.loc 1 137 0
 258              		.cfi_startproc
 259              		@ args = 0, pretend = 0, frame = 0
 260              		@ frame_needed = 0, uses_anonymous_args = 0
 261              	.LVL28:
 262 0000 70B5     		push	{r4, r5, r6, lr}
 263              	.LCFI0:
 264              		.cfi_def_cfa_offset 16
 265              		.cfi_offset 4, -16
 266              		.cfi_offset 5, -12
 267              		.cfi_offset 6, -8
 268              		.cfi_offset 14, -4
 269 0002 0646     		mov	r6, r0
 270              	.LVL29:
 138:SYS/shell/shell_ext.c ****     char *p = string;
 139:SYS/shell/shell_ext.c ****     unsigned short index = 0;
 140:SYS/shell/shell_ext.c **** 
 141:SYS/shell/shell_ext.c ****     if (*string == '\"')
 271              		.loc 1 141 0
 272 0004 0378     		ldrb	r3, [r0]	@ zero_extendqisi2
 273 0006 222B     		cmp	r3, #34
 274 0008 02D0     		beq	.L44
 138:SYS/shell/shell_ext.c ****     char *p = string;
 275              		.loc 1 138 0
 276 000a 0546     		mov	r5, r0
 277              	.LVL30:
 278              	.L36:
 279 000c 0024     		movs	r4, #0
 280 000e 0AE0     		b	.L37
 281              	.LVL31:
 282              	.L44:
 142:SYS/shell/shell_ext.c ****     {
 143:SYS/shell/shell_ext.c ****         p = ++string;
 283              		.loc 1 143 0
 284 0010 0136     		adds	r6, r6, #1
 285              	.LVL32:
 286 0012 3546     		mov	r5, r6
 287 0014 FAE7     		b	.L36
 288              	.LVL33:
 289              	.L46:
 144:SYS/shell/shell_ext.c ****     }
 145:SYS/shell/shell_ext.c **** 
 146:SYS/shell/shell_ext.c ****     while (*p)
 147:SYS/shell/shell_ext.c ****     {
 148:SYS/shell/shell_ext.c ****         if (*p == '\\')
 149:SYS/shell/shell_ext.c ****         {
 150:SYS/shell/shell_ext.c ****             *(string + index) = shellExtParseChar(p - 1);
 290              		.loc 1 150 0
 291 0016 681E     		subs	r0, r5, #1
 292 0018 FFF7FEFF 		bl	shellExtParseChar
ARM GAS  /tmp/ccWtsCjn.s 			page 9


 293              	.LVL34:
 294 001c 3055     		strb	r0, [r6, r4]
 151:SYS/shell/shell_ext.c ****             p++;
 295              		.loc 1 151 0
 296 001e 0135     		adds	r5, r5, #1
 297              	.LVL35:
 298              	.L39:
 152:SYS/shell/shell_ext.c ****         }
 153:SYS/shell/shell_ext.c ****         else if (*p == '\"')
 154:SYS/shell/shell_ext.c ****         {
 155:SYS/shell/shell_ext.c ****             *(string + index) = 0;
 156:SYS/shell/shell_ext.c ****         }
 157:SYS/shell/shell_ext.c ****         else
 158:SYS/shell/shell_ext.c ****         {
 159:SYS/shell/shell_ext.c ****             *(string + index) = *p;
 160:SYS/shell/shell_ext.c ****         }
 161:SYS/shell/shell_ext.c ****         p++;
 299              		.loc 1 161 0
 300 0020 0135     		adds	r5, r5, #1
 301              	.LVL36:
 162:SYS/shell/shell_ext.c ****         index ++;
 302              		.loc 1 162 0
 303 0022 0134     		adds	r4, r4, #1
 304              	.LVL37:
 305 0024 A4B2     		uxth	r4, r4
 306              	.LVL38:
 307              	.L37:
 146:SYS/shell/shell_ext.c ****     {
 308              		.loc 1 146 0
 309 0026 2B78     		ldrb	r3, [r5]	@ zero_extendqisi2
 310 0028 43B1     		cbz	r3, .L45
 148:SYS/shell/shell_ext.c ****         {
 311              		.loc 1 148 0
 312 002a 5C2B     		cmp	r3, #92
 313 002c F3D0     		beq	.L46
 153:SYS/shell/shell_ext.c ****         {
 314              		.loc 1 153 0
 315 002e 222B     		cmp	r3, #34
 316 0030 01D0     		beq	.L47
 159:SYS/shell/shell_ext.c ****         }
 317              		.loc 1 159 0
 318 0032 3355     		strb	r3, [r6, r4]
 319 0034 F4E7     		b	.L39
 320              	.L47:
 155:SYS/shell/shell_ext.c ****         }
 321              		.loc 1 155 0
 322 0036 0023     		movs	r3, #0
 323 0038 3355     		strb	r3, [r6, r4]
 324 003a F1E7     		b	.L39
 325              	.L45:
 163:SYS/shell/shell_ext.c ****     }
 164:SYS/shell/shell_ext.c ****     *(string + index) = 0;
 326              		.loc 1 164 0
 327 003c 3355     		strb	r3, [r6, r4]
 165:SYS/shell/shell_ext.c ****     return string;
 166:SYS/shell/shell_ext.c **** }
 328              		.loc 1 166 0
ARM GAS  /tmp/ccWtsCjn.s 			page 10


 329 003e 3046     		mov	r0, r6
 330 0040 70BD     		pop	{r4, r5, r6, pc}
 331              		.cfi_endproc
 332              	.LFE3:
 334              		.section	.text.shellExtParseNumber,"ax",%progbits
 335              		.align	1
 336              		.syntax unified
 337              		.thumb
 338              		.thumb_func
 339              		.fpu fpv4-sp-d16
 341              	shellExtParseNumber:
 342              	.LFB4:
 167:SYS/shell/shell_ext.c **** 
 168:SYS/shell/shell_ext.c **** 
 169:SYS/shell/shell_ext.c **** /**
 170:SYS/shell/shell_ext.c ****  * @brief 解析数字参数
 171:SYS/shell/shell_ext.c ****  * 
 172:SYS/shell/shell_ext.c ****  * @param string 字符串参数
 173:SYS/shell/shell_ext.c ****  * @return unsigned int 解析出的数字
 174:SYS/shell/shell_ext.c ****  */
 175:SYS/shell/shell_ext.c **** static unsigned int shellExtParseNumber(char *string)
 176:SYS/shell/shell_ext.c **** {
 343              		.loc 1 176 0
 344              		.cfi_startproc
 345              		@ args = 0, pretend = 0, frame = 0
 346              		@ frame_needed = 0, uses_anonymous_args = 0
 347              	.LVL39:
 348 0000 2DE9F843 		push	{r3, r4, r5, r6, r7, r8, r9, lr}
 349              	.LCFI1:
 350              		.cfi_def_cfa_offset 32
 351              		.cfi_offset 3, -32
 352              		.cfi_offset 4, -28
 353              		.cfi_offset 5, -24
 354              		.cfi_offset 6, -20
 355              		.cfi_offset 7, -16
 356              		.cfi_offset 8, -12
 357              		.cfi_offset 9, -8
 358              		.cfi_offset 14, -4
 359 0004 0546     		mov	r5, r0
 360              	.LVL40:
 177:SYS/shell/shell_ext.c ****     ShellNumType type = NUM_TYPE_DEC;
 178:SYS/shell/shell_ext.c ****     char radix = 10;
 179:SYS/shell/shell_ext.c ****     char *p = string;
 180:SYS/shell/shell_ext.c ****     char offset = 0;
 181:SYS/shell/shell_ext.c ****     signed char sign = 1;
 182:SYS/shell/shell_ext.c ****     unsigned int valueInt = 0;
 183:SYS/shell/shell_ext.c ****     float valueFloat = 0.0;
 184:SYS/shell/shell_ext.c ****     unsigned int devide = 0;
 185:SYS/shell/shell_ext.c **** 
 186:SYS/shell/shell_ext.c ****     if (*string == '-')
 361              		.loc 1 186 0
 362 0006 0378     		ldrb	r3, [r0]	@ zero_extendqisi2
 363 0008 2D2B     		cmp	r3, #45
 364 000a 16D0     		beq	.L61
 181:SYS/shell/shell_ext.c ****     unsigned int valueInt = 0;
 365              		.loc 1 181 0
 366 000c 4FF00108 		mov	r8, #1
ARM GAS  /tmp/ccWtsCjn.s 			page 11


 367              	.L49:
 368              	.LVL41:
 187:SYS/shell/shell_ext.c ****     {
 188:SYS/shell/shell_ext.c ****         sign = -1;
 189:SYS/shell/shell_ext.c ****     }
 190:SYS/shell/shell_ext.c **** 
 191:SYS/shell/shell_ext.c ****     type = shellExtNumType(string + ((sign == -1) ? 1 : 0));
 369              		.loc 1 191 0
 370 0010 B8F1FF3F 		cmp	r8, #-1
 371 0014 14D0     		beq	.L65
 372 0016 0024     		movs	r4, #0
 373              	.L50:
 374              		.loc 1 191 0 is_stmt 0 discriminator 4
 375 0018 2819     		adds	r0, r5, r4
 376              	.LVL42:
 377 001a FFF7FEFF 		bl	shellExtNumType
 378              	.LVL43:
 379 001e 0746     		mov	r7, r0
 380              	.LVL44:
 192:SYS/shell/shell_ext.c **** 
 193:SYS/shell/shell_ext.c ****     switch ((char)type)
 381              		.loc 1 193 0 is_stmt 1 discriminator 4
 382 0020 0228     		cmp	r0, #2
 383 0022 0FD0     		beq	.L52
 384 0024 0328     		cmp	r0, #3
 385 0026 13D0     		beq	.L63
 386 0028 0128     		cmp	r0, #1
 387 002a 0ED0     		beq	.L54
 180:SYS/shell/shell_ext.c ****     signed char sign = 1;
 388              		.loc 1 180 0 discriminator 4
 389 002c 0023     		movs	r3, #0
 178:SYS/shell/shell_ext.c ****     char *p = string;
 390              		.loc 1 178 0 discriminator 4
 391 002e 0A26     		movs	r6, #10
 392              	.LVL45:
 393              	.L53:
 194:SYS/shell/shell_ext.c ****     {
 195:SYS/shell/shell_ext.c ****     case NUM_TYPE_HEX:
 196:SYS/shell/shell_ext.c ****         radix = 16;
 197:SYS/shell/shell_ext.c ****         offset = 2;
 198:SYS/shell/shell_ext.c ****         break;
 199:SYS/shell/shell_ext.c ****     
 200:SYS/shell/shell_ext.c ****     case NUM_TYPE_OCT:
 201:SYS/shell/shell_ext.c ****         radix = 8;
 202:SYS/shell/shell_ext.c ****         offset = 1;
 203:SYS/shell/shell_ext.c ****         break;
 204:SYS/shell/shell_ext.c **** 
 205:SYS/shell/shell_ext.c ****     case NUM_TYPE_BIN:
 206:SYS/shell/shell_ext.c ****         radix = 2;
 207:SYS/shell/shell_ext.c ****         offset = 2;
 208:SYS/shell/shell_ext.c ****         break;
 209:SYS/shell/shell_ext.c ****     
 210:SYS/shell/shell_ext.c ****     default:
 211:SYS/shell/shell_ext.c ****         break;
 212:SYS/shell/shell_ext.c ****     }
 213:SYS/shell/shell_ext.c **** 
 214:SYS/shell/shell_ext.c ****     p = string + offset + ((sign == -1) ? 1 : 0);
ARM GAS  /tmp/ccWtsCjn.s 			page 12


 394              		.loc 1 214 0
 395 0030 2344     		add	r3, r3, r4
 396              	.LVL46:
 397 0032 1D44     		add	r5, r5, r3
 398              	.LVL47:
 184:SYS/shell/shell_ext.c **** 
 399              		.loc 1 184 0
 400 0034 0024     		movs	r4, #0
 182:SYS/shell/shell_ext.c ****     float valueFloat = 0.0;
 401              		.loc 1 182 0
 402 0036 A146     		mov	r9, r4
 215:SYS/shell/shell_ext.c **** 
 216:SYS/shell/shell_ext.c ****     while (*p)
 403              		.loc 1 216 0
 404 0038 0FE0     		b	.L55
 405              	.LVL48:
 406              	.L61:
 188:SYS/shell/shell_ext.c ****     }
 407              		.loc 1 188 0
 408 003a 4FF0FF38 		mov	r8, #-1
 409 003e E7E7     		b	.L49
 410              	.LVL49:
 411              	.L65:
 191:SYS/shell/shell_ext.c **** 
 412              		.loc 1 191 0
 413 0040 0124     		movs	r4, #1
 414 0042 E9E7     		b	.L50
 415              	.LVL50:
 416              	.L52:
 202:SYS/shell/shell_ext.c ****         break;
 417              		.loc 1 202 0
 418 0044 0123     		movs	r3, #1
 201:SYS/shell/shell_ext.c ****         offset = 1;
 419              		.loc 1 201 0
 420 0046 0826     		movs	r6, #8
 203:SYS/shell/shell_ext.c **** 
 421              		.loc 1 203 0
 422 0048 F2E7     		b	.L53
 423              	.LVL51:
 424              	.L54:
 207:SYS/shell/shell_ext.c ****         break;
 425              		.loc 1 207 0
 426 004a 0223     		movs	r3, #2
 206:SYS/shell/shell_ext.c ****         offset = 2;
 427              		.loc 1 206 0
 428 004c 1E46     		mov	r6, r3
 208:SYS/shell/shell_ext.c ****     
 429              		.loc 1 208 0
 430 004e EFE7     		b	.L53
 431              	.LVL52:
 432              	.L63:
 197:SYS/shell/shell_ext.c ****         break;
 433              		.loc 1 197 0
 434 0050 0223     		movs	r3, #2
 196:SYS/shell/shell_ext.c ****         offset = 2;
 435              		.loc 1 196 0
 436 0052 1026     		movs	r6, #16
ARM GAS  /tmp/ccWtsCjn.s 			page 13


 437 0054 ECE7     		b	.L53
 438              	.LVL53:
 439              	.L67:
 217:SYS/shell/shell_ext.c ****     {
 218:SYS/shell/shell_ext.c ****         if (*p == '.')
 219:SYS/shell/shell_ext.c ****         {
 220:SYS/shell/shell_ext.c ****             devide = 1;
 221:SYS/shell/shell_ext.c ****             p++;
 440              		.loc 1 221 0
 441 0056 0135     		adds	r5, r5, #1
 442              	.LVL54:
 220:SYS/shell/shell_ext.c ****             p++;
 443              		.loc 1 220 0
 444 0058 0124     		movs	r4, #1
 445              	.LVL55:
 446              	.L55:
 216:SYS/shell/shell_ext.c ****     {
 447              		.loc 1 216 0
 448 005a 2878     		ldrb	r0, [r5]	@ zero_extendqisi2
 449 005c 58B1     		cbz	r0, .L66
 218:SYS/shell/shell_ext.c ****         {
 450              		.loc 1 218 0
 451 005e 2E28     		cmp	r0, #46
 452 0060 F9D0     		beq	.L67
 222:SYS/shell/shell_ext.c ****             continue;
 223:SYS/shell/shell_ext.c ****         }
 224:SYS/shell/shell_ext.c ****         valueInt = valueInt * radix + shellExtToNum(*p);
 453              		.loc 1 224 0
 454 0062 09FB06F9 		mul	r9, r9, r6
 455              	.LVL56:
 456 0066 FFF7FEFF 		bl	shellExtToNum
 457              	.LVL57:
 458 006a 8144     		add	r9, r9, r0
 459              	.LVL58:
 225:SYS/shell/shell_ext.c ****         devide *= 10;
 460              		.loc 1 225 0
 461 006c 04EB8402 		add	r2, r4, r4, lsl #2
 462 0070 5400     		lsls	r4, r2, #1
 463              	.LVL59:
 226:SYS/shell/shell_ext.c ****         p++;
 464              		.loc 1 226 0
 465 0072 0135     		adds	r5, r5, #1
 466              	.LVL60:
 467 0074 F1E7     		b	.L55
 468              	.L66:
 227:SYS/shell/shell_ext.c ****     }
 228:SYS/shell/shell_ext.c ****     if (type == NUM_TYPE_FLOAT && devide != 0)
 469              		.loc 1 228 0
 470 0076 042F     		cmp	r7, #4
 471 0078 03D0     		beq	.L68
 472              	.L59:
 229:SYS/shell/shell_ext.c ****     {
 230:SYS/shell/shell_ext.c ****         valueFloat = (float)valueInt / devide * sign;
 231:SYS/shell/shell_ext.c ****         return *(unsigned int *)(&valueFloat);
 232:SYS/shell/shell_ext.c ****     }
 233:SYS/shell/shell_ext.c ****     else
 234:SYS/shell/shell_ext.c ****     {
ARM GAS  /tmp/ccWtsCjn.s 			page 14


 235:SYS/shell/shell_ext.c ****         return valueInt * sign;
 473              		.loc 1 235 0
 474 007a 09FB08F0 		mul	r0, r9, r8
 475              	.LVL61:
 236:SYS/shell/shell_ext.c ****     }
 237:SYS/shell/shell_ext.c **** }
 476              		.loc 1 237 0
 477 007e BDE8F883 		pop	{r3, r4, r5, r6, r7, r8, r9, pc}
 478              	.LVL62:
 479              	.L68:
 228:SYS/shell/shell_ext.c ****     {
 480              		.loc 1 228 0 discriminator 1
 481 0082 002C     		cmp	r4, #0
 482 0084 F9D0     		beq	.L59
 230:SYS/shell/shell_ext.c ****         return *(unsigned int *)(&valueFloat);
 483              		.loc 1 230 0
 484 0086 07EE909A 		vmov	s15, r9	@ int
 485 008a B8EE677A 		vcvt.f32.u32	s14, s15
 486 008e 07EE904A 		vmov	s15, r4	@ int
 487 0092 F8EE677A 		vcvt.f32.u32	s15, s15
 488 0096 C7EE276A 		vdiv.f32	s13, s14, s15
 489 009a 07EE908A 		vmov	s15, r8	@ int
 490 009e F8EEE77A 		vcvt.f32.s32	s15, s15
 491              	.LVL63:
 231:SYS/shell/shell_ext.c ****     }
 492              		.loc 1 231 0
 493 00a2 67EEA67A 		vmul.f32	s15, s15, s13
 494              	.LVL64:
 495 00a6 17EE900A 		vmov	r0, s15
 496 00aa BDE8F883 		pop	{r3, r4, r5, r6, r7, r8, r9, pc}
 497              		.cfi_endproc
 498              	.LFE4:
 500              		.section	.text.shellExtParseVar,"ax",%progbits
 501              		.align	1
 502              		.syntax unified
 503              		.thumb
 504              		.thumb_func
 505              		.fpu fpv4-sp-d16
 507              	shellExtParseVar:
 508              	.LFB5:
 238:SYS/shell/shell_ext.c **** 
 239:SYS/shell/shell_ext.c **** 
 240:SYS/shell/shell_ext.c **** /**
 241:SYS/shell/shell_ext.c ****  * @brief 解析变量参数
 242:SYS/shell/shell_ext.c ****  * 
 243:SYS/shell/shell_ext.c ****  * @param shell shell对象
 244:SYS/shell/shell_ext.c ****  * @param var 变量
 245:SYS/shell/shell_ext.c ****  * @return unsigned int 变量值
 246:SYS/shell/shell_ext.c ****  */
 247:SYS/shell/shell_ext.c **** static unsigned int shellExtParseVar(Shell *shell, char *var)
 248:SYS/shell/shell_ext.c **** {
 509              		.loc 1 248 0
 510              		.cfi_startproc
 511              		@ args = 0, pretend = 0, frame = 0
 512              		@ frame_needed = 0, uses_anonymous_args = 0
 513              	.LVL65:
 514 0000 10B5     		push	{r4, lr}
ARM GAS  /tmp/ccWtsCjn.s 			page 15


 515              	.LCFI2:
 516              		.cfi_def_cfa_offset 8
 517              		.cfi_offset 4, -8
 518              		.cfi_offset 14, -4
 519 0002 0446     		mov	r4, r0
 249:SYS/shell/shell_ext.c ****     ShellCommand *command = shellSeekCommand(shell,
 520              		.loc 1 249 0
 521 0004 0023     		movs	r3, #0
 522 0006 826D     		ldr	r2, [r0, #88]
 523 0008 0131     		adds	r1, r1, #1
 524              	.LVL66:
 525 000a FFF7FEFF 		bl	shellSeekCommand
 526              	.LVL67:
 250:SYS/shell/shell_ext.c ****                                              var + 1,
 251:SYS/shell/shell_ext.c ****                                              shell->commandList.base,
 252:SYS/shell/shell_ext.c ****                                              0);
 253:SYS/shell/shell_ext.c ****     if (command)
 527              		.loc 1 253 0
 528 000e 20B1     		cbz	r0, .L71
 529 0010 0146     		mov	r1, r0
 254:SYS/shell/shell_ext.c ****     {
 255:SYS/shell/shell_ext.c ****         return shellGetVarValue(shell, command);
 530              		.loc 1 255 0
 531 0012 2046     		mov	r0, r4
 532              	.LVL68:
 533 0014 FFF7FEFF 		bl	shellGetVarValue
 534              	.LVL69:
 535 0018 10BD     		pop	{r4, pc}
 536              	.LVL70:
 537              	.L71:
 256:SYS/shell/shell_ext.c ****     }
 257:SYS/shell/shell_ext.c ****     else
 258:SYS/shell/shell_ext.c ****     {
 259:SYS/shell/shell_ext.c ****         return 0;
 538              		.loc 1 259 0
 539 001a 0020     		movs	r0, #0
 540              	.LVL71:
 260:SYS/shell/shell_ext.c ****     }
 261:SYS/shell/shell_ext.c **** }
 541              		.loc 1 261 0
 542 001c 10BD     		pop	{r4, pc}
 543              		.cfi_endproc
 544              	.LFE5:
 546              		.section	.text.shellExtParsePara,"ax",%progbits
 547              		.align	1
 548              		.global	shellExtParsePara
 549              		.syntax unified
 550              		.thumb
 551              		.thumb_func
 552              		.fpu fpv4-sp-d16
 554              	shellExtParsePara:
 555              	.LFB6:
 262:SYS/shell/shell_ext.c **** 
 263:SYS/shell/shell_ext.c **** 
 264:SYS/shell/shell_ext.c **** /**
 265:SYS/shell/shell_ext.c ****  * @brief 解析参数
 266:SYS/shell/shell_ext.c ****  * 
ARM GAS  /tmp/ccWtsCjn.s 			page 16


 267:SYS/shell/shell_ext.c ****  * @param shell shell对象
 268:SYS/shell/shell_ext.c ****  * @param string 参数
 269:SYS/shell/shell_ext.c ****  * @return unsigned int 解析结果
 270:SYS/shell/shell_ext.c ****  */
 271:SYS/shell/shell_ext.c **** unsigned int shellExtParsePara(Shell *shell, char *string)
 272:SYS/shell/shell_ext.c **** {
 556              		.loc 1 272 0
 557              		.cfi_startproc
 558              		@ args = 0, pretend = 0, frame = 0
 559              		@ frame_needed = 0, uses_anonymous_args = 0
 560              	.LVL72:
 561 0000 08B5     		push	{r3, lr}
 562              	.LCFI3:
 563              		.cfi_def_cfa_offset 8
 564              		.cfi_offset 3, -8
 565              		.cfi_offset 14, -4
 273:SYS/shell/shell_ext.c ****     if (*string == '\'' && *(string + 1))
 566              		.loc 1 273 0
 567 0002 0B78     		ldrb	r3, [r1]	@ zero_extendqisi2
 568 0004 272B     		cmp	r3, #39
 569 0006 0BD0     		beq	.L81
 570              	.L74:
 274:SYS/shell/shell_ext.c ****     {
 275:SYS/shell/shell_ext.c ****         return (unsigned int)shellExtParseChar(string);
 276:SYS/shell/shell_ext.c ****     }
 277:SYS/shell/shell_ext.c ****     else if (*string == '-' || (*string >= '0' && *string <= '9'))
 571              		.loc 1 277 0
 572 0008 2D2B     		cmp	r3, #45
 573 000a 10D0     		beq	.L76
 574              		.loc 1 277 0 is_stmt 0 discriminator 1
 575 000c A3F13002 		sub	r2, r3, #48
 576 0010 D2B2     		uxtb	r2, r2
 577 0012 092A     		cmp	r2, #9
 578 0014 0BD9     		bls	.L76
 278:SYS/shell/shell_ext.c ****     {
 279:SYS/shell/shell_ext.c ****         return (unsigned int)shellExtParseNumber(string);
 280:SYS/shell/shell_ext.c ****     }
 281:SYS/shell/shell_ext.c ****     else if (*string == '$' && *(string + 1))
 579              		.loc 1 281 0 is_stmt 1
 580 0016 242B     		cmp	r3, #36
 581 0018 0DD0     		beq	.L82
 582              	.L78:
 282:SYS/shell/shell_ext.c ****     {
 283:SYS/shell/shell_ext.c ****         return shellExtParseVar(shell, string);
 284:SYS/shell/shell_ext.c ****     }
 285:SYS/shell/shell_ext.c ****     else if (*string)
 583              		.loc 1 285 0
 584 001a 93B9     		cbnz	r3, .L83
 286:SYS/shell/shell_ext.c ****     {
 287:SYS/shell/shell_ext.c ****         return (unsigned int)shellExtParseString(string);
 288:SYS/shell/shell_ext.c ****     }
 289:SYS/shell/shell_ext.c ****     return 0;
 585              		.loc 1 289 0
 586 001c 0020     		movs	r0, #0
 587              	.LVL73:
 290:SYS/shell/shell_ext.c **** }
 588              		.loc 1 290 0
ARM GAS  /tmp/ccWtsCjn.s 			page 17


 589 001e 08BD     		pop	{r3, pc}
 590              	.LVL74:
 591              	.L81:
 273:SYS/shell/shell_ext.c ****     {
 592              		.loc 1 273 0 discriminator 1
 593 0020 4A78     		ldrb	r2, [r1, #1]	@ zero_extendqisi2
 594 0022 002A     		cmp	r2, #0
 595 0024 F0D0     		beq	.L74
 275:SYS/shell/shell_ext.c ****     }
 596              		.loc 1 275 0
 597 0026 0846     		mov	r0, r1
 598              	.LVL75:
 599 0028 FFF7FEFF 		bl	shellExtParseChar
 600              	.LVL76:
 601 002c 08BD     		pop	{r3, pc}
 602              	.LVL77:
 603              	.L76:
 279:SYS/shell/shell_ext.c ****     }
 604              		.loc 1 279 0
 605 002e 0846     		mov	r0, r1
 606              	.LVL78:
 607 0030 FFF7FEFF 		bl	shellExtParseNumber
 608              	.LVL79:
 609 0034 08BD     		pop	{r3, pc}
 610              	.LVL80:
 611              	.L82:
 281:SYS/shell/shell_ext.c ****     {
 612              		.loc 1 281 0 discriminator 1
 613 0036 4A78     		ldrb	r2, [r1, #1]	@ zero_extendqisi2
 614 0038 002A     		cmp	r2, #0
 615 003a EED0     		beq	.L78
 283:SYS/shell/shell_ext.c ****     }
 616              		.loc 1 283 0
 617 003c FFF7FEFF 		bl	shellExtParseVar
 618              	.LVL81:
 619 0040 08BD     		pop	{r3, pc}
 620              	.LVL82:
 621              	.L83:
 287:SYS/shell/shell_ext.c ****     }
 622              		.loc 1 287 0
 623 0042 0846     		mov	r0, r1
 624              	.LVL83:
 625 0044 FFF7FEFF 		bl	shellExtParseString
 626              	.LVL84:
 627 0048 08BD     		pop	{r3, pc}
 628              		.cfi_endproc
 629              	.LFE6:
 631              		.section	.text.shellExtRun,"ax",%progbits
 632              		.align	1
 633              		.global	shellExtRun
 634              		.syntax unified
 635              		.thumb
 636              		.thumb_func
 637              		.fpu fpv4-sp-d16
 639              	shellExtRun:
 640              	.LFB7:
 291:SYS/shell/shell_ext.c **** 
ARM GAS  /tmp/ccWtsCjn.s 			page 18


 292:SYS/shell/shell_ext.c **** 
 293:SYS/shell/shell_ext.c **** /**
 294:SYS/shell/shell_ext.c ****  * @brief 执行命令
 295:SYS/shell/shell_ext.c ****  * 
 296:SYS/shell/shell_ext.c ****  * @param shell shell对象
 297:SYS/shell/shell_ext.c ****  * @param command 命令
 298:SYS/shell/shell_ext.c ****  * @param argc 参数个数
 299:SYS/shell/shell_ext.c ****  * @param argv 参数
 300:SYS/shell/shell_ext.c ****  * @return int 返回值
 301:SYS/shell/shell_ext.c ****  */
 302:SYS/shell/shell_ext.c **** int shellExtRun(Shell *shell, ShellCommand *command, int argc, char *argv[])
 303:SYS/shell/shell_ext.c **** {
 641              		.loc 1 303 0
 642              		.cfi_startproc
 643              		@ args = 0, pretend = 0, frame = 32
 644              		@ frame_needed = 0, uses_anonymous_args = 0
 645              	.LVL85:
 646 0000 2DE9F047 		push	{r4, r5, r6, r7, r8, r9, r10, lr}
 647              	.LCFI4:
 648              		.cfi_def_cfa_offset 32
 649              		.cfi_offset 4, -32
 650              		.cfi_offset 5, -28
 651              		.cfi_offset 6, -24
 652              		.cfi_offset 7, -20
 653              		.cfi_offset 8, -16
 654              		.cfi_offset 9, -12
 655              		.cfi_offset 10, -8
 656              		.cfi_offset 14, -4
 657 0004 8CB0     		sub	sp, sp, #48
 658              	.LCFI5:
 659              		.cfi_def_cfa_offset 80
 660 0006 8046     		mov	r8, r0
 661 0008 8A46     		mov	r10, r1
 662 000a 1646     		mov	r6, r2
 663 000c 1F46     		mov	r7, r3
 304:SYS/shell/shell_ext.c ****     unsigned int params[SHELL_PARAMETER_MAX_NUMBER] = {0};
 664              		.loc 1 304 0
 665 000e 2022     		movs	r2, #32
 666              	.LVL86:
 667 0010 0021     		movs	r1, #0
 668              	.LVL87:
 669 0012 04A8     		add	r0, sp, #16
 670              	.LVL88:
 671 0014 FFF7FEFF 		bl	memset
 672              	.LVL89:
 305:SYS/shell/shell_ext.c ****     int paramNum = command->attr.attrs.paramNum > (argc - 1) ? 
 306:SYS/shell/shell_ext.c ****         command->attr.attrs.paramNum : (argc - 1);
 673              		.loc 1 306 0
 674 0018 013E     		subs	r6, r6, #1
 675              	.LVL90:
 676 001a 9AF80290 		ldrb	r9, [r10, #2]	@ zero_extendqisi2
 677 001e 09F00F09 		and	r9, r9, #15
 305:SYS/shell/shell_ext.c ****     int paramNum = command->attr.attrs.paramNum > (argc - 1) ? 
 678              		.loc 1 305 0
 679 0022 B145     		cmp	r9, r6
 680 0024 B8BF     		it	lt
 681 0026 B146     		movlt	r9, r6
ARM GAS  /tmp/ccWtsCjn.s 			page 19


 682              	.LVL91:
 683              	.LBB2:
 307:SYS/shell/shell_ext.c ****     for (int i = 0; i < argc - 1; i++)
 684              		.loc 1 307 0
 685 0028 0024     		movs	r4, #0
 686 002a 0BE0     		b	.L85
 687              	.LVL92:
 688              	.L86:
 308:SYS/shell/shell_ext.c ****     {
 309:SYS/shell/shell_ext.c ****         params[i] = shellExtParsePara(shell, argv[i + 1]);
 689              		.loc 1 309 0 discriminator 3
 690 002c 651C     		adds	r5, r4, #1
 691 002e 57F82510 		ldr	r1, [r7, r5, lsl #2]
 692 0032 4046     		mov	r0, r8
 693 0034 FFF7FEFF 		bl	shellExtParsePara
 694              	.LVL93:
 695 0038 0CAB     		add	r3, sp, #48
 696 003a 03EB8404 		add	r4, r3, r4, lsl #2
 697              	.LVL94:
 698 003e 44F8200C 		str	r0, [r4, #-32]
 307:SYS/shell/shell_ext.c ****     for (int i = 0; i < argc - 1; i++)
 699              		.loc 1 307 0 discriminator 3
 700 0042 2C46     		mov	r4, r5
 701              	.LVL95:
 702              	.L85:
 307:SYS/shell/shell_ext.c ****     for (int i = 0; i < argc - 1; i++)
 703              		.loc 1 307 0 is_stmt 0 discriminator 1
 704 0044 B442     		cmp	r4, r6
 705 0046 F1DB     		blt	.L86
 706              	.LBE2:
 310:SYS/shell/shell_ext.c ****     }
 311:SYS/shell/shell_ext.c ****     switch (paramNum)
 707              		.loc 1 311 0 is_stmt 1
 708 0048 B9F1070F 		cmp	r9, #7
 709 004c 49D8     		bhi	.L97
 710 004e DFE809F0 		tbb	[pc, r9]
 711              	.L89:
 712 0052 04       		.byte	(.L88-.L89)/2
 713 0053 0A       		.byte	(.L90-.L89)/2
 714 0054 0F       		.byte	(.L91-.L89)/2
 715 0055 15       		.byte	(.L92-.L89)/2
 716 0056 1C       		.byte	(.L93-.L89)/2
 717 0057 24       		.byte	(.L94-.L89)/2
 718 0058 2E       		.byte	(.L95-.L89)/2
 719 0059 3A       		.byte	(.L96-.L89)/2
 720              		.p2align 1
 721              	.L88:
 312:SYS/shell/shell_ext.c ****     {
 313:SYS/shell/shell_ext.c **** #if SHELL_PARAMETER_MAX_NUMBER >= 1
 314:SYS/shell/shell_ext.c ****     case 0:
 315:SYS/shell/shell_ext.c ****         return command->data.cmd.function();
 722              		.loc 1 315 0
 723 005a DAF80830 		ldr	r3, [r10, #8]
 724 005e 9847     		blx	r3
 725              	.LVL96:
 726              	.L84:
 316:SYS/shell/shell_ext.c ****         // break;
ARM GAS  /tmp/ccWtsCjn.s 			page 20


 317:SYS/shell/shell_ext.c **** #endif /** SHELL_PARAMETER_MAX_NUMBER >= 1 */
 318:SYS/shell/shell_ext.c **** #if SHELL_PARAMETER_MAX_NUMBER >= 2
 319:SYS/shell/shell_ext.c ****     case 1:
 320:SYS/shell/shell_ext.c ****         return command->data.cmd.function(params[0]);
 321:SYS/shell/shell_ext.c ****         // break;
 322:SYS/shell/shell_ext.c **** #endif /** SHELL_PARAMETER_MAX_NUMBER >= 2 */
 323:SYS/shell/shell_ext.c **** #if SHELL_PARAMETER_MAX_NUMBER >= 3
 324:SYS/shell/shell_ext.c ****     case 2:
 325:SYS/shell/shell_ext.c ****         return command->data.cmd.function(params[0], params[1]);
 326:SYS/shell/shell_ext.c ****         // break;
 327:SYS/shell/shell_ext.c **** #endif /** SHELL_PARAMETER_MAX_NUMBER >= 3 */
 328:SYS/shell/shell_ext.c **** #if SHELL_PARAMETER_MAX_NUMBER >= 4
 329:SYS/shell/shell_ext.c ****     case 3:
 330:SYS/shell/shell_ext.c ****         return command->data.cmd.function(params[0], params[1],
 331:SYS/shell/shell_ext.c ****                                           params[2]);
 332:SYS/shell/shell_ext.c ****         // break;
 333:SYS/shell/shell_ext.c **** #endif /** SHELL_PARAMETER_MAX_NUMBER >= 4 */
 334:SYS/shell/shell_ext.c **** #if SHELL_PARAMETER_MAX_NUMBER >= 5
 335:SYS/shell/shell_ext.c ****     case 4:
 336:SYS/shell/shell_ext.c ****         return command->data.cmd.function(params[0], params[1],
 337:SYS/shell/shell_ext.c ****                                           params[2], params[3]);
 338:SYS/shell/shell_ext.c ****         // break;
 339:SYS/shell/shell_ext.c **** #endif /** SHELL_PARAMETER_MAX_NUMBER >= 5 */
 340:SYS/shell/shell_ext.c **** #if SHELL_PARAMETER_MAX_NUMBER >= 6
 341:SYS/shell/shell_ext.c ****     case 5:
 342:SYS/shell/shell_ext.c ****         return command->data.cmd.function(params[0], params[1],
 343:SYS/shell/shell_ext.c ****                                           params[2], params[3],
 344:SYS/shell/shell_ext.c ****                                           params[4]);
 345:SYS/shell/shell_ext.c ****         // break;
 346:SYS/shell/shell_ext.c **** #endif /** SHELL_PARAMETER_MAX_NUMBER >= 6 */
 347:SYS/shell/shell_ext.c **** #if SHELL_PARAMETER_MAX_NUMBER >= 7
 348:SYS/shell/shell_ext.c ****     case 6:
 349:SYS/shell/shell_ext.c ****         return command->data.cmd.function(params[0], params[1],
 350:SYS/shell/shell_ext.c ****                                           params[2], params[3],
 351:SYS/shell/shell_ext.c ****                                           params[4], params[5]);
 352:SYS/shell/shell_ext.c ****         // break;
 353:SYS/shell/shell_ext.c **** #endif /** SHELL_PARAMETER_MAX_NUMBER >= 7 */
 354:SYS/shell/shell_ext.c **** #if SHELL_PARAMETER_MAX_NUMBER >= 8
 355:SYS/shell/shell_ext.c ****     case 7:
 356:SYS/shell/shell_ext.c ****         return command->data.cmd.function(params[0], params[1],
 357:SYS/shell/shell_ext.c ****                                           params[2], params[3],
 358:SYS/shell/shell_ext.c ****                                           params[4], params[5],
 359:SYS/shell/shell_ext.c ****                                           params[6]);
 360:SYS/shell/shell_ext.c ****         // break;
 361:SYS/shell/shell_ext.c **** #endif /** SHELL_PARAMETER_MAX_NUMBER >= 8 */
 362:SYS/shell/shell_ext.c **** #if SHELL_PARAMETER_MAX_NUMBER >= 9
 363:SYS/shell/shell_ext.c ****     case 8:
 364:SYS/shell/shell_ext.c ****         return command->data.cmd.function(params[0], params[1],
 365:SYS/shell/shell_ext.c ****                                           params[2], params[3],
 366:SYS/shell/shell_ext.c ****                                           params[4], params[5],
 367:SYS/shell/shell_ext.c ****                                           params[6], params[7]);
 368:SYS/shell/shell_ext.c ****         // break;
 369:SYS/shell/shell_ext.c **** #endif /** SHELL_PARAMETER_MAX_NUMBER >= 9 */
 370:SYS/shell/shell_ext.c **** #if SHELL_PARAMETER_MAX_NUMBER >= 10
 371:SYS/shell/shell_ext.c ****     case 9:
 372:SYS/shell/shell_ext.c ****         return command->data.cmd.function(params[0], params[1],
 373:SYS/shell/shell_ext.c ****                                           params[2], params[3],
ARM GAS  /tmp/ccWtsCjn.s 			page 21


 374:SYS/shell/shell_ext.c ****                                           params[4], params[5],
 375:SYS/shell/shell_ext.c ****                                           params[6], params[7],
 376:SYS/shell/shell_ext.c ****                                           params[8]);
 377:SYS/shell/shell_ext.c ****         // break;
 378:SYS/shell/shell_ext.c **** #endif /** SHELL_PARAMETER_MAX_NUMBER >= 10 */
 379:SYS/shell/shell_ext.c **** #if SHELL_PARAMETER_MAX_NUMBER >= 11
 380:SYS/shell/shell_ext.c ****     case 10:
 381:SYS/shell/shell_ext.c ****         return command->data.cmd.function(params[0], params[1],
 382:SYS/shell/shell_ext.c ****                                           params[2], params[3],
 383:SYS/shell/shell_ext.c ****                                           params[4], params[5],
 384:SYS/shell/shell_ext.c ****                                           params[6], params[7],
 385:SYS/shell/shell_ext.c ****                                           params[8], params[9]);
 386:SYS/shell/shell_ext.c ****         // break;
 387:SYS/shell/shell_ext.c **** #endif /** SHELL_PARAMETER_MAX_NUMBER >= 11 */
 388:SYS/shell/shell_ext.c **** #if SHELL_PARAMETER_MAX_NUMBER >= 12
 389:SYS/shell/shell_ext.c ****     case 11:
 390:SYS/shell/shell_ext.c ****         return command->data.cmd.function(params[0], params[1],
 391:SYS/shell/shell_ext.c ****                                           params[2], params[3],
 392:SYS/shell/shell_ext.c ****                                           params[4], params[5],
 393:SYS/shell/shell_ext.c ****                                           params[6], params[7],
 394:SYS/shell/shell_ext.c ****                                           params[8], params[9],
 395:SYS/shell/shell_ext.c ****                                           params[10]);
 396:SYS/shell/shell_ext.c ****         // break;
 397:SYS/shell/shell_ext.c **** #endif /** SHELL_PARAMETER_MAX_NUMBER >= 12 */
 398:SYS/shell/shell_ext.c **** #if SHELL_PARAMETER_MAX_NUMBER >= 13
 399:SYS/shell/shell_ext.c ****     case 12:
 400:SYS/shell/shell_ext.c ****         return command->data.cmd.function(params[0], params[1],
 401:SYS/shell/shell_ext.c ****                                           params[2], params[3],
 402:SYS/shell/shell_ext.c ****                                           params[4], params[5],
 403:SYS/shell/shell_ext.c ****                                           params[6], params[7],
 404:SYS/shell/shell_ext.c ****                                           params[8], params[9],
 405:SYS/shell/shell_ext.c ****                                           params[10], params[11]);
 406:SYS/shell/shell_ext.c ****         // break;
 407:SYS/shell/shell_ext.c **** #endif /** SHELL_PARAMETER_MAX_NUMBER >= 13 */
 408:SYS/shell/shell_ext.c **** #if SHELL_PARAMETER_MAX_NUMBER >= 14
 409:SYS/shell/shell_ext.c ****     case 13:
 410:SYS/shell/shell_ext.c ****         return command->data.cmd.function(params[0], params[1],
 411:SYS/shell/shell_ext.c ****                                           params[2], params[3],
 412:SYS/shell/shell_ext.c ****                                           params[4], params[5],
 413:SYS/shell/shell_ext.c ****                                           params[6], params[7],
 414:SYS/shell/shell_ext.c ****                                           params[8], params[9],
 415:SYS/shell/shell_ext.c ****                                           params[10], params[11],
 416:SYS/shell/shell_ext.c ****                                           params[12]);
 417:SYS/shell/shell_ext.c ****         // break;
 418:SYS/shell/shell_ext.c **** #endif /** SHELL_PARAMETER_MAX_NUMBER >= 14 */
 419:SYS/shell/shell_ext.c **** #if SHELL_PARAMETER_MAX_NUMBER >= 15
 420:SYS/shell/shell_ext.c ****     case 14:
 421:SYS/shell/shell_ext.c ****         return command->data.cmd.function(params[0], params[1],
 422:SYS/shell/shell_ext.c ****                                           params[2], params[3],
 423:SYS/shell/shell_ext.c ****                                           params[4], params[5],
 424:SYS/shell/shell_ext.c ****                                           params[6], params[7],
 425:SYS/shell/shell_ext.c ****                                           params[8], params[9],
 426:SYS/shell/shell_ext.c ****                                           params[10], params[11],
 427:SYS/shell/shell_ext.c ****                                           params[12], params[13]);
 428:SYS/shell/shell_ext.c ****         // break;
 429:SYS/shell/shell_ext.c **** #endif /** SHELL_PARAMETER_MAX_NUMBER >= 15 */
 430:SYS/shell/shell_ext.c **** #if SHELL_PARAMETER_MAX_NUMBER >= 16
ARM GAS  /tmp/ccWtsCjn.s 			page 22


 431:SYS/shell/shell_ext.c ****     case 15:
 432:SYS/shell/shell_ext.c ****         return command->data.cmd.function(params[0], params[1],
 433:SYS/shell/shell_ext.c ****                                           params[2], params[3],
 434:SYS/shell/shell_ext.c ****                                           params[4], params[5],
 435:SYS/shell/shell_ext.c ****                                           params[6], params[7],
 436:SYS/shell/shell_ext.c ****                                           params[8], params[9],
 437:SYS/shell/shell_ext.c ****                                           params[10], params[11],
 438:SYS/shell/shell_ext.c ****                                           params[12], params[13],
 439:SYS/shell/shell_ext.c ****                                           params[14]);
 440:SYS/shell/shell_ext.c ****         // break;
 441:SYS/shell/shell_ext.c **** #endif /** SHELL_PARAMETER_MAX_NUMBER >= 16 */
 442:SYS/shell/shell_ext.c ****     default:
 443:SYS/shell/shell_ext.c ****         return -1;
 444:SYS/shell/shell_ext.c ****         // break;
 445:SYS/shell/shell_ext.c ****     }
 446:SYS/shell/shell_ext.c **** }
 727              		.loc 1 446 0
 728 0060 0CB0     		add	sp, sp, #48
 729              	.LCFI6:
 730              		.cfi_remember_state
 731              		.cfi_def_cfa_offset 32
 732              		@ sp needed
 733 0062 BDE8F087 		pop	{r4, r5, r6, r7, r8, r9, r10, pc}
 734              	.LVL97:
 735              	.L90:
 736              	.LCFI7:
 737              		.cfi_restore_state
 320:SYS/shell/shell_ext.c ****         // break;
 738              		.loc 1 320 0
 739 0066 DAF80830 		ldr	r3, [r10, #8]
 740 006a 0498     		ldr	r0, [sp, #16]
 741 006c 9847     		blx	r3
 742              	.LVL98:
 743 006e F7E7     		b	.L84
 744              	.L91:
 325:SYS/shell/shell_ext.c ****         // break;
 745              		.loc 1 325 0
 746 0070 DAF80830 		ldr	r3, [r10, #8]
 747 0074 0599     		ldr	r1, [sp, #20]
 748 0076 0498     		ldr	r0, [sp, #16]
 749 0078 9847     		blx	r3
 750              	.LVL99:
 751 007a F1E7     		b	.L84
 752              	.L92:
 330:SYS/shell/shell_ext.c ****                                           params[2]);
 753              		.loc 1 330 0
 754 007c DAF80830 		ldr	r3, [r10, #8]
 755 0080 069A     		ldr	r2, [sp, #24]
 756 0082 0599     		ldr	r1, [sp, #20]
 757 0084 0498     		ldr	r0, [sp, #16]
 758 0086 9847     		blx	r3
 759              	.LVL100:
 760 0088 EAE7     		b	.L84
 761              	.L93:
 336:SYS/shell/shell_ext.c ****                                           params[2], params[3]);
 762              		.loc 1 336 0
 763 008a DAF80840 		ldr	r4, [r10, #8]
ARM GAS  /tmp/ccWtsCjn.s 			page 23


 764              	.LVL101:
 765 008e 079B     		ldr	r3, [sp, #28]
 766 0090 069A     		ldr	r2, [sp, #24]
 767 0092 0599     		ldr	r1, [sp, #20]
 768 0094 0498     		ldr	r0, [sp, #16]
 769 0096 A047     		blx	r4
 770              	.LVL102:
 771 0098 E2E7     		b	.L84
 772              	.LVL103:
 773              	.L94:
 342:SYS/shell/shell_ext.c ****                                           params[2], params[3],
 774              		.loc 1 342 0
 775 009a DAF80840 		ldr	r4, [r10, #8]
 776              	.LVL104:
 777 009e 089B     		ldr	r3, [sp, #32]
 778 00a0 0093     		str	r3, [sp]
 779 00a2 079B     		ldr	r3, [sp, #28]
 780 00a4 069A     		ldr	r2, [sp, #24]
 781 00a6 0599     		ldr	r1, [sp, #20]
 782 00a8 0498     		ldr	r0, [sp, #16]
 783 00aa A047     		blx	r4
 784              	.LVL105:
 785 00ac D8E7     		b	.L84
 786              	.LVL106:
 787              	.L95:
 349:SYS/shell/shell_ext.c ****                                           params[2], params[3],
 788              		.loc 1 349 0
 789 00ae DAF80840 		ldr	r4, [r10, #8]
 790              	.LVL107:
 791 00b2 099B     		ldr	r3, [sp, #36]
 792 00b4 0193     		str	r3, [sp, #4]
 793 00b6 089B     		ldr	r3, [sp, #32]
 794 00b8 0093     		str	r3, [sp]
 795 00ba 079B     		ldr	r3, [sp, #28]
 796 00bc 069A     		ldr	r2, [sp, #24]
 797 00be 0599     		ldr	r1, [sp, #20]
 798 00c0 0498     		ldr	r0, [sp, #16]
 799 00c2 A047     		blx	r4
 800              	.LVL108:
 801 00c4 CCE7     		b	.L84
 802              	.LVL109:
 803              	.L96:
 356:SYS/shell/shell_ext.c ****                                           params[2], params[3],
 804              		.loc 1 356 0
 805 00c6 DAF80840 		ldr	r4, [r10, #8]
 806              	.LVL110:
 807 00ca 0A9B     		ldr	r3, [sp, #40]
 808 00cc 0293     		str	r3, [sp, #8]
 809 00ce 099B     		ldr	r3, [sp, #36]
 810 00d0 0193     		str	r3, [sp, #4]
 811 00d2 089B     		ldr	r3, [sp, #32]
 812 00d4 0093     		str	r3, [sp]
 813 00d6 079B     		ldr	r3, [sp, #28]
 814 00d8 069A     		ldr	r2, [sp, #24]
 815 00da 0599     		ldr	r1, [sp, #20]
 816 00dc 0498     		ldr	r0, [sp, #16]
 817 00de A047     		blx	r4
ARM GAS  /tmp/ccWtsCjn.s 			page 24


 818              	.LVL111:
 819 00e0 BEE7     		b	.L84
 820              	.LVL112:
 821              	.L97:
 443:SYS/shell/shell_ext.c ****         // break;
 822              		.loc 1 443 0
 823 00e2 4FF0FF30 		mov	r0, #-1
 824 00e6 BBE7     		b	.L84
 825              		.cfi_endproc
 826              	.LFE7:
 828              		.text
 829              	.Letext0:
 830              		.file 2 "/usr/include/newlib/machine/_default_types.h"
 831              		.file 3 "/usr/include/newlib/sys/_stdint.h"
 832              		.file 4 "SYS/shell/shell.h"
 833              		.file 5 "SYS/shell/shell_ext.h"
ARM GAS  /tmp/ccWtsCjn.s 			page 25


DEFINED SYMBOLS
                            *ABS*:0000000000000000 shell_ext.c
     /tmp/ccWtsCjn.s:18     .text.shellExtNumType:0000000000000000 $t
     /tmp/ccWtsCjn.s:24     .text.shellExtNumType:0000000000000000 shellExtNumType
     /tmp/ccWtsCjn.s:124    .text.shellExtToNum:0000000000000000 $t
     /tmp/ccWtsCjn.s:130    .text.shellExtToNum:0000000000000000 shellExtToNum
     /tmp/ccWtsCjn.s:174    .text.shellExtParseChar:0000000000000000 $t
     /tmp/ccWtsCjn.s:180    .text.shellExtParseChar:0000000000000000 shellExtParseChar
     /tmp/ccWtsCjn.s:249    .text.shellExtParseString:0000000000000000 $t
     /tmp/ccWtsCjn.s:255    .text.shellExtParseString:0000000000000000 shellExtParseString
     /tmp/ccWtsCjn.s:335    .text.shellExtParseNumber:0000000000000000 $t
     /tmp/ccWtsCjn.s:341    .text.shellExtParseNumber:0000000000000000 shellExtParseNumber
     /tmp/ccWtsCjn.s:501    .text.shellExtParseVar:0000000000000000 $t
     /tmp/ccWtsCjn.s:507    .text.shellExtParseVar:0000000000000000 shellExtParseVar
     /tmp/ccWtsCjn.s:547    .text.shellExtParsePara:0000000000000000 $t
     /tmp/ccWtsCjn.s:554    .text.shellExtParsePara:0000000000000000 shellExtParsePara
     /tmp/ccWtsCjn.s:632    .text.shellExtRun:0000000000000000 $t
     /tmp/ccWtsCjn.s:639    .text.shellExtRun:0000000000000000 shellExtRun
     /tmp/ccWtsCjn.s:712    .text.shellExtRun:0000000000000052 $d
     /tmp/ccWtsCjn.s:720    .text.shellExtRun:000000000000005a $t
                     .debug_frame:0000000000000010 $d

UNDEFINED SYMBOLS
shellSeekCommand
shellGetVarValue
memset
