ARM GAS  C:\Users\huav\AppData\Local\Temp\ccgz633o.s 			page 1


   1              		.cpu cortex-m4
   2              		.eabi_attribute 27, 1
   3              		.eabi_attribute 28, 1
   4              		.eabi_attribute 20, 1
   5              		.eabi_attribute 21, 1
   6              		.eabi_attribute 23, 3
   7              		.eabi_attribute 24, 1
   8              		.eabi_attribute 25, 1
   9              		.eabi_attribute 26, 1
  10              		.eabi_attribute 30, 1
  11              		.eabi_attribute 34, 1
  12              		.eabi_attribute 18, 4
  13              		.file	"shell_port.c"
  14              		.text
  15              	.Ltext0:
  16              		.cfi_sections	.debug_frame
  17              		.section	.text.user_shell_write,"ax",%progbits
  18              		.align	1
  19              		.arch armv7e-m
  20              		.syntax unified
  21              		.thumb
  22              		.thumb_func
  23              		.fpu fpv4-sp-d16
  25              	user_shell_write:
  26              	.LVL0:
  27              	.LFB126:
  28              		.file 1 "SYS/shell/shell_port.c"
   1:SYS/shell/shell_port.c **** #include "shell.h"
   2:SYS/shell/shell_port.c **** #include <stdio.h>
   3:SYS/shell/shell_port.c **** #include <stdarg.h>
   4:SYS/shell/shell_port.c **** #include "stm32f4xx.h"
   5:SYS/shell/shell_port.c **** #include "shell_port.h"
   6:SYS/shell/shell_port.c **** #include "drv_serial.h"
   7:SYS/shell/shell_port.c **** 
   8:SYS/shell/shell_port.c **** #define SHELL_BUFF_SIZE 512
   9:SYS/shell/shell_port.c **** #define Shell_SerialPort DrvSerial_1
  10:SYS/shell/shell_port.c **** 
  11:SYS/shell/shell_port.c **** static Shell shell;
  12:SYS/shell/shell_port.c **** char shell_buff[SHELL_BUFF_SIZE];
  13:SYS/shell/shell_port.c **** int dma_shell_buf[40] = {0};
  14:SYS/shell/shell_port.c **** 
  15:SYS/shell/shell_port.c **** static void user_shell_write(uint8_t *ch, uint16_t len)
  16:SYS/shell/shell_port.c **** {
  29              		.loc 1 16 1 view -0
  30              		.cfi_startproc
  31              		@ args = 0, pretend = 0, frame = 0
  32              		@ frame_needed = 0, uses_anonymous_args = 0
  33              		.loc 1 16 1 is_stmt 0 view .LVU1
  34 0000 08B5     		push	{r3, lr}
  35              	.LCFI0:
  36              		.cfi_def_cfa_offset 8
  37              		.cfi_offset 3, -8
  38              		.cfi_offset 14, -4
  39 0002 0A46     		mov	r2, r1
  17:SYS/shell/shell_port.c **** 	DrvSerial.write(Shell_SerialPort, ch, len);
  40              		.loc 1 17 2 is_stmt 1 view .LVU2
  41              		.loc 1 17 11 is_stmt 0 view .LVU3
ARM GAS  C:\Users\huav\AppData\Local\Temp\ccgz633o.s 			page 2


  42 0004 024B     		ldr	r3, .L3
  43 0006 9B68     		ldr	r3, [r3, #8]
  44              		.loc 1 17 2 view .LVU4
  45 0008 0146     		mov	r1, r0
  46              	.LVL1:
  47              		.loc 1 17 2 view .LVU5
  48 000a 0020     		movs	r0, #0
  49              	.LVL2:
  50              		.loc 1 17 2 view .LVU6
  51 000c 9847     		blx	r3
  52              	.LVL3:
  18:SYS/shell/shell_port.c **** }
  53              		.loc 1 18 1 view .LVU7
  54 000e 08BD     		pop	{r3, pc}
  55              	.L4:
  56              		.align	2
  57              	.L3:
  58 0010 00000000 		.word	DrvSerial
  59              		.cfi_endproc
  60              	.LFE126:
  62              		.section	.text.SYS_Shell_Serial_IRQ_Callback,"ax",%progbits
  63              		.align	1
  64              		.syntax unified
  65              		.thumb
  66              		.thumb_func
  67              		.fpu fpv4-sp-d16
  69              	SYS_Shell_Serial_IRQ_Callback:
  70              	.LVL4:
  71              	.LFB129:
  19:SYS/shell/shell_port.c **** 
  20:SYS/shell/shell_port.c **** /*can print the characters to the terminal with this function */
  21:SYS/shell/shell_port.c **** static void user_printf_shell(const int *ch, ...)
  22:SYS/shell/shell_port.c **** {
  23:SYS/shell/shell_port.c **** 	shellWriteString(&shell, ch);
  24:SYS/shell/shell_port.c **** }
  25:SYS/shell/shell_port.c **** 
  26:SYS/shell/shell_port.c **** static void bt_printf(const char *fmt, ...)
  27:SYS/shell/shell_port.c **** {
  28:SYS/shell/shell_port.c **** 	va_list args;
  29:SYS/shell/shell_port.c **** 	static char *bt_log_buf = NULL;
  30:SYS/shell/shell_port.c **** 	int i = 0;
  31:SYS/shell/shell_port.c **** 	int x = 0;
  32:SYS/shell/shell_port.c **** 	va_start(args, fmt);
  33:SYS/shell/shell_port.c **** 
  34:SYS/shell/shell_port.c **** 	vsnprintf(bt_log_buf, strlen(bt_log_buf) - 1, fmt, args);
  35:SYS/shell/shell_port.c **** 	user_printf_shell(bt_log_buf);
  36:SYS/shell/shell_port.c **** 	va_end(args);
  37:SYS/shell/shell_port.c **** }
  38:SYS/shell/shell_port.c **** 
  39:SYS/shell/shell_port.c **** static SYS_Shell_Serial_IRQ_Callback(uint8_t *data, uint16_t len)
  40:SYS/shell/shell_port.c **** {
  72              		.loc 1 40 1 is_stmt 1 view -0
  73              		.cfi_startproc
  74              		@ args = 0, pretend = 0, frame = 0
  75              		@ frame_needed = 0, uses_anonymous_args = 0
  76              		@ link register save eliminated.
  41:SYS/shell/shell_port.c **** }
ARM GAS  C:\Users\huav\AppData\Local\Temp\ccgz633o.s 			page 3


  77              		.loc 1 41 1 view .LVU9
  78              	.LVL5:
  79              		.loc 1 41 1 is_stmt 0 view .LVU10
  80 0000 7047     		bx	lr
  81              		.cfi_endproc
  82              	.LFE129:
  84              		.section	.text.Shell_Init,"ax",%progbits
  85              		.align	1
  86              		.global	Shell_Init
  87              		.syntax unified
  88              		.thumb
  89              		.thumb_func
  90              		.fpu fpv4-sp-d16
  92              	Shell_Init:
  93              	.LFB130:
  42:SYS/shell/shell_port.c **** 
  43:SYS/shell/shell_port.c **** void Shell_Init(void)
  44:SYS/shell/shell_port.c **** {
  94              		.loc 1 44 1 is_stmt 1 view -0
  95              		.cfi_startproc
  96              		@ args = 0, pretend = 0, frame = 16
  97              		@ frame_needed = 0, uses_anonymous_args = 0
  98 0000 10B5     		push	{r4, lr}
  99              	.LCFI1:
 100              		.cfi_def_cfa_offset 8
 101              		.cfi_offset 4, -8
 102              		.cfi_offset 14, -4
 103 0002 84B0     		sub	sp, sp, #16
 104              	.LCFI2:
 105              		.cfi_def_cfa_offset 24
  45:SYS/shell/shell_port.c **** 	DrvSerial_Config_Typedef Serial1_Cfg;
 106              		.loc 1 45 2 view .LVU12
  46:SYS/shell/shell_port.c **** 
  47:SYS/shell/shell_port.c **** 	Serial1_Cfg.baudrate = Serial_921600;
 107              		.loc 1 47 2 view .LVU13
 108              		.loc 1 47 23 is_stmt 0 view .LVU14
 109 0004 4FF46123 		mov	r3, #921600
 110 0008 0093     		str	r3, [sp]
  48:SYS/shell/shell_port.c **** 	Serial1_Cfg.PreemptionPriority = 3;
 111              		.loc 1 48 2 is_stmt 1 view .LVU15
 112              		.loc 1 48 33 is_stmt 0 view .LVU16
 113 000a 0323     		movs	r3, #3
 114 000c 8DF80430 		strb	r3, [sp, #4]
  49:SYS/shell/shell_port.c **** 	Serial1_Cfg.SubPriority = 0;
 115              		.loc 1 49 2 is_stmt 1 view .LVU17
 116              		.loc 1 49 26 is_stmt 0 view .LVU18
 117 0010 0020     		movs	r0, #0
 118 0012 8DF80500 		strb	r0, [sp, #5]
  50:SYS/shell/shell_port.c **** 	Serial1_Cfg.mode = DrvSerial_MODE_DMA_TxRx;
 119              		.loc 1 50 2 is_stmt 1 view .LVU19
 120              		.loc 1 50 19 is_stmt 0 view .LVU20
 121 0016 0223     		movs	r3, #2
 122 0018 8DF80630 		strb	r3, [sp, #6]
  51:SYS/shell/shell_port.c **** 	Serial1_Cfg.Irq_Callback = SYS_Shell_Serial_IRQ_Callback;
 123              		.loc 1 51 2 is_stmt 1 view .LVU21
 124              		.loc 1 51 27 is_stmt 0 view .LVU22
 125 001c 094B     		ldr	r3, .L8
ARM GAS  C:\Users\huav\AppData\Local\Temp\ccgz633o.s 			page 4


 126 001e 0293     		str	r3, [sp, #8]
  52:SYS/shell/shell_port.c **** 	Serial1_Cfg.send_mode = DrvSerial_Send_Async;
 127              		.loc 1 52 2 is_stmt 1 view .LVU23
 128              		.loc 1 52 24 is_stmt 0 view .LVU24
 129 0020 8DF80C00 		strb	r0, [sp, #12]
  53:SYS/shell/shell_port.c **** 
  54:SYS/shell/shell_port.c **** 	DrvSerial.ctl(DrvSerial_1, DrvSerial_Open, (uint32_t)&Serial1_Cfg, sizeof(Serial1_Cfg));
 130              		.loc 1 54 2 is_stmt 1 view .LVU25
 131              		.loc 1 54 11 is_stmt 0 view .LVU26
 132 0024 084B     		ldr	r3, .L8+4
 133 0026 1C68     		ldr	r4, [r3]
 134              		.loc 1 54 2 view .LVU27
 135 0028 1023     		movs	r3, #16
 136 002a 6A46     		mov	r2, sp
 137 002c 0146     		mov	r1, r0
 138 002e A047     		blx	r4
 139              	.LVL6:
  55:SYS/shell/shell_port.c **** 
  56:SYS/shell/shell_port.c **** 	shell.write = user_shell_write;
 140              		.loc 1 56 2 is_stmt 1 view .LVU28
 141              		.loc 1 56 14 is_stmt 0 view .LVU29
 142 0030 0648     		ldr	r0, .L8+8
 143 0032 074B     		ldr	r3, .L8+12
 144 0034 8366     		str	r3, [r0, #104]
  57:SYS/shell/shell_port.c **** 
  58:SYS/shell/shell_port.c **** 	shellInit(&shell, shell_buff, SHELL_BUFF_SIZE);
 145              		.loc 1 58 2 is_stmt 1 view .LVU30
 146 0036 4FF40072 		mov	r2, #512
 147 003a 0649     		ldr	r1, .L8+16
 148 003c FFF7FEFF 		bl	shellInit
 149              	.LVL7:
  59:SYS/shell/shell_port.c **** }
 150              		.loc 1 59 1 is_stmt 0 view .LVU31
 151 0040 04B0     		add	sp, sp, #16
 152              	.LCFI3:
 153              		.cfi_def_cfa_offset 8
 154              		@ sp needed
 155 0042 10BD     		pop	{r4, pc}
 156              	.L9:
 157              		.align	2
 158              	.L8:
 159 0044 00000000 		.word	SYS_Shell_Serial_IRQ_Callback
 160 0048 00000000 		.word	DrvSerial
 161 004c 00000000 		.word	.LANCHOR0
 162 0050 00000000 		.word	user_shell_write
 163 0054 00000000 		.word	.LANCHOR1
 164              		.cfi_endproc
 165              	.LFE130:
 167              		.global	dma_shell_buf
 168              		.global	shell_buff
 169              		.section	.bss.dma_shell_buf,"aw",%nobits
 170              		.align	2
 173              	dma_shell_buf:
 174 0000 00000000 		.space	160
 174      00000000 
 174      00000000 
 174      00000000 
ARM GAS  C:\Users\huav\AppData\Local\Temp\ccgz633o.s 			page 5


 174      00000000 
 175              		.section	.bss.shell,"aw",%nobits
 176              		.align	2
 177              		.set	.LANCHOR0,. + 0
 180              	shell:
 181 0000 00000000 		.space	108
 181      00000000 
 181      00000000 
 181      00000000 
 181      00000000 
 182              		.section	.bss.shell_buff,"aw",%nobits
 183              		.align	2
 184              		.set	.LANCHOR1,. + 0
 187              	shell_buff:
 188 0000 00000000 		.space	512
 188      00000000 
 188      00000000 
 188      00000000 
 188      00000000 
 189              		.text
 190              	.Letext0:
 191              		.file 2 "c:\\program files (x86)\\gnu arm embedded toolchain\\10 2020-q4-major\\arm-none-eabi\\inc
 192              		.file 3 "c:\\program files (x86)\\gnu arm embedded toolchain\\10 2020-q4-major\\arm-none-eabi\\inc
 193              		.file 4 "SYS/shell/shell.h"
 194              		.file 5 "Bsp/periph_serial.h"
 195              		.file 6 "Drv/drv_serial.h"
ARM GAS  C:\Users\huav\AppData\Local\Temp\ccgz633o.s 			page 6


DEFINED SYMBOLS
                            *ABS*:00000000 shell_port.c
C:\Users\huav\AppData\Local\Temp\ccgz633o.s:18     .text.user_shell_write:00000000 $t
C:\Users\huav\AppData\Local\Temp\ccgz633o.s:25     .text.user_shell_write:00000000 user_shell_write
C:\Users\huav\AppData\Local\Temp\ccgz633o.s:58     .text.user_shell_write:00000010 $d
C:\Users\huav\AppData\Local\Temp\ccgz633o.s:63     .text.SYS_Shell_Serial_IRQ_Callback:00000000 $t
C:\Users\huav\AppData\Local\Temp\ccgz633o.s:69     .text.SYS_Shell_Serial_IRQ_Callback:00000000 SYS_Shell_Serial_IRQ_Callback
C:\Users\huav\AppData\Local\Temp\ccgz633o.s:85     .text.Shell_Init:00000000 $t
C:\Users\huav\AppData\Local\Temp\ccgz633o.s:92     .text.Shell_Init:00000000 Shell_Init
C:\Users\huav\AppData\Local\Temp\ccgz633o.s:159    .text.Shell_Init:00000044 $d
C:\Users\huav\AppData\Local\Temp\ccgz633o.s:173    .bss.dma_shell_buf:00000000 dma_shell_buf
C:\Users\huav\AppData\Local\Temp\ccgz633o.s:187    .bss.shell_buff:00000000 shell_buff
C:\Users\huav\AppData\Local\Temp\ccgz633o.s:170    .bss.dma_shell_buf:00000000 $d
C:\Users\huav\AppData\Local\Temp\ccgz633o.s:176    .bss.shell:00000000 $d
C:\Users\huav\AppData\Local\Temp\ccgz633o.s:180    .bss.shell:00000000 shell
C:\Users\huav\AppData\Local\Temp\ccgz633o.s:183    .bss.shell_buff:00000000 $d

UNDEFINED SYMBOLS
DrvSerial
shellInit
