ARM GAS  /var/folders/lx/hc4sn_b53233_zkc9xbbl97r0000gp/T//cceKCeIm.s 			page 1


   1              		.cpu cortex-m4
   2              		.eabi_attribute 27, 1
   3              		.eabi_attribute 28, 1
   4              		.eabi_attribute 20, 1
   5              		.eabi_attribute 21, 1
   6              		.eabi_attribute 23, 3
   7              		.eabi_attribute 24, 1
   8              		.eabi_attribute 25, 1
   9              		.eabi_attribute 26, 1
  10              		.eabi_attribute 30, 1
  11              		.eabi_attribute 34, 1
  12              		.eabi_attribute 18, 4
  13              		.file	"SrvOled.c"
  14              		.text
  15              	.Ltext0:
  16              		.cfi_sections	.debug_frame
  17              		.section	.text.SrvOled_BusInit,"ax",%progbits
  18              		.align	1
  19              		.arch armv7e-m
  20              		.syntax unified
  21              		.thumb
  22              		.thumb_func
  23              		.fpu fpv4-sp-d16
  25              	SrvOled_BusInit:
  26              	.LVL0:
  27              	.LFB123:
  28              		.file 1 "Dsp/screen/service/SrvOled.c"
   1:Dsp/screen/service/SrvOled.c **** #include "oled1306.h"
   2:Dsp/screen/service/SrvOled.c **** #include "drv_spi.h"
   3:Dsp/screen/service/SrvOled.c **** #include "drv_gpio.h"
   4:Dsp/screen/service/SrvOled.c **** #include "OledIO_Def.h"
   5:Dsp/screen/service/SrvOled.c **** #include "SrvOled.h"
   6:Dsp/screen/service/SrvOled.c **** 
   7:Dsp/screen/service/SrvOled.c **** /* internal varible definition */
   8:Dsp/screen/service/SrvOled.c **** static Oled_Obj_TypeDef Oled1306Obj;
   9:Dsp/screen/service/SrvOled.c **** static DrvGPIO_Obj_TypeDef DC_IO_Obj;
  10:Dsp/screen/service/SrvOled.c **** static DrvGPIO_Obj_TypeDef RS_IO_Obj;
  11:Dsp/screen/service/SrvOled.c **** static DrvSpi_Obj_TypeDef BusInit_Structure;
  12:Dsp/screen/service/SrvOled.c **** static bool SrvPerInit_State = false;
  13:Dsp/screen/service/SrvOled.c **** static bool SrvInit_State = false;
  14:Dsp/screen/service/SrvOled.c **** 
  15:Dsp/screen/service/SrvOled.c **** /* internal function definition */
  16:Dsp/screen/service/SrvOled.c **** static bool SrvOled_PreInit(void);
  17:Dsp/screen/service/SrvOled.c **** static void SrvOled_BusInit(SPI_List BusID);
  18:Dsp/screen/service/SrvOled.c **** 
  19:Dsp/screen/service/SrvOled.c **** /* external function definition */
  20:Dsp/screen/service/SrvOled.c **** static bool SrvOled_Init(void);
  21:Dsp/screen/service/SrvOled.c **** static bool SrvOled_Fresh(uint8_t **bit_map);
  22:Dsp/screen/service/SrvOled.c **** static SrvOled_DspRange SrvOled_GetDev_DspRange(void);
  23:Dsp/screen/service/SrvOled.c **** 
  24:Dsp/screen/service/SrvOled.c **** SrvOled_TypeDef SrvOled = {
  25:Dsp/screen/service/SrvOled.c ****     .init = SrvOled_Init,
  26:Dsp/screen/service/SrvOled.c ****     .fresh = SrvOled_Fresh,
  27:Dsp/screen/service/SrvOled.c ****     .get_range = SrvOled_GetDev_DspRange,
  28:Dsp/screen/service/SrvOled.c **** };
  29:Dsp/screen/service/SrvOled.c **** 
  30:Dsp/screen/service/SrvOled.c **** /******************************* IO & Bus Init Function Section ***********************************
ARM GAS  /var/folders/lx/hc4sn_b53233_zkc9xbbl97r0000gp/T//cceKCeIm.s 			page 2


  31:Dsp/screen/service/SrvOled.c **** 
  32:Dsp/screen/service/SrvOled.c **** static void SrvOled_BusInit(SPI_List BusID)
  33:Dsp/screen/service/SrvOled.c **** {
  29              		.loc 1 33 1 view -0
  30              		.cfi_startproc
  31              		@ args = 0, pretend = 0, frame = 0
  32              		@ frame_needed = 0, uses_anonymous_args = 0
  33              		.loc 1 33 1 is_stmt 0 view .LVU1
  34 0000 08B5     		push	{r3, lr}
  35              	.LCFI0:
  36              		.cfi_def_cfa_offset 8
  37              		.cfi_offset 3, -8
  38              		.cfi_offset 14, -4
  34:Dsp/screen/service/SrvOled.c ****     BusInit_Structure.SPIx = BusID;
  39              		.loc 1 34 5 is_stmt 1 view .LVU2
  40              		.loc 1 34 28 is_stmt 0 view .LVU3
  41 0002 084B     		ldr	r3, .L3
  42 0004 1870     		strb	r0, [r3]
  35:Dsp/screen/service/SrvOled.c ****     BusInit_Structure.speed = SPI_CLOCK_INITIALIZATON;
  43              		.loc 1 35 5 is_stmt 1 view .LVU4
  44              		.loc 1 35 29 is_stmt 0 view .LVU5
  45 0006 0022     		movs	r2, #0
  46 0008 5A70     		strb	r2, [r3, #1]
  36:Dsp/screen/service/SrvOled.c ****     BusInit_Structure.CPOL = SPI_CPOL_High;
  47              		.loc 1 36 5 is_stmt 1 view .LVU6
  48              		.loc 1 36 28 is_stmt 0 view .LVU7
  49 000a 0222     		movs	r2, #2
  50 000c 5A80     		strh	r2, [r3, #2]	@ movhi
  37:Dsp/screen/service/SrvOled.c ****     BusInit_Structure.CPHA = SPI_CPHA_2Edge;
  51              		.loc 1 37 5 is_stmt 1 view .LVU8
  52              		.loc 1 37 28 is_stmt 0 view .LVU9
  53 000e 0122     		movs	r2, #1
  54 0010 9A80     		strh	r2, [r3, #4]	@ movhi
  38:Dsp/screen/service/SrvOled.c **** 
  39:Dsp/screen/service/SrvOled.c ****     Oled1306Obj.BusObj = &BusInit_Structure;
  55              		.loc 1 39 5 is_stmt 1 view .LVU10
  56              		.loc 1 39 24 is_stmt 0 view .LVU11
  57 0012 054A     		ldr	r2, .L3+4
  58 0014 C2F80130 		str	r3, [r2, #1]	@ unaligned
  40:Dsp/screen/service/SrvOled.c **** 
  41:Dsp/screen/service/SrvOled.c ****     GenSPI_Drv.open(&BusInit_Structure);
  59              		.loc 1 41 5 is_stmt 1 view .LVU12
  60              		.loc 1 41 15 is_stmt 0 view .LVU13
  61 0018 044A     		ldr	r2, .L3+8
  62 001a 1268     		ldr	r2, [r2]
  63              		.loc 1 41 5 view .LVU14
  64 001c 1846     		mov	r0, r3
  65              	.LVL1:
  66              		.loc 1 41 5 view .LVU15
  67 001e 9047     		blx	r2
  68              	.LVL2:
  42:Dsp/screen/service/SrvOled.c **** }
  69              		.loc 1 42 1 view .LVU16
  70 0020 08BD     		pop	{r3, pc}
  71              	.L4:
  72 0022 00BF     		.align	2
  73              	.L3:
ARM GAS  /var/folders/lx/hc4sn_b53233_zkc9xbbl97r0000gp/T//cceKCeIm.s 			page 3


  74 0024 00000000 		.word	.LANCHOR0
  75 0028 00000000 		.word	.LANCHOR1
  76 002c 00000000 		.word	GenSPI_Drv
  77              		.cfi_endproc
  78              	.LFE123:
  80              		.section	.text.SrvOled_BusTransmit,"ax",%progbits
  81              		.align	1
  82              		.syntax unified
  83              		.thumb
  84              		.thumb_func
  85              		.fpu fpv4-sp-d16
  87              	SrvOled_BusTransmit:
  88              	.LVL3:
  89              	.LFB124:
  43:Dsp/screen/service/SrvOled.c **** 
  44:Dsp/screen/service/SrvOled.c **** static void SrvOled_BusTransmit(uint8_t tx)
  45:Dsp/screen/service/SrvOled.c **** {
  90              		.loc 1 45 1 is_stmt 1 view -0
  91              		.cfi_startproc
  92              		@ args = 0, pretend = 0, frame = 0
  93              		@ frame_needed = 0, uses_anonymous_args = 0
  94              		.loc 1 45 1 is_stmt 0 view .LVU18
  95 0000 08B5     		push	{r3, lr}
  96              	.LCFI1:
  97              		.cfi_def_cfa_offset 8
  98              		.cfi_offset 3, -8
  99              		.cfi_offset 14, -4
 100 0002 0146     		mov	r1, r0
  46:Dsp/screen/service/SrvOled.c ****     GenSPI_Drv.transmit((DrvSpi_Obj_TypeDef *)Oled1306Obj.BusObj, tx);
 101              		.loc 1 46 5 is_stmt 1 view .LVU19
 102              		.loc 1 46 15 is_stmt 0 view .LVU20
 103 0004 034B     		ldr	r3, .L7
 104 0006 DB68     		ldr	r3, [r3, #12]
 105              		.loc 1 46 5 view .LVU21
 106 0008 034A     		ldr	r2, .L7+4
 107 000a D2F80100 		ldr	r0, [r2, #1]	@ unaligned
 108              	.LVL4:
 109              		.loc 1 46 5 view .LVU22
 110 000e 9847     		blx	r3
 111              	.LVL5:
  47:Dsp/screen/service/SrvOled.c **** }
 112              		.loc 1 47 1 view .LVU23
 113 0010 08BD     		pop	{r3, pc}
 114              	.L8:
 115 0012 00BF     		.align	2
 116              	.L7:
 117 0014 00000000 		.word	GenSPI_Drv
 118 0018 00000000 		.word	.LANCHOR1
 119              		.cfi_endproc
 120              	.LFE124:
 122              		.section	.text.SrvOled_DCPin_Init,"ax",%progbits
 123              		.align	1
 124              		.syntax unified
 125              		.thumb
 126              		.thumb_func
 127              		.fpu fpv4-sp-d16
 129              	SrvOled_DCPin_Init:
ARM GAS  /var/folders/lx/hc4sn_b53233_zkc9xbbl97r0000gp/T//cceKCeIm.s 			page 4


 130              	.LFB125:
  48:Dsp/screen/service/SrvOled.c **** 
  49:Dsp/screen/service/SrvOled.c **** static void SrvOled_DCPin_Init(void)
  50:Dsp/screen/service/SrvOled.c **** {
 131              		.loc 1 50 1 is_stmt 1 view -0
 132              		.cfi_startproc
 133              		@ args = 0, pretend = 0, frame = 0
 134              		@ frame_needed = 0, uses_anonymous_args = 0
 135 0000 70B5     		push	{r4, r5, r6, lr}
 136              	.LCFI2:
 137              		.cfi_def_cfa_offset 16
 138              		.cfi_offset 4, -16
 139              		.cfi_offset 5, -12
 140              		.cfi_offset 6, -8
 141              		.cfi_offset 14, -4
  51:Dsp/screen/service/SrvOled.c ****     DC_IO_Obj.CLK = OLED1306_DC_PORT_CLK;
 142              		.loc 1 51 5 view .LVU25
 143              		.loc 1 51 19 is_stmt 0 view .LVU26
 144 0002 094C     		ldr	r4, .L11
 145 0004 0823     		movs	r3, #8
 146 0006 2360     		str	r3, [r4]
  52:Dsp/screen/service/SrvOled.c ****     DC_IO_Obj.Port = OLED1306_DC_PORT;
 147              		.loc 1 52 5 is_stmt 1 view .LVU27
 148              		.loc 1 52 20 is_stmt 0 view .LVU28
 149 0008 084B     		ldr	r3, .L11+4
 150 000a A360     		str	r3, [r4, #8]
  53:Dsp/screen/service/SrvOled.c ****     DC_IO_Obj.Pin = OLED1306_DC_PIN;
 151              		.loc 1 53 5 is_stmt 1 view .LVU29
 152              		.loc 1 53 19 is_stmt 0 view .LVU30
 153 000c 0223     		movs	r3, #2
 154 000e A380     		strh	r3, [r4, #4]	@ movhi
  54:Dsp/screen/service/SrvOled.c ****     DC_IO_Obj.IO_Type = GPIO_Output;
 155              		.loc 1 54 5 is_stmt 1 view .LVU31
 156              		.loc 1 54 23 is_stmt 0 view .LVU32
 157 0010 0025     		movs	r5, #0
 158 0012 2573     		strb	r5, [r4, #12]
  55:Dsp/screen/service/SrvOled.c **** 
  56:Dsp/screen/service/SrvOled.c ****     GenGPIO_Drv.open(&DC_IO_Obj, DC_IO_Obj.IO_Type);
 159              		.loc 1 56 5 is_stmt 1 view .LVU33
 160              		.loc 1 56 16 is_stmt 0 view .LVU34
 161 0014 064E     		ldr	r6, .L11+8
 162 0016 3368     		ldr	r3, [r6]
 163              		.loc 1 56 5 view .LVU35
 164 0018 2946     		mov	r1, r5
 165 001a 2046     		mov	r0, r4
 166 001c 9847     		blx	r3
 167              	.LVL6:
  57:Dsp/screen/service/SrvOled.c ****     GenGPIO_Drv.set(&DC_IO_Obj, HI);
 168              		.loc 1 57 5 is_stmt 1 view .LVU36
 169              		.loc 1 57 16 is_stmt 0 view .LVU37
 170 001e B368     		ldr	r3, [r6, #8]
 171              		.loc 1 57 5 view .LVU38
 172 0020 2946     		mov	r1, r5
 173 0022 2046     		mov	r0, r4
 174 0024 9847     		blx	r3
 175              	.LVL7:
  58:Dsp/screen/service/SrvOled.c **** }
ARM GAS  /var/folders/lx/hc4sn_b53233_zkc9xbbl97r0000gp/T//cceKCeIm.s 			page 5


 176              		.loc 1 58 1 view .LVU39
 177 0026 70BD     		pop	{r4, r5, r6, pc}
 178              	.L12:
 179              		.align	2
 180              	.L11:
 181 0028 00000000 		.word	.LANCHOR2
 182 002c 000C0240 		.word	1073875968
 183 0030 00000000 		.word	GenGPIO_Drv
 184              		.cfi_endproc
 185              	.LFE125:
 187              		.section	.text.SrvOled_RSPin_Init,"ax",%progbits
 188              		.align	1
 189              		.syntax unified
 190              		.thumb
 191              		.thumb_func
 192              		.fpu fpv4-sp-d16
 194              	SrvOled_RSPin_Init:
 195              	.LFB126:
  59:Dsp/screen/service/SrvOled.c **** 
  60:Dsp/screen/service/SrvOled.c **** static void SrvOled_RSPin_Init(void)
  61:Dsp/screen/service/SrvOled.c **** {
 196              		.loc 1 61 1 is_stmt 1 view -0
 197              		.cfi_startproc
 198              		@ args = 0, pretend = 0, frame = 0
 199              		@ frame_needed = 0, uses_anonymous_args = 0
 200 0000 70B5     		push	{r4, r5, r6, lr}
 201              	.LCFI3:
 202              		.cfi_def_cfa_offset 16
 203              		.cfi_offset 4, -16
 204              		.cfi_offset 5, -12
 205              		.cfi_offset 6, -8
 206              		.cfi_offset 14, -4
  62:Dsp/screen/service/SrvOled.c ****     RS_IO_Obj.CLK = OLED1306_RS_PORT_CLK;
 207              		.loc 1 62 5 view .LVU41
 208              		.loc 1 62 19 is_stmt 0 view .LVU42
 209 0002 094C     		ldr	r4, .L15
 210 0004 0823     		movs	r3, #8
 211 0006 2360     		str	r3, [r4]
  63:Dsp/screen/service/SrvOled.c ****     RS_IO_Obj.Port = OLED1306_RS_PORT;
 212              		.loc 1 63 5 is_stmt 1 view .LVU43
 213              		.loc 1 63 20 is_stmt 0 view .LVU44
 214 0008 084B     		ldr	r3, .L15+4
 215 000a A360     		str	r3, [r4, #8]
  64:Dsp/screen/service/SrvOled.c ****     RS_IO_Obj.Pin = OLED1306_RS_PIN;
 216              		.loc 1 64 5 is_stmt 1 view .LVU45
 217              		.loc 1 64 19 is_stmt 0 view .LVU46
 218 000c 0123     		movs	r3, #1
 219 000e A380     		strh	r3, [r4, #4]	@ movhi
  65:Dsp/screen/service/SrvOled.c ****     RS_IO_Obj.IO_Type = GPIO_Output;
 220              		.loc 1 65 5 is_stmt 1 view .LVU47
 221              		.loc 1 65 23 is_stmt 0 view .LVU48
 222 0010 0025     		movs	r5, #0
 223 0012 2573     		strb	r5, [r4, #12]
  66:Dsp/screen/service/SrvOled.c **** 
  67:Dsp/screen/service/SrvOled.c ****     GenGPIO_Drv.open(&RS_IO_Obj, RS_IO_Obj.IO_Type);
 224              		.loc 1 67 5 is_stmt 1 view .LVU49
 225              		.loc 1 67 16 is_stmt 0 view .LVU50
ARM GAS  /var/folders/lx/hc4sn_b53233_zkc9xbbl97r0000gp/T//cceKCeIm.s 			page 6


 226 0014 064E     		ldr	r6, .L15+8
 227 0016 3368     		ldr	r3, [r6]
 228              		.loc 1 67 5 view .LVU51
 229 0018 2946     		mov	r1, r5
 230 001a 2046     		mov	r0, r4
 231 001c 9847     		blx	r3
 232              	.LVL8:
  68:Dsp/screen/service/SrvOled.c ****     GenGPIO_Drv.set(&RS_IO_Obj, HI);
 233              		.loc 1 68 5 is_stmt 1 view .LVU52
 234              		.loc 1 68 16 is_stmt 0 view .LVU53
 235 001e B368     		ldr	r3, [r6, #8]
 236              		.loc 1 68 5 view .LVU54
 237 0020 2946     		mov	r1, r5
 238 0022 2046     		mov	r0, r4
 239 0024 9847     		blx	r3
 240              	.LVL9:
  69:Dsp/screen/service/SrvOled.c **** }
 241              		.loc 1 69 1 view .LVU55
 242 0026 70BD     		pop	{r4, r5, r6, pc}
 243              	.L16:
 244              		.align	2
 245              	.L15:
 246 0028 00000000 		.word	.LANCHOR3
 247 002c 000C0240 		.word	1073875968
 248 0030 00000000 		.word	GenGPIO_Drv
 249              		.cfi_endproc
 250              	.LFE126:
 252              		.section	.text.SrvOled_DCPin_Ctl,"ax",%progbits
 253              		.align	1
 254              		.syntax unified
 255              		.thumb
 256              		.thumb_func
 257              		.fpu fpv4-sp-d16
 259              	SrvOled_DCPin_Ctl:
 260              	.LVL10:
 261              	.LFB127:
  70:Dsp/screen/service/SrvOled.c **** 
  71:Dsp/screen/service/SrvOled.c **** static void SrvOled_DCPin_Ctl(Oled_DC_State_List state)
  72:Dsp/screen/service/SrvOled.c **** {
 262              		.loc 1 72 1 is_stmt 1 view -0
 263              		.cfi_startproc
 264              		@ args = 0, pretend = 0, frame = 0
 265              		@ frame_needed = 0, uses_anonymous_args = 0
 266              		.loc 1 72 1 is_stmt 0 view .LVU57
 267 0000 08B5     		push	{r3, lr}
 268              	.LCFI4:
 269              		.cfi_def_cfa_offset 8
 270              		.cfi_offset 3, -8
 271              		.cfi_offset 14, -4
  73:Dsp/screen/service/SrvOled.c ****     DrvGPIO_IO_Level_TypeDef level = GPIO_ERR;
 272              		.loc 1 73 5 is_stmt 1 view .LVU58
 273              	.LVL11:
  74:Dsp/screen/service/SrvOled.c **** 
  75:Dsp/screen/service/SrvOled.c ****     if (state == Oled_DC_Enable)
 274              		.loc 1 75 5 view .LVU59
 275              		.loc 1 75 8 is_stmt 0 view .LVU60
 276 0002 18B1     		cbz	r0, .L19
ARM GAS  /var/folders/lx/hc4sn_b53233_zkc9xbbl97r0000gp/T//cceKCeIm.s 			page 7


  76:Dsp/screen/service/SrvOled.c ****     {
  77:Dsp/screen/service/SrvOled.c ****         level = GPIO_LOW;
  78:Dsp/screen/service/SrvOled.c ****     }
  79:Dsp/screen/service/SrvOled.c ****     else if (state == Oled_DC_Disable)
 277              		.loc 1 79 10 is_stmt 1 view .LVU61
 278              		.loc 1 79 13 is_stmt 0 view .LVU62
 279 0004 0128     		cmp	r0, #1
 280 0006 07D0     		beq	.L20
  73:Dsp/screen/service/SrvOled.c **** 
 281              		.loc 1 73 30 view .LVU63
 282 0008 0021     		movs	r1, #0
 283 000a 00E0     		b	.L18
 284              	.L19:
  77:Dsp/screen/service/SrvOled.c ****     }
 285              		.loc 1 77 15 view .LVU64
 286 000c 0121     		movs	r1, #1
 287              	.L18:
 288              	.LVL12:
  80:Dsp/screen/service/SrvOled.c ****         level = GPIO_HIGH;
  81:Dsp/screen/service/SrvOled.c **** 
  82:Dsp/screen/service/SrvOled.c ****     GenGPIO_Drv.set(&DC_IO_Obj, level);
 289              		.loc 1 82 5 is_stmt 1 view .LVU65
 290              		.loc 1 82 16 is_stmt 0 view .LVU66
 291 000e 034B     		ldr	r3, .L22
 292 0010 9B68     		ldr	r3, [r3, #8]
 293              		.loc 1 82 5 view .LVU67
 294 0012 0348     		ldr	r0, .L22+4
 295              	.LVL13:
 296              		.loc 1 82 5 view .LVU68
 297 0014 9847     		blx	r3
 298              	.LVL14:
  83:Dsp/screen/service/SrvOled.c **** }
 299              		.loc 1 83 1 view .LVU69
 300 0016 08BD     		pop	{r3, pc}
 301              	.LVL15:
 302              	.L20:
  80:Dsp/screen/service/SrvOled.c ****         level = GPIO_HIGH;
 303              		.loc 1 80 15 view .LVU70
 304 0018 0221     		movs	r1, #2
 305 001a F8E7     		b	.L18
 306              	.L23:
 307              		.align	2
 308              	.L22:
 309 001c 00000000 		.word	GenGPIO_Drv
 310 0020 00000000 		.word	.LANCHOR2
 311              		.cfi_endproc
 312              	.LFE127:
 314              		.section	.text.SrvOled_RSPin_Ctl,"ax",%progbits
 315              		.align	1
 316              		.syntax unified
 317              		.thumb
 318              		.thumb_func
 319              		.fpu fpv4-sp-d16
 321              	SrvOled_RSPin_Ctl:
 322              	.LVL16:
 323              	.LFB128:
  84:Dsp/screen/service/SrvOled.c **** 
ARM GAS  /var/folders/lx/hc4sn_b53233_zkc9xbbl97r0000gp/T//cceKCeIm.s 			page 8


  85:Dsp/screen/service/SrvOled.c **** static void SrvOled_RSPin_Ctl(Oled_RS_State_List state)
  86:Dsp/screen/service/SrvOled.c **** {
 324              		.loc 1 86 1 is_stmt 1 view -0
 325              		.cfi_startproc
 326              		@ args = 0, pretend = 0, frame = 0
 327              		@ frame_needed = 0, uses_anonymous_args = 0
 328              		.loc 1 86 1 is_stmt 0 view .LVU72
 329 0000 08B5     		push	{r3, lr}
 330              	.LCFI5:
 331              		.cfi_def_cfa_offset 8
 332              		.cfi_offset 3, -8
 333              		.cfi_offset 14, -4
  87:Dsp/screen/service/SrvOled.c ****     DrvGPIO_IO_Level_TypeDef level = GPIO_ERR;
 334              		.loc 1 87 5 is_stmt 1 view .LVU73
 335              	.LVL17:
  88:Dsp/screen/service/SrvOled.c **** 
  89:Dsp/screen/service/SrvOled.c ****     if (state == Oled_RS_Enable)
 336              		.loc 1 89 5 view .LVU74
 337              		.loc 1 89 8 is_stmt 0 view .LVU75
 338 0002 18B1     		cbz	r0, .L26
  90:Dsp/screen/service/SrvOled.c ****     {
  91:Dsp/screen/service/SrvOled.c ****         level = GPIO_LOW;
  92:Dsp/screen/service/SrvOled.c ****     }
  93:Dsp/screen/service/SrvOled.c ****     else if (state == Oled_RS_Disable)
 339              		.loc 1 93 10 is_stmt 1 view .LVU76
 340              		.loc 1 93 13 is_stmt 0 view .LVU77
 341 0004 0128     		cmp	r0, #1
 342 0006 07D0     		beq	.L27
  87:Dsp/screen/service/SrvOled.c **** 
 343              		.loc 1 87 30 view .LVU78
 344 0008 0021     		movs	r1, #0
 345 000a 00E0     		b	.L25
 346              	.L26:
  91:Dsp/screen/service/SrvOled.c ****     }
 347              		.loc 1 91 15 view .LVU79
 348 000c 0121     		movs	r1, #1
 349              	.L25:
 350              	.LVL18:
  94:Dsp/screen/service/SrvOled.c ****         level = GPIO_HIGH;
  95:Dsp/screen/service/SrvOled.c **** 
  96:Dsp/screen/service/SrvOled.c ****     GenGPIO_Drv.set(&RS_IO_Obj, level);
 351              		.loc 1 96 5 is_stmt 1 view .LVU80
 352              		.loc 1 96 16 is_stmt 0 view .LVU81
 353 000e 034B     		ldr	r3, .L29
 354 0010 9B68     		ldr	r3, [r3, #8]
 355              		.loc 1 96 5 view .LVU82
 356 0012 0348     		ldr	r0, .L29+4
 357              	.LVL19:
 358              		.loc 1 96 5 view .LVU83
 359 0014 9847     		blx	r3
 360              	.LVL20:
  97:Dsp/screen/service/SrvOled.c **** }
 361              		.loc 1 97 1 view .LVU84
 362 0016 08BD     		pop	{r3, pc}
 363              	.LVL21:
 364              	.L27:
  94:Dsp/screen/service/SrvOled.c ****         level = GPIO_HIGH;
ARM GAS  /var/folders/lx/hc4sn_b53233_zkc9xbbl97r0000gp/T//cceKCeIm.s 			page 9


 365              		.loc 1 94 15 view .LVU85
 366 0018 0221     		movs	r1, #2
 367 001a F8E7     		b	.L25
 368              	.L30:
 369              		.align	2
 370              	.L29:
 371 001c 00000000 		.word	GenGPIO_Drv
 372 0020 00000000 		.word	.LANCHOR3
 373              		.cfi_endproc
 374              	.LFE128:
 376              		.section	.text.SrvOled_PreInit,"ax",%progbits
 377              		.align	1
 378              		.syntax unified
 379              		.thumb
 380              		.thumb_func
 381              		.fpu fpv4-sp-d16
 383              	SrvOled_PreInit:
 384              	.LFB129:
  98:Dsp/screen/service/SrvOled.c **** 
  99:Dsp/screen/service/SrvOled.c **** /******************************* IO & Bus Init Function Section ***********************************
 100:Dsp/screen/service/SrvOled.c **** 
 101:Dsp/screen/service/SrvOled.c **** static bool SrvOled_PreInit(void)
 102:Dsp/screen/service/SrvOled.c **** {
 385              		.loc 1 102 1 is_stmt 1 view -0
 386              		.cfi_startproc
 387              		@ args = 0, pretend = 0, frame = 0
 388              		@ frame_needed = 0, uses_anonymous_args = 0
 389              		@ link register save eliminated.
 103:Dsp/screen/service/SrvOled.c ****     Oled1306Obj.Bus = Oled_SpiBus;
 390              		.loc 1 103 5 view .LVU87
 391              		.loc 1 103 21 is_stmt 0 view .LVU88
 392 0000 0C4B     		ldr	r3, .L32
 393 0002 0022     		movs	r2, #0
 394 0004 1A70     		strb	r2, [r3]
 104:Dsp/screen/service/SrvOled.c ****     Oled1306Obj.BusID = SPI_1;
 395              		.loc 1 104 5 is_stmt 1 view .LVU89
 396              		.loc 1 104 23 is_stmt 0 view .LVU90
 397 0006 5A71     		strb	r2, [r3, #5]
 105:Dsp/screen/service/SrvOled.c **** 
 106:Dsp/screen/service/SrvOled.c ****     Oled1306Obj.bus_init = SrvOled_BusInit;
 398              		.loc 1 106 5 is_stmt 1 view .LVU91
 399              		.loc 1 106 26 is_stmt 0 view .LVU92
 400 0008 0B4A     		ldr	r2, .L32+4
 401 000a C3F81620 		str	r2, [r3, #22]	@ unaligned
 107:Dsp/screen/service/SrvOled.c ****     Oled1306Obj.bus_transmit = SrvOled_BusTransmit;
 402              		.loc 1 107 5 is_stmt 1 view .LVU93
 403              		.loc 1 107 30 is_stmt 0 view .LVU94
 404 000e 0B4A     		ldr	r2, .L32+8
 405 0010 C3F81A20 		str	r2, [r3, #26]	@ unaligned
 108:Dsp/screen/service/SrvOled.c **** 
 109:Dsp/screen/service/SrvOled.c ****     Oled1306Obj.rs_init = SrvOled_RSPin_Init;
 406              		.loc 1 109 5 is_stmt 1 view .LVU95
 407              		.loc 1 109 25 is_stmt 0 view .LVU96
 408 0014 0A4A     		ldr	r2, .L32+12
 409 0016 C3F80620 		str	r2, [r3, #6]	@ unaligned
 110:Dsp/screen/service/SrvOled.c ****     Oled1306Obj.rs_ctl = SrvOled_RSPin_Ctl;
 410              		.loc 1 110 5 is_stmt 1 view .LVU97
ARM GAS  /var/folders/lx/hc4sn_b53233_zkc9xbbl97r0000gp/T//cceKCeIm.s 			page 10


 411              		.loc 1 110 24 is_stmt 0 view .LVU98
 412 001a 0A4A     		ldr	r2, .L32+16
 413 001c C3F80E20 		str	r2, [r3, #14]	@ unaligned
 111:Dsp/screen/service/SrvOled.c **** 
 112:Dsp/screen/service/SrvOled.c ****     Oled1306Obj.dc_init = SrvOled_DCPin_Init;
 414              		.loc 1 112 5 is_stmt 1 view .LVU99
 415              		.loc 1 112 25 is_stmt 0 view .LVU100
 416 0020 094A     		ldr	r2, .L32+20
 417 0022 C3F80A20 		str	r2, [r3, #10]	@ unaligned
 113:Dsp/screen/service/SrvOled.c ****     Oled1306Obj.dc_ctl = SrvOled_DCPin_Ctl;
 418              		.loc 1 113 5 is_stmt 1 view .LVU101
 419              		.loc 1 113 24 is_stmt 0 view .LVU102
 420 0026 094A     		ldr	r2, .L32+24
 421 0028 C3F81220 		str	r2, [r3, #18]	@ unaligned
 114:Dsp/screen/service/SrvOled.c **** 
 115:Dsp/screen/service/SrvOled.c ****     SrvPerInit_State = true;
 422              		.loc 1 115 5 is_stmt 1 view .LVU103
 423              		.loc 1 115 22 is_stmt 0 view .LVU104
 424 002c 0120     		movs	r0, #1
 425 002e 084B     		ldr	r3, .L32+28
 426 0030 1870     		strb	r0, [r3]
 116:Dsp/screen/service/SrvOled.c **** 
 117:Dsp/screen/service/SrvOled.c ****     return SrvPerInit_State;
 427              		.loc 1 117 5 is_stmt 1 view .LVU105
 118:Dsp/screen/service/SrvOled.c **** }
 428              		.loc 1 118 1 is_stmt 0 view .LVU106
 429 0032 7047     		bx	lr
 430              	.L33:
 431              		.align	2
 432              	.L32:
 433 0034 00000000 		.word	.LANCHOR1
 434 0038 00000000 		.word	SrvOled_BusInit
 435 003c 00000000 		.word	SrvOled_BusTransmit
 436 0040 00000000 		.word	SrvOled_RSPin_Init
 437 0044 00000000 		.word	SrvOled_RSPin_Ctl
 438 0048 00000000 		.word	SrvOled_DCPin_Init
 439 004c 00000000 		.word	SrvOled_DCPin_Ctl
 440 0050 00000000 		.word	.LANCHOR4
 441              		.cfi_endproc
 442              	.LFE129:
 444              		.section	.text.SrvOled_Init,"ax",%progbits
 445              		.align	1
 446              		.syntax unified
 447              		.thumb
 448              		.thumb_func
 449              		.fpu fpv4-sp-d16
 451              	SrvOled_Init:
 452              	.LFB130:
 119:Dsp/screen/service/SrvOled.c **** 
 120:Dsp/screen/service/SrvOled.c **** static bool SrvOled_Init(void)
 121:Dsp/screen/service/SrvOled.c **** {
 453              		.loc 1 121 1 is_stmt 1 view -0
 454              		.cfi_startproc
 455              		@ args = 0, pretend = 0, frame = 0
 456              		@ frame_needed = 0, uses_anonymous_args = 0
 457 0000 08B5     		push	{r3, lr}
 458              	.LCFI6:
ARM GAS  /var/folders/lx/hc4sn_b53233_zkc9xbbl97r0000gp/T//cceKCeIm.s 			page 11


 459              		.cfi_def_cfa_offset 8
 460              		.cfi_offset 3, -8
 461              		.cfi_offset 14, -4
 122:Dsp/screen/service/SrvOled.c ****     SrvInit_State = false;
 462              		.loc 1 122 5 view .LVU108
 463              		.loc 1 122 19 is_stmt 0 view .LVU109
 464 0002 084B     		ldr	r3, .L37
 465 0004 0022     		movs	r2, #0
 466 0006 1A70     		strb	r2, [r3]
 123:Dsp/screen/service/SrvOled.c **** 
 124:Dsp/screen/service/SrvOled.c ****     if (SrvOled_PreInit())
 467              		.loc 1 124 5 is_stmt 1 view .LVU110
 468              		.loc 1 124 9 is_stmt 0 view .LVU111
 469 0008 FFF7FEFF 		bl	SrvOled_PreInit
 470              	.LVL22:
 471              		.loc 1 124 8 view .LVU112
 472 000c 38B1     		cbz	r0, .L35
 125:Dsp/screen/service/SrvOled.c ****     {
 126:Dsp/screen/service/SrvOled.c ****         if (DrvOled.init(&Oled1306Obj))
 473              		.loc 1 126 9 is_stmt 1 view .LVU113
 474              		.loc 1 126 20 is_stmt 0 view .LVU114
 475 000e 064B     		ldr	r3, .L37+4
 476 0010 1B68     		ldr	r3, [r3]
 477              		.loc 1 126 13 view .LVU115
 478 0012 0648     		ldr	r0, .L37+8
 479 0014 9847     		blx	r3
 480              	.LVL23:
 481              		.loc 1 126 12 view .LVU116
 482 0016 10B1     		cbz	r0, .L35
 127:Dsp/screen/service/SrvOled.c ****         {
 128:Dsp/screen/service/SrvOled.c ****             SrvInit_State = true;
 483              		.loc 1 128 13 is_stmt 1 view .LVU117
 484              		.loc 1 128 27 is_stmt 0 view .LVU118
 485 0018 024B     		ldr	r3, .L37
 486 001a 0122     		movs	r2, #1
 487 001c 1A70     		strb	r2, [r3]
 488              	.L35:
 129:Dsp/screen/service/SrvOled.c ****         }
 130:Dsp/screen/service/SrvOled.c ****     }
 131:Dsp/screen/service/SrvOled.c **** 
 132:Dsp/screen/service/SrvOled.c ****     return SrvInit_State;
 489              		.loc 1 132 5 is_stmt 1 view .LVU119
 133:Dsp/screen/service/SrvOled.c **** }
 490              		.loc 1 133 1 is_stmt 0 view .LVU120
 491 001e 014B     		ldr	r3, .L37
 492 0020 1878     		ldrb	r0, [r3]	@ zero_extendqisi2
 493 0022 08BD     		pop	{r3, pc}
 494              	.L38:
 495              		.align	2
 496              	.L37:
 497 0024 00000000 		.word	.LANCHOR5
 498 0028 00000000 		.word	DrvOled
 499 002c 00000000 		.word	.LANCHOR1
 500              		.cfi_endproc
 501              	.LFE130:
 503              		.section	.text.SrvOled_Fresh,"ax",%progbits
 504              		.align	1
ARM GAS  /var/folders/lx/hc4sn_b53233_zkc9xbbl97r0000gp/T//cceKCeIm.s 			page 12


 505              		.syntax unified
 506              		.thumb
 507              		.thumb_func
 508              		.fpu fpv4-sp-d16
 510              	SrvOled_Fresh:
 511              	.LVL24:
 512              	.LFB131:
 134:Dsp/screen/service/SrvOled.c **** 
 135:Dsp/screen/service/SrvOled.c **** static bool SrvOled_Fresh(uint8_t **bit_map)
 136:Dsp/screen/service/SrvOled.c **** {
 513              		.loc 1 136 1 is_stmt 1 view -0
 514              		.cfi_startproc
 515              		@ args = 0, pretend = 0, frame = 0
 516              		@ frame_needed = 0, uses_anonymous_args = 0
 517              		.loc 1 136 1 is_stmt 0 view .LVU122
 518 0000 10B5     		push	{r4, lr}
 519              	.LCFI7:
 520              		.cfi_def_cfa_offset 8
 521              		.cfi_offset 4, -8
 522              		.cfi_offset 14, -4
 137:Dsp/screen/service/SrvOled.c ****     if (!SrvInit_State)
 523              		.loc 1 137 5 is_stmt 1 view .LVU123
 524              		.loc 1 137 9 is_stmt 0 view .LVU124
 525 0002 054B     		ldr	r3, .L42
 526 0004 1C78     		ldrb	r4, [r3]	@ zero_extendqisi2
 527              		.loc 1 137 8 view .LVU125
 528 0006 24B1     		cbz	r4, .L40
 529 0008 0146     		mov	r1, r0
 138:Dsp/screen/service/SrvOled.c ****         return false;
 139:Dsp/screen/service/SrvOled.c **** 
 140:Dsp/screen/service/SrvOled.c ****     //hardfault triggerd
 141:Dsp/screen/service/SrvOled.c ****     DrvOled.fresh(&Oled1306Obj, bit_map);
 530              		.loc 1 141 5 is_stmt 1 view .LVU126
 531              		.loc 1 141 12 is_stmt 0 view .LVU127
 532 000a 044B     		ldr	r3, .L42+4
 533 000c 9B68     		ldr	r3, [r3, #8]
 534              		.loc 1 141 5 view .LVU128
 535 000e 0448     		ldr	r0, .L42+8
 536              	.LVL25:
 537              		.loc 1 141 5 view .LVU129
 538 0010 9847     		blx	r3
 539              	.LVL26:
 142:Dsp/screen/service/SrvOled.c ****     return true;
 540              		.loc 1 142 5 is_stmt 1 view .LVU130
 541              	.L40:
 143:Dsp/screen/service/SrvOled.c **** }
 542              		.loc 1 143 1 is_stmt 0 view .LVU131
 543 0012 2046     		mov	r0, r4
 544 0014 10BD     		pop	{r4, pc}
 545              	.L43:
 546 0016 00BF     		.align	2
 547              	.L42:
 548 0018 00000000 		.word	.LANCHOR5
 549 001c 00000000 		.word	DrvOled
 550 0020 00000000 		.word	.LANCHOR1
 551              		.cfi_endproc
 552              	.LFE131:
ARM GAS  /var/folders/lx/hc4sn_b53233_zkc9xbbl97r0000gp/T//cceKCeIm.s 			page 13


 554              		.section	.text.SrvOled_GetDev_DspRange,"ax",%progbits
 555              		.align	1
 556              		.syntax unified
 557              		.thumb
 558              		.thumb_func
 559              		.fpu fpv4-sp-d16
 561              	SrvOled_GetDev_DspRange:
 562              	.LFB132:
 144:Dsp/screen/service/SrvOled.c **** 
 145:Dsp/screen/service/SrvOled.c **** static SrvOled_DspRange SrvOled_GetDev_DspRange(void)
 146:Dsp/screen/service/SrvOled.c **** {
 563              		.loc 1 146 1 is_stmt 1 view -0
 564              		.cfi_startproc
 565              		@ args = 0, pretend = 0, frame = 8
 566              		@ frame_needed = 0, uses_anonymous_args = 0
 567 0000 10B5     		push	{r4, lr}
 568              	.LCFI8:
 569              		.cfi_def_cfa_offset 8
 570              		.cfi_offset 4, -8
 571              		.cfi_offset 14, -4
 572 0002 82B0     		sub	sp, sp, #8
 573              	.LCFI9:
 574              		.cfi_def_cfa_offset 16
 147:Dsp/screen/service/SrvOled.c ****     SrvOled_DspRange range;
 575              		.loc 1 147 5 view .LVU133
 148:Dsp/screen/service/SrvOled.c **** 
 149:Dsp/screen/service/SrvOled.c ****     range.width = DrvOled.get_max_width();
 576              		.loc 1 149 5 view .LVU134
 577              		.loc 1 149 26 is_stmt 0 view .LVU135
 578 0004 0B4C     		ldr	r4, .L46
 579 0006 2369     		ldr	r3, [r4, #16]
 580              		.loc 1 149 19 view .LVU136
 581 0008 9847     		blx	r3
 582              	.LVL27:
 583              		.loc 1 149 17 view .LVU137
 584 000a 8DF80000 		strb	r0, [sp]
 150:Dsp/screen/service/SrvOled.c ****     range.height = DrvOled.get_max_height();
 585              		.loc 1 150 5 is_stmt 1 view .LVU138
 586              		.loc 1 150 27 is_stmt 0 view .LVU139
 587 000e 6369     		ldr	r3, [r4, #20]
 588              		.loc 1 150 20 view .LVU140
 589 0010 9847     		blx	r3
 590              	.LVL28:
 591              		.loc 1 150 18 view .LVU141
 592 0012 8DF80100 		strb	r0, [sp, #1]
 151:Dsp/screen/service/SrvOled.c **** 
 152:Dsp/screen/service/SrvOled.c ****     return range;
 593              		.loc 1 152 5 is_stmt 1 view .LVU142
 594              		.loc 1 152 12 is_stmt 0 view .LVU143
 595 0016 BDF80030 		ldrh	r3, [sp]
 596 001a ADF80430 		strh	r3, [sp, #4]	@ movhi
 597 001e 0020     		movs	r0, #0
 598 0020 9DF80430 		ldrb	r3, [sp, #4]	@ zero_extendqisi2
 599 0024 63F30700 		bfi	r0, r3, #0, #8
 600 0028 9DF80530 		ldrb	r3, [sp, #5]	@ zero_extendqisi2
 601 002c 63F30F20 		bfi	r0, r3, #8, #8
 153:Dsp/screen/service/SrvOled.c **** }
ARM GAS  /var/folders/lx/hc4sn_b53233_zkc9xbbl97r0000gp/T//cceKCeIm.s 			page 14


 602              		.loc 1 153 1 view .LVU144
 603 0030 02B0     		add	sp, sp, #8
 604              	.LCFI10:
 605              		.cfi_def_cfa_offset 8
 606              		@ sp needed
 607 0032 10BD     		pop	{r4, pc}
 608              	.L47:
 609              		.align	2
 610              	.L46:
 611 0034 00000000 		.word	DrvOled
 612              		.cfi_endproc
 613              	.LFE132:
 615              		.global	SrvOled
 616              		.section	.bss.BusInit_Structure,"aw",%nobits
 617              		.align	2
 618              		.set	.LANCHOR0,. + 0
 621              	BusInit_Structure:
 622 0000 00000000 		.space	6
 622      0000
 623              		.section	.bss.DC_IO_Obj,"aw",%nobits
 624              		.align	2
 625              		.set	.LANCHOR2,. + 0
 628              	DC_IO_Obj:
 629 0000 00000000 		.space	16
 629      00000000 
 629      00000000 
 629      00000000 
 630              		.section	.bss.Oled1306Obj,"aw",%nobits
 631              		.align	2
 632              		.set	.LANCHOR1,. + 0
 635              	Oled1306Obj:
 636 0000 00000000 		.space	30
 636      00000000 
 636      00000000 
 636      00000000 
 636      00000000 
 637              		.section	.bss.RS_IO_Obj,"aw",%nobits
 638              		.align	2
 639              		.set	.LANCHOR3,. + 0
 642              	RS_IO_Obj:
 643 0000 00000000 		.space	16
 643      00000000 
 643      00000000 
 643      00000000 
 644              		.section	.bss.SrvInit_State,"aw",%nobits
 645              		.set	.LANCHOR5,. + 0
 648              	SrvInit_State:
 649 0000 00       		.space	1
 650              		.section	.bss.SrvPerInit_State,"aw",%nobits
 651              		.set	.LANCHOR4,. + 0
 654              	SrvPerInit_State:
 655 0000 00       		.space	1
 656              		.section	.data.SrvOled,"aw"
 657              		.align	2
 660              	SrvOled:
 661 0000 00000000 		.word	SrvOled_Init
 662 0004 00000000 		.word	SrvOled_Fresh
ARM GAS  /var/folders/lx/hc4sn_b53233_zkc9xbbl97r0000gp/T//cceKCeIm.s 			page 15


 663 0008 00000000 		.word	SrvOled_GetDev_DspRange
 664              		.text
 665              	.Letext0:
 666              		.file 2 "/usr/local/arm-none-eabi-gcc/gcc-arm-none-eabi-10-2020-q4-major/arm-none-eabi/include/mac
 667              		.file 3 "/usr/local/arm-none-eabi-gcc/gcc-arm-none-eabi-10-2020-q4-major/arm-none-eabi/include/sys
 668              		.file 4 "Dsp/screen/device/oled1306.h"
 669              		.file 5 "USER/stm32f4xx.h"
 670              		.file 6 "Bsp/periph_spi.h"
 671              		.file 7 "SYS/data_structure/queue.h"
 672              		.file 8 "Drv/drv_spi.h"
 673              		.file 9 "Bsp/periph_gpio.h"
 674              		.file 10 "Drv/drv_gpio.h"
 675              		.file 11 "Dsp/screen/service/SrvOled.h"
ARM GAS  /var/folders/lx/hc4sn_b53233_zkc9xbbl97r0000gp/T//cceKCeIm.s 			page 16


DEFINED SYMBOLS
                            *ABS*:0000000000000000 SrvOled.c
/var/folders/lx/hc4sn_b53233_zkc9xbbl97r0000gp/T//cceKCeIm.s:18     .text.SrvOled_BusInit:0000000000000000 $t
/var/folders/lx/hc4sn_b53233_zkc9xbbl97r0000gp/T//cceKCeIm.s:25     .text.SrvOled_BusInit:0000000000000000 SrvOled_BusInit
/var/folders/lx/hc4sn_b53233_zkc9xbbl97r0000gp/T//cceKCeIm.s:74     .text.SrvOled_BusInit:0000000000000024 $d
/var/folders/lx/hc4sn_b53233_zkc9xbbl97r0000gp/T//cceKCeIm.s:81     .text.SrvOled_BusTransmit:0000000000000000 $t
/var/folders/lx/hc4sn_b53233_zkc9xbbl97r0000gp/T//cceKCeIm.s:87     .text.SrvOled_BusTransmit:0000000000000000 SrvOled_BusTransmit
/var/folders/lx/hc4sn_b53233_zkc9xbbl97r0000gp/T//cceKCeIm.s:117    .text.SrvOled_BusTransmit:0000000000000014 $d
/var/folders/lx/hc4sn_b53233_zkc9xbbl97r0000gp/T//cceKCeIm.s:123    .text.SrvOled_DCPin_Init:0000000000000000 $t
/var/folders/lx/hc4sn_b53233_zkc9xbbl97r0000gp/T//cceKCeIm.s:129    .text.SrvOled_DCPin_Init:0000000000000000 SrvOled_DCPin_Init
/var/folders/lx/hc4sn_b53233_zkc9xbbl97r0000gp/T//cceKCeIm.s:181    .text.SrvOled_DCPin_Init:0000000000000028 $d
/var/folders/lx/hc4sn_b53233_zkc9xbbl97r0000gp/T//cceKCeIm.s:188    .text.SrvOled_RSPin_Init:0000000000000000 $t
/var/folders/lx/hc4sn_b53233_zkc9xbbl97r0000gp/T//cceKCeIm.s:194    .text.SrvOled_RSPin_Init:0000000000000000 SrvOled_RSPin_Init
/var/folders/lx/hc4sn_b53233_zkc9xbbl97r0000gp/T//cceKCeIm.s:246    .text.SrvOled_RSPin_Init:0000000000000028 $d
/var/folders/lx/hc4sn_b53233_zkc9xbbl97r0000gp/T//cceKCeIm.s:253    .text.SrvOled_DCPin_Ctl:0000000000000000 $t
/var/folders/lx/hc4sn_b53233_zkc9xbbl97r0000gp/T//cceKCeIm.s:259    .text.SrvOled_DCPin_Ctl:0000000000000000 SrvOled_DCPin_Ctl
/var/folders/lx/hc4sn_b53233_zkc9xbbl97r0000gp/T//cceKCeIm.s:309    .text.SrvOled_DCPin_Ctl:000000000000001c $d
/var/folders/lx/hc4sn_b53233_zkc9xbbl97r0000gp/T//cceKCeIm.s:315    .text.SrvOled_RSPin_Ctl:0000000000000000 $t
/var/folders/lx/hc4sn_b53233_zkc9xbbl97r0000gp/T//cceKCeIm.s:321    .text.SrvOled_RSPin_Ctl:0000000000000000 SrvOled_RSPin_Ctl
/var/folders/lx/hc4sn_b53233_zkc9xbbl97r0000gp/T//cceKCeIm.s:371    .text.SrvOled_RSPin_Ctl:000000000000001c $d
/var/folders/lx/hc4sn_b53233_zkc9xbbl97r0000gp/T//cceKCeIm.s:377    .text.SrvOled_PreInit:0000000000000000 $t
/var/folders/lx/hc4sn_b53233_zkc9xbbl97r0000gp/T//cceKCeIm.s:383    .text.SrvOled_PreInit:0000000000000000 SrvOled_PreInit
/var/folders/lx/hc4sn_b53233_zkc9xbbl97r0000gp/T//cceKCeIm.s:433    .text.SrvOled_PreInit:0000000000000034 $d
/var/folders/lx/hc4sn_b53233_zkc9xbbl97r0000gp/T//cceKCeIm.s:445    .text.SrvOled_Init:0000000000000000 $t
/var/folders/lx/hc4sn_b53233_zkc9xbbl97r0000gp/T//cceKCeIm.s:451    .text.SrvOled_Init:0000000000000000 SrvOled_Init
/var/folders/lx/hc4sn_b53233_zkc9xbbl97r0000gp/T//cceKCeIm.s:497    .text.SrvOled_Init:0000000000000024 $d
/var/folders/lx/hc4sn_b53233_zkc9xbbl97r0000gp/T//cceKCeIm.s:504    .text.SrvOled_Fresh:0000000000000000 $t
/var/folders/lx/hc4sn_b53233_zkc9xbbl97r0000gp/T//cceKCeIm.s:510    .text.SrvOled_Fresh:0000000000000000 SrvOled_Fresh
/var/folders/lx/hc4sn_b53233_zkc9xbbl97r0000gp/T//cceKCeIm.s:548    .text.SrvOled_Fresh:0000000000000018 $d
/var/folders/lx/hc4sn_b53233_zkc9xbbl97r0000gp/T//cceKCeIm.s:555    .text.SrvOled_GetDev_DspRange:0000000000000000 $t
/var/folders/lx/hc4sn_b53233_zkc9xbbl97r0000gp/T//cceKCeIm.s:561    .text.SrvOled_GetDev_DspRange:0000000000000000 SrvOled_GetDev_DspRange
/var/folders/lx/hc4sn_b53233_zkc9xbbl97r0000gp/T//cceKCeIm.s:611    .text.SrvOled_GetDev_DspRange:0000000000000034 $d
/var/folders/lx/hc4sn_b53233_zkc9xbbl97r0000gp/T//cceKCeIm.s:660    .data.SrvOled:0000000000000000 SrvOled
/var/folders/lx/hc4sn_b53233_zkc9xbbl97r0000gp/T//cceKCeIm.s:617    .bss.BusInit_Structure:0000000000000000 $d
/var/folders/lx/hc4sn_b53233_zkc9xbbl97r0000gp/T//cceKCeIm.s:621    .bss.BusInit_Structure:0000000000000000 BusInit_Structure
/var/folders/lx/hc4sn_b53233_zkc9xbbl97r0000gp/T//cceKCeIm.s:624    .bss.DC_IO_Obj:0000000000000000 $d
/var/folders/lx/hc4sn_b53233_zkc9xbbl97r0000gp/T//cceKCeIm.s:628    .bss.DC_IO_Obj:0000000000000000 DC_IO_Obj
/var/folders/lx/hc4sn_b53233_zkc9xbbl97r0000gp/T//cceKCeIm.s:631    .bss.Oled1306Obj:0000000000000000 $d
/var/folders/lx/hc4sn_b53233_zkc9xbbl97r0000gp/T//cceKCeIm.s:635    .bss.Oled1306Obj:0000000000000000 Oled1306Obj
/var/folders/lx/hc4sn_b53233_zkc9xbbl97r0000gp/T//cceKCeIm.s:638    .bss.RS_IO_Obj:0000000000000000 $d
/var/folders/lx/hc4sn_b53233_zkc9xbbl97r0000gp/T//cceKCeIm.s:642    .bss.RS_IO_Obj:0000000000000000 RS_IO_Obj
/var/folders/lx/hc4sn_b53233_zkc9xbbl97r0000gp/T//cceKCeIm.s:648    .bss.SrvInit_State:0000000000000000 SrvInit_State
/var/folders/lx/hc4sn_b53233_zkc9xbbl97r0000gp/T//cceKCeIm.s:649    .bss.SrvInit_State:0000000000000000 $d
/var/folders/lx/hc4sn_b53233_zkc9xbbl97r0000gp/T//cceKCeIm.s:654    .bss.SrvPerInit_State:0000000000000000 SrvPerInit_State
/var/folders/lx/hc4sn_b53233_zkc9xbbl97r0000gp/T//cceKCeIm.s:655    .bss.SrvPerInit_State:0000000000000000 $d
/var/folders/lx/hc4sn_b53233_zkc9xbbl97r0000gp/T//cceKCeIm.s:657    .data.SrvOled:0000000000000000 $d

UNDEFINED SYMBOLS
GenSPI_Drv
GenGPIO_Drv
DrvOled
