ARM GAS  /tmp/ccwsODuc.s 			page 1


   1              		.cpu cortex-m4
   2              		.eabi_attribute 27, 1
   3              		.eabi_attribute 28, 1
   4              		.eabi_attribute 20, 1
   5              		.eabi_attribute 21, 1
   6              		.eabi_attribute 23, 3
   7              		.eabi_attribute 24, 1
   8              		.eabi_attribute 25, 1
   9              		.eabi_attribute 26, 1
  10              		.eabi_attribute 30, 1
  11              		.eabi_attribute 34, 1
  12              		.eabi_attribute 18, 4
  13              		.file	"stm32f4xx_dac.c"
  14              		.text
  15              	.Ltext0:
  16              		.cfi_sections	.debug_frame
  17              		.section	.text.DAC_DeInit,"ax",%progbits
  18              		.align	1
  19              		.global	DAC_DeInit
  20              		.syntax unified
  21              		.thumb
  22              		.thumb_func
  23              		.fpu fpv4-sp-d16
  25              	DAC_DeInit:
  26              	.LFB123:
  27              		.file 1 "FWLIB/src/stm32f4xx_dac.c"
   1:FWLIB/src/stm32f4xx_dac.c **** /**
   2:FWLIB/src/stm32f4xx_dac.c ****   ******************************************************************************
   3:FWLIB/src/stm32f4xx_dac.c ****   * @file    stm32f4xx_dac.c
   4:FWLIB/src/stm32f4xx_dac.c ****   * @author  MCD Application Team
   5:FWLIB/src/stm32f4xx_dac.c ****   * @version V1.8.0
   6:FWLIB/src/stm32f4xx_dac.c ****   * @date    04-November-2016
   7:FWLIB/src/stm32f4xx_dac.c ****    * @brief   This file provides firmware functions to manage the following 
   8:FWLIB/src/stm32f4xx_dac.c ****   *          functionalities of the Digital-to-Analog Converter (DAC) peripheral: 
   9:FWLIB/src/stm32f4xx_dac.c ****   *           + DAC channels configuration: trigger, output buffer, data format
  10:FWLIB/src/stm32f4xx_dac.c ****   *           + DMA management      
  11:FWLIB/src/stm32f4xx_dac.c ****   *           + Interrupts and flags management
  12:FWLIB/src/stm32f4xx_dac.c ****   *
  13:FWLIB/src/stm32f4xx_dac.c ****  @verbatim      
  14:FWLIB/src/stm32f4xx_dac.c ****  ===============================================================================
  15:FWLIB/src/stm32f4xx_dac.c ****                       ##### DAC Peripheral features #####
  16:FWLIB/src/stm32f4xx_dac.c ****  ===============================================================================
  17:FWLIB/src/stm32f4xx_dac.c ****     [..]        
  18:FWLIB/src/stm32f4xx_dac.c ****       *** DAC Channels ***
  19:FWLIB/src/stm32f4xx_dac.c ****       ====================  
  20:FWLIB/src/stm32f4xx_dac.c ****     [..]  
  21:FWLIB/src/stm32f4xx_dac.c ****     The device integrates two 12-bit Digital Analog Converters that can 
  22:FWLIB/src/stm32f4xx_dac.c ****     be used independently or simultaneously (dual mode):
  23:FWLIB/src/stm32f4xx_dac.c ****       (#) DAC channel1 with DAC_OUT1 (PA4) as output
  24:FWLIB/src/stm32f4xx_dac.c ****       (#) DAC channel2 with DAC_OUT2 (PA5) as output
  25:FWLIB/src/stm32f4xx_dac.c ****   
  26:FWLIB/src/stm32f4xx_dac.c ****       *** DAC Triggers ***
  27:FWLIB/src/stm32f4xx_dac.c ****       ====================
  28:FWLIB/src/stm32f4xx_dac.c ****     [..]
  29:FWLIB/src/stm32f4xx_dac.c ****     Digital to Analog conversion can be non-triggered using DAC_Trigger_None
  30:FWLIB/src/stm32f4xx_dac.c ****     and DAC_OUT1/DAC_OUT2 is available once writing to DHRx register 
  31:FWLIB/src/stm32f4xx_dac.c ****     using DAC_SetChannel1Data() / DAC_SetChannel2Data() functions.
ARM GAS  /tmp/ccwsODuc.s 			page 2


  32:FWLIB/src/stm32f4xx_dac.c ****     [..] 
  33:FWLIB/src/stm32f4xx_dac.c ****     Digital to Analog conversion can be triggered by:
  34:FWLIB/src/stm32f4xx_dac.c ****       (#) External event: EXTI Line 9 (any GPIOx_Pin9) using DAC_Trigger_Ext_IT9.
  35:FWLIB/src/stm32f4xx_dac.c ****           The used pin (GPIOx_Pin9) must be configured in input mode.
  36:FWLIB/src/stm32f4xx_dac.c ****   
  37:FWLIB/src/stm32f4xx_dac.c ****       (#) Timers TRGO: TIM2, TIM4, TIM5, TIM6, TIM7 and TIM8 
  38:FWLIB/src/stm32f4xx_dac.c ****           (DAC_Trigger_T2_TRGO, DAC_Trigger_T4_TRGO...)
  39:FWLIB/src/stm32f4xx_dac.c ****           The timer TRGO event should be selected using TIM_SelectOutputTrigger()
  40:FWLIB/src/stm32f4xx_dac.c ****   
  41:FWLIB/src/stm32f4xx_dac.c ****       (#) Software using DAC_Trigger_Software
  42:FWLIB/src/stm32f4xx_dac.c ****   
  43:FWLIB/src/stm32f4xx_dac.c ****       *** DAC Buffer mode feature ***
  44:FWLIB/src/stm32f4xx_dac.c ****       =============================== 
  45:FWLIB/src/stm32f4xx_dac.c ****       [..] 
  46:FWLIB/src/stm32f4xx_dac.c ****       Each DAC channel integrates an output buffer that can be used to 
  47:FWLIB/src/stm32f4xx_dac.c ****       reduce the output impedance, and to drive external loads directly
  48:FWLIB/src/stm32f4xx_dac.c ****       without having to add an external operational amplifier.
  49:FWLIB/src/stm32f4xx_dac.c ****       To enable, the output buffer use  
  50:FWLIB/src/stm32f4xx_dac.c ****       DAC_InitStructure.DAC_OutputBuffer = DAC_OutputBuffer_Enable;
  51:FWLIB/src/stm32f4xx_dac.c ****       [..]           
  52:FWLIB/src/stm32f4xx_dac.c ****       (@) Refer to the device datasheet for more details about output 
  53:FWLIB/src/stm32f4xx_dac.c ****           impedance value with and without output buffer.
  54:FWLIB/src/stm32f4xx_dac.c ****             
  55:FWLIB/src/stm32f4xx_dac.c ****        *** DAC wave generation feature ***
  56:FWLIB/src/stm32f4xx_dac.c ****        =================================== 
  57:FWLIB/src/stm32f4xx_dac.c ****        [..]     
  58:FWLIB/src/stm32f4xx_dac.c ****        Both DAC channels can be used to generate
  59:FWLIB/src/stm32f4xx_dac.c ****          (#) Noise wave using DAC_WaveGeneration_Noise
  60:FWLIB/src/stm32f4xx_dac.c ****          (#) Triangle wave using DAC_WaveGeneration_Triangle
  61:FWLIB/src/stm32f4xx_dac.c ****           
  62:FWLIB/src/stm32f4xx_dac.c ****           -@-  Wave generation can be disabled using DAC_WaveGeneration_None
  63:FWLIB/src/stm32f4xx_dac.c ****   
  64:FWLIB/src/stm32f4xx_dac.c ****        *** DAC data format ***
  65:FWLIB/src/stm32f4xx_dac.c ****        =======================
  66:FWLIB/src/stm32f4xx_dac.c ****        [..]   
  67:FWLIB/src/stm32f4xx_dac.c ****        The DAC data format can be:
  68:FWLIB/src/stm32f4xx_dac.c ****          (#) 8-bit right alignment using DAC_Align_8b_R
  69:FWLIB/src/stm32f4xx_dac.c ****          (#) 12-bit left alignment using DAC_Align_12b_L
  70:FWLIB/src/stm32f4xx_dac.c ****          (#) 12-bit right alignment using DAC_Align_12b_R
  71:FWLIB/src/stm32f4xx_dac.c ****   
  72:FWLIB/src/stm32f4xx_dac.c ****        *** DAC data value to voltage correspondence ***  
  73:FWLIB/src/stm32f4xx_dac.c ****        ================================================ 
  74:FWLIB/src/stm32f4xx_dac.c ****        [..] 
  75:FWLIB/src/stm32f4xx_dac.c ****        The analog output voltage on each DAC channel pin is determined
  76:FWLIB/src/stm32f4xx_dac.c ****        by the following equation: 
  77:FWLIB/src/stm32f4xx_dac.c ****        DAC_OUTx = VREF+ * DOR / 4095
  78:FWLIB/src/stm32f4xx_dac.c ****        with  DOR is the Data Output Register
  79:FWLIB/src/stm32f4xx_dac.c ****           VEF+ is the input voltage reference (refer to the device datasheet)
  80:FWLIB/src/stm32f4xx_dac.c ****         e.g. To set DAC_OUT1 to 0.7V, use
  81:FWLIB/src/stm32f4xx_dac.c ****           DAC_SetChannel1Data(DAC_Align_12b_R, 868);
  82:FWLIB/src/stm32f4xx_dac.c ****           Assuming that VREF+ = 3.3V, DAC_OUT1 = (3.3 * 868) / 4095 = 0.7V
  83:FWLIB/src/stm32f4xx_dac.c ****   
  84:FWLIB/src/stm32f4xx_dac.c ****        *** DMA requests  ***
  85:FWLIB/src/stm32f4xx_dac.c ****        =====================
  86:FWLIB/src/stm32f4xx_dac.c ****        [..]    
  87:FWLIB/src/stm32f4xx_dac.c ****        A DMA1 request can be generated when an external trigger (but not
  88:FWLIB/src/stm32f4xx_dac.c ****        a software trigger) occurs if DMA1 requests are enabled using
ARM GAS  /tmp/ccwsODuc.s 			page 3


  89:FWLIB/src/stm32f4xx_dac.c ****        DAC_DMACmd()
  90:FWLIB/src/stm32f4xx_dac.c ****        [..]
  91:FWLIB/src/stm32f4xx_dac.c ****        DMA1 requests are mapped as following:
  92:FWLIB/src/stm32f4xx_dac.c ****          (#) DAC channel1 : mapped on DMA1 Stream5 channel7 which must be 
  93:FWLIB/src/stm32f4xx_dac.c ****              already configured
  94:FWLIB/src/stm32f4xx_dac.c ****          (#) DAC channel2 : mapped on DMA1 Stream6 channel7 which must be 
  95:FWLIB/src/stm32f4xx_dac.c ****              already configured
  96:FWLIB/src/stm32f4xx_dac.c ****   
  97:FWLIB/src/stm32f4xx_dac.c ****       
  98:FWLIB/src/stm32f4xx_dac.c ****                       ##### How to use this driver #####
  99:FWLIB/src/stm32f4xx_dac.c ****  ===============================================================================
 100:FWLIB/src/stm32f4xx_dac.c ****     [..]          
 101:FWLIB/src/stm32f4xx_dac.c ****       (+) DAC APB clock must be enabled to get write access to DAC
 102:FWLIB/src/stm32f4xx_dac.c ****           registers using
 103:FWLIB/src/stm32f4xx_dac.c ****           RCC_APB1PeriphClockCmd(RCC_APB1Periph_DAC, ENABLE)
 104:FWLIB/src/stm32f4xx_dac.c ****       (+) Configure DAC_OUTx (DAC_OUT1: PA4, DAC_OUT2: PA5) in analog mode.
 105:FWLIB/src/stm32f4xx_dac.c ****       (+) Configure the DAC channel using DAC_Init() function
 106:FWLIB/src/stm32f4xx_dac.c ****       (+) Enable the DAC channel using DAC_Cmd() function
 107:FWLIB/src/stm32f4xx_dac.c ****    
 108:FWLIB/src/stm32f4xx_dac.c ****  @endverbatim    
 109:FWLIB/src/stm32f4xx_dac.c ****   ******************************************************************************
 110:FWLIB/src/stm32f4xx_dac.c ****   * @attention
 111:FWLIB/src/stm32f4xx_dac.c ****   *
 112:FWLIB/src/stm32f4xx_dac.c ****   * <h2><center>&copy; COPYRIGHT 2016 STMicroelectronics</center></h2>
 113:FWLIB/src/stm32f4xx_dac.c ****   *
 114:FWLIB/src/stm32f4xx_dac.c ****   * Licensed under MCD-ST Liberty SW License Agreement V2, (the "License");
 115:FWLIB/src/stm32f4xx_dac.c ****   * You may not use this file except in compliance with the License.
 116:FWLIB/src/stm32f4xx_dac.c ****   * You may obtain a copy of the License at:
 117:FWLIB/src/stm32f4xx_dac.c ****   *
 118:FWLIB/src/stm32f4xx_dac.c ****   *        http://www.st.com/software_license_agreement_liberty_v2
 119:FWLIB/src/stm32f4xx_dac.c ****   *
 120:FWLIB/src/stm32f4xx_dac.c ****   * Unless required by applicable law or agreed to in writing, software 
 121:FWLIB/src/stm32f4xx_dac.c ****   * distributed under the License is distributed on an "AS IS" BASIS, 
 122:FWLIB/src/stm32f4xx_dac.c ****   * WITHOUT WARRANTIES OR CONDITIONS OF ANY KIND, either express or implied.
 123:FWLIB/src/stm32f4xx_dac.c ****   * See the License for the specific language governing permissions and
 124:FWLIB/src/stm32f4xx_dac.c ****   * limitations under the License.
 125:FWLIB/src/stm32f4xx_dac.c ****   *
 126:FWLIB/src/stm32f4xx_dac.c ****   ******************************************************************************  
 127:FWLIB/src/stm32f4xx_dac.c ****   */ 
 128:FWLIB/src/stm32f4xx_dac.c **** 
 129:FWLIB/src/stm32f4xx_dac.c **** 
 130:FWLIB/src/stm32f4xx_dac.c **** /* Includes ------------------------------------------------------------------*/
 131:FWLIB/src/stm32f4xx_dac.c **** #include "stm32f4xx_dac.h"
 132:FWLIB/src/stm32f4xx_dac.c **** #include "stm32f4xx_rcc.h"
 133:FWLIB/src/stm32f4xx_dac.c **** 
 134:FWLIB/src/stm32f4xx_dac.c **** /** @addtogroup STM32F4xx_StdPeriph_Driver
 135:FWLIB/src/stm32f4xx_dac.c ****   * @{
 136:FWLIB/src/stm32f4xx_dac.c ****   */
 137:FWLIB/src/stm32f4xx_dac.c **** 
 138:FWLIB/src/stm32f4xx_dac.c **** /** @defgroup DAC 
 139:FWLIB/src/stm32f4xx_dac.c ****   * @brief DAC driver modules
 140:FWLIB/src/stm32f4xx_dac.c ****   * @{
 141:FWLIB/src/stm32f4xx_dac.c ****   */ 
 142:FWLIB/src/stm32f4xx_dac.c **** 
 143:FWLIB/src/stm32f4xx_dac.c **** /* Private typedef -----------------------------------------------------------*/
 144:FWLIB/src/stm32f4xx_dac.c **** /* Private define ------------------------------------------------------------*/
 145:FWLIB/src/stm32f4xx_dac.c **** 
ARM GAS  /tmp/ccwsODuc.s 			page 4


 146:FWLIB/src/stm32f4xx_dac.c **** /* CR register Mask */
 147:FWLIB/src/stm32f4xx_dac.c **** #define CR_CLEAR_MASK              ((uint32_t)0x00000FFE)
 148:FWLIB/src/stm32f4xx_dac.c **** 
 149:FWLIB/src/stm32f4xx_dac.c **** /* DAC Dual Channels SWTRIG masks */
 150:FWLIB/src/stm32f4xx_dac.c **** #define DUAL_SWTRIG_SET            ((uint32_t)0x00000003)
 151:FWLIB/src/stm32f4xx_dac.c **** #define DUAL_SWTRIG_RESET          ((uint32_t)0xFFFFFFFC)
 152:FWLIB/src/stm32f4xx_dac.c **** 
 153:FWLIB/src/stm32f4xx_dac.c **** /* DHR registers offsets */
 154:FWLIB/src/stm32f4xx_dac.c **** #define DHR12R1_OFFSET             ((uint32_t)0x00000008)
 155:FWLIB/src/stm32f4xx_dac.c **** #define DHR12R2_OFFSET             ((uint32_t)0x00000014)
 156:FWLIB/src/stm32f4xx_dac.c **** #define DHR12RD_OFFSET             ((uint32_t)0x00000020)
 157:FWLIB/src/stm32f4xx_dac.c **** 
 158:FWLIB/src/stm32f4xx_dac.c **** /* DOR register offset */
 159:FWLIB/src/stm32f4xx_dac.c **** #define DOR_OFFSET                 ((uint32_t)0x0000002C)
 160:FWLIB/src/stm32f4xx_dac.c **** 
 161:FWLIB/src/stm32f4xx_dac.c **** /* Private macro -------------------------------------------------------------*/
 162:FWLIB/src/stm32f4xx_dac.c **** /* Private variables ---------------------------------------------------------*/
 163:FWLIB/src/stm32f4xx_dac.c **** /* Private function prototypes -----------------------------------------------*/
 164:FWLIB/src/stm32f4xx_dac.c **** /* Private functions ---------------------------------------------------------*/
 165:FWLIB/src/stm32f4xx_dac.c **** 
 166:FWLIB/src/stm32f4xx_dac.c **** /** @defgroup DAC_Private_Functions
 167:FWLIB/src/stm32f4xx_dac.c ****   * @{
 168:FWLIB/src/stm32f4xx_dac.c ****   */
 169:FWLIB/src/stm32f4xx_dac.c **** 
 170:FWLIB/src/stm32f4xx_dac.c **** /** @defgroup DAC_Group1 DAC channels configuration
 171:FWLIB/src/stm32f4xx_dac.c ****  *  @brief   DAC channels configuration: trigger, output buffer, data format 
 172:FWLIB/src/stm32f4xx_dac.c ****  *
 173:FWLIB/src/stm32f4xx_dac.c **** @verbatim   
 174:FWLIB/src/stm32f4xx_dac.c ****  ===============================================================================
 175:FWLIB/src/stm32f4xx_dac.c ****    ##### DAC channels configuration: trigger, output buffer, data format #####
 176:FWLIB/src/stm32f4xx_dac.c ****  ===============================================================================  
 177:FWLIB/src/stm32f4xx_dac.c **** 
 178:FWLIB/src/stm32f4xx_dac.c **** @endverbatim
 179:FWLIB/src/stm32f4xx_dac.c ****   * @{
 180:FWLIB/src/stm32f4xx_dac.c ****   */
 181:FWLIB/src/stm32f4xx_dac.c **** 
 182:FWLIB/src/stm32f4xx_dac.c **** /**
 183:FWLIB/src/stm32f4xx_dac.c ****   * @brief  Deinitializes the DAC peripheral registers to their default reset values.
 184:FWLIB/src/stm32f4xx_dac.c ****   * @param  None
 185:FWLIB/src/stm32f4xx_dac.c ****   * @retval None
 186:FWLIB/src/stm32f4xx_dac.c ****   */
 187:FWLIB/src/stm32f4xx_dac.c **** void DAC_DeInit(void)
 188:FWLIB/src/stm32f4xx_dac.c **** {
  28              		.loc 1 188 0
  29              		.cfi_startproc
  30              		@ args = 0, pretend = 0, frame = 0
  31              		@ frame_needed = 0, uses_anonymous_args = 0
  32 0000 08B5     		push	{r3, lr}
  33              	.LCFI0:
  34              		.cfi_def_cfa_offset 8
  35              		.cfi_offset 3, -8
  36              		.cfi_offset 14, -4
 189:FWLIB/src/stm32f4xx_dac.c ****   /* Enable DAC reset state */
 190:FWLIB/src/stm32f4xx_dac.c ****   RCC_APB1PeriphResetCmd(RCC_APB1Periph_DAC, ENABLE);
  37              		.loc 1 190 0
  38 0002 0121     		movs	r1, #1
  39 0004 4FF00050 		mov	r0, #536870912
ARM GAS  /tmp/ccwsODuc.s 			page 5


  40 0008 FFF7FEFF 		bl	RCC_APB1PeriphResetCmd
  41              	.LVL0:
 191:FWLIB/src/stm32f4xx_dac.c ****   /* Release DAC from reset state */
 192:FWLIB/src/stm32f4xx_dac.c ****   RCC_APB1PeriphResetCmd(RCC_APB1Periph_DAC, DISABLE);
  42              		.loc 1 192 0
  43 000c 0021     		movs	r1, #0
  44 000e 4FF00050 		mov	r0, #536870912
  45 0012 FFF7FEFF 		bl	RCC_APB1PeriphResetCmd
  46              	.LVL1:
  47 0016 08BD     		pop	{r3, pc}
  48              		.cfi_endproc
  49              	.LFE123:
  51              		.section	.text.DAC_Init,"ax",%progbits
  52              		.align	1
  53              		.global	DAC_Init
  54              		.syntax unified
  55              		.thumb
  56              		.thumb_func
  57              		.fpu fpv4-sp-d16
  59              	DAC_Init:
  60              	.LFB124:
 193:FWLIB/src/stm32f4xx_dac.c **** }
 194:FWLIB/src/stm32f4xx_dac.c **** 
 195:FWLIB/src/stm32f4xx_dac.c **** /**
 196:FWLIB/src/stm32f4xx_dac.c ****   * @brief  Initializes the DAC peripheral according to the specified parameters
 197:FWLIB/src/stm32f4xx_dac.c ****   *         in the DAC_InitStruct.
 198:FWLIB/src/stm32f4xx_dac.c ****   * @param  DAC_Channel: the selected DAC channel. 
 199:FWLIB/src/stm32f4xx_dac.c ****   *          This parameter can be one of the following values:
 200:FWLIB/src/stm32f4xx_dac.c ****   *            @arg DAC_Channel_1: DAC Channel1 selected
 201:FWLIB/src/stm32f4xx_dac.c ****   *            @arg DAC_Channel_2: DAC Channel2 selected
 202:FWLIB/src/stm32f4xx_dac.c ****   * @param  DAC_InitStruct: pointer to a DAC_InitTypeDef structure that contains
 203:FWLIB/src/stm32f4xx_dac.c ****   *         the configuration information for the  specified DAC channel.
 204:FWLIB/src/stm32f4xx_dac.c ****   * @retval None
 205:FWLIB/src/stm32f4xx_dac.c ****   */
 206:FWLIB/src/stm32f4xx_dac.c **** void DAC_Init(uint32_t DAC_Channel, DAC_InitTypeDef* DAC_InitStruct)
 207:FWLIB/src/stm32f4xx_dac.c **** {
  61              		.loc 1 207 0
  62              		.cfi_startproc
  63              		@ args = 0, pretend = 0, frame = 0
  64              		@ frame_needed = 0, uses_anonymous_args = 0
  65              		@ link register save eliminated.
  66              	.LVL2:
  67 0000 30B4     		push	{r4, r5}
  68              	.LCFI1:
  69              		.cfi_def_cfa_offset 8
  70              		.cfi_offset 4, -8
  71              		.cfi_offset 5, -4
  72              	.LVL3:
 208:FWLIB/src/stm32f4xx_dac.c ****   uint32_t tmpreg1 = 0, tmpreg2 = 0;
 209:FWLIB/src/stm32f4xx_dac.c **** 
 210:FWLIB/src/stm32f4xx_dac.c ****   /* Check the DAC parameters */
 211:FWLIB/src/stm32f4xx_dac.c ****   assert_param(IS_DAC_TRIGGER(DAC_InitStruct->DAC_Trigger));
 212:FWLIB/src/stm32f4xx_dac.c ****   assert_param(IS_DAC_GENERATE_WAVE(DAC_InitStruct->DAC_WaveGeneration));
 213:FWLIB/src/stm32f4xx_dac.c ****   assert_param(IS_DAC_LFSR_UNMASK_TRIANGLE_AMPLITUDE(DAC_InitStruct->DAC_LFSRUnmask_TriangleAmplitu
 214:FWLIB/src/stm32f4xx_dac.c ****   assert_param(IS_DAC_OUTPUT_BUFFER_STATE(DAC_InitStruct->DAC_OutputBuffer));
 215:FWLIB/src/stm32f4xx_dac.c **** 
 216:FWLIB/src/stm32f4xx_dac.c **** /*---------------------------- DAC CR Configuration --------------------------*/
ARM GAS  /tmp/ccwsODuc.s 			page 6


 217:FWLIB/src/stm32f4xx_dac.c ****   /* Get the DAC CR value */
 218:FWLIB/src/stm32f4xx_dac.c ****   tmpreg1 = DAC->CR;
  73              		.loc 1 218 0
  74 0002 0A4C     		ldr	r4, .L5
  75 0004 2268     		ldr	r2, [r4]
  76              	.LVL4:
 219:FWLIB/src/stm32f4xx_dac.c ****   /* Clear BOFFx, TENx, TSELx, WAVEx and MAMPx bits */
 220:FWLIB/src/stm32f4xx_dac.c ****   tmpreg1 &= ~(CR_CLEAR_MASK << DAC_Channel);
  77              		.loc 1 220 0
  78 0006 40F6FE73 		movw	r3, #4094
  79 000a 8340     		lsls	r3, r3, r0
  80 000c 22EA0302 		bic	r2, r2, r3
  81              	.LVL5:
 221:FWLIB/src/stm32f4xx_dac.c ****   /* Configure for the selected DAC channel: buffer output, trigger, 
 222:FWLIB/src/stm32f4xx_dac.c ****      wave generation, mask/amplitude for wave generation */
 223:FWLIB/src/stm32f4xx_dac.c ****   /* Set TSELx and TENx bits according to DAC_Trigger value */
 224:FWLIB/src/stm32f4xx_dac.c ****   /* Set WAVEx bits according to DAC_WaveGeneration value */
 225:FWLIB/src/stm32f4xx_dac.c ****   /* Set MAMPx bits according to DAC_LFSRUnmask_TriangleAmplitude value */ 
 226:FWLIB/src/stm32f4xx_dac.c ****   /* Set BOFFx bit according to DAC_OutputBuffer value */   
 227:FWLIB/src/stm32f4xx_dac.c ****   tmpreg2 = (DAC_InitStruct->DAC_Trigger | DAC_InitStruct->DAC_WaveGeneration |
  82              		.loc 1 227 0
  83 0010 0B68     		ldr	r3, [r1]
  84 0012 4D68     		ldr	r5, [r1, #4]
  85 0014 2B43     		orrs	r3, r3, r5
 228:FWLIB/src/stm32f4xx_dac.c ****              DAC_InitStruct->DAC_LFSRUnmask_TriangleAmplitude | \
  86              		.loc 1 228 0
  87 0016 8D68     		ldr	r5, [r1, #8]
 227:FWLIB/src/stm32f4xx_dac.c ****              DAC_InitStruct->DAC_LFSRUnmask_TriangleAmplitude | \
  88              		.loc 1 227 0
  89 0018 2B43     		orrs	r3, r3, r5
 229:FWLIB/src/stm32f4xx_dac.c ****              DAC_InitStruct->DAC_OutputBuffer);
  90              		.loc 1 229 0
  91 001a C968     		ldr	r1, [r1, #12]
  92              	.LVL6:
 227:FWLIB/src/stm32f4xx_dac.c ****              DAC_InitStruct->DAC_LFSRUnmask_TriangleAmplitude | \
  93              		.loc 1 227 0
  94 001c 0B43     		orrs	r3, r3, r1
  95              	.LVL7:
 230:FWLIB/src/stm32f4xx_dac.c ****   /* Calculate CR register value depending on DAC_Channel */
 231:FWLIB/src/stm32f4xx_dac.c ****   tmpreg1 |= tmpreg2 << DAC_Channel;
  96              		.loc 1 231 0
  97 001e 03FA00F0 		lsl	r0, r3, r0
  98              	.LVL8:
  99 0022 1043     		orrs	r0, r0, r2
 100              	.LVL9:
 232:FWLIB/src/stm32f4xx_dac.c ****   /* Write to DAC CR */
 233:FWLIB/src/stm32f4xx_dac.c ****   DAC->CR = tmpreg1;
 101              		.loc 1 233 0
 102 0024 2060     		str	r0, [r4]
 234:FWLIB/src/stm32f4xx_dac.c **** }
 103              		.loc 1 234 0
 104 0026 30BC     		pop	{r4, r5}
 105              	.LCFI2:
 106              		.cfi_restore 5
 107              		.cfi_restore 4
 108              		.cfi_def_cfa_offset 0
 109 0028 7047     		bx	lr
ARM GAS  /tmp/ccwsODuc.s 			page 7


 110              	.L6:
 111 002a 00BF     		.align	2
 112              	.L5:
 113 002c 00740040 		.word	1073771520
 114              		.cfi_endproc
 115              	.LFE124:
 117              		.section	.text.DAC_StructInit,"ax",%progbits
 118              		.align	1
 119              		.global	DAC_StructInit
 120              		.syntax unified
 121              		.thumb
 122              		.thumb_func
 123              		.fpu fpv4-sp-d16
 125              	DAC_StructInit:
 126              	.LFB125:
 235:FWLIB/src/stm32f4xx_dac.c **** 
 236:FWLIB/src/stm32f4xx_dac.c **** /**
 237:FWLIB/src/stm32f4xx_dac.c ****   * @brief  Fills each DAC_InitStruct member with its default value.
 238:FWLIB/src/stm32f4xx_dac.c ****   * @param  DAC_InitStruct: pointer to a DAC_InitTypeDef structure which will 
 239:FWLIB/src/stm32f4xx_dac.c ****   *         be initialized.
 240:FWLIB/src/stm32f4xx_dac.c ****   * @retval None
 241:FWLIB/src/stm32f4xx_dac.c ****   */
 242:FWLIB/src/stm32f4xx_dac.c **** void DAC_StructInit(DAC_InitTypeDef* DAC_InitStruct)
 243:FWLIB/src/stm32f4xx_dac.c **** {
 127              		.loc 1 243 0
 128              		.cfi_startproc
 129              		@ args = 0, pretend = 0, frame = 0
 130              		@ frame_needed = 0, uses_anonymous_args = 0
 131              		@ link register save eliminated.
 132              	.LVL10:
 244:FWLIB/src/stm32f4xx_dac.c **** /*--------------- Reset DAC init structure parameters values -----------------*/
 245:FWLIB/src/stm32f4xx_dac.c ****   /* Initialize the DAC_Trigger member */
 246:FWLIB/src/stm32f4xx_dac.c ****   DAC_InitStruct->DAC_Trigger = DAC_Trigger_None;
 133              		.loc 1 246 0
 134 0000 0023     		movs	r3, #0
 135 0002 0360     		str	r3, [r0]
 247:FWLIB/src/stm32f4xx_dac.c ****   /* Initialize the DAC_WaveGeneration member */
 248:FWLIB/src/stm32f4xx_dac.c ****   DAC_InitStruct->DAC_WaveGeneration = DAC_WaveGeneration_None;
 136              		.loc 1 248 0
 137 0004 4360     		str	r3, [r0, #4]
 249:FWLIB/src/stm32f4xx_dac.c ****   /* Initialize the DAC_LFSRUnmask_TriangleAmplitude member */
 250:FWLIB/src/stm32f4xx_dac.c ****   DAC_InitStruct->DAC_LFSRUnmask_TriangleAmplitude = DAC_LFSRUnmask_Bit0;
 138              		.loc 1 250 0
 139 0006 8360     		str	r3, [r0, #8]
 251:FWLIB/src/stm32f4xx_dac.c ****   /* Initialize the DAC_OutputBuffer member */
 252:FWLIB/src/stm32f4xx_dac.c ****   DAC_InitStruct->DAC_OutputBuffer = DAC_OutputBuffer_Enable;
 140              		.loc 1 252 0
 141 0008 C360     		str	r3, [r0, #12]
 142 000a 7047     		bx	lr
 143              		.cfi_endproc
 144              	.LFE125:
 146              		.section	.text.DAC_Cmd,"ax",%progbits
 147              		.align	1
 148              		.global	DAC_Cmd
 149              		.syntax unified
 150              		.thumb
 151              		.thumb_func
ARM GAS  /tmp/ccwsODuc.s 			page 8


 152              		.fpu fpv4-sp-d16
 154              	DAC_Cmd:
 155              	.LFB126:
 253:FWLIB/src/stm32f4xx_dac.c **** }
 254:FWLIB/src/stm32f4xx_dac.c **** 
 255:FWLIB/src/stm32f4xx_dac.c **** /**
 256:FWLIB/src/stm32f4xx_dac.c ****   * @brief  Enables or disables the specified DAC channel.
 257:FWLIB/src/stm32f4xx_dac.c ****   * @param  DAC_Channel: The selected DAC channel. 
 258:FWLIB/src/stm32f4xx_dac.c ****   *          This parameter can be one of the following values:
 259:FWLIB/src/stm32f4xx_dac.c ****   *            @arg DAC_Channel_1: DAC Channel1 selected
 260:FWLIB/src/stm32f4xx_dac.c ****   *            @arg DAC_Channel_2: DAC Channel2 selected
 261:FWLIB/src/stm32f4xx_dac.c ****   * @param  NewState: new state of the DAC channel. 
 262:FWLIB/src/stm32f4xx_dac.c ****   *          This parameter can be: ENABLE or DISABLE.
 263:FWLIB/src/stm32f4xx_dac.c ****   * @note   When the DAC channel is enabled the trigger source can no more be modified.
 264:FWLIB/src/stm32f4xx_dac.c ****   * @retval None
 265:FWLIB/src/stm32f4xx_dac.c ****   */
 266:FWLIB/src/stm32f4xx_dac.c **** void DAC_Cmd(uint32_t DAC_Channel, FunctionalState NewState)
 267:FWLIB/src/stm32f4xx_dac.c **** {
 156              		.loc 1 267 0
 157              		.cfi_startproc
 158              		@ args = 0, pretend = 0, frame = 0
 159              		@ frame_needed = 0, uses_anonymous_args = 0
 160              		@ link register save eliminated.
 161              	.LVL11:
 268:FWLIB/src/stm32f4xx_dac.c ****   /* Check the parameters */
 269:FWLIB/src/stm32f4xx_dac.c ****   assert_param(IS_DAC_CHANNEL(DAC_Channel));
 270:FWLIB/src/stm32f4xx_dac.c ****   assert_param(IS_FUNCTIONAL_STATE(NewState));
 271:FWLIB/src/stm32f4xx_dac.c **** 
 272:FWLIB/src/stm32f4xx_dac.c ****   if (NewState != DISABLE)
 162              		.loc 1 272 0
 163 0000 41B9     		cbnz	r1, .L11
 273:FWLIB/src/stm32f4xx_dac.c ****   {
 274:FWLIB/src/stm32f4xx_dac.c ****     /* Enable the selected DAC channel */
 275:FWLIB/src/stm32f4xx_dac.c ****     DAC->CR |= (DAC_CR_EN1 << DAC_Channel);
 276:FWLIB/src/stm32f4xx_dac.c ****   }
 277:FWLIB/src/stm32f4xx_dac.c ****   else
 278:FWLIB/src/stm32f4xx_dac.c ****   {
 279:FWLIB/src/stm32f4xx_dac.c ****     /* Disable the selected DAC channel */
 280:FWLIB/src/stm32f4xx_dac.c ****     DAC->CR &= (~(DAC_CR_EN1 << DAC_Channel));
 164              		.loc 1 280 0
 165 0002 0849     		ldr	r1, .L12
 166              	.LVL12:
 167 0004 0B68     		ldr	r3, [r1]
 168 0006 0122     		movs	r2, #1
 169 0008 02FA00F0 		lsl	r0, r2, r0
 170              	.LVL13:
 171 000c 23EA0000 		bic	r0, r3, r0
 172 0010 0860     		str	r0, [r1]
 173 0012 7047     		bx	lr
 174              	.LVL14:
 175              	.L11:
 275:FWLIB/src/stm32f4xx_dac.c ****   }
 176              		.loc 1 275 0
 177 0014 0349     		ldr	r1, .L12
 178              	.LVL15:
 179 0016 0B68     		ldr	r3, [r1]
 180 0018 0122     		movs	r2, #1
ARM GAS  /tmp/ccwsODuc.s 			page 9


 181 001a 02FA00F0 		lsl	r0, r2, r0
 182              	.LVL16:
 183 001e 1843     		orrs	r0, r0, r3
 184 0020 0860     		str	r0, [r1]
 185 0022 7047     		bx	lr
 186              	.L13:
 187              		.align	2
 188              	.L12:
 189 0024 00740040 		.word	1073771520
 190              		.cfi_endproc
 191              	.LFE126:
 193              		.section	.text.DAC_SoftwareTriggerCmd,"ax",%progbits
 194              		.align	1
 195              		.global	DAC_SoftwareTriggerCmd
 196              		.syntax unified
 197              		.thumb
 198              		.thumb_func
 199              		.fpu fpv4-sp-d16
 201              	DAC_SoftwareTriggerCmd:
 202              	.LFB127:
 281:FWLIB/src/stm32f4xx_dac.c ****   }
 282:FWLIB/src/stm32f4xx_dac.c **** }
 283:FWLIB/src/stm32f4xx_dac.c **** 
 284:FWLIB/src/stm32f4xx_dac.c **** /**
 285:FWLIB/src/stm32f4xx_dac.c ****   * @brief  Enables or disables the selected DAC channel software trigger.
 286:FWLIB/src/stm32f4xx_dac.c ****   * @param  DAC_Channel: The selected DAC channel. 
 287:FWLIB/src/stm32f4xx_dac.c ****   *          This parameter can be one of the following values:
 288:FWLIB/src/stm32f4xx_dac.c ****   *            @arg DAC_Channel_1: DAC Channel1 selected
 289:FWLIB/src/stm32f4xx_dac.c ****   *            @arg DAC_Channel_2: DAC Channel2 selected
 290:FWLIB/src/stm32f4xx_dac.c ****   * @param  NewState: new state of the selected DAC channel software trigger.
 291:FWLIB/src/stm32f4xx_dac.c ****   *          This parameter can be: ENABLE or DISABLE.
 292:FWLIB/src/stm32f4xx_dac.c ****   * @retval None
 293:FWLIB/src/stm32f4xx_dac.c ****   */
 294:FWLIB/src/stm32f4xx_dac.c **** void DAC_SoftwareTriggerCmd(uint32_t DAC_Channel, FunctionalState NewState)
 295:FWLIB/src/stm32f4xx_dac.c **** {
 203              		.loc 1 295 0
 204              		.cfi_startproc
 205              		@ args = 0, pretend = 0, frame = 0
 206              		@ frame_needed = 0, uses_anonymous_args = 0
 207              		@ link register save eliminated.
 208              	.LVL17:
 296:FWLIB/src/stm32f4xx_dac.c ****   /* Check the parameters */
 297:FWLIB/src/stm32f4xx_dac.c ****   assert_param(IS_DAC_CHANNEL(DAC_Channel));
 298:FWLIB/src/stm32f4xx_dac.c ****   assert_param(IS_FUNCTIONAL_STATE(NewState));
 299:FWLIB/src/stm32f4xx_dac.c **** 
 300:FWLIB/src/stm32f4xx_dac.c ****   if (NewState != DISABLE)
 209              		.loc 1 300 0
 210 0000 49B9     		cbnz	r1, .L17
 301:FWLIB/src/stm32f4xx_dac.c ****   {
 302:FWLIB/src/stm32f4xx_dac.c ****     /* Enable software trigger for the selected DAC channel */
 303:FWLIB/src/stm32f4xx_dac.c ****     DAC->SWTRIGR |= (uint32_t)DAC_SWTRIGR_SWTRIG1 << (DAC_Channel >> 4);
 304:FWLIB/src/stm32f4xx_dac.c ****   }
 305:FWLIB/src/stm32f4xx_dac.c ****   else
 306:FWLIB/src/stm32f4xx_dac.c ****   {
 307:FWLIB/src/stm32f4xx_dac.c ****     /* Disable software trigger for the selected DAC channel */
 308:FWLIB/src/stm32f4xx_dac.c ****     DAC->SWTRIGR &= ~((uint32_t)DAC_SWTRIGR_SWTRIG1 << (DAC_Channel >> 4));
 211              		.loc 1 308 0
ARM GAS  /tmp/ccwsODuc.s 			page 10


 212 0002 0949     		ldr	r1, .L18
 213              	.LVL18:
 214 0004 4B68     		ldr	r3, [r1, #4]
 215 0006 0009     		lsrs	r0, r0, #4
 216              	.LVL19:
 217 0008 0122     		movs	r2, #1
 218 000a 02FA00F0 		lsl	r0, r2, r0
 219 000e 23EA0000 		bic	r0, r3, r0
 220 0012 4860     		str	r0, [r1, #4]
 221 0014 7047     		bx	lr
 222              	.LVL20:
 223              	.L17:
 303:FWLIB/src/stm32f4xx_dac.c ****   }
 224              		.loc 1 303 0
 225 0016 0449     		ldr	r1, .L18
 226              	.LVL21:
 227 0018 4B68     		ldr	r3, [r1, #4]
 228 001a 0009     		lsrs	r0, r0, #4
 229              	.LVL22:
 230 001c 0122     		movs	r2, #1
 231 001e 02FA00F0 		lsl	r0, r2, r0
 232 0022 1843     		orrs	r0, r0, r3
 233 0024 4860     		str	r0, [r1, #4]
 234 0026 7047     		bx	lr
 235              	.L19:
 236              		.align	2
 237              	.L18:
 238 0028 00740040 		.word	1073771520
 239              		.cfi_endproc
 240              	.LFE127:
 242              		.section	.text.DAC_DualSoftwareTriggerCmd,"ax",%progbits
 243              		.align	1
 244              		.global	DAC_DualSoftwareTriggerCmd
 245              		.syntax unified
 246              		.thumb
 247              		.thumb_func
 248              		.fpu fpv4-sp-d16
 250              	DAC_DualSoftwareTriggerCmd:
 251              	.LFB128:
 309:FWLIB/src/stm32f4xx_dac.c ****   }
 310:FWLIB/src/stm32f4xx_dac.c **** }
 311:FWLIB/src/stm32f4xx_dac.c **** 
 312:FWLIB/src/stm32f4xx_dac.c **** /**
 313:FWLIB/src/stm32f4xx_dac.c ****   * @brief  Enables or disables simultaneously the two DAC channels software triggers.
 314:FWLIB/src/stm32f4xx_dac.c ****   * @param  NewState: new state of the DAC channels software triggers.
 315:FWLIB/src/stm32f4xx_dac.c ****   *          This parameter can be: ENABLE or DISABLE.
 316:FWLIB/src/stm32f4xx_dac.c ****   * @retval None
 317:FWLIB/src/stm32f4xx_dac.c ****   */
 318:FWLIB/src/stm32f4xx_dac.c **** void DAC_DualSoftwareTriggerCmd(FunctionalState NewState)
 319:FWLIB/src/stm32f4xx_dac.c **** {
 252              		.loc 1 319 0
 253              		.cfi_startproc
 254              		@ args = 0, pretend = 0, frame = 0
 255              		@ frame_needed = 0, uses_anonymous_args = 0
 256              		@ link register save eliminated.
 257              	.LVL23:
 320:FWLIB/src/stm32f4xx_dac.c ****   /* Check the parameters */
ARM GAS  /tmp/ccwsODuc.s 			page 11


 321:FWLIB/src/stm32f4xx_dac.c ****   assert_param(IS_FUNCTIONAL_STATE(NewState));
 322:FWLIB/src/stm32f4xx_dac.c **** 
 323:FWLIB/src/stm32f4xx_dac.c ****   if (NewState != DISABLE)
 258              		.loc 1 323 0
 259 0000 28B9     		cbnz	r0, .L23
 324:FWLIB/src/stm32f4xx_dac.c ****   {
 325:FWLIB/src/stm32f4xx_dac.c ****     /* Enable software trigger for both DAC channels */
 326:FWLIB/src/stm32f4xx_dac.c ****     DAC->SWTRIGR |= DUAL_SWTRIG_SET;
 327:FWLIB/src/stm32f4xx_dac.c ****   }
 328:FWLIB/src/stm32f4xx_dac.c ****   else
 329:FWLIB/src/stm32f4xx_dac.c ****   {
 330:FWLIB/src/stm32f4xx_dac.c ****     /* Disable software trigger for both DAC channels */
 331:FWLIB/src/stm32f4xx_dac.c ****     DAC->SWTRIGR &= DUAL_SWTRIG_RESET;
 260              		.loc 1 331 0
 261 0002 064A     		ldr	r2, .L24
 262 0004 5368     		ldr	r3, [r2, #4]
 263 0006 23F00303 		bic	r3, r3, #3
 264 000a 5360     		str	r3, [r2, #4]
 265 000c 7047     		bx	lr
 266              	.L23:
 326:FWLIB/src/stm32f4xx_dac.c ****   }
 267              		.loc 1 326 0
 268 000e 034A     		ldr	r2, .L24
 269 0010 5368     		ldr	r3, [r2, #4]
 270 0012 43F00303 		orr	r3, r3, #3
 271 0016 5360     		str	r3, [r2, #4]
 272 0018 7047     		bx	lr
 273              	.L25:
 274 001a 00BF     		.align	2
 275              	.L24:
 276 001c 00740040 		.word	1073771520
 277              		.cfi_endproc
 278              	.LFE128:
 280              		.section	.text.DAC_WaveGenerationCmd,"ax",%progbits
 281              		.align	1
 282              		.global	DAC_WaveGenerationCmd
 283              		.syntax unified
 284              		.thumb
 285              		.thumb_func
 286              		.fpu fpv4-sp-d16
 288              	DAC_WaveGenerationCmd:
 289              	.LFB129:
 332:FWLIB/src/stm32f4xx_dac.c ****   }
 333:FWLIB/src/stm32f4xx_dac.c **** }
 334:FWLIB/src/stm32f4xx_dac.c **** 
 335:FWLIB/src/stm32f4xx_dac.c **** /**
 336:FWLIB/src/stm32f4xx_dac.c ****   * @brief  Enables or disables the selected DAC channel wave generation.
 337:FWLIB/src/stm32f4xx_dac.c ****   * @param  DAC_Channel: The selected DAC channel. 
 338:FWLIB/src/stm32f4xx_dac.c ****   *          This parameter can be one of the following values:
 339:FWLIB/src/stm32f4xx_dac.c ****   *            @arg DAC_Channel_1: DAC Channel1 selected
 340:FWLIB/src/stm32f4xx_dac.c ****   *            @arg DAC_Channel_2: DAC Channel2 selected
 341:FWLIB/src/stm32f4xx_dac.c ****   * @param  DAC_Wave: specifies the wave type to enable or disable.
 342:FWLIB/src/stm32f4xx_dac.c ****   *          This parameter can be one of the following values:
 343:FWLIB/src/stm32f4xx_dac.c ****   *            @arg DAC_Wave_Noise: noise wave generation
 344:FWLIB/src/stm32f4xx_dac.c ****   *            @arg DAC_Wave_Triangle: triangle wave generation
 345:FWLIB/src/stm32f4xx_dac.c ****   * @param  NewState: new state of the selected DAC channel wave generation.
 346:FWLIB/src/stm32f4xx_dac.c ****   *          This parameter can be: ENABLE or DISABLE.  
ARM GAS  /tmp/ccwsODuc.s 			page 12


 347:FWLIB/src/stm32f4xx_dac.c ****   * @retval None
 348:FWLIB/src/stm32f4xx_dac.c ****   */
 349:FWLIB/src/stm32f4xx_dac.c **** void DAC_WaveGenerationCmd(uint32_t DAC_Channel, uint32_t DAC_Wave, FunctionalState NewState)
 350:FWLIB/src/stm32f4xx_dac.c **** {
 290              		.loc 1 350 0
 291              		.cfi_startproc
 292              		@ args = 0, pretend = 0, frame = 0
 293              		@ frame_needed = 0, uses_anonymous_args = 0
 294              		@ link register save eliminated.
 295              	.LVL24:
 351:FWLIB/src/stm32f4xx_dac.c ****   /* Check the parameters */
 352:FWLIB/src/stm32f4xx_dac.c ****   assert_param(IS_DAC_CHANNEL(DAC_Channel));
 353:FWLIB/src/stm32f4xx_dac.c ****   assert_param(IS_DAC_WAVE(DAC_Wave)); 
 354:FWLIB/src/stm32f4xx_dac.c ****   assert_param(IS_FUNCTIONAL_STATE(NewState));
 355:FWLIB/src/stm32f4xx_dac.c **** 
 356:FWLIB/src/stm32f4xx_dac.c ****   if (NewState != DISABLE)
 296              		.loc 1 356 0
 297 0000 32B9     		cbnz	r2, .L29
 357:FWLIB/src/stm32f4xx_dac.c ****   {
 358:FWLIB/src/stm32f4xx_dac.c ****     /* Enable the selected wave generation for the selected DAC channel */
 359:FWLIB/src/stm32f4xx_dac.c ****     DAC->CR |= DAC_Wave << DAC_Channel;
 360:FWLIB/src/stm32f4xx_dac.c ****   }
 361:FWLIB/src/stm32f4xx_dac.c ****   else
 362:FWLIB/src/stm32f4xx_dac.c ****   {
 363:FWLIB/src/stm32f4xx_dac.c ****     /* Disable the selected wave generation for the selected DAC channel */
 364:FWLIB/src/stm32f4xx_dac.c ****     DAC->CR &= ~(DAC_Wave << DAC_Channel);
 298              		.loc 1 364 0
 299 0002 064A     		ldr	r2, .L30
 300              	.LVL25:
 301 0004 1368     		ldr	r3, [r2]
 302 0006 8140     		lsls	r1, r1, r0
 303              	.LVL26:
 304 0008 23EA0101 		bic	r1, r3, r1
 305 000c 1160     		str	r1, [r2]
 306 000e 7047     		bx	lr
 307              	.LVL27:
 308              	.L29:
 359:FWLIB/src/stm32f4xx_dac.c ****   }
 309              		.loc 1 359 0
 310 0010 024A     		ldr	r2, .L30
 311              	.LVL28:
 312 0012 1368     		ldr	r3, [r2]
 313 0014 8140     		lsls	r1, r1, r0
 314              	.LVL29:
 315 0016 1943     		orrs	r1, r1, r3
 316 0018 1160     		str	r1, [r2]
 317 001a 7047     		bx	lr
 318              	.L31:
 319              		.align	2
 320              	.L30:
 321 001c 00740040 		.word	1073771520
 322              		.cfi_endproc
 323              	.LFE129:
 325              		.section	.text.DAC_SetChannel1Data,"ax",%progbits
 326              		.align	1
 327              		.global	DAC_SetChannel1Data
 328              		.syntax unified
ARM GAS  /tmp/ccwsODuc.s 			page 13


 329              		.thumb
 330              		.thumb_func
 331              		.fpu fpv4-sp-d16
 333              	DAC_SetChannel1Data:
 334              	.LFB130:
 365:FWLIB/src/stm32f4xx_dac.c ****   }
 366:FWLIB/src/stm32f4xx_dac.c **** }
 367:FWLIB/src/stm32f4xx_dac.c **** 
 368:FWLIB/src/stm32f4xx_dac.c **** /**
 369:FWLIB/src/stm32f4xx_dac.c ****   * @brief  Set the specified data holding register value for DAC channel1.
 370:FWLIB/src/stm32f4xx_dac.c ****   * @param  DAC_Align: Specifies the data alignment for DAC channel1.
 371:FWLIB/src/stm32f4xx_dac.c ****   *          This parameter can be one of the following values:
 372:FWLIB/src/stm32f4xx_dac.c ****   *            @arg DAC_Align_8b_R: 8bit right data alignment selected
 373:FWLIB/src/stm32f4xx_dac.c ****   *            @arg DAC_Align_12b_L: 12bit left data alignment selected
 374:FWLIB/src/stm32f4xx_dac.c ****   *            @arg DAC_Align_12b_R: 12bit right data alignment selected
 375:FWLIB/src/stm32f4xx_dac.c ****   * @param  Data: Data to be loaded in the selected data holding register.
 376:FWLIB/src/stm32f4xx_dac.c ****   * @retval None
 377:FWLIB/src/stm32f4xx_dac.c ****   */
 378:FWLIB/src/stm32f4xx_dac.c **** void DAC_SetChannel1Data(uint32_t DAC_Align, uint16_t Data)
 379:FWLIB/src/stm32f4xx_dac.c **** {  
 335              		.loc 1 379 0
 336              		.cfi_startproc
 337              		@ args = 0, pretend = 0, frame = 8
 338              		@ frame_needed = 0, uses_anonymous_args = 0
 339              		@ link register save eliminated.
 340              	.LVL30:
 341 0000 82B0     		sub	sp, sp, #8
 342              	.LCFI3:
 343              		.cfi_def_cfa_offset 8
 380:FWLIB/src/stm32f4xx_dac.c ****   __IO uint32_t tmp = 0;
 344              		.loc 1 380 0
 345 0002 0023     		movs	r3, #0
 346 0004 0193     		str	r3, [sp, #4]
 381:FWLIB/src/stm32f4xx_dac.c ****   
 382:FWLIB/src/stm32f4xx_dac.c ****   /* Check the parameters */
 383:FWLIB/src/stm32f4xx_dac.c ****   assert_param(IS_DAC_ALIGN(DAC_Align));
 384:FWLIB/src/stm32f4xx_dac.c ****   assert_param(IS_DAC_DATA(Data));
 385:FWLIB/src/stm32f4xx_dac.c ****   
 386:FWLIB/src/stm32f4xx_dac.c ****   tmp = (uint32_t)DAC_BASE; 
 347              		.loc 1 386 0
 348 0006 054B     		ldr	r3, .L34
 349 0008 0193     		str	r3, [sp, #4]
 387:FWLIB/src/stm32f4xx_dac.c ****   tmp += DHR12R1_OFFSET + DAC_Align;
 350              		.loc 1 387 0
 351 000a 019B     		ldr	r3, [sp, #4]
 352 000c 1844     		add	r0, r0, r3
 353              	.LVL31:
 354 000e 0830     		adds	r0, r0, #8
 355 0010 0190     		str	r0, [sp, #4]
 388:FWLIB/src/stm32f4xx_dac.c **** 
 389:FWLIB/src/stm32f4xx_dac.c ****   /* Set the DAC channel1 selected data holding register */
 390:FWLIB/src/stm32f4xx_dac.c ****   *(__IO uint32_t *) tmp = Data;
 356              		.loc 1 390 0
 357 0012 019B     		ldr	r3, [sp, #4]
 358 0014 1960     		str	r1, [r3]
 391:FWLIB/src/stm32f4xx_dac.c **** }
 359              		.loc 1 391 0
ARM GAS  /tmp/ccwsODuc.s 			page 14


 360 0016 02B0     		add	sp, sp, #8
 361              	.LCFI4:
 362              		.cfi_def_cfa_offset 0
 363              		@ sp needed
 364 0018 7047     		bx	lr
 365              	.L35:
 366 001a 00BF     		.align	2
 367              	.L34:
 368 001c 00740040 		.word	1073771520
 369              		.cfi_endproc
 370              	.LFE130:
 372              		.section	.text.DAC_SetChannel2Data,"ax",%progbits
 373              		.align	1
 374              		.global	DAC_SetChannel2Data
 375              		.syntax unified
 376              		.thumb
 377              		.thumb_func
 378              		.fpu fpv4-sp-d16
 380              	DAC_SetChannel2Data:
 381              	.LFB131:
 392:FWLIB/src/stm32f4xx_dac.c **** 
 393:FWLIB/src/stm32f4xx_dac.c **** /**
 394:FWLIB/src/stm32f4xx_dac.c ****   * @brief  Set the specified data holding register value for DAC channel2.
 395:FWLIB/src/stm32f4xx_dac.c ****   * @param  DAC_Align: Specifies the data alignment for DAC channel2.
 396:FWLIB/src/stm32f4xx_dac.c ****   *          This parameter can be one of the following values:
 397:FWLIB/src/stm32f4xx_dac.c ****   *            @arg DAC_Align_8b_R: 8bit right data alignment selected
 398:FWLIB/src/stm32f4xx_dac.c ****   *            @arg DAC_Align_12b_L: 12bit left data alignment selected
 399:FWLIB/src/stm32f4xx_dac.c ****   *            @arg DAC_Align_12b_R: 12bit right data alignment selected
 400:FWLIB/src/stm32f4xx_dac.c ****   * @param  Data: Data to be loaded in the selected data holding register.
 401:FWLIB/src/stm32f4xx_dac.c ****   * @retval None
 402:FWLIB/src/stm32f4xx_dac.c ****   */
 403:FWLIB/src/stm32f4xx_dac.c **** void DAC_SetChannel2Data(uint32_t DAC_Align, uint16_t Data)
 404:FWLIB/src/stm32f4xx_dac.c **** {
 382              		.loc 1 404 0
 383              		.cfi_startproc
 384              		@ args = 0, pretend = 0, frame = 8
 385              		@ frame_needed = 0, uses_anonymous_args = 0
 386              		@ link register save eliminated.
 387              	.LVL32:
 388 0000 82B0     		sub	sp, sp, #8
 389              	.LCFI5:
 390              		.cfi_def_cfa_offset 8
 405:FWLIB/src/stm32f4xx_dac.c ****   __IO uint32_t tmp = 0;
 391              		.loc 1 405 0
 392 0002 0023     		movs	r3, #0
 393 0004 0193     		str	r3, [sp, #4]
 406:FWLIB/src/stm32f4xx_dac.c **** 
 407:FWLIB/src/stm32f4xx_dac.c ****   /* Check the parameters */
 408:FWLIB/src/stm32f4xx_dac.c ****   assert_param(IS_DAC_ALIGN(DAC_Align));
 409:FWLIB/src/stm32f4xx_dac.c ****   assert_param(IS_DAC_DATA(Data));
 410:FWLIB/src/stm32f4xx_dac.c ****   
 411:FWLIB/src/stm32f4xx_dac.c ****   tmp = (uint32_t)DAC_BASE;
 394              		.loc 1 411 0
 395 0006 054B     		ldr	r3, .L38
 396 0008 0193     		str	r3, [sp, #4]
 412:FWLIB/src/stm32f4xx_dac.c ****   tmp += DHR12R2_OFFSET + DAC_Align;
 397              		.loc 1 412 0
ARM GAS  /tmp/ccwsODuc.s 			page 15


 398 000a 019B     		ldr	r3, [sp, #4]
 399 000c 1844     		add	r0, r0, r3
 400              	.LVL33:
 401 000e 1430     		adds	r0, r0, #20
 402 0010 0190     		str	r0, [sp, #4]
 413:FWLIB/src/stm32f4xx_dac.c **** 
 414:FWLIB/src/stm32f4xx_dac.c ****   /* Set the DAC channel2 selected data holding register */
 415:FWLIB/src/stm32f4xx_dac.c ****   *(__IO uint32_t *)tmp = Data;
 403              		.loc 1 415 0
 404 0012 019B     		ldr	r3, [sp, #4]
 405 0014 1960     		str	r1, [r3]
 416:FWLIB/src/stm32f4xx_dac.c **** }
 406              		.loc 1 416 0
 407 0016 02B0     		add	sp, sp, #8
 408              	.LCFI6:
 409              		.cfi_def_cfa_offset 0
 410              		@ sp needed
 411 0018 7047     		bx	lr
 412              	.L39:
 413 001a 00BF     		.align	2
 414              	.L38:
 415 001c 00740040 		.word	1073771520
 416              		.cfi_endproc
 417              	.LFE131:
 419              		.section	.text.DAC_SetDualChannelData,"ax",%progbits
 420              		.align	1
 421              		.global	DAC_SetDualChannelData
 422              		.syntax unified
 423              		.thumb
 424              		.thumb_func
 425              		.fpu fpv4-sp-d16
 427              	DAC_SetDualChannelData:
 428              	.LFB132:
 417:FWLIB/src/stm32f4xx_dac.c **** 
 418:FWLIB/src/stm32f4xx_dac.c **** /**
 419:FWLIB/src/stm32f4xx_dac.c ****   * @brief  Set the specified data holding register value for dual channel DAC.
 420:FWLIB/src/stm32f4xx_dac.c ****   * @param  DAC_Align: Specifies the data alignment for dual channel DAC.
 421:FWLIB/src/stm32f4xx_dac.c ****   *          This parameter can be one of the following values:
 422:FWLIB/src/stm32f4xx_dac.c ****   *            @arg DAC_Align_8b_R: 8bit right data alignment selected
 423:FWLIB/src/stm32f4xx_dac.c ****   *            @arg DAC_Align_12b_L: 12bit left data alignment selected
 424:FWLIB/src/stm32f4xx_dac.c ****   *            @arg DAC_Align_12b_R: 12bit right data alignment selected
 425:FWLIB/src/stm32f4xx_dac.c ****   * @param  Data2: Data for DAC Channel2 to be loaded in the selected data holding register.
 426:FWLIB/src/stm32f4xx_dac.c ****   * @param  Data1: Data for DAC Channel1 to be loaded in the selected data  holding register.
 427:FWLIB/src/stm32f4xx_dac.c ****   * @note   In dual mode, a unique register access is required to write in both
 428:FWLIB/src/stm32f4xx_dac.c ****   *          DAC channels at the same time.
 429:FWLIB/src/stm32f4xx_dac.c ****   * @retval None
 430:FWLIB/src/stm32f4xx_dac.c ****   */
 431:FWLIB/src/stm32f4xx_dac.c **** void DAC_SetDualChannelData(uint32_t DAC_Align, uint16_t Data2, uint16_t Data1)
 432:FWLIB/src/stm32f4xx_dac.c **** {
 429              		.loc 1 432 0
 430              		.cfi_startproc
 431              		@ args = 0, pretend = 0, frame = 0
 432              		@ frame_needed = 0, uses_anonymous_args = 0
 433              		@ link register save eliminated.
 434              	.LVL34:
 433:FWLIB/src/stm32f4xx_dac.c ****   uint32_t data = 0, tmp = 0;
 434:FWLIB/src/stm32f4xx_dac.c ****   
ARM GAS  /tmp/ccwsODuc.s 			page 16


 435:FWLIB/src/stm32f4xx_dac.c ****   /* Check the parameters */
 436:FWLIB/src/stm32f4xx_dac.c ****   assert_param(IS_DAC_ALIGN(DAC_Align));
 437:FWLIB/src/stm32f4xx_dac.c ****   assert_param(IS_DAC_DATA(Data1));
 438:FWLIB/src/stm32f4xx_dac.c ****   assert_param(IS_DAC_DATA(Data2));
 439:FWLIB/src/stm32f4xx_dac.c ****   
 440:FWLIB/src/stm32f4xx_dac.c ****   /* Calculate and set dual DAC data holding register value */
 441:FWLIB/src/stm32f4xx_dac.c ****   if (DAC_Align == DAC_Align_8b_R)
 435              		.loc 1 441 0
 436 0000 0828     		cmp	r0, #8
 437 0002 04D0     		beq	.L43
 442:FWLIB/src/stm32f4xx_dac.c ****   {
 443:FWLIB/src/stm32f4xx_dac.c ****     data = ((uint32_t)Data2 << 8) | Data1; 
 444:FWLIB/src/stm32f4xx_dac.c ****   }
 445:FWLIB/src/stm32f4xx_dac.c ****   else
 446:FWLIB/src/stm32f4xx_dac.c ****   {
 447:FWLIB/src/stm32f4xx_dac.c ****     data = ((uint32_t)Data2 << 16) | Data1;
 438              		.loc 1 447 0
 439 0004 42EA0142 		orr	r2, r2, r1, lsl #16
 440              	.LVL35:
 441              	.L42:
 448:FWLIB/src/stm32f4xx_dac.c ****   }
 449:FWLIB/src/stm32f4xx_dac.c ****   
 450:FWLIB/src/stm32f4xx_dac.c ****   tmp = (uint32_t)DAC_BASE;
 451:FWLIB/src/stm32f4xx_dac.c ****   tmp += DHR12RD_OFFSET + DAC_Align;
 442              		.loc 1 451 0
 443 0008 024B     		ldr	r3, .L44
 444              	.LVL36:
 452:FWLIB/src/stm32f4xx_dac.c **** 
 453:FWLIB/src/stm32f4xx_dac.c ****   /* Set the dual DAC selected data holding register */
 454:FWLIB/src/stm32f4xx_dac.c ****   *(__IO uint32_t *)tmp = data;
 445              		.loc 1 454 0
 446 000a C250     		str	r2, [r0, r3]
 447 000c 7047     		bx	lr
 448              	.LVL37:
 449              	.L43:
 443:FWLIB/src/stm32f4xx_dac.c ****   }
 450              		.loc 1 443 0
 451 000e 42EA0122 		orr	r2, r2, r1, lsl #8
 452              	.LVL38:
 453 0012 F9E7     		b	.L42
 454              	.L45:
 455              		.align	2
 456              	.L44:
 457 0014 20740040 		.word	1073771552
 458              		.cfi_endproc
 459              	.LFE132:
 461              		.section	.text.DAC_GetDataOutputValue,"ax",%progbits
 462              		.align	1
 463              		.global	DAC_GetDataOutputValue
 464              		.syntax unified
 465              		.thumb
 466              		.thumb_func
 467              		.fpu fpv4-sp-d16
 469              	DAC_GetDataOutputValue:
 470              	.LFB133:
 455:FWLIB/src/stm32f4xx_dac.c **** }
 456:FWLIB/src/stm32f4xx_dac.c **** 
ARM GAS  /tmp/ccwsODuc.s 			page 17


 457:FWLIB/src/stm32f4xx_dac.c **** /**
 458:FWLIB/src/stm32f4xx_dac.c ****   * @brief  Returns the last data output value of the selected DAC channel.
 459:FWLIB/src/stm32f4xx_dac.c ****   * @param  DAC_Channel: The selected DAC channel. 
 460:FWLIB/src/stm32f4xx_dac.c ****   *          This parameter can be one of the following values:
 461:FWLIB/src/stm32f4xx_dac.c ****   *            @arg DAC_Channel_1: DAC Channel1 selected
 462:FWLIB/src/stm32f4xx_dac.c ****   *            @arg DAC_Channel_2: DAC Channel2 selected
 463:FWLIB/src/stm32f4xx_dac.c ****   * @retval The selected DAC channel data output value.
 464:FWLIB/src/stm32f4xx_dac.c ****   */
 465:FWLIB/src/stm32f4xx_dac.c **** uint16_t DAC_GetDataOutputValue(uint32_t DAC_Channel)
 466:FWLIB/src/stm32f4xx_dac.c **** {
 471              		.loc 1 466 0
 472              		.cfi_startproc
 473              		@ args = 0, pretend = 0, frame = 8
 474              		@ frame_needed = 0, uses_anonymous_args = 0
 475              		@ link register save eliminated.
 476              	.LVL39:
 477 0000 82B0     		sub	sp, sp, #8
 478              	.LCFI7:
 479              		.cfi_def_cfa_offset 8
 467:FWLIB/src/stm32f4xx_dac.c ****   __IO uint32_t tmp = 0;
 480              		.loc 1 467 0
 481 0002 0023     		movs	r3, #0
 482 0004 0193     		str	r3, [sp, #4]
 468:FWLIB/src/stm32f4xx_dac.c ****   
 469:FWLIB/src/stm32f4xx_dac.c ****   /* Check the parameters */
 470:FWLIB/src/stm32f4xx_dac.c ****   assert_param(IS_DAC_CHANNEL(DAC_Channel));
 471:FWLIB/src/stm32f4xx_dac.c ****   
 472:FWLIB/src/stm32f4xx_dac.c ****   tmp = (uint32_t) DAC_BASE ;
 483              		.loc 1 472 0
 484 0006 064B     		ldr	r3, .L48
 485 0008 0193     		str	r3, [sp, #4]
 473:FWLIB/src/stm32f4xx_dac.c ****   tmp += DOR_OFFSET + ((uint32_t)DAC_Channel >> 2);
 486              		.loc 1 473 0
 487 000a 019B     		ldr	r3, [sp, #4]
 488 000c 03EB9000 		add	r0, r3, r0, lsr #2
 489              	.LVL40:
 490 0010 2C30     		adds	r0, r0, #44
 491 0012 0190     		str	r0, [sp, #4]
 474:FWLIB/src/stm32f4xx_dac.c ****   
 475:FWLIB/src/stm32f4xx_dac.c ****   /* Returns the DAC channel data output register value */
 476:FWLIB/src/stm32f4xx_dac.c ****   return (uint16_t) (*(__IO uint32_t*) tmp);
 492              		.loc 1 476 0
 493 0014 019B     		ldr	r3, [sp, #4]
 494 0016 1868     		ldr	r0, [r3]
 477:FWLIB/src/stm32f4xx_dac.c **** }
 495              		.loc 1 477 0
 496 0018 80B2     		uxth	r0, r0
 497 001a 02B0     		add	sp, sp, #8
 498              	.LCFI8:
 499              		.cfi_def_cfa_offset 0
 500              		@ sp needed
 501 001c 7047     		bx	lr
 502              	.L49:
 503 001e 00BF     		.align	2
 504              	.L48:
 505 0020 00740040 		.word	1073771520
 506              		.cfi_endproc
ARM GAS  /tmp/ccwsODuc.s 			page 18


 507              	.LFE133:
 509              		.section	.text.DAC_DMACmd,"ax",%progbits
 510              		.align	1
 511              		.global	DAC_DMACmd
 512              		.syntax unified
 513              		.thumb
 514              		.thumb_func
 515              		.fpu fpv4-sp-d16
 517              	DAC_DMACmd:
 518              	.LFB134:
 478:FWLIB/src/stm32f4xx_dac.c **** /**
 479:FWLIB/src/stm32f4xx_dac.c ****   * @}
 480:FWLIB/src/stm32f4xx_dac.c ****   */
 481:FWLIB/src/stm32f4xx_dac.c **** 
 482:FWLIB/src/stm32f4xx_dac.c **** /** @defgroup DAC_Group2 DMA management functions
 483:FWLIB/src/stm32f4xx_dac.c ****  *  @brief   DMA management functions
 484:FWLIB/src/stm32f4xx_dac.c ****  *
 485:FWLIB/src/stm32f4xx_dac.c **** @verbatim   
 486:FWLIB/src/stm32f4xx_dac.c ****  ===============================================================================
 487:FWLIB/src/stm32f4xx_dac.c ****                        ##### DMA management functions #####
 488:FWLIB/src/stm32f4xx_dac.c ****  ===============================================================================  
 489:FWLIB/src/stm32f4xx_dac.c **** 
 490:FWLIB/src/stm32f4xx_dac.c **** @endverbatim
 491:FWLIB/src/stm32f4xx_dac.c ****   * @{
 492:FWLIB/src/stm32f4xx_dac.c ****   */
 493:FWLIB/src/stm32f4xx_dac.c **** 
 494:FWLIB/src/stm32f4xx_dac.c **** /**
 495:FWLIB/src/stm32f4xx_dac.c ****   * @brief  Enables or disables the specified DAC channel DMA request.
 496:FWLIB/src/stm32f4xx_dac.c ****   * @note   When enabled DMA1 is generated when an external trigger (EXTI Line9,
 497:FWLIB/src/stm32f4xx_dac.c ****   *         TIM2, TIM4, TIM5, TIM6, TIM7 or TIM8  but not a software trigger) occurs.
 498:FWLIB/src/stm32f4xx_dac.c ****   * @param  DAC_Channel: The selected DAC channel. 
 499:FWLIB/src/stm32f4xx_dac.c ****   *          This parameter can be one of the following values:
 500:FWLIB/src/stm32f4xx_dac.c ****   *            @arg DAC_Channel_1: DAC Channel1 selected
 501:FWLIB/src/stm32f4xx_dac.c ****   *            @arg DAC_Channel_2: DAC Channel2 selected
 502:FWLIB/src/stm32f4xx_dac.c ****   * @param  NewState: new state of the selected DAC channel DMA request.
 503:FWLIB/src/stm32f4xx_dac.c ****   *          This parameter can be: ENABLE or DISABLE.
 504:FWLIB/src/stm32f4xx_dac.c ****   * @note   The DAC channel1 is mapped on DMA1 Stream 5 channel7 which must be
 505:FWLIB/src/stm32f4xx_dac.c ****   *          already configured.
 506:FWLIB/src/stm32f4xx_dac.c ****   * @note   The DAC channel2 is mapped on DMA1 Stream 6 channel7 which must be
 507:FWLIB/src/stm32f4xx_dac.c ****   *          already configured.    
 508:FWLIB/src/stm32f4xx_dac.c ****   * @retval None
 509:FWLIB/src/stm32f4xx_dac.c ****   */
 510:FWLIB/src/stm32f4xx_dac.c **** void DAC_DMACmd(uint32_t DAC_Channel, FunctionalState NewState)
 511:FWLIB/src/stm32f4xx_dac.c **** {
 519              		.loc 1 511 0
 520              		.cfi_startproc
 521              		@ args = 0, pretend = 0, frame = 0
 522              		@ frame_needed = 0, uses_anonymous_args = 0
 523              		@ link register save eliminated.
 524              	.LVL41:
 512:FWLIB/src/stm32f4xx_dac.c ****   /* Check the parameters */
 513:FWLIB/src/stm32f4xx_dac.c ****   assert_param(IS_DAC_CHANNEL(DAC_Channel));
 514:FWLIB/src/stm32f4xx_dac.c ****   assert_param(IS_FUNCTIONAL_STATE(NewState));
 515:FWLIB/src/stm32f4xx_dac.c **** 
 516:FWLIB/src/stm32f4xx_dac.c ****   if (NewState != DISABLE)
 525              		.loc 1 516 0
 526 0000 49B9     		cbnz	r1, .L53
ARM GAS  /tmp/ccwsODuc.s 			page 19


 517:FWLIB/src/stm32f4xx_dac.c ****   {
 518:FWLIB/src/stm32f4xx_dac.c ****     /* Enable the selected DAC channel DMA request */
 519:FWLIB/src/stm32f4xx_dac.c ****     DAC->CR |= (DAC_CR_DMAEN1 << DAC_Channel);
 520:FWLIB/src/stm32f4xx_dac.c ****   }
 521:FWLIB/src/stm32f4xx_dac.c ****   else
 522:FWLIB/src/stm32f4xx_dac.c ****   {
 523:FWLIB/src/stm32f4xx_dac.c ****     /* Disable the selected DAC channel DMA request */
 524:FWLIB/src/stm32f4xx_dac.c ****     DAC->CR &= (~(DAC_CR_DMAEN1 << DAC_Channel));
 527              		.loc 1 524 0
 528 0002 0949     		ldr	r1, .L54
 529              	.LVL42:
 530 0004 0B68     		ldr	r3, [r1]
 531 0006 4FF48052 		mov	r2, #4096
 532 000a 02FA00F0 		lsl	r0, r2, r0
 533              	.LVL43:
 534 000e 23EA0000 		bic	r0, r3, r0
 535 0012 0860     		str	r0, [r1]
 536 0014 7047     		bx	lr
 537              	.LVL44:
 538              	.L53:
 519:FWLIB/src/stm32f4xx_dac.c ****   }
 539              		.loc 1 519 0
 540 0016 0449     		ldr	r1, .L54
 541              	.LVL45:
 542 0018 0B68     		ldr	r3, [r1]
 543 001a 4FF48052 		mov	r2, #4096
 544 001e 02FA00F0 		lsl	r0, r2, r0
 545              	.LVL46:
 546 0022 1843     		orrs	r0, r0, r3
 547 0024 0860     		str	r0, [r1]
 548 0026 7047     		bx	lr
 549              	.L55:
 550              		.align	2
 551              	.L54:
 552 0028 00740040 		.word	1073771520
 553              		.cfi_endproc
 554              	.LFE134:
 556              		.section	.text.DAC_ITConfig,"ax",%progbits
 557              		.align	1
 558              		.global	DAC_ITConfig
 559              		.syntax unified
 560              		.thumb
 561              		.thumb_func
 562              		.fpu fpv4-sp-d16
 564              	DAC_ITConfig:
 565              	.LFB135:
 525:FWLIB/src/stm32f4xx_dac.c ****   }
 526:FWLIB/src/stm32f4xx_dac.c **** }
 527:FWLIB/src/stm32f4xx_dac.c **** /**
 528:FWLIB/src/stm32f4xx_dac.c ****   * @}
 529:FWLIB/src/stm32f4xx_dac.c ****   */
 530:FWLIB/src/stm32f4xx_dac.c **** 
 531:FWLIB/src/stm32f4xx_dac.c **** /** @defgroup DAC_Group3 Interrupts and flags management functions
 532:FWLIB/src/stm32f4xx_dac.c ****  *  @brief   Interrupts and flags management functions
 533:FWLIB/src/stm32f4xx_dac.c ****  *
 534:FWLIB/src/stm32f4xx_dac.c **** @verbatim   
 535:FWLIB/src/stm32f4xx_dac.c ****  ===============================================================================
ARM GAS  /tmp/ccwsODuc.s 			page 20


 536:FWLIB/src/stm32f4xx_dac.c ****              ##### Interrupts and flags management functions #####
 537:FWLIB/src/stm32f4xx_dac.c ****  ===============================================================================  
 538:FWLIB/src/stm32f4xx_dac.c **** 
 539:FWLIB/src/stm32f4xx_dac.c **** @endverbatim
 540:FWLIB/src/stm32f4xx_dac.c ****   * @{
 541:FWLIB/src/stm32f4xx_dac.c ****   */
 542:FWLIB/src/stm32f4xx_dac.c **** 
 543:FWLIB/src/stm32f4xx_dac.c **** /**
 544:FWLIB/src/stm32f4xx_dac.c ****   * @brief  Enables or disables the specified DAC interrupts.
 545:FWLIB/src/stm32f4xx_dac.c ****   * @param  DAC_Channel: The selected DAC channel. 
 546:FWLIB/src/stm32f4xx_dac.c ****   *          This parameter can be one of the following values:
 547:FWLIB/src/stm32f4xx_dac.c ****   *            @arg DAC_Channel_1: DAC Channel1 selected
 548:FWLIB/src/stm32f4xx_dac.c ****   *            @arg DAC_Channel_2: DAC Channel2 selected
 549:FWLIB/src/stm32f4xx_dac.c ****   * @param  DAC_IT: specifies the DAC interrupt sources to be enabled or disabled. 
 550:FWLIB/src/stm32f4xx_dac.c ****   *          This parameter can be the following values:
 551:FWLIB/src/stm32f4xx_dac.c ****   *            @arg DAC_IT_DMAUDR: DMA underrun interrupt mask
 552:FWLIB/src/stm32f4xx_dac.c ****   * @note   The DMA underrun occurs when a second external trigger arrives before the 
 553:FWLIB/src/stm32f4xx_dac.c ****   *         acknowledgement for the first external trigger is received (first request).
 554:FWLIB/src/stm32f4xx_dac.c ****   * @param  NewState: new state of the specified DAC interrupts.
 555:FWLIB/src/stm32f4xx_dac.c ****   *          This parameter can be: ENABLE or DISABLE.
 556:FWLIB/src/stm32f4xx_dac.c ****   * @retval None
 557:FWLIB/src/stm32f4xx_dac.c ****   */ 
 558:FWLIB/src/stm32f4xx_dac.c **** void DAC_ITConfig(uint32_t DAC_Channel, uint32_t DAC_IT, FunctionalState NewState)  
 559:FWLIB/src/stm32f4xx_dac.c **** {
 566              		.loc 1 559 0
 567              		.cfi_startproc
 568              		@ args = 0, pretend = 0, frame = 0
 569              		@ frame_needed = 0, uses_anonymous_args = 0
 570              		@ link register save eliminated.
 571              	.LVL47:
 560:FWLIB/src/stm32f4xx_dac.c ****   /* Check the parameters */
 561:FWLIB/src/stm32f4xx_dac.c ****   assert_param(IS_DAC_CHANNEL(DAC_Channel));
 562:FWLIB/src/stm32f4xx_dac.c ****   assert_param(IS_FUNCTIONAL_STATE(NewState));
 563:FWLIB/src/stm32f4xx_dac.c ****   assert_param(IS_DAC_IT(DAC_IT)); 
 564:FWLIB/src/stm32f4xx_dac.c **** 
 565:FWLIB/src/stm32f4xx_dac.c ****   if (NewState != DISABLE)
 572              		.loc 1 565 0
 573 0000 32B9     		cbnz	r2, .L59
 566:FWLIB/src/stm32f4xx_dac.c ****   {
 567:FWLIB/src/stm32f4xx_dac.c ****     /* Enable the selected DAC interrupts */
 568:FWLIB/src/stm32f4xx_dac.c ****     DAC->CR |=  (DAC_IT << DAC_Channel);
 569:FWLIB/src/stm32f4xx_dac.c ****   }
 570:FWLIB/src/stm32f4xx_dac.c ****   else
 571:FWLIB/src/stm32f4xx_dac.c ****   {
 572:FWLIB/src/stm32f4xx_dac.c ****     /* Disable the selected DAC interrupts */
 573:FWLIB/src/stm32f4xx_dac.c ****     DAC->CR &= (~(uint32_t)(DAC_IT << DAC_Channel));
 574              		.loc 1 573 0
 575 0002 064A     		ldr	r2, .L60
 576              	.LVL48:
 577 0004 1368     		ldr	r3, [r2]
 578 0006 8140     		lsls	r1, r1, r0
 579              	.LVL49:
 580 0008 23EA0101 		bic	r1, r3, r1
 581 000c 1160     		str	r1, [r2]
 582 000e 7047     		bx	lr
 583              	.LVL50:
 584              	.L59:
ARM GAS  /tmp/ccwsODuc.s 			page 21


 568:FWLIB/src/stm32f4xx_dac.c ****   }
 585              		.loc 1 568 0
 586 0010 024A     		ldr	r2, .L60
 587              	.LVL51:
 588 0012 1368     		ldr	r3, [r2]
 589 0014 8140     		lsls	r1, r1, r0
 590              	.LVL52:
 591 0016 1943     		orrs	r1, r1, r3
 592 0018 1160     		str	r1, [r2]
 593 001a 7047     		bx	lr
 594              	.L61:
 595              		.align	2
 596              	.L60:
 597 001c 00740040 		.word	1073771520
 598              		.cfi_endproc
 599              	.LFE135:
 601              		.section	.text.DAC_GetFlagStatus,"ax",%progbits
 602              		.align	1
 603              		.global	DAC_GetFlagStatus
 604              		.syntax unified
 605              		.thumb
 606              		.thumb_func
 607              		.fpu fpv4-sp-d16
 609              	DAC_GetFlagStatus:
 610              	.LFB136:
 574:FWLIB/src/stm32f4xx_dac.c ****   }
 575:FWLIB/src/stm32f4xx_dac.c **** }
 576:FWLIB/src/stm32f4xx_dac.c **** 
 577:FWLIB/src/stm32f4xx_dac.c **** /**
 578:FWLIB/src/stm32f4xx_dac.c ****   * @brief  Checks whether the specified DAC flag is set or not.
 579:FWLIB/src/stm32f4xx_dac.c ****   * @param  DAC_Channel: The selected DAC channel. 
 580:FWLIB/src/stm32f4xx_dac.c ****   *          This parameter can be one of the following values:
 581:FWLIB/src/stm32f4xx_dac.c ****   *            @arg DAC_Channel_1: DAC Channel1 selected
 582:FWLIB/src/stm32f4xx_dac.c ****   *            @arg DAC_Channel_2: DAC Channel2 selected
 583:FWLIB/src/stm32f4xx_dac.c ****   * @param  DAC_FLAG: specifies the flag to check. 
 584:FWLIB/src/stm32f4xx_dac.c ****   *          This parameter can be only of the following value:
 585:FWLIB/src/stm32f4xx_dac.c ****   *            @arg DAC_FLAG_DMAUDR: DMA underrun flag
 586:FWLIB/src/stm32f4xx_dac.c ****   * @note   The DMA underrun occurs when a second external trigger arrives before the 
 587:FWLIB/src/stm32f4xx_dac.c ****   *         acknowledgement for the first external trigger is received (first request).
 588:FWLIB/src/stm32f4xx_dac.c ****   * @retval The new state of DAC_FLAG (SET or RESET).
 589:FWLIB/src/stm32f4xx_dac.c ****   */
 590:FWLIB/src/stm32f4xx_dac.c **** FlagStatus DAC_GetFlagStatus(uint32_t DAC_Channel, uint32_t DAC_FLAG)
 591:FWLIB/src/stm32f4xx_dac.c **** {
 611              		.loc 1 591 0
 612              		.cfi_startproc
 613              		@ args = 0, pretend = 0, frame = 0
 614              		@ frame_needed = 0, uses_anonymous_args = 0
 615              		@ link register save eliminated.
 616              	.LVL53:
 592:FWLIB/src/stm32f4xx_dac.c ****   FlagStatus bitstatus = RESET;
 593:FWLIB/src/stm32f4xx_dac.c ****   /* Check the parameters */
 594:FWLIB/src/stm32f4xx_dac.c ****   assert_param(IS_DAC_CHANNEL(DAC_Channel));
 595:FWLIB/src/stm32f4xx_dac.c ****   assert_param(IS_DAC_FLAG(DAC_FLAG));
 596:FWLIB/src/stm32f4xx_dac.c **** 
 597:FWLIB/src/stm32f4xx_dac.c ****   /* Check the status of the specified DAC flag */
 598:FWLIB/src/stm32f4xx_dac.c ****   if ((DAC->SR & (DAC_FLAG << DAC_Channel)) != (uint8_t)RESET)
 617              		.loc 1 598 0
ARM GAS  /tmp/ccwsODuc.s 			page 22


 618 0000 044B     		ldr	r3, .L66
 619 0002 5B6B     		ldr	r3, [r3, #52]
 620 0004 8140     		lsls	r1, r1, r0
 621              	.LVL54:
 622 0006 0B42     		tst	r3, r1
 623 0008 01D1     		bne	.L65
 599:FWLIB/src/stm32f4xx_dac.c ****   {
 600:FWLIB/src/stm32f4xx_dac.c ****     /* DAC_FLAG is set */
 601:FWLIB/src/stm32f4xx_dac.c ****     bitstatus = SET;
 602:FWLIB/src/stm32f4xx_dac.c ****   }
 603:FWLIB/src/stm32f4xx_dac.c ****   else
 604:FWLIB/src/stm32f4xx_dac.c ****   {
 605:FWLIB/src/stm32f4xx_dac.c ****     /* DAC_FLAG is reset */
 606:FWLIB/src/stm32f4xx_dac.c ****     bitstatus = RESET;
 624              		.loc 1 606 0
 625 000a 0020     		movs	r0, #0
 626              	.LVL55:
 607:FWLIB/src/stm32f4xx_dac.c ****   }
 608:FWLIB/src/stm32f4xx_dac.c ****   /* Return the DAC_FLAG status */
 609:FWLIB/src/stm32f4xx_dac.c ****   return  bitstatus;
 610:FWLIB/src/stm32f4xx_dac.c **** }
 627              		.loc 1 610 0
 628 000c 7047     		bx	lr
 629              	.LVL56:
 630              	.L65:
 601:FWLIB/src/stm32f4xx_dac.c ****   }
 631              		.loc 1 601 0
 632 000e 0120     		movs	r0, #1
 633              	.LVL57:
 634 0010 7047     		bx	lr
 635              	.L67:
 636 0012 00BF     		.align	2
 637              	.L66:
 638 0014 00740040 		.word	1073771520
 639              		.cfi_endproc
 640              	.LFE136:
 642              		.section	.text.DAC_ClearFlag,"ax",%progbits
 643              		.align	1
 644              		.global	DAC_ClearFlag
 645              		.syntax unified
 646              		.thumb
 647              		.thumb_func
 648              		.fpu fpv4-sp-d16
 650              	DAC_ClearFlag:
 651              	.LFB137:
 611:FWLIB/src/stm32f4xx_dac.c **** 
 612:FWLIB/src/stm32f4xx_dac.c **** /**
 613:FWLIB/src/stm32f4xx_dac.c ****   * @brief  Clears the DAC channel's pending flags.
 614:FWLIB/src/stm32f4xx_dac.c ****   * @param  DAC_Channel: The selected DAC channel. 
 615:FWLIB/src/stm32f4xx_dac.c ****   *          This parameter can be one of the following values:
 616:FWLIB/src/stm32f4xx_dac.c ****   *            @arg DAC_Channel_1: DAC Channel1 selected
 617:FWLIB/src/stm32f4xx_dac.c ****   *            @arg DAC_Channel_2: DAC Channel2 selected
 618:FWLIB/src/stm32f4xx_dac.c ****   * @param  DAC_FLAG: specifies the flag to clear. 
 619:FWLIB/src/stm32f4xx_dac.c ****   *          This parameter can be of the following value:
 620:FWLIB/src/stm32f4xx_dac.c ****   *            @arg DAC_FLAG_DMAUDR: DMA underrun flag 
 621:FWLIB/src/stm32f4xx_dac.c ****   * @note   The DMA underrun occurs when a second external trigger arrives before the 
 622:FWLIB/src/stm32f4xx_dac.c ****   *         acknowledgement for the first external trigger is received (first request).            
ARM GAS  /tmp/ccwsODuc.s 			page 23


 623:FWLIB/src/stm32f4xx_dac.c ****   * @retval None
 624:FWLIB/src/stm32f4xx_dac.c ****   */
 625:FWLIB/src/stm32f4xx_dac.c **** void DAC_ClearFlag(uint32_t DAC_Channel, uint32_t DAC_FLAG)
 626:FWLIB/src/stm32f4xx_dac.c **** {
 652              		.loc 1 626 0
 653              		.cfi_startproc
 654              		@ args = 0, pretend = 0, frame = 0
 655              		@ frame_needed = 0, uses_anonymous_args = 0
 656              		@ link register save eliminated.
 657              	.LVL58:
 627:FWLIB/src/stm32f4xx_dac.c ****   /* Check the parameters */
 628:FWLIB/src/stm32f4xx_dac.c ****   assert_param(IS_DAC_CHANNEL(DAC_Channel));
 629:FWLIB/src/stm32f4xx_dac.c ****   assert_param(IS_DAC_FLAG(DAC_FLAG));
 630:FWLIB/src/stm32f4xx_dac.c **** 
 631:FWLIB/src/stm32f4xx_dac.c ****   /* Clear the selected DAC flags */
 632:FWLIB/src/stm32f4xx_dac.c ****   DAC->SR = (DAC_FLAG << DAC_Channel);
 658              		.loc 1 632 0
 659 0000 8140     		lsls	r1, r1, r0
 660              	.LVL59:
 661 0002 014B     		ldr	r3, .L69
 662 0004 5963     		str	r1, [r3, #52]
 663 0006 7047     		bx	lr
 664              	.L70:
 665              		.align	2
 666              	.L69:
 667 0008 00740040 		.word	1073771520
 668              		.cfi_endproc
 669              	.LFE137:
 671              		.section	.text.DAC_GetITStatus,"ax",%progbits
 672              		.align	1
 673              		.global	DAC_GetITStatus
 674              		.syntax unified
 675              		.thumb
 676              		.thumb_func
 677              		.fpu fpv4-sp-d16
 679              	DAC_GetITStatus:
 680              	.LFB138:
 633:FWLIB/src/stm32f4xx_dac.c **** }
 634:FWLIB/src/stm32f4xx_dac.c **** 
 635:FWLIB/src/stm32f4xx_dac.c **** /**
 636:FWLIB/src/stm32f4xx_dac.c ****   * @brief  Checks whether the specified DAC interrupt has occurred or not.
 637:FWLIB/src/stm32f4xx_dac.c ****   * @param  DAC_Channel: The selected DAC channel. 
 638:FWLIB/src/stm32f4xx_dac.c ****   *          This parameter can be one of the following values:
 639:FWLIB/src/stm32f4xx_dac.c ****   *            @arg DAC_Channel_1: DAC Channel1 selected
 640:FWLIB/src/stm32f4xx_dac.c ****   *            @arg DAC_Channel_2: DAC Channel2 selected
 641:FWLIB/src/stm32f4xx_dac.c ****   * @param  DAC_IT: specifies the DAC interrupt source to check. 
 642:FWLIB/src/stm32f4xx_dac.c ****   *          This parameter can be the following values:
 643:FWLIB/src/stm32f4xx_dac.c ****   *            @arg DAC_IT_DMAUDR: DMA underrun interrupt mask
 644:FWLIB/src/stm32f4xx_dac.c ****   * @note   The DMA underrun occurs when a second external trigger arrives before the 
 645:FWLIB/src/stm32f4xx_dac.c ****   *         acknowledgement for the first external trigger is received (first request).
 646:FWLIB/src/stm32f4xx_dac.c ****   * @retval The new state of DAC_IT (SET or RESET).
 647:FWLIB/src/stm32f4xx_dac.c ****   */
 648:FWLIB/src/stm32f4xx_dac.c **** ITStatus DAC_GetITStatus(uint32_t DAC_Channel, uint32_t DAC_IT)
 649:FWLIB/src/stm32f4xx_dac.c **** {
 681              		.loc 1 649 0
 682              		.cfi_startproc
 683              		@ args = 0, pretend = 0, frame = 0
ARM GAS  /tmp/ccwsODuc.s 			page 24


 684              		@ frame_needed = 0, uses_anonymous_args = 0
 685              		@ link register save eliminated.
 686              	.LVL60:
 650:FWLIB/src/stm32f4xx_dac.c ****   ITStatus bitstatus = RESET;
 651:FWLIB/src/stm32f4xx_dac.c ****   uint32_t enablestatus = 0;
 652:FWLIB/src/stm32f4xx_dac.c ****   
 653:FWLIB/src/stm32f4xx_dac.c ****   /* Check the parameters */
 654:FWLIB/src/stm32f4xx_dac.c ****   assert_param(IS_DAC_CHANNEL(DAC_Channel));
 655:FWLIB/src/stm32f4xx_dac.c ****   assert_param(IS_DAC_IT(DAC_IT));
 656:FWLIB/src/stm32f4xx_dac.c **** 
 657:FWLIB/src/stm32f4xx_dac.c ****   /* Get the DAC_IT enable bit status */
 658:FWLIB/src/stm32f4xx_dac.c ****   enablestatus = (DAC->CR & (DAC_IT << DAC_Channel)) ;
 687              		.loc 1 658 0
 688 0000 064A     		ldr	r2, .L75
 689 0002 1368     		ldr	r3, [r2]
 690 0004 8140     		lsls	r1, r1, r0
 691              	.LVL61:
 692 0006 0B40     		ands	r3, r3, r1
 693              	.LVL62:
 659:FWLIB/src/stm32f4xx_dac.c ****   
 660:FWLIB/src/stm32f4xx_dac.c ****   /* Check the status of the specified DAC interrupt */
 661:FWLIB/src/stm32f4xx_dac.c ****   if (((DAC->SR & (DAC_IT << DAC_Channel)) != (uint32_t)RESET) && enablestatus)
 694              		.loc 1 661 0
 695 0008 526B     		ldr	r2, [r2, #52]
 696 000a 1142     		tst	r1, r2
 697 000c 02D0     		beq	.L73
 698              		.loc 1 661 0 is_stmt 0 discriminator 1
 699 000e 1BB9     		cbnz	r3, .L74
 662:FWLIB/src/stm32f4xx_dac.c ****   {
 663:FWLIB/src/stm32f4xx_dac.c ****     /* DAC_IT is set */
 664:FWLIB/src/stm32f4xx_dac.c ****     bitstatus = SET;
 665:FWLIB/src/stm32f4xx_dac.c ****   }
 666:FWLIB/src/stm32f4xx_dac.c ****   else
 667:FWLIB/src/stm32f4xx_dac.c ****   {
 668:FWLIB/src/stm32f4xx_dac.c ****     /* DAC_IT is reset */
 669:FWLIB/src/stm32f4xx_dac.c ****     bitstatus = RESET;
 700              		.loc 1 669 0 is_stmt 1
 701 0010 0020     		movs	r0, #0
 702              	.LVL63:
 703 0012 7047     		bx	lr
 704              	.LVL64:
 705              	.L73:
 706 0014 0020     		movs	r0, #0
 707              	.LVL65:
 708 0016 7047     		bx	lr
 709              	.LVL66:
 710              	.L74:
 664:FWLIB/src/stm32f4xx_dac.c ****   }
 711              		.loc 1 664 0
 712 0018 0120     		movs	r0, #1
 713              	.LVL67:
 670:FWLIB/src/stm32f4xx_dac.c ****   }
 671:FWLIB/src/stm32f4xx_dac.c ****   /* Return the DAC_IT status */
 672:FWLIB/src/stm32f4xx_dac.c ****   return  bitstatus;
 673:FWLIB/src/stm32f4xx_dac.c **** }
 714              		.loc 1 673 0
 715 001a 7047     		bx	lr
ARM GAS  /tmp/ccwsODuc.s 			page 25


 716              	.L76:
 717              		.align	2
 718              	.L75:
 719 001c 00740040 		.word	1073771520
 720              		.cfi_endproc
 721              	.LFE138:
 723              		.section	.text.DAC_ClearITPendingBit,"ax",%progbits
 724              		.align	1
 725              		.global	DAC_ClearITPendingBit
 726              		.syntax unified
 727              		.thumb
 728              		.thumb_func
 729              		.fpu fpv4-sp-d16
 731              	DAC_ClearITPendingBit:
 732              	.LFB139:
 674:FWLIB/src/stm32f4xx_dac.c **** 
 675:FWLIB/src/stm32f4xx_dac.c **** /**
 676:FWLIB/src/stm32f4xx_dac.c ****   * @brief  Clears the DAC channel's interrupt pending bits.
 677:FWLIB/src/stm32f4xx_dac.c ****   * @param  DAC_Channel: The selected DAC channel. 
 678:FWLIB/src/stm32f4xx_dac.c ****   *          This parameter can be one of the following values:
 679:FWLIB/src/stm32f4xx_dac.c ****   *            @arg DAC_Channel_1: DAC Channel1 selected
 680:FWLIB/src/stm32f4xx_dac.c ****   *            @arg DAC_Channel_2: DAC Channel2 selected
 681:FWLIB/src/stm32f4xx_dac.c ****   * @param  DAC_IT: specifies the DAC interrupt pending bit to clear.
 682:FWLIB/src/stm32f4xx_dac.c ****   *          This parameter can be the following values:
 683:FWLIB/src/stm32f4xx_dac.c ****   *            @arg DAC_IT_DMAUDR: DMA underrun interrupt mask                         
 684:FWLIB/src/stm32f4xx_dac.c ****   * @note   The DMA underrun occurs when a second external trigger arrives before the 
 685:FWLIB/src/stm32f4xx_dac.c ****   *         acknowledgement for the first external trigger is received (first request).            
 686:FWLIB/src/stm32f4xx_dac.c ****   * @retval None
 687:FWLIB/src/stm32f4xx_dac.c ****   */
 688:FWLIB/src/stm32f4xx_dac.c **** void DAC_ClearITPendingBit(uint32_t DAC_Channel, uint32_t DAC_IT)
 689:FWLIB/src/stm32f4xx_dac.c **** {
 733              		.loc 1 689 0
 734              		.cfi_startproc
 735              		@ args = 0, pretend = 0, frame = 0
 736              		@ frame_needed = 0, uses_anonymous_args = 0
 737              		@ link register save eliminated.
 738              	.LVL68:
 690:FWLIB/src/stm32f4xx_dac.c ****   /* Check the parameters */
 691:FWLIB/src/stm32f4xx_dac.c ****   assert_param(IS_DAC_CHANNEL(DAC_Channel));
 692:FWLIB/src/stm32f4xx_dac.c ****   assert_param(IS_DAC_IT(DAC_IT)); 
 693:FWLIB/src/stm32f4xx_dac.c **** 
 694:FWLIB/src/stm32f4xx_dac.c ****   /* Clear the selected DAC interrupt pending bits */
 695:FWLIB/src/stm32f4xx_dac.c ****   DAC->SR = (DAC_IT << DAC_Channel);
 739              		.loc 1 695 0
 740 0000 8140     		lsls	r1, r1, r0
 741              	.LVL69:
 742 0002 014B     		ldr	r3, .L78
 743 0004 5963     		str	r1, [r3, #52]
 744 0006 7047     		bx	lr
 745              	.L79:
 746              		.align	2
 747              	.L78:
 748 0008 00740040 		.word	1073771520
 749              		.cfi_endproc
 750              	.LFE139:
 752              		.text
 753              	.Letext0:
ARM GAS  /tmp/ccwsODuc.s 			page 26


 754              		.file 2 "/usr/include/newlib/machine/_default_types.h"
 755              		.file 3 "/usr/include/newlib/sys/_stdint.h"
 756              		.file 4 "F4_CORE/core_cm4.h"
 757              		.file 5 "USER/system_stm32f4xx.h"
 758              		.file 6 "USER/stm32f4xx.h"
 759              		.file 7 "FWLIB/inc/stm32f4xx_dac.h"
 760              		.file 8 "FWLIB/inc/stm32f4xx_rcc.h"
ARM GAS  /tmp/ccwsODuc.s 			page 27


DEFINED SYMBOLS
                            *ABS*:0000000000000000 stm32f4xx_dac.c
     /tmp/ccwsODuc.s:18     .text.DAC_DeInit:0000000000000000 $t
     /tmp/ccwsODuc.s:25     .text.DAC_DeInit:0000000000000000 DAC_DeInit
     /tmp/ccwsODuc.s:52     .text.DAC_Init:0000000000000000 $t
     /tmp/ccwsODuc.s:59     .text.DAC_Init:0000000000000000 DAC_Init
     /tmp/ccwsODuc.s:113    .text.DAC_Init:000000000000002c $d
     /tmp/ccwsODuc.s:118    .text.DAC_StructInit:0000000000000000 $t
     /tmp/ccwsODuc.s:125    .text.DAC_StructInit:0000000000000000 DAC_StructInit
     /tmp/ccwsODuc.s:147    .text.DAC_Cmd:0000000000000000 $t
     /tmp/ccwsODuc.s:154    .text.DAC_Cmd:0000000000000000 DAC_Cmd
     /tmp/ccwsODuc.s:189    .text.DAC_Cmd:0000000000000024 $d
     /tmp/ccwsODuc.s:194    .text.DAC_SoftwareTriggerCmd:0000000000000000 $t
     /tmp/ccwsODuc.s:201    .text.DAC_SoftwareTriggerCmd:0000000000000000 DAC_SoftwareTriggerCmd
     /tmp/ccwsODuc.s:238    .text.DAC_SoftwareTriggerCmd:0000000000000028 $d
     /tmp/ccwsODuc.s:243    .text.DAC_DualSoftwareTriggerCmd:0000000000000000 $t
     /tmp/ccwsODuc.s:250    .text.DAC_DualSoftwareTriggerCmd:0000000000000000 DAC_DualSoftwareTriggerCmd
     /tmp/ccwsODuc.s:276    .text.DAC_DualSoftwareTriggerCmd:000000000000001c $d
     /tmp/ccwsODuc.s:281    .text.DAC_WaveGenerationCmd:0000000000000000 $t
     /tmp/ccwsODuc.s:288    .text.DAC_WaveGenerationCmd:0000000000000000 DAC_WaveGenerationCmd
     /tmp/ccwsODuc.s:321    .text.DAC_WaveGenerationCmd:000000000000001c $d
     /tmp/ccwsODuc.s:326    .text.DAC_SetChannel1Data:0000000000000000 $t
     /tmp/ccwsODuc.s:333    .text.DAC_SetChannel1Data:0000000000000000 DAC_SetChannel1Data
     /tmp/ccwsODuc.s:368    .text.DAC_SetChannel1Data:000000000000001c $d
     /tmp/ccwsODuc.s:373    .text.DAC_SetChannel2Data:0000000000000000 $t
     /tmp/ccwsODuc.s:380    .text.DAC_SetChannel2Data:0000000000000000 DAC_SetChannel2Data
     /tmp/ccwsODuc.s:415    .text.DAC_SetChannel2Data:000000000000001c $d
     /tmp/ccwsODuc.s:420    .text.DAC_SetDualChannelData:0000000000000000 $t
     /tmp/ccwsODuc.s:427    .text.DAC_SetDualChannelData:0000000000000000 DAC_SetDualChannelData
     /tmp/ccwsODuc.s:457    .text.DAC_SetDualChannelData:0000000000000014 $d
     /tmp/ccwsODuc.s:462    .text.DAC_GetDataOutputValue:0000000000000000 $t
     /tmp/ccwsODuc.s:469    .text.DAC_GetDataOutputValue:0000000000000000 DAC_GetDataOutputValue
     /tmp/ccwsODuc.s:505    .text.DAC_GetDataOutputValue:0000000000000020 $d
     /tmp/ccwsODuc.s:510    .text.DAC_DMACmd:0000000000000000 $t
     /tmp/ccwsODuc.s:517    .text.DAC_DMACmd:0000000000000000 DAC_DMACmd
     /tmp/ccwsODuc.s:552    .text.DAC_DMACmd:0000000000000028 $d
     /tmp/ccwsODuc.s:557    .text.DAC_ITConfig:0000000000000000 $t
     /tmp/ccwsODuc.s:564    .text.DAC_ITConfig:0000000000000000 DAC_ITConfig
     /tmp/ccwsODuc.s:597    .text.DAC_ITConfig:000000000000001c $d
     /tmp/ccwsODuc.s:602    .text.DAC_GetFlagStatus:0000000000000000 $t
     /tmp/ccwsODuc.s:609    .text.DAC_GetFlagStatus:0000000000000000 DAC_GetFlagStatus
     /tmp/ccwsODuc.s:638    .text.DAC_GetFlagStatus:0000000000000014 $d
     /tmp/ccwsODuc.s:643    .text.DAC_ClearFlag:0000000000000000 $t
     /tmp/ccwsODuc.s:650    .text.DAC_ClearFlag:0000000000000000 DAC_ClearFlag
     /tmp/ccwsODuc.s:667    .text.DAC_ClearFlag:0000000000000008 $d
     /tmp/ccwsODuc.s:672    .text.DAC_GetITStatus:0000000000000000 $t
     /tmp/ccwsODuc.s:679    .text.DAC_GetITStatus:0000000000000000 DAC_GetITStatus
     /tmp/ccwsODuc.s:719    .text.DAC_GetITStatus:000000000000001c $d
     /tmp/ccwsODuc.s:724    .text.DAC_ClearITPendingBit:0000000000000000 $t
     /tmp/ccwsODuc.s:731    .text.DAC_ClearITPendingBit:0000000000000000 DAC_ClearITPendingBit
     /tmp/ccwsODuc.s:748    .text.DAC_ClearITPendingBit:0000000000000008 $d
                     .debug_frame:0000000000000010 $d

UNDEFINED SYMBOLS
RCC_APB1PeriphResetCmd
