ARM GAS  /tmp/cc9OZaER.s 			page 1


   1              		.cpu cortex-m4
   2              		.eabi_attribute 27, 1
   3              		.eabi_attribute 28, 1
   4              		.eabi_attribute 20, 1
   5              		.eabi_attribute 21, 1
   6              		.eabi_attribute 23, 3
   7              		.eabi_attribute 24, 1
   8              		.eabi_attribute 25, 1
   9              		.eabi_attribute 26, 1
  10              		.eabi_attribute 30, 1
  11              		.eabi_attribute 34, 1
  12              		.eabi_attribute 18, 4
  13              		.file	"stm32f4xx_exti.c"
  14              		.text
  15              	.Ltext0:
  16              		.cfi_sections	.debug_frame
  17              		.section	.text.EXTI_DeInit,"ax",%progbits
  18              		.align	1
  19              		.global	EXTI_DeInit
  20              		.syntax unified
  21              		.thumb
  22              		.thumb_func
  23              		.fpu fpv4-sp-d16
  25              	EXTI_DeInit:
  26              	.LFB123:
  27              		.file 1 "FWLIB/src/stm32f4xx_exti.c"
   1:FWLIB/src/stm32f4xx_exti.c **** /**
   2:FWLIB/src/stm32f4xx_exti.c ****   ******************************************************************************
   3:FWLIB/src/stm32f4xx_exti.c ****   * @file    stm32f4xx_exti.c
   4:FWLIB/src/stm32f4xx_exti.c ****   * @author  MCD Application Team
   5:FWLIB/src/stm32f4xx_exti.c ****   * @version V1.8.0
   6:FWLIB/src/stm32f4xx_exti.c ****   * @date    04-November-2016
   7:FWLIB/src/stm32f4xx_exti.c ****   * @brief   This file provides firmware functions to manage the following 
   8:FWLIB/src/stm32f4xx_exti.c ****   *          functionalities of the EXTI peripheral:
   9:FWLIB/src/stm32f4xx_exti.c ****   *           + Initialization and Configuration
  10:FWLIB/src/stm32f4xx_exti.c ****   *           + Interrupts and flags management
  11:FWLIB/src/stm32f4xx_exti.c ****   *
  12:FWLIB/src/stm32f4xx_exti.c **** @verbatim  
  13:FWLIB/src/stm32f4xx_exti.c **** 
  14:FWLIB/src/stm32f4xx_exti.c ****  ===============================================================================
  15:FWLIB/src/stm32f4xx_exti.c ****                               ##### EXTI features #####
  16:FWLIB/src/stm32f4xx_exti.c ****  ===============================================================================
  17:FWLIB/src/stm32f4xx_exti.c **** 
  18:FWLIB/src/stm32f4xx_exti.c ****  [..] External interrupt/event lines are mapped as following:
  19:FWLIB/src/stm32f4xx_exti.c ****    (#) All available GPIO pins are connected to the 16 external 
  20:FWLIB/src/stm32f4xx_exti.c ****        interrupt/event lines from EXTI0 to EXTI15.
  21:FWLIB/src/stm32f4xx_exti.c ****    (#) EXTI line 16 is connected to the PVD Output
  22:FWLIB/src/stm32f4xx_exti.c ****    (#) EXTI line 17 is connected to the RTC Alarm event
  23:FWLIB/src/stm32f4xx_exti.c ****    (#) EXTI line 18 is connected to the USB OTG FS Wakeup from suspend event
  24:FWLIB/src/stm32f4xx_exti.c ****    (#) EXTI line 19 is connected to the Ethernet Wakeup event
  25:FWLIB/src/stm32f4xx_exti.c ****    (#) EXTI line 20 is connected to the USB OTG HS (configured in FS) Wakeup event 
  26:FWLIB/src/stm32f4xx_exti.c ****    (#) EXTI line 21 is connected to the RTC Tamper and Time Stamp events
  27:FWLIB/src/stm32f4xx_exti.c ****    (#) EXTI line 22 is connected to the RTC Wakeup event
  28:FWLIB/src/stm32f4xx_exti.c ****    (#) EXTI line 23 is connected to the LPTIM Wakeup event 
  29:FWLIB/src/stm32f4xx_exti.c **** 
  30:FWLIB/src/stm32f4xx_exti.c ****                        ##### How to use this driver #####
  31:FWLIB/src/stm32f4xx_exti.c ****  ===============================================================================
ARM GAS  /tmp/cc9OZaER.s 			page 2


  32:FWLIB/src/stm32f4xx_exti.c ****  
  33:FWLIB/src/stm32f4xx_exti.c ****  [..] In order to use an I/O pin as an external interrupt source, follow steps 
  34:FWLIB/src/stm32f4xx_exti.c ****       below:
  35:FWLIB/src/stm32f4xx_exti.c ****    (#) Configure the I/O in input mode using GPIO_Init()
  36:FWLIB/src/stm32f4xx_exti.c ****    (#) Select the input source pin for the EXTI line using SYSCFG_EXTILineConfig()
  37:FWLIB/src/stm32f4xx_exti.c ****    (#) Select the mode(interrupt, event) and configure the trigger 
  38:FWLIB/src/stm32f4xx_exti.c ****        selection (Rising, falling or both) using EXTI_Init()
  39:FWLIB/src/stm32f4xx_exti.c ****    (#) Configure NVIC IRQ channel mapped to the EXTI line using NVIC_Init()
  40:FWLIB/src/stm32f4xx_exti.c **** 
  41:FWLIB/src/stm32f4xx_exti.c ****  [..]     
  42:FWLIB/src/stm32f4xx_exti.c ****    (@) SYSCFG APB clock must be enabled to get write access to SYSCFG_EXTICRx
  43:FWLIB/src/stm32f4xx_exti.c ****        registers using RCC_APB2PeriphClockCmd(RCC_APB2Periph_SYSCFG, ENABLE);
  44:FWLIB/src/stm32f4xx_exti.c **** 
  45:FWLIB/src/stm32f4xx_exti.c **** @endverbatim
  46:FWLIB/src/stm32f4xx_exti.c ****   *
  47:FWLIB/src/stm32f4xx_exti.c ****   ******************************************************************************
  48:FWLIB/src/stm32f4xx_exti.c ****   * @attention
  49:FWLIB/src/stm32f4xx_exti.c ****   *
  50:FWLIB/src/stm32f4xx_exti.c ****   * <h2><center>&copy; COPYRIGHT 2016 STMicroelectronics</center></h2>
  51:FWLIB/src/stm32f4xx_exti.c ****   *
  52:FWLIB/src/stm32f4xx_exti.c ****   * Licensed under MCD-ST Liberty SW License Agreement V2, (the "License");
  53:FWLIB/src/stm32f4xx_exti.c ****   * You may not use this file except in compliance with the License.
  54:FWLIB/src/stm32f4xx_exti.c ****   * You may obtain a copy of the License at:
  55:FWLIB/src/stm32f4xx_exti.c ****   *
  56:FWLIB/src/stm32f4xx_exti.c ****   *        http://www.st.com/software_license_agreement_liberty_v2
  57:FWLIB/src/stm32f4xx_exti.c ****   *
  58:FWLIB/src/stm32f4xx_exti.c ****   * Unless required by applicable law or agreed to in writing, software 
  59:FWLIB/src/stm32f4xx_exti.c ****   * distributed under the License is distributed on an "AS IS" BASIS, 
  60:FWLIB/src/stm32f4xx_exti.c ****   * WITHOUT WARRANTIES OR CONDITIONS OF ANY KIND, either express or implied.
  61:FWLIB/src/stm32f4xx_exti.c ****   * See the License for the specific language governing permissions and
  62:FWLIB/src/stm32f4xx_exti.c ****   * limitations under the License.
  63:FWLIB/src/stm32f4xx_exti.c ****   *
  64:FWLIB/src/stm32f4xx_exti.c ****   ******************************************************************************
  65:FWLIB/src/stm32f4xx_exti.c ****   */
  66:FWLIB/src/stm32f4xx_exti.c **** 
  67:FWLIB/src/stm32f4xx_exti.c **** /* Includes ------------------------------------------------------------------*/
  68:FWLIB/src/stm32f4xx_exti.c **** #include "stm32f4xx_exti.h"
  69:FWLIB/src/stm32f4xx_exti.c **** 
  70:FWLIB/src/stm32f4xx_exti.c **** /** @addtogroup STM32F4xx_StdPeriph_Driver
  71:FWLIB/src/stm32f4xx_exti.c ****   * @{
  72:FWLIB/src/stm32f4xx_exti.c ****   */
  73:FWLIB/src/stm32f4xx_exti.c **** 
  74:FWLIB/src/stm32f4xx_exti.c **** /** @defgroup EXTI 
  75:FWLIB/src/stm32f4xx_exti.c ****   * @brief EXTI driver modules
  76:FWLIB/src/stm32f4xx_exti.c ****   * @{
  77:FWLIB/src/stm32f4xx_exti.c ****   */
  78:FWLIB/src/stm32f4xx_exti.c **** 
  79:FWLIB/src/stm32f4xx_exti.c **** /* Private typedef -----------------------------------------------------------*/
  80:FWLIB/src/stm32f4xx_exti.c **** /* Private define ------------------------------------------------------------*/
  81:FWLIB/src/stm32f4xx_exti.c **** 
  82:FWLIB/src/stm32f4xx_exti.c **** #define EXTI_LINENONE    ((uint32_t)0x00000)  /* No interrupt selected */
  83:FWLIB/src/stm32f4xx_exti.c **** 
  84:FWLIB/src/stm32f4xx_exti.c **** /* Private macro -------------------------------------------------------------*/
  85:FWLIB/src/stm32f4xx_exti.c **** /* Private variables ---------------------------------------------------------*/
  86:FWLIB/src/stm32f4xx_exti.c **** /* Private function prototypes -----------------------------------------------*/
  87:FWLIB/src/stm32f4xx_exti.c **** /* Private functions ---------------------------------------------------------*/
  88:FWLIB/src/stm32f4xx_exti.c **** 
ARM GAS  /tmp/cc9OZaER.s 			page 3


  89:FWLIB/src/stm32f4xx_exti.c **** /** @defgroup EXTI_Private_Functions
  90:FWLIB/src/stm32f4xx_exti.c ****   * @{
  91:FWLIB/src/stm32f4xx_exti.c ****   */
  92:FWLIB/src/stm32f4xx_exti.c **** 
  93:FWLIB/src/stm32f4xx_exti.c **** /** @defgroup EXTI_Group1 Initialization and Configuration functions
  94:FWLIB/src/stm32f4xx_exti.c ****  *  @brief   Initialization and Configuration functions 
  95:FWLIB/src/stm32f4xx_exti.c ****  *
  96:FWLIB/src/stm32f4xx_exti.c **** @verbatim   
  97:FWLIB/src/stm32f4xx_exti.c ****  ===============================================================================
  98:FWLIB/src/stm32f4xx_exti.c ****              ##### Initialization and Configuration functions #####
  99:FWLIB/src/stm32f4xx_exti.c ****  ===============================================================================
 100:FWLIB/src/stm32f4xx_exti.c **** 
 101:FWLIB/src/stm32f4xx_exti.c **** @endverbatim
 102:FWLIB/src/stm32f4xx_exti.c ****   * @{
 103:FWLIB/src/stm32f4xx_exti.c ****   */
 104:FWLIB/src/stm32f4xx_exti.c **** 
 105:FWLIB/src/stm32f4xx_exti.c **** /**
 106:FWLIB/src/stm32f4xx_exti.c ****   * @brief  Deinitializes the EXTI peripheral registers to their default reset values.
 107:FWLIB/src/stm32f4xx_exti.c ****   * @param  None
 108:FWLIB/src/stm32f4xx_exti.c ****   * @retval None
 109:FWLIB/src/stm32f4xx_exti.c ****   */
 110:FWLIB/src/stm32f4xx_exti.c **** void EXTI_DeInit(void)
 111:FWLIB/src/stm32f4xx_exti.c **** {
  28              		.loc 1 111 0
  29              		.cfi_startproc
  30              		@ args = 0, pretend = 0, frame = 0
  31              		@ frame_needed = 0, uses_anonymous_args = 0
  32              		@ link register save eliminated.
 112:FWLIB/src/stm32f4xx_exti.c ****   EXTI->IMR = 0x00000000;
  33              		.loc 1 112 0
  34 0000 044B     		ldr	r3, .L2
  35 0002 0022     		movs	r2, #0
  36 0004 1A60     		str	r2, [r3]
 113:FWLIB/src/stm32f4xx_exti.c ****   EXTI->EMR = 0x00000000;
  37              		.loc 1 113 0
  38 0006 5A60     		str	r2, [r3, #4]
 114:FWLIB/src/stm32f4xx_exti.c ****   EXTI->RTSR = 0x00000000;
  39              		.loc 1 114 0
  40 0008 9A60     		str	r2, [r3, #8]
 115:FWLIB/src/stm32f4xx_exti.c ****   EXTI->FTSR = 0x00000000;
  41              		.loc 1 115 0
  42 000a DA60     		str	r2, [r3, #12]
 116:FWLIB/src/stm32f4xx_exti.c ****   EXTI->PR = 0x007FFFFF;
  43              		.loc 1 116 0
  44 000c 024A     		ldr	r2, .L2+4
  45 000e 5A61     		str	r2, [r3, #20]
  46 0010 7047     		bx	lr
  47              	.L3:
  48 0012 00BF     		.align	2
  49              	.L2:
  50 0014 003C0140 		.word	1073822720
  51 0018 FFFF7F00 		.word	8388607
  52              		.cfi_endproc
  53              	.LFE123:
  55              		.section	.text.EXTI_Init,"ax",%progbits
  56              		.align	1
  57              		.global	EXTI_Init
ARM GAS  /tmp/cc9OZaER.s 			page 4


  58              		.syntax unified
  59              		.thumb
  60              		.thumb_func
  61              		.fpu fpv4-sp-d16
  63              	EXTI_Init:
  64              	.LFB124:
 117:FWLIB/src/stm32f4xx_exti.c **** }
 118:FWLIB/src/stm32f4xx_exti.c **** 
 119:FWLIB/src/stm32f4xx_exti.c **** /**
 120:FWLIB/src/stm32f4xx_exti.c ****   * @brief  Initializes the EXTI peripheral according to the specified
 121:FWLIB/src/stm32f4xx_exti.c ****   *         parameters in the EXTI_InitStruct.
 122:FWLIB/src/stm32f4xx_exti.c ****   * @param  EXTI_InitStruct: pointer to a EXTI_InitTypeDef structure
 123:FWLIB/src/stm32f4xx_exti.c ****   *         that contains the configuration information for the EXTI peripheral.
 124:FWLIB/src/stm32f4xx_exti.c ****   * @retval None
 125:FWLIB/src/stm32f4xx_exti.c ****   */
 126:FWLIB/src/stm32f4xx_exti.c **** void EXTI_Init(EXTI_InitTypeDef* EXTI_InitStruct)
 127:FWLIB/src/stm32f4xx_exti.c **** {
  65              		.loc 1 127 0
  66              		.cfi_startproc
  67              		@ args = 0, pretend = 0, frame = 0
  68              		@ frame_needed = 0, uses_anonymous_args = 0
  69              		@ link register save eliminated.
  70              	.LVL0:
 128:FWLIB/src/stm32f4xx_exti.c ****   uint32_t tmp = 0;
 129:FWLIB/src/stm32f4xx_exti.c **** 
 130:FWLIB/src/stm32f4xx_exti.c ****   /* Check the parameters */
 131:FWLIB/src/stm32f4xx_exti.c ****   assert_param(IS_EXTI_MODE(EXTI_InitStruct->EXTI_Mode));
 132:FWLIB/src/stm32f4xx_exti.c ****   assert_param(IS_EXTI_TRIGGER(EXTI_InitStruct->EXTI_Trigger));
 133:FWLIB/src/stm32f4xx_exti.c ****   assert_param(IS_EXTI_LINE(EXTI_InitStruct->EXTI_Line));  
 134:FWLIB/src/stm32f4xx_exti.c ****   assert_param(IS_FUNCTIONAL_STATE(EXTI_InitStruct->EXTI_LineCmd));
 135:FWLIB/src/stm32f4xx_exti.c **** 
 136:FWLIB/src/stm32f4xx_exti.c ****   tmp = (uint32_t)EXTI_BASE;
 137:FWLIB/src/stm32f4xx_exti.c ****      
 138:FWLIB/src/stm32f4xx_exti.c ****   if (EXTI_InitStruct->EXTI_LineCmd != DISABLE)
  71              		.loc 1 138 0
  72 0000 8379     		ldrb	r3, [r0, #6]	@ zero_extendqisi2
  73 0002 002B     		cmp	r3, #0
  74 0004 36D0     		beq	.L5
 127:FWLIB/src/stm32f4xx_exti.c ****   uint32_t tmp = 0;
  75              		.loc 1 127 0
  76 0006 10B4     		push	{r4}
  77              	.LCFI0:
  78              		.cfi_def_cfa_offset 4
  79              		.cfi_offset 4, -4
 139:FWLIB/src/stm32f4xx_exti.c ****   {
 140:FWLIB/src/stm32f4xx_exti.c ****     /* Clear EXTI line configuration */
 141:FWLIB/src/stm32f4xx_exti.c ****     EXTI->IMR &= ~EXTI_InitStruct->EXTI_Line;
  80              		.loc 1 141 0
  81 0008 204B     		ldr	r3, .L13
  82 000a 1A68     		ldr	r2, [r3]
  83 000c 0168     		ldr	r1, [r0]
  84 000e 22EA0102 		bic	r2, r2, r1
  85 0012 1A60     		str	r2, [r3]
 142:FWLIB/src/stm32f4xx_exti.c ****     EXTI->EMR &= ~EXTI_InitStruct->EXTI_Line;
  86              		.loc 1 142 0
  87 0014 5A68     		ldr	r2, [r3, #4]
  88 0016 0168     		ldr	r1, [r0]
ARM GAS  /tmp/cc9OZaER.s 			page 5


  89 0018 22EA0102 		bic	r2, r2, r1
  90 001c 5A60     		str	r2, [r3, #4]
 143:FWLIB/src/stm32f4xx_exti.c ****     
 144:FWLIB/src/stm32f4xx_exti.c ****     tmp += EXTI_InitStruct->EXTI_Mode;
  91              		.loc 1 144 0
  92 001e 0279     		ldrb	r2, [r0, #4]	@ zero_extendqisi2
  93 0020 02F18042 		add	r2, r2, #1073741824
  94 0024 02F59E32 		add	r2, r2, #80896
  95              	.LVL1:
 145:FWLIB/src/stm32f4xx_exti.c **** 
 146:FWLIB/src/stm32f4xx_exti.c ****     *(__IO uint32_t *) tmp |= EXTI_InitStruct->EXTI_Line;
  96              		.loc 1 146 0
  97 0028 1168     		ldr	r1, [r2]
  98 002a 0468     		ldr	r4, [r0]
  99 002c 2143     		orrs	r1, r1, r4
 100 002e 1160     		str	r1, [r2]
 147:FWLIB/src/stm32f4xx_exti.c **** 
 148:FWLIB/src/stm32f4xx_exti.c ****     /* Clear Rising Falling edge configuration */
 149:FWLIB/src/stm32f4xx_exti.c ****     EXTI->RTSR &= ~EXTI_InitStruct->EXTI_Line;
 101              		.loc 1 149 0
 102 0030 9A68     		ldr	r2, [r3, #8]
 103              	.LVL2:
 104 0032 0168     		ldr	r1, [r0]
 105 0034 22EA0102 		bic	r2, r2, r1
 106 0038 9A60     		str	r2, [r3, #8]
 150:FWLIB/src/stm32f4xx_exti.c ****     EXTI->FTSR &= ~EXTI_InitStruct->EXTI_Line;
 107              		.loc 1 150 0
 108 003a DA68     		ldr	r2, [r3, #12]
 109 003c 0168     		ldr	r1, [r0]
 110 003e 22EA0102 		bic	r2, r2, r1
 111 0042 DA60     		str	r2, [r3, #12]
 151:FWLIB/src/stm32f4xx_exti.c ****     
 152:FWLIB/src/stm32f4xx_exti.c ****     /* Select the trigger for the selected external interrupts */
 153:FWLIB/src/stm32f4xx_exti.c ****     if (EXTI_InitStruct->EXTI_Trigger == EXTI_Trigger_Rising_Falling)
 112              		.loc 1 153 0
 113 0044 4379     		ldrb	r3, [r0, #5]	@ zero_extendqisi2
 114 0046 102B     		cmp	r3, #16
 115 0048 0AD0     		beq	.L12
 116              	.LVL3:
 154:FWLIB/src/stm32f4xx_exti.c ****     {
 155:FWLIB/src/stm32f4xx_exti.c ****       /* Rising Falling edge */
 156:FWLIB/src/stm32f4xx_exti.c ****       EXTI->RTSR |= EXTI_InitStruct->EXTI_Line;
 157:FWLIB/src/stm32f4xx_exti.c ****       EXTI->FTSR |= EXTI_InitStruct->EXTI_Line;
 158:FWLIB/src/stm32f4xx_exti.c ****     }
 159:FWLIB/src/stm32f4xx_exti.c ****     else
 160:FWLIB/src/stm32f4xx_exti.c ****     {
 161:FWLIB/src/stm32f4xx_exti.c ****       tmp = (uint32_t)EXTI_BASE;
 162:FWLIB/src/stm32f4xx_exti.c ****       tmp += EXTI_InitStruct->EXTI_Trigger;
 117              		.loc 1 162 0
 118 004a 03F18043 		add	r3, r3, #1073741824
 119 004e 03F59E33 		add	r3, r3, #80896
 120              	.LVL4:
 163:FWLIB/src/stm32f4xx_exti.c **** 
 164:FWLIB/src/stm32f4xx_exti.c ****       *(__IO uint32_t *) tmp |= EXTI_InitStruct->EXTI_Line;
 121              		.loc 1 164 0
 122 0052 1A68     		ldr	r2, [r3]
 123 0054 0168     		ldr	r1, [r0]
ARM GAS  /tmp/cc9OZaER.s 			page 6


 124 0056 0A43     		orrs	r2, r2, r1
 125 0058 1A60     		str	r2, [r3]
 126              	.LVL5:
 127              	.L4:
 165:FWLIB/src/stm32f4xx_exti.c ****     }
 166:FWLIB/src/stm32f4xx_exti.c ****   }
 167:FWLIB/src/stm32f4xx_exti.c ****   else
 168:FWLIB/src/stm32f4xx_exti.c ****   {
 169:FWLIB/src/stm32f4xx_exti.c ****     tmp += EXTI_InitStruct->EXTI_Mode;
 170:FWLIB/src/stm32f4xx_exti.c **** 
 171:FWLIB/src/stm32f4xx_exti.c ****     /* Disable the selected external lines */
 172:FWLIB/src/stm32f4xx_exti.c ****     *(__IO uint32_t *) tmp &= ~EXTI_InitStruct->EXTI_Line;
 173:FWLIB/src/stm32f4xx_exti.c ****   }
 174:FWLIB/src/stm32f4xx_exti.c **** }
 128              		.loc 1 174 0
 129 005a 5DF8044B 		ldr	r4, [sp], #4
 130              	.LCFI1:
 131              		.cfi_remember_state
 132              		.cfi_restore 4
 133              		.cfi_def_cfa_offset 0
 134 005e 7047     		bx	lr
 135              	.L12:
 136              	.LCFI2:
 137              		.cfi_restore_state
 156:FWLIB/src/stm32f4xx_exti.c ****       EXTI->FTSR |= EXTI_InitStruct->EXTI_Line;
 138              		.loc 1 156 0
 139 0060 0A4B     		ldr	r3, .L13
 140 0062 9A68     		ldr	r2, [r3, #8]
 141 0064 0168     		ldr	r1, [r0]
 142 0066 0A43     		orrs	r2, r2, r1
 143 0068 9A60     		str	r2, [r3, #8]
 157:FWLIB/src/stm32f4xx_exti.c ****     }
 144              		.loc 1 157 0
 145 006a DA68     		ldr	r2, [r3, #12]
 146 006c 0168     		ldr	r1, [r0]
 147 006e 0A43     		orrs	r2, r2, r1
 148 0070 DA60     		str	r2, [r3, #12]
 149 0072 F2E7     		b	.L4
 150              	.LVL6:
 151              	.L5:
 152              	.LCFI3:
 153              		.cfi_def_cfa_offset 0
 154              		.cfi_restore 4
 169:FWLIB/src/stm32f4xx_exti.c **** 
 155              		.loc 1 169 0
 156 0074 0379     		ldrb	r3, [r0, #4]	@ zero_extendqisi2
 157 0076 03F18043 		add	r3, r3, #1073741824
 158 007a 03F59E33 		add	r3, r3, #80896
 159              	.LVL7:
 172:FWLIB/src/stm32f4xx_exti.c ****   }
 160              		.loc 1 172 0
 161 007e 1A68     		ldr	r2, [r3]
 162 0080 0168     		ldr	r1, [r0]
 163 0082 22EA0102 		bic	r2, r2, r1
 164 0086 1A60     		str	r2, [r3]
 165              		.loc 1 174 0
 166 0088 7047     		bx	lr
ARM GAS  /tmp/cc9OZaER.s 			page 7


 167              	.L14:
 168 008a 00BF     		.align	2
 169              	.L13:
 170 008c 003C0140 		.word	1073822720
 171              		.cfi_endproc
 172              	.LFE124:
 174              		.section	.text.EXTI_StructInit,"ax",%progbits
 175              		.align	1
 176              		.global	EXTI_StructInit
 177              		.syntax unified
 178              		.thumb
 179              		.thumb_func
 180              		.fpu fpv4-sp-d16
 182              	EXTI_StructInit:
 183              	.LFB125:
 175:FWLIB/src/stm32f4xx_exti.c **** 
 176:FWLIB/src/stm32f4xx_exti.c **** /**
 177:FWLIB/src/stm32f4xx_exti.c ****   * @brief  Fills each EXTI_InitStruct member with its reset value.
 178:FWLIB/src/stm32f4xx_exti.c ****   * @param  EXTI_InitStruct: pointer to a EXTI_InitTypeDef structure which will
 179:FWLIB/src/stm32f4xx_exti.c ****   *         be initialized.
 180:FWLIB/src/stm32f4xx_exti.c ****   * @retval None
 181:FWLIB/src/stm32f4xx_exti.c ****   */
 182:FWLIB/src/stm32f4xx_exti.c **** void EXTI_StructInit(EXTI_InitTypeDef* EXTI_InitStruct)
 183:FWLIB/src/stm32f4xx_exti.c **** {
 184              		.loc 1 183 0
 185              		.cfi_startproc
 186              		@ args = 0, pretend = 0, frame = 0
 187              		@ frame_needed = 0, uses_anonymous_args = 0
 188              		@ link register save eliminated.
 189              	.LVL8:
 184:FWLIB/src/stm32f4xx_exti.c ****   EXTI_InitStruct->EXTI_Line = EXTI_LINENONE;
 190              		.loc 1 184 0
 191 0000 0023     		movs	r3, #0
 192 0002 0360     		str	r3, [r0]
 185:FWLIB/src/stm32f4xx_exti.c ****   EXTI_InitStruct->EXTI_Mode = EXTI_Mode_Interrupt;
 193              		.loc 1 185 0
 194 0004 0371     		strb	r3, [r0, #4]
 186:FWLIB/src/stm32f4xx_exti.c ****   EXTI_InitStruct->EXTI_Trigger = EXTI_Trigger_Falling;
 195              		.loc 1 186 0
 196 0006 0C22     		movs	r2, #12
 197 0008 4271     		strb	r2, [r0, #5]
 187:FWLIB/src/stm32f4xx_exti.c ****   EXTI_InitStruct->EXTI_LineCmd = DISABLE;
 198              		.loc 1 187 0
 199 000a 8371     		strb	r3, [r0, #6]
 200 000c 7047     		bx	lr
 201              		.cfi_endproc
 202              	.LFE125:
 204              		.section	.text.EXTI_GenerateSWInterrupt,"ax",%progbits
 205              		.align	1
 206              		.global	EXTI_GenerateSWInterrupt
 207              		.syntax unified
 208              		.thumb
 209              		.thumb_func
 210              		.fpu fpv4-sp-d16
 212              	EXTI_GenerateSWInterrupt:
 213              	.LFB126:
 188:FWLIB/src/stm32f4xx_exti.c **** }
ARM GAS  /tmp/cc9OZaER.s 			page 8


 189:FWLIB/src/stm32f4xx_exti.c **** 
 190:FWLIB/src/stm32f4xx_exti.c **** /**
 191:FWLIB/src/stm32f4xx_exti.c ****   * @brief  Generates a Software interrupt on selected EXTI line.
 192:FWLIB/src/stm32f4xx_exti.c ****   * @param  EXTI_Line: specifies the EXTI line on which the software interrupt
 193:FWLIB/src/stm32f4xx_exti.c ****   *         will be generated.
 194:FWLIB/src/stm32f4xx_exti.c ****   *         This parameter can be any combination of EXTI_Linex where x can be (0..22)
 195:FWLIB/src/stm32f4xx_exti.c ****   * @retval None
 196:FWLIB/src/stm32f4xx_exti.c ****   */
 197:FWLIB/src/stm32f4xx_exti.c **** void EXTI_GenerateSWInterrupt(uint32_t EXTI_Line)
 198:FWLIB/src/stm32f4xx_exti.c **** {
 214              		.loc 1 198 0
 215              		.cfi_startproc
 216              		@ args = 0, pretend = 0, frame = 0
 217              		@ frame_needed = 0, uses_anonymous_args = 0
 218              		@ link register save eliminated.
 219              	.LVL9:
 199:FWLIB/src/stm32f4xx_exti.c ****   /* Check the parameters */
 200:FWLIB/src/stm32f4xx_exti.c ****   assert_param(IS_EXTI_LINE(EXTI_Line));
 201:FWLIB/src/stm32f4xx_exti.c ****   
 202:FWLIB/src/stm32f4xx_exti.c ****   EXTI->SWIER |= EXTI_Line;
 220              		.loc 1 202 0
 221 0000 024A     		ldr	r2, .L17
 222 0002 1369     		ldr	r3, [r2, #16]
 223 0004 1843     		orrs	r0, r0, r3
 224              	.LVL10:
 225 0006 1061     		str	r0, [r2, #16]
 226 0008 7047     		bx	lr
 227              	.L18:
 228 000a 00BF     		.align	2
 229              	.L17:
 230 000c 003C0140 		.word	1073822720
 231              		.cfi_endproc
 232              	.LFE126:
 234              		.section	.text.EXTI_GetFlagStatus,"ax",%progbits
 235              		.align	1
 236              		.global	EXTI_GetFlagStatus
 237              		.syntax unified
 238              		.thumb
 239              		.thumb_func
 240              		.fpu fpv4-sp-d16
 242              	EXTI_GetFlagStatus:
 243              	.LFB127:
 203:FWLIB/src/stm32f4xx_exti.c **** }
 204:FWLIB/src/stm32f4xx_exti.c **** 
 205:FWLIB/src/stm32f4xx_exti.c **** /**
 206:FWLIB/src/stm32f4xx_exti.c ****   * @}
 207:FWLIB/src/stm32f4xx_exti.c ****   */
 208:FWLIB/src/stm32f4xx_exti.c **** 
 209:FWLIB/src/stm32f4xx_exti.c **** /** @defgroup EXTI_Group2 Interrupts and flags management functions
 210:FWLIB/src/stm32f4xx_exti.c ****  *  @brief   Interrupts and flags management functions 
 211:FWLIB/src/stm32f4xx_exti.c ****  *
 212:FWLIB/src/stm32f4xx_exti.c **** @verbatim   
 213:FWLIB/src/stm32f4xx_exti.c ****  ===============================================================================
 214:FWLIB/src/stm32f4xx_exti.c ****              ##### Interrupts and flags management functions #####
 215:FWLIB/src/stm32f4xx_exti.c ****  ===============================================================================
 216:FWLIB/src/stm32f4xx_exti.c **** 
 217:FWLIB/src/stm32f4xx_exti.c **** @endverbatim
ARM GAS  /tmp/cc9OZaER.s 			page 9


 218:FWLIB/src/stm32f4xx_exti.c ****   * @{
 219:FWLIB/src/stm32f4xx_exti.c ****   */
 220:FWLIB/src/stm32f4xx_exti.c **** 
 221:FWLIB/src/stm32f4xx_exti.c **** /**
 222:FWLIB/src/stm32f4xx_exti.c ****   * @brief  Checks whether the specified EXTI line flag is set or not.
 223:FWLIB/src/stm32f4xx_exti.c ****   * @param  EXTI_Line: specifies the EXTI line flag to check.
 224:FWLIB/src/stm32f4xx_exti.c ****   *          This parameter can be EXTI_Linex where x can be(0..22)
 225:FWLIB/src/stm32f4xx_exti.c ****   * @retval The new state of EXTI_Line (SET or RESET).
 226:FWLIB/src/stm32f4xx_exti.c ****   */
 227:FWLIB/src/stm32f4xx_exti.c **** FlagStatus EXTI_GetFlagStatus(uint32_t EXTI_Line)
 228:FWLIB/src/stm32f4xx_exti.c **** {
 244              		.loc 1 228 0
 245              		.cfi_startproc
 246              		@ args = 0, pretend = 0, frame = 0
 247              		@ frame_needed = 0, uses_anonymous_args = 0
 248              		@ link register save eliminated.
 249              	.LVL11:
 229:FWLIB/src/stm32f4xx_exti.c ****   FlagStatus bitstatus = RESET;
 230:FWLIB/src/stm32f4xx_exti.c ****   /* Check the parameters */
 231:FWLIB/src/stm32f4xx_exti.c ****   assert_param(IS_GET_EXTI_LINE(EXTI_Line));
 232:FWLIB/src/stm32f4xx_exti.c ****   
 233:FWLIB/src/stm32f4xx_exti.c ****   if ((EXTI->PR & EXTI_Line) != (uint32_t)RESET)
 250              		.loc 1 233 0
 251 0000 034B     		ldr	r3, .L23
 252 0002 5B69     		ldr	r3, [r3, #20]
 253 0004 0342     		tst	r3, r0
 254 0006 01D1     		bne	.L22
 234:FWLIB/src/stm32f4xx_exti.c ****   {
 235:FWLIB/src/stm32f4xx_exti.c ****     bitstatus = SET;
 236:FWLIB/src/stm32f4xx_exti.c ****   }
 237:FWLIB/src/stm32f4xx_exti.c ****   else
 238:FWLIB/src/stm32f4xx_exti.c ****   {
 239:FWLIB/src/stm32f4xx_exti.c ****     bitstatus = RESET;
 255              		.loc 1 239 0
 256 0008 0020     		movs	r0, #0
 257              	.LVL12:
 240:FWLIB/src/stm32f4xx_exti.c ****   }
 241:FWLIB/src/stm32f4xx_exti.c ****   return bitstatus;
 242:FWLIB/src/stm32f4xx_exti.c **** }
 258              		.loc 1 242 0
 259 000a 7047     		bx	lr
 260              	.LVL13:
 261              	.L22:
 235:FWLIB/src/stm32f4xx_exti.c ****   }
 262              		.loc 1 235 0
 263 000c 0120     		movs	r0, #1
 264              	.LVL14:
 265 000e 7047     		bx	lr
 266              	.L24:
 267              		.align	2
 268              	.L23:
 269 0010 003C0140 		.word	1073822720
 270              		.cfi_endproc
 271              	.LFE127:
 273              		.section	.text.EXTI_ClearFlag,"ax",%progbits
 274              		.align	1
 275              		.global	EXTI_ClearFlag
ARM GAS  /tmp/cc9OZaER.s 			page 10


 276              		.syntax unified
 277              		.thumb
 278              		.thumb_func
 279              		.fpu fpv4-sp-d16
 281              	EXTI_ClearFlag:
 282              	.LFB128:
 243:FWLIB/src/stm32f4xx_exti.c **** 
 244:FWLIB/src/stm32f4xx_exti.c **** /**
 245:FWLIB/src/stm32f4xx_exti.c ****   * @brief  Clears the EXTI's line pending flags.
 246:FWLIB/src/stm32f4xx_exti.c ****   * @param  EXTI_Line: specifies the EXTI lines flags to clear.
 247:FWLIB/src/stm32f4xx_exti.c ****   *          This parameter can be any combination of EXTI_Linex where x can be (0..22)
 248:FWLIB/src/stm32f4xx_exti.c ****   * @retval None
 249:FWLIB/src/stm32f4xx_exti.c ****   */
 250:FWLIB/src/stm32f4xx_exti.c **** void EXTI_ClearFlag(uint32_t EXTI_Line)
 251:FWLIB/src/stm32f4xx_exti.c **** {
 283              		.loc 1 251 0
 284              		.cfi_startproc
 285              		@ args = 0, pretend = 0, frame = 0
 286              		@ frame_needed = 0, uses_anonymous_args = 0
 287              		@ link register save eliminated.
 288              	.LVL15:
 252:FWLIB/src/stm32f4xx_exti.c ****   /* Check the parameters */
 253:FWLIB/src/stm32f4xx_exti.c ****   assert_param(IS_EXTI_LINE(EXTI_Line));
 254:FWLIB/src/stm32f4xx_exti.c ****   
 255:FWLIB/src/stm32f4xx_exti.c ****   EXTI->PR = EXTI_Line;
 289              		.loc 1 255 0
 290 0000 014B     		ldr	r3, .L26
 291 0002 5861     		str	r0, [r3, #20]
 292 0004 7047     		bx	lr
 293              	.L27:
 294 0006 00BF     		.align	2
 295              	.L26:
 296 0008 003C0140 		.word	1073822720
 297              		.cfi_endproc
 298              	.LFE128:
 300              		.section	.text.EXTI_GetITStatus,"ax",%progbits
 301              		.align	1
 302              		.global	EXTI_GetITStatus
 303              		.syntax unified
 304              		.thumb
 305              		.thumb_func
 306              		.fpu fpv4-sp-d16
 308              	EXTI_GetITStatus:
 309              	.LFB129:
 256:FWLIB/src/stm32f4xx_exti.c **** }
 257:FWLIB/src/stm32f4xx_exti.c **** 
 258:FWLIB/src/stm32f4xx_exti.c **** /**
 259:FWLIB/src/stm32f4xx_exti.c ****   * @brief  Checks whether the specified EXTI line is asserted or not.
 260:FWLIB/src/stm32f4xx_exti.c ****   * @param  EXTI_Line: specifies the EXTI line to check.
 261:FWLIB/src/stm32f4xx_exti.c ****   *          This parameter can be EXTI_Linex where x can be(0..22)
 262:FWLIB/src/stm32f4xx_exti.c ****   * @retval The new state of EXTI_Line (SET or RESET).
 263:FWLIB/src/stm32f4xx_exti.c ****   */
 264:FWLIB/src/stm32f4xx_exti.c **** ITStatus EXTI_GetITStatus(uint32_t EXTI_Line)
 265:FWLIB/src/stm32f4xx_exti.c **** {
 310              		.loc 1 265 0
 311              		.cfi_startproc
 312              		@ args = 0, pretend = 0, frame = 0
ARM GAS  /tmp/cc9OZaER.s 			page 11


 313              		@ frame_needed = 0, uses_anonymous_args = 0
 314              		@ link register save eliminated.
 315              	.LVL16:
 266:FWLIB/src/stm32f4xx_exti.c ****   FlagStatus bitstatus = RESET;
 267:FWLIB/src/stm32f4xx_exti.c ****   /* Check the parameters */
 268:FWLIB/src/stm32f4xx_exti.c ****   assert_param(IS_GET_EXTI_LINE(EXTI_Line));
 269:FWLIB/src/stm32f4xx_exti.c ****   
 270:FWLIB/src/stm32f4xx_exti.c ****   if ((EXTI->PR & EXTI_Line) != (uint32_t)RESET)
 316              		.loc 1 270 0
 317 0000 034B     		ldr	r3, .L32
 318 0002 5B69     		ldr	r3, [r3, #20]
 319 0004 0342     		tst	r3, r0
 320 0006 01D1     		bne	.L31
 271:FWLIB/src/stm32f4xx_exti.c ****   {
 272:FWLIB/src/stm32f4xx_exti.c ****     bitstatus = SET;
 273:FWLIB/src/stm32f4xx_exti.c ****   }
 274:FWLIB/src/stm32f4xx_exti.c ****   else
 275:FWLIB/src/stm32f4xx_exti.c ****   {
 276:FWLIB/src/stm32f4xx_exti.c ****     bitstatus = RESET;
 321              		.loc 1 276 0
 322 0008 0020     		movs	r0, #0
 323              	.LVL17:
 277:FWLIB/src/stm32f4xx_exti.c ****   }
 278:FWLIB/src/stm32f4xx_exti.c ****   return bitstatus;
 279:FWLIB/src/stm32f4xx_exti.c ****   
 280:FWLIB/src/stm32f4xx_exti.c **** }
 324              		.loc 1 280 0
 325 000a 7047     		bx	lr
 326              	.LVL18:
 327              	.L31:
 272:FWLIB/src/stm32f4xx_exti.c ****   }
 328              		.loc 1 272 0
 329 000c 0120     		movs	r0, #1
 330              	.LVL19:
 331 000e 7047     		bx	lr
 332              	.L33:
 333              		.align	2
 334              	.L32:
 335 0010 003C0140 		.word	1073822720
 336              		.cfi_endproc
 337              	.LFE129:
 339              		.section	.text.EXTI_ClearITPendingBit,"ax",%progbits
 340              		.align	1
 341              		.global	EXTI_ClearITPendingBit
 342              		.syntax unified
 343              		.thumb
 344              		.thumb_func
 345              		.fpu fpv4-sp-d16
 347              	EXTI_ClearITPendingBit:
 348              	.LFB130:
 281:FWLIB/src/stm32f4xx_exti.c **** 
 282:FWLIB/src/stm32f4xx_exti.c **** /**
 283:FWLIB/src/stm32f4xx_exti.c ****   * @brief  Clears the EXTI's line pending bits.
 284:FWLIB/src/stm32f4xx_exti.c ****   * @param  EXTI_Line: specifies the EXTI lines to clear.
 285:FWLIB/src/stm32f4xx_exti.c ****   *          This parameter can be any combination of EXTI_Linex where x can be (0..22)
 286:FWLIB/src/stm32f4xx_exti.c ****   * @retval None
 287:FWLIB/src/stm32f4xx_exti.c ****   */
ARM GAS  /tmp/cc9OZaER.s 			page 12


 288:FWLIB/src/stm32f4xx_exti.c **** void EXTI_ClearITPendingBit(uint32_t EXTI_Line)
 289:FWLIB/src/stm32f4xx_exti.c **** {
 349              		.loc 1 289 0
 350              		.cfi_startproc
 351              		@ args = 0, pretend = 0, frame = 0
 352              		@ frame_needed = 0, uses_anonymous_args = 0
 353              		@ link register save eliminated.
 354              	.LVL20:
 290:FWLIB/src/stm32f4xx_exti.c ****   /* Check the parameters */
 291:FWLIB/src/stm32f4xx_exti.c ****   assert_param(IS_EXTI_LINE(EXTI_Line));
 292:FWLIB/src/stm32f4xx_exti.c ****   
 293:FWLIB/src/stm32f4xx_exti.c ****   EXTI->PR = EXTI_Line;
 355              		.loc 1 293 0
 356 0000 014B     		ldr	r3, .L35
 357 0002 5861     		str	r0, [r3, #20]
 358 0004 7047     		bx	lr
 359              	.L36:
 360 0006 00BF     		.align	2
 361              	.L35:
 362 0008 003C0140 		.word	1073822720
 363              		.cfi_endproc
 364              	.LFE130:
 366              		.text
 367              	.Letext0:
 368              		.file 2 "/usr/include/newlib/machine/_default_types.h"
 369              		.file 3 "/usr/include/newlib/sys/_stdint.h"
 370              		.file 4 "F4_CORE/core_cm4.h"
 371              		.file 5 "USER/system_stm32f4xx.h"
 372              		.file 6 "USER/stm32f4xx.h"
 373              		.file 7 "FWLIB/inc/stm32f4xx_exti.h"
ARM GAS  /tmp/cc9OZaER.s 			page 13


DEFINED SYMBOLS
                            *ABS*:0000000000000000 stm32f4xx_exti.c
     /tmp/cc9OZaER.s:18     .text.EXTI_DeInit:0000000000000000 $t
     /tmp/cc9OZaER.s:25     .text.EXTI_DeInit:0000000000000000 EXTI_DeInit
     /tmp/cc9OZaER.s:50     .text.EXTI_DeInit:0000000000000014 $d
     /tmp/cc9OZaER.s:56     .text.EXTI_Init:0000000000000000 $t
     /tmp/cc9OZaER.s:63     .text.EXTI_Init:0000000000000000 EXTI_Init
     /tmp/cc9OZaER.s:170    .text.EXTI_Init:000000000000008c $d
     /tmp/cc9OZaER.s:175    .text.EXTI_StructInit:0000000000000000 $t
     /tmp/cc9OZaER.s:182    .text.EXTI_StructInit:0000000000000000 EXTI_StructInit
     /tmp/cc9OZaER.s:205    .text.EXTI_GenerateSWInterrupt:0000000000000000 $t
     /tmp/cc9OZaER.s:212    .text.EXTI_GenerateSWInterrupt:0000000000000000 EXTI_GenerateSWInterrupt
     /tmp/cc9OZaER.s:230    .text.EXTI_GenerateSWInterrupt:000000000000000c $d
     /tmp/cc9OZaER.s:235    .text.EXTI_GetFlagStatus:0000000000000000 $t
     /tmp/cc9OZaER.s:242    .text.EXTI_GetFlagStatus:0000000000000000 EXTI_GetFlagStatus
     /tmp/cc9OZaER.s:269    .text.EXTI_GetFlagStatus:0000000000000010 $d
     /tmp/cc9OZaER.s:274    .text.EXTI_ClearFlag:0000000000000000 $t
     /tmp/cc9OZaER.s:281    .text.EXTI_ClearFlag:0000000000000000 EXTI_ClearFlag
     /tmp/cc9OZaER.s:296    .text.EXTI_ClearFlag:0000000000000008 $d
     /tmp/cc9OZaER.s:301    .text.EXTI_GetITStatus:0000000000000000 $t
     /tmp/cc9OZaER.s:308    .text.EXTI_GetITStatus:0000000000000000 EXTI_GetITStatus
     /tmp/cc9OZaER.s:335    .text.EXTI_GetITStatus:0000000000000010 $d
     /tmp/cc9OZaER.s:340    .text.EXTI_ClearITPendingBit:0000000000000000 $t
     /tmp/cc9OZaER.s:347    .text.EXTI_ClearITPendingBit:0000000000000000 EXTI_ClearITPendingBit
     /tmp/cc9OZaER.s:362    .text.EXTI_ClearITPendingBit:0000000000000008 $d
                     .debug_frame:0000000000000010 $d

NO UNDEFINED SYMBOLS
