ARM GAS  /tmp/cc1jtUIo.s 			page 1


   1              		.cpu cortex-m4
   2              		.eabi_attribute 27, 1
   3              		.eabi_attribute 28, 1
   4              		.eabi_attribute 20, 1
   5              		.eabi_attribute 21, 1
   6              		.eabi_attribute 23, 3
   7              		.eabi_attribute 24, 1
   8              		.eabi_attribute 25, 1
   9              		.eabi_attribute 26, 1
  10              		.eabi_attribute 30, 1
  11              		.eabi_attribute 34, 1
  12              		.eabi_attribute 18, 4
  13              		.file	"stm32f4xx_crc.c"
  14              		.text
  15              	.Ltext0:
  16              		.cfi_sections	.debug_frame
  17              		.section	.text.CRC_ResetDR,"ax",%progbits
  18              		.align	1
  19              		.global	CRC_ResetDR
  20              		.syntax unified
  21              		.thumb
  22              		.thumb_func
  23              		.fpu fpv4-sp-d16
  25              	CRC_ResetDR:
  26              	.LFB123:
  27              		.file 1 "FWLIB/src/stm32f4xx_crc.c"
   1:FWLIB/src/stm32f4xx_crc.c **** /**
   2:FWLIB/src/stm32f4xx_crc.c ****   ******************************************************************************
   3:FWLIB/src/stm32f4xx_crc.c ****   * @file    stm32f4xx_crc.c
   4:FWLIB/src/stm32f4xx_crc.c ****   * @author  MCD Application Team
   5:FWLIB/src/stm32f4xx_crc.c ****   * @version V1.8.0
   6:FWLIB/src/stm32f4xx_crc.c ****   * @date    04-November-2016
   7:FWLIB/src/stm32f4xx_crc.c ****   * @brief   This file provides all the CRC firmware functions.
   8:FWLIB/src/stm32f4xx_crc.c ****   ******************************************************************************
   9:FWLIB/src/stm32f4xx_crc.c ****   * @attention
  10:FWLIB/src/stm32f4xx_crc.c ****   *
  11:FWLIB/src/stm32f4xx_crc.c ****   * <h2><center>&copy; COPYRIGHT 2016 STMicroelectronics</center></h2>
  12:FWLIB/src/stm32f4xx_crc.c ****   *
  13:FWLIB/src/stm32f4xx_crc.c ****   * Licensed under MCD-ST Liberty SW License Agreement V2, (the "License");
  14:FWLIB/src/stm32f4xx_crc.c ****   * You may not use this file except in compliance with the License.
  15:FWLIB/src/stm32f4xx_crc.c ****   * You may obtain a copy of the License at:
  16:FWLIB/src/stm32f4xx_crc.c ****   *
  17:FWLIB/src/stm32f4xx_crc.c ****   *        http://www.st.com/software_license_agreement_liberty_v2
  18:FWLIB/src/stm32f4xx_crc.c ****   *
  19:FWLIB/src/stm32f4xx_crc.c ****   * Unless required by applicable law or agreed to in writing, software 
  20:FWLIB/src/stm32f4xx_crc.c ****   * distributed under the License is distributed on an "AS IS" BASIS, 
  21:FWLIB/src/stm32f4xx_crc.c ****   * WITHOUT WARRANTIES OR CONDITIONS OF ANY KIND, either express or implied.
  22:FWLIB/src/stm32f4xx_crc.c ****   * See the License for the specific language governing permissions and
  23:FWLIB/src/stm32f4xx_crc.c ****   * limitations under the License.
  24:FWLIB/src/stm32f4xx_crc.c ****   *
  25:FWLIB/src/stm32f4xx_crc.c ****   ******************************************************************************
  26:FWLIB/src/stm32f4xx_crc.c ****   */
  27:FWLIB/src/stm32f4xx_crc.c **** 
  28:FWLIB/src/stm32f4xx_crc.c **** /* Includes ------------------------------------------------------------------*/
  29:FWLIB/src/stm32f4xx_crc.c **** #include "stm32f4xx_crc.h"
  30:FWLIB/src/stm32f4xx_crc.c **** 
  31:FWLIB/src/stm32f4xx_crc.c **** /** @addtogroup STM32F4xx_StdPeriph_Driver
ARM GAS  /tmp/cc1jtUIo.s 			page 2


  32:FWLIB/src/stm32f4xx_crc.c ****   * @{
  33:FWLIB/src/stm32f4xx_crc.c ****   */
  34:FWLIB/src/stm32f4xx_crc.c **** 
  35:FWLIB/src/stm32f4xx_crc.c **** /** @defgroup CRC 
  36:FWLIB/src/stm32f4xx_crc.c ****   * @brief CRC driver modules
  37:FWLIB/src/stm32f4xx_crc.c ****   * @{
  38:FWLIB/src/stm32f4xx_crc.c ****   */
  39:FWLIB/src/stm32f4xx_crc.c **** 
  40:FWLIB/src/stm32f4xx_crc.c **** /* Private typedef -----------------------------------------------------------*/
  41:FWLIB/src/stm32f4xx_crc.c **** /* Private define ------------------------------------------------------------*/
  42:FWLIB/src/stm32f4xx_crc.c **** /* Private macro -------------------------------------------------------------*/
  43:FWLIB/src/stm32f4xx_crc.c **** /* Private variables ---------------------------------------------------------*/
  44:FWLIB/src/stm32f4xx_crc.c **** /* Private function prototypes -----------------------------------------------*/
  45:FWLIB/src/stm32f4xx_crc.c **** /* Private functions ---------------------------------------------------------*/
  46:FWLIB/src/stm32f4xx_crc.c **** 
  47:FWLIB/src/stm32f4xx_crc.c **** /** @defgroup CRC_Private_Functions
  48:FWLIB/src/stm32f4xx_crc.c ****   * @{
  49:FWLIB/src/stm32f4xx_crc.c ****   */
  50:FWLIB/src/stm32f4xx_crc.c **** 
  51:FWLIB/src/stm32f4xx_crc.c **** /**
  52:FWLIB/src/stm32f4xx_crc.c ****   * @brief  Resets the CRC Data register (DR).
  53:FWLIB/src/stm32f4xx_crc.c ****   * @param  None
  54:FWLIB/src/stm32f4xx_crc.c ****   * @retval None
  55:FWLIB/src/stm32f4xx_crc.c ****   */
  56:FWLIB/src/stm32f4xx_crc.c **** void CRC_ResetDR(void)
  57:FWLIB/src/stm32f4xx_crc.c **** {
  28              		.loc 1 57 0
  29              		.cfi_startproc
  30              		@ args = 0, pretend = 0, frame = 0
  31              		@ frame_needed = 0, uses_anonymous_args = 0
  32              		@ link register save eliminated.
  58:FWLIB/src/stm32f4xx_crc.c ****   /* Reset CRC generator */
  59:FWLIB/src/stm32f4xx_crc.c ****   CRC->CR = CRC_CR_RESET;
  33              		.loc 1 59 0
  34 0000 0122     		movs	r2, #1
  35 0002 014B     		ldr	r3, .L2
  36 0004 9A60     		str	r2, [r3, #8]
  37 0006 7047     		bx	lr
  38              	.L3:
  39              		.align	2
  40              	.L2:
  41 0008 00300240 		.word	1073885184
  42              		.cfi_endproc
  43              	.LFE123:
  45              		.section	.text.CRC_CalcCRC,"ax",%progbits
  46              		.align	1
  47              		.global	CRC_CalcCRC
  48              		.syntax unified
  49              		.thumb
  50              		.thumb_func
  51              		.fpu fpv4-sp-d16
  53              	CRC_CalcCRC:
  54              	.LFB124:
  60:FWLIB/src/stm32f4xx_crc.c **** }
  61:FWLIB/src/stm32f4xx_crc.c **** 
  62:FWLIB/src/stm32f4xx_crc.c **** /**
  63:FWLIB/src/stm32f4xx_crc.c ****   * @brief  Computes the 32-bit CRC of a given data word(32-bit).
ARM GAS  /tmp/cc1jtUIo.s 			page 3


  64:FWLIB/src/stm32f4xx_crc.c ****   * @param  Data: data word(32-bit) to compute its CRC
  65:FWLIB/src/stm32f4xx_crc.c ****   * @retval 32-bit CRC
  66:FWLIB/src/stm32f4xx_crc.c ****   */
  67:FWLIB/src/stm32f4xx_crc.c **** uint32_t CRC_CalcCRC(uint32_t Data)
  68:FWLIB/src/stm32f4xx_crc.c **** {
  55              		.loc 1 68 0
  56              		.cfi_startproc
  57              		@ args = 0, pretend = 0, frame = 0
  58              		@ frame_needed = 0, uses_anonymous_args = 0
  59              		@ link register save eliminated.
  60              	.LVL0:
  69:FWLIB/src/stm32f4xx_crc.c ****   CRC->DR = Data;
  61              		.loc 1 69 0
  62 0000 014B     		ldr	r3, .L5
  63 0002 1860     		str	r0, [r3]
  70:FWLIB/src/stm32f4xx_crc.c ****   
  71:FWLIB/src/stm32f4xx_crc.c ****   return (CRC->DR);
  64              		.loc 1 71 0
  65 0004 1868     		ldr	r0, [r3]
  66              	.LVL1:
  72:FWLIB/src/stm32f4xx_crc.c **** }
  67              		.loc 1 72 0
  68 0006 7047     		bx	lr
  69              	.L6:
  70              		.align	2
  71              	.L5:
  72 0008 00300240 		.word	1073885184
  73              		.cfi_endproc
  74              	.LFE124:
  76              		.section	.text.CRC_CalcBlockCRC,"ax",%progbits
  77              		.align	1
  78              		.global	CRC_CalcBlockCRC
  79              		.syntax unified
  80              		.thumb
  81              		.thumb_func
  82              		.fpu fpv4-sp-d16
  84              	CRC_CalcBlockCRC:
  85              	.LFB125:
  73:FWLIB/src/stm32f4xx_crc.c **** 
  74:FWLIB/src/stm32f4xx_crc.c **** /**
  75:FWLIB/src/stm32f4xx_crc.c ****   * @brief  Computes the 32-bit CRC of a given buffer of data word(32-bit).
  76:FWLIB/src/stm32f4xx_crc.c ****   * @param  pBuffer: pointer to the buffer containing the data to be computed
  77:FWLIB/src/stm32f4xx_crc.c ****   * @param  BufferLength: length of the buffer to be computed					
  78:FWLIB/src/stm32f4xx_crc.c ****   * @retval 32-bit CRC
  79:FWLIB/src/stm32f4xx_crc.c ****   */
  80:FWLIB/src/stm32f4xx_crc.c **** uint32_t CRC_CalcBlockCRC(uint32_t pBuffer[], uint32_t BufferLength)
  81:FWLIB/src/stm32f4xx_crc.c **** {
  86              		.loc 1 81 0
  87              		.cfi_startproc
  88              		@ args = 0, pretend = 0, frame = 0
  89              		@ frame_needed = 0, uses_anonymous_args = 0
  90              		@ link register save eliminated.
  91              	.LVL2:
  82:FWLIB/src/stm32f4xx_crc.c ****   uint32_t index = 0;
  83:FWLIB/src/stm32f4xx_crc.c ****   
  84:FWLIB/src/stm32f4xx_crc.c ****   for(index = 0; index < BufferLength; index++)
  92              		.loc 1 84 0
ARM GAS  /tmp/cc1jtUIo.s 			page 4


  93 0000 0023     		movs	r3, #0
  94              	.LVL3:
  95 0002 8B42     		cmp	r3, r1
  96 0004 0CD2     		bcs	.L14
  81:FWLIB/src/stm32f4xx_crc.c ****   uint32_t index = 0;
  97              		.loc 1 81 0
  98 0006 10B4     		push	{r4}
  99              	.LCFI0:
 100              		.cfi_def_cfa_offset 4
 101              		.cfi_offset 4, -4
 102              	.L9:
  85:FWLIB/src/stm32f4xx_crc.c ****   {
  86:FWLIB/src/stm32f4xx_crc.c ****     CRC->DR = pBuffer[index];
 103              		.loc 1 86 0 discriminator 3
 104 0008 50F82340 		ldr	r4, [r0, r3, lsl #2]
 105 000c 064A     		ldr	r2, .L15
 106 000e 1460     		str	r4, [r2]
  84:FWLIB/src/stm32f4xx_crc.c ****   {
 107              		.loc 1 84 0 discriminator 3
 108 0010 0133     		adds	r3, r3, #1
 109              	.LVL4:
 110 0012 8B42     		cmp	r3, r1
 111 0014 F8D3     		bcc	.L9
  87:FWLIB/src/stm32f4xx_crc.c ****   }
  88:FWLIB/src/stm32f4xx_crc.c ****   return (CRC->DR);
 112              		.loc 1 88 0
 113 0016 044B     		ldr	r3, .L15
 114              	.LVL5:
 115 0018 1868     		ldr	r0, [r3]
 116              	.LVL6:
  89:FWLIB/src/stm32f4xx_crc.c **** }
 117              		.loc 1 89 0
 118 001a 5DF8044B 		ldr	r4, [sp], #4
 119              	.LCFI1:
 120              		.cfi_restore 4
 121              		.cfi_def_cfa_offset 0
 122 001e 7047     		bx	lr
 123              	.LVL7:
 124              	.L14:
  88:FWLIB/src/stm32f4xx_crc.c **** }
 125              		.loc 1 88 0
 126 0020 014B     		ldr	r3, .L15
 127              	.LVL8:
 128 0022 1868     		ldr	r0, [r3]
 129              	.LVL9:
 130              		.loc 1 89 0
 131 0024 7047     		bx	lr
 132              	.L16:
 133 0026 00BF     		.align	2
 134              	.L15:
 135 0028 00300240 		.word	1073885184
 136              		.cfi_endproc
 137              	.LFE125:
 139              		.section	.text.CRC_GetCRC,"ax",%progbits
 140              		.align	1
 141              		.global	CRC_GetCRC
 142              		.syntax unified
ARM GAS  /tmp/cc1jtUIo.s 			page 5


 143              		.thumb
 144              		.thumb_func
 145              		.fpu fpv4-sp-d16
 147              	CRC_GetCRC:
 148              	.LFB126:
  90:FWLIB/src/stm32f4xx_crc.c **** 
  91:FWLIB/src/stm32f4xx_crc.c **** /**
  92:FWLIB/src/stm32f4xx_crc.c ****   * @brief  Returns the current CRC value.
  93:FWLIB/src/stm32f4xx_crc.c ****   * @param  None
  94:FWLIB/src/stm32f4xx_crc.c ****   * @retval 32-bit CRC
  95:FWLIB/src/stm32f4xx_crc.c ****   */
  96:FWLIB/src/stm32f4xx_crc.c **** uint32_t CRC_GetCRC(void)
  97:FWLIB/src/stm32f4xx_crc.c **** {
 149              		.loc 1 97 0
 150              		.cfi_startproc
 151              		@ args = 0, pretend = 0, frame = 0
 152              		@ frame_needed = 0, uses_anonymous_args = 0
 153              		@ link register save eliminated.
  98:FWLIB/src/stm32f4xx_crc.c ****   return (CRC->DR);
 154              		.loc 1 98 0
 155 0000 014B     		ldr	r3, .L18
 156 0002 1868     		ldr	r0, [r3]
  99:FWLIB/src/stm32f4xx_crc.c **** }
 157              		.loc 1 99 0
 158 0004 7047     		bx	lr
 159              	.L19:
 160 0006 00BF     		.align	2
 161              	.L18:
 162 0008 00300240 		.word	1073885184
 163              		.cfi_endproc
 164              	.LFE126:
 166              		.section	.text.CRC_SetIDRegister,"ax",%progbits
 167              		.align	1
 168              		.global	CRC_SetIDRegister
 169              		.syntax unified
 170              		.thumb
 171              		.thumb_func
 172              		.fpu fpv4-sp-d16
 174              	CRC_SetIDRegister:
 175              	.LFB127:
 100:FWLIB/src/stm32f4xx_crc.c **** 
 101:FWLIB/src/stm32f4xx_crc.c **** /**
 102:FWLIB/src/stm32f4xx_crc.c ****   * @brief  Stores a 8-bit data in the Independent Data(ID) register.
 103:FWLIB/src/stm32f4xx_crc.c ****   * @param  IDValue: 8-bit value to be stored in the ID register 					
 104:FWLIB/src/stm32f4xx_crc.c ****   * @retval None
 105:FWLIB/src/stm32f4xx_crc.c ****   */
 106:FWLIB/src/stm32f4xx_crc.c **** void CRC_SetIDRegister(uint8_t IDValue)
 107:FWLIB/src/stm32f4xx_crc.c **** {
 176              		.loc 1 107 0
 177              		.cfi_startproc
 178              		@ args = 0, pretend = 0, frame = 0
 179              		@ frame_needed = 0, uses_anonymous_args = 0
 180              		@ link register save eliminated.
 181              	.LVL10:
 108:FWLIB/src/stm32f4xx_crc.c ****   CRC->IDR = IDValue;
 182              		.loc 1 108 0
 183 0000 014B     		ldr	r3, .L21
ARM GAS  /tmp/cc1jtUIo.s 			page 6


 184 0002 1871     		strb	r0, [r3, #4]
 185 0004 7047     		bx	lr
 186              	.L22:
 187 0006 00BF     		.align	2
 188              	.L21:
 189 0008 00300240 		.word	1073885184
 190              		.cfi_endproc
 191              	.LFE127:
 193              		.section	.text.CRC_GetIDRegister,"ax",%progbits
 194              		.align	1
 195              		.global	CRC_GetIDRegister
 196              		.syntax unified
 197              		.thumb
 198              		.thumb_func
 199              		.fpu fpv4-sp-d16
 201              	CRC_GetIDRegister:
 202              	.LFB128:
 109:FWLIB/src/stm32f4xx_crc.c **** }
 110:FWLIB/src/stm32f4xx_crc.c **** 
 111:FWLIB/src/stm32f4xx_crc.c **** /**
 112:FWLIB/src/stm32f4xx_crc.c ****   * @brief  Returns the 8-bit data stored in the Independent Data(ID) register
 113:FWLIB/src/stm32f4xx_crc.c ****   * @param  None
 114:FWLIB/src/stm32f4xx_crc.c ****   * @retval 8-bit value of the ID register 
 115:FWLIB/src/stm32f4xx_crc.c ****   */
 116:FWLIB/src/stm32f4xx_crc.c **** uint8_t CRC_GetIDRegister(void)
 117:FWLIB/src/stm32f4xx_crc.c **** {
 203              		.loc 1 117 0
 204              		.cfi_startproc
 205              		@ args = 0, pretend = 0, frame = 0
 206              		@ frame_needed = 0, uses_anonymous_args = 0
 207              		@ link register save eliminated.
 118:FWLIB/src/stm32f4xx_crc.c ****   return (CRC->IDR);
 208              		.loc 1 118 0
 209 0000 014B     		ldr	r3, .L24
 210 0002 1879     		ldrb	r0, [r3, #4]	@ zero_extendqisi2
 119:FWLIB/src/stm32f4xx_crc.c **** }
 211              		.loc 1 119 0
 212 0004 7047     		bx	lr
 213              	.L25:
 214 0006 00BF     		.align	2
 215              	.L24:
 216 0008 00300240 		.word	1073885184
 217              		.cfi_endproc
 218              	.LFE128:
 220              		.text
 221              	.Letext0:
 222              		.file 2 "/usr/include/newlib/machine/_default_types.h"
 223              		.file 3 "/usr/include/newlib/sys/_stdint.h"
 224              		.file 4 "F4_CORE/core_cm4.h"
 225              		.file 5 "USER/system_stm32f4xx.h"
 226              		.file 6 "USER/stm32f4xx.h"
ARM GAS  /tmp/cc1jtUIo.s 			page 7


DEFINED SYMBOLS
                            *ABS*:0000000000000000 stm32f4xx_crc.c
     /tmp/cc1jtUIo.s:18     .text.CRC_ResetDR:0000000000000000 $t
     /tmp/cc1jtUIo.s:25     .text.CRC_ResetDR:0000000000000000 CRC_ResetDR
     /tmp/cc1jtUIo.s:41     .text.CRC_ResetDR:0000000000000008 $d
     /tmp/cc1jtUIo.s:46     .text.CRC_CalcCRC:0000000000000000 $t
     /tmp/cc1jtUIo.s:53     .text.CRC_CalcCRC:0000000000000000 CRC_CalcCRC
     /tmp/cc1jtUIo.s:72     .text.CRC_CalcCRC:0000000000000008 $d
     /tmp/cc1jtUIo.s:77     .text.CRC_CalcBlockCRC:0000000000000000 $t
     /tmp/cc1jtUIo.s:84     .text.CRC_CalcBlockCRC:0000000000000000 CRC_CalcBlockCRC
     /tmp/cc1jtUIo.s:135    .text.CRC_CalcBlockCRC:0000000000000028 $d
     /tmp/cc1jtUIo.s:140    .text.CRC_GetCRC:0000000000000000 $t
     /tmp/cc1jtUIo.s:147    .text.CRC_GetCRC:0000000000000000 CRC_GetCRC
     /tmp/cc1jtUIo.s:162    .text.CRC_GetCRC:0000000000000008 $d
     /tmp/cc1jtUIo.s:167    .text.CRC_SetIDRegister:0000000000000000 $t
     /tmp/cc1jtUIo.s:174    .text.CRC_SetIDRegister:0000000000000000 CRC_SetIDRegister
     /tmp/cc1jtUIo.s:189    .text.CRC_SetIDRegister:0000000000000008 $d
     /tmp/cc1jtUIo.s:194    .text.CRC_GetIDRegister:0000000000000000 $t
     /tmp/cc1jtUIo.s:201    .text.CRC_GetIDRegister:0000000000000000 CRC_GetIDRegister
     /tmp/cc1jtUIo.s:216    .text.CRC_GetIDRegister:0000000000000008 $d
                     .debug_frame:0000000000000010 $d

NO UNDEFINED SYMBOLS
