ARM GAS  /tmp/cctVIhKr.s 			page 1


   1              		.cpu cortex-m4
   2              		.eabi_attribute 27, 1
   3              		.eabi_attribute 28, 1
   4              		.eabi_attribute 20, 1
   5              		.eabi_attribute 21, 1
   6              		.eabi_attribute 23, 3
   7              		.eabi_attribute 24, 1
   8              		.eabi_attribute 25, 1
   9              		.eabi_attribute 26, 1
  10              		.eabi_attribute 30, 1
  11              		.eabi_attribute 34, 1
  12              		.eabi_attribute 18, 4
  13              		.file	"stm32f4xx_dcmi.c"
  14              		.text
  15              	.Ltext0:
  16              		.cfi_sections	.debug_frame
  17              		.section	.text.DCMI_DeInit,"ax",%progbits
  18              		.align	1
  19              		.global	DCMI_DeInit
  20              		.syntax unified
  21              		.thumb
  22              		.thumb_func
  23              		.fpu fpv4-sp-d16
  25              	DCMI_DeInit:
  26              	.LFB123:
  27              		.file 1 "FWLIB/src/stm32f4xx_dcmi.c"
   1:FWLIB/src/stm32f4xx_dcmi.c **** /**
   2:FWLIB/src/stm32f4xx_dcmi.c ****   ******************************************************************************
   3:FWLIB/src/stm32f4xx_dcmi.c ****   * @file    stm32f4xx_dcmi.c
   4:FWLIB/src/stm32f4xx_dcmi.c ****   * @author  MCD Application Team
   5:FWLIB/src/stm32f4xx_dcmi.c ****   * @version V1.8.0
   6:FWLIB/src/stm32f4xx_dcmi.c ****   * @date    04-November-2016
   7:FWLIB/src/stm32f4xx_dcmi.c ****   * @brief   This file provides firmware functions to manage the following 
   8:FWLIB/src/stm32f4xx_dcmi.c ****   *          functionalities of the DCMI peripheral:           
   9:FWLIB/src/stm32f4xx_dcmi.c ****   *           + Initialization and Configuration
  10:FWLIB/src/stm32f4xx_dcmi.c ****   *           + Image capture functions  
  11:FWLIB/src/stm32f4xx_dcmi.c ****   *           + Interrupts and flags management
  12:FWLIB/src/stm32f4xx_dcmi.c ****   *
  13:FWLIB/src/stm32f4xx_dcmi.c ****  @verbatim          
  14:FWLIB/src/stm32f4xx_dcmi.c ****  ===============================================================================
  15:FWLIB/src/stm32f4xx_dcmi.c ****                         ##### How to use this driver #####
  16:FWLIB/src/stm32f4xx_dcmi.c ****  ===============================================================================  
  17:FWLIB/src/stm32f4xx_dcmi.c ****     [..]       
  18:FWLIB/src/stm32f4xx_dcmi.c ****       The sequence below describes how to use this driver to capture image
  19:FWLIB/src/stm32f4xx_dcmi.c ****       from a camera module connected to the DCMI Interface.
  20:FWLIB/src/stm32f4xx_dcmi.c ****       This sequence does not take into account the configuration of the  
  21:FWLIB/src/stm32f4xx_dcmi.c ****       camera module, which should be made before to configure and enable
  22:FWLIB/src/stm32f4xx_dcmi.c ****       the DCMI to capture images.
  23:FWLIB/src/stm32f4xx_dcmi.c ****              
  24:FWLIB/src/stm32f4xx_dcmi.c ****       (#) Enable the clock for the DCMI and associated GPIOs using the following 
  25:FWLIB/src/stm32f4xx_dcmi.c ****           functions:
  26:FWLIB/src/stm32f4xx_dcmi.c ****           RCC_AHB2PeriphClockCmd(RCC_AHB2Periph_DCMI, ENABLE);
  27:FWLIB/src/stm32f4xx_dcmi.c ****           RCC_AHB1PeriphClockCmd(RCC_AHB1Periph_GPIOx, ENABLE);
  28:FWLIB/src/stm32f4xx_dcmi.c ****   
  29:FWLIB/src/stm32f4xx_dcmi.c ****       (#) DCMI pins configuration 
  30:FWLIB/src/stm32f4xx_dcmi.c ****         (++) Connect the involved DCMI pins to AF13 using the following function 
  31:FWLIB/src/stm32f4xx_dcmi.c ****             GPIO_PinAFConfig(GPIOx, GPIO_PinSourcex, GPIO_AF_DCMI); 
ARM GAS  /tmp/cctVIhKr.s 			page 2


  32:FWLIB/src/stm32f4xx_dcmi.c ****         (++) Configure these DCMI pins in alternate function mode by calling 
  33:FWLIB/src/stm32f4xx_dcmi.c ****             the function GPIO_Init();
  34:FWLIB/src/stm32f4xx_dcmi.c ****       
  35:FWLIB/src/stm32f4xx_dcmi.c ****       (#) Declare a DCMI_InitTypeDef structure, for example:
  36:FWLIB/src/stm32f4xx_dcmi.c ****           DCMI_InitTypeDef  DCMI_InitStructure;
  37:FWLIB/src/stm32f4xx_dcmi.c ****           and fill the DCMI_InitStructure variable with the allowed values
  38:FWLIB/src/stm32f4xx_dcmi.c ****           of the structure member.
  39:FWLIB/src/stm32f4xx_dcmi.c ****     
  40:FWLIB/src/stm32f4xx_dcmi.c ****       (#) Initialize the DCMI interface by calling the function
  41:FWLIB/src/stm32f4xx_dcmi.c ****           DCMI_Init(&DCMI_InitStructure); 
  42:FWLIB/src/stm32f4xx_dcmi.c ****     
  43:FWLIB/src/stm32f4xx_dcmi.c ****       (#) Configure the DMA2_Stream1 channel1 to transfer Data from DCMI DR
  44:FWLIB/src/stm32f4xx_dcmi.c ****           register to the destination memory buffer.
  45:FWLIB/src/stm32f4xx_dcmi.c ****     
  46:FWLIB/src/stm32f4xx_dcmi.c ****       (#) Enable DCMI interface using the function
  47:FWLIB/src/stm32f4xx_dcmi.c ****           DCMI_Cmd(ENABLE);
  48:FWLIB/src/stm32f4xx_dcmi.c ****                    
  49:FWLIB/src/stm32f4xx_dcmi.c ****       (#) Start the image capture using the function
  50:FWLIB/src/stm32f4xx_dcmi.c ****           DCMI_CaptureCmd(ENABLE);
  51:FWLIB/src/stm32f4xx_dcmi.c ****                    
  52:FWLIB/src/stm32f4xx_dcmi.c ****       (#) At this stage the DCMI interface waits for the first start of frame,
  53:FWLIB/src/stm32f4xx_dcmi.c ****           then a DMA request is generated continuously/once (depending on the
  54:FWLIB/src/stm32f4xx_dcmi.c ****           mode used, Continuous/Snapshot) to transfer the received data into
  55:FWLIB/src/stm32f4xx_dcmi.c ****           the destination memory. 
  56:FWLIB/src/stm32f4xx_dcmi.c ****      
  57:FWLIB/src/stm32f4xx_dcmi.c ****       -@-  If you need to capture only a rectangular window from the received
  58:FWLIB/src/stm32f4xx_dcmi.c ****            image, you have to use the DCMI_CROPConfig() function to configure 
  59:FWLIB/src/stm32f4xx_dcmi.c ****            the coordinates and size of the window to be captured, then enable 
  60:FWLIB/src/stm32f4xx_dcmi.c ****            the Crop feature using DCMI_CROPCmd(ENABLE);  
  61:FWLIB/src/stm32f4xx_dcmi.c ****            In this case, the Crop configuration should be made before to enable
  62:FWLIB/src/stm32f4xx_dcmi.c ****            and start the DCMI interface. 
  63:FWLIB/src/stm32f4xx_dcmi.c **** 
  64:FWLIB/src/stm32f4xx_dcmi.c ****  @endverbatim     
  65:FWLIB/src/stm32f4xx_dcmi.c ****   ******************************************************************************
  66:FWLIB/src/stm32f4xx_dcmi.c ****   * @attention
  67:FWLIB/src/stm32f4xx_dcmi.c ****   *
  68:FWLIB/src/stm32f4xx_dcmi.c ****   * <h2><center>&copy; COPYRIGHT 2016 STMicroelectronics</center></h2>
  69:FWLIB/src/stm32f4xx_dcmi.c ****   *
  70:FWLIB/src/stm32f4xx_dcmi.c ****   * Licensed under MCD-ST Liberty SW License Agreement V2, (the "License");
  71:FWLIB/src/stm32f4xx_dcmi.c ****   * You may not use this file except in compliance with the License.
  72:FWLIB/src/stm32f4xx_dcmi.c ****   * You may obtain a copy of the License at:
  73:FWLIB/src/stm32f4xx_dcmi.c ****   *
  74:FWLIB/src/stm32f4xx_dcmi.c ****   *        http://www.st.com/software_license_agreement_liberty_v2
  75:FWLIB/src/stm32f4xx_dcmi.c ****   *
  76:FWLIB/src/stm32f4xx_dcmi.c ****   * Unless required by applicable law or agreed to in writing, software 
  77:FWLIB/src/stm32f4xx_dcmi.c ****   * distributed under the License is distributed on an "AS IS" BASIS, 
  78:FWLIB/src/stm32f4xx_dcmi.c ****   * WITHOUT WARRANTIES OR CONDITIONS OF ANY KIND, either express or implied.
  79:FWLIB/src/stm32f4xx_dcmi.c ****   * See the License for the specific language governing permissions and
  80:FWLIB/src/stm32f4xx_dcmi.c ****   * limitations under the License.
  81:FWLIB/src/stm32f4xx_dcmi.c ****   *
  82:FWLIB/src/stm32f4xx_dcmi.c ****   ******************************************************************************
  83:FWLIB/src/stm32f4xx_dcmi.c ****   */
  84:FWLIB/src/stm32f4xx_dcmi.c **** 
  85:FWLIB/src/stm32f4xx_dcmi.c **** /* Includes ------------------------------------------------------------------*/
  86:FWLIB/src/stm32f4xx_dcmi.c **** #include "stm32f4xx_dcmi.h"
  87:FWLIB/src/stm32f4xx_dcmi.c **** #include "stm32f4xx_rcc.h"
  88:FWLIB/src/stm32f4xx_dcmi.c **** 
ARM GAS  /tmp/cctVIhKr.s 			page 3


  89:FWLIB/src/stm32f4xx_dcmi.c **** /** @addtogroup STM32F4xx_StdPeriph_Driver
  90:FWLIB/src/stm32f4xx_dcmi.c ****   * @{
  91:FWLIB/src/stm32f4xx_dcmi.c ****   */
  92:FWLIB/src/stm32f4xx_dcmi.c **** 
  93:FWLIB/src/stm32f4xx_dcmi.c **** /** @defgroup DCMI 
  94:FWLIB/src/stm32f4xx_dcmi.c ****   * @brief DCMI driver modules
  95:FWLIB/src/stm32f4xx_dcmi.c ****   * @{
  96:FWLIB/src/stm32f4xx_dcmi.c ****   */ 
  97:FWLIB/src/stm32f4xx_dcmi.c **** 
  98:FWLIB/src/stm32f4xx_dcmi.c **** /* Private typedef -----------------------------------------------------------*/
  99:FWLIB/src/stm32f4xx_dcmi.c **** /* Private define ------------------------------------------------------------*/
 100:FWLIB/src/stm32f4xx_dcmi.c **** /* Private macro -------------------------------------------------------------*/
 101:FWLIB/src/stm32f4xx_dcmi.c **** /* Private variables ---------------------------------------------------------*/
 102:FWLIB/src/stm32f4xx_dcmi.c **** /* Private function prototypes -----------------------------------------------*/
 103:FWLIB/src/stm32f4xx_dcmi.c **** /* Private functions ---------------------------------------------------------*/
 104:FWLIB/src/stm32f4xx_dcmi.c **** 
 105:FWLIB/src/stm32f4xx_dcmi.c **** /** @defgroup DCMI_Private_Functions
 106:FWLIB/src/stm32f4xx_dcmi.c ****   * @{
 107:FWLIB/src/stm32f4xx_dcmi.c ****   */ 
 108:FWLIB/src/stm32f4xx_dcmi.c **** 
 109:FWLIB/src/stm32f4xx_dcmi.c **** /** @defgroup DCMI_Group1 Initialization and Configuration functions
 110:FWLIB/src/stm32f4xx_dcmi.c ****  *  @brief   Initialization and Configuration functions 
 111:FWLIB/src/stm32f4xx_dcmi.c ****  *
 112:FWLIB/src/stm32f4xx_dcmi.c **** @verbatim   
 113:FWLIB/src/stm32f4xx_dcmi.c ****  ===============================================================================
 114:FWLIB/src/stm32f4xx_dcmi.c ****               ##### Initialization and Configuration functions #####
 115:FWLIB/src/stm32f4xx_dcmi.c ****  ===============================================================================  
 116:FWLIB/src/stm32f4xx_dcmi.c **** 
 117:FWLIB/src/stm32f4xx_dcmi.c **** @endverbatim
 118:FWLIB/src/stm32f4xx_dcmi.c ****   * @{
 119:FWLIB/src/stm32f4xx_dcmi.c ****   */
 120:FWLIB/src/stm32f4xx_dcmi.c **** 
 121:FWLIB/src/stm32f4xx_dcmi.c **** /**
 122:FWLIB/src/stm32f4xx_dcmi.c ****   * @brief  Deinitializes the DCMI registers to their default reset values.
 123:FWLIB/src/stm32f4xx_dcmi.c ****   * @param  None
 124:FWLIB/src/stm32f4xx_dcmi.c ****   * @retval None
 125:FWLIB/src/stm32f4xx_dcmi.c ****   */
 126:FWLIB/src/stm32f4xx_dcmi.c **** void DCMI_DeInit(void)
 127:FWLIB/src/stm32f4xx_dcmi.c **** {
  28              		.loc 1 127 0
  29              		.cfi_startproc
  30              		@ args = 0, pretend = 0, frame = 0
  31              		@ frame_needed = 0, uses_anonymous_args = 0
  32              		@ link register save eliminated.
 128:FWLIB/src/stm32f4xx_dcmi.c ****   DCMI->CR = 0x0;
  33              		.loc 1 128 0
  34 0000 054B     		ldr	r3, .L2
  35 0002 0022     		movs	r2, #0
  36 0004 1A60     		str	r2, [r3]
 129:FWLIB/src/stm32f4xx_dcmi.c ****   DCMI->IER = 0x0;
  37              		.loc 1 129 0
  38 0006 DA60     		str	r2, [r3, #12]
 130:FWLIB/src/stm32f4xx_dcmi.c ****   DCMI->ICR = 0x1F;
  39              		.loc 1 130 0
  40 0008 1F21     		movs	r1, #31
  41 000a 5961     		str	r1, [r3, #20]
 131:FWLIB/src/stm32f4xx_dcmi.c ****   DCMI->ESCR = 0x0;
ARM GAS  /tmp/cctVIhKr.s 			page 4


  42              		.loc 1 131 0
  43 000c 9A61     		str	r2, [r3, #24]
 132:FWLIB/src/stm32f4xx_dcmi.c ****   DCMI->ESUR = 0x0;
  44              		.loc 1 132 0
  45 000e DA61     		str	r2, [r3, #28]
 133:FWLIB/src/stm32f4xx_dcmi.c ****   DCMI->CWSTRTR = 0x0;
  46              		.loc 1 133 0
  47 0010 1A62     		str	r2, [r3, #32]
 134:FWLIB/src/stm32f4xx_dcmi.c ****   DCMI->CWSIZER = 0x0;
  48              		.loc 1 134 0
  49 0012 5A62     		str	r2, [r3, #36]
  50 0014 7047     		bx	lr
  51              	.L3:
  52 0016 00BF     		.align	2
  53              	.L2:
  54 0018 00000550 		.word	1342504960
  55              		.cfi_endproc
  56              	.LFE123:
  58              		.section	.text.DCMI_Init,"ax",%progbits
  59              		.align	1
  60              		.global	DCMI_Init
  61              		.syntax unified
  62              		.thumb
  63              		.thumb_func
  64              		.fpu fpv4-sp-d16
  66              	DCMI_Init:
  67              	.LFB124:
 135:FWLIB/src/stm32f4xx_dcmi.c **** }
 136:FWLIB/src/stm32f4xx_dcmi.c **** 
 137:FWLIB/src/stm32f4xx_dcmi.c **** /**
 138:FWLIB/src/stm32f4xx_dcmi.c ****   * @brief  Initializes the DCMI according to the specified parameters in the DCMI_InitStruct.
 139:FWLIB/src/stm32f4xx_dcmi.c ****   * @param  DCMI_InitStruct: pointer to a DCMI_InitTypeDef structure that contains 
 140:FWLIB/src/stm32f4xx_dcmi.c ****   *         the configuration information for the DCMI.
 141:FWLIB/src/stm32f4xx_dcmi.c ****   * @retval None
 142:FWLIB/src/stm32f4xx_dcmi.c ****   */
 143:FWLIB/src/stm32f4xx_dcmi.c **** void DCMI_Init(DCMI_InitTypeDef* DCMI_InitStruct)
 144:FWLIB/src/stm32f4xx_dcmi.c **** {
  68              		.loc 1 144 0
  69              		.cfi_startproc
  70              		@ args = 0, pretend = 0, frame = 0
  71              		@ frame_needed = 0, uses_anonymous_args = 0
  72              	.LVL0:
  73 0000 F0B5     		push	{r4, r5, r6, r7, lr}
  74              	.LCFI0:
  75              		.cfi_def_cfa_offset 20
  76              		.cfi_offset 4, -20
  77              		.cfi_offset 5, -16
  78              		.cfi_offset 6, -12
  79              		.cfi_offset 7, -8
  80              		.cfi_offset 14, -4
  81              	.LVL1:
 145:FWLIB/src/stm32f4xx_dcmi.c ****   uint32_t temp = 0x0;
 146:FWLIB/src/stm32f4xx_dcmi.c ****   
 147:FWLIB/src/stm32f4xx_dcmi.c ****   /* Check the parameters */
 148:FWLIB/src/stm32f4xx_dcmi.c ****   assert_param(IS_DCMI_CAPTURE_MODE(DCMI_InitStruct->DCMI_CaptureMode));
 149:FWLIB/src/stm32f4xx_dcmi.c ****   assert_param(IS_DCMI_SYNCHRO(DCMI_InitStruct->DCMI_SynchroMode));
 150:FWLIB/src/stm32f4xx_dcmi.c ****   assert_param(IS_DCMI_PCKPOLARITY(DCMI_InitStruct->DCMI_PCKPolarity));
ARM GAS  /tmp/cctVIhKr.s 			page 5


 151:FWLIB/src/stm32f4xx_dcmi.c ****   assert_param(IS_DCMI_VSPOLARITY(DCMI_InitStruct->DCMI_VSPolarity));
 152:FWLIB/src/stm32f4xx_dcmi.c ****   assert_param(IS_DCMI_HSPOLARITY(DCMI_InitStruct->DCMI_HSPolarity));
 153:FWLIB/src/stm32f4xx_dcmi.c ****   assert_param(IS_DCMI_CAPTURE_RATE(DCMI_InitStruct->DCMI_CaptureRate));
 154:FWLIB/src/stm32f4xx_dcmi.c ****   assert_param(IS_DCMI_EXTENDED_DATA(DCMI_InitStruct->DCMI_ExtendedDataMode));
 155:FWLIB/src/stm32f4xx_dcmi.c **** 
 156:FWLIB/src/stm32f4xx_dcmi.c ****   /* The DCMI configuration registers should be programmed correctly before 
 157:FWLIB/src/stm32f4xx_dcmi.c ****   enabling the CR_ENABLE Bit and the CR_CAPTURE Bit */
 158:FWLIB/src/stm32f4xx_dcmi.c ****   DCMI->CR &= ~(DCMI_CR_ENABLE | DCMI_CR_CAPTURE);
  82              		.loc 1 158 0
  83 0002 0F4A     		ldr	r2, .L6
  84 0004 1368     		ldr	r3, [r2]
  85 0006 23F48043 		bic	r3, r3, #16384
  86 000a 23F00103 		bic	r3, r3, #1
  87 000e 1360     		str	r3, [r2]
 159:FWLIB/src/stm32f4xx_dcmi.c ****    
 160:FWLIB/src/stm32f4xx_dcmi.c ****   /* Reset the old DCMI configuration */
 161:FWLIB/src/stm32f4xx_dcmi.c ****   temp = DCMI->CR;
  88              		.loc 1 161 0
  89 0010 1368     		ldr	r3, [r2]
  90              	.LVL2:
 162:FWLIB/src/stm32f4xx_dcmi.c ****   
 163:FWLIB/src/stm32f4xx_dcmi.c ****   temp &= ~((uint32_t)DCMI_CR_CM     | DCMI_CR_ESS   | DCMI_CR_PCKPOL |
  91              		.loc 1 163 0
  92 0012 23F47F63 		bic	r3, r3, #4080
  93              	.LVL3:
  94 0016 23F00203 		bic	r3, r3, #2
  95              	.LVL4:
 164:FWLIB/src/stm32f4xx_dcmi.c ****                       DCMI_CR_HSPOL  | DCMI_CR_VSPOL | DCMI_CR_FCRC_0 | 
 165:FWLIB/src/stm32f4xx_dcmi.c ****                       DCMI_CR_FCRC_1 | DCMI_CR_EDM_0 | DCMI_CR_EDM_1); 
 166:FWLIB/src/stm32f4xx_dcmi.c ****                   
 167:FWLIB/src/stm32f4xx_dcmi.c ****   /* Sets the new configuration of the DCMI peripheral */
 168:FWLIB/src/stm32f4xx_dcmi.c ****   temp |= ((uint32_t)DCMI_InitStruct->DCMI_CaptureMode |
  96              		.loc 1 168 0
  97 001a B0F800E0 		ldrh	lr, [r0]
 169:FWLIB/src/stm32f4xx_dcmi.c ****                      DCMI_InitStruct->DCMI_SynchroMode |
  98              		.loc 1 169 0
  99 001e B0F802C0 		ldrh	ip, [r0, #2]
 170:FWLIB/src/stm32f4xx_dcmi.c ****                      DCMI_InitStruct->DCMI_PCKPolarity |
 100              		.loc 1 170 0
 101 0022 8788     		ldrh	r7, [r0, #4]
 171:FWLIB/src/stm32f4xx_dcmi.c ****                      DCMI_InitStruct->DCMI_VSPolarity |
 102              		.loc 1 171 0
 103 0024 C688     		ldrh	r6, [r0, #6]
 172:FWLIB/src/stm32f4xx_dcmi.c ****                      DCMI_InitStruct->DCMI_HSPolarity |
 104              		.loc 1 172 0
 105 0026 0589     		ldrh	r5, [r0, #8]
 173:FWLIB/src/stm32f4xx_dcmi.c ****                      DCMI_InitStruct->DCMI_CaptureRate |
 106              		.loc 1 173 0
 107 0028 4489     		ldrh	r4, [r0, #10]
 174:FWLIB/src/stm32f4xx_dcmi.c ****                      DCMI_InitStruct->DCMI_ExtendedDataMode);
 108              		.loc 1 174 0
 109 002a 8189     		ldrh	r1, [r0, #12]
 173:FWLIB/src/stm32f4xx_dcmi.c ****                      DCMI_InitStruct->DCMI_CaptureRate |
 110              		.loc 1 173 0
 111 002c 4EEA0C00 		orr	r0, lr, ip
 112              	.LVL5:
 113 0030 3843     		orrs	r0, r0, r7
ARM GAS  /tmp/cctVIhKr.s 			page 6


 114 0032 3043     		orrs	r0, r0, r6
 115 0034 2843     		orrs	r0, r0, r5
 116 0036 2043     		orrs	r0, r0, r4
 117 0038 0143     		orrs	r1, r1, r0
 168:FWLIB/src/stm32f4xx_dcmi.c ****                      DCMI_InitStruct->DCMI_SynchroMode |
 118              		.loc 1 168 0
 119 003a 0B43     		orrs	r3, r3, r1
 120              	.LVL6:
 175:FWLIB/src/stm32f4xx_dcmi.c **** 
 176:FWLIB/src/stm32f4xx_dcmi.c ****   DCMI->CR = temp;                              
 121              		.loc 1 176 0
 122 003c 1360     		str	r3, [r2]
 123 003e F0BD     		pop	{r4, r5, r6, r7, pc}
 124              	.L7:
 125              		.align	2
 126              	.L6:
 127 0040 00000550 		.word	1342504960
 128              		.cfi_endproc
 129              	.LFE124:
 131              		.section	.text.DCMI_StructInit,"ax",%progbits
 132              		.align	1
 133              		.global	DCMI_StructInit
 134              		.syntax unified
 135              		.thumb
 136              		.thumb_func
 137              		.fpu fpv4-sp-d16
 139              	DCMI_StructInit:
 140              	.LFB125:
 177:FWLIB/src/stm32f4xx_dcmi.c **** }
 178:FWLIB/src/stm32f4xx_dcmi.c **** 
 179:FWLIB/src/stm32f4xx_dcmi.c **** /**
 180:FWLIB/src/stm32f4xx_dcmi.c ****   * @brief  Fills each DCMI_InitStruct member with its default value.
 181:FWLIB/src/stm32f4xx_dcmi.c ****   * @param  DCMI_InitStruct : pointer to a DCMI_InitTypeDef structure which will
 182:FWLIB/src/stm32f4xx_dcmi.c ****   *         be initialized.
 183:FWLIB/src/stm32f4xx_dcmi.c ****   * @retval None
 184:FWLIB/src/stm32f4xx_dcmi.c ****   */
 185:FWLIB/src/stm32f4xx_dcmi.c **** void DCMI_StructInit(DCMI_InitTypeDef* DCMI_InitStruct)
 186:FWLIB/src/stm32f4xx_dcmi.c **** {
 141              		.loc 1 186 0
 142              		.cfi_startproc
 143              		@ args = 0, pretend = 0, frame = 0
 144              		@ frame_needed = 0, uses_anonymous_args = 0
 145              		@ link register save eliminated.
 146              	.LVL7:
 187:FWLIB/src/stm32f4xx_dcmi.c ****   /* Set the default configuration */
 188:FWLIB/src/stm32f4xx_dcmi.c ****   DCMI_InitStruct->DCMI_CaptureMode = DCMI_CaptureMode_Continuous;
 147              		.loc 1 188 0
 148 0000 0023     		movs	r3, #0
 149 0002 0380     		strh	r3, [r0]	@ movhi
 189:FWLIB/src/stm32f4xx_dcmi.c ****   DCMI_InitStruct->DCMI_SynchroMode = DCMI_SynchroMode_Hardware;
 150              		.loc 1 189 0
 151 0004 4380     		strh	r3, [r0, #2]	@ movhi
 190:FWLIB/src/stm32f4xx_dcmi.c ****   DCMI_InitStruct->DCMI_PCKPolarity = DCMI_PCKPolarity_Falling;
 152              		.loc 1 190 0
 153 0006 8380     		strh	r3, [r0, #4]	@ movhi
 191:FWLIB/src/stm32f4xx_dcmi.c ****   DCMI_InitStruct->DCMI_VSPolarity = DCMI_VSPolarity_Low;
 154              		.loc 1 191 0
ARM GAS  /tmp/cctVIhKr.s 			page 7


 155 0008 C380     		strh	r3, [r0, #6]	@ movhi
 192:FWLIB/src/stm32f4xx_dcmi.c ****   DCMI_InitStruct->DCMI_HSPolarity = DCMI_HSPolarity_Low;
 156              		.loc 1 192 0
 157 000a 0381     		strh	r3, [r0, #8]	@ movhi
 193:FWLIB/src/stm32f4xx_dcmi.c ****   DCMI_InitStruct->DCMI_CaptureRate = DCMI_CaptureRate_All_Frame;
 158              		.loc 1 193 0
 159 000c 4381     		strh	r3, [r0, #10]	@ movhi
 194:FWLIB/src/stm32f4xx_dcmi.c ****   DCMI_InitStruct->DCMI_ExtendedDataMode = DCMI_ExtendedDataMode_8b;
 160              		.loc 1 194 0
 161 000e 8381     		strh	r3, [r0, #12]	@ movhi
 162 0010 7047     		bx	lr
 163              		.cfi_endproc
 164              	.LFE125:
 166              		.section	.text.DCMI_CROPConfig,"ax",%progbits
 167              		.align	1
 168              		.global	DCMI_CROPConfig
 169              		.syntax unified
 170              		.thumb
 171              		.thumb_func
 172              		.fpu fpv4-sp-d16
 174              	DCMI_CROPConfig:
 175              	.LFB126:
 195:FWLIB/src/stm32f4xx_dcmi.c **** }
 196:FWLIB/src/stm32f4xx_dcmi.c **** 
 197:FWLIB/src/stm32f4xx_dcmi.c **** /**
 198:FWLIB/src/stm32f4xx_dcmi.c ****   * @brief  Initializes the DCMI peripheral CROP mode according to the specified
 199:FWLIB/src/stm32f4xx_dcmi.c ****   *         parameters in the DCMI_CROPInitStruct.
 200:FWLIB/src/stm32f4xx_dcmi.c ****   * @note   This function should be called before to enable and start the DCMI interface.   
 201:FWLIB/src/stm32f4xx_dcmi.c ****   * @param  DCMI_CROPInitStruct:  pointer to a DCMI_CROPInitTypeDef structure that 
 202:FWLIB/src/stm32f4xx_dcmi.c ****   *         contains the configuration information for the DCMI peripheral CROP mode.
 203:FWLIB/src/stm32f4xx_dcmi.c ****   * @retval None
 204:FWLIB/src/stm32f4xx_dcmi.c ****   */
 205:FWLIB/src/stm32f4xx_dcmi.c **** void DCMI_CROPConfig(DCMI_CROPInitTypeDef* DCMI_CROPInitStruct)
 206:FWLIB/src/stm32f4xx_dcmi.c **** {  
 176              		.loc 1 206 0
 177              		.cfi_startproc
 178              		@ args = 0, pretend = 0, frame = 0
 179              		@ frame_needed = 0, uses_anonymous_args = 0
 180              		@ link register save eliminated.
 181              	.LVL8:
 207:FWLIB/src/stm32f4xx_dcmi.c ****   /* Sets the CROP window coordinates */
 208:FWLIB/src/stm32f4xx_dcmi.c ****   DCMI->CWSTRTR = (uint32_t)((uint32_t)DCMI_CROPInitStruct->DCMI_HorizontalOffsetCount |
 182              		.loc 1 208 0
 183 0000 4388     		ldrh	r3, [r0, #2]
 209:FWLIB/src/stm32f4xx_dcmi.c ****                   ((uint32_t)DCMI_CROPInitStruct->DCMI_VerticalStartLine << 16));
 184              		.loc 1 209 0
 185 0002 0288     		ldrh	r2, [r0]
 208:FWLIB/src/stm32f4xx_dcmi.c ****                   ((uint32_t)DCMI_CROPInitStruct->DCMI_VerticalStartLine << 16));
 186              		.loc 1 208 0
 187 0004 43EA0243 		orr	r3, r3, r2, lsl #16
 188 0008 034A     		ldr	r2, .L10
 189 000a 1362     		str	r3, [r2, #32]
 210:FWLIB/src/stm32f4xx_dcmi.c **** 
 211:FWLIB/src/stm32f4xx_dcmi.c ****   /* Sets the CROP window size */
 212:FWLIB/src/stm32f4xx_dcmi.c ****   DCMI->CWSIZER = (uint32_t)(DCMI_CROPInitStruct->DCMI_CaptureCount |
 190              		.loc 1 212 0
 191 000c C388     		ldrh	r3, [r0, #6]
ARM GAS  /tmp/cctVIhKr.s 			page 8


 213:FWLIB/src/stm32f4xx_dcmi.c ****                   ((uint32_t)DCMI_CROPInitStruct->DCMI_VerticalLineCount << 16));
 192              		.loc 1 213 0
 193 000e 8188     		ldrh	r1, [r0, #4]
 212:FWLIB/src/stm32f4xx_dcmi.c ****                   ((uint32_t)DCMI_CROPInitStruct->DCMI_VerticalLineCount << 16));
 194              		.loc 1 212 0
 195 0010 43EA0143 		orr	r3, r3, r1, lsl #16
 196 0014 5362     		str	r3, [r2, #36]
 197 0016 7047     		bx	lr
 198              	.L11:
 199              		.align	2
 200              	.L10:
 201 0018 00000550 		.word	1342504960
 202              		.cfi_endproc
 203              	.LFE126:
 205              		.section	.text.DCMI_CROPCmd,"ax",%progbits
 206              		.align	1
 207              		.global	DCMI_CROPCmd
 208              		.syntax unified
 209              		.thumb
 210              		.thumb_func
 211              		.fpu fpv4-sp-d16
 213              	DCMI_CROPCmd:
 214              	.LFB127:
 214:FWLIB/src/stm32f4xx_dcmi.c **** }
 215:FWLIB/src/stm32f4xx_dcmi.c **** 
 216:FWLIB/src/stm32f4xx_dcmi.c **** /**
 217:FWLIB/src/stm32f4xx_dcmi.c ****   * @brief  Enables or disables the DCMI Crop feature.
 218:FWLIB/src/stm32f4xx_dcmi.c ****   * @note   This function should be called before to enable and start the DCMI interface.
 219:FWLIB/src/stm32f4xx_dcmi.c ****   * @param  NewState: new state of the DCMI Crop feature. 
 220:FWLIB/src/stm32f4xx_dcmi.c ****   *          This parameter can be: ENABLE or DISABLE.
 221:FWLIB/src/stm32f4xx_dcmi.c ****   * @retval None
 222:FWLIB/src/stm32f4xx_dcmi.c ****   */
 223:FWLIB/src/stm32f4xx_dcmi.c **** void DCMI_CROPCmd(FunctionalState NewState)
 224:FWLIB/src/stm32f4xx_dcmi.c **** {
 215              		.loc 1 224 0
 216              		.cfi_startproc
 217              		@ args = 0, pretend = 0, frame = 0
 218              		@ frame_needed = 0, uses_anonymous_args = 0
 219              		@ link register save eliminated.
 220              	.LVL9:
 225:FWLIB/src/stm32f4xx_dcmi.c ****   /* Check the parameters */
 226:FWLIB/src/stm32f4xx_dcmi.c ****   assert_param(IS_FUNCTIONAL_STATE(NewState));
 227:FWLIB/src/stm32f4xx_dcmi.c ****     
 228:FWLIB/src/stm32f4xx_dcmi.c ****   if (NewState != DISABLE)
 221              		.loc 1 228 0
 222 0000 28B9     		cbnz	r0, .L15
 229:FWLIB/src/stm32f4xx_dcmi.c ****   {
 230:FWLIB/src/stm32f4xx_dcmi.c ****     /* Enable the DCMI Crop feature */
 231:FWLIB/src/stm32f4xx_dcmi.c ****     DCMI->CR |= (uint32_t)DCMI_CR_CROP;
 232:FWLIB/src/stm32f4xx_dcmi.c ****   }
 233:FWLIB/src/stm32f4xx_dcmi.c ****   else
 234:FWLIB/src/stm32f4xx_dcmi.c ****   {
 235:FWLIB/src/stm32f4xx_dcmi.c ****     /* Disable the DCMI Crop feature */
 236:FWLIB/src/stm32f4xx_dcmi.c ****     DCMI->CR &= ~(uint32_t)DCMI_CR_CROP;
 223              		.loc 1 236 0
 224 0002 064A     		ldr	r2, .L16
 225 0004 1368     		ldr	r3, [r2]
ARM GAS  /tmp/cctVIhKr.s 			page 9


 226 0006 23F00403 		bic	r3, r3, #4
 227 000a 1360     		str	r3, [r2]
 228 000c 7047     		bx	lr
 229              	.L15:
 231:FWLIB/src/stm32f4xx_dcmi.c ****   }
 230              		.loc 1 231 0
 231 000e 034A     		ldr	r2, .L16
 232 0010 1368     		ldr	r3, [r2]
 233 0012 43F00403 		orr	r3, r3, #4
 234 0016 1360     		str	r3, [r2]
 235 0018 7047     		bx	lr
 236              	.L17:
 237 001a 00BF     		.align	2
 238              	.L16:
 239 001c 00000550 		.word	1342504960
 240              		.cfi_endproc
 241              	.LFE127:
 243              		.section	.text.DCMI_SetEmbeddedSynchroCodes,"ax",%progbits
 244              		.align	1
 245              		.global	DCMI_SetEmbeddedSynchroCodes
 246              		.syntax unified
 247              		.thumb
 248              		.thumb_func
 249              		.fpu fpv4-sp-d16
 251              	DCMI_SetEmbeddedSynchroCodes:
 252              	.LFB128:
 237:FWLIB/src/stm32f4xx_dcmi.c ****   }
 238:FWLIB/src/stm32f4xx_dcmi.c **** }
 239:FWLIB/src/stm32f4xx_dcmi.c **** 
 240:FWLIB/src/stm32f4xx_dcmi.c **** /**
 241:FWLIB/src/stm32f4xx_dcmi.c ****   * @brief  Sets the embedded synchronization codes
 242:FWLIB/src/stm32f4xx_dcmi.c ****   * @param  DCMI_CodesInitTypeDef: pointer to a DCMI_CodesInitTypeDef structure that
 243:FWLIB/src/stm32f4xx_dcmi.c ****   *         contains the embedded synchronization codes for the DCMI peripheral.
 244:FWLIB/src/stm32f4xx_dcmi.c ****   * @retval None
 245:FWLIB/src/stm32f4xx_dcmi.c ****   */
 246:FWLIB/src/stm32f4xx_dcmi.c **** void DCMI_SetEmbeddedSynchroCodes(DCMI_CodesInitTypeDef* DCMI_CodesInitStruct)
 247:FWLIB/src/stm32f4xx_dcmi.c **** {
 253              		.loc 1 247 0
 254              		.cfi_startproc
 255              		@ args = 0, pretend = 0, frame = 0
 256              		@ frame_needed = 0, uses_anonymous_args = 0
 257              		@ link register save eliminated.
 258              	.LVL10:
 248:FWLIB/src/stm32f4xx_dcmi.c ****   DCMI->ESCR = (uint32_t)(DCMI_CodesInitStruct->DCMI_FrameStartCode |
 259              		.loc 1 248 0
 260 0000 0378     		ldrb	r3, [r0]	@ zero_extendqisi2
 249:FWLIB/src/stm32f4xx_dcmi.c ****                           ((uint32_t)DCMI_CodesInitStruct->DCMI_LineStartCode << 8)|
 261              		.loc 1 249 0
 262 0002 4278     		ldrb	r2, [r0, #1]	@ zero_extendqisi2
 248:FWLIB/src/stm32f4xx_dcmi.c ****   DCMI->ESCR = (uint32_t)(DCMI_CodesInitStruct->DCMI_FrameStartCode |
 263              		.loc 1 248 0
 264 0004 43EA0223 		orr	r3, r3, r2, lsl #8
 250:FWLIB/src/stm32f4xx_dcmi.c ****                           ((uint32_t)DCMI_CodesInitStruct->DCMI_LineEndCode << 16)|
 265              		.loc 1 250 0
 266 0008 8278     		ldrb	r2, [r0, #2]	@ zero_extendqisi2
 249:FWLIB/src/stm32f4xx_dcmi.c ****                           ((uint32_t)DCMI_CodesInitStruct->DCMI_LineStartCode << 8)|
 267              		.loc 1 249 0
ARM GAS  /tmp/cctVIhKr.s 			page 10


 268 000a 43EA0243 		orr	r3, r3, r2, lsl #16
 251:FWLIB/src/stm32f4xx_dcmi.c ****                           ((uint32_t)DCMI_CodesInitStruct->DCMI_FrameEndCode << 24));
 269              		.loc 1 251 0
 270 000e C278     		ldrb	r2, [r0, #3]	@ zero_extendqisi2
 248:FWLIB/src/stm32f4xx_dcmi.c ****                           ((uint32_t)DCMI_CodesInitStruct->DCMI_LineStartCode << 8)|
 271              		.loc 1 248 0
 272 0010 43EA0263 		orr	r3, r3, r2, lsl #24
 273 0014 014A     		ldr	r2, .L19
 274 0016 9361     		str	r3, [r2, #24]
 275 0018 7047     		bx	lr
 276              	.L20:
 277 001a 00BF     		.align	2
 278              	.L19:
 279 001c 00000550 		.word	1342504960
 280              		.cfi_endproc
 281              	.LFE128:
 283              		.section	.text.DCMI_JPEGCmd,"ax",%progbits
 284              		.align	1
 285              		.global	DCMI_JPEGCmd
 286              		.syntax unified
 287              		.thumb
 288              		.thumb_func
 289              		.fpu fpv4-sp-d16
 291              	DCMI_JPEGCmd:
 292              	.LFB129:
 252:FWLIB/src/stm32f4xx_dcmi.c **** }
 253:FWLIB/src/stm32f4xx_dcmi.c **** 
 254:FWLIB/src/stm32f4xx_dcmi.c **** /**
 255:FWLIB/src/stm32f4xx_dcmi.c ****   * @brief  Enables or disables the DCMI JPEG format.
 256:FWLIB/src/stm32f4xx_dcmi.c ****   * @note   The Crop and Embedded Synchronization features cannot be used in this mode.  
 257:FWLIB/src/stm32f4xx_dcmi.c ****   * @param  NewState: new state of the DCMI JPEG format. 
 258:FWLIB/src/stm32f4xx_dcmi.c ****   *          This parameter can be: ENABLE or DISABLE.
 259:FWLIB/src/stm32f4xx_dcmi.c ****   * @retval None
 260:FWLIB/src/stm32f4xx_dcmi.c ****   */
 261:FWLIB/src/stm32f4xx_dcmi.c **** void DCMI_JPEGCmd(FunctionalState NewState)
 262:FWLIB/src/stm32f4xx_dcmi.c **** {
 293              		.loc 1 262 0
 294              		.cfi_startproc
 295              		@ args = 0, pretend = 0, frame = 0
 296              		@ frame_needed = 0, uses_anonymous_args = 0
 297              		@ link register save eliminated.
 298              	.LVL11:
 263:FWLIB/src/stm32f4xx_dcmi.c ****   /* Check the parameters */
 264:FWLIB/src/stm32f4xx_dcmi.c ****   assert_param(IS_FUNCTIONAL_STATE(NewState));
 265:FWLIB/src/stm32f4xx_dcmi.c ****  
 266:FWLIB/src/stm32f4xx_dcmi.c ****   if (NewState != DISABLE)
 299              		.loc 1 266 0
 300 0000 28B9     		cbnz	r0, .L24
 267:FWLIB/src/stm32f4xx_dcmi.c ****   {
 268:FWLIB/src/stm32f4xx_dcmi.c ****     /* Enable the DCMI JPEG format */
 269:FWLIB/src/stm32f4xx_dcmi.c ****     DCMI->CR |= (uint32_t)DCMI_CR_JPEG;
 270:FWLIB/src/stm32f4xx_dcmi.c ****   }
 271:FWLIB/src/stm32f4xx_dcmi.c ****   else
 272:FWLIB/src/stm32f4xx_dcmi.c ****   {
 273:FWLIB/src/stm32f4xx_dcmi.c ****     /* Disable the DCMI JPEG format */
 274:FWLIB/src/stm32f4xx_dcmi.c ****     DCMI->CR &= ~(uint32_t)DCMI_CR_JPEG;
 301              		.loc 1 274 0
ARM GAS  /tmp/cctVIhKr.s 			page 11


 302 0002 064A     		ldr	r2, .L25
 303 0004 1368     		ldr	r3, [r2]
 304 0006 23F00803 		bic	r3, r3, #8
 305 000a 1360     		str	r3, [r2]
 306 000c 7047     		bx	lr
 307              	.L24:
 269:FWLIB/src/stm32f4xx_dcmi.c ****   }
 308              		.loc 1 269 0
 309 000e 034A     		ldr	r2, .L25
 310 0010 1368     		ldr	r3, [r2]
 311 0012 43F00803 		orr	r3, r3, #8
 312 0016 1360     		str	r3, [r2]
 313 0018 7047     		bx	lr
 314              	.L26:
 315 001a 00BF     		.align	2
 316              	.L25:
 317 001c 00000550 		.word	1342504960
 318              		.cfi_endproc
 319              	.LFE129:
 321              		.section	.text.DCMI_Cmd,"ax",%progbits
 322              		.align	1
 323              		.global	DCMI_Cmd
 324              		.syntax unified
 325              		.thumb
 326              		.thumb_func
 327              		.fpu fpv4-sp-d16
 329              	DCMI_Cmd:
 330              	.LFB130:
 275:FWLIB/src/stm32f4xx_dcmi.c ****   }
 276:FWLIB/src/stm32f4xx_dcmi.c **** }
 277:FWLIB/src/stm32f4xx_dcmi.c **** /**
 278:FWLIB/src/stm32f4xx_dcmi.c ****   * @}
 279:FWLIB/src/stm32f4xx_dcmi.c ****   */
 280:FWLIB/src/stm32f4xx_dcmi.c **** 
 281:FWLIB/src/stm32f4xx_dcmi.c **** /** @defgroup DCMI_Group2 Image capture functions
 282:FWLIB/src/stm32f4xx_dcmi.c ****  *  @brief   Image capture functions
 283:FWLIB/src/stm32f4xx_dcmi.c ****  *
 284:FWLIB/src/stm32f4xx_dcmi.c **** @verbatim   
 285:FWLIB/src/stm32f4xx_dcmi.c ****  ===============================================================================
 286:FWLIB/src/stm32f4xx_dcmi.c ****                     ##### Image capture functions #####
 287:FWLIB/src/stm32f4xx_dcmi.c ****  ===============================================================================  
 288:FWLIB/src/stm32f4xx_dcmi.c **** 
 289:FWLIB/src/stm32f4xx_dcmi.c **** @endverbatim
 290:FWLIB/src/stm32f4xx_dcmi.c ****   * @{
 291:FWLIB/src/stm32f4xx_dcmi.c ****   */
 292:FWLIB/src/stm32f4xx_dcmi.c ****   
 293:FWLIB/src/stm32f4xx_dcmi.c **** /**
 294:FWLIB/src/stm32f4xx_dcmi.c ****   * @brief  Enables or disables the DCMI interface.
 295:FWLIB/src/stm32f4xx_dcmi.c ****   * @param  NewState: new state of the DCMI interface. 
 296:FWLIB/src/stm32f4xx_dcmi.c ****   *          This parameter can be: ENABLE or DISABLE.
 297:FWLIB/src/stm32f4xx_dcmi.c ****   * @retval None
 298:FWLIB/src/stm32f4xx_dcmi.c ****   */
 299:FWLIB/src/stm32f4xx_dcmi.c **** void DCMI_Cmd(FunctionalState NewState)
 300:FWLIB/src/stm32f4xx_dcmi.c **** {
 331              		.loc 1 300 0
 332              		.cfi_startproc
 333              		@ args = 0, pretend = 0, frame = 0
ARM GAS  /tmp/cctVIhKr.s 			page 12


 334              		@ frame_needed = 0, uses_anonymous_args = 0
 335              		@ link register save eliminated.
 336              	.LVL12:
 301:FWLIB/src/stm32f4xx_dcmi.c ****   /* Check the parameters */
 302:FWLIB/src/stm32f4xx_dcmi.c ****   assert_param(IS_FUNCTIONAL_STATE(NewState));
 303:FWLIB/src/stm32f4xx_dcmi.c ****   
 304:FWLIB/src/stm32f4xx_dcmi.c ****   if (NewState != DISABLE)
 337              		.loc 1 304 0
 338 0000 28B9     		cbnz	r0, .L30
 305:FWLIB/src/stm32f4xx_dcmi.c ****   {
 306:FWLIB/src/stm32f4xx_dcmi.c ****     /* Enable the DCMI by setting ENABLE bit */
 307:FWLIB/src/stm32f4xx_dcmi.c ****     DCMI->CR |= (uint32_t)DCMI_CR_ENABLE;
 308:FWLIB/src/stm32f4xx_dcmi.c ****   }
 309:FWLIB/src/stm32f4xx_dcmi.c ****   else
 310:FWLIB/src/stm32f4xx_dcmi.c ****   {
 311:FWLIB/src/stm32f4xx_dcmi.c ****     /* Disable the DCMI by clearing ENABLE bit */
 312:FWLIB/src/stm32f4xx_dcmi.c ****     DCMI->CR &= ~(uint32_t)DCMI_CR_ENABLE;
 339              		.loc 1 312 0
 340 0002 064A     		ldr	r2, .L31
 341 0004 1368     		ldr	r3, [r2]
 342 0006 23F48043 		bic	r3, r3, #16384
 343 000a 1360     		str	r3, [r2]
 344 000c 7047     		bx	lr
 345              	.L30:
 307:FWLIB/src/stm32f4xx_dcmi.c ****   }
 346              		.loc 1 307 0
 347 000e 034A     		ldr	r2, .L31
 348 0010 1368     		ldr	r3, [r2]
 349 0012 43F48043 		orr	r3, r3, #16384
 350 0016 1360     		str	r3, [r2]
 351 0018 7047     		bx	lr
 352              	.L32:
 353 001a 00BF     		.align	2
 354              	.L31:
 355 001c 00000550 		.word	1342504960
 356              		.cfi_endproc
 357              	.LFE130:
 359              		.section	.text.DCMI_CaptureCmd,"ax",%progbits
 360              		.align	1
 361              		.global	DCMI_CaptureCmd
 362              		.syntax unified
 363              		.thumb
 364              		.thumb_func
 365              		.fpu fpv4-sp-d16
 367              	DCMI_CaptureCmd:
 368              	.LFB131:
 313:FWLIB/src/stm32f4xx_dcmi.c ****   }
 314:FWLIB/src/stm32f4xx_dcmi.c **** }
 315:FWLIB/src/stm32f4xx_dcmi.c **** 
 316:FWLIB/src/stm32f4xx_dcmi.c **** /**
 317:FWLIB/src/stm32f4xx_dcmi.c ****   * @brief  Enables or disables the DCMI Capture.
 318:FWLIB/src/stm32f4xx_dcmi.c ****   * @param  NewState: new state of the DCMI capture. 
 319:FWLIB/src/stm32f4xx_dcmi.c ****   *          This parameter can be: ENABLE or DISABLE.
 320:FWLIB/src/stm32f4xx_dcmi.c ****   * @retval None
 321:FWLIB/src/stm32f4xx_dcmi.c ****   */
 322:FWLIB/src/stm32f4xx_dcmi.c **** void DCMI_CaptureCmd(FunctionalState NewState)
 323:FWLIB/src/stm32f4xx_dcmi.c **** {
ARM GAS  /tmp/cctVIhKr.s 			page 13


 369              		.loc 1 323 0
 370              		.cfi_startproc
 371              		@ args = 0, pretend = 0, frame = 0
 372              		@ frame_needed = 0, uses_anonymous_args = 0
 373              		@ link register save eliminated.
 374              	.LVL13:
 324:FWLIB/src/stm32f4xx_dcmi.c ****   /* Check the parameters */
 325:FWLIB/src/stm32f4xx_dcmi.c ****   assert_param(IS_FUNCTIONAL_STATE(NewState));
 326:FWLIB/src/stm32f4xx_dcmi.c ****     
 327:FWLIB/src/stm32f4xx_dcmi.c ****   if (NewState != DISABLE)
 375              		.loc 1 327 0
 376 0000 28B9     		cbnz	r0, .L36
 328:FWLIB/src/stm32f4xx_dcmi.c ****   {
 329:FWLIB/src/stm32f4xx_dcmi.c ****     /* Enable the DCMI Capture */
 330:FWLIB/src/stm32f4xx_dcmi.c ****     DCMI->CR |= (uint32_t)DCMI_CR_CAPTURE;
 331:FWLIB/src/stm32f4xx_dcmi.c ****   }
 332:FWLIB/src/stm32f4xx_dcmi.c ****   else
 333:FWLIB/src/stm32f4xx_dcmi.c ****   {
 334:FWLIB/src/stm32f4xx_dcmi.c ****     /* Disable the DCMI Capture */
 335:FWLIB/src/stm32f4xx_dcmi.c ****     DCMI->CR &= ~(uint32_t)DCMI_CR_CAPTURE;
 377              		.loc 1 335 0
 378 0002 064A     		ldr	r2, .L37
 379 0004 1368     		ldr	r3, [r2]
 380 0006 23F00103 		bic	r3, r3, #1
 381 000a 1360     		str	r3, [r2]
 382 000c 7047     		bx	lr
 383              	.L36:
 330:FWLIB/src/stm32f4xx_dcmi.c ****   }
 384              		.loc 1 330 0
 385 000e 034A     		ldr	r2, .L37
 386 0010 1368     		ldr	r3, [r2]
 387 0012 43F00103 		orr	r3, r3, #1
 388 0016 1360     		str	r3, [r2]
 389 0018 7047     		bx	lr
 390              	.L38:
 391 001a 00BF     		.align	2
 392              	.L37:
 393 001c 00000550 		.word	1342504960
 394              		.cfi_endproc
 395              	.LFE131:
 397              		.section	.text.DCMI_ReadData,"ax",%progbits
 398              		.align	1
 399              		.global	DCMI_ReadData
 400              		.syntax unified
 401              		.thumb
 402              		.thumb_func
 403              		.fpu fpv4-sp-d16
 405              	DCMI_ReadData:
 406              	.LFB132:
 336:FWLIB/src/stm32f4xx_dcmi.c ****   }
 337:FWLIB/src/stm32f4xx_dcmi.c **** }
 338:FWLIB/src/stm32f4xx_dcmi.c **** 
 339:FWLIB/src/stm32f4xx_dcmi.c **** /**
 340:FWLIB/src/stm32f4xx_dcmi.c ****   * @brief  Reads the data stored in the DR register.
 341:FWLIB/src/stm32f4xx_dcmi.c ****   * @param  None 
 342:FWLIB/src/stm32f4xx_dcmi.c ****   * @retval Data register value
 343:FWLIB/src/stm32f4xx_dcmi.c ****   */
ARM GAS  /tmp/cctVIhKr.s 			page 14


 344:FWLIB/src/stm32f4xx_dcmi.c **** uint32_t DCMI_ReadData(void)
 345:FWLIB/src/stm32f4xx_dcmi.c **** {
 407              		.loc 1 345 0
 408              		.cfi_startproc
 409              		@ args = 0, pretend = 0, frame = 0
 410              		@ frame_needed = 0, uses_anonymous_args = 0
 411              		@ link register save eliminated.
 346:FWLIB/src/stm32f4xx_dcmi.c ****   return DCMI->DR;
 412              		.loc 1 346 0
 413 0000 014B     		ldr	r3, .L40
 414 0002 986A     		ldr	r0, [r3, #40]
 347:FWLIB/src/stm32f4xx_dcmi.c **** }
 415              		.loc 1 347 0
 416 0004 7047     		bx	lr
 417              	.L41:
 418 0006 00BF     		.align	2
 419              	.L40:
 420 0008 00000550 		.word	1342504960
 421              		.cfi_endproc
 422              	.LFE132:
 424              		.section	.text.DCMI_ITConfig,"ax",%progbits
 425              		.align	1
 426              		.global	DCMI_ITConfig
 427              		.syntax unified
 428              		.thumb
 429              		.thumb_func
 430              		.fpu fpv4-sp-d16
 432              	DCMI_ITConfig:
 433              	.LFB133:
 348:FWLIB/src/stm32f4xx_dcmi.c **** /**
 349:FWLIB/src/stm32f4xx_dcmi.c ****   * @}
 350:FWLIB/src/stm32f4xx_dcmi.c ****   */
 351:FWLIB/src/stm32f4xx_dcmi.c **** 
 352:FWLIB/src/stm32f4xx_dcmi.c **** /** @defgroup DCMI_Group3 Interrupts and flags management functions
 353:FWLIB/src/stm32f4xx_dcmi.c ****  *  @brief   Interrupts and flags management functions
 354:FWLIB/src/stm32f4xx_dcmi.c ****  *
 355:FWLIB/src/stm32f4xx_dcmi.c **** @verbatim   
 356:FWLIB/src/stm32f4xx_dcmi.c ****  ===============================================================================
 357:FWLIB/src/stm32f4xx_dcmi.c ****              ##### Interrupts and flags management functions #####
 358:FWLIB/src/stm32f4xx_dcmi.c ****  ===============================================================================  
 359:FWLIB/src/stm32f4xx_dcmi.c **** 
 360:FWLIB/src/stm32f4xx_dcmi.c **** @endverbatim
 361:FWLIB/src/stm32f4xx_dcmi.c ****   * @{
 362:FWLIB/src/stm32f4xx_dcmi.c ****   */
 363:FWLIB/src/stm32f4xx_dcmi.c **** 
 364:FWLIB/src/stm32f4xx_dcmi.c **** /**
 365:FWLIB/src/stm32f4xx_dcmi.c ****   * @brief  Enables or disables the DCMI interface interrupts.
 366:FWLIB/src/stm32f4xx_dcmi.c ****   * @param  DCMI_IT: specifies the DCMI interrupt sources to be enabled or disabled. 
 367:FWLIB/src/stm32f4xx_dcmi.c ****   *          This parameter can be any combination of the following values:
 368:FWLIB/src/stm32f4xx_dcmi.c ****   *            @arg DCMI_IT_FRAME: Frame capture complete interrupt mask
 369:FWLIB/src/stm32f4xx_dcmi.c ****   *            @arg DCMI_IT_OVF: Overflow interrupt mask
 370:FWLIB/src/stm32f4xx_dcmi.c ****   *            @arg DCMI_IT_ERR: Synchronization error interrupt mask
 371:FWLIB/src/stm32f4xx_dcmi.c ****   *            @arg DCMI_IT_VSYNC: VSYNC interrupt mask
 372:FWLIB/src/stm32f4xx_dcmi.c ****   *            @arg DCMI_IT_LINE: Line interrupt mask
 373:FWLIB/src/stm32f4xx_dcmi.c ****   * @param  NewState: new state of the specified DCMI interrupts.
 374:FWLIB/src/stm32f4xx_dcmi.c ****   *          This parameter can be: ENABLE or DISABLE.
 375:FWLIB/src/stm32f4xx_dcmi.c ****   * @retval None
ARM GAS  /tmp/cctVIhKr.s 			page 15


 376:FWLIB/src/stm32f4xx_dcmi.c ****   */
 377:FWLIB/src/stm32f4xx_dcmi.c **** void DCMI_ITConfig(uint16_t DCMI_IT, FunctionalState NewState)
 378:FWLIB/src/stm32f4xx_dcmi.c **** {
 434              		.loc 1 378 0
 435              		.cfi_startproc
 436              		@ args = 0, pretend = 0, frame = 0
 437              		@ frame_needed = 0, uses_anonymous_args = 0
 438              		@ link register save eliminated.
 439              	.LVL14:
 379:FWLIB/src/stm32f4xx_dcmi.c ****   /* Check the parameters */
 380:FWLIB/src/stm32f4xx_dcmi.c ****   assert_param(IS_DCMI_CONFIG_IT(DCMI_IT));
 381:FWLIB/src/stm32f4xx_dcmi.c ****   assert_param(IS_FUNCTIONAL_STATE(NewState));
 382:FWLIB/src/stm32f4xx_dcmi.c ****   
 383:FWLIB/src/stm32f4xx_dcmi.c ****   if (NewState != DISABLE)
 440              		.loc 1 383 0
 441 0000 31B9     		cbnz	r1, .L45
 384:FWLIB/src/stm32f4xx_dcmi.c ****   {
 385:FWLIB/src/stm32f4xx_dcmi.c ****     /* Enable the Interrupt sources */
 386:FWLIB/src/stm32f4xx_dcmi.c ****     DCMI->IER |= DCMI_IT;
 387:FWLIB/src/stm32f4xx_dcmi.c ****   }
 388:FWLIB/src/stm32f4xx_dcmi.c ****   else
 389:FWLIB/src/stm32f4xx_dcmi.c ****   {
 390:FWLIB/src/stm32f4xx_dcmi.c ****     /* Disable the Interrupt sources */
 391:FWLIB/src/stm32f4xx_dcmi.c ****     DCMI->IER &= (uint16_t)(~DCMI_IT);
 442              		.loc 1 391 0
 443 0002 064A     		ldr	r2, .L46
 444 0004 D368     		ldr	r3, [r2, #12]
 445 0006 C043     		mvns	r0, r0
 446              	.LVL15:
 447 0008 80B2     		uxth	r0, r0
 448 000a 1840     		ands	r0, r0, r3
 449 000c D060     		str	r0, [r2, #12]
 450 000e 7047     		bx	lr
 451              	.LVL16:
 452              	.L45:
 386:FWLIB/src/stm32f4xx_dcmi.c ****   }
 453              		.loc 1 386 0
 454 0010 024B     		ldr	r3, .L46
 455 0012 DA68     		ldr	r2, [r3, #12]
 456 0014 1043     		orrs	r0, r0, r2
 457              	.LVL17:
 458 0016 D860     		str	r0, [r3, #12]
 459 0018 7047     		bx	lr
 460              	.L47:
 461 001a 00BF     		.align	2
 462              	.L46:
 463 001c 00000550 		.word	1342504960
 464              		.cfi_endproc
 465              	.LFE133:
 467              		.section	.text.DCMI_GetFlagStatus,"ax",%progbits
 468              		.align	1
 469              		.global	DCMI_GetFlagStatus
 470              		.syntax unified
 471              		.thumb
 472              		.thumb_func
 473              		.fpu fpv4-sp-d16
 475              	DCMI_GetFlagStatus:
ARM GAS  /tmp/cctVIhKr.s 			page 16


 476              	.LFB134:
 392:FWLIB/src/stm32f4xx_dcmi.c ****   }  
 393:FWLIB/src/stm32f4xx_dcmi.c **** }
 394:FWLIB/src/stm32f4xx_dcmi.c **** 
 395:FWLIB/src/stm32f4xx_dcmi.c **** /**
 396:FWLIB/src/stm32f4xx_dcmi.c ****   * @brief  Checks whether the  DCMI interface flag is set or not.
 397:FWLIB/src/stm32f4xx_dcmi.c ****   * @param  DCMI_FLAG: specifies the flag to check.
 398:FWLIB/src/stm32f4xx_dcmi.c ****   *          This parameter can be one of the following values:
 399:FWLIB/src/stm32f4xx_dcmi.c ****   *            @arg DCMI_FLAG_FRAMERI: Frame capture complete Raw flag mask
 400:FWLIB/src/stm32f4xx_dcmi.c ****   *            @arg DCMI_FLAG_OVFRI: Overflow Raw flag mask
 401:FWLIB/src/stm32f4xx_dcmi.c ****   *            @arg DCMI_FLAG_ERRRI: Synchronization error Raw flag mask
 402:FWLIB/src/stm32f4xx_dcmi.c ****   *            @arg DCMI_FLAG_VSYNCRI: VSYNC Raw flag mask
 403:FWLIB/src/stm32f4xx_dcmi.c ****   *            @arg DCMI_FLAG_LINERI: Line Raw flag mask
 404:FWLIB/src/stm32f4xx_dcmi.c ****   *            @arg DCMI_FLAG_FRAMEMI: Frame capture complete Masked flag mask
 405:FWLIB/src/stm32f4xx_dcmi.c ****   *            @arg DCMI_FLAG_OVFMI: Overflow Masked flag mask
 406:FWLIB/src/stm32f4xx_dcmi.c ****   *            @arg DCMI_FLAG_ERRMI: Synchronization error Masked flag mask
 407:FWLIB/src/stm32f4xx_dcmi.c ****   *            @arg DCMI_FLAG_VSYNCMI: VSYNC Masked flag mask
 408:FWLIB/src/stm32f4xx_dcmi.c ****   *            @arg DCMI_FLAG_LINEMI: Line Masked flag mask
 409:FWLIB/src/stm32f4xx_dcmi.c ****   *            @arg DCMI_FLAG_HSYNC: HSYNC flag mask
 410:FWLIB/src/stm32f4xx_dcmi.c ****   *            @arg DCMI_FLAG_VSYNC: VSYNC flag mask
 411:FWLIB/src/stm32f4xx_dcmi.c ****   *            @arg DCMI_FLAG_FNE: Fifo not empty flag mask
 412:FWLIB/src/stm32f4xx_dcmi.c ****   * @retval The new state of DCMI_FLAG (SET or RESET).
 413:FWLIB/src/stm32f4xx_dcmi.c ****   */
 414:FWLIB/src/stm32f4xx_dcmi.c **** FlagStatus DCMI_GetFlagStatus(uint16_t DCMI_FLAG)
 415:FWLIB/src/stm32f4xx_dcmi.c **** {
 477              		.loc 1 415 0
 478              		.cfi_startproc
 479              		@ args = 0, pretend = 0, frame = 0
 480              		@ frame_needed = 0, uses_anonymous_args = 0
 481              		@ link register save eliminated.
 482              	.LVL18:
 416:FWLIB/src/stm32f4xx_dcmi.c ****   FlagStatus bitstatus = RESET;
 417:FWLIB/src/stm32f4xx_dcmi.c ****   uint32_t dcmireg, tempreg = 0;
 418:FWLIB/src/stm32f4xx_dcmi.c **** 
 419:FWLIB/src/stm32f4xx_dcmi.c ****   /* Check the parameters */
 420:FWLIB/src/stm32f4xx_dcmi.c ****   assert_param(IS_DCMI_GET_FLAG(DCMI_FLAG));
 421:FWLIB/src/stm32f4xx_dcmi.c ****   
 422:FWLIB/src/stm32f4xx_dcmi.c ****   /* Get the DCMI register index */
 423:FWLIB/src/stm32f4xx_dcmi.c ****   dcmireg = (((uint16_t)DCMI_FLAG) >> 12);
 424:FWLIB/src/stm32f4xx_dcmi.c ****   
 425:FWLIB/src/stm32f4xx_dcmi.c ****   if (dcmireg == 0x00) /* The FLAG is in RISR register */
 483              		.loc 1 425 0
 484 0000 030B     		lsrs	r3, r0, #12
 485              	.LVL19:
 486 0002 05D1     		bne	.L49
 426:FWLIB/src/stm32f4xx_dcmi.c ****   {
 427:FWLIB/src/stm32f4xx_dcmi.c ****     tempreg= DCMI->RISR;
 487              		.loc 1 427 0
 488 0004 074B     		ldr	r3, .L56
 489              	.LVL20:
 490 0006 9B68     		ldr	r3, [r3, #8]
 491              	.LVL21:
 492              	.L50:
 428:FWLIB/src/stm32f4xx_dcmi.c ****   }
 429:FWLIB/src/stm32f4xx_dcmi.c ****   else if (dcmireg == 0x02) /* The FLAG is in SR register */
 430:FWLIB/src/stm32f4xx_dcmi.c ****   {
 431:FWLIB/src/stm32f4xx_dcmi.c ****     tempreg = DCMI->SR;
ARM GAS  /tmp/cctVIhKr.s 			page 17


 432:FWLIB/src/stm32f4xx_dcmi.c ****   }
 433:FWLIB/src/stm32f4xx_dcmi.c ****   else /* The FLAG is in MISR register */
 434:FWLIB/src/stm32f4xx_dcmi.c ****   {
 435:FWLIB/src/stm32f4xx_dcmi.c ****     tempreg = DCMI->MISR;
 436:FWLIB/src/stm32f4xx_dcmi.c ****   }
 437:FWLIB/src/stm32f4xx_dcmi.c ****   
 438:FWLIB/src/stm32f4xx_dcmi.c ****   if ((tempreg & DCMI_FLAG) != (uint16_t)RESET )
 493              		.loc 1 438 0
 494 0008 1842     		tst	r0, r3
 495 000a 09D1     		bne	.L54
 439:FWLIB/src/stm32f4xx_dcmi.c ****   {
 440:FWLIB/src/stm32f4xx_dcmi.c ****     bitstatus = SET;
 441:FWLIB/src/stm32f4xx_dcmi.c ****   }
 442:FWLIB/src/stm32f4xx_dcmi.c ****   else
 443:FWLIB/src/stm32f4xx_dcmi.c ****   {
 444:FWLIB/src/stm32f4xx_dcmi.c ****     bitstatus = RESET;
 496              		.loc 1 444 0
 497 000c 0020     		movs	r0, #0
 498              	.LVL22:
 445:FWLIB/src/stm32f4xx_dcmi.c ****   }
 446:FWLIB/src/stm32f4xx_dcmi.c ****   /* Return the DCMI_FLAG status */
 447:FWLIB/src/stm32f4xx_dcmi.c ****   return  bitstatus;
 448:FWLIB/src/stm32f4xx_dcmi.c **** }
 499              		.loc 1 448 0
 500 000e 7047     		bx	lr
 501              	.LVL23:
 502              	.L49:
 429:FWLIB/src/stm32f4xx_dcmi.c ****   {
 503              		.loc 1 429 0
 504 0010 022B     		cmp	r3, #2
 505 0012 02D0     		beq	.L55
 435:FWLIB/src/stm32f4xx_dcmi.c ****   }
 506              		.loc 1 435 0
 507 0014 034B     		ldr	r3, .L56
 508              	.LVL24:
 509 0016 1B69     		ldr	r3, [r3, #16]
 510              	.LVL25:
 511 0018 F6E7     		b	.L50
 512              	.LVL26:
 513              	.L55:
 431:FWLIB/src/stm32f4xx_dcmi.c ****   }
 514              		.loc 1 431 0
 515 001a 024B     		ldr	r3, .L56
 516              	.LVL27:
 517 001c 5B68     		ldr	r3, [r3, #4]
 518              	.LVL28:
 519 001e F3E7     		b	.L50
 520              	.L54:
 440:FWLIB/src/stm32f4xx_dcmi.c ****   }
 521              		.loc 1 440 0
 522 0020 0120     		movs	r0, #1
 523              	.LVL29:
 524 0022 7047     		bx	lr
 525              	.L57:
 526              		.align	2
 527              	.L56:
 528 0024 00000550 		.word	1342504960
ARM GAS  /tmp/cctVIhKr.s 			page 18


 529              		.cfi_endproc
 530              	.LFE134:
 532              		.section	.text.DCMI_ClearFlag,"ax",%progbits
 533              		.align	1
 534              		.global	DCMI_ClearFlag
 535              		.syntax unified
 536              		.thumb
 537              		.thumb_func
 538              		.fpu fpv4-sp-d16
 540              	DCMI_ClearFlag:
 541              	.LFB135:
 449:FWLIB/src/stm32f4xx_dcmi.c **** 
 450:FWLIB/src/stm32f4xx_dcmi.c **** /**
 451:FWLIB/src/stm32f4xx_dcmi.c ****   * @brief  Clears the DCMI's pending flags.
 452:FWLIB/src/stm32f4xx_dcmi.c ****   * @param  DCMI_FLAG: specifies the flag to clear.
 453:FWLIB/src/stm32f4xx_dcmi.c ****   *          This parameter can be any combination of the following values:
 454:FWLIB/src/stm32f4xx_dcmi.c ****   *            @arg DCMI_FLAG_FRAMERI: Frame capture complete Raw flag mask
 455:FWLIB/src/stm32f4xx_dcmi.c ****   *            @arg DCMI_FLAG_OVFRI: Overflow Raw flag mask
 456:FWLIB/src/stm32f4xx_dcmi.c ****   *            @arg DCMI_FLAG_ERRRI: Synchronization error Raw flag mask
 457:FWLIB/src/stm32f4xx_dcmi.c ****   *            @arg DCMI_FLAG_VSYNCRI: VSYNC Raw flag mask
 458:FWLIB/src/stm32f4xx_dcmi.c ****   *            @arg DCMI_FLAG_LINERI: Line Raw flag mask
 459:FWLIB/src/stm32f4xx_dcmi.c ****   * @retval None
 460:FWLIB/src/stm32f4xx_dcmi.c ****   */
 461:FWLIB/src/stm32f4xx_dcmi.c **** void DCMI_ClearFlag(uint16_t DCMI_FLAG)
 462:FWLIB/src/stm32f4xx_dcmi.c **** {
 542              		.loc 1 462 0
 543              		.cfi_startproc
 544              		@ args = 0, pretend = 0, frame = 0
 545              		@ frame_needed = 0, uses_anonymous_args = 0
 546              		@ link register save eliminated.
 547              	.LVL30:
 463:FWLIB/src/stm32f4xx_dcmi.c ****   /* Check the parameters */
 464:FWLIB/src/stm32f4xx_dcmi.c ****   assert_param(IS_DCMI_CLEAR_FLAG(DCMI_FLAG));
 465:FWLIB/src/stm32f4xx_dcmi.c ****   
 466:FWLIB/src/stm32f4xx_dcmi.c ****   /* Clear the flag by writing in the ICR register 1 in the corresponding 
 467:FWLIB/src/stm32f4xx_dcmi.c ****   Flag position*/
 468:FWLIB/src/stm32f4xx_dcmi.c ****   
 469:FWLIB/src/stm32f4xx_dcmi.c ****   DCMI->ICR = DCMI_FLAG;
 548              		.loc 1 469 0
 549 0000 014B     		ldr	r3, .L59
 550 0002 5861     		str	r0, [r3, #20]
 551 0004 7047     		bx	lr
 552              	.L60:
 553 0006 00BF     		.align	2
 554              	.L59:
 555 0008 00000550 		.word	1342504960
 556              		.cfi_endproc
 557              	.LFE135:
 559              		.section	.text.DCMI_GetITStatus,"ax",%progbits
 560              		.align	1
 561              		.global	DCMI_GetITStatus
 562              		.syntax unified
 563              		.thumb
 564              		.thumb_func
 565              		.fpu fpv4-sp-d16
 567              	DCMI_GetITStatus:
 568              	.LFB136:
ARM GAS  /tmp/cctVIhKr.s 			page 19


 470:FWLIB/src/stm32f4xx_dcmi.c **** }
 471:FWLIB/src/stm32f4xx_dcmi.c **** 
 472:FWLIB/src/stm32f4xx_dcmi.c **** /**
 473:FWLIB/src/stm32f4xx_dcmi.c ****   * @brief  Checks whether the DCMI interrupt has occurred or not.
 474:FWLIB/src/stm32f4xx_dcmi.c ****   * @param  DCMI_IT: specifies the DCMI interrupt source to check.
 475:FWLIB/src/stm32f4xx_dcmi.c ****   *          This parameter can be one of the following values:
 476:FWLIB/src/stm32f4xx_dcmi.c ****   *            @arg DCMI_IT_FRAME: Frame capture complete interrupt mask
 477:FWLIB/src/stm32f4xx_dcmi.c ****   *            @arg DCMI_IT_OVF: Overflow interrupt mask
 478:FWLIB/src/stm32f4xx_dcmi.c ****   *            @arg DCMI_IT_ERR: Synchronization error interrupt mask
 479:FWLIB/src/stm32f4xx_dcmi.c ****   *            @arg DCMI_IT_VSYNC: VSYNC interrupt mask
 480:FWLIB/src/stm32f4xx_dcmi.c ****   *            @arg DCMI_IT_LINE: Line interrupt mask
 481:FWLIB/src/stm32f4xx_dcmi.c ****   * @retval The new state of DCMI_IT (SET or RESET).
 482:FWLIB/src/stm32f4xx_dcmi.c ****   */
 483:FWLIB/src/stm32f4xx_dcmi.c **** ITStatus DCMI_GetITStatus(uint16_t DCMI_IT)
 484:FWLIB/src/stm32f4xx_dcmi.c **** {
 569              		.loc 1 484 0
 570              		.cfi_startproc
 571              		@ args = 0, pretend = 0, frame = 0
 572              		@ frame_needed = 0, uses_anonymous_args = 0
 573              		@ link register save eliminated.
 574              	.LVL31:
 485:FWLIB/src/stm32f4xx_dcmi.c ****   ITStatus bitstatus = RESET;
 486:FWLIB/src/stm32f4xx_dcmi.c ****   uint32_t itstatus = 0;
 487:FWLIB/src/stm32f4xx_dcmi.c ****   
 488:FWLIB/src/stm32f4xx_dcmi.c ****   /* Check the parameters */
 489:FWLIB/src/stm32f4xx_dcmi.c ****   assert_param(IS_DCMI_GET_IT(DCMI_IT));
 490:FWLIB/src/stm32f4xx_dcmi.c ****   
 491:FWLIB/src/stm32f4xx_dcmi.c ****   itstatus = DCMI->MISR & DCMI_IT; /* Only masked interrupts are checked */
 575              		.loc 1 491 0
 576 0000 034B     		ldr	r3, .L65
 577 0002 1B69     		ldr	r3, [r3, #16]
 578              	.LVL32:
 492:FWLIB/src/stm32f4xx_dcmi.c ****   
 493:FWLIB/src/stm32f4xx_dcmi.c ****   if ((itstatus != (uint16_t)RESET))
 579              		.loc 1 493 0
 580 0004 0342     		tst	r3, r0
 581 0006 01D1     		bne	.L64
 494:FWLIB/src/stm32f4xx_dcmi.c ****   {
 495:FWLIB/src/stm32f4xx_dcmi.c ****     bitstatus = SET;
 496:FWLIB/src/stm32f4xx_dcmi.c ****   }
 497:FWLIB/src/stm32f4xx_dcmi.c ****   else
 498:FWLIB/src/stm32f4xx_dcmi.c ****   {
 499:FWLIB/src/stm32f4xx_dcmi.c ****     bitstatus = RESET;
 582              		.loc 1 499 0
 583 0008 0020     		movs	r0, #0
 584              	.LVL33:
 500:FWLIB/src/stm32f4xx_dcmi.c ****   }
 501:FWLIB/src/stm32f4xx_dcmi.c ****   return bitstatus;
 502:FWLIB/src/stm32f4xx_dcmi.c **** }
 585              		.loc 1 502 0
 586 000a 7047     		bx	lr
 587              	.LVL34:
 588              	.L64:
 495:FWLIB/src/stm32f4xx_dcmi.c ****   }
 589              		.loc 1 495 0
 590 000c 0120     		movs	r0, #1
 591              	.LVL35:
ARM GAS  /tmp/cctVIhKr.s 			page 20


 592 000e 7047     		bx	lr
 593              	.L66:
 594              		.align	2
 595              	.L65:
 596 0010 00000550 		.word	1342504960
 597              		.cfi_endproc
 598              	.LFE136:
 600              		.section	.text.DCMI_ClearITPendingBit,"ax",%progbits
 601              		.align	1
 602              		.global	DCMI_ClearITPendingBit
 603              		.syntax unified
 604              		.thumb
 605              		.thumb_func
 606              		.fpu fpv4-sp-d16
 608              	DCMI_ClearITPendingBit:
 609              	.LFB137:
 503:FWLIB/src/stm32f4xx_dcmi.c **** 
 504:FWLIB/src/stm32f4xx_dcmi.c **** /**
 505:FWLIB/src/stm32f4xx_dcmi.c ****   * @brief  Clears the DCMI's interrupt pending bits.
 506:FWLIB/src/stm32f4xx_dcmi.c ****   * @param  DCMI_IT: specifies the DCMI interrupt pending bit to clear.
 507:FWLIB/src/stm32f4xx_dcmi.c ****   *          This parameter can be any combination of the following values:
 508:FWLIB/src/stm32f4xx_dcmi.c ****   *            @arg DCMI_IT_FRAME: Frame capture complete interrupt mask
 509:FWLIB/src/stm32f4xx_dcmi.c ****   *            @arg DCMI_IT_OVF: Overflow interrupt mask
 510:FWLIB/src/stm32f4xx_dcmi.c ****   *            @arg DCMI_IT_ERR: Synchronization error interrupt mask
 511:FWLIB/src/stm32f4xx_dcmi.c ****   *            @arg DCMI_IT_VSYNC: VSYNC interrupt mask
 512:FWLIB/src/stm32f4xx_dcmi.c ****   *            @arg DCMI_IT_LINE: Line interrupt mask
 513:FWLIB/src/stm32f4xx_dcmi.c ****   * @retval None
 514:FWLIB/src/stm32f4xx_dcmi.c ****   */
 515:FWLIB/src/stm32f4xx_dcmi.c **** void DCMI_ClearITPendingBit(uint16_t DCMI_IT)
 516:FWLIB/src/stm32f4xx_dcmi.c **** {
 610              		.loc 1 516 0
 611              		.cfi_startproc
 612              		@ args = 0, pretend = 0, frame = 0
 613              		@ frame_needed = 0, uses_anonymous_args = 0
 614              		@ link register save eliminated.
 615              	.LVL36:
 517:FWLIB/src/stm32f4xx_dcmi.c ****   /* Clear the interrupt pending Bit by writing in the ICR register 1 in the 
 518:FWLIB/src/stm32f4xx_dcmi.c ****   corresponding pending Bit position*/
 519:FWLIB/src/stm32f4xx_dcmi.c ****   
 520:FWLIB/src/stm32f4xx_dcmi.c ****   DCMI->ICR = DCMI_IT;
 616              		.loc 1 520 0
 617 0000 014B     		ldr	r3, .L68
 618 0002 5861     		str	r0, [r3, #20]
 619 0004 7047     		bx	lr
 620              	.L69:
 621 0006 00BF     		.align	2
 622              	.L68:
 623 0008 00000550 		.word	1342504960
 624              		.cfi_endproc
 625              	.LFE137:
 627              		.text
 628              	.Letext0:
 629              		.file 2 "/usr/include/newlib/machine/_default_types.h"
 630              		.file 3 "/usr/include/newlib/sys/_stdint.h"
 631              		.file 4 "F4_CORE/core_cm4.h"
 632              		.file 5 "USER/system_stm32f4xx.h"
 633              		.file 6 "USER/stm32f4xx.h"
ARM GAS  /tmp/cctVIhKr.s 			page 21


 634              		.file 7 "FWLIB/inc/stm32f4xx_dcmi.h"
ARM GAS  /tmp/cctVIhKr.s 			page 22


DEFINED SYMBOLS
                            *ABS*:0000000000000000 stm32f4xx_dcmi.c
     /tmp/cctVIhKr.s:18     .text.DCMI_DeInit:0000000000000000 $t
     /tmp/cctVIhKr.s:25     .text.DCMI_DeInit:0000000000000000 DCMI_DeInit
     /tmp/cctVIhKr.s:54     .text.DCMI_DeInit:0000000000000018 $d
     /tmp/cctVIhKr.s:59     .text.DCMI_Init:0000000000000000 $t
     /tmp/cctVIhKr.s:66     .text.DCMI_Init:0000000000000000 DCMI_Init
     /tmp/cctVIhKr.s:127    .text.DCMI_Init:0000000000000040 $d
     /tmp/cctVIhKr.s:132    .text.DCMI_StructInit:0000000000000000 $t
     /tmp/cctVIhKr.s:139    .text.DCMI_StructInit:0000000000000000 DCMI_StructInit
     /tmp/cctVIhKr.s:167    .text.DCMI_CROPConfig:0000000000000000 $t
     /tmp/cctVIhKr.s:174    .text.DCMI_CROPConfig:0000000000000000 DCMI_CROPConfig
     /tmp/cctVIhKr.s:201    .text.DCMI_CROPConfig:0000000000000018 $d
     /tmp/cctVIhKr.s:206    .text.DCMI_CROPCmd:0000000000000000 $t
     /tmp/cctVIhKr.s:213    .text.DCMI_CROPCmd:0000000000000000 DCMI_CROPCmd
     /tmp/cctVIhKr.s:239    .text.DCMI_CROPCmd:000000000000001c $d
     /tmp/cctVIhKr.s:244    .text.DCMI_SetEmbeddedSynchroCodes:0000000000000000 $t
     /tmp/cctVIhKr.s:251    .text.DCMI_SetEmbeddedSynchroCodes:0000000000000000 DCMI_SetEmbeddedSynchroCodes
     /tmp/cctVIhKr.s:279    .text.DCMI_SetEmbeddedSynchroCodes:000000000000001c $d
     /tmp/cctVIhKr.s:284    .text.DCMI_JPEGCmd:0000000000000000 $t
     /tmp/cctVIhKr.s:291    .text.DCMI_JPEGCmd:0000000000000000 DCMI_JPEGCmd
     /tmp/cctVIhKr.s:317    .text.DCMI_JPEGCmd:000000000000001c $d
     /tmp/cctVIhKr.s:322    .text.DCMI_Cmd:0000000000000000 $t
     /tmp/cctVIhKr.s:329    .text.DCMI_Cmd:0000000000000000 DCMI_Cmd
     /tmp/cctVIhKr.s:355    .text.DCMI_Cmd:000000000000001c $d
     /tmp/cctVIhKr.s:360    .text.DCMI_CaptureCmd:0000000000000000 $t
     /tmp/cctVIhKr.s:367    .text.DCMI_CaptureCmd:0000000000000000 DCMI_CaptureCmd
     /tmp/cctVIhKr.s:393    .text.DCMI_CaptureCmd:000000000000001c $d
     /tmp/cctVIhKr.s:398    .text.DCMI_ReadData:0000000000000000 $t
     /tmp/cctVIhKr.s:405    .text.DCMI_ReadData:0000000000000000 DCMI_ReadData
     /tmp/cctVIhKr.s:420    .text.DCMI_ReadData:0000000000000008 $d
     /tmp/cctVIhKr.s:425    .text.DCMI_ITConfig:0000000000000000 $t
     /tmp/cctVIhKr.s:432    .text.DCMI_ITConfig:0000000000000000 DCMI_ITConfig
     /tmp/cctVIhKr.s:463    .text.DCMI_ITConfig:000000000000001c $d
     /tmp/cctVIhKr.s:468    .text.DCMI_GetFlagStatus:0000000000000000 $t
     /tmp/cctVIhKr.s:475    .text.DCMI_GetFlagStatus:0000000000000000 DCMI_GetFlagStatus
     /tmp/cctVIhKr.s:528    .text.DCMI_GetFlagStatus:0000000000000024 $d
     /tmp/cctVIhKr.s:533    .text.DCMI_ClearFlag:0000000000000000 $t
     /tmp/cctVIhKr.s:540    .text.DCMI_ClearFlag:0000000000000000 DCMI_ClearFlag
     /tmp/cctVIhKr.s:555    .text.DCMI_ClearFlag:0000000000000008 $d
     /tmp/cctVIhKr.s:560    .text.DCMI_GetITStatus:0000000000000000 $t
     /tmp/cctVIhKr.s:567    .text.DCMI_GetITStatus:0000000000000000 DCMI_GetITStatus
     /tmp/cctVIhKr.s:596    .text.DCMI_GetITStatus:0000000000000010 $d
     /tmp/cctVIhKr.s:601    .text.DCMI_ClearITPendingBit:0000000000000000 $t
     /tmp/cctVIhKr.s:608    .text.DCMI_ClearITPendingBit:0000000000000000 DCMI_ClearITPendingBit
     /tmp/cctVIhKr.s:623    .text.DCMI_ClearITPendingBit:0000000000000008 $d
                     .debug_frame:0000000000000010 $d

NO UNDEFINED SYMBOLS
