ARM GAS  /tmp/cco16k7o.s 			page 1


   1              		.cpu cortex-m4
   2              		.eabi_attribute 27, 1
   3              		.eabi_attribute 28, 1
   4              		.eabi_attribute 20, 1
   5              		.eabi_attribute 21, 1
   6              		.eabi_attribute 23, 3
   7              		.eabi_attribute 24, 1
   8              		.eabi_attribute 25, 1
   9              		.eabi_attribute 26, 1
  10              		.eabi_attribute 30, 1
  11              		.eabi_attribute 34, 1
  12              		.eabi_attribute 18, 4
  13              		.file	"stm32f4xx_gpio.c"
  14              		.text
  15              	.Ltext0:
  16              		.cfi_sections	.debug_frame
  17              		.section	.text.GPIO_DeInit,"ax",%progbits
  18              		.align	1
  19              		.global	GPIO_DeInit
  20              		.syntax unified
  21              		.thumb
  22              		.thumb_func
  23              		.fpu fpv4-sp-d16
  25              	GPIO_DeInit:
  26              	.LFB123:
  27              		.file 1 "FWLIB/src/stm32f4xx_gpio.c"
   1:FWLIB/src/stm32f4xx_gpio.c **** /**
   2:FWLIB/src/stm32f4xx_gpio.c ****   ******************************************************************************
   3:FWLIB/src/stm32f4xx_gpio.c ****   * @file    stm32f4xx_gpio.c
   4:FWLIB/src/stm32f4xx_gpio.c ****   * @author  MCD Application Team
   5:FWLIB/src/stm32f4xx_gpio.c ****   * @version V1.8.0
   6:FWLIB/src/stm32f4xx_gpio.c ****   * @date    04-November-2016
   7:FWLIB/src/stm32f4xx_gpio.c ****   * @brief   This file provides firmware functions to manage the following 
   8:FWLIB/src/stm32f4xx_gpio.c ****   *          functionalities of the GPIO peripheral:           
   9:FWLIB/src/stm32f4xx_gpio.c ****   *           + Initialization and Configuration
  10:FWLIB/src/stm32f4xx_gpio.c ****   *           + GPIO Read and Write
  11:FWLIB/src/stm32f4xx_gpio.c ****   *           + GPIO Alternate functions configuration
  12:FWLIB/src/stm32f4xx_gpio.c ****   * 
  13:FWLIB/src/stm32f4xx_gpio.c **** @verbatim  
  14:FWLIB/src/stm32f4xx_gpio.c ****  ===============================================================================
  15:FWLIB/src/stm32f4xx_gpio.c ****                       ##### How to use this driver #####
  16:FWLIB/src/stm32f4xx_gpio.c ****  ===============================================================================       
  17:FWLIB/src/stm32f4xx_gpio.c ****  [..]             
  18:FWLIB/src/stm32f4xx_gpio.c ****    (#) Enable the GPIO AHB clock using the following function
  19:FWLIB/src/stm32f4xx_gpio.c ****        RCC_AHB1PeriphClockCmd(RCC_AHB1Periph_GPIOx, ENABLE);
  20:FWLIB/src/stm32f4xx_gpio.c ****                
  21:FWLIB/src/stm32f4xx_gpio.c ****    (#) Configure the GPIO pin(s) using GPIO_Init()
  22:FWLIB/src/stm32f4xx_gpio.c ****        Four possible configuration are available for each pin:
  23:FWLIB/src/stm32f4xx_gpio.c ****        (++) Input: Floating, Pull-up, Pull-down.
  24:FWLIB/src/stm32f4xx_gpio.c ****        (++) Output: Push-Pull (Pull-up, Pull-down or no Pull)
  25:FWLIB/src/stm32f4xx_gpio.c ****             Open Drain (Pull-up, Pull-down or no Pull). In output mode, the speed 
  26:FWLIB/src/stm32f4xx_gpio.c ****             is configurable: 2 MHz, 25 MHz, 50 MHz or 100 MHz.
  27:FWLIB/src/stm32f4xx_gpio.c ****        (++) Alternate Function: Push-Pull (Pull-up, Pull-down or no Pull) Open 
  28:FWLIB/src/stm32f4xx_gpio.c ****             Drain (Pull-up, Pull-down or no Pull).
  29:FWLIB/src/stm32f4xx_gpio.c ****        (++) Analog: required mode when a pin is to be used as ADC channel or DAC 
  30:FWLIB/src/stm32f4xx_gpio.c ****             output.
  31:FWLIB/src/stm32f4xx_gpio.c ****    
ARM GAS  /tmp/cco16k7o.s 			page 2


  32:FWLIB/src/stm32f4xx_gpio.c ****    (#) Peripherals alternate function:
  33:FWLIB/src/stm32f4xx_gpio.c ****        (++) For ADC and DAC, configure the desired pin in analog mode using 
  34:FWLIB/src/stm32f4xx_gpio.c ****             GPIO_InitStruct->GPIO_Mode = GPIO_Mode_AN;
  35:FWLIB/src/stm32f4xx_gpio.c ****             (+++) For other peripherals (TIM, USART...):
  36:FWLIB/src/stm32f4xx_gpio.c ****             (+++) Connect the pin to the desired peripherals' Alternate 
  37:FWLIB/src/stm32f4xx_gpio.c ****                      Function (AF) using GPIO_PinAFConfig() function
  38:FWLIB/src/stm32f4xx_gpio.c ****             (+++) Configure the desired pin in alternate function mode using
  39:FWLIB/src/stm32f4xx_gpio.c ****                      GPIO_InitStruct->GPIO_Mode = GPIO_Mode_AF
  40:FWLIB/src/stm32f4xx_gpio.c ****             (+++) Select the type, pull-up/pull-down and output speed via 
  41:FWLIB/src/stm32f4xx_gpio.c ****                      GPIO_PuPd, GPIO_OType and GPIO_Speed members
  42:FWLIB/src/stm32f4xx_gpio.c ****             (+++) Call GPIO_Init() function
  43:FWLIB/src/stm32f4xx_gpio.c ****           
  44:FWLIB/src/stm32f4xx_gpio.c ****    (#) To get the level of a pin configured in input mode use GPIO_ReadInputDataBit()
  45:FWLIB/src/stm32f4xx_gpio.c ****             
  46:FWLIB/src/stm32f4xx_gpio.c ****    (#) To set/reset the level of a pin configured in output mode use 
  47:FWLIB/src/stm32f4xx_gpio.c ****        GPIO_SetBits()/GPIO_ResetBits()
  48:FWLIB/src/stm32f4xx_gpio.c ****                  
  49:FWLIB/src/stm32f4xx_gpio.c ****    (#) During and just after reset, the alternate functions are not 
  50:FWLIB/src/stm32f4xx_gpio.c ****        active and the GPIO pins are configured in input floating mode (except JTAG
  51:FWLIB/src/stm32f4xx_gpio.c ****        pins).
  52:FWLIB/src/stm32f4xx_gpio.c ****   
  53:FWLIB/src/stm32f4xx_gpio.c ****    (#) The LSE oscillator pins OSC32_IN and OSC32_OUT can be used as general purpose 
  54:FWLIB/src/stm32f4xx_gpio.c ****        (PC14 and PC15, respectively) when the LSE oscillator is off. The LSE has 
  55:FWLIB/src/stm32f4xx_gpio.c ****        priority over the GPIO function.
  56:FWLIB/src/stm32f4xx_gpio.c ****   
  57:FWLIB/src/stm32f4xx_gpio.c ****    (#) The HSE oscillator pins OSC_IN/OSC_OUT can be used as 
  58:FWLIB/src/stm32f4xx_gpio.c ****        general purpose PH0 and PH1, respectively, when the HSE oscillator is off. 
  59:FWLIB/src/stm32f4xx_gpio.c ****        The HSE has priority over the GPIO function.
  60:FWLIB/src/stm32f4xx_gpio.c ****                
  61:FWLIB/src/stm32f4xx_gpio.c **** @endverbatim        
  62:FWLIB/src/stm32f4xx_gpio.c ****   *
  63:FWLIB/src/stm32f4xx_gpio.c ****   ******************************************************************************
  64:FWLIB/src/stm32f4xx_gpio.c ****   * @attention
  65:FWLIB/src/stm32f4xx_gpio.c ****   *
  66:FWLIB/src/stm32f4xx_gpio.c ****   * <h2><center>&copy; COPYRIGHT 2016 STMicroelectronics</center></h2>
  67:FWLIB/src/stm32f4xx_gpio.c ****   *
  68:FWLIB/src/stm32f4xx_gpio.c ****   * Licensed under MCD-ST Liberty SW License Agreement V2, (the "License");
  69:FWLIB/src/stm32f4xx_gpio.c ****   * You may not use this file except in compliance with the License.
  70:FWLIB/src/stm32f4xx_gpio.c ****   * You may obtain a copy of the License at:
  71:FWLIB/src/stm32f4xx_gpio.c ****   *
  72:FWLIB/src/stm32f4xx_gpio.c ****   *        http://www.st.com/software_license_agreement_liberty_v2
  73:FWLIB/src/stm32f4xx_gpio.c ****   *
  74:FWLIB/src/stm32f4xx_gpio.c ****   * Unless required by applicable law or agreed to in writing, software 
  75:FWLIB/src/stm32f4xx_gpio.c ****   * distributed under the License is distributed on an "AS IS" BASIS, 
  76:FWLIB/src/stm32f4xx_gpio.c ****   * WITHOUT WARRANTIES OR CONDITIONS OF ANY KIND, either express or implied.
  77:FWLIB/src/stm32f4xx_gpio.c ****   * See the License for the specific language governing permissions and
  78:FWLIB/src/stm32f4xx_gpio.c ****   * limitations under the License.
  79:FWLIB/src/stm32f4xx_gpio.c ****   *
  80:FWLIB/src/stm32f4xx_gpio.c ****   ******************************************************************************
  81:FWLIB/src/stm32f4xx_gpio.c ****   */
  82:FWLIB/src/stm32f4xx_gpio.c **** 
  83:FWLIB/src/stm32f4xx_gpio.c **** /* Includes ------------------------------------------------------------------*/
  84:FWLIB/src/stm32f4xx_gpio.c **** #include "stm32f4xx_gpio.h"
  85:FWLIB/src/stm32f4xx_gpio.c **** #include "stm32f4xx_rcc.h"
  86:FWLIB/src/stm32f4xx_gpio.c **** 
  87:FWLIB/src/stm32f4xx_gpio.c **** /** @addtogroup STM32F4xx_StdPeriph_Driver
  88:FWLIB/src/stm32f4xx_gpio.c ****   * @{
ARM GAS  /tmp/cco16k7o.s 			page 3


  89:FWLIB/src/stm32f4xx_gpio.c ****   */
  90:FWLIB/src/stm32f4xx_gpio.c **** 
  91:FWLIB/src/stm32f4xx_gpio.c **** /** @defgroup GPIO 
  92:FWLIB/src/stm32f4xx_gpio.c ****   * @brief GPIO driver modules
  93:FWLIB/src/stm32f4xx_gpio.c ****   * @{
  94:FWLIB/src/stm32f4xx_gpio.c ****   */ 
  95:FWLIB/src/stm32f4xx_gpio.c **** 
  96:FWLIB/src/stm32f4xx_gpio.c **** /* Private typedef -----------------------------------------------------------*/
  97:FWLIB/src/stm32f4xx_gpio.c **** /* Private define ------------------------------------------------------------*/
  98:FWLIB/src/stm32f4xx_gpio.c **** /* Private macro -------------------------------------------------------------*/
  99:FWLIB/src/stm32f4xx_gpio.c **** /* Private variables ---------------------------------------------------------*/
 100:FWLIB/src/stm32f4xx_gpio.c **** /* Private function prototypes -----------------------------------------------*/
 101:FWLIB/src/stm32f4xx_gpio.c **** /* Private functions ---------------------------------------------------------*/
 102:FWLIB/src/stm32f4xx_gpio.c **** 
 103:FWLIB/src/stm32f4xx_gpio.c **** /** @defgroup GPIO_Private_Functions
 104:FWLIB/src/stm32f4xx_gpio.c ****   * @{
 105:FWLIB/src/stm32f4xx_gpio.c ****   */ 
 106:FWLIB/src/stm32f4xx_gpio.c **** 
 107:FWLIB/src/stm32f4xx_gpio.c **** /** @defgroup GPIO_Group1 Initialization and Configuration
 108:FWLIB/src/stm32f4xx_gpio.c ****  *  @brief   Initialization and Configuration
 109:FWLIB/src/stm32f4xx_gpio.c ****  *
 110:FWLIB/src/stm32f4xx_gpio.c **** @verbatim   
 111:FWLIB/src/stm32f4xx_gpio.c ****  ===============================================================================
 112:FWLIB/src/stm32f4xx_gpio.c ****                  ##### Initialization and Configuration #####
 113:FWLIB/src/stm32f4xx_gpio.c ****  ===============================================================================  
 114:FWLIB/src/stm32f4xx_gpio.c **** 
 115:FWLIB/src/stm32f4xx_gpio.c **** @endverbatim
 116:FWLIB/src/stm32f4xx_gpio.c ****   * @{
 117:FWLIB/src/stm32f4xx_gpio.c ****   */
 118:FWLIB/src/stm32f4xx_gpio.c **** 
 119:FWLIB/src/stm32f4xx_gpio.c **** /**
 120:FWLIB/src/stm32f4xx_gpio.c ****   * @brief  De-initializes the GPIOx peripheral registers to their default reset values.
 121:FWLIB/src/stm32f4xx_gpio.c ****   * @note   By default, The GPIO pins are configured in input floating mode (except JTAG pins).
 122:FWLIB/src/stm32f4xx_gpio.c ****   * @param  GPIOx: where x can be (A..K) to select the GPIO peripheral for STM32F405xx/407xx and ST
 123:FWLIB/src/stm32f4xx_gpio.c ****   *                      x can be (A..I) to select the GPIO peripheral for STM32F42xxx/43xxx device
 124:FWLIB/src/stm32f4xx_gpio.c ****   *                      x can be (A, B, C, D and H) to select the GPIO peripheral for STM32F401xx 
 125:FWLIB/src/stm32f4xx_gpio.c ****   * @retval None
 126:FWLIB/src/stm32f4xx_gpio.c ****   */
 127:FWLIB/src/stm32f4xx_gpio.c **** void GPIO_DeInit(GPIO_TypeDef* GPIOx)
 128:FWLIB/src/stm32f4xx_gpio.c **** {
  28              		.loc 1 128 0
  29              		.cfi_startproc
  30              		@ args = 0, pretend = 0, frame = 0
  31              		@ frame_needed = 0, uses_anonymous_args = 0
  32              	.LVL0:
  33 0000 08B5     		push	{r3, lr}
  34              	.LCFI0:
  35              		.cfi_def_cfa_offset 8
  36              		.cfi_offset 3, -8
  37              		.cfi_offset 14, -4
 129:FWLIB/src/stm32f4xx_gpio.c ****   /* Check the parameters */
 130:FWLIB/src/stm32f4xx_gpio.c ****   assert_param(IS_GPIO_ALL_PERIPH(GPIOx));
 131:FWLIB/src/stm32f4xx_gpio.c **** 
 132:FWLIB/src/stm32f4xx_gpio.c ****   if (GPIOx == GPIOA)
  38              		.loc 1 132 0
  39 0002 454B     		ldr	r3, .L25
  40 0004 9842     		cmp	r0, r3
ARM GAS  /tmp/cco16k7o.s 			page 4


  41 0006 1ED0     		beq	.L14
 133:FWLIB/src/stm32f4xx_gpio.c ****   {
 134:FWLIB/src/stm32f4xx_gpio.c ****     RCC_AHB1PeriphResetCmd(RCC_AHB1Periph_GPIOA, ENABLE);
 135:FWLIB/src/stm32f4xx_gpio.c ****     RCC_AHB1PeriphResetCmd(RCC_AHB1Periph_GPIOA, DISABLE);
 136:FWLIB/src/stm32f4xx_gpio.c ****   }
 137:FWLIB/src/stm32f4xx_gpio.c ****   else if (GPIOx == GPIOB)
  42              		.loc 1 137 0
  43 0008 444B     		ldr	r3, .L25+4
  44 000a 9842     		cmp	r0, r3
  45 000c 24D0     		beq	.L15
 138:FWLIB/src/stm32f4xx_gpio.c ****   {
 139:FWLIB/src/stm32f4xx_gpio.c ****     RCC_AHB1PeriphResetCmd(RCC_AHB1Periph_GPIOB, ENABLE);
 140:FWLIB/src/stm32f4xx_gpio.c ****     RCC_AHB1PeriphResetCmd(RCC_AHB1Periph_GPIOB, DISABLE);
 141:FWLIB/src/stm32f4xx_gpio.c ****   }
 142:FWLIB/src/stm32f4xx_gpio.c ****   else if (GPIOx == GPIOC)
  46              		.loc 1 142 0
  47 000e 444B     		ldr	r3, .L25+8
  48 0010 9842     		cmp	r0, r3
  49 0012 2AD0     		beq	.L16
 143:FWLIB/src/stm32f4xx_gpio.c ****   {
 144:FWLIB/src/stm32f4xx_gpio.c ****     RCC_AHB1PeriphResetCmd(RCC_AHB1Periph_GPIOC, ENABLE);
 145:FWLIB/src/stm32f4xx_gpio.c ****     RCC_AHB1PeriphResetCmd(RCC_AHB1Periph_GPIOC, DISABLE);
 146:FWLIB/src/stm32f4xx_gpio.c ****   }
 147:FWLIB/src/stm32f4xx_gpio.c ****   else if (GPIOx == GPIOD)
  50              		.loc 1 147 0
  51 0014 434B     		ldr	r3, .L25+12
  52 0016 9842     		cmp	r0, r3
  53 0018 30D0     		beq	.L17
 148:FWLIB/src/stm32f4xx_gpio.c ****   {
 149:FWLIB/src/stm32f4xx_gpio.c ****     RCC_AHB1PeriphResetCmd(RCC_AHB1Periph_GPIOD, ENABLE);
 150:FWLIB/src/stm32f4xx_gpio.c ****     RCC_AHB1PeriphResetCmd(RCC_AHB1Periph_GPIOD, DISABLE);
 151:FWLIB/src/stm32f4xx_gpio.c ****   }
 152:FWLIB/src/stm32f4xx_gpio.c ****   else if (GPIOx == GPIOE)
  54              		.loc 1 152 0
  55 001a 434B     		ldr	r3, .L25+16
  56 001c 9842     		cmp	r0, r3
  57 001e 36D0     		beq	.L18
 153:FWLIB/src/stm32f4xx_gpio.c ****   {
 154:FWLIB/src/stm32f4xx_gpio.c ****     RCC_AHB1PeriphResetCmd(RCC_AHB1Periph_GPIOE, ENABLE);
 155:FWLIB/src/stm32f4xx_gpio.c ****     RCC_AHB1PeriphResetCmd(RCC_AHB1Periph_GPIOE, DISABLE);
 156:FWLIB/src/stm32f4xx_gpio.c ****   }
 157:FWLIB/src/stm32f4xx_gpio.c ****   else if (GPIOx == GPIOF)
  58              		.loc 1 157 0
  59 0020 424B     		ldr	r3, .L25+20
  60 0022 9842     		cmp	r0, r3
  61 0024 3CD0     		beq	.L19
 158:FWLIB/src/stm32f4xx_gpio.c ****   {
 159:FWLIB/src/stm32f4xx_gpio.c ****     RCC_AHB1PeriphResetCmd(RCC_AHB1Periph_GPIOF, ENABLE);
 160:FWLIB/src/stm32f4xx_gpio.c ****     RCC_AHB1PeriphResetCmd(RCC_AHB1Periph_GPIOF, DISABLE);
 161:FWLIB/src/stm32f4xx_gpio.c ****   }
 162:FWLIB/src/stm32f4xx_gpio.c ****   else if (GPIOx == GPIOG)
  62              		.loc 1 162 0
  63 0026 424B     		ldr	r3, .L25+24
  64 0028 9842     		cmp	r0, r3
  65 002a 42D0     		beq	.L20
 163:FWLIB/src/stm32f4xx_gpio.c ****   {
 164:FWLIB/src/stm32f4xx_gpio.c ****     RCC_AHB1PeriphResetCmd(RCC_AHB1Periph_GPIOG, ENABLE);
ARM GAS  /tmp/cco16k7o.s 			page 5


 165:FWLIB/src/stm32f4xx_gpio.c ****     RCC_AHB1PeriphResetCmd(RCC_AHB1Periph_GPIOG, DISABLE);
 166:FWLIB/src/stm32f4xx_gpio.c ****   }
 167:FWLIB/src/stm32f4xx_gpio.c ****   else if (GPIOx == GPIOH)
  66              		.loc 1 167 0
  67 002c 414B     		ldr	r3, .L25+28
  68 002e 9842     		cmp	r0, r3
  69 0030 48D0     		beq	.L21
 168:FWLIB/src/stm32f4xx_gpio.c ****   {
 169:FWLIB/src/stm32f4xx_gpio.c ****     RCC_AHB1PeriphResetCmd(RCC_AHB1Periph_GPIOH, ENABLE);
 170:FWLIB/src/stm32f4xx_gpio.c ****     RCC_AHB1PeriphResetCmd(RCC_AHB1Periph_GPIOH, DISABLE);
 171:FWLIB/src/stm32f4xx_gpio.c ****   }
 172:FWLIB/src/stm32f4xx_gpio.c **** 
 173:FWLIB/src/stm32f4xx_gpio.c ****   else if (GPIOx == GPIOI)
  70              		.loc 1 173 0
  71 0032 414B     		ldr	r3, .L25+32
  72 0034 9842     		cmp	r0, r3
  73 0036 4ED0     		beq	.L22
 174:FWLIB/src/stm32f4xx_gpio.c ****   {
 175:FWLIB/src/stm32f4xx_gpio.c ****     RCC_AHB1PeriphResetCmd(RCC_AHB1Periph_GPIOI, ENABLE);
 176:FWLIB/src/stm32f4xx_gpio.c ****     RCC_AHB1PeriphResetCmd(RCC_AHB1Periph_GPIOI, DISABLE);
 177:FWLIB/src/stm32f4xx_gpio.c ****   }
 178:FWLIB/src/stm32f4xx_gpio.c ****   else if (GPIOx == GPIOJ)
  74              		.loc 1 178 0
  75 0038 404B     		ldr	r3, .L25+36
  76 003a 9842     		cmp	r0, r3
  77 003c 56D0     		beq	.L23
 179:FWLIB/src/stm32f4xx_gpio.c ****   {
 180:FWLIB/src/stm32f4xx_gpio.c ****     RCC_AHB1PeriphResetCmd(RCC_AHB1Periph_GPIOJ, ENABLE);
 181:FWLIB/src/stm32f4xx_gpio.c ****     RCC_AHB1PeriphResetCmd(RCC_AHB1Periph_GPIOJ, DISABLE);
 182:FWLIB/src/stm32f4xx_gpio.c ****   }
 183:FWLIB/src/stm32f4xx_gpio.c ****   else
 184:FWLIB/src/stm32f4xx_gpio.c ****   {
 185:FWLIB/src/stm32f4xx_gpio.c ****     if (GPIOx == GPIOK)
  78              		.loc 1 185 0
  79 003e 404B     		ldr	r3, .L25+40
  80 0040 9842     		cmp	r0, r3
  81 0042 5ED0     		beq	.L24
  82              	.LVL1:
  83              	.L1:
  84 0044 08BD     		pop	{r3, pc}
  85              	.LVL2:
  86              	.L14:
 134:FWLIB/src/stm32f4xx_gpio.c ****     RCC_AHB1PeriphResetCmd(RCC_AHB1Periph_GPIOA, DISABLE);
  87              		.loc 1 134 0
  88 0046 0121     		movs	r1, #1
  89 0048 0846     		mov	r0, r1
  90              	.LVL3:
  91 004a FFF7FEFF 		bl	RCC_AHB1PeriphResetCmd
  92              	.LVL4:
 135:FWLIB/src/stm32f4xx_gpio.c ****   }
  93              		.loc 1 135 0
  94 004e 0021     		movs	r1, #0
  95 0050 0120     		movs	r0, #1
  96 0052 FFF7FEFF 		bl	RCC_AHB1PeriphResetCmd
  97              	.LVL5:
  98 0056 08BD     		pop	{r3, pc}
  99              	.LVL6:
ARM GAS  /tmp/cco16k7o.s 			page 6


 100              	.L15:
 139:FWLIB/src/stm32f4xx_gpio.c ****     RCC_AHB1PeriphResetCmd(RCC_AHB1Periph_GPIOB, DISABLE);
 101              		.loc 1 139 0
 102 0058 0121     		movs	r1, #1
 103 005a 0220     		movs	r0, #2
 104              	.LVL7:
 105 005c FFF7FEFF 		bl	RCC_AHB1PeriphResetCmd
 106              	.LVL8:
 140:FWLIB/src/stm32f4xx_gpio.c ****   }
 107              		.loc 1 140 0
 108 0060 0021     		movs	r1, #0
 109 0062 0220     		movs	r0, #2
 110 0064 FFF7FEFF 		bl	RCC_AHB1PeriphResetCmd
 111              	.LVL9:
 112 0068 08BD     		pop	{r3, pc}
 113              	.LVL10:
 114              	.L16:
 144:FWLIB/src/stm32f4xx_gpio.c ****     RCC_AHB1PeriphResetCmd(RCC_AHB1Periph_GPIOC, DISABLE);
 115              		.loc 1 144 0
 116 006a 0121     		movs	r1, #1
 117 006c 0420     		movs	r0, #4
 118              	.LVL11:
 119 006e FFF7FEFF 		bl	RCC_AHB1PeriphResetCmd
 120              	.LVL12:
 145:FWLIB/src/stm32f4xx_gpio.c ****   }
 121              		.loc 1 145 0
 122 0072 0021     		movs	r1, #0
 123 0074 0420     		movs	r0, #4
 124 0076 FFF7FEFF 		bl	RCC_AHB1PeriphResetCmd
 125              	.LVL13:
 126 007a 08BD     		pop	{r3, pc}
 127              	.LVL14:
 128              	.L17:
 149:FWLIB/src/stm32f4xx_gpio.c ****     RCC_AHB1PeriphResetCmd(RCC_AHB1Periph_GPIOD, DISABLE);
 129              		.loc 1 149 0
 130 007c 0121     		movs	r1, #1
 131 007e 0820     		movs	r0, #8
 132              	.LVL15:
 133 0080 FFF7FEFF 		bl	RCC_AHB1PeriphResetCmd
 134              	.LVL16:
 150:FWLIB/src/stm32f4xx_gpio.c ****   }
 135              		.loc 1 150 0
 136 0084 0021     		movs	r1, #0
 137 0086 0820     		movs	r0, #8
 138 0088 FFF7FEFF 		bl	RCC_AHB1PeriphResetCmd
 139              	.LVL17:
 140 008c 08BD     		pop	{r3, pc}
 141              	.LVL18:
 142              	.L18:
 154:FWLIB/src/stm32f4xx_gpio.c ****     RCC_AHB1PeriphResetCmd(RCC_AHB1Periph_GPIOE, DISABLE);
 143              		.loc 1 154 0
 144 008e 0121     		movs	r1, #1
 145 0090 1020     		movs	r0, #16
 146              	.LVL19:
 147 0092 FFF7FEFF 		bl	RCC_AHB1PeriphResetCmd
 148              	.LVL20:
 155:FWLIB/src/stm32f4xx_gpio.c ****   }
ARM GAS  /tmp/cco16k7o.s 			page 7


 149              		.loc 1 155 0
 150 0096 0021     		movs	r1, #0
 151 0098 1020     		movs	r0, #16
 152 009a FFF7FEFF 		bl	RCC_AHB1PeriphResetCmd
 153              	.LVL21:
 154 009e 08BD     		pop	{r3, pc}
 155              	.LVL22:
 156              	.L19:
 159:FWLIB/src/stm32f4xx_gpio.c ****     RCC_AHB1PeriphResetCmd(RCC_AHB1Periph_GPIOF, DISABLE);
 157              		.loc 1 159 0
 158 00a0 0121     		movs	r1, #1
 159 00a2 2020     		movs	r0, #32
 160              	.LVL23:
 161 00a4 FFF7FEFF 		bl	RCC_AHB1PeriphResetCmd
 162              	.LVL24:
 160:FWLIB/src/stm32f4xx_gpio.c ****   }
 163              		.loc 1 160 0
 164 00a8 0021     		movs	r1, #0
 165 00aa 2020     		movs	r0, #32
 166 00ac FFF7FEFF 		bl	RCC_AHB1PeriphResetCmd
 167              	.LVL25:
 168 00b0 08BD     		pop	{r3, pc}
 169              	.LVL26:
 170              	.L20:
 164:FWLIB/src/stm32f4xx_gpio.c ****     RCC_AHB1PeriphResetCmd(RCC_AHB1Periph_GPIOG, DISABLE);
 171              		.loc 1 164 0
 172 00b2 0121     		movs	r1, #1
 173 00b4 4020     		movs	r0, #64
 174              	.LVL27:
 175 00b6 FFF7FEFF 		bl	RCC_AHB1PeriphResetCmd
 176              	.LVL28:
 165:FWLIB/src/stm32f4xx_gpio.c ****   }
 177              		.loc 1 165 0
 178 00ba 0021     		movs	r1, #0
 179 00bc 4020     		movs	r0, #64
 180 00be FFF7FEFF 		bl	RCC_AHB1PeriphResetCmd
 181              	.LVL29:
 182 00c2 08BD     		pop	{r3, pc}
 183              	.LVL30:
 184              	.L21:
 169:FWLIB/src/stm32f4xx_gpio.c ****     RCC_AHB1PeriphResetCmd(RCC_AHB1Periph_GPIOH, DISABLE);
 185              		.loc 1 169 0
 186 00c4 0121     		movs	r1, #1
 187 00c6 8020     		movs	r0, #128
 188              	.LVL31:
 189 00c8 FFF7FEFF 		bl	RCC_AHB1PeriphResetCmd
 190              	.LVL32:
 170:FWLIB/src/stm32f4xx_gpio.c ****   }
 191              		.loc 1 170 0
 192 00cc 0021     		movs	r1, #0
 193 00ce 8020     		movs	r0, #128
 194 00d0 FFF7FEFF 		bl	RCC_AHB1PeriphResetCmd
 195              	.LVL33:
 196 00d4 08BD     		pop	{r3, pc}
 197              	.LVL34:
 198              	.L22:
 175:FWLIB/src/stm32f4xx_gpio.c ****     RCC_AHB1PeriphResetCmd(RCC_AHB1Periph_GPIOI, DISABLE);
ARM GAS  /tmp/cco16k7o.s 			page 8


 199              		.loc 1 175 0
 200 00d6 0121     		movs	r1, #1
 201 00d8 4FF48070 		mov	r0, #256
 202              	.LVL35:
 203 00dc FFF7FEFF 		bl	RCC_AHB1PeriphResetCmd
 204              	.LVL36:
 176:FWLIB/src/stm32f4xx_gpio.c ****   }
 205              		.loc 1 176 0
 206 00e0 0021     		movs	r1, #0
 207 00e2 4FF48070 		mov	r0, #256
 208 00e6 FFF7FEFF 		bl	RCC_AHB1PeriphResetCmd
 209              	.LVL37:
 210 00ea 08BD     		pop	{r3, pc}
 211              	.LVL38:
 212              	.L23:
 180:FWLIB/src/stm32f4xx_gpio.c ****     RCC_AHB1PeriphResetCmd(RCC_AHB1Periph_GPIOJ, DISABLE);
 213              		.loc 1 180 0
 214 00ec 0121     		movs	r1, #1
 215 00ee 4FF40070 		mov	r0, #512
 216              	.LVL39:
 217 00f2 FFF7FEFF 		bl	RCC_AHB1PeriphResetCmd
 218              	.LVL40:
 181:FWLIB/src/stm32f4xx_gpio.c ****   }
 219              		.loc 1 181 0
 220 00f6 0021     		movs	r1, #0
 221 00f8 4FF40070 		mov	r0, #512
 222 00fc FFF7FEFF 		bl	RCC_AHB1PeriphResetCmd
 223              	.LVL41:
 224 0100 08BD     		pop	{r3, pc}
 225              	.LVL42:
 226              	.L24:
 186:FWLIB/src/stm32f4xx_gpio.c ****     {
 187:FWLIB/src/stm32f4xx_gpio.c ****       RCC_AHB1PeriphResetCmd(RCC_AHB1Periph_GPIOK, ENABLE);
 227              		.loc 1 187 0
 228 0102 0121     		movs	r1, #1
 229 0104 4FF48060 		mov	r0, #1024
 230              	.LVL43:
 231 0108 FFF7FEFF 		bl	RCC_AHB1PeriphResetCmd
 232              	.LVL44:
 188:FWLIB/src/stm32f4xx_gpio.c ****       RCC_AHB1PeriphResetCmd(RCC_AHB1Periph_GPIOK, DISABLE);
 233              		.loc 1 188 0
 234 010c 0021     		movs	r1, #0
 235 010e 4FF48060 		mov	r0, #1024
 236 0112 FFF7FEFF 		bl	RCC_AHB1PeriphResetCmd
 237              	.LVL45:
 189:FWLIB/src/stm32f4xx_gpio.c ****     }
 190:FWLIB/src/stm32f4xx_gpio.c ****   }
 191:FWLIB/src/stm32f4xx_gpio.c **** }
 238              		.loc 1 191 0
 239 0116 95E7     		b	.L1
 240              	.L26:
 241              		.align	2
 242              	.L25:
 243 0118 00000240 		.word	1073872896
 244 011c 00040240 		.word	1073873920
 245 0120 00080240 		.word	1073874944
 246 0124 000C0240 		.word	1073875968
ARM GAS  /tmp/cco16k7o.s 			page 9


 247 0128 00100240 		.word	1073876992
 248 012c 00140240 		.word	1073878016
 249 0130 00180240 		.word	1073879040
 250 0134 001C0240 		.word	1073880064
 251 0138 00200240 		.word	1073881088
 252 013c 00240240 		.word	1073882112
 253 0140 00280240 		.word	1073883136
 254              		.cfi_endproc
 255              	.LFE123:
 257              		.section	.text.GPIO_Init,"ax",%progbits
 258              		.align	1
 259              		.global	GPIO_Init
 260              		.syntax unified
 261              		.thumb
 262              		.thumb_func
 263              		.fpu fpv4-sp-d16
 265              	GPIO_Init:
 266              	.LFB124:
 192:FWLIB/src/stm32f4xx_gpio.c **** 
 193:FWLIB/src/stm32f4xx_gpio.c **** /**
 194:FWLIB/src/stm32f4xx_gpio.c ****   * @brief  Initializes the GPIOx peripheral according to the specified parameters in the GPIO_Init
 195:FWLIB/src/stm32f4xx_gpio.c ****   * @param  GPIOx: where x can be (A..K) to select the GPIO peripheral for STM32F405xx/407xx and ST
 196:FWLIB/src/stm32f4xx_gpio.c ****   *                      x can be (A..I) to select the GPIO peripheral for STM32F42xxx/43xxx device
 197:FWLIB/src/stm32f4xx_gpio.c ****   *                      x can be (A, B, C, D and H) to select the GPIO peripheral for STM32F401xx 
 198:FWLIB/src/stm32f4xx_gpio.c ****   * @param  GPIO_InitStruct: pointer to a GPIO_InitTypeDef structure that contains
 199:FWLIB/src/stm32f4xx_gpio.c ****   *         the configuration information for the specified GPIO peripheral.
 200:FWLIB/src/stm32f4xx_gpio.c ****   * @retval None
 201:FWLIB/src/stm32f4xx_gpio.c ****   */
 202:FWLIB/src/stm32f4xx_gpio.c **** void GPIO_Init(GPIO_TypeDef* GPIOx, GPIO_InitTypeDef* GPIO_InitStruct)
 203:FWLIB/src/stm32f4xx_gpio.c **** {
 267              		.loc 1 203 0
 268              		.cfi_startproc
 269              		@ args = 0, pretend = 0, frame = 0
 270              		@ frame_needed = 0, uses_anonymous_args = 0
 271              		@ link register save eliminated.
 272              	.LVL46:
 204:FWLIB/src/stm32f4xx_gpio.c ****   uint32_t pinpos = 0x00, pos = 0x00 , currentpin = 0x00;
 205:FWLIB/src/stm32f4xx_gpio.c **** 
 206:FWLIB/src/stm32f4xx_gpio.c ****   /* Check the parameters */
 207:FWLIB/src/stm32f4xx_gpio.c ****   assert_param(IS_GPIO_ALL_PERIPH(GPIOx));
 208:FWLIB/src/stm32f4xx_gpio.c ****   assert_param(IS_GPIO_PIN(GPIO_InitStruct->GPIO_Pin));
 209:FWLIB/src/stm32f4xx_gpio.c ****   assert_param(IS_GPIO_MODE(GPIO_InitStruct->GPIO_Mode));
 210:FWLIB/src/stm32f4xx_gpio.c ****   assert_param(IS_GPIO_PUPD(GPIO_InitStruct->GPIO_PuPd));
 211:FWLIB/src/stm32f4xx_gpio.c **** 
 212:FWLIB/src/stm32f4xx_gpio.c ****   /* ------------------------- Configure the port pins ---------------- */
 213:FWLIB/src/stm32f4xx_gpio.c ****   /*-- GPIO Mode Configuration --*/
 214:FWLIB/src/stm32f4xx_gpio.c ****   for (pinpos = 0x00; pinpos < 0x10; pinpos++)
 273              		.loc 1 214 0
 274 0000 0023     		movs	r3, #0
 275              	.LVL47:
 276 0002 0F2B     		cmp	r3, #15
 277 0004 40D8     		bhi	.L35
 203:FWLIB/src/stm32f4xx_gpio.c ****   uint32_t pinpos = 0x00, pos = 0x00 , currentpin = 0x00;
 278              		.loc 1 203 0
 279 0006 F0B4     		push	{r4, r5, r6, r7}
 280              	.LCFI1:
 281              		.cfi_def_cfa_offset 16
ARM GAS  /tmp/cco16k7o.s 			page 10


 282              		.cfi_offset 4, -16
 283              		.cfi_offset 5, -12
 284              		.cfi_offset 6, -8
 285              		.cfi_offset 7, -4
 286 0008 25E0     		b	.L31
 287              	.LVL48:
 288              	.L37:
 215:FWLIB/src/stm32f4xx_gpio.c ****   {
 216:FWLIB/src/stm32f4xx_gpio.c ****     pos = ((uint32_t)0x01) << pinpos;
 217:FWLIB/src/stm32f4xx_gpio.c ****     /* Get the port pins position */
 218:FWLIB/src/stm32f4xx_gpio.c ****     currentpin = (GPIO_InitStruct->GPIO_Pin) & pos;
 219:FWLIB/src/stm32f4xx_gpio.c **** 
 220:FWLIB/src/stm32f4xx_gpio.c ****     if (currentpin == pos)
 221:FWLIB/src/stm32f4xx_gpio.c ****     {
 222:FWLIB/src/stm32f4xx_gpio.c ****       GPIOx->MODER  &= ~(GPIO_MODER_MODER0 << (pinpos * 2));
 223:FWLIB/src/stm32f4xx_gpio.c ****       GPIOx->MODER |= (((uint32_t)GPIO_InitStruct->GPIO_Mode) << (pinpos * 2));
 224:FWLIB/src/stm32f4xx_gpio.c **** 
 225:FWLIB/src/stm32f4xx_gpio.c ****       if ((GPIO_InitStruct->GPIO_Mode == GPIO_Mode_OUT) || (GPIO_InitStruct->GPIO_Mode == GPIO_Mode
 226:FWLIB/src/stm32f4xx_gpio.c ****       {
 227:FWLIB/src/stm32f4xx_gpio.c ****         /* Check Speed mode parameters */
 228:FWLIB/src/stm32f4xx_gpio.c ****         assert_param(IS_GPIO_SPEED(GPIO_InitStruct->GPIO_Speed));
 229:FWLIB/src/stm32f4xx_gpio.c **** 
 230:FWLIB/src/stm32f4xx_gpio.c ****         /* Speed mode configuration */
 231:FWLIB/src/stm32f4xx_gpio.c ****         GPIOx->OSPEEDR &= ~(GPIO_OSPEEDER_OSPEEDR0 << (pinpos * 2));
 289              		.loc 1 231 0
 290 000a 8468     		ldr	r4, [r0, #8]
 291 000c 2240     		ands	r2, r2, r4
 292 000e 8260     		str	r2, [r0, #8]
 232:FWLIB/src/stm32f4xx_gpio.c ****         GPIOx->OSPEEDR |= ((uint32_t)(GPIO_InitStruct->GPIO_Speed) << (pinpos * 2));
 293              		.loc 1 232 0
 294 0010 8268     		ldr	r2, [r0, #8]
 295 0012 4C79     		ldrb	r4, [r1, #5]	@ zero_extendqisi2
 296 0014 AC40     		lsls	r4, r4, r5
 297 0016 2243     		orrs	r2, r2, r4
 298 0018 8260     		str	r2, [r0, #8]
 233:FWLIB/src/stm32f4xx_gpio.c **** 
 234:FWLIB/src/stm32f4xx_gpio.c ****         /* Check Output mode parameters */
 235:FWLIB/src/stm32f4xx_gpio.c ****         assert_param(IS_GPIO_OTYPE(GPIO_InitStruct->GPIO_OType));
 236:FWLIB/src/stm32f4xx_gpio.c **** 
 237:FWLIB/src/stm32f4xx_gpio.c ****         /* Output mode configuration*/
 238:FWLIB/src/stm32f4xx_gpio.c ****         GPIOx->OTYPER  &= ~((GPIO_OTYPER_OT_0) << ((uint16_t)pinpos)) ;
 299              		.loc 1 238 0
 300 001a 4468     		ldr	r4, [r0, #4]
 301 001c 9FB2     		uxth	r7, r3
 302 001e 0126     		movs	r6, #1
 303              	.LVL49:
 304 0020 BE40     		lsls	r6, r6, r7
 305              	.LVL50:
 306 0022 24EA0604 		bic	r4, r4, r6
 307 0026 4460     		str	r4, [r0, #4]
 239:FWLIB/src/stm32f4xx_gpio.c ****         GPIOx->OTYPER |= (uint16_t)(((uint16_t)GPIO_InitStruct->GPIO_OType) << ((uint16_t)pinpos));
 308              		.loc 1 239 0
 309 0028 4468     		ldr	r4, [r0, #4]
 310 002a 8A79     		ldrb	r2, [r1, #6]	@ zero_extendqisi2
 311 002c BA40     		lsls	r2, r2, r7
 312 002e 92B2     		uxth	r2, r2
 313 0030 2243     		orrs	r2, r2, r4
ARM GAS  /tmp/cco16k7o.s 			page 11


 314 0032 4260     		str	r2, [r0, #4]
 315              	.L30:
 240:FWLIB/src/stm32f4xx_gpio.c ****       }
 241:FWLIB/src/stm32f4xx_gpio.c **** 
 242:FWLIB/src/stm32f4xx_gpio.c ****       /* Pull-up Pull down resistor configuration*/
 243:FWLIB/src/stm32f4xx_gpio.c ****       GPIOx->PUPDR &= ~(GPIO_PUPDR_PUPDR0 << ((uint16_t)pinpos * 2));
 316              		.loc 1 243 0
 317 0034 C268     		ldr	r2, [r0, #12]
 318 0036 9CB2     		uxth	r4, r3
 319 0038 6600     		lsls	r6, r4, #1
 320 003a 0324     		movs	r4, #3
 321 003c B440     		lsls	r4, r4, r6
 322 003e 22EA0402 		bic	r2, r2, r4
 323 0042 C260     		str	r2, [r0, #12]
 244:FWLIB/src/stm32f4xx_gpio.c ****       GPIOx->PUPDR |= (((uint32_t)GPIO_InitStruct->GPIO_PuPd) << (pinpos * 2));
 324              		.loc 1 244 0
 325 0044 C268     		ldr	r2, [r0, #12]
 326 0046 CC79     		ldrb	r4, [r1, #7]	@ zero_extendqisi2
 327 0048 04FA05F5 		lsl	r5, r4, r5
 328 004c 1543     		orrs	r5, r5, r2
 329 004e C560     		str	r5, [r0, #12]
 330              	.L29:
 214:FWLIB/src/stm32f4xx_gpio.c ****   {
 331              		.loc 1 214 0 discriminator 2
 332 0050 0133     		adds	r3, r3, #1
 333              	.LVL51:
 334 0052 0F2B     		cmp	r3, #15
 335 0054 16D8     		bhi	.L36
 336              	.LVL52:
 337              	.L31:
 216:FWLIB/src/stm32f4xx_gpio.c ****     /* Get the port pins position */
 338              		.loc 1 216 0
 339 0056 0122     		movs	r2, #1
 340 0058 9A40     		lsls	r2, r2, r3
 341              	.LVL53:
 218:FWLIB/src/stm32f4xx_gpio.c **** 
 342              		.loc 1 218 0
 343 005a 0C68     		ldr	r4, [r1]
 344              	.LVL54:
 220:FWLIB/src/stm32f4xx_gpio.c ****     {
 345              		.loc 1 220 0
 346 005c A243     		bics	r2, r2, r4
 347              	.LVL55:
 348 005e F7D1     		bne	.L29
 222:FWLIB/src/stm32f4xx_gpio.c ****       GPIOx->MODER |= (((uint32_t)GPIO_InitStruct->GPIO_Mode) << (pinpos * 2));
 349              		.loc 1 222 0
 350 0060 0468     		ldr	r4, [r0]
 351              	.LVL56:
 352 0062 5D00     		lsls	r5, r3, #1
 353 0064 0322     		movs	r2, #3
 354 0066 AA40     		lsls	r2, r2, r5
 355 0068 D243     		mvns	r2, r2
 356 006a 1440     		ands	r4, r4, r2
 357 006c 0460     		str	r4, [r0]
 358              	.LVL57:
 223:FWLIB/src/stm32f4xx_gpio.c **** 
 359              		.loc 1 223 0
ARM GAS  /tmp/cco16k7o.s 			page 12


 360 006e 0468     		ldr	r4, [r0]
 361 0070 0E79     		ldrb	r6, [r1, #4]	@ zero_extendqisi2
 362 0072 AE40     		lsls	r6, r6, r5
 363 0074 3443     		orrs	r4, r4, r6
 364 0076 0460     		str	r4, [r0]
 225:FWLIB/src/stm32f4xx_gpio.c ****       {
 365              		.loc 1 225 0
 366 0078 0C79     		ldrb	r4, [r1, #4]	@ zero_extendqisi2
 367 007a 013C     		subs	r4, r4, #1
 368 007c E4B2     		uxtb	r4, r4
 369 007e 012C     		cmp	r4, #1
 370 0080 D8D8     		bhi	.L30
 371 0082 C2E7     		b	.L37
 372              	.LVL58:
 373              	.L36:
 245:FWLIB/src/stm32f4xx_gpio.c ****     }
 246:FWLIB/src/stm32f4xx_gpio.c ****   }
 247:FWLIB/src/stm32f4xx_gpio.c **** }
 374              		.loc 1 247 0
 375 0084 F0BC     		pop	{r4, r5, r6, r7}
 376              	.LCFI2:
 377              		.cfi_restore 7
 378              		.cfi_restore 6
 379              		.cfi_restore 5
 380              		.cfi_restore 4
 381              		.cfi_def_cfa_offset 0
 382 0086 7047     		bx	lr
 383              	.LVL59:
 384              	.L35:
 385 0088 7047     		bx	lr
 386              		.cfi_endproc
 387              	.LFE124:
 389              		.section	.text.GPIO_StructInit,"ax",%progbits
 390              		.align	1
 391              		.global	GPIO_StructInit
 392              		.syntax unified
 393              		.thumb
 394              		.thumb_func
 395              		.fpu fpv4-sp-d16
 397              	GPIO_StructInit:
 398              	.LFB125:
 248:FWLIB/src/stm32f4xx_gpio.c **** 
 249:FWLIB/src/stm32f4xx_gpio.c **** /**
 250:FWLIB/src/stm32f4xx_gpio.c ****   * @brief  Fills each GPIO_InitStruct member with its default value.
 251:FWLIB/src/stm32f4xx_gpio.c ****   * @param  GPIO_InitStruct : pointer to a GPIO_InitTypeDef structure which will be initialized.
 252:FWLIB/src/stm32f4xx_gpio.c ****   * @retval None
 253:FWLIB/src/stm32f4xx_gpio.c ****   */
 254:FWLIB/src/stm32f4xx_gpio.c **** void GPIO_StructInit(GPIO_InitTypeDef* GPIO_InitStruct)
 255:FWLIB/src/stm32f4xx_gpio.c **** {
 399              		.loc 1 255 0
 400              		.cfi_startproc
 401              		@ args = 0, pretend = 0, frame = 0
 402              		@ frame_needed = 0, uses_anonymous_args = 0
 403              		@ link register save eliminated.
 404              	.LVL60:
 256:FWLIB/src/stm32f4xx_gpio.c ****   /* Reset GPIO init structure parameters values */
 257:FWLIB/src/stm32f4xx_gpio.c ****   GPIO_InitStruct->GPIO_Pin  = GPIO_Pin_All;
ARM GAS  /tmp/cco16k7o.s 			page 13


 405              		.loc 1 257 0
 406 0000 4FF6FF73 		movw	r3, #65535
 407 0004 0360     		str	r3, [r0]
 258:FWLIB/src/stm32f4xx_gpio.c ****   GPIO_InitStruct->GPIO_Mode = GPIO_Mode_IN;
 408              		.loc 1 258 0
 409 0006 0023     		movs	r3, #0
 410 0008 0371     		strb	r3, [r0, #4]
 259:FWLIB/src/stm32f4xx_gpio.c ****   GPIO_InitStruct->GPIO_Speed = GPIO_Speed_2MHz;
 411              		.loc 1 259 0
 412 000a 4371     		strb	r3, [r0, #5]
 260:FWLIB/src/stm32f4xx_gpio.c ****   GPIO_InitStruct->GPIO_OType = GPIO_OType_PP;
 413              		.loc 1 260 0
 414 000c 8371     		strb	r3, [r0, #6]
 261:FWLIB/src/stm32f4xx_gpio.c ****   GPIO_InitStruct->GPIO_PuPd = GPIO_PuPd_NOPULL;
 415              		.loc 1 261 0
 416 000e C371     		strb	r3, [r0, #7]
 417 0010 7047     		bx	lr
 418              		.cfi_endproc
 419              	.LFE125:
 421              		.section	.text.GPIO_PinLockConfig,"ax",%progbits
 422              		.align	1
 423              		.global	GPIO_PinLockConfig
 424              		.syntax unified
 425              		.thumb
 426              		.thumb_func
 427              		.fpu fpv4-sp-d16
 429              	GPIO_PinLockConfig:
 430              	.LFB126:
 262:FWLIB/src/stm32f4xx_gpio.c **** }
 263:FWLIB/src/stm32f4xx_gpio.c **** 
 264:FWLIB/src/stm32f4xx_gpio.c **** /**
 265:FWLIB/src/stm32f4xx_gpio.c ****   * @brief  Locks GPIO Pins configuration registers.
 266:FWLIB/src/stm32f4xx_gpio.c ****   * @note   The locked registers are GPIOx_MODER, GPIOx_OTYPER, GPIOx_OSPEEDR,
 267:FWLIB/src/stm32f4xx_gpio.c ****   *         GPIOx_PUPDR, GPIOx_AFRL and GPIOx_AFRH.
 268:FWLIB/src/stm32f4xx_gpio.c ****   * @note   The configuration of the locked GPIO pins can no longer be modified
 269:FWLIB/src/stm32f4xx_gpio.c ****   *         until the next reset.
 270:FWLIB/src/stm32f4xx_gpio.c ****   * @param  GPIOx: where x can be (A..K) to select the GPIO peripheral for STM32F405xx/407xx and ST
 271:FWLIB/src/stm32f4xx_gpio.c ****   *                      x can be (A..I) to select the GPIO peripheral for STM32F42xxx/43xxx device
 272:FWLIB/src/stm32f4xx_gpio.c ****   *                      x can be (A, B, C, D and H) to select the GPIO peripheral for STM32F401xx 
 273:FWLIB/src/stm32f4xx_gpio.c ****   * @param  GPIO_Pin: specifies the port bit to be locked.
 274:FWLIB/src/stm32f4xx_gpio.c ****   *          This parameter can be any combination of GPIO_Pin_x where x can be (0..15).
 275:FWLIB/src/stm32f4xx_gpio.c ****   * @retval None
 276:FWLIB/src/stm32f4xx_gpio.c ****   */
 277:FWLIB/src/stm32f4xx_gpio.c **** void GPIO_PinLockConfig(GPIO_TypeDef* GPIOx, uint16_t GPIO_Pin)
 278:FWLIB/src/stm32f4xx_gpio.c **** {
 431              		.loc 1 278 0
 432              		.cfi_startproc
 433              		@ args = 0, pretend = 0, frame = 8
 434              		@ frame_needed = 0, uses_anonymous_args = 0
 435              		@ link register save eliminated.
 436              	.LVL61:
 437 0000 82B0     		sub	sp, sp, #8
 438              	.LCFI3:
 439              		.cfi_def_cfa_offset 8
 279:FWLIB/src/stm32f4xx_gpio.c ****   __IO uint32_t tmp = 0x00010000;
 440              		.loc 1 279 0
 441 0002 4FF48033 		mov	r3, #65536
ARM GAS  /tmp/cco16k7o.s 			page 14


 442 0006 0193     		str	r3, [sp, #4]
 280:FWLIB/src/stm32f4xx_gpio.c **** 
 281:FWLIB/src/stm32f4xx_gpio.c ****   /* Check the parameters */
 282:FWLIB/src/stm32f4xx_gpio.c ****   assert_param(IS_GPIO_ALL_PERIPH(GPIOx));
 283:FWLIB/src/stm32f4xx_gpio.c ****   assert_param(IS_GPIO_PIN(GPIO_Pin));
 284:FWLIB/src/stm32f4xx_gpio.c **** 
 285:FWLIB/src/stm32f4xx_gpio.c ****   tmp |= GPIO_Pin;
 443              		.loc 1 285 0
 444 0008 019B     		ldr	r3, [sp, #4]
 445 000a 0B43     		orrs	r3, r3, r1
 446 000c 0193     		str	r3, [sp, #4]
 286:FWLIB/src/stm32f4xx_gpio.c ****   /* Set LCKK bit */
 287:FWLIB/src/stm32f4xx_gpio.c ****   GPIOx->LCKR = tmp;
 447              		.loc 1 287 0
 448 000e 019B     		ldr	r3, [sp, #4]
 449 0010 C361     		str	r3, [r0, #28]
 288:FWLIB/src/stm32f4xx_gpio.c ****   /* Reset LCKK bit */
 289:FWLIB/src/stm32f4xx_gpio.c ****   GPIOx->LCKR =  GPIO_Pin;
 450              		.loc 1 289 0
 451 0012 C161     		str	r1, [r0, #28]
 290:FWLIB/src/stm32f4xx_gpio.c ****   /* Set LCKK bit */
 291:FWLIB/src/stm32f4xx_gpio.c ****   GPIOx->LCKR = tmp;
 452              		.loc 1 291 0
 453 0014 019B     		ldr	r3, [sp, #4]
 454 0016 C361     		str	r3, [r0, #28]
 292:FWLIB/src/stm32f4xx_gpio.c ****   /* Read LCKK bit*/
 293:FWLIB/src/stm32f4xx_gpio.c ****   tmp = GPIOx->LCKR;
 455              		.loc 1 293 0
 456 0018 C369     		ldr	r3, [r0, #28]
 457 001a 0193     		str	r3, [sp, #4]
 294:FWLIB/src/stm32f4xx_gpio.c ****   /* Read LCKK bit*/
 295:FWLIB/src/stm32f4xx_gpio.c ****   tmp = GPIOx->LCKR;
 458              		.loc 1 295 0
 459 001c C369     		ldr	r3, [r0, #28]
 460 001e 0193     		str	r3, [sp, #4]
 296:FWLIB/src/stm32f4xx_gpio.c **** }
 461              		.loc 1 296 0
 462 0020 02B0     		add	sp, sp, #8
 463              	.LCFI4:
 464              		.cfi_def_cfa_offset 0
 465              		@ sp needed
 466 0022 7047     		bx	lr
 467              		.cfi_endproc
 468              	.LFE126:
 470              		.section	.text.GPIO_ReadInputDataBit,"ax",%progbits
 471              		.align	1
 472              		.global	GPIO_ReadInputDataBit
 473              		.syntax unified
 474              		.thumb
 475              		.thumb_func
 476              		.fpu fpv4-sp-d16
 478              	GPIO_ReadInputDataBit:
 479              	.LFB127:
 297:FWLIB/src/stm32f4xx_gpio.c **** 
 298:FWLIB/src/stm32f4xx_gpio.c **** /**
 299:FWLIB/src/stm32f4xx_gpio.c ****   * @}
 300:FWLIB/src/stm32f4xx_gpio.c ****   */
ARM GAS  /tmp/cco16k7o.s 			page 15


 301:FWLIB/src/stm32f4xx_gpio.c **** 
 302:FWLIB/src/stm32f4xx_gpio.c **** /** @defgroup GPIO_Group2 GPIO Read and Write
 303:FWLIB/src/stm32f4xx_gpio.c ****  *  @brief   GPIO Read and Write
 304:FWLIB/src/stm32f4xx_gpio.c ****  *
 305:FWLIB/src/stm32f4xx_gpio.c **** @verbatim   
 306:FWLIB/src/stm32f4xx_gpio.c ****  ===============================================================================
 307:FWLIB/src/stm32f4xx_gpio.c ****                          ##### GPIO Read and Write #####
 308:FWLIB/src/stm32f4xx_gpio.c ****  ===============================================================================  
 309:FWLIB/src/stm32f4xx_gpio.c **** 
 310:FWLIB/src/stm32f4xx_gpio.c **** @endverbatim
 311:FWLIB/src/stm32f4xx_gpio.c ****   * @{
 312:FWLIB/src/stm32f4xx_gpio.c ****   */
 313:FWLIB/src/stm32f4xx_gpio.c **** 
 314:FWLIB/src/stm32f4xx_gpio.c **** /**
 315:FWLIB/src/stm32f4xx_gpio.c ****   * @brief  Reads the specified input port pin.
 316:FWLIB/src/stm32f4xx_gpio.c ****   * @param  GPIOx: where x can be (A..K) to select the GPIO peripheral for STM32F405xx/407xx and ST
 317:FWLIB/src/stm32f4xx_gpio.c ****   *                      x can be (A..I) to select the GPIO peripheral for STM32F42xxx/43xxx device
 318:FWLIB/src/stm32f4xx_gpio.c ****   *                      x can be (A, B, C, D and H) to select the GPIO peripheral for STM32F401xx 
 319:FWLIB/src/stm32f4xx_gpio.c ****   * @param  GPIO_Pin: specifies the port bit to read.
 320:FWLIB/src/stm32f4xx_gpio.c ****   *         This parameter can be GPIO_Pin_x where x can be (0..15).
 321:FWLIB/src/stm32f4xx_gpio.c ****   * @retval The input port pin value.
 322:FWLIB/src/stm32f4xx_gpio.c ****   */
 323:FWLIB/src/stm32f4xx_gpio.c **** uint8_t GPIO_ReadInputDataBit(GPIO_TypeDef* GPIOx, uint16_t GPIO_Pin)
 324:FWLIB/src/stm32f4xx_gpio.c **** {
 480              		.loc 1 324 0
 481              		.cfi_startproc
 482              		@ args = 0, pretend = 0, frame = 0
 483              		@ frame_needed = 0, uses_anonymous_args = 0
 484              		@ link register save eliminated.
 485              	.LVL62:
 325:FWLIB/src/stm32f4xx_gpio.c ****   uint8_t bitstatus = 0x00;
 326:FWLIB/src/stm32f4xx_gpio.c **** 
 327:FWLIB/src/stm32f4xx_gpio.c ****   /* Check the parameters */
 328:FWLIB/src/stm32f4xx_gpio.c ****   assert_param(IS_GPIO_ALL_PERIPH(GPIOx));
 329:FWLIB/src/stm32f4xx_gpio.c ****   assert_param(IS_GET_GPIO_PIN(GPIO_Pin));
 330:FWLIB/src/stm32f4xx_gpio.c **** 
 331:FWLIB/src/stm32f4xx_gpio.c ****   if ((GPIOx->IDR & GPIO_Pin) != (uint32_t)Bit_RESET)
 486              		.loc 1 331 0
 487 0000 0369     		ldr	r3, [r0, #16]
 488 0002 1942     		tst	r1, r3
 489 0004 01D1     		bne	.L44
 332:FWLIB/src/stm32f4xx_gpio.c ****   {
 333:FWLIB/src/stm32f4xx_gpio.c ****     bitstatus = (uint8_t)Bit_SET;
 334:FWLIB/src/stm32f4xx_gpio.c ****   }
 335:FWLIB/src/stm32f4xx_gpio.c ****   else
 336:FWLIB/src/stm32f4xx_gpio.c ****   {
 337:FWLIB/src/stm32f4xx_gpio.c ****     bitstatus = (uint8_t)Bit_RESET;
 490              		.loc 1 337 0
 491 0006 0020     		movs	r0, #0
 492              	.LVL63:
 338:FWLIB/src/stm32f4xx_gpio.c ****   }
 339:FWLIB/src/stm32f4xx_gpio.c ****   return bitstatus;
 340:FWLIB/src/stm32f4xx_gpio.c **** }
 493              		.loc 1 340 0
 494 0008 7047     		bx	lr
 495              	.LVL64:
 496              	.L44:
ARM GAS  /tmp/cco16k7o.s 			page 16


 333:FWLIB/src/stm32f4xx_gpio.c ****   }
 497              		.loc 1 333 0
 498 000a 0120     		movs	r0, #1
 499              	.LVL65:
 500 000c 7047     		bx	lr
 501              		.cfi_endproc
 502              	.LFE127:
 504              		.section	.text.GPIO_ReadInputData,"ax",%progbits
 505              		.align	1
 506              		.global	GPIO_ReadInputData
 507              		.syntax unified
 508              		.thumb
 509              		.thumb_func
 510              		.fpu fpv4-sp-d16
 512              	GPIO_ReadInputData:
 513              	.LFB128:
 341:FWLIB/src/stm32f4xx_gpio.c **** 
 342:FWLIB/src/stm32f4xx_gpio.c **** /**
 343:FWLIB/src/stm32f4xx_gpio.c ****   * @brief  Reads the specified GPIO input data port.
 344:FWLIB/src/stm32f4xx_gpio.c ****   * @param  GPIOx: where x can be (A..K) to select the GPIO peripheral for STM32F405xx/407xx and ST
 345:FWLIB/src/stm32f4xx_gpio.c ****   *                      x can be (A..I) to select the GPIO peripheral for STM32F42xxx/43xxx device
 346:FWLIB/src/stm32f4xx_gpio.c ****   *                      x can be (A, B, C, D and H) to select the GPIO peripheral for STM32F401xx 
 347:FWLIB/src/stm32f4xx_gpio.c ****   * @retval GPIO input data port value.
 348:FWLIB/src/stm32f4xx_gpio.c ****   */
 349:FWLIB/src/stm32f4xx_gpio.c **** uint16_t GPIO_ReadInputData(GPIO_TypeDef* GPIOx)
 350:FWLIB/src/stm32f4xx_gpio.c **** {
 514              		.loc 1 350 0
 515              		.cfi_startproc
 516              		@ args = 0, pretend = 0, frame = 0
 517              		@ frame_needed = 0, uses_anonymous_args = 0
 518              		@ link register save eliminated.
 519              	.LVL66:
 351:FWLIB/src/stm32f4xx_gpio.c ****   /* Check the parameters */
 352:FWLIB/src/stm32f4xx_gpio.c ****   assert_param(IS_GPIO_ALL_PERIPH(GPIOx));
 353:FWLIB/src/stm32f4xx_gpio.c **** 
 354:FWLIB/src/stm32f4xx_gpio.c ****   return ((uint16_t)GPIOx->IDR);
 520              		.loc 1 354 0
 521 0000 0069     		ldr	r0, [r0, #16]
 522              	.LVL67:
 355:FWLIB/src/stm32f4xx_gpio.c **** }
 523              		.loc 1 355 0
 524 0002 80B2     		uxth	r0, r0
 525 0004 7047     		bx	lr
 526              		.cfi_endproc
 527              	.LFE128:
 529              		.section	.text.GPIO_ReadOutputDataBit,"ax",%progbits
 530              		.align	1
 531              		.global	GPIO_ReadOutputDataBit
 532              		.syntax unified
 533              		.thumb
 534              		.thumb_func
 535              		.fpu fpv4-sp-d16
 537              	GPIO_ReadOutputDataBit:
 538              	.LFB129:
 356:FWLIB/src/stm32f4xx_gpio.c **** 
 357:FWLIB/src/stm32f4xx_gpio.c **** /**
 358:FWLIB/src/stm32f4xx_gpio.c ****   * @brief  Reads the specified output data port bit.
ARM GAS  /tmp/cco16k7o.s 			page 17


 359:FWLIB/src/stm32f4xx_gpio.c ****   * @param  GPIOx: where x can be (A..K) to select the GPIO peripheral for STM32F405xx/407xx and ST
 360:FWLIB/src/stm32f4xx_gpio.c ****   *                      x can be (A..I) to select the GPIO peripheral for STM32F42xxx/43xxx device
 361:FWLIB/src/stm32f4xx_gpio.c ****   *                      x can be (A, B, C, D and H) to select the GPIO peripheral for STM32F401xx 
 362:FWLIB/src/stm32f4xx_gpio.c ****   * @param  GPIO_Pin: specifies the port bit to read.
 363:FWLIB/src/stm32f4xx_gpio.c ****   *          This parameter can be GPIO_Pin_x where x can be (0..15).
 364:FWLIB/src/stm32f4xx_gpio.c ****   * @retval The output port pin value.
 365:FWLIB/src/stm32f4xx_gpio.c ****   */
 366:FWLIB/src/stm32f4xx_gpio.c **** uint8_t GPIO_ReadOutputDataBit(GPIO_TypeDef* GPIOx, uint16_t GPIO_Pin)
 367:FWLIB/src/stm32f4xx_gpio.c **** {
 539              		.loc 1 367 0
 540              		.cfi_startproc
 541              		@ args = 0, pretend = 0, frame = 0
 542              		@ frame_needed = 0, uses_anonymous_args = 0
 543              		@ link register save eliminated.
 544              	.LVL68:
 368:FWLIB/src/stm32f4xx_gpio.c ****   uint8_t bitstatus = 0x00;
 369:FWLIB/src/stm32f4xx_gpio.c **** 
 370:FWLIB/src/stm32f4xx_gpio.c ****   /* Check the parameters */
 371:FWLIB/src/stm32f4xx_gpio.c ****   assert_param(IS_GPIO_ALL_PERIPH(GPIOx));
 372:FWLIB/src/stm32f4xx_gpio.c ****   assert_param(IS_GET_GPIO_PIN(GPIO_Pin));
 373:FWLIB/src/stm32f4xx_gpio.c **** 
 374:FWLIB/src/stm32f4xx_gpio.c ****   if (((GPIOx->ODR) & GPIO_Pin) != (uint32_t)Bit_RESET)
 545              		.loc 1 374 0
 546 0000 4369     		ldr	r3, [r0, #20]
 547 0002 1942     		tst	r1, r3
 548 0004 01D1     		bne	.L49
 375:FWLIB/src/stm32f4xx_gpio.c ****   {
 376:FWLIB/src/stm32f4xx_gpio.c ****     bitstatus = (uint8_t)Bit_SET;
 377:FWLIB/src/stm32f4xx_gpio.c ****   }
 378:FWLIB/src/stm32f4xx_gpio.c ****   else
 379:FWLIB/src/stm32f4xx_gpio.c ****   {
 380:FWLIB/src/stm32f4xx_gpio.c ****     bitstatus = (uint8_t)Bit_RESET;
 549              		.loc 1 380 0
 550 0006 0020     		movs	r0, #0
 551              	.LVL69:
 381:FWLIB/src/stm32f4xx_gpio.c ****   }
 382:FWLIB/src/stm32f4xx_gpio.c ****   return bitstatus;
 383:FWLIB/src/stm32f4xx_gpio.c **** }
 552              		.loc 1 383 0
 553 0008 7047     		bx	lr
 554              	.LVL70:
 555              	.L49:
 376:FWLIB/src/stm32f4xx_gpio.c ****   }
 556              		.loc 1 376 0
 557 000a 0120     		movs	r0, #1
 558              	.LVL71:
 559 000c 7047     		bx	lr
 560              		.cfi_endproc
 561              	.LFE129:
 563              		.section	.text.GPIO_ReadOutputData,"ax",%progbits
 564              		.align	1
 565              		.global	GPIO_ReadOutputData
 566              		.syntax unified
 567              		.thumb
 568              		.thumb_func
 569              		.fpu fpv4-sp-d16
 571              	GPIO_ReadOutputData:
ARM GAS  /tmp/cco16k7o.s 			page 18


 572              	.LFB130:
 384:FWLIB/src/stm32f4xx_gpio.c **** 
 385:FWLIB/src/stm32f4xx_gpio.c **** /**
 386:FWLIB/src/stm32f4xx_gpio.c ****   * @brief  Reads the specified GPIO output data port.
 387:FWLIB/src/stm32f4xx_gpio.c ****   * @param  GPIOx: where x can be (A..K) to select the GPIO peripheral for STM32F405xx/407xx and ST
 388:FWLIB/src/stm32f4xx_gpio.c ****   *                      x can be (A..I) to select the GPIO peripheral for STM32F42xxx/43xxx device
 389:FWLIB/src/stm32f4xx_gpio.c ****   *                      x can be (A, B, C, D and H) to select the GPIO peripheral for STM32F401xx 
 390:FWLIB/src/stm32f4xx_gpio.c ****   * @retval GPIO output data port value.
 391:FWLIB/src/stm32f4xx_gpio.c ****   */
 392:FWLIB/src/stm32f4xx_gpio.c **** uint16_t GPIO_ReadOutputData(GPIO_TypeDef* GPIOx)
 393:FWLIB/src/stm32f4xx_gpio.c **** {
 573              		.loc 1 393 0
 574              		.cfi_startproc
 575              		@ args = 0, pretend = 0, frame = 0
 576              		@ frame_needed = 0, uses_anonymous_args = 0
 577              		@ link register save eliminated.
 578              	.LVL72:
 394:FWLIB/src/stm32f4xx_gpio.c ****   /* Check the parameters */
 395:FWLIB/src/stm32f4xx_gpio.c ****   assert_param(IS_GPIO_ALL_PERIPH(GPIOx));
 396:FWLIB/src/stm32f4xx_gpio.c **** 
 397:FWLIB/src/stm32f4xx_gpio.c ****   return ((uint16_t)GPIOx->ODR);
 579              		.loc 1 397 0
 580 0000 4069     		ldr	r0, [r0, #20]
 581              	.LVL73:
 398:FWLIB/src/stm32f4xx_gpio.c **** }
 582              		.loc 1 398 0
 583 0002 80B2     		uxth	r0, r0
 584 0004 7047     		bx	lr
 585              		.cfi_endproc
 586              	.LFE130:
 588              		.section	.text.GPIO_SetBits,"ax",%progbits
 589              		.align	1
 590              		.global	GPIO_SetBits
 591              		.syntax unified
 592              		.thumb
 593              		.thumb_func
 594              		.fpu fpv4-sp-d16
 596              	GPIO_SetBits:
 597              	.LFB131:
 399:FWLIB/src/stm32f4xx_gpio.c **** 
 400:FWLIB/src/stm32f4xx_gpio.c **** /**
 401:FWLIB/src/stm32f4xx_gpio.c ****   * @brief  Sets the selected data port bits.
 402:FWLIB/src/stm32f4xx_gpio.c ****   * @note   This functions uses GPIOx_BSRR register to allow atomic read/modify 
 403:FWLIB/src/stm32f4xx_gpio.c ****   *         accesses. In this way, there is no risk of an IRQ occurring between
 404:FWLIB/src/stm32f4xx_gpio.c ****   *         the read and the modify access.
 405:FWLIB/src/stm32f4xx_gpio.c ****   * @param  GPIOx: where x can be (A..K) to select the GPIO peripheral for STM32F405xx/407xx and ST
 406:FWLIB/src/stm32f4xx_gpio.c ****   *                      x can be (A..I) to select the GPIO peripheral for STM32F42xxx/43xxx device
 407:FWLIB/src/stm32f4xx_gpio.c ****   *                      x can be (A, B, C, D and H) to select the GPIO peripheral for STM32F401xx 
 408:FWLIB/src/stm32f4xx_gpio.c ****   * @param  GPIO_Pin: specifies the port bits to be written.
 409:FWLIB/src/stm32f4xx_gpio.c ****   *          This parameter can be any combination of GPIO_Pin_x where x can be (0..15).
 410:FWLIB/src/stm32f4xx_gpio.c ****   * @retval None
 411:FWLIB/src/stm32f4xx_gpio.c ****   */
 412:FWLIB/src/stm32f4xx_gpio.c **** void GPIO_SetBits(GPIO_TypeDef* GPIOx, uint16_t GPIO_Pin)
 413:FWLIB/src/stm32f4xx_gpio.c **** {
 598              		.loc 1 413 0
 599              		.cfi_startproc
 600              		@ args = 0, pretend = 0, frame = 0
ARM GAS  /tmp/cco16k7o.s 			page 19


 601              		@ frame_needed = 0, uses_anonymous_args = 0
 602              		@ link register save eliminated.
 603              	.LVL74:
 414:FWLIB/src/stm32f4xx_gpio.c ****   /* Check the parameters */
 415:FWLIB/src/stm32f4xx_gpio.c ****   assert_param(IS_GPIO_ALL_PERIPH(GPIOx));
 416:FWLIB/src/stm32f4xx_gpio.c ****   assert_param(IS_GPIO_PIN(GPIO_Pin));
 417:FWLIB/src/stm32f4xx_gpio.c **** 
 418:FWLIB/src/stm32f4xx_gpio.c ****   GPIOx->BSRRL = GPIO_Pin;
 604              		.loc 1 418 0
 605 0000 0183     		strh	r1, [r0, #24]	@ movhi
 606 0002 7047     		bx	lr
 607              		.cfi_endproc
 608              	.LFE131:
 610              		.section	.text.GPIO_ResetBits,"ax",%progbits
 611              		.align	1
 612              		.global	GPIO_ResetBits
 613              		.syntax unified
 614              		.thumb
 615              		.thumb_func
 616              		.fpu fpv4-sp-d16
 618              	GPIO_ResetBits:
 619              	.LFB132:
 419:FWLIB/src/stm32f4xx_gpio.c **** }
 420:FWLIB/src/stm32f4xx_gpio.c **** 
 421:FWLIB/src/stm32f4xx_gpio.c **** /**
 422:FWLIB/src/stm32f4xx_gpio.c ****   * @brief  Clears the selected data port bits.
 423:FWLIB/src/stm32f4xx_gpio.c ****   * @note   This functions uses GPIOx_BSRR register to allow atomic read/modify 
 424:FWLIB/src/stm32f4xx_gpio.c ****   *         accesses. In this way, there is no risk of an IRQ occurring between
 425:FWLIB/src/stm32f4xx_gpio.c ****   *         the read and the modify access.
 426:FWLIB/src/stm32f4xx_gpio.c ****   * @param  GPIOx: where x can be (A..K) to select the GPIO peripheral for STM32F405xx/407xx and ST
 427:FWLIB/src/stm32f4xx_gpio.c ****   *                      x can be (A..I) to select the GPIO peripheral for STM32F42xxx/43xxx device
 428:FWLIB/src/stm32f4xx_gpio.c ****   *                      x can be (A, B, C, D and H) to select the GPIO peripheral for STM32F401xx 
 429:FWLIB/src/stm32f4xx_gpio.c ****   * @param  GPIO_Pin: specifies the port bits to be written.
 430:FWLIB/src/stm32f4xx_gpio.c ****   *          This parameter can be any combination of GPIO_Pin_x where x can be (0..15).
 431:FWLIB/src/stm32f4xx_gpio.c ****   * @retval None
 432:FWLIB/src/stm32f4xx_gpio.c ****   */
 433:FWLIB/src/stm32f4xx_gpio.c **** void GPIO_ResetBits(GPIO_TypeDef* GPIOx, uint16_t GPIO_Pin)
 434:FWLIB/src/stm32f4xx_gpio.c **** {
 620              		.loc 1 434 0
 621              		.cfi_startproc
 622              		@ args = 0, pretend = 0, frame = 0
 623              		@ frame_needed = 0, uses_anonymous_args = 0
 624              		@ link register save eliminated.
 625              	.LVL75:
 435:FWLIB/src/stm32f4xx_gpio.c ****   /* Check the parameters */
 436:FWLIB/src/stm32f4xx_gpio.c ****   assert_param(IS_GPIO_ALL_PERIPH(GPIOx));
 437:FWLIB/src/stm32f4xx_gpio.c ****   assert_param(IS_GPIO_PIN(GPIO_Pin));
 438:FWLIB/src/stm32f4xx_gpio.c **** 
 439:FWLIB/src/stm32f4xx_gpio.c ****   GPIOx->BSRRH = GPIO_Pin;
 626              		.loc 1 439 0
 627 0000 4183     		strh	r1, [r0, #26]	@ movhi
 628 0002 7047     		bx	lr
 629              		.cfi_endproc
 630              	.LFE132:
 632              		.section	.text.GPIO_WriteBit,"ax",%progbits
 633              		.align	1
 634              		.global	GPIO_WriteBit
ARM GAS  /tmp/cco16k7o.s 			page 20


 635              		.syntax unified
 636              		.thumb
 637              		.thumb_func
 638              		.fpu fpv4-sp-d16
 640              	GPIO_WriteBit:
 641              	.LFB133:
 440:FWLIB/src/stm32f4xx_gpio.c **** }
 441:FWLIB/src/stm32f4xx_gpio.c **** 
 442:FWLIB/src/stm32f4xx_gpio.c **** /**
 443:FWLIB/src/stm32f4xx_gpio.c ****   * @brief  Sets or clears the selected data port bit.
 444:FWLIB/src/stm32f4xx_gpio.c ****   * @param  GPIOx: where x can be (A..K) to select the GPIO peripheral for STM32F405xx/407xx and ST
 445:FWLIB/src/stm32f4xx_gpio.c ****   *                      x can be (A..I) to select the GPIO peripheral for STM32F42xxx/43xxx device
 446:FWLIB/src/stm32f4xx_gpio.c ****   *                      x can be (A, B, C, D and H) to select the GPIO peripheral for STM32F401xx 
 447:FWLIB/src/stm32f4xx_gpio.c ****   * @param  GPIO_Pin: specifies the port bit to be written.
 448:FWLIB/src/stm32f4xx_gpio.c ****   *          This parameter can be one of GPIO_Pin_x where x can be (0..15).
 449:FWLIB/src/stm32f4xx_gpio.c ****   * @param  BitVal: specifies the value to be written to the selected bit.
 450:FWLIB/src/stm32f4xx_gpio.c ****   *          This parameter can be one of the BitAction enum values:
 451:FWLIB/src/stm32f4xx_gpio.c ****   *            @arg Bit_RESET: to clear the port pin
 452:FWLIB/src/stm32f4xx_gpio.c ****   *            @arg Bit_SET: to set the port pin
 453:FWLIB/src/stm32f4xx_gpio.c ****   * @retval None
 454:FWLIB/src/stm32f4xx_gpio.c ****   */
 455:FWLIB/src/stm32f4xx_gpio.c **** void GPIO_WriteBit(GPIO_TypeDef* GPIOx, uint16_t GPIO_Pin, BitAction BitVal)
 456:FWLIB/src/stm32f4xx_gpio.c **** {
 642              		.loc 1 456 0
 643              		.cfi_startproc
 644              		@ args = 0, pretend = 0, frame = 0
 645              		@ frame_needed = 0, uses_anonymous_args = 0
 646              		@ link register save eliminated.
 647              	.LVL76:
 457:FWLIB/src/stm32f4xx_gpio.c ****   /* Check the parameters */
 458:FWLIB/src/stm32f4xx_gpio.c ****   assert_param(IS_GPIO_ALL_PERIPH(GPIOx));
 459:FWLIB/src/stm32f4xx_gpio.c ****   assert_param(IS_GET_GPIO_PIN(GPIO_Pin));
 460:FWLIB/src/stm32f4xx_gpio.c ****   assert_param(IS_GPIO_BIT_ACTION(BitVal));
 461:FWLIB/src/stm32f4xx_gpio.c **** 
 462:FWLIB/src/stm32f4xx_gpio.c ****   if (BitVal != Bit_RESET)
 648              		.loc 1 462 0
 649 0000 0AB9     		cbnz	r2, .L56
 463:FWLIB/src/stm32f4xx_gpio.c ****   {
 464:FWLIB/src/stm32f4xx_gpio.c ****     GPIOx->BSRRL = GPIO_Pin;
 465:FWLIB/src/stm32f4xx_gpio.c ****   }
 466:FWLIB/src/stm32f4xx_gpio.c ****   else
 467:FWLIB/src/stm32f4xx_gpio.c ****   {
 468:FWLIB/src/stm32f4xx_gpio.c ****     GPIOx->BSRRH = GPIO_Pin ;
 650              		.loc 1 468 0
 651 0002 4183     		strh	r1, [r0, #26]	@ movhi
 652 0004 7047     		bx	lr
 653              	.L56:
 464:FWLIB/src/stm32f4xx_gpio.c ****   }
 654              		.loc 1 464 0
 655 0006 0183     		strh	r1, [r0, #24]	@ movhi
 656 0008 7047     		bx	lr
 657              		.cfi_endproc
 658              	.LFE133:
 660              		.section	.text.GPIO_Write,"ax",%progbits
 661              		.align	1
 662              		.global	GPIO_Write
 663              		.syntax unified
ARM GAS  /tmp/cco16k7o.s 			page 21


 664              		.thumb
 665              		.thumb_func
 666              		.fpu fpv4-sp-d16
 668              	GPIO_Write:
 669              	.LFB134:
 469:FWLIB/src/stm32f4xx_gpio.c ****   }
 470:FWLIB/src/stm32f4xx_gpio.c **** }
 471:FWLIB/src/stm32f4xx_gpio.c **** 
 472:FWLIB/src/stm32f4xx_gpio.c **** /**
 473:FWLIB/src/stm32f4xx_gpio.c ****   * @brief  Writes data to the specified GPIO data port.
 474:FWLIB/src/stm32f4xx_gpio.c ****   * @param  GPIOx: where x can be (A..K) to select the GPIO peripheral for STM32F405xx/407xx and ST
 475:FWLIB/src/stm32f4xx_gpio.c ****   *                      x can be (A..I) to select the GPIO peripheral for STM32F42xxx/43xxx device
 476:FWLIB/src/stm32f4xx_gpio.c ****   *                      x can be (A, B, C, D and H) to select the GPIO peripheral for STM32F401xx 
 477:FWLIB/src/stm32f4xx_gpio.c ****   * @param  PortVal: specifies the value to be written to the port output data register.
 478:FWLIB/src/stm32f4xx_gpio.c ****   * @retval None
 479:FWLIB/src/stm32f4xx_gpio.c ****   */
 480:FWLIB/src/stm32f4xx_gpio.c **** void GPIO_Write(GPIO_TypeDef* GPIOx, uint16_t PortVal)
 481:FWLIB/src/stm32f4xx_gpio.c **** {
 670              		.loc 1 481 0
 671              		.cfi_startproc
 672              		@ args = 0, pretend = 0, frame = 0
 673              		@ frame_needed = 0, uses_anonymous_args = 0
 674              		@ link register save eliminated.
 675              	.LVL77:
 482:FWLIB/src/stm32f4xx_gpio.c ****   /* Check the parameters */
 483:FWLIB/src/stm32f4xx_gpio.c ****   assert_param(IS_GPIO_ALL_PERIPH(GPIOx));
 484:FWLIB/src/stm32f4xx_gpio.c **** 
 485:FWLIB/src/stm32f4xx_gpio.c ****   GPIOx->ODR = PortVal;
 676              		.loc 1 485 0
 677 0000 4161     		str	r1, [r0, #20]
 678 0002 7047     		bx	lr
 679              		.cfi_endproc
 680              	.LFE134:
 682              		.section	.text.GPIO_ToggleBits,"ax",%progbits
 683              		.align	1
 684              		.global	GPIO_ToggleBits
 685              		.syntax unified
 686              		.thumb
 687              		.thumb_func
 688              		.fpu fpv4-sp-d16
 690              	GPIO_ToggleBits:
 691              	.LFB135:
 486:FWLIB/src/stm32f4xx_gpio.c **** }
 487:FWLIB/src/stm32f4xx_gpio.c **** 
 488:FWLIB/src/stm32f4xx_gpio.c **** /**
 489:FWLIB/src/stm32f4xx_gpio.c ****   * @brief  Toggles the specified GPIO pins..
 490:FWLIB/src/stm32f4xx_gpio.c ****   * @param  GPIOx: where x can be (A..K) to select the GPIO peripheral for STM32F405xx/407xx and ST
 491:FWLIB/src/stm32f4xx_gpio.c ****   *                      x can be (A..I) to select the GPIO peripheral for STM32F42xxx/43xxx device
 492:FWLIB/src/stm32f4xx_gpio.c ****   *                      x can be (A, B, C, D and H) to select the GPIO peripheral for STM32F401xx 
 493:FWLIB/src/stm32f4xx_gpio.c ****   * @param  GPIO_Pin: Specifies the pins to be toggled.
 494:FWLIB/src/stm32f4xx_gpio.c ****   * @retval None
 495:FWLIB/src/stm32f4xx_gpio.c ****   */
 496:FWLIB/src/stm32f4xx_gpio.c **** void GPIO_ToggleBits(GPIO_TypeDef* GPIOx, uint16_t GPIO_Pin)
 497:FWLIB/src/stm32f4xx_gpio.c **** {
 692              		.loc 1 497 0
 693              		.cfi_startproc
 694              		@ args = 0, pretend = 0, frame = 0
ARM GAS  /tmp/cco16k7o.s 			page 22


 695              		@ frame_needed = 0, uses_anonymous_args = 0
 696              		@ link register save eliminated.
 697              	.LVL78:
 498:FWLIB/src/stm32f4xx_gpio.c ****   /* Check the parameters */
 499:FWLIB/src/stm32f4xx_gpio.c ****   assert_param(IS_GPIO_ALL_PERIPH(GPIOx));
 500:FWLIB/src/stm32f4xx_gpio.c **** 
 501:FWLIB/src/stm32f4xx_gpio.c ****   GPIOx->ODR ^= GPIO_Pin;
 698              		.loc 1 501 0
 699 0000 4369     		ldr	r3, [r0, #20]
 700 0002 5940     		eors	r1, r1, r3
 701              	.LVL79:
 702 0004 4161     		str	r1, [r0, #20]
 703 0006 7047     		bx	lr
 704              		.cfi_endproc
 705              	.LFE135:
 707              		.section	.text.GPIO_PinAFConfig,"ax",%progbits
 708              		.align	1
 709              		.global	GPIO_PinAFConfig
 710              		.syntax unified
 711              		.thumb
 712              		.thumb_func
 713              		.fpu fpv4-sp-d16
 715              	GPIO_PinAFConfig:
 716              	.LFB136:
 502:FWLIB/src/stm32f4xx_gpio.c **** }
 503:FWLIB/src/stm32f4xx_gpio.c **** 
 504:FWLIB/src/stm32f4xx_gpio.c **** /**
 505:FWLIB/src/stm32f4xx_gpio.c ****   * @}
 506:FWLIB/src/stm32f4xx_gpio.c ****   */
 507:FWLIB/src/stm32f4xx_gpio.c **** 
 508:FWLIB/src/stm32f4xx_gpio.c **** /** @defgroup GPIO_Group3 GPIO Alternate functions configuration function
 509:FWLIB/src/stm32f4xx_gpio.c ****  *  @brief   GPIO Alternate functions configuration function
 510:FWLIB/src/stm32f4xx_gpio.c ****  *
 511:FWLIB/src/stm32f4xx_gpio.c **** @verbatim   
 512:FWLIB/src/stm32f4xx_gpio.c ****  ===============================================================================
 513:FWLIB/src/stm32f4xx_gpio.c ****            ##### GPIO Alternate functions configuration function #####
 514:FWLIB/src/stm32f4xx_gpio.c ****  ===============================================================================  
 515:FWLIB/src/stm32f4xx_gpio.c **** 
 516:FWLIB/src/stm32f4xx_gpio.c **** @endverbatim
 517:FWLIB/src/stm32f4xx_gpio.c ****   * @{
 518:FWLIB/src/stm32f4xx_gpio.c ****   */
 519:FWLIB/src/stm32f4xx_gpio.c **** 
 520:FWLIB/src/stm32f4xx_gpio.c **** /**
 521:FWLIB/src/stm32f4xx_gpio.c ****   * @brief  Changes the mapping of the specified pin.
 522:FWLIB/src/stm32f4xx_gpio.c ****   * @param  GPIOx: where x can be (A..K) to select the GPIO peripheral for STM32F405xx/407xx and ST
 523:FWLIB/src/stm32f4xx_gpio.c ****   *                      x can be (A..I) to select the GPIO peripheral for STM32F42xxx/43xxx device
 524:FWLIB/src/stm32f4xx_gpio.c ****   *                      x can be (A, B, C, D and H) to select the GPIO peripheral for STM32F401xx 
 525:FWLIB/src/stm32f4xx_gpio.c ****   * @param  GPIO_PinSource: specifies the pin for the Alternate function.
 526:FWLIB/src/stm32f4xx_gpio.c ****   *         This parameter can be GPIO_PinSourcex where x can be (0..15).
 527:FWLIB/src/stm32f4xx_gpio.c ****   * @param  GPIO_AFSelection: selects the pin to used as Alternate function.
 528:FWLIB/src/stm32f4xx_gpio.c ****   *          This parameter can be one of the following values:
 529:FWLIB/src/stm32f4xx_gpio.c ****   *            @arg GPIO_AF_RTC_50Hz: Connect RTC_50Hz pin to AF0 (default after reset) 
 530:FWLIB/src/stm32f4xx_gpio.c ****   *            @arg GPIO_AF_MCO: Connect MCO pin (MCO1 and MCO2) to AF0 (default after reset) 
 531:FWLIB/src/stm32f4xx_gpio.c ****   *            @arg GPIO_AF_TAMPER: Connect TAMPER pins (TAMPER_1 and TAMPER_2) to AF0 (default aft
 532:FWLIB/src/stm32f4xx_gpio.c ****   *            @arg GPIO_AF_SWJ: Connect SWJ pins (SWD and JTAG)to AF0 (default after reset) 
 533:FWLIB/src/stm32f4xx_gpio.c ****   *            @arg GPIO_AF_TRACE: Connect TRACE pins to AF0 (default after reset)
 534:FWLIB/src/stm32f4xx_gpio.c ****   *            @arg GPIO_AF_TIM1: Connect TIM1 pins to AF1
ARM GAS  /tmp/cco16k7o.s 			page 23


 535:FWLIB/src/stm32f4xx_gpio.c ****   *            @arg GPIO_AF_TIM2: Connect TIM2 pins to AF1
 536:FWLIB/src/stm32f4xx_gpio.c ****   *            @arg GPIO_AF_TIM3: Connect TIM3 pins to AF2
 537:FWLIB/src/stm32f4xx_gpio.c ****   *            @arg GPIO_AF_TIM4: Connect TIM4 pins to AF2
 538:FWLIB/src/stm32f4xx_gpio.c ****   *            @arg GPIO_AF_TIM5: Connect TIM5 pins to AF2
 539:FWLIB/src/stm32f4xx_gpio.c ****   *            @arg GPIO_AF_TIM8: Connect TIM8 pins to AF3
 540:FWLIB/src/stm32f4xx_gpio.c ****   *            @arg GPIO_AF_TIM9: Connect TIM9 pins to AF3
 541:FWLIB/src/stm32f4xx_gpio.c ****   *            @arg GPIO_AF_TIM10: Connect TIM10 pins to AF3
 542:FWLIB/src/stm32f4xx_gpio.c ****   *            @arg GPIO_AF_TIM11: Connect TIM11 pins to AF3
 543:FWLIB/src/stm32f4xx_gpio.c ****   *            @arg GPIO_AF_I2C1: Connect I2C1 pins to AF4
 544:FWLIB/src/stm32f4xx_gpio.c ****   *            @arg GPIO_AF_I2C2: Connect I2C2 pins to AF4
 545:FWLIB/src/stm32f4xx_gpio.c ****   *            @arg GPIO_AF_I2C3: Connect I2C3 pins to AF4
 546:FWLIB/src/stm32f4xx_gpio.c ****   *            @arg GPIO_AF_SPI1: Connect SPI1 pins to AF5
 547:FWLIB/src/stm32f4xx_gpio.c ****   *            @arg GPIO_AF_SPI2: Connect SPI2/I2S2 pins to AF5
 548:FWLIB/src/stm32f4xx_gpio.c ****   *            @arg GPIO_AF_SPI4: Connect SPI4 pins to AF5 
 549:FWLIB/src/stm32f4xx_gpio.c ****   *            @arg GPIO_AF_SPI5: Connect SPI5 pins to AF5 
 550:FWLIB/src/stm32f4xx_gpio.c ****   *            @arg GPIO_AF_SPI6: Connect SPI6 pins to AF5
 551:FWLIB/src/stm32f4xx_gpio.c ****   *            @arg GPIO_AF_SAI1: Connect SAI1 pins to AF6 for STM32F42xxx/43xxx devices.       
 552:FWLIB/src/stm32f4xx_gpio.c ****   *            @arg GPIO_AF_SPI3: Connect SPI3/I2S3 pins to AF6
 553:FWLIB/src/stm32f4xx_gpio.c ****   *            @arg GPIO_AF_I2S3ext: Connect I2S3ext pins to AF7
 554:FWLIB/src/stm32f4xx_gpio.c ****   *            @arg GPIO_AF_USART1: Connect USART1 pins to AF7
 555:FWLIB/src/stm32f4xx_gpio.c ****   *            @arg GPIO_AF_USART2: Connect USART2 pins to AF7
 556:FWLIB/src/stm32f4xx_gpio.c ****   *            @arg GPIO_AF_USART3: Connect USART3 pins to AF7
 557:FWLIB/src/stm32f4xx_gpio.c ****   *            @arg GPIO_AF_UART4: Connect UART4 pins to AF8
 558:FWLIB/src/stm32f4xx_gpio.c ****   *            @arg GPIO_AF_UART5: Connect UART5 pins to AF8
 559:FWLIB/src/stm32f4xx_gpio.c ****   *            @arg GPIO_AF_USART6: Connect USART6 pins to AF8
 560:FWLIB/src/stm32f4xx_gpio.c ****   *            @arg GPIO_AF_UART7: Connect UART7 pins to AF8
 561:FWLIB/src/stm32f4xx_gpio.c ****   *            @arg GPIO_AF_UART8: Connect UART8 pins to AF8
 562:FWLIB/src/stm32f4xx_gpio.c ****   *            @arg GPIO_AF_CAN1: Connect CAN1 pins to AF9
 563:FWLIB/src/stm32f4xx_gpio.c ****   *            @arg GPIO_AF_CAN2: Connect CAN2 pins to AF9
 564:FWLIB/src/stm32f4xx_gpio.c ****   *            @arg GPIO_AF_TIM12: Connect TIM12 pins to AF9
 565:FWLIB/src/stm32f4xx_gpio.c ****   *            @arg GPIO_AF_TIM13: Connect TIM13 pins to AF9
 566:FWLIB/src/stm32f4xx_gpio.c ****   *            @arg GPIO_AF_TIM14: Connect TIM14 pins to AF9
 567:FWLIB/src/stm32f4xx_gpio.c ****   *            @arg GPIO_AF_OTG_FS: Connect OTG_FS pins to AF10
 568:FWLIB/src/stm32f4xx_gpio.c ****   *            @arg GPIO_AF_OTG_HS: Connect OTG_HS pins to AF10
 569:FWLIB/src/stm32f4xx_gpio.c ****   *            @arg GPIO_AF_ETH: Connect ETHERNET pins to AF11
 570:FWLIB/src/stm32f4xx_gpio.c ****   *            @arg GPIO_AF_FSMC: Connect FSMC pins to AF12 
 571:FWLIB/src/stm32f4xx_gpio.c ****   *            @arg GPIO_AF_FMC: Connect FMC pins to AF12 for STM32F42xxx/43xxx devices.   
 572:FWLIB/src/stm32f4xx_gpio.c ****   *            @arg GPIO_AF_OTG_HS_FS: Connect OTG HS (configured in FS) pins to AF12
 573:FWLIB/src/stm32f4xx_gpio.c ****   *            @arg GPIO_AF_SDIO: Connect SDIO pins to AF12
 574:FWLIB/src/stm32f4xx_gpio.c ****   *            @arg GPIO_AF_DCMI: Connect DCMI pins to AF13
 575:FWLIB/src/stm32f4xx_gpio.c ****   *            @arg GPIO_AF_LTDC: Connect LTDC pins to AF14 for STM32F429xx/439xx devices. 
 576:FWLIB/src/stm32f4xx_gpio.c ****   *            @arg GPIO_AF_EVENTOUT: Connect EVENTOUT pins to AF15
 577:FWLIB/src/stm32f4xx_gpio.c ****   * @retval None
 578:FWLIB/src/stm32f4xx_gpio.c ****   */
 579:FWLIB/src/stm32f4xx_gpio.c **** void GPIO_PinAFConfig(GPIO_TypeDef* GPIOx, uint16_t GPIO_PinSource, uint8_t GPIO_AF)
 580:FWLIB/src/stm32f4xx_gpio.c **** {
 717              		.loc 1 580 0
 718              		.cfi_startproc
 719              		@ args = 0, pretend = 0, frame = 0
 720              		@ frame_needed = 0, uses_anonymous_args = 0
 721              		@ link register save eliminated.
 722              	.LVL80:
 723 0000 30B4     		push	{r4, r5}
 724              	.LCFI5:
 725              		.cfi_def_cfa_offset 8
 726              		.cfi_offset 4, -8
 727              		.cfi_offset 5, -4
ARM GAS  /tmp/cco16k7o.s 			page 24


 728              	.LVL81:
 581:FWLIB/src/stm32f4xx_gpio.c ****   uint32_t temp = 0x00;
 582:FWLIB/src/stm32f4xx_gpio.c ****   uint32_t temp_2 = 0x00;
 583:FWLIB/src/stm32f4xx_gpio.c ****   
 584:FWLIB/src/stm32f4xx_gpio.c ****   /* Check the parameters */
 585:FWLIB/src/stm32f4xx_gpio.c ****   assert_param(IS_GPIO_ALL_PERIPH(GPIOx));
 586:FWLIB/src/stm32f4xx_gpio.c ****   assert_param(IS_GPIO_PIN_SOURCE(GPIO_PinSource));
 587:FWLIB/src/stm32f4xx_gpio.c ****   assert_param(IS_GPIO_AF(GPIO_AF));
 588:FWLIB/src/stm32f4xx_gpio.c ****   
 589:FWLIB/src/stm32f4xx_gpio.c ****   temp = ((uint32_t)(GPIO_AF) << ((uint32_t)((uint32_t)GPIO_PinSource & (uint32_t)0x07) * 4)) ;
 729              		.loc 1 589 0
 730 0002 01F00703 		and	r3, r1, #7
 731 0006 9B00     		lsls	r3, r3, #2
 732 0008 9A40     		lsls	r2, r2, r3
 733              	.LVL82:
 590:FWLIB/src/stm32f4xx_gpio.c ****   GPIOx->AFR[GPIO_PinSource >> 0x03] &= ~((uint32_t)0xF << ((uint32_t)((uint32_t)GPIO_PinSource & (
 734              		.loc 1 590 0
 735 000a C908     		lsrs	r1, r1, #3
 736              	.LVL83:
 737 000c 0831     		adds	r1, r1, #8
 738 000e 50F82140 		ldr	r4, [r0, r1, lsl #2]
 739 0012 0F25     		movs	r5, #15
 740 0014 05FA03F3 		lsl	r3, r5, r3
 741 0018 24EA0303 		bic	r3, r4, r3
 742 001c 40F82130 		str	r3, [r0, r1, lsl #2]
 591:FWLIB/src/stm32f4xx_gpio.c ****   temp_2 = GPIOx->AFR[GPIO_PinSource >> 0x03] | temp;
 743              		.loc 1 591 0
 744 0020 50F82130 		ldr	r3, [r0, r1, lsl #2]
 745 0024 1A43     		orrs	r2, r2, r3
 746              	.LVL84:
 592:FWLIB/src/stm32f4xx_gpio.c ****   GPIOx->AFR[GPIO_PinSource >> 0x03] = temp_2;
 747              		.loc 1 592 0
 748 0026 40F82120 		str	r2, [r0, r1, lsl #2]
 593:FWLIB/src/stm32f4xx_gpio.c **** }
 749              		.loc 1 593 0
 750 002a 30BC     		pop	{r4, r5}
 751              	.LCFI6:
 752              		.cfi_restore 5
 753              		.cfi_restore 4
 754              		.cfi_def_cfa_offset 0
 755 002c 7047     		bx	lr
 756              		.cfi_endproc
 757              	.LFE136:
 759              		.text
 760              	.Letext0:
 761              		.file 2 "/usr/include/newlib/machine/_default_types.h"
 762              		.file 3 "/usr/include/newlib/sys/_stdint.h"
 763              		.file 4 "F4_CORE/core_cm4.h"
 764              		.file 5 "USER/system_stm32f4xx.h"
 765              		.file 6 "USER/stm32f4xx.h"
 766              		.file 7 "FWLIB/inc/stm32f4xx_gpio.h"
 767              		.file 8 "FWLIB/inc/stm32f4xx_rcc.h"
ARM GAS  /tmp/cco16k7o.s 			page 25


DEFINED SYMBOLS
                            *ABS*:0000000000000000 stm32f4xx_gpio.c
     /tmp/cco16k7o.s:18     .text.GPIO_DeInit:0000000000000000 $t
     /tmp/cco16k7o.s:25     .text.GPIO_DeInit:0000000000000000 GPIO_DeInit
     /tmp/cco16k7o.s:243    .text.GPIO_DeInit:0000000000000118 $d
     /tmp/cco16k7o.s:258    .text.GPIO_Init:0000000000000000 $t
     /tmp/cco16k7o.s:265    .text.GPIO_Init:0000000000000000 GPIO_Init
     /tmp/cco16k7o.s:390    .text.GPIO_StructInit:0000000000000000 $t
     /tmp/cco16k7o.s:397    .text.GPIO_StructInit:0000000000000000 GPIO_StructInit
     /tmp/cco16k7o.s:422    .text.GPIO_PinLockConfig:0000000000000000 $t
     /tmp/cco16k7o.s:429    .text.GPIO_PinLockConfig:0000000000000000 GPIO_PinLockConfig
     /tmp/cco16k7o.s:471    .text.GPIO_ReadInputDataBit:0000000000000000 $t
     /tmp/cco16k7o.s:478    .text.GPIO_ReadInputDataBit:0000000000000000 GPIO_ReadInputDataBit
     /tmp/cco16k7o.s:505    .text.GPIO_ReadInputData:0000000000000000 $t
     /tmp/cco16k7o.s:512    .text.GPIO_ReadInputData:0000000000000000 GPIO_ReadInputData
     /tmp/cco16k7o.s:530    .text.GPIO_ReadOutputDataBit:0000000000000000 $t
     /tmp/cco16k7o.s:537    .text.GPIO_ReadOutputDataBit:0000000000000000 GPIO_ReadOutputDataBit
     /tmp/cco16k7o.s:564    .text.GPIO_ReadOutputData:0000000000000000 $t
     /tmp/cco16k7o.s:571    .text.GPIO_ReadOutputData:0000000000000000 GPIO_ReadOutputData
     /tmp/cco16k7o.s:589    .text.GPIO_SetBits:0000000000000000 $t
     /tmp/cco16k7o.s:596    .text.GPIO_SetBits:0000000000000000 GPIO_SetBits
     /tmp/cco16k7o.s:611    .text.GPIO_ResetBits:0000000000000000 $t
     /tmp/cco16k7o.s:618    .text.GPIO_ResetBits:0000000000000000 GPIO_ResetBits
     /tmp/cco16k7o.s:633    .text.GPIO_WriteBit:0000000000000000 $t
     /tmp/cco16k7o.s:640    .text.GPIO_WriteBit:0000000000000000 GPIO_WriteBit
     /tmp/cco16k7o.s:661    .text.GPIO_Write:0000000000000000 $t
     /tmp/cco16k7o.s:668    .text.GPIO_Write:0000000000000000 GPIO_Write
     /tmp/cco16k7o.s:683    .text.GPIO_ToggleBits:0000000000000000 $t
     /tmp/cco16k7o.s:690    .text.GPIO_ToggleBits:0000000000000000 GPIO_ToggleBits
     /tmp/cco16k7o.s:708    .text.GPIO_PinAFConfig:0000000000000000 $t
     /tmp/cco16k7o.s:715    .text.GPIO_PinAFConfig:0000000000000000 GPIO_PinAFConfig
                     .debug_frame:0000000000000010 $d

UNDEFINED SYMBOLS
RCC_AHB1PeriphResetCmd
