ARM GAS  /tmp/cccSBsHK.s 			page 1


   1              		.cpu cortex-m4
   2              		.eabi_attribute 27, 1
   3              		.eabi_attribute 28, 1
   4              		.eabi_attribute 20, 1
   5              		.eabi_attribute 21, 1
   6              		.eabi_attribute 23, 3
   7              		.eabi_attribute 24, 1
   8              		.eabi_attribute 25, 1
   9              		.eabi_attribute 26, 1
  10              		.eabi_attribute 30, 1
  11              		.eabi_attribute 34, 1
  12              		.eabi_attribute 18, 4
  13              		.file	"stm32f4xx_hash_sha1.c"
  14              		.text
  15              	.Ltext0:
  16              		.cfi_sections	.debug_frame
  17              		.section	.text.HASH_SHA1,"ax",%progbits
  18              		.align	1
  19              		.global	HASH_SHA1
  20              		.arch armv7e-m
  21              		.syntax unified
  22              		.thumb
  23              		.thumb_func
  24              		.fpu fpv4-sp-d16
  26              	HASH_SHA1:
  27              	.LVL0:
  28              	.LFB123:
  29              		.file 1 "FWLIB/src/stm32f4xx_hash_sha1.c"
   1:FWLIB/src/stm32f4xx_hash_sha1.c **** /**
   2:FWLIB/src/stm32f4xx_hash_sha1.c ****   ******************************************************************************
   3:FWLIB/src/stm32f4xx_hash_sha1.c ****   * @file    stm32f4xx_hash_sha1.c
   4:FWLIB/src/stm32f4xx_hash_sha1.c ****   * @author  MCD Application Team
   5:FWLIB/src/stm32f4xx_hash_sha1.c ****   * @version V1.8.0
   6:FWLIB/src/stm32f4xx_hash_sha1.c ****   * @date    04-November-2016
   7:FWLIB/src/stm32f4xx_hash_sha1.c ****   * @brief   This file provides high level functions to compute the HASH SHA1 and
   8:FWLIB/src/stm32f4xx_hash_sha1.c ****   *          HMAC SHA1 Digest of an input message.
   9:FWLIB/src/stm32f4xx_hash_sha1.c ****   *          It uses the stm32f4xx_hash.c/.h drivers to access the STM32F4xx HASH
  10:FWLIB/src/stm32f4xx_hash_sha1.c ****   *          peripheral.
  11:FWLIB/src/stm32f4xx_hash_sha1.c ****   *
  12:FWLIB/src/stm32f4xx_hash_sha1.c **** @verbatim
  13:FWLIB/src/stm32f4xx_hash_sha1.c ****  ===================================================================
  14:FWLIB/src/stm32f4xx_hash_sha1.c ****                  ##### How to use this driver #####
  15:FWLIB/src/stm32f4xx_hash_sha1.c ****  ===================================================================
  16:FWLIB/src/stm32f4xx_hash_sha1.c ****  [..]
  17:FWLIB/src/stm32f4xx_hash_sha1.c ****    (#) Enable The HASH controller clock using 
  18:FWLIB/src/stm32f4xx_hash_sha1.c ****        RCC_AHB2PeriphClockCmd(RCC_AHB2Periph_HASH, ENABLE); function.
  19:FWLIB/src/stm32f4xx_hash_sha1.c ****   
  20:FWLIB/src/stm32f4xx_hash_sha1.c ****    (#) Calculate the HASH SHA1 Digest using HASH_SHA1() function.
  21:FWLIB/src/stm32f4xx_hash_sha1.c ****   
  22:FWLIB/src/stm32f4xx_hash_sha1.c ****    (#) Calculate the HMAC SHA1 Digest using HMAC_SHA1() function.
  23:FWLIB/src/stm32f4xx_hash_sha1.c ****   
  24:FWLIB/src/stm32f4xx_hash_sha1.c **** @endverbatim
  25:FWLIB/src/stm32f4xx_hash_sha1.c ****   *
  26:FWLIB/src/stm32f4xx_hash_sha1.c ****   ******************************************************************************
  27:FWLIB/src/stm32f4xx_hash_sha1.c ****   * @attention
  28:FWLIB/src/stm32f4xx_hash_sha1.c ****   *
  29:FWLIB/src/stm32f4xx_hash_sha1.c ****   * <h2><center>&copy; COPYRIGHT 2016 STMicroelectronics</center></h2>
ARM GAS  /tmp/cccSBsHK.s 			page 2


  30:FWLIB/src/stm32f4xx_hash_sha1.c ****   *
  31:FWLIB/src/stm32f4xx_hash_sha1.c ****   * Licensed under MCD-ST Liberty SW License Agreement V2, (the "License");
  32:FWLIB/src/stm32f4xx_hash_sha1.c ****   * You may not use this file except in compliance with the License.
  33:FWLIB/src/stm32f4xx_hash_sha1.c ****   * You may obtain a copy of the License at:
  34:FWLIB/src/stm32f4xx_hash_sha1.c ****   *
  35:FWLIB/src/stm32f4xx_hash_sha1.c ****   *        http://www.st.com/software_license_agreement_liberty_v2
  36:FWLIB/src/stm32f4xx_hash_sha1.c ****   *
  37:FWLIB/src/stm32f4xx_hash_sha1.c ****   * Unless required by applicable law or agreed to in writing, software 
  38:FWLIB/src/stm32f4xx_hash_sha1.c ****   * distributed under the License is distributed on an "AS IS" BASIS, 
  39:FWLIB/src/stm32f4xx_hash_sha1.c ****   * WITHOUT WARRANTIES OR CONDITIONS OF ANY KIND, either express or implied.
  40:FWLIB/src/stm32f4xx_hash_sha1.c ****   * See the License for the specific language governing permissions and
  41:FWLIB/src/stm32f4xx_hash_sha1.c ****   * limitations under the License.
  42:FWLIB/src/stm32f4xx_hash_sha1.c ****   *
  43:FWLIB/src/stm32f4xx_hash_sha1.c ****   ******************************************************************************
  44:FWLIB/src/stm32f4xx_hash_sha1.c ****   */
  45:FWLIB/src/stm32f4xx_hash_sha1.c **** 
  46:FWLIB/src/stm32f4xx_hash_sha1.c **** /* Includes ------------------------------------------------------------------*/
  47:FWLIB/src/stm32f4xx_hash_sha1.c **** #include "stm32f4xx_hash.h"
  48:FWLIB/src/stm32f4xx_hash_sha1.c **** 
  49:FWLIB/src/stm32f4xx_hash_sha1.c **** /** @addtogroup STM32F4xx_StdPeriph_Driver
  50:FWLIB/src/stm32f4xx_hash_sha1.c ****   * @{
  51:FWLIB/src/stm32f4xx_hash_sha1.c ****   */
  52:FWLIB/src/stm32f4xx_hash_sha1.c **** 
  53:FWLIB/src/stm32f4xx_hash_sha1.c **** /** @defgroup HASH 
  54:FWLIB/src/stm32f4xx_hash_sha1.c ****   * @brief HASH driver modules
  55:FWLIB/src/stm32f4xx_hash_sha1.c ****   * @{
  56:FWLIB/src/stm32f4xx_hash_sha1.c ****   */
  57:FWLIB/src/stm32f4xx_hash_sha1.c **** 
  58:FWLIB/src/stm32f4xx_hash_sha1.c **** /* Private typedef -----------------------------------------------------------*/
  59:FWLIB/src/stm32f4xx_hash_sha1.c **** /* Private define ------------------------------------------------------------*/
  60:FWLIB/src/stm32f4xx_hash_sha1.c **** #define SHA1BUSY_TIMEOUT    ((uint32_t) 0x00010000)
  61:FWLIB/src/stm32f4xx_hash_sha1.c **** 
  62:FWLIB/src/stm32f4xx_hash_sha1.c **** /* Private macro -------------------------------------------------------------*/
  63:FWLIB/src/stm32f4xx_hash_sha1.c **** /* Private variables ---------------------------------------------------------*/
  64:FWLIB/src/stm32f4xx_hash_sha1.c **** /* Private function prototypes -----------------------------------------------*/
  65:FWLIB/src/stm32f4xx_hash_sha1.c **** /* Private functions ---------------------------------------------------------*/
  66:FWLIB/src/stm32f4xx_hash_sha1.c **** 
  67:FWLIB/src/stm32f4xx_hash_sha1.c **** /** @defgroup HASH_Private_Functions
  68:FWLIB/src/stm32f4xx_hash_sha1.c ****   * @{
  69:FWLIB/src/stm32f4xx_hash_sha1.c ****   */ 
  70:FWLIB/src/stm32f4xx_hash_sha1.c **** 
  71:FWLIB/src/stm32f4xx_hash_sha1.c **** /** @defgroup HASH_Group6 High Level SHA1 functions
  72:FWLIB/src/stm32f4xx_hash_sha1.c ****  *  @brief   High Level SHA1 Hash and HMAC functions 
  73:FWLIB/src/stm32f4xx_hash_sha1.c ****  *
  74:FWLIB/src/stm32f4xx_hash_sha1.c **** @verbatim   
  75:FWLIB/src/stm32f4xx_hash_sha1.c ****  ===============================================================================
  76:FWLIB/src/stm32f4xx_hash_sha1.c ****                ##### High Level SHA1 Hash and HMAC functions #####
  77:FWLIB/src/stm32f4xx_hash_sha1.c ****  ===============================================================================
  78:FWLIB/src/stm32f4xx_hash_sha1.c **** 
  79:FWLIB/src/stm32f4xx_hash_sha1.c **** 
  80:FWLIB/src/stm32f4xx_hash_sha1.c **** @endverbatim
  81:FWLIB/src/stm32f4xx_hash_sha1.c ****   * @{
  82:FWLIB/src/stm32f4xx_hash_sha1.c ****   */
  83:FWLIB/src/stm32f4xx_hash_sha1.c **** 
  84:FWLIB/src/stm32f4xx_hash_sha1.c **** /**
  85:FWLIB/src/stm32f4xx_hash_sha1.c ****   * @brief  Compute the HASH SHA1 digest.
  86:FWLIB/src/stm32f4xx_hash_sha1.c ****   * @param  Input: pointer to the Input buffer to be treated.
ARM GAS  /tmp/cccSBsHK.s 			page 3


  87:FWLIB/src/stm32f4xx_hash_sha1.c ****   * @param  Ilen: length of the Input buffer.
  88:FWLIB/src/stm32f4xx_hash_sha1.c ****   * @param  Output: the returned digest
  89:FWLIB/src/stm32f4xx_hash_sha1.c ****   * @retval An ErrorStatus enumeration value:
  90:FWLIB/src/stm32f4xx_hash_sha1.c ****   *          - SUCCESS: digest computation done
  91:FWLIB/src/stm32f4xx_hash_sha1.c ****   *          - ERROR: digest computation failed
  92:FWLIB/src/stm32f4xx_hash_sha1.c ****   */
  93:FWLIB/src/stm32f4xx_hash_sha1.c **** ErrorStatus HASH_SHA1(uint8_t *Input, uint32_t Ilen, uint8_t Output[20])
  94:FWLIB/src/stm32f4xx_hash_sha1.c **** {
  30              		.loc 1 94 1 view -0
  31              		.cfi_startproc
  32              		@ args = 0, pretend = 0, frame = 56
  33              		@ frame_needed = 0, uses_anonymous_args = 0
  34              		.loc 1 94 1 is_stmt 0 view .LVU1
  35 0000 F0B5     		push	{r4, r5, r6, r7, lr}
  36              	.LCFI0:
  37              		.cfi_def_cfa_offset 20
  38              		.cfi_offset 4, -20
  39              		.cfi_offset 5, -16
  40              		.cfi_offset 6, -12
  41              		.cfi_offset 7, -8
  42              		.cfi_offset 14, -4
  43 0002 8FB0     		sub	sp, sp, #60
  44              	.LCFI1:
  45              		.cfi_def_cfa_offset 80
  46 0004 0F46     		mov	r7, r1
  47 0006 1646     		mov	r6, r2
  95:FWLIB/src/stm32f4xx_hash_sha1.c ****   HASH_InitTypeDef SHA1_HASH_InitStructure;
  48              		.loc 1 95 3 is_stmt 1 view .LVU2
  96:FWLIB/src/stm32f4xx_hash_sha1.c ****   HASH_MsgDigest SHA1_MessageDigest;
  49              		.loc 1 96 3 view .LVU3
  97:FWLIB/src/stm32f4xx_hash_sha1.c ****   __IO uint16_t nbvalidbitsdata = 0;
  50              		.loc 1 97 3 view .LVU4
  51              		.loc 1 97 17 is_stmt 0 view .LVU5
  52 0008 0024     		movs	r4, #0
  53 000a ADF80640 		strh	r4, [sp, #6]	@ movhi
  98:FWLIB/src/stm32f4xx_hash_sha1.c ****   uint32_t i = 0;
  54              		.loc 1 98 3 is_stmt 1 view .LVU6
  55              	.LVL1:
  99:FWLIB/src/stm32f4xx_hash_sha1.c ****   __IO uint32_t counter = 0;
  56              		.loc 1 99 3 view .LVU7
  57              		.loc 1 99 17 is_stmt 0 view .LVU8
  58 000e 0094     		str	r4, [sp]
 100:FWLIB/src/stm32f4xx_hash_sha1.c ****   uint32_t busystatus = 0;
  59              		.loc 1 100 3 is_stmt 1 view .LVU9
  60              	.LVL2:
 101:FWLIB/src/stm32f4xx_hash_sha1.c ****   ErrorStatus status = SUCCESS;
  61              		.loc 1 101 3 view .LVU10
 102:FWLIB/src/stm32f4xx_hash_sha1.c ****   uint32_t inputaddr  = (uint32_t)Input;
  62              		.loc 1 102 3 view .LVU11
  63              		.loc 1 102 12 is_stmt 0 view .LVU12
  64 0010 0546     		mov	r5, r0
  65              	.LVL3:
 103:FWLIB/src/stm32f4xx_hash_sha1.c ****   uint32_t outputaddr = (uint32_t)Output;
  66              		.loc 1 103 3 is_stmt 1 view .LVU13
 104:FWLIB/src/stm32f4xx_hash_sha1.c **** 
 105:FWLIB/src/stm32f4xx_hash_sha1.c ****   /* Number of valid bits in last word of the Input data */
 106:FWLIB/src/stm32f4xx_hash_sha1.c ****   nbvalidbitsdata = 8 * (Ilen % 4);
ARM GAS  /tmp/cccSBsHK.s 			page 4


  67              		.loc 1 106 3 view .LVU14
  68              		.loc 1 106 19 is_stmt 0 view .LVU15
  69 0012 01F00303 		and	r3, r1, #3
  70 0016 DB00     		lsls	r3, r3, #3
  71 0018 ADF80630 		strh	r3, [sp, #6]	@ movhi
 107:FWLIB/src/stm32f4xx_hash_sha1.c **** 
 108:FWLIB/src/stm32f4xx_hash_sha1.c ****   /* HASH peripheral initialization */
 109:FWLIB/src/stm32f4xx_hash_sha1.c ****   HASH_DeInit();
  72              		.loc 1 109 3 is_stmt 1 view .LVU16
  73 001c FFF7FEFF 		bl	HASH_DeInit
  74              	.LVL4:
 110:FWLIB/src/stm32f4xx_hash_sha1.c **** 
 111:FWLIB/src/stm32f4xx_hash_sha1.c ****   /* HASH Configuration */
 112:FWLIB/src/stm32f4xx_hash_sha1.c ****   SHA1_HASH_InitStructure.HASH_AlgoSelection = HASH_AlgoSelection_SHA1;
  75              		.loc 1 112 3 view .LVU17
  76              		.loc 1 112 46 is_stmt 0 view .LVU18
  77 0020 0A94     		str	r4, [sp, #40]
 113:FWLIB/src/stm32f4xx_hash_sha1.c ****   SHA1_HASH_InitStructure.HASH_AlgoMode = HASH_AlgoMode_HASH;
  78              		.loc 1 113 3 is_stmt 1 view .LVU19
  79              		.loc 1 113 41 is_stmt 0 view .LVU20
  80 0022 0B94     		str	r4, [sp, #44]
 114:FWLIB/src/stm32f4xx_hash_sha1.c ****   SHA1_HASH_InitStructure.HASH_DataType = HASH_DataType_8b;
  81              		.loc 1 114 3 is_stmt 1 view .LVU21
  82              		.loc 1 114 41 is_stmt 0 view .LVU22
  83 0024 2023     		movs	r3, #32
  84 0026 0C93     		str	r3, [sp, #48]
 115:FWLIB/src/stm32f4xx_hash_sha1.c ****   HASH_Init(&SHA1_HASH_InitStructure);
  85              		.loc 1 115 3 is_stmt 1 view .LVU23
  86 0028 0AA8     		add	r0, sp, #40
  87 002a FFF7FEFF 		bl	HASH_Init
  88              	.LVL5:
 116:FWLIB/src/stm32f4xx_hash_sha1.c **** 
 117:FWLIB/src/stm32f4xx_hash_sha1.c ****   /* Configure the number of valid bits in last word of the data */
 118:FWLIB/src/stm32f4xx_hash_sha1.c ****   HASH_SetLastWordValidBitsNbr(nbvalidbitsdata);
  89              		.loc 1 118 3 view .LVU24
  90 002e BDF80600 		ldrh	r0, [sp, #6]
  91 0032 FFF7FEFF 		bl	HASH_SetLastWordValidBitsNbr
  92              	.LVL6:
 119:FWLIB/src/stm32f4xx_hash_sha1.c **** 
 120:FWLIB/src/stm32f4xx_hash_sha1.c ****   /* Write the Input block in the IN FIFO */
 121:FWLIB/src/stm32f4xx_hash_sha1.c ****   for(i=0; i<Ilen; i+=4)
  93              		.loc 1 121 3 view .LVU25
  94              	.L2:
  95              		.loc 1 121 3 is_stmt 0 discriminator 1 view .LVU26
  96 0036 BC42     		cmp	r4, r7
  97 0038 05D2     		bcs	.L9
 122:FWLIB/src/stm32f4xx_hash_sha1.c ****   {
 123:FWLIB/src/stm32f4xx_hash_sha1.c ****     HASH_DataIn(*(uint32_t*)inputaddr);
  98              		.loc 1 123 5 is_stmt 1 discriminator 3 view .LVU27
  99 003a 55F8040B 		ldr	r0, [r5], #4
 100              	.LVL7:
 101              		.loc 1 123 5 is_stmt 0 discriminator 3 view .LVU28
 102 003e FFF7FEFF 		bl	HASH_DataIn
 103              	.LVL8:
 124:FWLIB/src/stm32f4xx_hash_sha1.c ****     inputaddr+=4;
 104              		.loc 1 124 5 is_stmt 1 discriminator 3 view .LVU29
 121:FWLIB/src/stm32f4xx_hash_sha1.c ****   {
ARM GAS  /tmp/cccSBsHK.s 			page 5


 105              		.loc 1 121 21 is_stmt 0 discriminator 3 view .LVU30
 106 0042 0434     		adds	r4, r4, #4
 107              	.LVL9:
 121:FWLIB/src/stm32f4xx_hash_sha1.c ****   {
 108              		.loc 1 121 21 discriminator 3 view .LVU31
 109 0044 F7E7     		b	.L2
 110              	.L9:
 125:FWLIB/src/stm32f4xx_hash_sha1.c ****   }
 126:FWLIB/src/stm32f4xx_hash_sha1.c **** 
 127:FWLIB/src/stm32f4xx_hash_sha1.c ****   /* Start the HASH processor */
 128:FWLIB/src/stm32f4xx_hash_sha1.c ****   HASH_StartDigest();
 111              		.loc 1 128 3 is_stmt 1 view .LVU32
 112 0046 FFF7FEFF 		bl	HASH_StartDigest
 113              	.LVL10:
 114              	.L5:
 129:FWLIB/src/stm32f4xx_hash_sha1.c **** 
 130:FWLIB/src/stm32f4xx_hash_sha1.c ****   /* wait until the Busy flag is RESET */
 131:FWLIB/src/stm32f4xx_hash_sha1.c ****   do
 115              		.loc 1 131 3 discriminator 2 view .LVU33
 132:FWLIB/src/stm32f4xx_hash_sha1.c ****   {
 133:FWLIB/src/stm32f4xx_hash_sha1.c ****     busystatus = HASH_GetFlagStatus(HASH_FLAG_BUSY);
 116              		.loc 1 133 5 discriminator 2 view .LVU34
 117              		.loc 1 133 18 is_stmt 0 discriminator 2 view .LVU35
 118 004a 0820     		movs	r0, #8
 119 004c FFF7FEFF 		bl	HASH_GetFlagStatus
 120              	.LVL11:
 121              		.loc 1 133 16 discriminator 2 view .LVU36
 122 0050 0246     		mov	r2, r0
 123              	.LVL12:
 134:FWLIB/src/stm32f4xx_hash_sha1.c ****     counter++;
 124              		.loc 1 134 5 is_stmt 1 discriminator 2 view .LVU37
 125              		.loc 1 134 12 is_stmt 0 discriminator 2 view .LVU38
 126 0052 009B     		ldr	r3, [sp]
 127 0054 0133     		adds	r3, r3, #1
 128 0056 0093     		str	r3, [sp]
 135:FWLIB/src/stm32f4xx_hash_sha1.c ****   }while ((counter != SHA1BUSY_TIMEOUT) && (busystatus != RESET));
 129              		.loc 1 135 20 discriminator 2 view .LVU39
 130 0058 009B     		ldr	r3, [sp]
 131              		.loc 1 135 3 discriminator 2 view .LVU40
 132 005a B3F5803F 		cmp	r3, #65536
 133 005e 01D0     		beq	.L4
 134              		.loc 1 135 41 discriminator 1 view .LVU41
 135 0060 0028     		cmp	r0, #0
 136 0062 F2D1     		bne	.L5
 137              	.L4:
 136:FWLIB/src/stm32f4xx_hash_sha1.c **** 
 137:FWLIB/src/stm32f4xx_hash_sha1.c ****   if (busystatus != RESET)
 138              		.loc 1 137 3 is_stmt 1 view .LVU42
 139              		.loc 1 137 6 is_stmt 0 view .LVU43
 140 0064 12B1     		cbz	r2, .L10
 138:FWLIB/src/stm32f4xx_hash_sha1.c ****   {
 139:FWLIB/src/stm32f4xx_hash_sha1.c ****      status = ERROR;
 141              		.loc 1 139 13 view .LVU44
 142 0066 0020     		movs	r0, #0
 143              	.LVL13:
 144              	.L6:
 140:FWLIB/src/stm32f4xx_hash_sha1.c ****   }
ARM GAS  /tmp/cccSBsHK.s 			page 6


 141:FWLIB/src/stm32f4xx_hash_sha1.c ****   else
 142:FWLIB/src/stm32f4xx_hash_sha1.c ****   {
 143:FWLIB/src/stm32f4xx_hash_sha1.c ****     /* Read the message digest */
 144:FWLIB/src/stm32f4xx_hash_sha1.c ****     HASH_GetDigest(&SHA1_MessageDigest);
 145:FWLIB/src/stm32f4xx_hash_sha1.c ****     *(uint32_t*)(outputaddr)  = __REV(SHA1_MessageDigest.Data[0]);
 146:FWLIB/src/stm32f4xx_hash_sha1.c ****     outputaddr+=4;
 147:FWLIB/src/stm32f4xx_hash_sha1.c ****     *(uint32_t*)(outputaddr)  = __REV(SHA1_MessageDigest.Data[1]);
 148:FWLIB/src/stm32f4xx_hash_sha1.c ****     outputaddr+=4;
 149:FWLIB/src/stm32f4xx_hash_sha1.c ****     *(uint32_t*)(outputaddr)  = __REV(SHA1_MessageDigest.Data[2]);
 150:FWLIB/src/stm32f4xx_hash_sha1.c ****     outputaddr+=4;
 151:FWLIB/src/stm32f4xx_hash_sha1.c ****     *(uint32_t*)(outputaddr)  = __REV(SHA1_MessageDigest.Data[3]);
 152:FWLIB/src/stm32f4xx_hash_sha1.c ****     outputaddr+=4;
 153:FWLIB/src/stm32f4xx_hash_sha1.c ****     *(uint32_t*)(outputaddr)  = __REV(SHA1_MessageDigest.Data[4]);
 154:FWLIB/src/stm32f4xx_hash_sha1.c ****   }
 155:FWLIB/src/stm32f4xx_hash_sha1.c ****   return status;
 145              		.loc 1 155 3 is_stmt 1 view .LVU45
 156:FWLIB/src/stm32f4xx_hash_sha1.c **** }
 146              		.loc 1 156 1 is_stmt 0 view .LVU46
 147 0068 0FB0     		add	sp, sp, #60
 148              	.LCFI2:
 149              		.cfi_remember_state
 150              		.cfi_def_cfa_offset 20
 151              		@ sp needed
 152 006a F0BD     		pop	{r4, r5, r6, r7, pc}
 153              	.LVL14:
 154              	.L10:
 155              	.LCFI3:
 156              		.cfi_restore_state
 144:FWLIB/src/stm32f4xx_hash_sha1.c ****     *(uint32_t*)(outputaddr)  = __REV(SHA1_MessageDigest.Data[0]);
 157              		.loc 1 144 5 is_stmt 1 view .LVU47
 158 006c 02A8     		add	r0, sp, #8
 159              	.LVL15:
 144:FWLIB/src/stm32f4xx_hash_sha1.c ****     *(uint32_t*)(outputaddr)  = __REV(SHA1_MessageDigest.Data[0]);
 160              		.loc 1 144 5 is_stmt 0 view .LVU48
 161 006e FFF7FEFF 		bl	HASH_GetDigest
 162              	.LVL16:
 145:FWLIB/src/stm32f4xx_hash_sha1.c ****     outputaddr+=4;
 163              		.loc 1 145 5 is_stmt 1 view .LVU49
 145:FWLIB/src/stm32f4xx_hash_sha1.c ****     outputaddr+=4;
 164              		.loc 1 145 33 is_stmt 0 view .LVU50
 165 0072 029B     		ldr	r3, [sp, #8]
 166              	.LVL17:
 167              	.LBB22:
 168              	.LBI22:
 169              		.file 2 "F4_CORE/core_cmInstr.h"
   1:F4_CORE/core_cmInstr.h **** /**************************************************************************//**
   2:F4_CORE/core_cmInstr.h ****  * @file     core_cmInstr.h
   3:F4_CORE/core_cmInstr.h ****  * @brief    CMSIS Cortex-M Core Instruction Access Header File
   4:F4_CORE/core_cmInstr.h ****  * @version  V4.10
   5:F4_CORE/core_cmInstr.h ****  * @date     18. March 2015
   6:F4_CORE/core_cmInstr.h ****  *
   7:F4_CORE/core_cmInstr.h ****  * @note
   8:F4_CORE/core_cmInstr.h ****  *
   9:F4_CORE/core_cmInstr.h ****  ******************************************************************************/
  10:F4_CORE/core_cmInstr.h **** /* Copyright (c) 2009 - 2014 ARM LIMITED
  11:F4_CORE/core_cmInstr.h **** 
  12:F4_CORE/core_cmInstr.h ****    All rights reserved.
ARM GAS  /tmp/cccSBsHK.s 			page 7


  13:F4_CORE/core_cmInstr.h ****    Redistribution and use in source and binary forms, with or without
  14:F4_CORE/core_cmInstr.h ****    modification, are permitted provided that the following conditions are met:
  15:F4_CORE/core_cmInstr.h ****    - Redistributions of source code must retain the above copyright
  16:F4_CORE/core_cmInstr.h ****      notice, this list of conditions and the following disclaimer.
  17:F4_CORE/core_cmInstr.h ****    - Redistributions in binary form must reproduce the above copyright
  18:F4_CORE/core_cmInstr.h ****      notice, this list of conditions and the following disclaimer in the
  19:F4_CORE/core_cmInstr.h ****      documentation and/or other materials provided with the distribution.
  20:F4_CORE/core_cmInstr.h ****    - Neither the name of ARM nor the names of its contributors may be used
  21:F4_CORE/core_cmInstr.h ****      to endorse or promote products derived from this software without
  22:F4_CORE/core_cmInstr.h ****      specific prior written permission.
  23:F4_CORE/core_cmInstr.h ****    *
  24:F4_CORE/core_cmInstr.h ****    THIS SOFTWARE IS PROVIDED BY THE COPYRIGHT HOLDERS AND CONTRIBUTORS "AS IS"
  25:F4_CORE/core_cmInstr.h ****    AND ANY EXPRESS OR IMPLIED WARRANTIES, INCLUDING, BUT NOT LIMITED TO, THE
  26:F4_CORE/core_cmInstr.h ****    IMPLIED WARRANTIES OF MERCHANTABILITY AND FITNESS FOR A PARTICULAR PURPOSE
  27:F4_CORE/core_cmInstr.h ****    ARE DISCLAIMED. IN NO EVENT SHALL COPYRIGHT HOLDERS AND CONTRIBUTORS BE
  28:F4_CORE/core_cmInstr.h ****    LIABLE FOR ANY DIRECT, INDIRECT, INCIDENTAL, SPECIAL, EXEMPLARY, OR
  29:F4_CORE/core_cmInstr.h ****    CONSEQUENTIAL DAMAGES (INCLUDING, BUT NOT LIMITED TO, PROCUREMENT OF
  30:F4_CORE/core_cmInstr.h ****    SUBSTITUTE GOODS OR SERVICES; LOSS OF USE, DATA, OR PROFITS; OR BUSINESS
  31:F4_CORE/core_cmInstr.h ****    INTERRUPTION) HOWEVER CAUSED AND ON ANY THEORY OF LIABILITY, WHETHER IN
  32:F4_CORE/core_cmInstr.h ****    CONTRACT, STRICT LIABILITY, OR TORT (INCLUDING NEGLIGENCE OR OTHERWISE)
  33:F4_CORE/core_cmInstr.h ****    ARISING IN ANY WAY OUT OF THE USE OF THIS SOFTWARE, EVEN IF ADVISED OF THE
  34:F4_CORE/core_cmInstr.h ****    POSSIBILITY OF SUCH DAMAGE.
  35:F4_CORE/core_cmInstr.h ****    ---------------------------------------------------------------------------*/
  36:F4_CORE/core_cmInstr.h **** 
  37:F4_CORE/core_cmInstr.h **** 
  38:F4_CORE/core_cmInstr.h **** #ifndef __CORE_CMINSTR_H
  39:F4_CORE/core_cmInstr.h **** #define __CORE_CMINSTR_H
  40:F4_CORE/core_cmInstr.h **** 
  41:F4_CORE/core_cmInstr.h **** 
  42:F4_CORE/core_cmInstr.h **** /* ##########################  Core Instruction Access  ######################### */
  43:F4_CORE/core_cmInstr.h **** /** \defgroup CMSIS_Core_InstructionInterface CMSIS Core Instruction Interface
  44:F4_CORE/core_cmInstr.h ****   Access to dedicated instructions
  45:F4_CORE/core_cmInstr.h ****   @{
  46:F4_CORE/core_cmInstr.h **** */
  47:F4_CORE/core_cmInstr.h **** 
  48:F4_CORE/core_cmInstr.h **** #if   defined ( __CC_ARM ) /*------------------RealView Compiler -----------------*/
  49:F4_CORE/core_cmInstr.h **** /* ARM armcc specific functions */
  50:F4_CORE/core_cmInstr.h **** 
  51:F4_CORE/core_cmInstr.h **** #if (__ARMCC_VERSION < 400677)
  52:F4_CORE/core_cmInstr.h ****   #error "Please use ARM Compiler Toolchain V4.0.677 or later!"
  53:F4_CORE/core_cmInstr.h **** #endif
  54:F4_CORE/core_cmInstr.h **** 
  55:F4_CORE/core_cmInstr.h **** 
  56:F4_CORE/core_cmInstr.h **** /** \brief  No Operation
  57:F4_CORE/core_cmInstr.h **** 
  58:F4_CORE/core_cmInstr.h ****     No Operation does nothing. This instruction can be used for code alignment purposes.
  59:F4_CORE/core_cmInstr.h ****  */
  60:F4_CORE/core_cmInstr.h **** #define __NOP                             __nop
  61:F4_CORE/core_cmInstr.h **** 
  62:F4_CORE/core_cmInstr.h **** 
  63:F4_CORE/core_cmInstr.h **** /** \brief  Wait For Interrupt
  64:F4_CORE/core_cmInstr.h **** 
  65:F4_CORE/core_cmInstr.h ****     Wait For Interrupt is a hint instruction that suspends execution
  66:F4_CORE/core_cmInstr.h ****     until one of a number of events occurs.
  67:F4_CORE/core_cmInstr.h ****  */
  68:F4_CORE/core_cmInstr.h **** #define __WFI                             __wfi
  69:F4_CORE/core_cmInstr.h **** 
ARM GAS  /tmp/cccSBsHK.s 			page 8


  70:F4_CORE/core_cmInstr.h **** 
  71:F4_CORE/core_cmInstr.h **** /** \brief  Wait For Event
  72:F4_CORE/core_cmInstr.h **** 
  73:F4_CORE/core_cmInstr.h ****     Wait For Event is a hint instruction that permits the processor to enter
  74:F4_CORE/core_cmInstr.h ****     a low-power state until one of a number of events occurs.
  75:F4_CORE/core_cmInstr.h ****  */
  76:F4_CORE/core_cmInstr.h **** #define __WFE                             __wfe
  77:F4_CORE/core_cmInstr.h **** 
  78:F4_CORE/core_cmInstr.h **** 
  79:F4_CORE/core_cmInstr.h **** /** \brief  Send Event
  80:F4_CORE/core_cmInstr.h **** 
  81:F4_CORE/core_cmInstr.h ****     Send Event is a hint instruction. It causes an event to be signaled to the CPU.
  82:F4_CORE/core_cmInstr.h ****  */
  83:F4_CORE/core_cmInstr.h **** #define __SEV                             __sev
  84:F4_CORE/core_cmInstr.h **** 
  85:F4_CORE/core_cmInstr.h **** 
  86:F4_CORE/core_cmInstr.h **** /** \brief  Instruction Synchronization Barrier
  87:F4_CORE/core_cmInstr.h **** 
  88:F4_CORE/core_cmInstr.h ****     Instruction Synchronization Barrier flushes the pipeline in the processor,
  89:F4_CORE/core_cmInstr.h ****     so that all instructions following the ISB are fetched from cache or
  90:F4_CORE/core_cmInstr.h ****     memory, after the instruction has been completed.
  91:F4_CORE/core_cmInstr.h ****  */
  92:F4_CORE/core_cmInstr.h **** #define __ISB() do {\
  93:F4_CORE/core_cmInstr.h ****                    __schedule_barrier();\
  94:F4_CORE/core_cmInstr.h ****                    __isb(0xF);\
  95:F4_CORE/core_cmInstr.h ****                    __schedule_barrier();\
  96:F4_CORE/core_cmInstr.h ****                 } while (0)
  97:F4_CORE/core_cmInstr.h **** 
  98:F4_CORE/core_cmInstr.h **** /** \brief  Data Synchronization Barrier
  99:F4_CORE/core_cmInstr.h **** 
 100:F4_CORE/core_cmInstr.h ****     This function acts as a special kind of Data Memory Barrier.
 101:F4_CORE/core_cmInstr.h ****     It completes when all explicit memory accesses before this instruction complete.
 102:F4_CORE/core_cmInstr.h ****  */
 103:F4_CORE/core_cmInstr.h **** #define __DSB() do {\
 104:F4_CORE/core_cmInstr.h ****                    __schedule_barrier();\
 105:F4_CORE/core_cmInstr.h ****                    __dsb(0xF);\
 106:F4_CORE/core_cmInstr.h ****                    __schedule_barrier();\
 107:F4_CORE/core_cmInstr.h ****                 } while (0)
 108:F4_CORE/core_cmInstr.h **** 
 109:F4_CORE/core_cmInstr.h **** /** \brief  Data Memory Barrier
 110:F4_CORE/core_cmInstr.h **** 
 111:F4_CORE/core_cmInstr.h ****     This function ensures the apparent order of the explicit memory operations before
 112:F4_CORE/core_cmInstr.h ****     and after the instruction, without ensuring their completion.
 113:F4_CORE/core_cmInstr.h ****  */
 114:F4_CORE/core_cmInstr.h **** #define __DMB() do {\
 115:F4_CORE/core_cmInstr.h ****                    __schedule_barrier();\
 116:F4_CORE/core_cmInstr.h ****                    __dmb(0xF);\
 117:F4_CORE/core_cmInstr.h ****                    __schedule_barrier();\
 118:F4_CORE/core_cmInstr.h ****                 } while (0)
 119:F4_CORE/core_cmInstr.h **** 
 120:F4_CORE/core_cmInstr.h **** /** \brief  Reverse byte order (32 bit)
 121:F4_CORE/core_cmInstr.h **** 
 122:F4_CORE/core_cmInstr.h ****     This function reverses the byte order in integer value.
 123:F4_CORE/core_cmInstr.h **** 
 124:F4_CORE/core_cmInstr.h ****     \param [in]    value  Value to reverse
 125:F4_CORE/core_cmInstr.h ****     \return               Reversed value
 126:F4_CORE/core_cmInstr.h ****  */
ARM GAS  /tmp/cccSBsHK.s 			page 9


 127:F4_CORE/core_cmInstr.h **** #define __REV                             __rev
 128:F4_CORE/core_cmInstr.h **** 
 129:F4_CORE/core_cmInstr.h **** 
 130:F4_CORE/core_cmInstr.h **** /** \brief  Reverse byte order (16 bit)
 131:F4_CORE/core_cmInstr.h **** 
 132:F4_CORE/core_cmInstr.h ****     This function reverses the byte order in two unsigned short values.
 133:F4_CORE/core_cmInstr.h **** 
 134:F4_CORE/core_cmInstr.h ****     \param [in]    value  Value to reverse
 135:F4_CORE/core_cmInstr.h ****     \return               Reversed value
 136:F4_CORE/core_cmInstr.h ****  */
 137:F4_CORE/core_cmInstr.h **** #ifndef __NO_EMBEDDED_ASM
 138:F4_CORE/core_cmInstr.h **** __attribute__((section(".rev16_text"))) __STATIC_INLINE __ASM uint32_t __REV16(uint32_t value)
 139:F4_CORE/core_cmInstr.h **** {
 140:F4_CORE/core_cmInstr.h ****   rev16 r0, r0
 141:F4_CORE/core_cmInstr.h ****   bx lr
 142:F4_CORE/core_cmInstr.h **** }
 143:F4_CORE/core_cmInstr.h **** #endif
 144:F4_CORE/core_cmInstr.h **** 
 145:F4_CORE/core_cmInstr.h **** /** \brief  Reverse byte order in signed short value
 146:F4_CORE/core_cmInstr.h **** 
 147:F4_CORE/core_cmInstr.h ****     This function reverses the byte order in a signed short value with sign extension to integer.
 148:F4_CORE/core_cmInstr.h **** 
 149:F4_CORE/core_cmInstr.h ****     \param [in]    value  Value to reverse
 150:F4_CORE/core_cmInstr.h ****     \return               Reversed value
 151:F4_CORE/core_cmInstr.h ****  */
 152:F4_CORE/core_cmInstr.h **** #ifndef __NO_EMBEDDED_ASM
 153:F4_CORE/core_cmInstr.h **** __attribute__((section(".revsh_text"))) __STATIC_INLINE __ASM int32_t __REVSH(int32_t value)
 154:F4_CORE/core_cmInstr.h **** {
 155:F4_CORE/core_cmInstr.h ****   revsh r0, r0
 156:F4_CORE/core_cmInstr.h ****   bx lr
 157:F4_CORE/core_cmInstr.h **** }
 158:F4_CORE/core_cmInstr.h **** #endif
 159:F4_CORE/core_cmInstr.h **** 
 160:F4_CORE/core_cmInstr.h **** 
 161:F4_CORE/core_cmInstr.h **** /** \brief  Rotate Right in unsigned value (32 bit)
 162:F4_CORE/core_cmInstr.h **** 
 163:F4_CORE/core_cmInstr.h ****     This function Rotate Right (immediate) provides the value of the contents of a register rotated
 164:F4_CORE/core_cmInstr.h **** 
 165:F4_CORE/core_cmInstr.h ****     \param [in]    value  Value to rotate
 166:F4_CORE/core_cmInstr.h ****     \param [in]    value  Number of Bits to rotate
 167:F4_CORE/core_cmInstr.h ****     \return               Rotated value
 168:F4_CORE/core_cmInstr.h ****  */
 169:F4_CORE/core_cmInstr.h **** #define __ROR                             __ror
 170:F4_CORE/core_cmInstr.h **** 
 171:F4_CORE/core_cmInstr.h **** 
 172:F4_CORE/core_cmInstr.h **** /** \brief  Breakpoint
 173:F4_CORE/core_cmInstr.h **** 
 174:F4_CORE/core_cmInstr.h ****     This function causes the processor to enter Debug state.
 175:F4_CORE/core_cmInstr.h ****     Debug tools can use this to investigate system state when the instruction at a particular addre
 176:F4_CORE/core_cmInstr.h **** 
 177:F4_CORE/core_cmInstr.h ****     \param [in]    value  is ignored by the processor.
 178:F4_CORE/core_cmInstr.h ****                    If required, a debugger can use it to store additional information about the bre
 179:F4_CORE/core_cmInstr.h ****  */
 180:F4_CORE/core_cmInstr.h **** #define __BKPT(value)                       __breakpoint(value)
 181:F4_CORE/core_cmInstr.h **** 
 182:F4_CORE/core_cmInstr.h **** 
 183:F4_CORE/core_cmInstr.h **** /** \brief  Reverse bit order of value
ARM GAS  /tmp/cccSBsHK.s 			page 10


 184:F4_CORE/core_cmInstr.h **** 
 185:F4_CORE/core_cmInstr.h ****     This function reverses the bit order of the given value.
 186:F4_CORE/core_cmInstr.h **** 
 187:F4_CORE/core_cmInstr.h ****     \param [in]    value  Value to reverse
 188:F4_CORE/core_cmInstr.h ****     \return               Reversed value
 189:F4_CORE/core_cmInstr.h ****  */
 190:F4_CORE/core_cmInstr.h **** #if       (__CORTEX_M >= 0x03) || (__CORTEX_SC >= 300)
 191:F4_CORE/core_cmInstr.h ****   #define __RBIT                          __rbit
 192:F4_CORE/core_cmInstr.h **** #else
 193:F4_CORE/core_cmInstr.h **** __attribute__((always_inline)) __STATIC_INLINE uint32_t __RBIT(uint32_t value)
 194:F4_CORE/core_cmInstr.h **** {
 195:F4_CORE/core_cmInstr.h ****   uint32_t result;
 196:F4_CORE/core_cmInstr.h ****   int32_t s = 4 /*sizeof(v)*/ * 8 - 1; // extra shift needed at end
 197:F4_CORE/core_cmInstr.h **** 
 198:F4_CORE/core_cmInstr.h ****   result = value;                      // r will be reversed bits of v; first get LSB of v
 199:F4_CORE/core_cmInstr.h ****   for (value >>= 1; value; value >>= 1)
 200:F4_CORE/core_cmInstr.h ****   {
 201:F4_CORE/core_cmInstr.h ****     result <<= 1;
 202:F4_CORE/core_cmInstr.h ****     result |= value & 1;
 203:F4_CORE/core_cmInstr.h ****     s--;
 204:F4_CORE/core_cmInstr.h ****   }
 205:F4_CORE/core_cmInstr.h ****   result <<= s;                       // shift when v's highest bits are zero
 206:F4_CORE/core_cmInstr.h ****   return(result);
 207:F4_CORE/core_cmInstr.h **** }
 208:F4_CORE/core_cmInstr.h **** #endif
 209:F4_CORE/core_cmInstr.h **** 
 210:F4_CORE/core_cmInstr.h **** 
 211:F4_CORE/core_cmInstr.h **** /** \brief  Count leading zeros
 212:F4_CORE/core_cmInstr.h **** 
 213:F4_CORE/core_cmInstr.h ****     This function counts the number of leading zeros of a data value.
 214:F4_CORE/core_cmInstr.h **** 
 215:F4_CORE/core_cmInstr.h ****     \param [in]  value  Value to count the leading zeros
 216:F4_CORE/core_cmInstr.h ****     \return             number of leading zeros in value
 217:F4_CORE/core_cmInstr.h ****  */
 218:F4_CORE/core_cmInstr.h **** #define __CLZ                             __clz
 219:F4_CORE/core_cmInstr.h **** 
 220:F4_CORE/core_cmInstr.h **** 
 221:F4_CORE/core_cmInstr.h **** #if       (__CORTEX_M >= 0x03) || (__CORTEX_SC >= 300)
 222:F4_CORE/core_cmInstr.h **** 
 223:F4_CORE/core_cmInstr.h **** /** \brief  LDR Exclusive (8 bit)
 224:F4_CORE/core_cmInstr.h **** 
 225:F4_CORE/core_cmInstr.h ****     This function executes a exclusive LDR instruction for 8 bit value.
 226:F4_CORE/core_cmInstr.h **** 
 227:F4_CORE/core_cmInstr.h ****     \param [in]    ptr  Pointer to data
 228:F4_CORE/core_cmInstr.h ****     \return             value of type uint8_t at (*ptr)
 229:F4_CORE/core_cmInstr.h ****  */
 230:F4_CORE/core_cmInstr.h **** #define __LDREXB(ptr)                     ((uint8_t ) __ldrex(ptr))
 231:F4_CORE/core_cmInstr.h **** 
 232:F4_CORE/core_cmInstr.h **** 
 233:F4_CORE/core_cmInstr.h **** /** \brief  LDR Exclusive (16 bit)
 234:F4_CORE/core_cmInstr.h **** 
 235:F4_CORE/core_cmInstr.h ****     This function executes a exclusive LDR instruction for 16 bit values.
 236:F4_CORE/core_cmInstr.h **** 
 237:F4_CORE/core_cmInstr.h ****     \param [in]    ptr  Pointer to data
 238:F4_CORE/core_cmInstr.h ****     \return        value of type uint16_t at (*ptr)
 239:F4_CORE/core_cmInstr.h ****  */
 240:F4_CORE/core_cmInstr.h **** #define __LDREXH(ptr)                     ((uint16_t) __ldrex(ptr))
ARM GAS  /tmp/cccSBsHK.s 			page 11


 241:F4_CORE/core_cmInstr.h **** 
 242:F4_CORE/core_cmInstr.h **** 
 243:F4_CORE/core_cmInstr.h **** /** \brief  LDR Exclusive (32 bit)
 244:F4_CORE/core_cmInstr.h **** 
 245:F4_CORE/core_cmInstr.h ****     This function executes a exclusive LDR instruction for 32 bit values.
 246:F4_CORE/core_cmInstr.h **** 
 247:F4_CORE/core_cmInstr.h ****     \param [in]    ptr  Pointer to data
 248:F4_CORE/core_cmInstr.h ****     \return        value of type uint32_t at (*ptr)
 249:F4_CORE/core_cmInstr.h ****  */
 250:F4_CORE/core_cmInstr.h **** #define __LDREXW(ptr)                     ((uint32_t ) __ldrex(ptr))
 251:F4_CORE/core_cmInstr.h **** 
 252:F4_CORE/core_cmInstr.h **** 
 253:F4_CORE/core_cmInstr.h **** /** \brief  STR Exclusive (8 bit)
 254:F4_CORE/core_cmInstr.h **** 
 255:F4_CORE/core_cmInstr.h ****     This function executes a exclusive STR instruction for 8 bit values.
 256:F4_CORE/core_cmInstr.h **** 
 257:F4_CORE/core_cmInstr.h ****     \param [in]  value  Value to store
 258:F4_CORE/core_cmInstr.h ****     \param [in]    ptr  Pointer to location
 259:F4_CORE/core_cmInstr.h ****     \return          0  Function succeeded
 260:F4_CORE/core_cmInstr.h ****     \return          1  Function failed
 261:F4_CORE/core_cmInstr.h ****  */
 262:F4_CORE/core_cmInstr.h **** #define __STREXB(value, ptr)              __strex(value, ptr)
 263:F4_CORE/core_cmInstr.h **** 
 264:F4_CORE/core_cmInstr.h **** 
 265:F4_CORE/core_cmInstr.h **** /** \brief  STR Exclusive (16 bit)
 266:F4_CORE/core_cmInstr.h **** 
 267:F4_CORE/core_cmInstr.h ****     This function executes a exclusive STR instruction for 16 bit values.
 268:F4_CORE/core_cmInstr.h **** 
 269:F4_CORE/core_cmInstr.h ****     \param [in]  value  Value to store
 270:F4_CORE/core_cmInstr.h ****     \param [in]    ptr  Pointer to location
 271:F4_CORE/core_cmInstr.h ****     \return          0  Function succeeded
 272:F4_CORE/core_cmInstr.h ****     \return          1  Function failed
 273:F4_CORE/core_cmInstr.h ****  */
 274:F4_CORE/core_cmInstr.h **** #define __STREXH(value, ptr)              __strex(value, ptr)
 275:F4_CORE/core_cmInstr.h **** 
 276:F4_CORE/core_cmInstr.h **** 
 277:F4_CORE/core_cmInstr.h **** /** \brief  STR Exclusive (32 bit)
 278:F4_CORE/core_cmInstr.h **** 
 279:F4_CORE/core_cmInstr.h ****     This function executes a exclusive STR instruction for 32 bit values.
 280:F4_CORE/core_cmInstr.h **** 
 281:F4_CORE/core_cmInstr.h ****     \param [in]  value  Value to store
 282:F4_CORE/core_cmInstr.h ****     \param [in]    ptr  Pointer to location
 283:F4_CORE/core_cmInstr.h ****     \return          0  Function succeeded
 284:F4_CORE/core_cmInstr.h ****     \return          1  Function failed
 285:F4_CORE/core_cmInstr.h ****  */
 286:F4_CORE/core_cmInstr.h **** #define __STREXW(value, ptr)              __strex(value, ptr)
 287:F4_CORE/core_cmInstr.h **** 
 288:F4_CORE/core_cmInstr.h **** 
 289:F4_CORE/core_cmInstr.h **** /** \brief  Remove the exclusive lock
 290:F4_CORE/core_cmInstr.h **** 
 291:F4_CORE/core_cmInstr.h ****     This function removes the exclusive lock which is created by LDREX.
 292:F4_CORE/core_cmInstr.h **** 
 293:F4_CORE/core_cmInstr.h ****  */
 294:F4_CORE/core_cmInstr.h **** #define __CLREX                           __clrex
 295:F4_CORE/core_cmInstr.h **** 
 296:F4_CORE/core_cmInstr.h **** 
 297:F4_CORE/core_cmInstr.h **** /** \brief  Signed Saturate
ARM GAS  /tmp/cccSBsHK.s 			page 12


 298:F4_CORE/core_cmInstr.h **** 
 299:F4_CORE/core_cmInstr.h ****     This function saturates a signed value.
 300:F4_CORE/core_cmInstr.h **** 
 301:F4_CORE/core_cmInstr.h ****     \param [in]  value  Value to be saturated
 302:F4_CORE/core_cmInstr.h ****     \param [in]    sat  Bit position to saturate to (1..32)
 303:F4_CORE/core_cmInstr.h ****     \return             Saturated value
 304:F4_CORE/core_cmInstr.h ****  */
 305:F4_CORE/core_cmInstr.h **** #define __SSAT                            __ssat
 306:F4_CORE/core_cmInstr.h **** 
 307:F4_CORE/core_cmInstr.h **** 
 308:F4_CORE/core_cmInstr.h **** /** \brief  Unsigned Saturate
 309:F4_CORE/core_cmInstr.h **** 
 310:F4_CORE/core_cmInstr.h ****     This function saturates an unsigned value.
 311:F4_CORE/core_cmInstr.h **** 
 312:F4_CORE/core_cmInstr.h ****     \param [in]  value  Value to be saturated
 313:F4_CORE/core_cmInstr.h ****     \param [in]    sat  Bit position to saturate to (0..31)
 314:F4_CORE/core_cmInstr.h ****     \return             Saturated value
 315:F4_CORE/core_cmInstr.h ****  */
 316:F4_CORE/core_cmInstr.h **** #define __USAT                            __usat
 317:F4_CORE/core_cmInstr.h **** 
 318:F4_CORE/core_cmInstr.h **** 
 319:F4_CORE/core_cmInstr.h **** /** \brief  Rotate Right with Extend (32 bit)
 320:F4_CORE/core_cmInstr.h **** 
 321:F4_CORE/core_cmInstr.h ****     This function moves each bit of a bitstring right by one bit.
 322:F4_CORE/core_cmInstr.h ****     The carry input is shifted in at the left end of the bitstring.
 323:F4_CORE/core_cmInstr.h **** 
 324:F4_CORE/core_cmInstr.h ****     \param [in]    value  Value to rotate
 325:F4_CORE/core_cmInstr.h ****     \return               Rotated value
 326:F4_CORE/core_cmInstr.h ****  */
 327:F4_CORE/core_cmInstr.h **** #ifndef __NO_EMBEDDED_ASM
 328:F4_CORE/core_cmInstr.h **** __attribute__((section(".rrx_text"))) __STATIC_INLINE __ASM uint32_t __RRX(uint32_t value)
 329:F4_CORE/core_cmInstr.h **** {
 330:F4_CORE/core_cmInstr.h ****   rrx r0, r0
 331:F4_CORE/core_cmInstr.h ****   bx lr
 332:F4_CORE/core_cmInstr.h **** }
 333:F4_CORE/core_cmInstr.h **** #endif
 334:F4_CORE/core_cmInstr.h **** 
 335:F4_CORE/core_cmInstr.h **** 
 336:F4_CORE/core_cmInstr.h **** /** \brief  LDRT Unprivileged (8 bit)
 337:F4_CORE/core_cmInstr.h **** 
 338:F4_CORE/core_cmInstr.h ****     This function executes a Unprivileged LDRT instruction for 8 bit value.
 339:F4_CORE/core_cmInstr.h **** 
 340:F4_CORE/core_cmInstr.h ****     \param [in]    ptr  Pointer to data
 341:F4_CORE/core_cmInstr.h ****     \return             value of type uint8_t at (*ptr)
 342:F4_CORE/core_cmInstr.h ****  */
 343:F4_CORE/core_cmInstr.h **** #define __LDRBT(ptr)                      ((uint8_t )  __ldrt(ptr))
 344:F4_CORE/core_cmInstr.h **** 
 345:F4_CORE/core_cmInstr.h **** 
 346:F4_CORE/core_cmInstr.h **** /** \brief  LDRT Unprivileged (16 bit)
 347:F4_CORE/core_cmInstr.h **** 
 348:F4_CORE/core_cmInstr.h ****     This function executes a Unprivileged LDRT instruction for 16 bit values.
 349:F4_CORE/core_cmInstr.h **** 
 350:F4_CORE/core_cmInstr.h ****     \param [in]    ptr  Pointer to data
 351:F4_CORE/core_cmInstr.h ****     \return        value of type uint16_t at (*ptr)
 352:F4_CORE/core_cmInstr.h ****  */
 353:F4_CORE/core_cmInstr.h **** #define __LDRHT(ptr)                      ((uint16_t)  __ldrt(ptr))
 354:F4_CORE/core_cmInstr.h **** 
ARM GAS  /tmp/cccSBsHK.s 			page 13


 355:F4_CORE/core_cmInstr.h **** 
 356:F4_CORE/core_cmInstr.h **** /** \brief  LDRT Unprivileged (32 bit)
 357:F4_CORE/core_cmInstr.h **** 
 358:F4_CORE/core_cmInstr.h ****     This function executes a Unprivileged LDRT instruction for 32 bit values.
 359:F4_CORE/core_cmInstr.h **** 
 360:F4_CORE/core_cmInstr.h ****     \param [in]    ptr  Pointer to data
 361:F4_CORE/core_cmInstr.h ****     \return        value of type uint32_t at (*ptr)
 362:F4_CORE/core_cmInstr.h ****  */
 363:F4_CORE/core_cmInstr.h **** #define __LDRT(ptr)                       ((uint32_t ) __ldrt(ptr))
 364:F4_CORE/core_cmInstr.h **** 
 365:F4_CORE/core_cmInstr.h **** 
 366:F4_CORE/core_cmInstr.h **** /** \brief  STRT Unprivileged (8 bit)
 367:F4_CORE/core_cmInstr.h **** 
 368:F4_CORE/core_cmInstr.h ****     This function executes a Unprivileged STRT instruction for 8 bit values.
 369:F4_CORE/core_cmInstr.h **** 
 370:F4_CORE/core_cmInstr.h ****     \param [in]  value  Value to store
 371:F4_CORE/core_cmInstr.h ****     \param [in]    ptr  Pointer to location
 372:F4_CORE/core_cmInstr.h ****  */
 373:F4_CORE/core_cmInstr.h **** #define __STRBT(value, ptr)               __strt(value, ptr)
 374:F4_CORE/core_cmInstr.h **** 
 375:F4_CORE/core_cmInstr.h **** 
 376:F4_CORE/core_cmInstr.h **** /** \brief  STRT Unprivileged (16 bit)
 377:F4_CORE/core_cmInstr.h **** 
 378:F4_CORE/core_cmInstr.h ****     This function executes a Unprivileged STRT instruction for 16 bit values.
 379:F4_CORE/core_cmInstr.h **** 
 380:F4_CORE/core_cmInstr.h ****     \param [in]  value  Value to store
 381:F4_CORE/core_cmInstr.h ****     \param [in]    ptr  Pointer to location
 382:F4_CORE/core_cmInstr.h ****  */
 383:F4_CORE/core_cmInstr.h **** #define __STRHT(value, ptr)               __strt(value, ptr)
 384:F4_CORE/core_cmInstr.h **** 
 385:F4_CORE/core_cmInstr.h **** 
 386:F4_CORE/core_cmInstr.h **** /** \brief  STRT Unprivileged (32 bit)
 387:F4_CORE/core_cmInstr.h **** 
 388:F4_CORE/core_cmInstr.h ****     This function executes a Unprivileged STRT instruction for 32 bit values.
 389:F4_CORE/core_cmInstr.h **** 
 390:F4_CORE/core_cmInstr.h ****     \param [in]  value  Value to store
 391:F4_CORE/core_cmInstr.h ****     \param [in]    ptr  Pointer to location
 392:F4_CORE/core_cmInstr.h ****  */
 393:F4_CORE/core_cmInstr.h **** #define __STRT(value, ptr)                __strt(value, ptr)
 394:F4_CORE/core_cmInstr.h **** 
 395:F4_CORE/core_cmInstr.h **** #endif /* (__CORTEX_M >= 0x03) || (__CORTEX_SC >= 300) */
 396:F4_CORE/core_cmInstr.h **** 
 397:F4_CORE/core_cmInstr.h **** 
 398:F4_CORE/core_cmInstr.h **** #elif defined ( __GNUC__ ) /*------------------ GNU Compiler ---------------------*/
 399:F4_CORE/core_cmInstr.h **** /* GNU gcc specific functions */
 400:F4_CORE/core_cmInstr.h **** 
 401:F4_CORE/core_cmInstr.h **** /* Define macros for porting to both thumb1 and thumb2.
 402:F4_CORE/core_cmInstr.h ****  * For thumb1, use low register (r0-r7), specified by constrant "l"
 403:F4_CORE/core_cmInstr.h ****  * Otherwise, use general registers, specified by constrant "r" */
 404:F4_CORE/core_cmInstr.h **** #if defined (__thumb__) && !defined (__thumb2__)
 405:F4_CORE/core_cmInstr.h **** #define __CMSIS_GCC_OUT_REG(r) "=l" (r)
 406:F4_CORE/core_cmInstr.h **** #define __CMSIS_GCC_USE_REG(r) "l" (r)
 407:F4_CORE/core_cmInstr.h **** #else
 408:F4_CORE/core_cmInstr.h **** #define __CMSIS_GCC_OUT_REG(r) "=r" (r)
 409:F4_CORE/core_cmInstr.h **** #define __CMSIS_GCC_USE_REG(r) "r" (r)
 410:F4_CORE/core_cmInstr.h **** #endif
 411:F4_CORE/core_cmInstr.h **** 
ARM GAS  /tmp/cccSBsHK.s 			page 14


 412:F4_CORE/core_cmInstr.h **** /** \brief  No Operation
 413:F4_CORE/core_cmInstr.h **** 
 414:F4_CORE/core_cmInstr.h ****     No Operation does nothing. This instruction can be used for code alignment purposes.
 415:F4_CORE/core_cmInstr.h ****  */
 416:F4_CORE/core_cmInstr.h **** __attribute__((always_inline)) __STATIC_INLINE void __NOP(void)
 417:F4_CORE/core_cmInstr.h **** {
 418:F4_CORE/core_cmInstr.h ****   __ASM volatile ("nop");
 419:F4_CORE/core_cmInstr.h **** }
 420:F4_CORE/core_cmInstr.h **** 
 421:F4_CORE/core_cmInstr.h **** 
 422:F4_CORE/core_cmInstr.h **** /** \brief  Wait For Interrupt
 423:F4_CORE/core_cmInstr.h **** 
 424:F4_CORE/core_cmInstr.h ****     Wait For Interrupt is a hint instruction that suspends execution
 425:F4_CORE/core_cmInstr.h ****     until one of a number of events occurs.
 426:F4_CORE/core_cmInstr.h ****  */
 427:F4_CORE/core_cmInstr.h **** __attribute__((always_inline)) __STATIC_INLINE void __WFI(void)
 428:F4_CORE/core_cmInstr.h **** {
 429:F4_CORE/core_cmInstr.h ****   __ASM volatile ("wfi");
 430:F4_CORE/core_cmInstr.h **** }
 431:F4_CORE/core_cmInstr.h **** 
 432:F4_CORE/core_cmInstr.h **** 
 433:F4_CORE/core_cmInstr.h **** /** \brief  Wait For Event
 434:F4_CORE/core_cmInstr.h **** 
 435:F4_CORE/core_cmInstr.h ****     Wait For Event is a hint instruction that permits the processor to enter
 436:F4_CORE/core_cmInstr.h ****     a low-power state until one of a number of events occurs.
 437:F4_CORE/core_cmInstr.h ****  */
 438:F4_CORE/core_cmInstr.h **** __attribute__((always_inline)) __STATIC_INLINE void __WFE(void)
 439:F4_CORE/core_cmInstr.h **** {
 440:F4_CORE/core_cmInstr.h ****   __ASM volatile ("wfe");
 441:F4_CORE/core_cmInstr.h **** }
 442:F4_CORE/core_cmInstr.h **** 
 443:F4_CORE/core_cmInstr.h **** 
 444:F4_CORE/core_cmInstr.h **** /** \brief  Send Event
 445:F4_CORE/core_cmInstr.h **** 
 446:F4_CORE/core_cmInstr.h ****     Send Event is a hint instruction. It causes an event to be signaled to the CPU.
 447:F4_CORE/core_cmInstr.h ****  */
 448:F4_CORE/core_cmInstr.h **** __attribute__((always_inline)) __STATIC_INLINE void __SEV(void)
 449:F4_CORE/core_cmInstr.h **** {
 450:F4_CORE/core_cmInstr.h ****   __ASM volatile ("sev");
 451:F4_CORE/core_cmInstr.h **** }
 452:F4_CORE/core_cmInstr.h **** 
 453:F4_CORE/core_cmInstr.h **** 
 454:F4_CORE/core_cmInstr.h **** /** \brief  Instruction Synchronization Barrier
 455:F4_CORE/core_cmInstr.h **** 
 456:F4_CORE/core_cmInstr.h ****     Instruction Synchronization Barrier flushes the pipeline in the processor,
 457:F4_CORE/core_cmInstr.h ****     so that all instructions following the ISB are fetched from cache or
 458:F4_CORE/core_cmInstr.h ****     memory, after the instruction has been completed.
 459:F4_CORE/core_cmInstr.h ****  */
 460:F4_CORE/core_cmInstr.h **** __attribute__((always_inline)) __STATIC_INLINE void __ISB(void)
 461:F4_CORE/core_cmInstr.h **** {
 462:F4_CORE/core_cmInstr.h ****   __ASM volatile ("isb 0xF":::"memory");
 463:F4_CORE/core_cmInstr.h **** }
 464:F4_CORE/core_cmInstr.h **** 
 465:F4_CORE/core_cmInstr.h **** 
 466:F4_CORE/core_cmInstr.h **** /** \brief  Data Synchronization Barrier
 467:F4_CORE/core_cmInstr.h **** 
 468:F4_CORE/core_cmInstr.h ****     This function acts as a special kind of Data Memory Barrier.
ARM GAS  /tmp/cccSBsHK.s 			page 15


 469:F4_CORE/core_cmInstr.h ****     It completes when all explicit memory accesses before this instruction complete.
 470:F4_CORE/core_cmInstr.h ****  */
 471:F4_CORE/core_cmInstr.h **** __attribute__((always_inline)) __STATIC_INLINE void __DSB(void)
 472:F4_CORE/core_cmInstr.h **** {
 473:F4_CORE/core_cmInstr.h ****   __ASM volatile ("dsb 0xF":::"memory");
 474:F4_CORE/core_cmInstr.h **** }
 475:F4_CORE/core_cmInstr.h **** 
 476:F4_CORE/core_cmInstr.h **** 
 477:F4_CORE/core_cmInstr.h **** /** \brief  Data Memory Barrier
 478:F4_CORE/core_cmInstr.h **** 
 479:F4_CORE/core_cmInstr.h ****     This function ensures the apparent order of the explicit memory operations before
 480:F4_CORE/core_cmInstr.h ****     and after the instruction, without ensuring their completion.
 481:F4_CORE/core_cmInstr.h ****  */
 482:F4_CORE/core_cmInstr.h **** __attribute__((always_inline)) __STATIC_INLINE void __DMB(void)
 483:F4_CORE/core_cmInstr.h **** {
 484:F4_CORE/core_cmInstr.h ****   __ASM volatile ("dmb 0xF":::"memory");
 485:F4_CORE/core_cmInstr.h **** }
 486:F4_CORE/core_cmInstr.h **** 
 487:F4_CORE/core_cmInstr.h **** 
 488:F4_CORE/core_cmInstr.h **** /** \brief  Reverse byte order (32 bit)
 489:F4_CORE/core_cmInstr.h **** 
 490:F4_CORE/core_cmInstr.h ****     This function reverses the byte order in integer value.
 491:F4_CORE/core_cmInstr.h **** 
 492:F4_CORE/core_cmInstr.h ****     \param [in]    value  Value to reverse
 493:F4_CORE/core_cmInstr.h ****     \return               Reversed value
 494:F4_CORE/core_cmInstr.h ****  */
 495:F4_CORE/core_cmInstr.h **** __attribute__((always_inline)) __STATIC_INLINE uint32_t __REV(uint32_t value)
 170              		.loc 2 495 57 is_stmt 1 view .LVU51
 171              	.LBB23:
 496:F4_CORE/core_cmInstr.h **** {
 497:F4_CORE/core_cmInstr.h **** #if (__GNUC__ > 4) || (__GNUC__ == 4 && __GNUC_MINOR__ >= 5)
 498:F4_CORE/core_cmInstr.h ****   return __builtin_bswap32(value);
 172              		.loc 2 498 3 view .LVU52
 173              		.loc 2 498 10 is_stmt 0 view .LVU53
 174 0074 1BBA     		rev	r3, r3
 175              	.LVL18:
 176              		.loc 2 498 10 view .LVU54
 177              	.LBE23:
 178              	.LBE22:
 145:FWLIB/src/stm32f4xx_hash_sha1.c ****     outputaddr+=4;
 179              		.loc 1 145 31 view .LVU55
 180 0076 3360     		str	r3, [r6]
 146:FWLIB/src/stm32f4xx_hash_sha1.c ****     *(uint32_t*)(outputaddr)  = __REV(SHA1_MessageDigest.Data[1]);
 181              		.loc 1 146 5 is_stmt 1 view .LVU56
 182              	.LVL19:
 147:FWLIB/src/stm32f4xx_hash_sha1.c ****     outputaddr+=4;
 183              		.loc 1 147 5 view .LVU57
 147:FWLIB/src/stm32f4xx_hash_sha1.c ****     outputaddr+=4;
 184              		.loc 1 147 33 is_stmt 0 view .LVU58
 185 0078 039B     		ldr	r3, [sp, #12]
 186              	.LVL20:
 187              	.LBB24:
 188              	.LBI24:
 495:F4_CORE/core_cmInstr.h **** {
 189              		.loc 2 495 57 is_stmt 1 view .LVU59
 190              	.LBB25:
 191              		.loc 2 498 3 view .LVU60
ARM GAS  /tmp/cccSBsHK.s 			page 16


 192              		.loc 2 498 10 is_stmt 0 view .LVU61
 193 007a 1BBA     		rev	r3, r3
 194              	.LVL21:
 195              		.loc 2 498 10 view .LVU62
 196              	.LBE25:
 197              	.LBE24:
 147:FWLIB/src/stm32f4xx_hash_sha1.c ****     outputaddr+=4;
 198              		.loc 1 147 31 view .LVU63
 199 007c 7360     		str	r3, [r6, #4]
 148:FWLIB/src/stm32f4xx_hash_sha1.c ****     *(uint32_t*)(outputaddr)  = __REV(SHA1_MessageDigest.Data[2]);
 200              		.loc 1 148 5 is_stmt 1 view .LVU64
 201              	.LVL22:
 149:FWLIB/src/stm32f4xx_hash_sha1.c ****     outputaddr+=4;
 202              		.loc 1 149 5 view .LVU65
 149:FWLIB/src/stm32f4xx_hash_sha1.c ****     outputaddr+=4;
 203              		.loc 1 149 33 is_stmt 0 view .LVU66
 204 007e 049B     		ldr	r3, [sp, #16]
 205              	.LVL23:
 206              	.LBB26:
 207              	.LBI26:
 495:F4_CORE/core_cmInstr.h **** {
 208              		.loc 2 495 57 is_stmt 1 view .LVU67
 209              	.LBB27:
 210              		.loc 2 498 3 view .LVU68
 211              		.loc 2 498 10 is_stmt 0 view .LVU69
 212 0080 1BBA     		rev	r3, r3
 213              	.LVL24:
 214              		.loc 2 498 10 view .LVU70
 215              	.LBE27:
 216              	.LBE26:
 149:FWLIB/src/stm32f4xx_hash_sha1.c ****     outputaddr+=4;
 217              		.loc 1 149 31 view .LVU71
 218 0082 B360     		str	r3, [r6, #8]
 150:FWLIB/src/stm32f4xx_hash_sha1.c ****     *(uint32_t*)(outputaddr)  = __REV(SHA1_MessageDigest.Data[3]);
 219              		.loc 1 150 5 is_stmt 1 view .LVU72
 220              	.LVL25:
 151:FWLIB/src/stm32f4xx_hash_sha1.c ****     outputaddr+=4;
 221              		.loc 1 151 5 view .LVU73
 151:FWLIB/src/stm32f4xx_hash_sha1.c ****     outputaddr+=4;
 222              		.loc 1 151 33 is_stmt 0 view .LVU74
 223 0084 059B     		ldr	r3, [sp, #20]
 224              	.LVL26:
 225              	.LBB28:
 226              	.LBI28:
 495:F4_CORE/core_cmInstr.h **** {
 227              		.loc 2 495 57 is_stmt 1 view .LVU75
 228              	.LBB29:
 229              		.loc 2 498 3 view .LVU76
 230              		.loc 2 498 10 is_stmt 0 view .LVU77
 231 0086 1BBA     		rev	r3, r3
 232              	.LVL27:
 233              		.loc 2 498 10 view .LVU78
 234              	.LBE29:
 235              	.LBE28:
 151:FWLIB/src/stm32f4xx_hash_sha1.c ****     outputaddr+=4;
 236              		.loc 1 151 31 view .LVU79
 237 0088 F360     		str	r3, [r6, #12]
ARM GAS  /tmp/cccSBsHK.s 			page 17


 152:FWLIB/src/stm32f4xx_hash_sha1.c ****     *(uint32_t*)(outputaddr)  = __REV(SHA1_MessageDigest.Data[4]);
 238              		.loc 1 152 5 is_stmt 1 view .LVU80
 239              	.LVL28:
 153:FWLIB/src/stm32f4xx_hash_sha1.c ****   }
 240              		.loc 1 153 5 view .LVU81
 153:FWLIB/src/stm32f4xx_hash_sha1.c ****   }
 241              		.loc 1 153 33 is_stmt 0 view .LVU82
 242 008a 069B     		ldr	r3, [sp, #24]
 243              	.LVL29:
 244              	.LBB30:
 245              	.LBI30:
 495:F4_CORE/core_cmInstr.h **** {
 246              		.loc 2 495 57 is_stmt 1 view .LVU83
 247              	.LBB31:
 248              		.loc 2 498 3 view .LVU84
 249              		.loc 2 498 10 is_stmt 0 view .LVU85
 250 008c 1BBA     		rev	r3, r3
 251              	.LVL30:
 252              		.loc 2 498 10 view .LVU86
 253              	.LBE31:
 254              	.LBE30:
 153:FWLIB/src/stm32f4xx_hash_sha1.c ****   }
 255              		.loc 1 153 31 view .LVU87
 256 008e 3361     		str	r3, [r6, #16]
 101:FWLIB/src/stm32f4xx_hash_sha1.c ****   uint32_t inputaddr  = (uint32_t)Input;
 257              		.loc 1 101 15 view .LVU88
 258 0090 0120     		movs	r0, #1
 259 0092 E9E7     		b	.L6
 260              		.cfi_endproc
 261              	.LFE123:
 263              		.section	.text.HMAC_SHA1,"ax",%progbits
 264              		.align	1
 265              		.global	HMAC_SHA1
 266              		.syntax unified
 267              		.thumb
 268              		.thumb_func
 269              		.fpu fpv4-sp-d16
 271              	HMAC_SHA1:
 272              	.LVL31:
 273              	.LFB124:
 157:FWLIB/src/stm32f4xx_hash_sha1.c **** 
 158:FWLIB/src/stm32f4xx_hash_sha1.c **** /**
 159:FWLIB/src/stm32f4xx_hash_sha1.c ****   * @brief  Compute the HMAC SHA1 digest.
 160:FWLIB/src/stm32f4xx_hash_sha1.c ****   * @param  Key: pointer to the Key used for HMAC.
 161:FWLIB/src/stm32f4xx_hash_sha1.c ****   * @param  Keylen: length of the Key used for HMAC.  
 162:FWLIB/src/stm32f4xx_hash_sha1.c ****   * @param  Input: pointer to the Input buffer to be treated.
 163:FWLIB/src/stm32f4xx_hash_sha1.c ****   * @param  Ilen: length of the Input buffer.
 164:FWLIB/src/stm32f4xx_hash_sha1.c ****   * @param  Output: the returned digest
 165:FWLIB/src/stm32f4xx_hash_sha1.c ****   * @retval An ErrorStatus enumeration value:
 166:FWLIB/src/stm32f4xx_hash_sha1.c ****   *          - SUCCESS: digest computation done
 167:FWLIB/src/stm32f4xx_hash_sha1.c ****   *          - ERROR: digest computation failed
 168:FWLIB/src/stm32f4xx_hash_sha1.c ****   */
 169:FWLIB/src/stm32f4xx_hash_sha1.c **** ErrorStatus HMAC_SHA1(uint8_t *Key, uint32_t Keylen, uint8_t *Input,
 170:FWLIB/src/stm32f4xx_hash_sha1.c ****                       uint32_t Ilen, uint8_t Output[20])
 171:FWLIB/src/stm32f4xx_hash_sha1.c **** {
 274              		.loc 1 171 1 is_stmt 1 view -0
 275              		.cfi_startproc
ARM GAS  /tmp/cccSBsHK.s 			page 18


 276              		@ args = 4, pretend = 0, frame = 56
 277              		@ frame_needed = 0, uses_anonymous_args = 0
 278              		.loc 1 171 1 is_stmt 0 view .LVU90
 279 0000 2DE9F043 		push	{r4, r5, r6, r7, r8, r9, lr}
 280              	.LCFI4:
 281              		.cfi_def_cfa_offset 28
 282              		.cfi_offset 4, -28
 283              		.cfi_offset 5, -24
 284              		.cfi_offset 6, -20
 285              		.cfi_offset 7, -16
 286              		.cfi_offset 8, -12
 287              		.cfi_offset 9, -8
 288              		.cfi_offset 14, -4
 289 0004 8FB0     		sub	sp, sp, #60
 290              	.LCFI5:
 291              		.cfi_def_cfa_offset 88
 292 0006 8146     		mov	r9, r0
 293 0008 0D46     		mov	r5, r1
 294 000a 1F46     		mov	r7, r3
 172:FWLIB/src/stm32f4xx_hash_sha1.c ****   HASH_InitTypeDef SHA1_HASH_InitStructure;
 295              		.loc 1 172 3 is_stmt 1 view .LVU91
 173:FWLIB/src/stm32f4xx_hash_sha1.c ****   HASH_MsgDigest SHA1_MessageDigest;
 296              		.loc 1 173 3 view .LVU92
 174:FWLIB/src/stm32f4xx_hash_sha1.c ****   __IO uint16_t nbvalidbitsdata = 0;
 297              		.loc 1 174 3 view .LVU93
 298              		.loc 1 174 17 is_stmt 0 view .LVU94
 299 000c 0024     		movs	r4, #0
 300 000e ADF80640 		strh	r4, [sp, #6]	@ movhi
 175:FWLIB/src/stm32f4xx_hash_sha1.c ****   __IO uint16_t nbvalidbitskey = 0;
 301              		.loc 1 175 3 is_stmt 1 view .LVU95
 302              		.loc 1 175 17 is_stmt 0 view .LVU96
 303 0012 ADF80440 		strh	r4, [sp, #4]	@ movhi
 176:FWLIB/src/stm32f4xx_hash_sha1.c ****   uint32_t i = 0;
 304              		.loc 1 176 3 is_stmt 1 view .LVU97
 305              	.LVL32:
 177:FWLIB/src/stm32f4xx_hash_sha1.c ****   __IO uint32_t counter = 0;
 306              		.loc 1 177 3 view .LVU98
 307              		.loc 1 177 17 is_stmt 0 view .LVU99
 308 0016 0094     		str	r4, [sp]
 178:FWLIB/src/stm32f4xx_hash_sha1.c ****   uint32_t busystatus = 0;
 309              		.loc 1 178 3 is_stmt 1 view .LVU100
 310              	.LVL33:
 179:FWLIB/src/stm32f4xx_hash_sha1.c ****   ErrorStatus status = SUCCESS;
 311              		.loc 1 179 3 view .LVU101
 180:FWLIB/src/stm32f4xx_hash_sha1.c ****   uint32_t keyaddr    = (uint32_t)Key;
 312              		.loc 1 180 3 view .LVU102
 313              		.loc 1 180 12 is_stmt 0 view .LVU103
 314 0018 8046     		mov	r8, r0
 315              	.LVL34:
 181:FWLIB/src/stm32f4xx_hash_sha1.c ****   uint32_t inputaddr  = (uint32_t)Input;
 316              		.loc 1 181 3 is_stmt 1 view .LVU104
 317              		.loc 1 181 12 is_stmt 0 view .LVU105
 318 001a 1646     		mov	r6, r2
 319              	.LVL35:
 182:FWLIB/src/stm32f4xx_hash_sha1.c ****   uint32_t outputaddr = (uint32_t)Output;
 320              		.loc 1 182 3 is_stmt 1 view .LVU106
 183:FWLIB/src/stm32f4xx_hash_sha1.c **** 
ARM GAS  /tmp/cccSBsHK.s 			page 19


 184:FWLIB/src/stm32f4xx_hash_sha1.c ****   /* Number of valid bits in last word of the Input data */
 185:FWLIB/src/stm32f4xx_hash_sha1.c ****   nbvalidbitsdata = 8 * (Ilen % 4);
 321              		.loc 1 185 3 view .LVU107
 322              		.loc 1 185 19 is_stmt 0 view .LVU108
 323 001c 03F00303 		and	r3, r3, #3
 324              	.LVL36:
 325              		.loc 1 185 19 view .LVU109
 326 0020 DB00     		lsls	r3, r3, #3
 327 0022 ADF80630 		strh	r3, [sp, #6]	@ movhi
 186:FWLIB/src/stm32f4xx_hash_sha1.c **** 
 187:FWLIB/src/stm32f4xx_hash_sha1.c ****   /* Number of valid bits in last word of the Key */
 188:FWLIB/src/stm32f4xx_hash_sha1.c ****   nbvalidbitskey = 8 * (Keylen % 4);
 328              		.loc 1 188 3 is_stmt 1 view .LVU110
 329              		.loc 1 188 18 is_stmt 0 view .LVU111
 330 0026 01F00303 		and	r3, r1, #3
 331 002a DB00     		lsls	r3, r3, #3
 332 002c ADF80430 		strh	r3, [sp, #4]	@ movhi
 189:FWLIB/src/stm32f4xx_hash_sha1.c **** 
 190:FWLIB/src/stm32f4xx_hash_sha1.c ****   /* HASH peripheral initialization */
 191:FWLIB/src/stm32f4xx_hash_sha1.c ****   HASH_DeInit();
 333              		.loc 1 191 3 is_stmt 1 view .LVU112
 334 0030 FFF7FEFF 		bl	HASH_DeInit
 335              	.LVL37:
 192:FWLIB/src/stm32f4xx_hash_sha1.c **** 
 193:FWLIB/src/stm32f4xx_hash_sha1.c ****   /* HASH Configuration */
 194:FWLIB/src/stm32f4xx_hash_sha1.c ****   SHA1_HASH_InitStructure.HASH_AlgoSelection = HASH_AlgoSelection_SHA1;
 336              		.loc 1 194 3 view .LVU113
 337              		.loc 1 194 46 is_stmt 0 view .LVU114
 338 0034 0A94     		str	r4, [sp, #40]
 195:FWLIB/src/stm32f4xx_hash_sha1.c ****   SHA1_HASH_InitStructure.HASH_AlgoMode = HASH_AlgoMode_HMAC;
 339              		.loc 1 195 3 is_stmt 1 view .LVU115
 340              		.loc 1 195 41 is_stmt 0 view .LVU116
 341 0036 4023     		movs	r3, #64
 342 0038 0B93     		str	r3, [sp, #44]
 196:FWLIB/src/stm32f4xx_hash_sha1.c ****   SHA1_HASH_InitStructure.HASH_DataType = HASH_DataType_8b;
 343              		.loc 1 196 3 is_stmt 1 view .LVU117
 344              		.loc 1 196 41 is_stmt 0 view .LVU118
 345 003a 2023     		movs	r3, #32
 346 003c 0C93     		str	r3, [sp, #48]
 197:FWLIB/src/stm32f4xx_hash_sha1.c ****   if(Keylen > 64)
 347              		.loc 1 197 3 is_stmt 1 view .LVU119
 348              		.loc 1 197 5 is_stmt 0 view .LVU120
 349 003e 402D     		cmp	r5, #64
 350 0040 12D9     		bls	.L12
 198:FWLIB/src/stm32f4xx_hash_sha1.c ****   {
 199:FWLIB/src/stm32f4xx_hash_sha1.c ****     /* HMAC long Key */
 200:FWLIB/src/stm32f4xx_hash_sha1.c ****     SHA1_HASH_InitStructure.HASH_HMACKeyType = HASH_HMACKeyType_LongKey;
 351              		.loc 1 200 5 is_stmt 1 view .LVU121
 352              		.loc 1 200 46 is_stmt 0 view .LVU122
 353 0042 4FF48033 		mov	r3, #65536
 354 0046 0D93     		str	r3, [sp, #52]
 355              	.L13:
 201:FWLIB/src/stm32f4xx_hash_sha1.c ****   }
 202:FWLIB/src/stm32f4xx_hash_sha1.c ****   else
 203:FWLIB/src/stm32f4xx_hash_sha1.c ****   {
 204:FWLIB/src/stm32f4xx_hash_sha1.c ****     /* HMAC short Key */
 205:FWLIB/src/stm32f4xx_hash_sha1.c ****     SHA1_HASH_InitStructure.HASH_HMACKeyType = HASH_HMACKeyType_ShortKey;
ARM GAS  /tmp/cccSBsHK.s 			page 20


 206:FWLIB/src/stm32f4xx_hash_sha1.c ****   }
 207:FWLIB/src/stm32f4xx_hash_sha1.c ****   HASH_Init(&SHA1_HASH_InitStructure);
 356              		.loc 1 207 3 is_stmt 1 view .LVU123
 357 0048 0AA8     		add	r0, sp, #40
 358 004a FFF7FEFF 		bl	HASH_Init
 359              	.LVL38:
 208:FWLIB/src/stm32f4xx_hash_sha1.c **** 
 209:FWLIB/src/stm32f4xx_hash_sha1.c ****   /* Configure the number of valid bits in last word of the Key */
 210:FWLIB/src/stm32f4xx_hash_sha1.c ****   HASH_SetLastWordValidBitsNbr(nbvalidbitskey);
 360              		.loc 1 210 3 view .LVU124
 361 004e BDF80400 		ldrh	r0, [sp, #4]
 362 0052 FFF7FEFF 		bl	HASH_SetLastWordValidBitsNbr
 363              	.LVL39:
 211:FWLIB/src/stm32f4xx_hash_sha1.c **** 
 212:FWLIB/src/stm32f4xx_hash_sha1.c ****   /* Write the Key */
 213:FWLIB/src/stm32f4xx_hash_sha1.c ****   for(i=0; i<Keylen; i+=4)
 364              		.loc 1 213 3 view .LVU125
 365              		.loc 1 213 8 is_stmt 0 view .LVU126
 366 0056 0024     		movs	r4, #0
 367              	.LVL40:
 368              	.L14:
 369              		.loc 1 213 3 discriminator 1 view .LVU127
 370 0058 AC42     		cmp	r4, r5
 371 005a 08D2     		bcs	.L31
 214:FWLIB/src/stm32f4xx_hash_sha1.c ****   {
 215:FWLIB/src/stm32f4xx_hash_sha1.c ****     HASH_DataIn(*(uint32_t*)keyaddr);
 372              		.loc 1 215 5 is_stmt 1 discriminator 3 view .LVU128
 373 005c 59F8040B 		ldr	r0, [r9], #4
 374              	.LVL41:
 375              		.loc 1 215 5 is_stmt 0 discriminator 3 view .LVU129
 376 0060 FFF7FEFF 		bl	HASH_DataIn
 377              	.LVL42:
 216:FWLIB/src/stm32f4xx_hash_sha1.c ****     keyaddr+=4;
 378              		.loc 1 216 5 is_stmt 1 discriminator 3 view .LVU130
 213:FWLIB/src/stm32f4xx_hash_sha1.c ****   {
 379              		.loc 1 213 23 is_stmt 0 discriminator 3 view .LVU131
 380 0064 0434     		adds	r4, r4, #4
 381              	.LVL43:
 213:FWLIB/src/stm32f4xx_hash_sha1.c ****   {
 382              		.loc 1 213 23 discriminator 3 view .LVU132
 383 0066 F7E7     		b	.L14
 384              	.LVL44:
 385              	.L12:
 205:FWLIB/src/stm32f4xx_hash_sha1.c ****   }
 386              		.loc 1 205 5 is_stmt 1 view .LVU133
 205:FWLIB/src/stm32f4xx_hash_sha1.c ****   }
 387              		.loc 1 205 46 is_stmt 0 view .LVU134
 388 0068 0023     		movs	r3, #0
 389 006a 0D93     		str	r3, [sp, #52]
 390 006c ECE7     		b	.L13
 391              	.LVL45:
 392              	.L31:
 217:FWLIB/src/stm32f4xx_hash_sha1.c ****   }
 218:FWLIB/src/stm32f4xx_hash_sha1.c **** 
 219:FWLIB/src/stm32f4xx_hash_sha1.c ****   /* Start the HASH processor */
 220:FWLIB/src/stm32f4xx_hash_sha1.c ****   HASH_StartDigest();
 393              		.loc 1 220 3 is_stmt 1 view .LVU135
ARM GAS  /tmp/cccSBsHK.s 			page 21


 394 006e FFF7FEFF 		bl	HASH_StartDigest
 395              	.LVL46:
 396              	.L17:
 221:FWLIB/src/stm32f4xx_hash_sha1.c **** 
 222:FWLIB/src/stm32f4xx_hash_sha1.c ****   /* wait until the Busy flag is RESET */
 223:FWLIB/src/stm32f4xx_hash_sha1.c ****   do
 397              		.loc 1 223 3 discriminator 2 view .LVU136
 224:FWLIB/src/stm32f4xx_hash_sha1.c ****   {
 225:FWLIB/src/stm32f4xx_hash_sha1.c ****     busystatus = HASH_GetFlagStatus(HASH_FLAG_BUSY);
 398              		.loc 1 225 5 discriminator 2 view .LVU137
 399              		.loc 1 225 18 is_stmt 0 discriminator 2 view .LVU138
 400 0072 0820     		movs	r0, #8
 401 0074 FFF7FEFF 		bl	HASH_GetFlagStatus
 402              	.LVL47:
 403              		.loc 1 225 16 discriminator 2 view .LVU139
 404 0078 0446     		mov	r4, r0
 405              	.LVL48:
 226:FWLIB/src/stm32f4xx_hash_sha1.c ****     counter++;
 406              		.loc 1 226 5 is_stmt 1 discriminator 2 view .LVU140
 407              		.loc 1 226 12 is_stmt 0 discriminator 2 view .LVU141
 408 007a 009B     		ldr	r3, [sp]
 409 007c 0133     		adds	r3, r3, #1
 410 007e 0093     		str	r3, [sp]
 227:FWLIB/src/stm32f4xx_hash_sha1.c ****   }while ((counter != SHA1BUSY_TIMEOUT) && (busystatus != RESET));
 411              		.loc 1 227 20 discriminator 2 view .LVU142
 412 0080 009B     		ldr	r3, [sp]
 413              		.loc 1 227 3 discriminator 2 view .LVU143
 414 0082 B3F5803F 		cmp	r3, #65536
 415 0086 01D0     		beq	.L16
 416              		.loc 1 227 41 discriminator 1 view .LVU144
 417 0088 0028     		cmp	r0, #0
 418 008a F2D1     		bne	.L17
 419              	.L16:
 228:FWLIB/src/stm32f4xx_hash_sha1.c **** 
 229:FWLIB/src/stm32f4xx_hash_sha1.c ****   if (busystatus != RESET)
 420              		.loc 1 229 3 is_stmt 1 view .LVU145
 421              		.loc 1 229 6 is_stmt 0 view .LVU146
 422 008c 1CB1     		cbz	r4, .L32
 230:FWLIB/src/stm32f4xx_hash_sha1.c ****   {
 231:FWLIB/src/stm32f4xx_hash_sha1.c ****      status = ERROR;
 423              		.loc 1 231 13 view .LVU147
 424 008e 0020     		movs	r0, #0
 425              	.LVL49:
 426              	.L18:
 232:FWLIB/src/stm32f4xx_hash_sha1.c ****   }
 233:FWLIB/src/stm32f4xx_hash_sha1.c ****   else
 234:FWLIB/src/stm32f4xx_hash_sha1.c ****   {
 235:FWLIB/src/stm32f4xx_hash_sha1.c ****     /* Configure the number of valid bits in last word of the Input data */
 236:FWLIB/src/stm32f4xx_hash_sha1.c ****     HASH_SetLastWordValidBitsNbr(nbvalidbitsdata);
 237:FWLIB/src/stm32f4xx_hash_sha1.c **** 
 238:FWLIB/src/stm32f4xx_hash_sha1.c ****     /* Write the Input block in the IN FIFO */
 239:FWLIB/src/stm32f4xx_hash_sha1.c ****     for(i=0; i<Ilen; i+=4)
 240:FWLIB/src/stm32f4xx_hash_sha1.c ****     {
 241:FWLIB/src/stm32f4xx_hash_sha1.c ****       HASH_DataIn(*(uint32_t*)inputaddr);
 242:FWLIB/src/stm32f4xx_hash_sha1.c ****       inputaddr+=4;
 243:FWLIB/src/stm32f4xx_hash_sha1.c ****     }
 244:FWLIB/src/stm32f4xx_hash_sha1.c **** 
ARM GAS  /tmp/cccSBsHK.s 			page 22


 245:FWLIB/src/stm32f4xx_hash_sha1.c ****     /* Start the HASH processor */
 246:FWLIB/src/stm32f4xx_hash_sha1.c ****     HASH_StartDigest();
 247:FWLIB/src/stm32f4xx_hash_sha1.c **** 
 248:FWLIB/src/stm32f4xx_hash_sha1.c **** 
 249:FWLIB/src/stm32f4xx_hash_sha1.c ****     /* wait until the Busy flag is RESET */
 250:FWLIB/src/stm32f4xx_hash_sha1.c ****     counter =0;
 251:FWLIB/src/stm32f4xx_hash_sha1.c ****     do
 252:FWLIB/src/stm32f4xx_hash_sha1.c ****     {
 253:FWLIB/src/stm32f4xx_hash_sha1.c ****       busystatus = HASH_GetFlagStatus(HASH_FLAG_BUSY);
 254:FWLIB/src/stm32f4xx_hash_sha1.c ****       counter++;
 255:FWLIB/src/stm32f4xx_hash_sha1.c ****     }while ((counter != SHA1BUSY_TIMEOUT) && (busystatus != RESET));
 256:FWLIB/src/stm32f4xx_hash_sha1.c **** 
 257:FWLIB/src/stm32f4xx_hash_sha1.c ****     if (busystatus != RESET)
 258:FWLIB/src/stm32f4xx_hash_sha1.c ****     {
 259:FWLIB/src/stm32f4xx_hash_sha1.c ****       status = ERROR;
 260:FWLIB/src/stm32f4xx_hash_sha1.c ****     }
 261:FWLIB/src/stm32f4xx_hash_sha1.c ****     else
 262:FWLIB/src/stm32f4xx_hash_sha1.c ****     {  
 263:FWLIB/src/stm32f4xx_hash_sha1.c ****       /* Configure the number of valid bits in last word of the Key */
 264:FWLIB/src/stm32f4xx_hash_sha1.c ****       HASH_SetLastWordValidBitsNbr(nbvalidbitskey);
 265:FWLIB/src/stm32f4xx_hash_sha1.c **** 
 266:FWLIB/src/stm32f4xx_hash_sha1.c ****       /* Write the Key */
 267:FWLIB/src/stm32f4xx_hash_sha1.c ****       keyaddr = (uint32_t)Key;
 268:FWLIB/src/stm32f4xx_hash_sha1.c ****       for(i=0; i<Keylen; i+=4)
 269:FWLIB/src/stm32f4xx_hash_sha1.c ****       {
 270:FWLIB/src/stm32f4xx_hash_sha1.c ****         HASH_DataIn(*(uint32_t*)keyaddr);
 271:FWLIB/src/stm32f4xx_hash_sha1.c ****         keyaddr+=4;
 272:FWLIB/src/stm32f4xx_hash_sha1.c ****       }
 273:FWLIB/src/stm32f4xx_hash_sha1.c **** 
 274:FWLIB/src/stm32f4xx_hash_sha1.c ****       /* Start the HASH processor */
 275:FWLIB/src/stm32f4xx_hash_sha1.c ****       HASH_StartDigest();
 276:FWLIB/src/stm32f4xx_hash_sha1.c **** 
 277:FWLIB/src/stm32f4xx_hash_sha1.c ****       /* wait until the Busy flag is RESET */
 278:FWLIB/src/stm32f4xx_hash_sha1.c ****       counter =0;
 279:FWLIB/src/stm32f4xx_hash_sha1.c ****       do
 280:FWLIB/src/stm32f4xx_hash_sha1.c ****       {
 281:FWLIB/src/stm32f4xx_hash_sha1.c ****         busystatus = HASH_GetFlagStatus(HASH_FLAG_BUSY);
 282:FWLIB/src/stm32f4xx_hash_sha1.c ****         counter++;
 283:FWLIB/src/stm32f4xx_hash_sha1.c ****       }while ((counter != SHA1BUSY_TIMEOUT) && (busystatus != RESET));
 284:FWLIB/src/stm32f4xx_hash_sha1.c **** 
 285:FWLIB/src/stm32f4xx_hash_sha1.c ****       if (busystatus != RESET)
 286:FWLIB/src/stm32f4xx_hash_sha1.c ****       {
 287:FWLIB/src/stm32f4xx_hash_sha1.c ****         status = ERROR;
 288:FWLIB/src/stm32f4xx_hash_sha1.c ****       }
 289:FWLIB/src/stm32f4xx_hash_sha1.c ****       else
 290:FWLIB/src/stm32f4xx_hash_sha1.c ****       {
 291:FWLIB/src/stm32f4xx_hash_sha1.c ****         /* Read the message digest */
 292:FWLIB/src/stm32f4xx_hash_sha1.c ****         HASH_GetDigest(&SHA1_MessageDigest);
 293:FWLIB/src/stm32f4xx_hash_sha1.c ****         *(uint32_t*)(outputaddr)  = __REV(SHA1_MessageDigest.Data[0]);
 294:FWLIB/src/stm32f4xx_hash_sha1.c ****         outputaddr+=4;
 295:FWLIB/src/stm32f4xx_hash_sha1.c ****         *(uint32_t*)(outputaddr)  = __REV(SHA1_MessageDigest.Data[1]);
 296:FWLIB/src/stm32f4xx_hash_sha1.c ****         outputaddr+=4;
 297:FWLIB/src/stm32f4xx_hash_sha1.c ****         *(uint32_t*)(outputaddr)  = __REV(SHA1_MessageDigest.Data[2]);
 298:FWLIB/src/stm32f4xx_hash_sha1.c ****         outputaddr+=4;
 299:FWLIB/src/stm32f4xx_hash_sha1.c ****         *(uint32_t*)(outputaddr)  = __REV(SHA1_MessageDigest.Data[3]);
 300:FWLIB/src/stm32f4xx_hash_sha1.c ****         outputaddr+=4;
 301:FWLIB/src/stm32f4xx_hash_sha1.c ****         *(uint32_t*)(outputaddr)  = __REV(SHA1_MessageDigest.Data[4]);
ARM GAS  /tmp/cccSBsHK.s 			page 23


 302:FWLIB/src/stm32f4xx_hash_sha1.c ****       }
 303:FWLIB/src/stm32f4xx_hash_sha1.c ****     }  
 304:FWLIB/src/stm32f4xx_hash_sha1.c ****   }
 305:FWLIB/src/stm32f4xx_hash_sha1.c ****   return status;  
 427              		.loc 1 305 3 is_stmt 1 view .LVU148
 306:FWLIB/src/stm32f4xx_hash_sha1.c **** }
 428              		.loc 1 306 1 is_stmt 0 view .LVU149
 429 0090 0FB0     		add	sp, sp, #60
 430              	.LCFI6:
 431              		.cfi_remember_state
 432              		.cfi_def_cfa_offset 28
 433              		@ sp needed
 434 0092 BDE8F083 		pop	{r4, r5, r6, r7, r8, r9, pc}
 435              	.LVL50:
 436              	.L32:
 437              	.LCFI7:
 438              		.cfi_restore_state
 236:FWLIB/src/stm32f4xx_hash_sha1.c **** 
 439              		.loc 1 236 5 is_stmt 1 view .LVU150
 440 0096 BDF80600 		ldrh	r0, [sp, #6]
 441              	.LVL51:
 236:FWLIB/src/stm32f4xx_hash_sha1.c **** 
 442              		.loc 1 236 5 is_stmt 0 view .LVU151
 443 009a FFF7FEFF 		bl	HASH_SetLastWordValidBitsNbr
 444              	.LVL52:
 239:FWLIB/src/stm32f4xx_hash_sha1.c ****     {
 445              		.loc 1 239 5 is_stmt 1 view .LVU152
 446              	.L19:
 239:FWLIB/src/stm32f4xx_hash_sha1.c ****     {
 447              		.loc 1 239 5 is_stmt 0 discriminator 1 view .LVU153
 448 009e BC42     		cmp	r4, r7
 449 00a0 05D2     		bcs	.L33
 241:FWLIB/src/stm32f4xx_hash_sha1.c ****       inputaddr+=4;
 450              		.loc 1 241 7 is_stmt 1 discriminator 3 view .LVU154
 451 00a2 56F8040B 		ldr	r0, [r6], #4
 452              	.LVL53:
 241:FWLIB/src/stm32f4xx_hash_sha1.c ****       inputaddr+=4;
 453              		.loc 1 241 7 is_stmt 0 discriminator 3 view .LVU155
 454 00a6 FFF7FEFF 		bl	HASH_DataIn
 455              	.LVL54:
 242:FWLIB/src/stm32f4xx_hash_sha1.c ****     }
 456              		.loc 1 242 7 is_stmt 1 discriminator 3 view .LVU156
 239:FWLIB/src/stm32f4xx_hash_sha1.c ****     {
 457              		.loc 1 239 23 is_stmt 0 discriminator 3 view .LVU157
 458 00aa 0434     		adds	r4, r4, #4
 459              	.LVL55:
 239:FWLIB/src/stm32f4xx_hash_sha1.c ****     {
 460              		.loc 1 239 23 discriminator 3 view .LVU158
 461 00ac F7E7     		b	.L19
 462              	.L33:
 246:FWLIB/src/stm32f4xx_hash_sha1.c **** 
 463              		.loc 1 246 5 is_stmt 1 view .LVU159
 464 00ae FFF7FEFF 		bl	HASH_StartDigest
 465              	.LVL56:
 250:FWLIB/src/stm32f4xx_hash_sha1.c ****     do
 466              		.loc 1 250 5 view .LVU160
 250:FWLIB/src/stm32f4xx_hash_sha1.c ****     do
ARM GAS  /tmp/cccSBsHK.s 			page 24


 467              		.loc 1 250 13 is_stmt 0 view .LVU161
 468 00b2 0023     		movs	r3, #0
 469 00b4 0093     		str	r3, [sp]
 470              	.LVL57:
 471              	.L22:
 251:FWLIB/src/stm32f4xx_hash_sha1.c ****     {
 472              		.loc 1 251 5 is_stmt 1 discriminator 2 view .LVU162
 253:FWLIB/src/stm32f4xx_hash_sha1.c ****       counter++;
 473              		.loc 1 253 7 discriminator 2 view .LVU163
 253:FWLIB/src/stm32f4xx_hash_sha1.c ****       counter++;
 474              		.loc 1 253 20 is_stmt 0 discriminator 2 view .LVU164
 475 00b6 0820     		movs	r0, #8
 476 00b8 FFF7FEFF 		bl	HASH_GetFlagStatus
 477              	.LVL58:
 253:FWLIB/src/stm32f4xx_hash_sha1.c ****       counter++;
 478              		.loc 1 253 18 discriminator 2 view .LVU165
 479 00bc 0446     		mov	r4, r0
 480              	.LVL59:
 254:FWLIB/src/stm32f4xx_hash_sha1.c ****     }while ((counter != SHA1BUSY_TIMEOUT) && (busystatus != RESET));
 481              		.loc 1 254 7 is_stmt 1 discriminator 2 view .LVU166
 254:FWLIB/src/stm32f4xx_hash_sha1.c ****     }while ((counter != SHA1BUSY_TIMEOUT) && (busystatus != RESET));
 482              		.loc 1 254 14 is_stmt 0 discriminator 2 view .LVU167
 483 00be 009B     		ldr	r3, [sp]
 484 00c0 0133     		adds	r3, r3, #1
 485 00c2 0093     		str	r3, [sp]
 255:FWLIB/src/stm32f4xx_hash_sha1.c **** 
 486              		.loc 1 255 22 discriminator 2 view .LVU168
 487 00c4 009B     		ldr	r3, [sp]
 255:FWLIB/src/stm32f4xx_hash_sha1.c **** 
 488              		.loc 1 255 5 discriminator 2 view .LVU169
 489 00c6 B3F5803F 		cmp	r3, #65536
 490 00ca 01D0     		beq	.L21
 255:FWLIB/src/stm32f4xx_hash_sha1.c **** 
 491              		.loc 1 255 43 discriminator 1 view .LVU170
 492 00cc 0028     		cmp	r0, #0
 493 00ce F2D1     		bne	.L22
 494              	.L21:
 257:FWLIB/src/stm32f4xx_hash_sha1.c ****     {
 495              		.loc 1 257 5 is_stmt 1 view .LVU171
 257:FWLIB/src/stm32f4xx_hash_sha1.c ****     {
 496              		.loc 1 257 8 is_stmt 0 view .LVU172
 497 00d0 0CB1     		cbz	r4, .L34
 259:FWLIB/src/stm32f4xx_hash_sha1.c ****     }
 498              		.loc 1 259 14 view .LVU173
 499 00d2 0020     		movs	r0, #0
 500              	.LVL60:
 259:FWLIB/src/stm32f4xx_hash_sha1.c ****     }
 501              		.loc 1 259 14 view .LVU174
 502 00d4 DCE7     		b	.L18
 503              	.LVL61:
 504              	.L34:
 264:FWLIB/src/stm32f4xx_hash_sha1.c **** 
 505              		.loc 1 264 7 is_stmt 1 view .LVU175
 506 00d6 BDF80400 		ldrh	r0, [sp, #4]
 507              	.LVL62:
 264:FWLIB/src/stm32f4xx_hash_sha1.c **** 
 508              		.loc 1 264 7 is_stmt 0 view .LVU176
ARM GAS  /tmp/cccSBsHK.s 			page 25


 509 00da FFF7FEFF 		bl	HASH_SetLastWordValidBitsNbr
 510              	.LVL63:
 267:FWLIB/src/stm32f4xx_hash_sha1.c ****       for(i=0; i<Keylen; i+=4)
 511              		.loc 1 267 7 is_stmt 1 view .LVU177
 268:FWLIB/src/stm32f4xx_hash_sha1.c ****       {
 512              		.loc 1 268 7 view .LVU178
 268:FWLIB/src/stm32f4xx_hash_sha1.c ****       {
 513              		.loc 1 268 7 is_stmt 0 view .LVU179
 514 00de 04E0     		b	.L23
 515              	.LVL64:
 516              	.L24:
 270:FWLIB/src/stm32f4xx_hash_sha1.c ****         keyaddr+=4;
 517              		.loc 1 270 9 is_stmt 1 discriminator 3 view .LVU180
 518 00e0 58F8040B 		ldr	r0, [r8], #4
 519              	.LVL65:
 270:FWLIB/src/stm32f4xx_hash_sha1.c ****         keyaddr+=4;
 520              		.loc 1 270 9 is_stmt 0 discriminator 3 view .LVU181
 521 00e4 FFF7FEFF 		bl	HASH_DataIn
 522              	.LVL66:
 271:FWLIB/src/stm32f4xx_hash_sha1.c ****       }
 523              		.loc 1 271 9 is_stmt 1 discriminator 3 view .LVU182
 268:FWLIB/src/stm32f4xx_hash_sha1.c ****       {
 524              		.loc 1 268 27 is_stmt 0 discriminator 3 view .LVU183
 525 00e8 0434     		adds	r4, r4, #4
 526              	.LVL67:
 527              	.L23:
 268:FWLIB/src/stm32f4xx_hash_sha1.c ****       {
 528              		.loc 1 268 7 discriminator 1 view .LVU184
 529 00ea AC42     		cmp	r4, r5
 530 00ec F8D3     		bcc	.L24
 275:FWLIB/src/stm32f4xx_hash_sha1.c **** 
 531              		.loc 1 275 7 is_stmt 1 view .LVU185
 532 00ee FFF7FEFF 		bl	HASH_StartDigest
 533              	.LVL68:
 278:FWLIB/src/stm32f4xx_hash_sha1.c ****       do
 534              		.loc 1 278 7 view .LVU186
 278:FWLIB/src/stm32f4xx_hash_sha1.c ****       do
 535              		.loc 1 278 15 is_stmt 0 view .LVU187
 536 00f2 0023     		movs	r3, #0
 537 00f4 0093     		str	r3, [sp]
 538              	.L26:
 279:FWLIB/src/stm32f4xx_hash_sha1.c ****       {
 539              		.loc 1 279 7 is_stmt 1 discriminator 2 view .LVU188
 281:FWLIB/src/stm32f4xx_hash_sha1.c ****         counter++;
 540              		.loc 1 281 9 discriminator 2 view .LVU189
 281:FWLIB/src/stm32f4xx_hash_sha1.c ****         counter++;
 541              		.loc 1 281 22 is_stmt 0 discriminator 2 view .LVU190
 542 00f6 0820     		movs	r0, #8
 543 00f8 FFF7FEFF 		bl	HASH_GetFlagStatus
 544              	.LVL69:
 281:FWLIB/src/stm32f4xx_hash_sha1.c ****         counter++;
 545              		.loc 1 281 20 discriminator 2 view .LVU191
 546 00fc 0246     		mov	r2, r0
 547              	.LVL70:
 282:FWLIB/src/stm32f4xx_hash_sha1.c ****       }while ((counter != SHA1BUSY_TIMEOUT) && (busystatus != RESET));
 548              		.loc 1 282 9 is_stmt 1 discriminator 2 view .LVU192
 282:FWLIB/src/stm32f4xx_hash_sha1.c ****       }while ((counter != SHA1BUSY_TIMEOUT) && (busystatus != RESET));
ARM GAS  /tmp/cccSBsHK.s 			page 26


 549              		.loc 1 282 16 is_stmt 0 discriminator 2 view .LVU193
 550 00fe 009B     		ldr	r3, [sp]
 551 0100 0133     		adds	r3, r3, #1
 552 0102 0093     		str	r3, [sp]
 283:FWLIB/src/stm32f4xx_hash_sha1.c **** 
 553              		.loc 1 283 24 discriminator 2 view .LVU194
 554 0104 009B     		ldr	r3, [sp]
 283:FWLIB/src/stm32f4xx_hash_sha1.c **** 
 555              		.loc 1 283 7 discriminator 2 view .LVU195
 556 0106 B3F5803F 		cmp	r3, #65536
 557 010a 01D0     		beq	.L25
 283:FWLIB/src/stm32f4xx_hash_sha1.c **** 
 558              		.loc 1 283 45 discriminator 1 view .LVU196
 559 010c 0028     		cmp	r0, #0
 560 010e F2D1     		bne	.L26
 561              	.L25:
 285:FWLIB/src/stm32f4xx_hash_sha1.c ****       {
 562              		.loc 1 285 7 is_stmt 1 view .LVU197
 285:FWLIB/src/stm32f4xx_hash_sha1.c ****       {
 563              		.loc 1 285 10 is_stmt 0 view .LVU198
 564 0110 0AB1     		cbz	r2, .L35
 287:FWLIB/src/stm32f4xx_hash_sha1.c ****       }
 565              		.loc 1 287 16 view .LVU199
 566 0112 0020     		movs	r0, #0
 567              	.LVL71:
 287:FWLIB/src/stm32f4xx_hash_sha1.c ****       }
 568              		.loc 1 287 16 view .LVU200
 569 0114 BCE7     		b	.L18
 570              	.LVL72:
 571              	.L35:
 292:FWLIB/src/stm32f4xx_hash_sha1.c ****         *(uint32_t*)(outputaddr)  = __REV(SHA1_MessageDigest.Data[0]);
 572              		.loc 1 292 9 is_stmt 1 view .LVU201
 573 0116 02A8     		add	r0, sp, #8
 574              	.LVL73:
 292:FWLIB/src/stm32f4xx_hash_sha1.c ****         *(uint32_t*)(outputaddr)  = __REV(SHA1_MessageDigest.Data[0]);
 575              		.loc 1 292 9 is_stmt 0 view .LVU202
 576 0118 FFF7FEFF 		bl	HASH_GetDigest
 577              	.LVL74:
 293:FWLIB/src/stm32f4xx_hash_sha1.c ****         outputaddr+=4;
 578              		.loc 1 293 9 is_stmt 1 view .LVU203
 293:FWLIB/src/stm32f4xx_hash_sha1.c ****         outputaddr+=4;
 579              		.loc 1 293 37 is_stmt 0 view .LVU204
 580 011c 029B     		ldr	r3, [sp, #8]
 581              	.LVL75:
 582              	.LBB32:
 583              	.LBI32:
 495:F4_CORE/core_cmInstr.h **** {
 584              		.loc 2 495 57 is_stmt 1 view .LVU205
 585              	.LBB33:
 586              		.loc 2 498 3 view .LVU206
 587              		.loc 2 498 10 is_stmt 0 view .LVU207
 588 011e 1BBA     		rev	r3, r3
 589              	.LVL76:
 590              		.loc 2 498 10 view .LVU208
 591              	.LBE33:
 592              	.LBE32:
 293:FWLIB/src/stm32f4xx_hash_sha1.c ****         outputaddr+=4;
ARM GAS  /tmp/cccSBsHK.s 			page 27


 593              		.loc 1 293 35 view .LVU209
 594 0120 169A     		ldr	r2, [sp, #88]
 595 0122 1360     		str	r3, [r2]
 294:FWLIB/src/stm32f4xx_hash_sha1.c ****         *(uint32_t*)(outputaddr)  = __REV(SHA1_MessageDigest.Data[1]);
 596              		.loc 1 294 9 is_stmt 1 view .LVU210
 597              	.LVL77:
 295:FWLIB/src/stm32f4xx_hash_sha1.c ****         outputaddr+=4;
 598              		.loc 1 295 9 view .LVU211
 295:FWLIB/src/stm32f4xx_hash_sha1.c ****         outputaddr+=4;
 599              		.loc 1 295 37 is_stmt 0 view .LVU212
 600 0124 039B     		ldr	r3, [sp, #12]
 601              	.LVL78:
 602              	.LBB34:
 603              	.LBI34:
 495:F4_CORE/core_cmInstr.h **** {
 604              		.loc 2 495 57 is_stmt 1 view .LVU213
 605              	.LBB35:
 606              		.loc 2 498 3 view .LVU214
 607              		.loc 2 498 10 is_stmt 0 view .LVU215
 608 0126 1BBA     		rev	r3, r3
 609              	.LVL79:
 610              		.loc 2 498 10 view .LVU216
 611              	.LBE35:
 612              	.LBE34:
 295:FWLIB/src/stm32f4xx_hash_sha1.c ****         outputaddr+=4;
 613              		.loc 1 295 35 view .LVU217
 614 0128 5360     		str	r3, [r2, #4]
 296:FWLIB/src/stm32f4xx_hash_sha1.c ****         *(uint32_t*)(outputaddr)  = __REV(SHA1_MessageDigest.Data[2]);
 615              		.loc 1 296 9 is_stmt 1 view .LVU218
 616              	.LVL80:
 297:FWLIB/src/stm32f4xx_hash_sha1.c ****         outputaddr+=4;
 617              		.loc 1 297 9 view .LVU219
 297:FWLIB/src/stm32f4xx_hash_sha1.c ****         outputaddr+=4;
 618              		.loc 1 297 37 is_stmt 0 view .LVU220
 619 012a 049B     		ldr	r3, [sp, #16]
 620              	.LVL81:
 621              	.LBB36:
 622              	.LBI36:
 495:F4_CORE/core_cmInstr.h **** {
 623              		.loc 2 495 57 is_stmt 1 view .LVU221
 624              	.LBB37:
 625              		.loc 2 498 3 view .LVU222
 626              		.loc 2 498 10 is_stmt 0 view .LVU223
 627 012c 1BBA     		rev	r3, r3
 628              	.LVL82:
 629              		.loc 2 498 10 view .LVU224
 630              	.LBE37:
 631              	.LBE36:
 297:FWLIB/src/stm32f4xx_hash_sha1.c ****         outputaddr+=4;
 632              		.loc 1 297 35 view .LVU225
 633 012e 9360     		str	r3, [r2, #8]
 298:FWLIB/src/stm32f4xx_hash_sha1.c ****         *(uint32_t*)(outputaddr)  = __REV(SHA1_MessageDigest.Data[3]);
 634              		.loc 1 298 9 is_stmt 1 view .LVU226
 635              	.LVL83:
 299:FWLIB/src/stm32f4xx_hash_sha1.c ****         outputaddr+=4;
 636              		.loc 1 299 9 view .LVU227
 299:FWLIB/src/stm32f4xx_hash_sha1.c ****         outputaddr+=4;
ARM GAS  /tmp/cccSBsHK.s 			page 28


 637              		.loc 1 299 37 is_stmt 0 view .LVU228
 638 0130 059B     		ldr	r3, [sp, #20]
 639              	.LVL84:
 640              	.LBB38:
 641              	.LBI38:
 495:F4_CORE/core_cmInstr.h **** {
 642              		.loc 2 495 57 is_stmt 1 view .LVU229
 643              	.LBB39:
 644              		.loc 2 498 3 view .LVU230
 645              		.loc 2 498 10 is_stmt 0 view .LVU231
 646 0132 1BBA     		rev	r3, r3
 647              	.LVL85:
 648              		.loc 2 498 10 view .LVU232
 649              	.LBE39:
 650              	.LBE38:
 299:FWLIB/src/stm32f4xx_hash_sha1.c ****         outputaddr+=4;
 651              		.loc 1 299 35 view .LVU233
 652 0134 D360     		str	r3, [r2, #12]
 300:FWLIB/src/stm32f4xx_hash_sha1.c ****         *(uint32_t*)(outputaddr)  = __REV(SHA1_MessageDigest.Data[4]);
 653              		.loc 1 300 9 is_stmt 1 view .LVU234
 654              	.LVL86:
 301:FWLIB/src/stm32f4xx_hash_sha1.c ****       }
 655              		.loc 1 301 9 view .LVU235
 301:FWLIB/src/stm32f4xx_hash_sha1.c ****       }
 656              		.loc 1 301 37 is_stmt 0 view .LVU236
 657 0136 069B     		ldr	r3, [sp, #24]
 658              	.LVL87:
 659              	.LBB40:
 660              	.LBI40:
 495:F4_CORE/core_cmInstr.h **** {
 661              		.loc 2 495 57 is_stmt 1 view .LVU237
 662              	.LBB41:
 663              		.loc 2 498 3 view .LVU238
 664              		.loc 2 498 10 is_stmt 0 view .LVU239
 665 0138 1BBA     		rev	r3, r3
 666              	.LVL88:
 667              		.loc 2 498 10 view .LVU240
 668              	.LBE41:
 669              	.LBE40:
 301:FWLIB/src/stm32f4xx_hash_sha1.c ****       }
 670              		.loc 1 301 35 view .LVU241
 671 013a 1361     		str	r3, [r2, #16]
 179:FWLIB/src/stm32f4xx_hash_sha1.c ****   uint32_t keyaddr    = (uint32_t)Key;
 672              		.loc 1 179 15 view .LVU242
 673 013c 0120     		movs	r0, #1
 674 013e A7E7     		b	.L18
 675              		.cfi_endproc
 676              	.LFE124:
 678              		.text
 679              	.Letext0:
 680              		.file 3 "/home/bt0/stm32/compile-tool/gcc-arm-none-eabi-8-2018-q4-major-linux/gcc-arm-none-eabi-8-
 681              		.file 4 "/home/bt0/stm32/compile-tool/gcc-arm-none-eabi-8-2018-q4-major-linux/gcc-arm-none-eabi-8-
 682              		.file 5 "F4_CORE/core_cm4.h"
 683              		.file 6 "USER/system_stm32f4xx.h"
 684              		.file 7 "USER/stm32f4xx.h"
 685              		.file 8 "FWLIB/inc/stm32f4xx_hash.h"
ARM GAS  /tmp/cccSBsHK.s 			page 29


DEFINED SYMBOLS
                            *ABS*:0000000000000000 stm32f4xx_hash_sha1.c
     /tmp/cccSBsHK.s:18     .text.HASH_SHA1:0000000000000000 $t
     /tmp/cccSBsHK.s:26     .text.HASH_SHA1:0000000000000000 HASH_SHA1
     /tmp/cccSBsHK.s:264    .text.HMAC_SHA1:0000000000000000 $t
     /tmp/cccSBsHK.s:271    .text.HMAC_SHA1:0000000000000000 HMAC_SHA1

UNDEFINED SYMBOLS
HASH_DeInit
HASH_Init
HASH_SetLastWordValidBitsNbr
HASH_DataIn
HASH_StartDigest
HASH_GetFlagStatus
HASH_GetDigest
