ARM GAS  C:\Users\97116\AppData\Local\Temp\cccqXLdo.s 			page 1


   1              		.cpu cortex-m4
   2              		.eabi_attribute 27, 1
   3              		.eabi_attribute 28, 1
   4              		.eabi_attribute 20, 1
   5              		.eabi_attribute 21, 1
   6              		.eabi_attribute 23, 3
   7              		.eabi_attribute 24, 1
   8              		.eabi_attribute 25, 1
   9              		.eabi_attribute 26, 1
  10              		.eabi_attribute 30, 1
  11              		.eabi_attribute 34, 1
  12              		.eabi_attribute 18, 4
  13              		.file	"Task_Widget.c"
  14              		.text
  15              	.Ltext0:
  16              		.cfi_sections	.debug_frame
  17              		.section	.rodata.TaskWidget_Init.str1.4,"aMS",%progbits,1
  18              		.align	2
  19              	.LC0:
  20 0000 74657374 		.ascii	"test1\000"
  20      3100
  21 0006 0000     		.align	2
  22              	.LC1:
  23 0008 74657374 		.ascii	"test3\000"
  23      3300
  24 000e 0000     		.align	2
  25              	.LC2:
  26 0010 74657374 		.ascii	"test4\000"
  26      3400
  27 0016 0000     		.align	2
  28              	.LC3:
  29 0018 74657374 		.ascii	"test\000"
  29      00
  30              		.section	.text.TaskWidget_Init,"ax",%progbits
  31              		.align	1
  32              		.arch armv7e-m
  33              		.syntax unified
  34              		.thumb
  35              		.thumb_func
  36              		.fpu fpv4-sp-d16
  38              	TaskWidget_Init:
  39              	.LFB3:
  40              		.file 1 "App/Task_Display/Task_Widget.c"
   1:App/Task_Display/Task_Widget.c **** #include "Task_Widget.h"
   2:App/Task_Display/Task_Widget.c **** #include "task_manager.h"
   3:App/Task_Display/Task_Widget.c **** #include "widget_mng.h"
   4:App/Task_Display/Task_Widget.c **** 
   5:App/Task_Display/Task_Widget.c **** /* this task only for test */
   6:App/Task_Display/Task_Widget.c **** 
   7:App/Task_Display/Task_Widget.c **** /* internal variable */
   8:App/Task_Display/Task_Widget.c **** static TaskWidget_State_List TaskWidget_State = TaskWdiget_State_Init;
   9:App/Task_Display/Task_Widget.c **** static Widget_Handle test1;
  10:App/Task_Display/Task_Widget.c **** static Widget_Handle test2;
  11:App/Task_Display/Task_Widget.c **** static Widget_Handle test3;
  12:App/Task_Display/Task_Widget.c **** static Widget_Handle test4;
  13:App/Task_Display/Task_Widget.c **** 
  14:App/Task_Display/Task_Widget.c **** /* external function definition */
ARM GAS  C:\Users\97116\AppData\Local\Temp\cccqXLdo.s 			page 2


  15:App/Task_Display/Task_Widget.c **** Task_Handler TaskWidget_Hdl = 0;
  16:App/Task_Display/Task_Widget.c **** 
  17:App/Task_Display/Task_Widget.c **** static UI_Button_Handle test_btn = 0;
  18:App/Task_Display/Task_Widget.c **** 
  19:App/Task_Display/Task_Widget.c **** /* internal function definition */
  20:App/Task_Display/Task_Widget.c **** 
  21:App/Task_Display/Task_Widget.c **** static void TaskWidget_Init(void)
  22:App/Task_Display/Task_Widget.c **** {
  41              		.loc 1 22 1 view -0
  42              		.cfi_startproc
  43              		@ args = 0, pretend = 0, frame = 0
  44              		@ frame_needed = 0, uses_anonymous_args = 0
  45 0000 70B5     		push	{r4, r5, r6, lr}
  46              	.LCFI0:
  47              		.cfi_def_cfa_offset 16
  48              		.cfi_offset 4, -16
  49              		.cfi_offset 5, -12
  50              		.cfi_offset 6, -8
  51              		.cfi_offset 14, -4
  52 0002 84B0     		sub	sp, sp, #16
  53              	.LCFI1:
  54              		.cfi_def_cfa_offset 32
  23:App/Task_Display/Task_Widget.c ****     Widget_Mng.config_all->mirror(Oled_MirrorX);
  55              		.loc 1 23 5 view .LVU1
  56              		.loc 1 23 15 is_stmt 0 view .LVU2
  57 0004 1D4C     		ldr	r4, .L3
  58 0006 2368     		ldr	r3, [r4]	@ unaligned
  59              		.loc 1 23 26 view .LVU3
  60 0008 1B68     		ldr	r3, [r3]	@ unaligned
  61              		.loc 1 23 5 view .LVU4
  62 000a 0020     		movs	r0, #0
  63 000c 9847     		blx	r3
  64              	.LVL0:
  24:App/Task_Display/Task_Widget.c **** 
  25:App/Task_Display/Task_Widget.c ****     test1 = Widget_Mng.Create(20, 2, 25, 20, "test1", true);
  65              		.loc 1 25 5 is_stmt 1 view .LVU5
  66              		.loc 1 25 23 is_stmt 0 view .LVU6
  67 000e 6668     		ldr	r6, [r4, #4]	@ unaligned
  68              		.loc 1 25 13 view .LVU7
  69 0010 0125     		movs	r5, #1
  70 0012 0195     		str	r5, [sp, #4]
  71 0014 1A4B     		ldr	r3, .L3+4
  72 0016 0093     		str	r3, [sp]
  73 0018 1423     		movs	r3, #20
  74 001a 1922     		movs	r2, #25
  75 001c 0221     		movs	r1, #2
  76 001e 1846     		mov	r0, r3
  77 0020 B047     		blx	r6
  78              	.LVL1:
  79              		.loc 1 25 11 view .LVU8
  80 0022 184B     		ldr	r3, .L3+8
  81 0024 1860     		str	r0, [r3]
  26:App/Task_Display/Task_Widget.c ****     //test2 = Widget_Mng.Create(50, 5, 50, 20, "test2", true);
  27:App/Task_Display/Task_Widget.c ****     test3 = Widget_Mng.Create(15, 15, 70, 40, "test3", true);
  82              		.loc 1 27 5 is_stmt 1 view .LVU9
  83              		.loc 1 27 23 is_stmt 0 view .LVU10
  84 0026 6668     		ldr	r6, [r4, #4]	@ unaligned
ARM GAS  C:\Users\97116\AppData\Local\Temp\cccqXLdo.s 			page 3


  85              		.loc 1 27 13 view .LVU11
  86 0028 0195     		str	r5, [sp, #4]
  87 002a 174B     		ldr	r3, .L3+12
  88 002c 0093     		str	r3, [sp]
  89 002e 2823     		movs	r3, #40
  90 0030 4622     		movs	r2, #70
  91 0032 0F21     		movs	r1, #15
  92 0034 0846     		mov	r0, r1
  93 0036 B047     		blx	r6
  94              	.LVL2:
  95              		.loc 1 27 11 view .LVU12
  96 0038 144B     		ldr	r3, .L3+16
  97 003a 1860     		str	r0, [r3]
  28:App/Task_Display/Task_Widget.c ****     test4 = Widget_Mng.Create(0, 0, 128, 64, "test4", true);
  98              		.loc 1 28 5 is_stmt 1 view .LVU13
  99              		.loc 1 28 23 is_stmt 0 view .LVU14
 100 003c 6668     		ldr	r6, [r4, #4]	@ unaligned
 101              		.loc 1 28 13 view .LVU15
 102 003e 0195     		str	r5, [sp, #4]
 103 0040 134B     		ldr	r3, .L3+20
 104 0042 0093     		str	r3, [sp]
 105 0044 4023     		movs	r3, #64
 106 0046 8022     		movs	r2, #128
 107 0048 0021     		movs	r1, #0
 108 004a 0846     		mov	r0, r1
 109 004c B047     		blx	r6
 110              	.LVL3:
 111              		.loc 1 28 11 view .LVU16
 112 004e 114B     		ldr	r3, .L3+24
 113 0050 1860     		str	r0, [r3]
  29:App/Task_Display/Task_Widget.c **** 
  30:App/Task_Display/Task_Widget.c ****     test_btn = Widget_Mng.Control(test4)->UI()->Button()->create("test", 95, 20, DEFAULT_BUTTON_WID
 114              		.loc 1 30 5 is_stmt 1 view .LVU17
 115              		.loc 1 30 26 is_stmt 0 view .LVU18
 116 0052 A368     		ldr	r3, [r4, #8]	@ unaligned
 117              		.loc 1 30 16 view .LVU19
 118 0054 9847     		blx	r3
 119              	.LVL4:
 120              		.loc 1 30 41 view .LVU20
 121 0056 8369     		ldr	r3, [r0, #24]	@ unaligned
 122              		.loc 1 30 16 view .LVU21
 123 0058 9847     		blx	r3
 124              	.LVL5:
 125              		.loc 1 30 47 view .LVU22
 126 005a 8368     		ldr	r3, [r0, #8]	@ unaligned
 127              		.loc 1 30 16 view .LVU23
 128 005c 9847     		blx	r3
 129              	.LVL6:
 130              		.loc 1 30 57 view .LVU24
 131 005e 0468     		ldr	r4, [r0]	@ unaligned
 132              		.loc 1 30 16 view .LVU25
 133 0060 0023     		movs	r3, #0
 134 0062 0293     		str	r3, [sp, #8]
 135 0064 0193     		str	r3, [sp, #4]
 136 0066 0E23     		movs	r3, #14
 137 0068 0093     		str	r3, [sp]
 138 006a 1923     		movs	r3, #25
ARM GAS  C:\Users\97116\AppData\Local\Temp\cccqXLdo.s 			page 4


 139 006c 1422     		movs	r2, #20
 140 006e 5F21     		movs	r1, #95
 141 0070 0948     		ldr	r0, .L3+28
 142 0072 A047     		blx	r4
 143              	.LVL7:
 144              		.loc 1 30 14 view .LVU26
 145 0074 094B     		ldr	r3, .L3+32
 146 0076 1860     		str	r0, [r3]
  31:App/Task_Display/Task_Widget.c **** }
 147              		.loc 1 31 1 view .LVU27
 148 0078 04B0     		add	sp, sp, #16
 149              	.LCFI2:
 150              		.cfi_def_cfa_offset 16
 151              		@ sp needed
 152 007a 70BD     		pop	{r4, r5, r6, pc}
 153              	.L4:
 154              		.align	2
 155              	.L3:
 156 007c 00000000 		.word	Widget_Mng
 157 0080 00000000 		.word	.LC0
 158 0084 00000000 		.word	.LANCHOR0
 159 0088 08000000 		.word	.LC1
 160 008c 00000000 		.word	.LANCHOR1
 161 0090 10000000 		.word	.LC2
 162 0094 00000000 		.word	.LANCHOR2
 163 0098 18000000 		.word	.LC3
 164 009c 00000000 		.word	.LANCHOR3
 165              		.cfi_endproc
 166              	.LFE3:
 168              		.section	.rodata.TestWidget_Dynamic_Dsp.str1.4,"aMS",%progbits,1
 169              		.align	2
 170              	.LC4:
 171 0000 385F4221 		.ascii	"8_B!T0\000"
 171      543000
 172              		.section	.text.TestWidget_Dynamic_Dsp,"ax",%progbits
 173              		.align	1
 174              		.syntax unified
 175              		.thumb
 176              		.thumb_func
 177              		.fpu fpv4-sp-d16
 179              	TestWidget_Dynamic_Dsp:
 180              	.LFB4:
  32:App/Task_Display/Task_Widget.c **** 
  33:App/Task_Display/Task_Widget.c **** static void TestWidget_Dynamic_Dsp(void)
  34:App/Task_Display/Task_Widget.c **** {
 181              		.loc 1 34 1 is_stmt 1 view -0
 182              		.cfi_startproc
 183              		@ args = 0, pretend = 0, frame = 0
 184              		@ frame_needed = 0, uses_anonymous_args = 0
 185 0000 2DE9F041 		push	{r4, r5, r6, r7, r8, lr}
 186              	.LCFI3:
 187              		.cfi_def_cfa_offset 24
 188              		.cfi_offset 4, -24
 189              		.cfi_offset 5, -20
 190              		.cfi_offset 6, -16
 191              		.cfi_offset 7, -12
 192              		.cfi_offset 8, -8
ARM GAS  C:\Users\97116\AppData\Local\Temp\cccqXLdo.s 			page 5


 193              		.cfi_offset 14, -4
 194 0004 82B0     		sub	sp, sp, #8
 195              	.LCFI4:
 196              		.cfi_def_cfa_offset 32
  35:App/Task_Display/Task_Widget.c ****     static int8_t rad = 0;
 197              		.loc 1 35 5 view .LVU29
  36:App/Task_Display/Task_Widget.c ****     static bool change = false;
 198              		.loc 1 36 5 view .LVU30
  37:App/Task_Display/Task_Widget.c **** 
  38:App/Task_Display/Task_Widget.c ****     static int8_t dis = 0;
 199              		.loc 1 38 5 view .LVU31
  39:App/Task_Display/Task_Widget.c ****     static bool move = false;
 200              		.loc 1 39 5 view .LVU32
  40:App/Task_Display/Task_Widget.c **** 
  41:App/Task_Display/Task_Widget.c ****     if (!change)
 201              		.loc 1 41 5 view .LVU33
 202              		.loc 1 41 9 is_stmt 0 view .LVU34
 203 0006 694B     		ldr	r3, .L11
 204 0008 1B78     		ldrb	r3, [r3]	@ zero_extendqisi2
 205              		.loc 1 41 8 view .LVU35
 206 000a 002B     		cmp	r3, #0
 207 000c 40F0AE80 		bne	.L6
  42:App/Task_Display/Task_Widget.c ****     {
  43:App/Task_Display/Task_Widget.c ****         rad += 2;
 208              		.loc 1 43 9 is_stmt 1 view .LVU36
 209              		.loc 1 43 13 is_stmt 0 view .LVU37
 210 0010 674A     		ldr	r2, .L11+4
 211 0012 1378     		ldrb	r3, [r2]	@ zero_extendqisi2
 212 0014 0233     		adds	r3, r3, #2
 213 0016 5BB2     		sxtb	r3, r3
 214 0018 1370     		strb	r3, [r2]
  44:App/Task_Display/Task_Widget.c **** 
  45:App/Task_Display/Task_Widget.c ****         if (rad >= 32)
 215              		.loc 1 45 9 is_stmt 1 view .LVU38
 216              		.loc 1 45 12 is_stmt 0 view .LVU39
 217 001a 1F2B     		cmp	r3, #31
 218 001c 10DD     		ble	.L7
  46:App/Task_Display/Task_Widget.c ****         {
  47:App/Task_Display/Task_Widget.c ****             Widget_Mng.Control(test4)->UI()->Button()->Operate(test_btn, UI_Btn_PushDwn);
 219              		.loc 1 47 13 is_stmt 1 view .LVU40
 220              		.loc 1 47 23 is_stmt 0 view .LVU41
 221 001e 654B     		ldr	r3, .L11+8
 222 0020 9B68     		ldr	r3, [r3, #8]	@ unaligned
 223              		.loc 1 47 13 view .LVU42
 224 0022 654A     		ldr	r2, .L11+12
 225 0024 1068     		ldr	r0, [r2]
 226 0026 9847     		blx	r3
 227              	.LVL8:
 228              		.loc 1 47 38 view .LVU43
 229 0028 8369     		ldr	r3, [r0, #24]	@ unaligned
 230              		.loc 1 47 13 view .LVU44
 231 002a 9847     		blx	r3
 232              	.LVL9:
 233              		.loc 1 47 44 view .LVU45
 234 002c 8368     		ldr	r3, [r0, #8]	@ unaligned
 235              		.loc 1 47 13 view .LVU46
 236 002e 9847     		blx	r3
ARM GAS  C:\Users\97116\AppData\Local\Temp\cccqXLdo.s 			page 6


 237              	.LVL10:
 238              		.loc 1 47 54 view .LVU47
 239 0030 4369     		ldr	r3, [r0, #20]	@ unaligned
 240              		.loc 1 47 13 view .LVU48
 241 0032 0121     		movs	r1, #1
 242 0034 614A     		ldr	r2, .L11+16
 243 0036 1068     		ldr	r0, [r2]
 244 0038 9847     		blx	r3
 245              	.LVL11:
  48:App/Task_Display/Task_Widget.c ****             change = true;
 246              		.loc 1 48 13 is_stmt 1 view .LVU49
 247              		.loc 1 48 20 is_stmt 0 view .LVU50
 248 003a 5C4B     		ldr	r3, .L11
 249 003c 0122     		movs	r2, #1
 250 003e 1A70     		strb	r2, [r3]
 251              	.L7:
  49:App/Task_Display/Task_Widget.c ****         }
  50:App/Task_Display/Task_Widget.c ****     }
  51:App/Task_Display/Task_Widget.c ****     else
  52:App/Task_Display/Task_Widget.c ****     {
  53:App/Task_Display/Task_Widget.c ****         rad -= 2;
  54:App/Task_Display/Task_Widget.c **** 
  55:App/Task_Display/Task_Widget.c ****         if (rad <= 2)
  56:App/Task_Display/Task_Widget.c ****         {
  57:App/Task_Display/Task_Widget.c ****             //Widget_Mng.Control(test4)->UI()->Button()->Operate(test_btn, UI_Btn_RlsUp);
  58:App/Task_Display/Task_Widget.c ****             change = false;
  59:App/Task_Display/Task_Widget.c ****         }
  60:App/Task_Display/Task_Widget.c ****     }
  61:App/Task_Display/Task_Widget.c **** 
  62:App/Task_Display/Task_Widget.c ****     if (!move)
 252              		.loc 1 62 5 is_stmt 1 view .LVU51
 253              		.loc 1 62 9 is_stmt 0 view .LVU52
 254 0040 5F4B     		ldr	r3, .L11+20
 255 0042 1B78     		ldrb	r3, [r3]	@ zero_extendqisi2
 256              		.loc 1 62 8 view .LVU53
 257 0044 002B     		cmp	r3, #0
 258 0046 40F09D80 		bne	.L8
  63:App/Task_Display/Task_Widget.c ****     {
  64:App/Task_Display/Task_Widget.c ****         dis += 2;
 259              		.loc 1 64 9 is_stmt 1 view .LVU54
 260              		.loc 1 64 13 is_stmt 0 view .LVU55
 261 004a 5E4A     		ldr	r2, .L11+24
 262 004c 1378     		ldrb	r3, [r2]	@ zero_extendqisi2
 263 004e 0233     		adds	r3, r3, #2
 264 0050 5BB2     		sxtb	r3, r3
 265 0052 1370     		strb	r3, [r2]
  65:App/Task_Display/Task_Widget.c **** 
  66:App/Task_Display/Task_Widget.c ****         if (dis > 20)
 266              		.loc 1 66 9 is_stmt 1 view .LVU56
 267              		.loc 1 66 12 is_stmt 0 view .LVU57
 268 0054 142B     		cmp	r3, #20
 269 0056 1ADD     		ble	.L9
  67:App/Task_Display/Task_Widget.c ****         {
  68:App/Task_Display/Task_Widget.c ****             Widget_Mng.Control(test1)->Clear();
 270              		.loc 1 68 13 is_stmt 1 view .LVU58
 271              		.loc 1 68 23 is_stmt 0 view .LVU59
 272 0058 564D     		ldr	r5, .L11+8
ARM GAS  C:\Users\97116\AppData\Local\Temp\cccqXLdo.s 			page 7


 273 005a AB68     		ldr	r3, [r5, #8]	@ unaligned
 274              		.loc 1 68 13 view .LVU60
 275 005c 5A4C     		ldr	r4, .L11+28
 276 005e 2068     		ldr	r0, [r4]
 277 0060 9847     		blx	r3
 278              	.LVL12:
 279              		.loc 1 68 38 view .LVU61
 280 0062 C368     		ldr	r3, [r0, #12]	@ unaligned
 281              		.loc 1 68 13 view .LVU62
 282 0064 9847     		blx	r3
 283              	.LVL13:
  69:App/Task_Display/Task_Widget.c ****             Widget_Mng.Control(test1)->Draw()->draw_char(Font_12, '1', 8, 2, true);
 284              		.loc 1 69 13 is_stmt 1 view .LVU63
 285              		.loc 1 69 23 is_stmt 0 view .LVU64
 286 0066 AB68     		ldr	r3, [r5, #8]	@ unaligned
 287              		.loc 1 69 13 view .LVU65
 288 0068 2068     		ldr	r0, [r4]
 289 006a 9847     		blx	r3
 290              	.LVL14:
 291              		.loc 1 69 38 view .LVU66
 292 006c 4369     		ldr	r3, [r0, #20]	@ unaligned
 293              		.loc 1 69 13 view .LVU67
 294 006e 9847     		blx	r3
 295              	.LVL15:
 296              		.loc 1 69 46 view .LVU68
 297 0070 C768     		ldr	r7, [r0, #12]	@ unaligned
 298              		.loc 1 69 13 view .LVU69
 299 0072 0126     		movs	r6, #1
 300 0074 0096     		str	r6, [sp]
 301 0076 0223     		movs	r3, #2
 302 0078 0822     		movs	r2, #8
 303 007a 3121     		movs	r1, #49
 304 007c 0C20     		movs	r0, #12
 305 007e B847     		blx	r7
 306              	.LVL16:
  70:App/Task_Display/Task_Widget.c ****             Widget_Mng.Control(test1)->Show();
 307              		.loc 1 70 13 is_stmt 1 view .LVU70
 308              		.loc 1 70 23 is_stmt 0 view .LVU71
 309 0080 AB68     		ldr	r3, [r5, #8]	@ unaligned
 310              		.loc 1 70 13 view .LVU72
 311 0082 2068     		ldr	r0, [r4]
 312 0084 9847     		blx	r3
 313              	.LVL17:
 314              		.loc 1 70 38 view .LVU73
 315 0086 0368     		ldr	r3, [r0]	@ unaligned
 316              		.loc 1 70 13 view .LVU74
 317 0088 9847     		blx	r3
 318              	.LVL18:
  71:App/Task_Display/Task_Widget.c ****             move = true;
 319              		.loc 1 71 13 is_stmt 1 view .LVU75
 320              		.loc 1 71 18 is_stmt 0 view .LVU76
 321 008a 4D4B     		ldr	r3, .L11+20
 322 008c 1E70     		strb	r6, [r3]
 323              	.L9:
  72:App/Task_Display/Task_Widget.c ****         }
  73:App/Task_Display/Task_Widget.c ****     }
  74:App/Task_Display/Task_Widget.c ****     else
ARM GAS  C:\Users\97116\AppData\Local\Temp\cccqXLdo.s 			page 8


  75:App/Task_Display/Task_Widget.c ****     {
  76:App/Task_Display/Task_Widget.c ****         dis -= 2;
  77:App/Task_Display/Task_Widget.c **** 
  78:App/Task_Display/Task_Widget.c ****         if (dis <= 2)
  79:App/Task_Display/Task_Widget.c ****         {
  80:App/Task_Display/Task_Widget.c ****             Widget_Mng.Control(test1)->Hide();
  81:App/Task_Display/Task_Widget.c ****             move = false;
  82:App/Task_Display/Task_Widget.c ****         }
  83:App/Task_Display/Task_Widget.c ****     }
  84:App/Task_Display/Task_Widget.c **** 
  85:App/Task_Display/Task_Widget.c ****     Widget_Mng.Control(test4)->Clear();
 324              		.loc 1 85 5 is_stmt 1 view .LVU77
 325              		.loc 1 85 15 is_stmt 0 view .LVU78
 326 008e 494C     		ldr	r4, .L11+8
 327 0090 A368     		ldr	r3, [r4, #8]	@ unaligned
 328              		.loc 1 85 5 view .LVU79
 329 0092 494D     		ldr	r5, .L11+12
 330 0094 2868     		ldr	r0, [r5]
 331 0096 9847     		blx	r3
 332              	.LVL19:
 333              		.loc 1 85 30 view .LVU80
 334 0098 C368     		ldr	r3, [r0, #12]	@ unaligned
 335              		.loc 1 85 5 view .LVU81
 336 009a 9847     		blx	r3
 337              	.LVL20:
  86:App/Task_Display/Task_Widget.c ****     Widget_Mng.Control(test4)->Draw()->draw_char(Font_12, '4', 8, 2, true);
 338              		.loc 1 86 5 is_stmt 1 view .LVU82
 339              		.loc 1 86 15 is_stmt 0 view .LVU83
 340 009c A368     		ldr	r3, [r4, #8]	@ unaligned
 341              		.loc 1 86 5 view .LVU84
 342 009e 2868     		ldr	r0, [r5]
 343 00a0 9847     		blx	r3
 344              	.LVL21:
 345              		.loc 1 86 30 view .LVU85
 346 00a2 4369     		ldr	r3, [r0, #20]	@ unaligned
 347              		.loc 1 86 5 view .LVU86
 348 00a4 9847     		blx	r3
 349              	.LVL22:
 350              		.loc 1 86 38 view .LVU87
 351 00a6 C768     		ldr	r7, [r0, #12]	@ unaligned
 352              		.loc 1 86 5 view .LVU88
 353 00a8 0126     		movs	r6, #1
 354 00aa 0096     		str	r6, [sp]
 355 00ac 0223     		movs	r3, #2
 356 00ae 0822     		movs	r2, #8
 357 00b0 3421     		movs	r1, #52
 358 00b2 0C20     		movs	r0, #12
 359 00b4 B847     		blx	r7
 360              	.LVL23:
  87:App/Task_Display/Task_Widget.c ****     Widget_Mng.Control(test4)->UI()->Button()->Fresh(test_btn);
 361              		.loc 1 87 5 is_stmt 1 view .LVU89
 362              		.loc 1 87 15 is_stmt 0 view .LVU90
 363 00b6 A368     		ldr	r3, [r4, #8]	@ unaligned
 364              		.loc 1 87 5 view .LVU91
 365 00b8 2868     		ldr	r0, [r5]
 366 00ba 9847     		blx	r3
 367              	.LVL24:
ARM GAS  C:\Users\97116\AppData\Local\Temp\cccqXLdo.s 			page 9


 368              		.loc 1 87 30 view .LVU92
 369 00bc 8369     		ldr	r3, [r0, #24]	@ unaligned
 370              		.loc 1 87 5 view .LVU93
 371 00be 9847     		blx	r3
 372              	.LVL25:
 373              		.loc 1 87 36 view .LVU94
 374 00c0 8368     		ldr	r3, [r0, #8]	@ unaligned
 375              		.loc 1 87 5 view .LVU95
 376 00c2 9847     		blx	r3
 377              	.LVL26:
 378              		.loc 1 87 46 view .LVU96
 379 00c4 0369     		ldr	r3, [r0, #16]	@ unaligned
 380              		.loc 1 87 5 view .LVU97
 381 00c6 3D4A     		ldr	r2, .L11+16
 382 00c8 1068     		ldr	r0, [r2]
 383 00ca 9847     		blx	r3
 384              	.LVL27:
  88:App/Task_Display/Task_Widget.c ****     Widget_Mng.Control(test4)->Show();
 385              		.loc 1 88 5 is_stmt 1 view .LVU98
 386              		.loc 1 88 15 is_stmt 0 view .LVU99
 387 00cc A368     		ldr	r3, [r4, #8]	@ unaligned
 388              		.loc 1 88 5 view .LVU100
 389 00ce 2868     		ldr	r0, [r5]
 390 00d0 9847     		blx	r3
 391              	.LVL28:
 392              		.loc 1 88 30 view .LVU101
 393 00d2 0368     		ldr	r3, [r0]	@ unaligned
 394              		.loc 1 88 5 view .LVU102
 395 00d4 9847     		blx	r3
 396              	.LVL29:
  89:App/Task_Display/Task_Widget.c **** 
  90:App/Task_Display/Task_Widget.c ****     Widget_Mng.Control(test3)->Clear();
 397              		.loc 1 90 5 is_stmt 1 view .LVU103
 398              		.loc 1 90 15 is_stmt 0 view .LVU104
 399 00d6 A368     		ldr	r3, [r4, #8]	@ unaligned
 400              		.loc 1 90 5 view .LVU105
 401 00d8 3C4D     		ldr	r5, .L11+32
 402 00da 2868     		ldr	r0, [r5]
 403 00dc 9847     		blx	r3
 404              	.LVL30:
 405              		.loc 1 90 30 view .LVU106
 406 00de C368     		ldr	r3, [r0, #12]	@ unaligned
 407              		.loc 1 90 5 view .LVU107
 408 00e0 9847     		blx	r3
 409              	.LVL31:
  91:App/Task_Display/Task_Widget.c ****     Widget_Mng.Control(test3)->Move(15 + dis, 15);
 410              		.loc 1 91 5 is_stmt 1 view .LVU108
 411              		.loc 1 91 15 is_stmt 0 view .LVU109
 412 00e2 A368     		ldr	r3, [r4, #8]	@ unaligned
 413              		.loc 1 91 5 view .LVU110
 414 00e4 2868     		ldr	r0, [r5]
 415 00e6 9847     		blx	r3
 416              	.LVL32:
 417              		.loc 1 91 30 view .LVU111
 418 00e8 8368     		ldr	r3, [r0, #8]	@ unaligned
 419              		.loc 1 91 5 view .LVU112
 420 00ea 364A     		ldr	r2, .L11+24
ARM GAS  C:\Users\97116\AppData\Local\Temp\cccqXLdo.s 			page 10


 421 00ec 1078     		ldrb	r0, [r2]	@ zero_extendqisi2
 422 00ee 0F30     		adds	r0, r0, #15
 423 00f0 0F21     		movs	r1, #15
 424 00f2 C0B2     		uxtb	r0, r0
 425 00f4 9847     		blx	r3
 426              	.LVL33:
  92:App/Task_Display/Task_Widget.c ****     Widget_Mng.Control(test3)->Draw()->fill_circle(35, 20, rad, true);
 427              		.loc 1 92 5 is_stmt 1 view .LVU113
 428              		.loc 1 92 15 is_stmt 0 view .LVU114
 429 00f6 A368     		ldr	r3, [r4, #8]	@ unaligned
 430              		.loc 1 92 5 view .LVU115
 431 00f8 2868     		ldr	r0, [r5]
 432 00fa 9847     		blx	r3
 433              	.LVL34:
 434              		.loc 1 92 30 view .LVU116
 435 00fc 4369     		ldr	r3, [r0, #20]	@ unaligned
 436              		.loc 1 92 5 view .LVU117
 437 00fe 9847     		blx	r3
 438              	.LVL35:
 439              		.loc 1 92 38 view .LVU118
 440 0100 D0F82C80 		ldr	r8, [r0, #44]	@ unaligned
 441              		.loc 1 92 5 view .LVU119
 442 0104 2A4F     		ldr	r7, .L11+4
 443 0106 3346     		mov	r3, r6
 444 0108 3A78     		ldrb	r2, [r7]	@ zero_extendqisi2
 445 010a 1421     		movs	r1, #20
 446 010c 2320     		movs	r0, #35
 447 010e C047     		blx	r8
 448              	.LVL36:
  93:App/Task_Display/Task_Widget.c ****     Widget_Mng.Control(test3)->Draw()->fill_circle(35, 20, rad - 2, false);
 449              		.loc 1 93 5 is_stmt 1 view .LVU120
 450              		.loc 1 93 15 is_stmt 0 view .LVU121
 451 0110 A368     		ldr	r3, [r4, #8]	@ unaligned
 452              		.loc 1 93 5 view .LVU122
 453 0112 2868     		ldr	r0, [r5]
 454 0114 9847     		blx	r3
 455              	.LVL37:
 456              		.loc 1 93 30 view .LVU123
 457 0116 4369     		ldr	r3, [r0, #20]	@ unaligned
 458              		.loc 1 93 5 view .LVU124
 459 0118 9847     		blx	r3
 460              	.LVL38:
 461              		.loc 1 93 38 view .LVU125
 462 011a D0F82C80 		ldr	r8, [r0, #44]	@ unaligned
 463              		.loc 1 93 5 view .LVU126
 464 011e 3A78     		ldrb	r2, [r7]	@ zero_extendqisi2
 465 0120 023A     		subs	r2, r2, #2
 466 0122 0023     		movs	r3, #0
 467 0124 D2B2     		uxtb	r2, r2
 468 0126 1421     		movs	r1, #20
 469 0128 2320     		movs	r0, #35
 470 012a C047     		blx	r8
 471              	.LVL39:
  94:App/Task_Display/Task_Widget.c **** 
  95:App/Task_Display/Task_Widget.c ****     Widget_Mng.Control(test3)->Draw()->draw_str(Font_12, "8_B!T0", 15, 22, true);
 472              		.loc 1 95 5 is_stmt 1 view .LVU127
 473              		.loc 1 95 15 is_stmt 0 view .LVU128
ARM GAS  C:\Users\97116\AppData\Local\Temp\cccqXLdo.s 			page 11


 474 012c A368     		ldr	r3, [r4, #8]	@ unaligned
 475              		.loc 1 95 5 view .LVU129
 476 012e 2868     		ldr	r0, [r5]
 477 0130 9847     		blx	r3
 478              	.LVL40:
 479              		.loc 1 95 30 view .LVU130
 480 0132 4369     		ldr	r3, [r0, #20]	@ unaligned
 481              		.loc 1 95 5 view .LVU131
 482 0134 9847     		blx	r3
 483              	.LVL41:
 484              		.loc 1 95 38 view .LVU132
 485 0136 0769     		ldr	r7, [r0, #16]	@ unaligned
 486              		.loc 1 95 5 view .LVU133
 487 0138 0096     		str	r6, [sp]
 488 013a 1623     		movs	r3, #22
 489 013c 0F22     		movs	r2, #15
 490 013e 2449     		ldr	r1, .L11+36
 491 0140 0C20     		movs	r0, #12
 492 0142 B847     		blx	r7
 493              	.LVL42:
  96:App/Task_Display/Task_Widget.c ****     Widget_Mng.Control(test3)->Draw()->draw_char(Font_12, '3', 8, 2, true);
 494              		.loc 1 96 5 is_stmt 1 view .LVU134
 495              		.loc 1 96 15 is_stmt 0 view .LVU135
 496 0144 A368     		ldr	r3, [r4, #8]	@ unaligned
 497              		.loc 1 96 5 view .LVU136
 498 0146 2868     		ldr	r0, [r5]
 499 0148 9847     		blx	r3
 500              	.LVL43:
 501              		.loc 1 96 30 view .LVU137
 502 014a 4369     		ldr	r3, [r0, #20]	@ unaligned
 503              		.loc 1 96 5 view .LVU138
 504 014c 9847     		blx	r3
 505              	.LVL44:
 506              		.loc 1 96 38 view .LVU139
 507 014e C768     		ldr	r7, [r0, #12]	@ unaligned
 508              		.loc 1 96 5 view .LVU140
 509 0150 0096     		str	r6, [sp]
 510 0152 0223     		movs	r3, #2
 511 0154 0822     		movs	r2, #8
 512 0156 3321     		movs	r1, #51
 513 0158 0C20     		movs	r0, #12
 514 015a B847     		blx	r7
 515              	.LVL45:
  97:App/Task_Display/Task_Widget.c ****     Widget_Mng.Control(test3)->Show();
 516              		.loc 1 97 5 is_stmt 1 view .LVU141
 517              		.loc 1 97 15 is_stmt 0 view .LVU142
 518 015c A368     		ldr	r3, [r4, #8]	@ unaligned
 519              		.loc 1 97 5 view .LVU143
 520 015e 2868     		ldr	r0, [r5]
 521 0160 9847     		blx	r3
 522              	.LVL46:
 523              		.loc 1 97 30 view .LVU144
 524 0162 0368     		ldr	r3, [r0]	@ unaligned
 525              		.loc 1 97 5 view .LVU145
 526 0164 9847     		blx	r3
 527              	.LVL47:
  98:App/Task_Display/Task_Widget.c **** 
ARM GAS  C:\Users\97116\AppData\Local\Temp\cccqXLdo.s 			page 12


  99:App/Task_Display/Task_Widget.c ****     //Widget_Mng.Control(test2)->Clear();
 100:App/Task_Display/Task_Widget.c ****     //Widget_Mng.Control(test2)->Move(50, 5 + dis);
 101:App/Task_Display/Task_Widget.c ****     //Widget_Mng.Control(test2)->Draw()->draw_char(Font_12, '2', 8, 2, true);
 102:App/Task_Display/Task_Widget.c ****     //Widget_Mng.Control(test2)->Draw()->fill_radius_rectangle(22, 3, 25, 14, 3);
 103:App/Task_Display/Task_Widget.c ****     //Widget_Mng.Control(test2)->Draw()->draw_str(Font_12, "yes", 24, 3, false);
 104:App/Task_Display/Task_Widget.c ****     ////Widget_Mng.Control(test2)->Draw()->draw_str(Font_12, "no", 46, 40, true);
 105:App/Task_Display/Task_Widget.c ****     ////Widget_Mng.Control(test2)->Draw()->draw_radius_rectangle(40, 40, 25, 15, 3, 1);
 106:App/Task_Display/Task_Widget.c ****     //Widget_Mng.Control(test2)->Show();
 107:App/Task_Display/Task_Widget.c **** }
 528              		.loc 1 107 1 view .LVU146
 529 0166 02B0     		add	sp, sp, #8
 530              	.LCFI5:
 531              		.cfi_remember_state
 532              		.cfi_def_cfa_offset 24
 533              		@ sp needed
 534 0168 BDE8F081 		pop	{r4, r5, r6, r7, r8, pc}
 535              	.L6:
 536              	.LCFI6:
 537              		.cfi_restore_state
  53:App/Task_Display/Task_Widget.c **** 
 538              		.loc 1 53 9 is_stmt 1 view .LVU147
  53:App/Task_Display/Task_Widget.c **** 
 539              		.loc 1 53 13 is_stmt 0 view .LVU148
 540 016c 104A     		ldr	r2, .L11+4
 541 016e 1378     		ldrb	r3, [r2]	@ zero_extendqisi2
 542 0170 023B     		subs	r3, r3, #2
 543 0172 5BB2     		sxtb	r3, r3
 544 0174 1370     		strb	r3, [r2]
  55:App/Task_Display/Task_Widget.c ****         {
 545              		.loc 1 55 9 is_stmt 1 view .LVU149
  55:App/Task_Display/Task_Widget.c ****         {
 546              		.loc 1 55 12 is_stmt 0 view .LVU150
 547 0176 022B     		cmp	r3, #2
 548 0178 3FF762AF 		bgt	.L7
  58:App/Task_Display/Task_Widget.c ****         }
 549              		.loc 1 58 13 is_stmt 1 view .LVU151
  58:App/Task_Display/Task_Widget.c ****         }
 550              		.loc 1 58 20 is_stmt 0 view .LVU152
 551 017c 0B4B     		ldr	r3, .L11
 552 017e 0022     		movs	r2, #0
 553 0180 1A70     		strb	r2, [r3]
 554 0182 5DE7     		b	.L7
 555              	.L8:
  76:App/Task_Display/Task_Widget.c **** 
 556              		.loc 1 76 9 is_stmt 1 view .LVU153
  76:App/Task_Display/Task_Widget.c **** 
 557              		.loc 1 76 13 is_stmt 0 view .LVU154
 558 0184 0F4A     		ldr	r2, .L11+24
 559 0186 1378     		ldrb	r3, [r2]	@ zero_extendqisi2
 560 0188 023B     		subs	r3, r3, #2
 561 018a 5BB2     		sxtb	r3, r3
 562 018c 1370     		strb	r3, [r2]
  78:App/Task_Display/Task_Widget.c ****         {
 563              		.loc 1 78 9 is_stmt 1 view .LVU155
  78:App/Task_Display/Task_Widget.c ****         {
 564              		.loc 1 78 12 is_stmt 0 view .LVU156
 565 018e 022B     		cmp	r3, #2
ARM GAS  C:\Users\97116\AppData\Local\Temp\cccqXLdo.s 			page 13


 566 0190 3FF77DAF 		bgt	.L9
  80:App/Task_Display/Task_Widget.c ****             move = false;
 567              		.loc 1 80 13 is_stmt 1 view .LVU157
  80:App/Task_Display/Task_Widget.c ****             move = false;
 568              		.loc 1 80 23 is_stmt 0 view .LVU158
 569 0194 074B     		ldr	r3, .L11+8
 570 0196 9B68     		ldr	r3, [r3, #8]	@ unaligned
  80:App/Task_Display/Task_Widget.c ****             move = false;
 571              		.loc 1 80 13 view .LVU159
 572 0198 0B4A     		ldr	r2, .L11+28
 573 019a 1068     		ldr	r0, [r2]
 574 019c 9847     		blx	r3
 575              	.LVL48:
  80:App/Task_Display/Task_Widget.c ****             move = false;
 576              		.loc 1 80 38 view .LVU160
 577 019e 4368     		ldr	r3, [r0, #4]	@ unaligned
  80:App/Task_Display/Task_Widget.c ****             move = false;
 578              		.loc 1 80 13 view .LVU161
 579 01a0 9847     		blx	r3
 580              	.LVL49:
  81:App/Task_Display/Task_Widget.c ****         }
 581              		.loc 1 81 13 is_stmt 1 view .LVU162
  81:App/Task_Display/Task_Widget.c ****         }
 582              		.loc 1 81 18 is_stmt 0 view .LVU163
 583 01a2 074B     		ldr	r3, .L11+20
 584 01a4 0022     		movs	r2, #0
 585 01a6 1A70     		strb	r2, [r3]
 586 01a8 71E7     		b	.L9
 587              	.L12:
 588 01aa 00BF     		.align	2
 589              	.L11:
 590 01ac 00000000 		.word	.LANCHOR4
 591 01b0 00000000 		.word	.LANCHOR5
 592 01b4 00000000 		.word	Widget_Mng
 593 01b8 00000000 		.word	.LANCHOR2
 594 01bc 00000000 		.word	.LANCHOR3
 595 01c0 00000000 		.word	.LANCHOR6
 596 01c4 00000000 		.word	.LANCHOR7
 597 01c8 00000000 		.word	.LANCHOR0
 598 01cc 00000000 		.word	.LANCHOR1
 599 01d0 00000000 		.word	.LC4
 600              		.cfi_endproc
 601              	.LFE4:
 603              		.section	.text.TaskWidget_Core,"ax",%progbits
 604              		.align	1
 605              		.global	TaskWidget_Core
 606              		.syntax unified
 607              		.thumb
 608              		.thumb_func
 609              		.fpu fpv4-sp-d16
 611              	TaskWidget_Core:
 612              	.LVL50:
 613              	.LFB5:
 108:App/Task_Display/Task_Widget.c **** 
 109:App/Task_Display/Task_Widget.c **** void TaskWidget_Core(Task_Handler self)
 110:App/Task_Display/Task_Widget.c **** {
 614              		.loc 1 110 1 is_stmt 1 view -0
ARM GAS  C:\Users\97116\AppData\Local\Temp\cccqXLdo.s 			page 14


 615              		.cfi_startproc
 616              		@ args = 0, pretend = 0, frame = 0
 617              		@ frame_needed = 0, uses_anonymous_args = 0
 618              		.loc 1 110 1 is_stmt 0 view .LVU165
 619 0000 08B5     		push	{r3, lr}
 620              	.LCFI7:
 621              		.cfi_def_cfa_offset 8
 622              		.cfi_offset 3, -8
 623              		.cfi_offset 14, -4
 111:App/Task_Display/Task_Widget.c ****     switch ((uint8_t)TaskWidget_State)
 624              		.loc 1 111 5 is_stmt 1 view .LVU166
 625              		.loc 1 111 13 is_stmt 0 view .LVU167
 626 0002 114B     		ldr	r3, .L20
 627 0004 1B78     		ldrb	r3, [r3]	@ zero_extendqisi2
 628              		.loc 1 111 5 view .LVU168
 629 0006 012B     		cmp	r3, #1
 630 0008 09D0     		beq	.L14
 631 000a 022B     		cmp	r3, #2
 632 000c 13D0     		beq	.L15
 633 000e 03B1     		cbz	r3, .L19
 634              	.LVL51:
 635              	.L13:
 112:App/Task_Display/Task_Widget.c ****     {
 113:App/Task_Display/Task_Widget.c ****     case TaskWdiget_State_Init:
 114:App/Task_Display/Task_Widget.c ****         TaskWidget_Init();
 115:App/Task_Display/Task_Widget.c ****         TaskWidget_State = TaskWidget_State_CheckFresh;
 116:App/Task_Display/Task_Widget.c ****         break;
 117:App/Task_Display/Task_Widget.c **** 
 118:App/Task_Display/Task_Widget.c ****     case TaskWidget_State_CheckFresh:
 119:App/Task_Display/Task_Widget.c ****         if (Widget_Mng.trigger_fresh())
 120:App/Task_Display/Task_Widget.c ****         {
 121:App/Task_Display/Task_Widget.c ****             TaskWidget_State = TaskWidget_State_Fresh;
 122:App/Task_Display/Task_Widget.c ****         }
 123:App/Task_Display/Task_Widget.c ****         else
 124:App/Task_Display/Task_Widget.c ****             TaskWidget_State = TaskWidget_State_CheckFresh;
 125:App/Task_Display/Task_Widget.c ****         break;
 126:App/Task_Display/Task_Widget.c **** 
 127:App/Task_Display/Task_Widget.c ****     case TaskWidget_State_Fresh:
 128:App/Task_Display/Task_Widget.c ****         TestWidget_Dynamic_Dsp();
 129:App/Task_Display/Task_Widget.c ****         Widget_Mng.fresh_all();
 130:App/Task_Display/Task_Widget.c ****         TaskWidget_State = TaskWidget_State_CheckFresh;
 131:App/Task_Display/Task_Widget.c ****         break;
 132:App/Task_Display/Task_Widget.c ****     }
 133:App/Task_Display/Task_Widget.c **** }
 636              		.loc 1 133 1 view .LVU169
 637 0010 08BD     		pop	{r3, pc}
 638              	.LVL52:
 639              	.L19:
 114:App/Task_Display/Task_Widget.c ****         TaskWidget_State = TaskWidget_State_CheckFresh;
 640              		.loc 1 114 9 is_stmt 1 view .LVU170
 641 0012 FFF7FEFF 		bl	TaskWidget_Init
 642              	.LVL53:
 115:App/Task_Display/Task_Widget.c ****         break;
 643              		.loc 1 115 9 view .LVU171
 115:App/Task_Display/Task_Widget.c ****         break;
 644              		.loc 1 115 26 is_stmt 0 view .LVU172
 645 0016 0C4B     		ldr	r3, .L20
ARM GAS  C:\Users\97116\AppData\Local\Temp\cccqXLdo.s 			page 15


 646 0018 0122     		movs	r2, #1
 647 001a 1A70     		strb	r2, [r3]
 116:App/Task_Display/Task_Widget.c **** 
 648              		.loc 1 116 9 is_stmt 1 view .LVU173
 649 001c F8E7     		b	.L13
 650              	.LVL54:
 651              	.L14:
 119:App/Task_Display/Task_Widget.c ****         {
 652              		.loc 1 119 9 view .LVU174
 119:App/Task_Display/Task_Widget.c ****         {
 653              		.loc 1 119 23 is_stmt 0 view .LVU175
 654 001e 0B4B     		ldr	r3, .L20+4
 655 0020 1B69     		ldr	r3, [r3, #16]	@ unaligned
 119:App/Task_Display/Task_Widget.c ****         {
 656              		.loc 1 119 13 view .LVU176
 657 0022 9847     		blx	r3
 658              	.LVL55:
 119:App/Task_Display/Task_Widget.c ****         {
 659              		.loc 1 119 12 view .LVU177
 660 0024 18B1     		cbz	r0, .L17
 121:App/Task_Display/Task_Widget.c ****         }
 661              		.loc 1 121 13 is_stmt 1 view .LVU178
 121:App/Task_Display/Task_Widget.c ****         }
 662              		.loc 1 121 30 is_stmt 0 view .LVU179
 663 0026 084B     		ldr	r3, .L20
 664 0028 0222     		movs	r2, #2
 665 002a 1A70     		strb	r2, [r3]
 666 002c F0E7     		b	.L13
 667              	.L17:
 124:App/Task_Display/Task_Widget.c ****         break;
 668              		.loc 1 124 13 is_stmt 1 view .LVU180
 124:App/Task_Display/Task_Widget.c ****         break;
 669              		.loc 1 124 30 is_stmt 0 view .LVU181
 670 002e 064B     		ldr	r3, .L20
 671 0030 0122     		movs	r2, #1
 672 0032 1A70     		strb	r2, [r3]
 673 0034 ECE7     		b	.L13
 674              	.LVL56:
 675              	.L15:
 128:App/Task_Display/Task_Widget.c ****         Widget_Mng.fresh_all();
 676              		.loc 1 128 9 is_stmt 1 view .LVU182
 677 0036 FFF7FEFF 		bl	TestWidget_Dynamic_Dsp
 678              	.LVL57:
 129:App/Task_Display/Task_Widget.c ****         TaskWidget_State = TaskWidget_State_CheckFresh;
 679              		.loc 1 129 9 view .LVU183
 129:App/Task_Display/Task_Widget.c ****         TaskWidget_State = TaskWidget_State_CheckFresh;
 680              		.loc 1 129 19 is_stmt 0 view .LVU184
 681 003a 044B     		ldr	r3, .L20+4
 682 003c 5B69     		ldr	r3, [r3, #20]	@ unaligned
 129:App/Task_Display/Task_Widget.c ****         TaskWidget_State = TaskWidget_State_CheckFresh;
 683              		.loc 1 129 9 view .LVU185
 684 003e 9847     		blx	r3
 685              	.LVL58:
 130:App/Task_Display/Task_Widget.c ****         break;
 686              		.loc 1 130 9 is_stmt 1 view .LVU186
 130:App/Task_Display/Task_Widget.c ****         break;
 687              		.loc 1 130 26 is_stmt 0 view .LVU187
ARM GAS  C:\Users\97116\AppData\Local\Temp\cccqXLdo.s 			page 16


 688 0040 014B     		ldr	r3, .L20
 689 0042 0122     		movs	r2, #1
 690 0044 1A70     		strb	r2, [r3]
 131:App/Task_Display/Task_Widget.c ****     }
 691              		.loc 1 131 9 is_stmt 1 view .LVU188
 692              		.loc 1 133 1 is_stmt 0 view .LVU189
 693 0046 E3E7     		b	.L13
 694              	.L21:
 695              		.align	2
 696              	.L20:
 697 0048 00000000 		.word	.LANCHOR8
 698 004c 00000000 		.word	Widget_Mng
 699              		.cfi_endproc
 700              	.LFE5:
 702              		.global	TaskWidget_Hdl
 703              		.section	.bss.TaskWidget_Hdl,"aw",%nobits
 704              		.align	2
 707              	TaskWidget_Hdl:
 708 0000 00000000 		.space	4
 709              		.section	.bss.TaskWidget_State,"aw",%nobits
 710              		.set	.LANCHOR8,. + 0
 713              	TaskWidget_State:
 714 0000 00       		.space	1
 715              		.section	.bss.change.3,"aw",%nobits
 716              		.set	.LANCHOR4,. + 0
 719              	change.3:
 720 0000 00       		.space	1
 721              		.section	.bss.dis.0,"aw",%nobits
 722              		.set	.LANCHOR7,. + 0
 725              	dis.0:
 726 0000 00       		.space	1
 727              		.section	.bss.move.1,"aw",%nobits
 728              		.set	.LANCHOR6,. + 0
 731              	move.1:
 732 0000 00       		.space	1
 733              		.section	.bss.rad.2,"aw",%nobits
 734              		.set	.LANCHOR5,. + 0
 737              	rad.2:
 738 0000 00       		.space	1
 739              		.section	.bss.test1,"aw",%nobits
 740              		.align	2
 741              		.set	.LANCHOR0,. + 0
 744              	test1:
 745 0000 00000000 		.space	4
 746              		.section	.bss.test3,"aw",%nobits
 747              		.align	2
 748              		.set	.LANCHOR1,. + 0
 751              	test3:
 752 0000 00000000 		.space	4
 753              		.section	.bss.test4,"aw",%nobits
 754              		.align	2
 755              		.set	.LANCHOR2,. + 0
 758              	test4:
 759 0000 00000000 		.space	4
 760              		.section	.bss.test_btn,"aw",%nobits
 761              		.align	2
 762              		.set	.LANCHOR3,. + 0
ARM GAS  C:\Users\97116\AppData\Local\Temp\cccqXLdo.s 			page 17


 765              	test_btn:
 766 0000 00000000 		.space	4
 767              		.text
 768              	.Letext0:
 769              		.file 2 "c:\\program files (x86)\\gnu arm embedded toolchain\\10 2020-q4-major\\arm-none-eabi\\inc
 770              		.file 3 "c:\\program files (x86)\\gnu arm embedded toolchain\\10 2020-q4-major\\arm-none-eabi\\inc
 771              		.file 4 "SYS/task_manager/task_manager.h"
 772              		.file 5 "App/Task_Display/Task_Widget.h"
 773              		.file 6 "Dsp/screen/font/oledfont.h"
 774              		.file 7 "Dsp/widget/wgt_core/GenDsp.h"
 775              		.file 8 "Dsp/screen/OledIO_Definition/Oled_DspProp_Def.h"
 776              		.file 9 "Dsp/widget/wgt_core/UI_Controller.h"
 777              		.file 10 "Dsp/widget/wgt_core/widget_mng.h"
ARM GAS  C:\Users\97116\AppData\Local\Temp\cccqXLdo.s 			page 18


DEFINED SYMBOLS
                            *ABS*:00000000 Task_Widget.c
C:\Users\97116\AppData\Local\Temp\cccqXLdo.s:18     .rodata.TaskWidget_Init.str1.4:00000000 $d
C:\Users\97116\AppData\Local\Temp\cccqXLdo.s:31     .text.TaskWidget_Init:00000000 $t
C:\Users\97116\AppData\Local\Temp\cccqXLdo.s:38     .text.TaskWidget_Init:00000000 TaskWidget_Init
C:\Users\97116\AppData\Local\Temp\cccqXLdo.s:156    .text.TaskWidget_Init:0000007c $d
C:\Users\97116\AppData\Local\Temp\cccqXLdo.s:169    .rodata.TestWidget_Dynamic_Dsp.str1.4:00000000 $d
C:\Users\97116\AppData\Local\Temp\cccqXLdo.s:173    .text.TestWidget_Dynamic_Dsp:00000000 $t
C:\Users\97116\AppData\Local\Temp\cccqXLdo.s:179    .text.TestWidget_Dynamic_Dsp:00000000 TestWidget_Dynamic_Dsp
C:\Users\97116\AppData\Local\Temp\cccqXLdo.s:590    .text.TestWidget_Dynamic_Dsp:000001ac $d
C:\Users\97116\AppData\Local\Temp\cccqXLdo.s:604    .text.TaskWidget_Core:00000000 $t
C:\Users\97116\AppData\Local\Temp\cccqXLdo.s:611    .text.TaskWidget_Core:00000000 TaskWidget_Core
C:\Users\97116\AppData\Local\Temp\cccqXLdo.s:697    .text.TaskWidget_Core:00000048 $d
C:\Users\97116\AppData\Local\Temp\cccqXLdo.s:707    .bss.TaskWidget_Hdl:00000000 TaskWidget_Hdl
C:\Users\97116\AppData\Local\Temp\cccqXLdo.s:704    .bss.TaskWidget_Hdl:00000000 $d
C:\Users\97116\AppData\Local\Temp\cccqXLdo.s:713    .bss.TaskWidget_State:00000000 TaskWidget_State
C:\Users\97116\AppData\Local\Temp\cccqXLdo.s:714    .bss.TaskWidget_State:00000000 $d
C:\Users\97116\AppData\Local\Temp\cccqXLdo.s:719    .bss.change.3:00000000 change.3
C:\Users\97116\AppData\Local\Temp\cccqXLdo.s:720    .bss.change.3:00000000 $d
C:\Users\97116\AppData\Local\Temp\cccqXLdo.s:725    .bss.dis.0:00000000 dis.0
C:\Users\97116\AppData\Local\Temp\cccqXLdo.s:726    .bss.dis.0:00000000 $d
C:\Users\97116\AppData\Local\Temp\cccqXLdo.s:731    .bss.move.1:00000000 move.1
C:\Users\97116\AppData\Local\Temp\cccqXLdo.s:732    .bss.move.1:00000000 $d
C:\Users\97116\AppData\Local\Temp\cccqXLdo.s:737    .bss.rad.2:00000000 rad.2
C:\Users\97116\AppData\Local\Temp\cccqXLdo.s:738    .bss.rad.2:00000000 $d
C:\Users\97116\AppData\Local\Temp\cccqXLdo.s:740    .bss.test1:00000000 $d
C:\Users\97116\AppData\Local\Temp\cccqXLdo.s:744    .bss.test1:00000000 test1
C:\Users\97116\AppData\Local\Temp\cccqXLdo.s:747    .bss.test3:00000000 $d
C:\Users\97116\AppData\Local\Temp\cccqXLdo.s:751    .bss.test3:00000000 test3
C:\Users\97116\AppData\Local\Temp\cccqXLdo.s:754    .bss.test4:00000000 $d
C:\Users\97116\AppData\Local\Temp\cccqXLdo.s:758    .bss.test4:00000000 test4
C:\Users\97116\AppData\Local\Temp\cccqXLdo.s:761    .bss.test_btn:00000000 $d
C:\Users\97116\AppData\Local\Temp\cccqXLdo.s:765    .bss.test_btn:00000000 test_btn

UNDEFINED SYMBOLS
Widget_Mng
