ARM GAS  /var/folders/lx/hc4sn_b53233_zkc9xbbl97r0000gp/T//ccyGqTpY.s 			page 1


   1              		.cpu cortex-m4
   2              		.eabi_attribute 27, 1
   3              		.eabi_attribute 28, 1
   4              		.eabi_attribute 20, 1
   5              		.eabi_attribute 21, 1
   6              		.eabi_attribute 23, 3
   7              		.eabi_attribute 24, 1
   8              		.eabi_attribute 25, 1
   9              		.eabi_attribute 26, 1
  10              		.eabi_attribute 30, 1
  11              		.eabi_attribute 34, 1
  12              		.eabi_attribute 18, 4
  13              		.file	"Task_Input.c"
  14              		.text
  15              	.Ltext0:
  16              		.cfi_sections	.debug_frame
  17              		.section	.text.TaskInput_Init,"ax",%progbits
  18              		.align	1
  19              		.arch armv7e-m
  20              		.syntax unified
  21              		.thumb
  22              		.thumb_func
  23              		.fpu fpv4-sp-d16
  25              	TaskInput_Init:
  26              	.LFB126:
  27              		.file 1 "App/Task_Input/Task_Input.c"
   1:App/Task_Input/Task_Input.c **** #include "task_manager.h"
   2:App/Task_Input/Task_Input.c **** #include "Task_Input.h"
   3:App/Task_Input/Task_Input.c **** #include "Input_IO_Def.h"
   4:App/Task_Input/Task_Input.c **** 
   5:App/Task_Input/Task_Input.c **** Task_Handler SigInput_Tsk_Hdl;
   6:App/Task_Input/Task_Input.c **** 
   7:App/Task_Input/Task_Input.c **** /* internal variable */
   8:App/Task_Input/Task_Input.c **** static Input_Data_TypeDef InputData;
   9:App/Task_Input/Task_Input.c **** static TaskInput_Stage_List Task_Stage = TaskInput_Initialize;
  10:App/Task_Input/Task_Input.c **** 
  11:App/Task_Input/Task_Input.c **** static Gimbal_Proc_TypeDef Gimbal_L_ProcObj;
  12:App/Task_Input/Task_Input.c **** static Gimbal_Proc_TypeDef Gimbal_R_ProcObj;
  13:App/Task_Input/Task_Input.c **** 
  14:App/Task_Input/Task_Input.c **** static AnalogProc_Obj_TypeDef L_Pot_ProcObj;
  15:App/Task_Input/Task_Input.c **** static AnalogProc_Obj_TypeDef R_Pot_ProcObj;
  16:App/Task_Input/Task_Input.c **** 
  17:App/Task_Input/Task_Input.c **** /* input hardware abstract object */
  18:App/Task_Input/Task_Input.c **** static DevEncoder_Obj_TypeDef Encoder_Obj;
  19:App/Task_Input/Task_Input.c **** //static DevGimbal_Obj_TypeDef Gimbal_L_Obj;
  20:App/Task_Input/Task_Input.c **** //static DevGimbal_Obj_TypeDef Gimbal_R_Obj;
  21:App/Task_Input/Task_Input.c **** //static DevButton_TypeDef Btn_LShoulder_Obj;
  22:App/Task_Input/Task_Input.c **** //static DevButton_TypeDef Btn_RShoulder_Obj;
  23:App/Task_Input/Task_Input.c **** //static DirButton_Obj_TypeDef Btn_5Dir_Obj;
  24:App/Task_Input/Task_Input.c **** 
  25:App/Task_Input/Task_Input.c **** /* internal funciton */
  26:App/Task_Input/Task_Input.c **** static Input_Error_List TaskInput_Init(void);
  27:App/Task_Input/Task_Input.c **** static Input_Error_List TaskInput_Update(void);
  28:App/Task_Input/Task_Input.c **** Input_Data_TypeDef TaskInput_GetData(void);
  29:App/Task_Input/Task_Input.c **** 
  30:App/Task_Input/Task_Input.c **** /* internal function */
  31:App/Task_Input/Task_Input.c **** 
ARM GAS  /var/folders/lx/hc4sn_b53233_zkc9xbbl97r0000gp/T//ccyGqTpY.s 			page 2


  32:App/Task_Input/Task_Input.c **** /* external variable */
  33:App/Task_Input/Task_Input.c **** 
  34:App/Task_Input/Task_Input.c **** static Input_Error_List TaskInput_Init(void)
  35:App/Task_Input/Task_Input.c **** {
  28              		.loc 1 35 1 view -0
  29              		.cfi_startproc
  30              		@ args = 0, pretend = 0, frame = 64
  31              		@ frame_needed = 0, uses_anonymous_args = 0
  32 0000 30B5     		push	{r4, r5, lr}
  33              	.LCFI0:
  34              		.cfi_def_cfa_offset 12
  35              		.cfi_offset 4, -12
  36              		.cfi_offset 5, -8
  37              		.cfi_offset 14, -4
  38 0002 93B0     		sub	sp, sp, #76
  39              	.LCFI1:
  40              		.cfi_def_cfa_offset 88
  36:App/Task_Input/Task_Input.c ****     /* encoder pin */
  37:App/Task_Input/Task_Input.c ****     DrvGPIO_Obj_TypeDef EncPin[Encoder_IO_Sum];
  41              		.loc 1 37 5 view .LVU1
  38:App/Task_Input/Task_Input.c **** 
  39:App/Task_Input/Task_Input.c ****     InputData.error = Input_Initial;
  42              		.loc 1 39 5 view .LVU2
  43              		.loc 1 39 21 is_stmt 0 view .LVU3
  44 0004 4FF0010E 		mov	lr, #1
  45 0008 164B     		ldr	r3, .L6
  46 000a 83F817E0 		strb	lr, [r3, #23]
  40:App/Task_Input/Task_Input.c **** 
  41:App/Task_Input/Task_Input.c ****     EncPin[Encoder_IO_A] = Encoder_A_Pin;
  47              		.loc 1 41 5 is_stmt 1 view .LVU4
  48              		.loc 1 41 26 is_stmt 0 view .LVU5
  49 000e 03AC     		add	r4, sp, #12
  50 0010 154D     		ldr	r5, .L6+4
  51 0012 0FCD     		ldmia	r5!, {r0, r1, r2, r3}
  52 0014 0FC4     		stmia	r4!, {r0, r1, r2, r3}
  53 0016 2B68     		ldr	r3, [r5]
  54 0018 2360     		str	r3, [r4]
  42:App/Task_Input/Task_Input.c ****     EncPin[Encoder_IO_B] = Encoder_B_Pin;
  55              		.loc 1 42 5 is_stmt 1 view .LVU6
  56              		.loc 1 42 26 is_stmt 0 view .LVU7
  57 001a 08AC     		add	r4, sp, #32
  58 001c 134D     		ldr	r5, .L6+8
  59 001e 0FCD     		ldmia	r5!, {r0, r1, r2, r3}
  60 0020 0FC4     		stmia	r4!, {r0, r1, r2, r3}
  61 0022 2B68     		ldr	r3, [r5]
  62 0024 2360     		str	r3, [r4]
  43:App/Task_Input/Task_Input.c ****     EncPin[Encoder_IO_Btn] = Encoder_Btn;
  63              		.loc 1 43 5 is_stmt 1 view .LVU8
  64              		.loc 1 43 28 is_stmt 0 view .LVU9
  65 0026 0DF1340C 		add	ip, sp, #52
  66 002a 114C     		ldr	r4, .L6+12
  67 002c 0FCC     		ldmia	r4!, {r0, r1, r2, r3}
  68 002e ACE80F00 		stmia	ip!, {r0, r1, r2, r3}
  69 0032 2368     		ldr	r3, [r4]
  70 0034 CCF80030 		str	r3, [ip]
  44:App/Task_Input/Task_Input.c **** 
  45:App/Task_Input/Task_Input.c ****     /* init encoder */
ARM GAS  /var/folders/lx/hc4sn_b53233_zkc9xbbl97r0000gp/T//ccyGqTpY.s 			page 3


  46:App/Task_Input/Task_Input.c ****     if (!DevEncoder.open(&Encoder_Obj, EncPin, true, Timer_8, TIM_Channel_1, TIM_Channel_2))
  71              		.loc 1 46 5 is_stmt 1 view .LVU10
  72              		.loc 1 46 20 is_stmt 0 view .LVU11
  73 0038 0E4B     		ldr	r3, .L6+16
  74 003a 1C68     		ldr	r4, [r3]
  75              		.loc 1 46 10 view .LVU12
  76 003c 0423     		movs	r3, #4
  77 003e 0193     		str	r3, [sp, #4]
  78 0040 0023     		movs	r3, #0
  79 0042 0093     		str	r3, [sp]
  80 0044 0323     		movs	r3, #3
  81 0046 7246     		mov	r2, lr
  82 0048 03A9     		add	r1, sp, #12
  83 004a 0B48     		ldr	r0, .L6+20
  84 004c A047     		blx	r4
  85              	.LVL0:
  86              		.loc 1 46 8 view .LVU13
  87 004e 20B1     		cbz	r0, .L5
  47:App/Task_Input/Task_Input.c ****     {
  48:App/Task_Input/Task_Input.c ****         InputData.error = Input_Encoder_Error;
  49:App/Task_Input/Task_Input.c ****         return Input_Encoder_Error;
  50:App/Task_Input/Task_Input.c ****     }
  51:App/Task_Input/Task_Input.c **** 
  52:App/Task_Input/Task_Input.c ****     /* init gimbal */
  53:App/Task_Input/Task_Input.c **** 
  54:App/Task_Input/Task_Input.c ****     /* init direction button */
  55:App/Task_Input/Task_Input.c **** 
  56:App/Task_Input/Task_Input.c ****     /* init shoulder button */
  57:App/Task_Input/Task_Input.c **** 
  58:App/Task_Input/Task_Input.c ****     /* init shoulder toggle */
  59:App/Task_Input/Task_Input.c **** 
  60:App/Task_Input/Task_Input.c ****     /* init side pot */
  61:App/Task_Input/Task_Input.c **** 
  62:App/Task_Input/Task_Input.c ****     InputData.error = Input_NoError;
  88              		.loc 1 62 5 is_stmt 1 view .LVU14
  89              		.loc 1 62 21 is_stmt 0 view .LVU15
  90 0050 0020     		movs	r0, #0
  91 0052 044B     		ldr	r3, .L6
  92 0054 D875     		strb	r0, [r3, #23]
  63:App/Task_Input/Task_Input.c ****     return Input_NoError;
  93              		.loc 1 63 5 is_stmt 1 view .LVU16
  94              	.L3:
  64:App/Task_Input/Task_Input.c **** }
  95              		.loc 1 64 1 is_stmt 0 view .LVU17
  96 0056 13B0     		add	sp, sp, #76
  97              	.LCFI2:
  98              		.cfi_remember_state
  99              		.cfi_def_cfa_offset 12
 100              		@ sp needed
 101 0058 30BD     		pop	{r4, r5, pc}
 102              	.L5:
 103              	.LCFI3:
 104              		.cfi_restore_state
  48:App/Task_Input/Task_Input.c ****         return Input_Encoder_Error;
 105              		.loc 1 48 9 is_stmt 1 view .LVU18
  48:App/Task_Input/Task_Input.c ****         return Input_Encoder_Error;
 106              		.loc 1 48 25 is_stmt 0 view .LVU19
ARM GAS  /var/folders/lx/hc4sn_b53233_zkc9xbbl97r0000gp/T//ccyGqTpY.s 			page 4


 107 005a 0220     		movs	r0, #2
 108 005c 014B     		ldr	r3, .L6
 109 005e D875     		strb	r0, [r3, #23]
  49:App/Task_Input/Task_Input.c ****     }
 110              		.loc 1 49 9 is_stmt 1 view .LVU20
  49:App/Task_Input/Task_Input.c ****     }
 111              		.loc 1 49 16 is_stmt 0 view .LVU21
 112 0060 F9E7     		b	.L3
 113              	.L7:
 114 0062 00BF     		.align	2
 115              	.L6:
 116 0064 00000000 		.word	.LANCHOR0
 117 0068 00000000 		.word	Encoder_A_Pin
 118 006c 00000000 		.word	Encoder_B_Pin
 119 0070 00000000 		.word	Encoder_Btn
 120 0074 00000000 		.word	DevEncoder
 121 0078 00000000 		.word	.LANCHOR1
 122              		.cfi_endproc
 123              	.LFE126:
 125              		.section	.text.TaskInput_Update,"ax",%progbits
 126              		.align	1
 127              		.syntax unified
 128              		.thumb
 129              		.thumb_func
 130              		.fpu fpv4-sp-d16
 132              	TaskInput_Update:
 133              	.LFB129:
  65:App/Task_Input/Task_Input.c **** 
  66:App/Task_Input/Task_Input.c **** static int16_t TaskInput_Analog_Filter(int16_t in)
  67:App/Task_Input/Task_Input.c **** {
  68:App/Task_Input/Task_Input.c ****     int16_t flt_val = 0;
  69:App/Task_Input/Task_Input.c **** 
  70:App/Task_Input/Task_Input.c ****     /* filter the input analog value */
  71:App/Task_Input/Task_Input.c **** 
  72:App/Task_Input/Task_Input.c ****     return flt_val;
  73:App/Task_Input/Task_Input.c **** }
  74:App/Task_Input/Task_Input.c **** 
  75:App/Task_Input/Task_Input.c **** static int16_t TaskInput_AnalogValue_Map(int16_t in)
  76:App/Task_Input/Task_Input.c **** {
  77:App/Task_Input/Task_Input.c ****     int16_t map_val = 0;
  78:App/Task_Input/Task_Input.c ****     double gain = 0.0;
  79:App/Task_Input/Task_Input.c **** 
  80:App/Task_Input/Task_Input.c ****     /* include analog input liner and none liner condition map */
  81:App/Task_Input/Task_Input.c **** 
  82:App/Task_Input/Task_Input.c ****     return map_val;
  83:App/Task_Input/Task_Input.c **** }
  84:App/Task_Input/Task_Input.c **** 
  85:App/Task_Input/Task_Input.c **** static Input_Error_List TaskInput_Update(void)
  86:App/Task_Input/Task_Input.c **** {
 134              		.loc 1 86 1 is_stmt 1 view -0
 135              		.cfi_startproc
 136              		@ args = 0, pretend = 0, frame = 8
 137              		@ frame_needed = 0, uses_anonymous_args = 0
  87:App/Task_Input/Task_Input.c ****     if (InputData.error != Input_NoError)
 138              		.loc 1 87 5 view .LVU23
 139              		.loc 1 87 18 is_stmt 0 view .LVU24
 140 0000 094B     		ldr	r3, .L14
ARM GAS  /var/folders/lx/hc4sn_b53233_zkc9xbbl97r0000gp/T//ccyGqTpY.s 			page 5


 141 0002 D87D     		ldrb	r0, [r3, #23]	@ zero_extendqisi2
 142              		.loc 1 87 8 view .LVU25
 143 0004 78B9     		cbnz	r0, .L11
  86:App/Task_Input/Task_Input.c ****     if (InputData.error != Input_NoError)
 144              		.loc 1 86 1 view .LVU26
 145 0006 10B5     		push	{r4, lr}
 146              	.LCFI4:
 147              		.cfi_def_cfa_offset 8
 148              		.cfi_offset 4, -8
 149              		.cfi_offset 14, -4
 150 0008 82B0     		sub	sp, sp, #8
 151              	.LCFI5:
 152              		.cfi_def_cfa_offset 16
  88:App/Task_Input/Task_Input.c ****         return InputData.error;
  89:App/Task_Input/Task_Input.c **** 
  90:App/Task_Input/Task_Input.c ****     /* get encdoer */
  91:App/Task_Input/Task_Input.c ****     InputData.Enc_Val = DevEncoder.get(&Encoder_Obj);
 153              		.loc 1 91 5 is_stmt 1 view .LVU27
 154              		.loc 1 91 35 is_stmt 0 view .LVU28
 155 000a 084B     		ldr	r3, .L14+4
 156 000c DB68     		ldr	r3, [r3, #12]
 157              		.loc 1 91 25 view .LVU29
 158 000e 064C     		ldr	r4, .L14
 159 0010 0749     		ldr	r1, .L14+8
 160 0012 6846     		mov	r0, sp
 161 0014 9847     		blx	r3
 162              	.LVL1:
 163 0016 009B     		ldr	r3, [sp]	@ unaligned
 164 0018 C4F80E30 		str	r3, [r4, #14]	@ unaligned
 165 001c BDF80430 		ldrh	r3, [sp, #4]	@ unaligned
 166 0020 6382     		strh	r3, [r4, #18]	@ unaligned
  92:App/Task_Input/Task_Input.c **** 
  93:App/Task_Input/Task_Input.c ****     /* analog input */
  94:App/Task_Input/Task_Input.c ****     /* get left gimbal */
  95:App/Task_Input/Task_Input.c **** 
  96:App/Task_Input/Task_Input.c ****     /* get right gimbal */
  97:App/Task_Input/Task_Input.c **** 
  98:App/Task_Input/Task_Input.c ****     /* get left side pot value */
  99:App/Task_Input/Task_Input.c **** 
 100:App/Task_Input/Task_Input.c ****     /* get right side pot value */
 101:App/Task_Input/Task_Input.c **** 
 102:App/Task_Input/Task_Input.c ****     /* get battery percent */
 103:App/Task_Input/Task_Input.c **** }
 167              		.loc 1 103 1 view .LVU30
 168 0022 02B0     		add	sp, sp, #8
 169              	.LCFI6:
 170              		.cfi_def_cfa_offset 8
 171              		@ sp needed
 172 0024 10BD     		pop	{r4, pc}
 173              	.L11:
 174              	.LCFI7:
 175              		.cfi_def_cfa_offset 0
 176              		.cfi_restore 4
 177              		.cfi_restore 14
 178 0026 7047     		bx	lr
 179              	.L15:
 180              		.align	2
ARM GAS  /var/folders/lx/hc4sn_b53233_zkc9xbbl97r0000gp/T//ccyGqTpY.s 			page 6


 181              	.L14:
 182 0028 00000000 		.word	.LANCHOR0
 183 002c 00000000 		.word	DevEncoder
 184 0030 00000000 		.word	.LANCHOR1
 185              		.cfi_endproc
 186              	.LFE129:
 188              		.section	.text.TaskInput_GetData,"ax",%progbits
 189              		.align	1
 190              		.global	TaskInput_GetData
 191              		.syntax unified
 192              		.thumb
 193              		.thumb_func
 194              		.fpu fpv4-sp-d16
 196              	TaskInput_GetData:
 197              	.LVL2:
 198              	.LFB131:
 104:App/Task_Input/Task_Input.c **** 
 105:App/Task_Input/Task_Input.c **** static void TaskInput_Gimbal_Cali(void)
 106:App/Task_Input/Task_Input.c **** {
 107:App/Task_Input/Task_Input.c **** }
 108:App/Task_Input/Task_Input.c **** 
 109:App/Task_Input/Task_Input.c **** Input_Data_TypeDef TaskInput_GetData(void)
 110:App/Task_Input/Task_Input.c **** {
 199              		.loc 1 110 1 is_stmt 1 view -0
 200              		.cfi_startproc
 201              		@ args = 0, pretend = 0, frame = 0
 202              		@ frame_needed = 0, uses_anonymous_args = 0
 203              		@ link register save eliminated.
 204              		.loc 1 110 1 is_stmt 0 view .LVU32
 205 0000 10B4     		push	{r4}
 206              	.LCFI8:
 207              		.cfi_def_cfa_offset 4
 208              		.cfi_offset 4, -4
 209 0002 8446     		mov	ip, r0
 111:App/Task_Input/Task_Input.c ****     return InputData;
 210              		.loc 1 111 5 is_stmt 1 view .LVU33
 211              		.loc 1 111 12 is_stmt 0 view .LVU34
 212 0004 094C     		ldr	r4, .L18
 213 0006 0FCC     		ldmia	r4!, {r0, r1, r2, r3}
 214              	.LVL3:
 215              		.loc 1 111 12 view .LVU35
 216 0008 CCF80000 		str	r0, [ip]	@ unaligned
 217 000c CCF80410 		str	r1, [ip, #4]	@ unaligned
 218 0010 CCF80820 		str	r2, [ip, #8]	@ unaligned
 219 0014 CCF80C30 		str	r3, [ip, #12]	@ unaligned
 220 0018 03CC     		ldmia	r4!, {r0, r1}
 221 001a CCF81000 		str	r0, [ip, #16]	@ unaligned
 222 001e CCF81410 		str	r1, [ip, #20]	@ unaligned
 112:App/Task_Input/Task_Input.c **** }
 223              		.loc 1 112 1 view .LVU36
 224 0022 6046     		mov	r0, ip
 225 0024 5DF8044B 		ldr	r4, [sp], #4
 226              	.LCFI9:
 227              		.cfi_restore 4
 228              		.cfi_def_cfa_offset 0
 229 0028 7047     		bx	lr
 230              	.L19:
ARM GAS  /var/folders/lx/hc4sn_b53233_zkc9xbbl97r0000gp/T//ccyGqTpY.s 			page 7


 231 002a 00BF     		.align	2
 232              	.L18:
 233 002c 00000000 		.word	.LANCHOR0
 234              		.cfi_endproc
 235              	.LFE131:
 237              		.section	.text.TaskInput_Core,"ax",%progbits
 238              		.align	1
 239              		.global	TaskInput_Core
 240              		.syntax unified
 241              		.thumb
 242              		.thumb_func
 243              		.fpu fpv4-sp-d16
 245              	TaskInput_Core:
 246              	.LVL4:
 247              	.LFB132:
 113:App/Task_Input/Task_Input.c **** 
 114:App/Task_Input/Task_Input.c **** void TaskInput_Core(Task_Handler self)
 115:App/Task_Input/Task_Input.c **** {
 248              		.loc 1 115 1 is_stmt 1 view -0
 249              		.cfi_startproc
 250              		@ args = 0, pretend = 0, frame = 0
 251              		@ frame_needed = 0, uses_anonymous_args = 0
 252              		.loc 1 115 1 is_stmt 0 view .LVU38
 253 0000 08B5     		push	{r3, lr}
 254              	.LCFI10:
 255              		.cfi_def_cfa_offset 8
 256              		.cfi_offset 3, -8
 257              		.cfi_offset 14, -4
 116:App/Task_Input/Task_Input.c ****     switch (Task_Stage)
 258              		.loc 1 116 5 is_stmt 1 view .LVU39
 259 0002 0A4B     		ldr	r3, .L26
 260 0004 1B78     		ldrb	r3, [r3]	@ zero_extendqisi2
 261 0006 13B1     		cbz	r3, .L21
 262 0008 022B     		cmp	r3, #2
 263 000a 0BD0     		beq	.L22
 264              	.LVL5:
 265              	.L20:
 117:App/Task_Input/Task_Input.c ****     {
 118:App/Task_Input/Task_Input.c ****     case TaskInput_Initialize:
 119:App/Task_Input/Task_Input.c ****         if (TaskInput_Init() != Input_NoError)
 120:App/Task_Input/Task_Input.c ****         {
 121:App/Task_Input/Task_Input.c ****             Task_Stage = TaskInput_Init_Error;
 122:App/Task_Input/Task_Input.c ****         }
 123:App/Task_Input/Task_Input.c ****         else
 124:App/Task_Input/Task_Input.c ****             Task_Stage = TaskInput_Updating;
 125:App/Task_Input/Task_Input.c ****         break;
 126:App/Task_Input/Task_Input.c **** 
 127:App/Task_Input/Task_Input.c ****     case TaskInput_Init_Error:
 128:App/Task_Input/Task_Input.c ****         /* TODO Error Process */
 129:App/Task_Input/Task_Input.c ****         break;
 130:App/Task_Input/Task_Input.c **** 
 131:App/Task_Input/Task_Input.c ****     case TaskInput_Updating:
 132:App/Task_Input/Task_Input.c ****         TaskInput_Update();
 133:App/Task_Input/Task_Input.c ****         break;
 134:App/Task_Input/Task_Input.c **** 
 135:App/Task_Input/Task_Input.c ****     default:
 136:App/Task_Input/Task_Input.c ****         break;
ARM GAS  /var/folders/lx/hc4sn_b53233_zkc9xbbl97r0000gp/T//ccyGqTpY.s 			page 8


 137:App/Task_Input/Task_Input.c ****     }
 138:App/Task_Input/Task_Input.c **** }
 266              		.loc 1 138 1 is_stmt 0 view .LVU40
 267 000c 08BD     		pop	{r3, pc}
 268              	.LVL6:
 269              	.L21:
 119:App/Task_Input/Task_Input.c ****         {
 270              		.loc 1 119 9 is_stmt 1 view .LVU41
 119:App/Task_Input/Task_Input.c ****         {
 271              		.loc 1 119 13 is_stmt 0 view .LVU42
 272 000e FFF7FEFF 		bl	TaskInput_Init
 273              	.LVL7:
 119:App/Task_Input/Task_Input.c ****         {
 274              		.loc 1 119 12 view .LVU43
 275 0012 18B1     		cbz	r0, .L24
 121:App/Task_Input/Task_Input.c ****         }
 276              		.loc 1 121 13 is_stmt 1 view .LVU44
 121:App/Task_Input/Task_Input.c ****         }
 277              		.loc 1 121 24 is_stmt 0 view .LVU45
 278 0014 054B     		ldr	r3, .L26
 279 0016 0122     		movs	r2, #1
 280 0018 1A70     		strb	r2, [r3]
 281 001a F7E7     		b	.L20
 282              	.L24:
 124:App/Task_Input/Task_Input.c ****         break;
 283              		.loc 1 124 13 is_stmt 1 view .LVU46
 124:App/Task_Input/Task_Input.c ****         break;
 284              		.loc 1 124 24 is_stmt 0 view .LVU47
 285 001c 034B     		ldr	r3, .L26
 286 001e 0222     		movs	r2, #2
 287 0020 1A70     		strb	r2, [r3]
 288 0022 F3E7     		b	.L20
 289              	.LVL8:
 290              	.L22:
 132:App/Task_Input/Task_Input.c ****         break;
 291              		.loc 1 132 9 is_stmt 1 view .LVU48
 292 0024 FFF7FEFF 		bl	TaskInput_Update
 293              	.LVL9:
 133:App/Task_Input/Task_Input.c **** 
 294              		.loc 1 133 9 view .LVU49
 295              		.loc 1 138 1 is_stmt 0 view .LVU50
 296 0028 F0E7     		b	.L20
 297              	.L27:
 298 002a 00BF     		.align	2
 299              	.L26:
 300 002c 00000000 		.word	.LANCHOR2
 301              		.cfi_endproc
 302              	.LFE132:
 304              		.global	SigInput_Tsk_Hdl
 305              		.section	.bss.Encoder_Obj,"aw",%nobits
 306              		.align	2
 307              		.set	.LANCHOR1,. + 0
 310              	Encoder_Obj:
 311 0000 00000000 		.space	88
 311      00000000 
 311      00000000 
 311      00000000 
ARM GAS  /var/folders/lx/hc4sn_b53233_zkc9xbbl97r0000gp/T//ccyGqTpY.s 			page 9


 311      00000000 
 312              		.section	.bss.InputData,"aw",%nobits
 313              		.align	2
 314              		.set	.LANCHOR0,. + 0
 317              	InputData:
 318 0000 00000000 		.space	24
 318      00000000 
 318      00000000 
 318      00000000 
 318      00000000 
 319              		.section	.bss.SigInput_Tsk_Hdl,"aw",%nobits
 320              		.align	2
 323              	SigInput_Tsk_Hdl:
 324 0000 00000000 		.space	4
 325              		.section	.bss.Task_Stage,"aw",%nobits
 326              		.set	.LANCHOR2,. + 0
 329              	Task_Stage:
 330 0000 00       		.space	1
 331              		.text
 332              	.Letext0:
 333              		.file 2 "/usr/local/arm-none-eabi-gcc/gcc-arm-none-eabi-10-2020-q4-major/arm-none-eabi/include/mac
 334              		.file 3 "/usr/local/arm-none-eabi-gcc/gcc-arm-none-eabi-10-2020-q4-major/arm-none-eabi/include/sys
 335              		.file 4 "SYS/task_manager/task_manager.h"
 336              		.file 5 "Bsp/periph_gpio.h"
 337              		.file 6 "Dev/Dev_Toggle.h"
 338              		.file 7 "Dev/Dev_5DirButton.h"
 339              		.file 8 "Dev/Dev_Gimbal.h"
 340              		.file 9 "Bsp/periph_timer.h"
 341              		.file 10 "Drv/drv_timer.h"
 342              		.file 11 "Dev/Dev_Encoder.h"
 343              		.file 12 "App/Task_Input/Task_Input.h"
 344              		.file 13 "App/Task_Input/Input_IO_Def.h"
ARM GAS  /var/folders/lx/hc4sn_b53233_zkc9xbbl97r0000gp/T//ccyGqTpY.s 			page 10


DEFINED SYMBOLS
                            *ABS*:0000000000000000 Task_Input.c
/var/folders/lx/hc4sn_b53233_zkc9xbbl97r0000gp/T//ccyGqTpY.s:18     .text.TaskInput_Init:0000000000000000 $t
/var/folders/lx/hc4sn_b53233_zkc9xbbl97r0000gp/T//ccyGqTpY.s:25     .text.TaskInput_Init:0000000000000000 TaskInput_Init
/var/folders/lx/hc4sn_b53233_zkc9xbbl97r0000gp/T//ccyGqTpY.s:116    .text.TaskInput_Init:0000000000000064 $d
/var/folders/lx/hc4sn_b53233_zkc9xbbl97r0000gp/T//ccyGqTpY.s:126    .text.TaskInput_Update:0000000000000000 $t
/var/folders/lx/hc4sn_b53233_zkc9xbbl97r0000gp/T//ccyGqTpY.s:132    .text.TaskInput_Update:0000000000000000 TaskInput_Update
/var/folders/lx/hc4sn_b53233_zkc9xbbl97r0000gp/T//ccyGqTpY.s:182    .text.TaskInput_Update:0000000000000028 $d
/var/folders/lx/hc4sn_b53233_zkc9xbbl97r0000gp/T//ccyGqTpY.s:189    .text.TaskInput_GetData:0000000000000000 $t
/var/folders/lx/hc4sn_b53233_zkc9xbbl97r0000gp/T//ccyGqTpY.s:196    .text.TaskInput_GetData:0000000000000000 TaskInput_GetData
/var/folders/lx/hc4sn_b53233_zkc9xbbl97r0000gp/T//ccyGqTpY.s:233    .text.TaskInput_GetData:000000000000002c $d
/var/folders/lx/hc4sn_b53233_zkc9xbbl97r0000gp/T//ccyGqTpY.s:238    .text.TaskInput_Core:0000000000000000 $t
/var/folders/lx/hc4sn_b53233_zkc9xbbl97r0000gp/T//ccyGqTpY.s:245    .text.TaskInput_Core:0000000000000000 TaskInput_Core
/var/folders/lx/hc4sn_b53233_zkc9xbbl97r0000gp/T//ccyGqTpY.s:300    .text.TaskInput_Core:000000000000002c $d
/var/folders/lx/hc4sn_b53233_zkc9xbbl97r0000gp/T//ccyGqTpY.s:323    .bss.SigInput_Tsk_Hdl:0000000000000000 SigInput_Tsk_Hdl
/var/folders/lx/hc4sn_b53233_zkc9xbbl97r0000gp/T//ccyGqTpY.s:306    .bss.Encoder_Obj:0000000000000000 $d
/var/folders/lx/hc4sn_b53233_zkc9xbbl97r0000gp/T//ccyGqTpY.s:310    .bss.Encoder_Obj:0000000000000000 Encoder_Obj
/var/folders/lx/hc4sn_b53233_zkc9xbbl97r0000gp/T//ccyGqTpY.s:313    .bss.InputData:0000000000000000 $d
/var/folders/lx/hc4sn_b53233_zkc9xbbl97r0000gp/T//ccyGqTpY.s:317    .bss.InputData:0000000000000000 InputData
/var/folders/lx/hc4sn_b53233_zkc9xbbl97r0000gp/T//ccyGqTpY.s:320    .bss.SigInput_Tsk_Hdl:0000000000000000 $d
/var/folders/lx/hc4sn_b53233_zkc9xbbl97r0000gp/T//ccyGqTpY.s:329    .bss.Task_Stage:0000000000000000 Task_Stage
/var/folders/lx/hc4sn_b53233_zkc9xbbl97r0000gp/T//ccyGqTpY.s:330    .bss.Task_Stage:0000000000000000 $d

UNDEFINED SYMBOLS
Encoder_A_Pin
Encoder_B_Pin
Encoder_Btn
DevEncoder
