ARM GAS  /var/folders/lx/hc4sn_b53233_zkc9xbbl97r0000gp/T//ccs6AV0E.s 			page 1


   1              		.cpu cortex-m4
   2              		.eabi_attribute 27, 1
   3              		.eabi_attribute 28, 1
   4              		.eabi_attribute 20, 1
   5              		.eabi_attribute 21, 1
   6              		.eabi_attribute 23, 3
   7              		.eabi_attribute 24, 1
   8              		.eabi_attribute 25, 1
   9              		.eabi_attribute 26, 1
  10              		.eabi_attribute 30, 1
  11              		.eabi_attribute 34, 1
  12              		.eabi_attribute 18, 4
  13              		.file	"Task_Shell.c"
  14              		.text
  15              	.Ltext0:
  16              		.cfi_sections	.debug_frame
  17              		.section	.text.Shell_PortInit,"ax",%progbits
  18              		.align	1
  19              		.arch armv7e-m
  20              		.syntax unified
  21              		.thumb
  22              		.thumb_func
  23              		.fpu fpv4-sp-d16
  25              	Shell_PortInit:
  26              	.LFB128:
  27              		.file 1 "App/Task_Shell/Task_Shell.c"
   1:App/Task_Shell/Task_Shell.c **** #include "Task_Shell.h"
   2:App/Task_Shell/Task_Shell.c **** #include "drv_serial.h"
   3:App/Task_Shell/Task_Shell.c **** #include "shell_port.h"
   4:App/Task_Shell/Task_Shell.c **** 
   5:App/Task_Shell/Task_Shell.c **** #define SHELL_SERIAL_PORT DrvSerial_1
   6:App/Task_Shell/Task_Shell.c **** 
   7:App/Task_Shell/Task_Shell.c **** /* internal variable */
   8:App/Task_Shell/Task_Shell.c **** TaskShell_State_List TaskState = Shell_State_Init;
   9:App/Task_Shell/Task_Shell.c **** 
  10:App/Task_Shell/Task_Shell.c **** static void Shell_RecCallback(uint8_t *data, uint16_t len)
  11:App/Task_Shell/Task_Shell.c **** {
  12:App/Task_Shell/Task_Shell.c ****     for (uint16_t i = 0; i < len; i++)
  13:App/Task_Shell/Task_Shell.c ****     {
  14:App/Task_Shell/Task_Shell.c ****         shellHandler(Shell_GetInstence(), data[i]);
  15:App/Task_Shell/Task_Shell.c ****     }
  16:App/Task_Shell/Task_Shell.c **** }
  17:App/Task_Shell/Task_Shell.c **** 
  18:App/Task_Shell/Task_Shell.c **** static int Shell_Write(const uint8_t *ch, uint16_t len)
  19:App/Task_Shell/Task_Shell.c **** {
  20:App/Task_Shell/Task_Shell.c ****     DrvSerial.write(SHELL_SERIAL_PORT, ch, len);
  21:App/Task_Shell/Task_Shell.c **** }
  22:App/Task_Shell/Task_Shell.c **** 
  23:App/Task_Shell/Task_Shell.c **** static bool Shell_PortInit(void)
  24:App/Task_Shell/Task_Shell.c **** {
  28              		.loc 1 24 1 view -0
  29              		.cfi_startproc
  30              		@ args = 0, pretend = 0, frame = 16
  31              		@ frame_needed = 0, uses_anonymous_args = 0
  32 0000 10B5     		push	{r4, lr}
  33              	.LCFI0:
  34              		.cfi_def_cfa_offset 8
ARM GAS  /var/folders/lx/hc4sn_b53233_zkc9xbbl97r0000gp/T//ccs6AV0E.s 			page 2


  35              		.cfi_offset 4, -8
  36              		.cfi_offset 14, -4
  37 0002 84B0     		sub	sp, sp, #16
  38              	.LCFI1:
  39              		.cfi_def_cfa_offset 24
  25:App/Task_Shell/Task_Shell.c ****     static TaskShell_State_List TaskState = Shell_State_Init;
  40              		.loc 1 25 5 view .LVU1
  26:App/Task_Shell/Task_Shell.c **** 
  27:App/Task_Shell/Task_Shell.c ****     DrvSerial_Config_Typedef Serial1_Cfg;
  41              		.loc 1 27 5 view .LVU2
  28:App/Task_Shell/Task_Shell.c **** 
  29:App/Task_Shell/Task_Shell.c ****     Serial1_Cfg.baudrate = Serial_921600;
  42              		.loc 1 29 5 view .LVU3
  43              		.loc 1 29 26 is_stmt 0 view .LVU4
  44 0004 4FF46123 		mov	r3, #921600
  45 0008 0093     		str	r3, [sp]
  30:App/Task_Shell/Task_Shell.c ****     Serial1_Cfg.PreemptionPriority = 3;
  46              		.loc 1 30 5 is_stmt 1 view .LVU5
  47              		.loc 1 30 36 is_stmt 0 view .LVU6
  48 000a 0323     		movs	r3, #3
  49 000c 8DF80430 		strb	r3, [sp, #4]
  31:App/Task_Shell/Task_Shell.c ****     Serial1_Cfg.SubPriority = 0;
  50              		.loc 1 31 5 is_stmt 1 view .LVU7
  51              		.loc 1 31 29 is_stmt 0 view .LVU8
  52 0010 0020     		movs	r0, #0
  53 0012 8DF80500 		strb	r0, [sp, #5]
  32:App/Task_Shell/Task_Shell.c ****     Serial1_Cfg.mode = DrvSerial_MODE_DMA_TxRx;
  54              		.loc 1 32 5 is_stmt 1 view .LVU9
  55              		.loc 1 32 22 is_stmt 0 view .LVU10
  56 0016 0223     		movs	r3, #2
  57 0018 8DF80630 		strb	r3, [sp, #6]
  33:App/Task_Shell/Task_Shell.c ****     Serial1_Cfg.Irq_Callback = Shell_RecCallback;
  58              		.loc 1 33 5 is_stmt 1 view .LVU11
  59              		.loc 1 33 30 is_stmt 0 view .LVU12
  60 001c 054B     		ldr	r3, .L3
  61 001e 0293     		str	r3, [sp, #8]
  34:App/Task_Shell/Task_Shell.c ****     Serial1_Cfg.send_mode = DrvSerial_Send_Async;
  62              		.loc 1 34 5 is_stmt 1 view .LVU13
  63              		.loc 1 34 27 is_stmt 0 view .LVU14
  64 0020 8DF80C00 		strb	r0, [sp, #12]
  35:App/Task_Shell/Task_Shell.c **** 
  36:App/Task_Shell/Task_Shell.c ****     return DrvSerial.ctl(SHELL_SERIAL_PORT, DrvSerial_Open, (uint32_t)&Serial1_Cfg, sizeof(Serial1_
  65              		.loc 1 36 5 is_stmt 1 view .LVU15
  66              		.loc 1 36 21 is_stmt 0 view .LVU16
  67 0024 044B     		ldr	r3, .L3+4
  68 0026 1C68     		ldr	r4, [r3]
  69              		.loc 1 36 12 view .LVU17
  70 0028 1023     		movs	r3, #16
  71 002a 6A46     		mov	r2, sp
  72 002c 0146     		mov	r1, r0
  73 002e A047     		blx	r4
  74              	.LVL0:
  37:App/Task_Shell/Task_Shell.c **** }
  75              		.loc 1 37 1 view .LVU18
  76 0030 04B0     		add	sp, sp, #16
  77              	.LCFI2:
  78              		.cfi_def_cfa_offset 8
ARM GAS  /var/folders/lx/hc4sn_b53233_zkc9xbbl97r0000gp/T//ccs6AV0E.s 			page 3


  79              		@ sp needed
  80 0032 10BD     		pop	{r4, pc}
  81              	.L4:
  82              		.align	2
  83              	.L3:
  84 0034 00000000 		.word	Shell_RecCallback
  85 0038 00000000 		.word	DrvSerial
  86              		.cfi_endproc
  87              	.LFE128:
  89              		.section	.text.Shell_RecCallback,"ax",%progbits
  90              		.align	1
  91              		.syntax unified
  92              		.thumb
  93              		.thumb_func
  94              		.fpu fpv4-sp-d16
  96              	Shell_RecCallback:
  97              	.LVL1:
  98              	.LFB126:
  11:App/Task_Shell/Task_Shell.c ****     for (uint16_t i = 0; i < len; i++)
  99              		.loc 1 11 1 is_stmt 1 view -0
 100              		.cfi_startproc
 101              		@ args = 0, pretend = 0, frame = 0
 102              		@ frame_needed = 0, uses_anonymous_args = 0
  11:App/Task_Shell/Task_Shell.c ****     for (uint16_t i = 0; i < len; i++)
 103              		.loc 1 11 1 is_stmt 0 view .LVU20
 104 0000 70B5     		push	{r4, r5, r6, lr}
 105              	.LCFI3:
 106              		.cfi_def_cfa_offset 16
 107              		.cfi_offset 4, -16
 108              		.cfi_offset 5, -12
 109              		.cfi_offset 6, -8
 110              		.cfi_offset 14, -4
 111 0002 0646     		mov	r6, r0
 112 0004 0D46     		mov	r5, r1
  12:App/Task_Shell/Task_Shell.c ****     {
 113              		.loc 1 12 5 is_stmt 1 view .LVU21
 114              	.LBB2:
  12:App/Task_Shell/Task_Shell.c ****     {
 115              		.loc 1 12 10 view .LVU22
 116              	.LVL2:
  12:App/Task_Shell/Task_Shell.c ****     {
 117              		.loc 1 12 19 is_stmt 0 view .LVU23
 118 0006 0024     		movs	r4, #0
  12:App/Task_Shell/Task_Shell.c ****     {
 119              		.loc 1 12 5 view .LVU24
 120 0008 06E0     		b	.L6
 121              	.LVL3:
 122              	.L7:
  14:App/Task_Shell/Task_Shell.c ****     }
 123              		.loc 1 14 9 is_stmt 1 discriminator 3 view .LVU25
 124 000a FFF7FEFF 		bl	Shell_GetInstence
 125              	.LVL4:
 126 000e 315D     		ldrb	r1, [r6, r4]	@ zero_extendqisi2
 127 0010 FFF7FEFF 		bl	shellHandler
 128              	.LVL5:
  12:App/Task_Shell/Task_Shell.c ****     {
 129              		.loc 1 12 35 discriminator 3 view .LVU26
ARM GAS  /var/folders/lx/hc4sn_b53233_zkc9xbbl97r0000gp/T//ccs6AV0E.s 			page 4


  12:App/Task_Shell/Task_Shell.c ****     {
 130              		.loc 1 12 36 is_stmt 0 discriminator 3 view .LVU27
 131 0014 0134     		adds	r4, r4, #1
 132              	.LVL6:
  12:App/Task_Shell/Task_Shell.c ****     {
 133              		.loc 1 12 36 discriminator 3 view .LVU28
 134 0016 A4B2     		uxth	r4, r4
 135              	.LVL7:
 136              	.L6:
  12:App/Task_Shell/Task_Shell.c ****     {
 137              		.loc 1 12 26 is_stmt 1 discriminator 1 view .LVU29
  12:App/Task_Shell/Task_Shell.c ****     {
 138              		.loc 1 12 5 is_stmt 0 discriminator 1 view .LVU30
 139 0018 AC42     		cmp	r4, r5
 140 001a F6D3     		bcc	.L7
 141              	.LBE2:
  16:App/Task_Shell/Task_Shell.c **** 
 142              		.loc 1 16 1 view .LVU31
 143 001c 70BD     		pop	{r4, r5, r6, pc}
  16:App/Task_Shell/Task_Shell.c **** 
 144              		.loc 1 16 1 view .LVU32
 145              		.cfi_endproc
 146              	.LFE126:
 148              		.section	.rodata.sum.str1.4,"aMS",%progbits,1
 149              		.align	2
 150              	.LC0:
 151 0000 736400   		.ascii	"sd\000"
 152              		.section	.text.sum,"ax",%progbits
 153              		.align	1
 154              		.global	sum
 155              		.syntax unified
 156              		.thumb
 157              		.thumb_func
 158              		.fpu fpv4-sp-d16
 160              	sum:
 161              	.LFB130:
  38:App/Task_Shell/Task_Shell.c **** 
  39:App/Task_Shell/Task_Shell.c **** void TaskShell_Core(Task_Handler self)
  40:App/Task_Shell/Task_Shell.c **** {
  41:App/Task_Shell/Task_Shell.c ****     switch ((uint8_t)TaskState)
  42:App/Task_Shell/Task_Shell.c ****     {
  43:App/Task_Shell/Task_Shell.c ****     case Shell_State_Init:
  44:App/Task_Shell/Task_Shell.c ****         Shell_PortInit();
  45:App/Task_Shell/Task_Shell.c ****         // Shell_Init(Shell_Write);
  46:App/Task_Shell/Task_Shell.c ****         TaskState = Shell_State_Polling;
  47:App/Task_Shell/Task_Shell.c ****         break;
  48:App/Task_Shell/Task_Shell.c **** 
  49:App/Task_Shell/Task_Shell.c ****     case Shell_State_Polling:
  50:App/Task_Shell/Task_Shell.c ****         break;
  51:App/Task_Shell/Task_Shell.c **** 
  52:App/Task_Shell/Task_Shell.c ****     default:
  53:App/Task_Shell/Task_Shell.c ****         break;
  54:App/Task_Shell/Task_Shell.c ****     }
  55:App/Task_Shell/Task_Shell.c **** }
  56:App/Task_Shell/Task_Shell.c **** 
  57:App/Task_Shell/Task_Shell.c **** void sum(void)
  58:App/Task_Shell/Task_Shell.c **** {
ARM GAS  /var/folders/lx/hc4sn_b53233_zkc9xbbl97r0000gp/T//ccs6AV0E.s 			page 5


 162              		.loc 1 58 1 is_stmt 1 view -0
 163              		.cfi_startproc
 164              		@ args = 0, pretend = 0, frame = 0
 165              		@ frame_needed = 0, uses_anonymous_args = 0
 166 0000 08B5     		push	{r3, lr}
 167              	.LCFI4:
 168              		.cfi_def_cfa_offset 8
 169              		.cfi_offset 3, -8
 170              		.cfi_offset 14, -4
  59:App/Task_Shell/Task_Shell.c ****     Shell_Printf("sd");
 171              		.loc 1 59 5 view .LVU34
 172 0002 0248     		ldr	r0, .L11
 173 0004 FFF7FEFF 		bl	Shell_Printf
 174              	.LVL8:
  60:App/Task_Shell/Task_Shell.c **** }
 175              		.loc 1 60 1 is_stmt 0 view .LVU35
 176 0008 08BD     		pop	{r3, pc}
 177              	.L12:
 178 000a 00BF     		.align	2
 179              	.L11:
 180 000c 00000000 		.word	.LC0
 181              		.cfi_endproc
 182              	.LFE130:
 184              		.section	.text.TaskShell_Core,"ax",%progbits
 185              		.align	1
 186              		.global	TaskShell_Core
 187              		.syntax unified
 188              		.thumb
 189              		.thumb_func
 190              		.fpu fpv4-sp-d16
 192              	TaskShell_Core:
 193              	.LVL9:
 194              	.LFB129:
  40:App/Task_Shell/Task_Shell.c ****     switch ((uint8_t)TaskState)
 195              		.loc 1 40 1 is_stmt 1 view -0
 196              		.cfi_startproc
 197              		@ args = 0, pretend = 0, frame = 0
 198              		@ frame_needed = 0, uses_anonymous_args = 0
  40:App/Task_Shell/Task_Shell.c ****     switch ((uint8_t)TaskState)
 199              		.loc 1 40 1 is_stmt 0 view .LVU37
 200 0000 08B5     		push	{r3, lr}
 201              	.LCFI5:
 202              		.cfi_def_cfa_offset 8
 203              		.cfi_offset 3, -8
 204              		.cfi_offset 14, -4
  41:App/Task_Shell/Task_Shell.c ****     {
 205              		.loc 1 41 5 is_stmt 1 view .LVU38
  41:App/Task_Shell/Task_Shell.c ****     {
 206              		.loc 1 41 13 is_stmt 0 view .LVU39
 207 0002 054B     		ldr	r3, .L17
 208 0004 1B78     		ldrb	r3, [r3]	@ zero_extendqisi2
  41:App/Task_Shell/Task_Shell.c ****     {
 209              		.loc 1 41 5 view .LVU40
 210 0006 03B1     		cbz	r3, .L16
 211              	.LVL10:
 212              	.L13:
  55:App/Task_Shell/Task_Shell.c **** 
ARM GAS  /var/folders/lx/hc4sn_b53233_zkc9xbbl97r0000gp/T//ccs6AV0E.s 			page 6


 213              		.loc 1 55 1 view .LVU41
 214 0008 08BD     		pop	{r3, pc}
 215              	.LVL11:
 216              	.L16:
  44:App/Task_Shell/Task_Shell.c ****         // Shell_Init(Shell_Write);
 217              		.loc 1 44 9 is_stmt 1 view .LVU42
 218 000a FFF7FEFF 		bl	Shell_PortInit
 219              	.LVL12:
  46:App/Task_Shell/Task_Shell.c ****         break;
 220              		.loc 1 46 9 view .LVU43
  46:App/Task_Shell/Task_Shell.c ****         break;
 221              		.loc 1 46 19 is_stmt 0 view .LVU44
 222 000e 024B     		ldr	r3, .L17
 223 0010 0122     		movs	r2, #1
 224 0012 1A70     		strb	r2, [r3]
  47:App/Task_Shell/Task_Shell.c **** 
 225              		.loc 1 47 9 is_stmt 1 view .LVU45
  55:App/Task_Shell/Task_Shell.c **** 
 226              		.loc 1 55 1 is_stmt 0 view .LVU46
 227 0014 F8E7     		b	.L13
 228              	.L18:
 229 0016 00BF     		.align	2
 230              	.L17:
 231 0018 00000000 		.word	.LANCHOR0
 232              		.cfi_endproc
 233              	.LFE129:
 235              		.global	shellCommandsum
 236              		.global	shellDescsum
 237              		.global	shellCmdsum
 238              		.global	TaskState
 239              		.section	.bss.TaskState,"aw",%nobits
 240              		.set	.LANCHOR0,. + 0
 243              	TaskState:
 244 0000 00       		.space	1
 245              		.section	.rodata.shellCmdsum,"a"
 246              		.align	2
 249              	shellCmdsum:
 250 0000 73756D00 		.ascii	"sum\000"
 251              		.section	.rodata.shellDescsum,"a"
 252              		.align	2
 255              	shellDescsum:
 256 0000 74657374 		.ascii	"test\000"
 256      00
 257              		.section	shellCommand,"a"
 258              		.align	2
 261              	shellCommandsum:
 262 0000 00210000 		.word	8448
 263 0004 00000000 		.word	shellCmdsum
 264 0008 00000000 		.word	sum
 265 000c 00000000 		.word	shellDescsum
 266              		.text
 267              	.Letext0:
 268              		.file 2 "/usr/local/arm-none-eabi-gcc/gcc-arm-none-eabi-10-2020-q4-major/arm-none-eabi/include/mac
 269              		.file 3 "/usr/local/arm-none-eabi-gcc/gcc-arm-none-eabi-10-2020-q4-major/arm-none-eabi/include/sys
 270              		.file 4 "SYS/task_manager/task_manager.h"
 271              		.file 5 "App/Task_Shell/Task_Shell.h"
 272              		.file 6 "Bsp/periph_serial.h"
ARM GAS  /var/folders/lx/hc4sn_b53233_zkc9xbbl97r0000gp/T//ccs6AV0E.s 			page 7


 273              		.file 7 "Drv/drv_serial.h"
 274              		.file 8 "SYS/shell/shell.h"
 275              		.file 9 "SYS/shell/shell_port.h"
ARM GAS  /var/folders/lx/hc4sn_b53233_zkc9xbbl97r0000gp/T//ccs6AV0E.s 			page 8


DEFINED SYMBOLS
                            *ABS*:0000000000000000 Task_Shell.c
/var/folders/lx/hc4sn_b53233_zkc9xbbl97r0000gp/T//ccs6AV0E.s:18     .text.Shell_PortInit:0000000000000000 $t
/var/folders/lx/hc4sn_b53233_zkc9xbbl97r0000gp/T//ccs6AV0E.s:25     .text.Shell_PortInit:0000000000000000 Shell_PortInit
/var/folders/lx/hc4sn_b53233_zkc9xbbl97r0000gp/T//ccs6AV0E.s:84     .text.Shell_PortInit:0000000000000034 $d
/var/folders/lx/hc4sn_b53233_zkc9xbbl97r0000gp/T//ccs6AV0E.s:96     .text.Shell_RecCallback:0000000000000000 Shell_RecCallback
/var/folders/lx/hc4sn_b53233_zkc9xbbl97r0000gp/T//ccs6AV0E.s:90     .text.Shell_RecCallback:0000000000000000 $t
/var/folders/lx/hc4sn_b53233_zkc9xbbl97r0000gp/T//ccs6AV0E.s:149    .rodata.sum.str1.4:0000000000000000 $d
/var/folders/lx/hc4sn_b53233_zkc9xbbl97r0000gp/T//ccs6AV0E.s:153    .text.sum:0000000000000000 $t
/var/folders/lx/hc4sn_b53233_zkc9xbbl97r0000gp/T//ccs6AV0E.s:160    .text.sum:0000000000000000 sum
/var/folders/lx/hc4sn_b53233_zkc9xbbl97r0000gp/T//ccs6AV0E.s:180    .text.sum:000000000000000c $d
/var/folders/lx/hc4sn_b53233_zkc9xbbl97r0000gp/T//ccs6AV0E.s:185    .text.TaskShell_Core:0000000000000000 $t
/var/folders/lx/hc4sn_b53233_zkc9xbbl97r0000gp/T//ccs6AV0E.s:192    .text.TaskShell_Core:0000000000000000 TaskShell_Core
/var/folders/lx/hc4sn_b53233_zkc9xbbl97r0000gp/T//ccs6AV0E.s:231    .text.TaskShell_Core:0000000000000018 $d
/var/folders/lx/hc4sn_b53233_zkc9xbbl97r0000gp/T//ccs6AV0E.s:261    shellCommand:0000000000000000 shellCommandsum
/var/folders/lx/hc4sn_b53233_zkc9xbbl97r0000gp/T//ccs6AV0E.s:255    .rodata.shellDescsum:0000000000000000 shellDescsum
/var/folders/lx/hc4sn_b53233_zkc9xbbl97r0000gp/T//ccs6AV0E.s:249    .rodata.shellCmdsum:0000000000000000 shellCmdsum
/var/folders/lx/hc4sn_b53233_zkc9xbbl97r0000gp/T//ccs6AV0E.s:243    .bss.TaskState:0000000000000000 TaskState
/var/folders/lx/hc4sn_b53233_zkc9xbbl97r0000gp/T//ccs6AV0E.s:244    .bss.TaskState:0000000000000000 $d
/var/folders/lx/hc4sn_b53233_zkc9xbbl97r0000gp/T//ccs6AV0E.s:246    .rodata.shellCmdsum:0000000000000000 $d
/var/folders/lx/hc4sn_b53233_zkc9xbbl97r0000gp/T//ccs6AV0E.s:252    .rodata.shellDescsum:0000000000000000 $d
/var/folders/lx/hc4sn_b53233_zkc9xbbl97r0000gp/T//ccs6AV0E.s:258    shellCommand:0000000000000000 $d

UNDEFINED SYMBOLS
DrvSerial
Shell_GetInstence
shellHandler
Shell_Printf
