ARM GAS  /var/folders/lx/hc4sn_b53233_zkc9xbbl97r0000gp/T//ccqliOUw.s 			page 1


   1              		.cpu cortex-m4
   2              		.eabi_attribute 27, 1
   3              		.eabi_attribute 28, 1
   4              		.eabi_attribute 20, 1
   5              		.eabi_attribute 21, 1
   6              		.eabi_attribute 23, 3
   7              		.eabi_attribute 24, 1
   8              		.eabi_attribute 25, 1
   9              		.eabi_attribute 26, 1
  10              		.eabi_attribute 30, 1
  11              		.eabi_attribute 34, 1
  12              		.eabi_attribute 18, 4
  13              		.file	"UI_Controller.c"
  14              		.text
  15              	.Ltext0:
  16              		.cfi_sections	.debug_frame
  17              		.section	.text.UI_GenData_Init,"ax",%progbits
  18              		.align	1
  19              		.arch armv7e-m
  20              		.syntax unified
  21              		.thumb
  22              		.thumb_func
  23              		.fpu fpv4-sp-d16
  25              	UI_GenData_Init:
  26              	.LVL0:
  27              	.LFB2:
  28              		.file 1 "Dsp/widget/wgt_core/UI_Controller.c"
   1:Dsp/widget/wgt_core/UI_Controller.c **** #include "UI_Controller.h"
   2:Dsp/widget/wgt_core/UI_Controller.c **** #include "runtime.h"
   3:Dsp/widget/wgt_core/UI_Controller.c **** #include <stdlib.h>
   4:Dsp/widget/wgt_core/UI_Controller.c **** 
   5:Dsp/widget/wgt_core/UI_Controller.c **** /* internal object */
   6:Dsp/widget/wgt_core/UI_Controller.c **** static UI_DrawInterface_TypeDef UI_DspInterface;
   7:Dsp/widget/wgt_core/UI_Controller.c **** 
   8:Dsp/widget/wgt_core/UI_Controller.c **** /* external function */
   9:Dsp/widget/wgt_core/UI_Controller.c **** /* UI button section */
  10:Dsp/widget/wgt_core/UI_Controller.c **** static bool UI_Button_Init(UI_ButtonObj_TypeDef *Obj, char *label, int8_t x, int8_t y, uint8_t widt
  11:Dsp/widget/wgt_core/UI_Controller.c **** static bool UI_Button_Set_Label(UI_ButtonObj_TypeDef *Obj, UI_Button_State_List state, char *label)
  12:Dsp/widget/wgt_core/UI_Controller.c **** static bool UI_Button_Set_TriggerCallback(UI_ButtonObj_TypeDef *Obj, UI_Button_Trigger_Type type, U
  13:Dsp/widget/wgt_core/UI_Controller.c **** static bool UI_Button_Push(UI_ButtonObj_TypeDef *Obj);
  14:Dsp/widget/wgt_core/UI_Controller.c **** static bool UI_Button_Release(UI_ButtonObj_TypeDef *Obj);
  15:Dsp/widget/wgt_core/UI_Controller.c **** static bool UI_Button_Move(UI_ButtonObj_TypeDef *Obj, uint8_t x, uint8_t y);
  16:Dsp/widget/wgt_core/UI_Controller.c **** static bool UI_Button_Ctl(UI_ButtonObj_TypeDef *Obj);
  17:Dsp/widget/wgt_core/UI_Controller.c **** 
  18:Dsp/widget/wgt_core/UI_Controller.c **** /* UI check box section */
  19:Dsp/widget/wgt_core/UI_Controller.c **** static bool UI_CheckBox_Init(UI_CheckBoxObj_TypeDef *Obj, char *label, int8_t x, int8_t y, uint8_t 
  20:Dsp/widget/wgt_core/UI_Controller.c **** 
  21:Dsp/widget/wgt_core/UI_Controller.c **** /* general function */
  22:Dsp/widget/wgt_core/UI_Controller.c **** static bool UI_Get_InitSate(UI_GeneralData_TypeDef GenData);
  23:Dsp/widget/wgt_core/UI_Controller.c **** static bool UI_Selecte(UI_GeneralData_TypeDef *GenData, bool select);
  24:Dsp/widget/wgt_core/UI_Controller.c **** static bool UI_Get_Selected(UI_GeneralData_TypeDef GenData);
  25:Dsp/widget/wgt_core/UI_Controller.c **** static bool UI_Move(UI_GeneralData_TypeDef *GenUI_Info, int8_t dst_x, int8_t dst_y);
  26:Dsp/widget/wgt_core/UI_Controller.c **** 
  27:Dsp/widget/wgt_core/UI_Controller.c **** /* external Object var */
  28:Dsp/widget/wgt_core/UI_Controller.c **** UI_Button_Interface_TypeDef UI_Button = {
  29:Dsp/widget/wgt_core/UI_Controller.c ****     .ctl = UI_Button_Ctl,
  30:Dsp/widget/wgt_core/UI_Controller.c ****     .init = UI_Button_Init,
ARM GAS  /var/folders/lx/hc4sn_b53233_zkc9xbbl97r0000gp/T//ccqliOUw.s 			page 2


  31:Dsp/widget/wgt_core/UI_Controller.c ****     .push = UI_Button_Push,
  32:Dsp/widget/wgt_core/UI_Controller.c ****     .move = UI_Button_Move,
  33:Dsp/widget/wgt_core/UI_Controller.c ****     .release = UI_Button_Release,
  34:Dsp/widget/wgt_core/UI_Controller.c ****     .set_label = UI_Button_Set_Label,
  35:Dsp/widget/wgt_core/UI_Controller.c ****     .set_trogger_callback = UI_Button_Set_TriggerCallback,
  36:Dsp/widget/wgt_core/UI_Controller.c **** };
  37:Dsp/widget/wgt_core/UI_Controller.c **** 
  38:Dsp/widget/wgt_core/UI_Controller.c **** UI_CheckBox_Interface_TypeDef UI_CheckBox = {
  39:Dsp/widget/wgt_core/UI_Controller.c ****     .init = UI_CheckBox_Init,
  40:Dsp/widget/wgt_core/UI_Controller.c **** };
  41:Dsp/widget/wgt_core/UI_Controller.c **** 
  42:Dsp/widget/wgt_core/UI_Controller.c **** /******************************* general function *********************************/
  43:Dsp/widget/wgt_core/UI_Controller.c **** 
  44:Dsp/widget/wgt_core/UI_Controller.c **** void UI_Set_DspInterface(UI_DrawPoint point,
  45:Dsp/widget/wgt_core/UI_Controller.c ****                          UI_DrawLine line,
  46:Dsp/widget/wgt_core/UI_Controller.c ****                          UI_DrawRectangle rectangle,
  47:Dsp/widget/wgt_core/UI_Controller.c ****                          UI_DrawRadiusRectangle radius_rectangle,
  48:Dsp/widget/wgt_core/UI_Controller.c ****                          UI_DrawCircle circle,
  49:Dsp/widget/wgt_core/UI_Controller.c ****                          UI_DrawCircleSection circle_section,
  50:Dsp/widget/wgt_core/UI_Controller.c ****                          UI_DrawStr str,
  51:Dsp/widget/wgt_core/UI_Controller.c ****                          UI_FillCircle fill_circle,
  52:Dsp/widget/wgt_core/UI_Controller.c ****                          UI_FillCircle_Section fillcircle_section,
  53:Dsp/widget/wgt_core/UI_Controller.c ****                          UI_FillRectangle fill_rectangle,
  54:Dsp/widget/wgt_core/UI_Controller.c ****                          UI_FillRadiusRectangle fill_radius_rectangle)
  55:Dsp/widget/wgt_core/UI_Controller.c **** {
  56:Dsp/widget/wgt_core/UI_Controller.c ****     UI_DspInterface.draw_circle = circle;
  57:Dsp/widget/wgt_core/UI_Controller.c ****     UI_DspInterface.draw_circle_section = circle_section;
  58:Dsp/widget/wgt_core/UI_Controller.c ****     UI_DspInterface.draw_line = line;
  59:Dsp/widget/wgt_core/UI_Controller.c ****     UI_DspInterface.draw_point = point;
  60:Dsp/widget/wgt_core/UI_Controller.c ****     UI_DspInterface.draw_rectangle = rectangle;
  61:Dsp/widget/wgt_core/UI_Controller.c ****     UI_DspInterface.draw_radius_rectangle = radius_rectangle;
  62:Dsp/widget/wgt_core/UI_Controller.c ****     UI_DspInterface.draw_str = str;
  63:Dsp/widget/wgt_core/UI_Controller.c **** 
  64:Dsp/widget/wgt_core/UI_Controller.c ****     UI_DspInterface.fill_circle = fill_circle;
  65:Dsp/widget/wgt_core/UI_Controller.c ****     UI_DspInterface.fill_circle_section = fillcircle_section;
  66:Dsp/widget/wgt_core/UI_Controller.c ****     UI_DspInterface.fill_radius_rectangle = fill_radius_rectangle;
  67:Dsp/widget/wgt_core/UI_Controller.c ****     UI_DspInterface.fill_rectangle = fill_rectangle;
  68:Dsp/widget/wgt_core/UI_Controller.c **** }
  69:Dsp/widget/wgt_core/UI_Controller.c **** 
  70:Dsp/widget/wgt_core/UI_Controller.c **** /* still in developing about this selector */
  71:Dsp/widget/wgt_core/UI_Controller.c **** /* FYI different UI Item Got different selector */
  72:Dsp/widget/wgt_core/UI_Controller.c **** bool UI_ShowSelector(WidgetUI_Item_TypeDef *item)
  73:Dsp/widget/wgt_core/UI_Controller.c **** {
  74:Dsp/widget/wgt_core/UI_Controller.c ****     /* button selector coordinate */
  75:Dsp/widget/wgt_core/UI_Controller.c ****     int8_t Btn_Slct_LftUp_X = 0;
  76:Dsp/widget/wgt_core/UI_Controller.c ****     int8_t Btn_Slct_LftUp_Y = 0;
  77:Dsp/widget/wgt_core/UI_Controller.c ****     int8_t Btn_Slct_LftDwn_X = 0;
  78:Dsp/widget/wgt_core/UI_Controller.c ****     int8_t Btn_Slct_LftDwn_Y = 0;
  79:Dsp/widget/wgt_core/UI_Controller.c ****     int8_t Btn_Slct_RgtUp_X = 0;
  80:Dsp/widget/wgt_core/UI_Controller.c ****     int8_t Btn_Slct_RgtUp_Y = 0;
  81:Dsp/widget/wgt_core/UI_Controller.c ****     int8_t Btn_Slct_RgtDwn_X = 0;
  82:Dsp/widget/wgt_core/UI_Controller.c ****     int8_t Btn_Slct_RgtDwn_Y = 0;
  83:Dsp/widget/wgt_core/UI_Controller.c **** 
  84:Dsp/widget/wgt_core/UI_Controller.c ****     if ((item == NULL) ||
  85:Dsp/widget/wgt_core/UI_Controller.c ****         (UI_DspInterface.fill_circle_section == NULL))
  86:Dsp/widget/wgt_core/UI_Controller.c ****         return false;
  87:Dsp/widget/wgt_core/UI_Controller.c **** 
ARM GAS  /var/folders/lx/hc4sn_b53233_zkc9xbbl97r0000gp/T//ccqliOUw.s 			page 3


  88:Dsp/widget/wgt_core/UI_Controller.c ****     switch ((uint8_t)(item->type))
  89:Dsp/widget/wgt_core/UI_Controller.c ****     {
  90:Dsp/widget/wgt_core/UI_Controller.c ****     case UI_Type_Button:
  91:Dsp/widget/wgt_core/UI_Controller.c ****         /* comput button selector coordinate first */
  92:Dsp/widget/wgt_core/UI_Controller.c ****         Btn_Slct_LftUp_X = ((UI_ButtonObj_TypeDef *)(item->Handler))->Gen_Data.x;
  93:Dsp/widget/wgt_core/UI_Controller.c ****         Btn_Slct_LftUp_Y = ((UI_ButtonObj_TypeDef *)(item->Handler))->Gen_Data.y + ((UI_ButtonObj_T
  94:Dsp/widget/wgt_core/UI_Controller.c **** 
  95:Dsp/widget/wgt_core/UI_Controller.c ****         Btn_Slct_LftDwn_X = Btn_Slct_LftUp_X;
  96:Dsp/widget/wgt_core/UI_Controller.c ****         Btn_Slct_LftDwn_Y = ((UI_ButtonObj_TypeDef *)(item->Handler))->Gen_Data.y;
  97:Dsp/widget/wgt_core/UI_Controller.c **** 
  98:Dsp/widget/wgt_core/UI_Controller.c ****         Btn_Slct_RgtUp_X = ((UI_ButtonObj_TypeDef *)(item->Handler))->Gen_Data.x + ((UI_ButtonObj_T
  99:Dsp/widget/wgt_core/UI_Controller.c ****         Btn_Slct_RgtUp_Y = Btn_Slct_LftUp_Y;
 100:Dsp/widget/wgt_core/UI_Controller.c **** 
 101:Dsp/widget/wgt_core/UI_Controller.c ****         Btn_Slct_RgtDwn_X = Btn_Slct_RgtUp_X;
 102:Dsp/widget/wgt_core/UI_Controller.c ****         Btn_Slct_RgtDwn_Y = Btn_Slct_LftDwn_Y;
 103:Dsp/widget/wgt_core/UI_Controller.c **** 
 104:Dsp/widget/wgt_core/UI_Controller.c ****         // show button selector
 105:Dsp/widget/wgt_core/UI_Controller.c ****         UI_DspInterface.draw_circle_section(Btn_Slct_LftUp_X, Btn_Slct_LftUp_Y, BUTTON_SELECTOR_RAD
 106:Dsp/widget/wgt_core/UI_Controller.c ****         UI_DspInterface.draw_circle_section(Btn_Slct_LftDwn_X, Btn_Slct_LftDwn_Y, BUTTON_SELECTOR_R
 107:Dsp/widget/wgt_core/UI_Controller.c ****         UI_DspInterface.draw_circle_section(Btn_Slct_RgtUp_X, Btn_Slct_RgtUp_Y, BUTTON_SELECTOR_RAD
 108:Dsp/widget/wgt_core/UI_Controller.c ****         UI_DspInterface.draw_circle_section(Btn_Slct_RgtDwn_X, Btn_Slct_RgtDwn_Y, BUTTON_SELECTOR_R
 109:Dsp/widget/wgt_core/UI_Controller.c ****         break;
 110:Dsp/widget/wgt_core/UI_Controller.c **** 
 111:Dsp/widget/wgt_core/UI_Controller.c ****     default:
 112:Dsp/widget/wgt_core/UI_Controller.c ****         break;
 113:Dsp/widget/wgt_core/UI_Controller.c ****     }
 114:Dsp/widget/wgt_core/UI_Controller.c ****     return true;
 115:Dsp/widget/wgt_core/UI_Controller.c **** }
 116:Dsp/widget/wgt_core/UI_Controller.c **** 
 117:Dsp/widget/wgt_core/UI_Controller.c **** static void UI_GenData_Init(UI_GeneralData_TypeDef *GenData, char *label, uint8_t x, uint8_t y)
 118:Dsp/widget/wgt_core/UI_Controller.c **** {
  29              		.loc 1 118 1 view -0
  30              		.cfi_startproc
  31              		@ args = 0, pretend = 0, frame = 0
  32              		@ frame_needed = 0, uses_anonymous_args = 0
  33              		@ link register save eliminated.
 119:Dsp/widget/wgt_core/UI_Controller.c ****     GenData->label = label;
  34              		.loc 1 119 5 view .LVU1
  35              		.loc 1 119 20 is_stmt 0 view .LVU2
  36 0000 0160     		str	r1, [r0]
 120:Dsp/widget/wgt_core/UI_Controller.c **** 
 121:Dsp/widget/wgt_core/UI_Controller.c ****     GenData->x = x;
  37              		.loc 1 121 5 is_stmt 1 view .LVU3
  38              		.loc 1 121 16 is_stmt 0 view .LVU4
  39 0002 0271     		strb	r2, [r0, #4]
 122:Dsp/widget/wgt_core/UI_Controller.c ****     GenData->y = y;
  40              		.loc 1 122 5 is_stmt 1 view .LVU5
  41              		.loc 1 122 16 is_stmt 0 view .LVU6
  42 0004 4371     		strb	r3, [r0, #5]
 123:Dsp/widget/wgt_core/UI_Controller.c **** 
 124:Dsp/widget/wgt_core/UI_Controller.c ****     GenData->operatable = false;
  43              		.loc 1 124 5 is_stmt 1 view .LVU7
  44              		.loc 1 124 25 is_stmt 0 view .LVU8
  45 0006 0023     		movs	r3, #0
  46              	.LVL1:
  47              		.loc 1 124 25 view .LVU9
  48 0008 8371     		strb	r3, [r0, #6]
ARM GAS  /var/folders/lx/hc4sn_b53233_zkc9xbbl97r0000gp/T//ccqliOUw.s 			page 4


 125:Dsp/widget/wgt_core/UI_Controller.c **** }
  49              		.loc 1 125 1 view .LVU10
  50 000a 7047     		bx	lr
  51              		.cfi_endproc
  52              	.LFE2:
  54              		.section	.text.UI_Move,"ax",%progbits
  55              		.align	1
  56              		.syntax unified
  57              		.thumb
  58              		.thumb_func
  59              		.fpu fpv4-sp-d16
  61              	UI_Move:
  62              	.LVL2:
  63              	.LFB3:
 126:Dsp/widget/wgt_core/UI_Controller.c **** 
 127:Dsp/widget/wgt_core/UI_Controller.c **** static bool UI_Move(UI_GeneralData_TypeDef *GenUI_Info, int8_t dst_x, int8_t dst_y)
 128:Dsp/widget/wgt_core/UI_Controller.c **** {
  64              		.loc 1 128 1 is_stmt 1 view -0
  65              		.cfi_startproc
  66              		@ args = 0, pretend = 0, frame = 0
  67              		@ frame_needed = 0, uses_anonymous_args = 0
  68              		@ link register save eliminated.
 129:Dsp/widget/wgt_core/UI_Controller.c ****     if (GenUI_Info == NULL)
  69              		.loc 1 129 5 view .LVU12
  70              		.loc 1 129 8 is_stmt 0 view .LVU13
  71 0000 18B1     		cbz	r0, .L4
 130:Dsp/widget/wgt_core/UI_Controller.c ****         return false;
 131:Dsp/widget/wgt_core/UI_Controller.c **** 
 132:Dsp/widget/wgt_core/UI_Controller.c ****     GenUI_Info->x = dst_x;
  72              		.loc 1 132 5 is_stmt 1 view .LVU14
  73              		.loc 1 132 19 is_stmt 0 view .LVU15
  74 0002 0171     		strb	r1, [r0, #4]
 133:Dsp/widget/wgt_core/UI_Controller.c ****     GenUI_Info->y = dst_y;
  75              		.loc 1 133 5 is_stmt 1 view .LVU16
  76              		.loc 1 133 19 is_stmt 0 view .LVU17
  77 0004 4271     		strb	r2, [r0, #5]
 134:Dsp/widget/wgt_core/UI_Controller.c **** 
 135:Dsp/widget/wgt_core/UI_Controller.c ****     return true;
  78              		.loc 1 135 5 is_stmt 1 view .LVU18
  79              		.loc 1 135 12 is_stmt 0 view .LVU19
  80 0006 0120     		movs	r0, #1
  81              	.LVL3:
  82              		.loc 1 135 12 view .LVU20
  83 0008 7047     		bx	lr
  84              	.LVL4:
  85              	.L4:
 130:Dsp/widget/wgt_core/UI_Controller.c **** 
  86              		.loc 1 130 16 view .LVU21
  87 000a 0020     		movs	r0, #0
  88              	.LVL5:
 136:Dsp/widget/wgt_core/UI_Controller.c **** }
  89              		.loc 1 136 1 view .LVU22
  90 000c 7047     		bx	lr
  91              		.cfi_endproc
  92              	.LFE3:
  94              		.section	.rodata.UI_Button_Init.str1.4,"aMS",%progbits,1
  95              		.align	2
ARM GAS  /var/folders/lx/hc4sn_b53233_zkc9xbbl97r0000gp/T//ccqliOUw.s 			page 5


  96              	.LC0:
  97 0000 79657300 		.ascii	"yes\000"
  98              		.align	2
  99              	.LC1:
 100 0004 6E6F00   		.ascii	"no\000"
 101              		.section	.text.UI_Button_Init,"ax",%progbits
 102              		.align	1
 103              		.syntax unified
 104              		.thumb
 105              		.thumb_func
 106              		.fpu fpv4-sp-d16
 108              	UI_Button_Init:
 109              	.LVL6:
 110              	.LFB4:
 137:Dsp/widget/wgt_core/UI_Controller.c **** 
 138:Dsp/widget/wgt_core/UI_Controller.c **** /********************************************** UI Button Object **********************************
 139:Dsp/widget/wgt_core/UI_Controller.c **** /*
 140:Dsp/widget/wgt_core/UI_Controller.c **** *  the operation of button ctl is a async operation
 141:Dsp/widget/wgt_core/UI_Controller.c **** *  exti irq or input signal triiger first then out of the trigger code 
 142:Dsp/widget/wgt_core/UI_Controller.c **** *  check signal value doing process
 143:Dsp/widget/wgt_core/UI_Controller.c **** */
 144:Dsp/widget/wgt_core/UI_Controller.c **** static bool UI_Button_Init(UI_ButtonObj_TypeDef *Obj, char *label, int8_t x, int8_t y, uint8_t widt
 145:Dsp/widget/wgt_core/UI_Controller.c **** {
 111              		.loc 1 145 1 is_stmt 1 view -0
 112              		.cfi_startproc
 113              		@ args = 16, pretend = 0, frame = 0
 114              		@ frame_needed = 0, uses_anonymous_args = 0
 115              		.loc 1 145 1 is_stmt 0 view .LVU24
 116 0000 10B5     		push	{r4, lr}
 117              	.LCFI0:
 118              		.cfi_def_cfa_offset 8
 119              		.cfi_offset 4, -8
 120              		.cfi_offset 14, -4
 121 0002 9DF814C0 		ldrb	ip, [sp, #20]	@ zero_extendqisi2
 146:Dsp/widget/wgt_core/UI_Controller.c ****     if (Obj == NULL)
 122              		.loc 1 146 5 is_stmt 1 view .LVU25
 123              		.loc 1 146 8 is_stmt 0 view .LVU26
 124 0006 D0B1     		cbz	r0, .L7
 125 0008 0446     		mov	r4, r0
 147:Dsp/widget/wgt_core/UI_Controller.c ****         return false;
 148:Dsp/widget/wgt_core/UI_Controller.c **** 
 149:Dsp/widget/wgt_core/UI_Controller.c ****     Obj->default_state = state;
 126              		.loc 1 149 5 is_stmt 1 view .LVU27
 127              		.loc 1 149 24 is_stmt 0 view .LVU28
 128 000a 80F808C0 		strb	ip, [r0, #8]
 150:Dsp/widget/wgt_core/UI_Controller.c ****     Obj->state = state;
 129              		.loc 1 150 5 is_stmt 1 view .LVU29
 130              		.loc 1 150 16 is_stmt 0 view .LVU30
 131 000e 80F809C0 		strb	ip, [r0, #9]
 151:Dsp/widget/wgt_core/UI_Controller.c ****     Obj->type = type;
 132              		.loc 1 151 5 is_stmt 1 view .LVU31
 133              		.loc 1 151 15 is_stmt 0 view .LVU32
 134 0012 9DF81000 		ldrb	r0, [sp, #16]	@ zero_extendqisi2
 135              	.LVL7:
 136              		.loc 1 151 15 view .LVU33
 137 0016 A072     		strb	r0, [r4, #10]
 152:Dsp/widget/wgt_core/UI_Controller.c **** 
ARM GAS  /var/folders/lx/hc4sn_b53233_zkc9xbbl97r0000gp/T//ccqliOUw.s 			page 6


 153:Dsp/widget/wgt_core/UI_Controller.c ****     UI_GenData_Init(&Obj->Gen_Data, label, x, y);
 138              		.loc 1 153 5 is_stmt 1 view .LVU34
 139 0018 DBB2     		uxtb	r3, r3
 140              		.loc 1 153 5 is_stmt 0 view .LVU35
 141 001a D2B2     		uxtb	r2, r2
 142              		.loc 1 153 5 view .LVU36
 143 001c 2046     		mov	r0, r4
 144 001e FFF7FEFF 		bl	UI_GenData_Init
 145              	.LVL8:
 154:Dsp/widget/wgt_core/UI_Controller.c **** 
 155:Dsp/widget/wgt_core/UI_Controller.c ****     Obj->width = width;
 146              		.loc 1 155 5 is_stmt 1 view .LVU37
 147              		.loc 1 155 16 is_stmt 0 view .LVU38
 148 0022 9DF80830 		ldrb	r3, [sp, #8]	@ zero_extendqisi2
 149 0026 E376     		strb	r3, [r4, #27]
 156:Dsp/widget/wgt_core/UI_Controller.c ****     Obj->height = height;
 150              		.loc 1 156 5 is_stmt 1 view .LVU39
 151              		.loc 1 156 17 is_stmt 0 view .LVU40
 152 0028 9DF80C30 		ldrb	r3, [sp, #12]	@ zero_extendqisi2
 153 002c 2377     		strb	r3, [r4, #28]
 157:Dsp/widget/wgt_core/UI_Controller.c **** 
 158:Dsp/widget/wgt_core/UI_Controller.c ****     Obj->PushDown_Label = DEFAULT_BUTTON_PUSH_LABEL;
 154              		.loc 1 158 5 is_stmt 1 view .LVU41
 155              		.loc 1 158 25 is_stmt 0 view .LVU42
 156 002e 054B     		ldr	r3, .L9
 157 0030 C4F81330 		str	r3, [r4, #19]	@ unaligned
 159:Dsp/widget/wgt_core/UI_Controller.c ****     Obj->Release_Label = DEFAULT_BUTTON_RELEASE_LABEL;
 158              		.loc 1 159 5 is_stmt 1 view .LVU43
 159              		.loc 1 159 24 is_stmt 0 view .LVU44
 160 0034 044B     		ldr	r3, .L9+4
 161 0036 C4F81730 		str	r3, [r4, #23]	@ unaligned
 160:Dsp/widget/wgt_core/UI_Controller.c **** 
 161:Dsp/widget/wgt_core/UI_Controller.c ****     return true;
 162              		.loc 1 161 5 is_stmt 1 view .LVU45
 163              		.loc 1 161 12 is_stmt 0 view .LVU46
 164 003a 0120     		movs	r0, #1
 165              	.LVL9:
 166              	.L6:
 162:Dsp/widget/wgt_core/UI_Controller.c **** }
 167              		.loc 1 162 1 view .LVU47
 168 003c 10BD     		pop	{r4, pc}
 169              	.LVL10:
 170              	.L7:
 147:Dsp/widget/wgt_core/UI_Controller.c **** 
 171              		.loc 1 147 16 view .LVU48
 172 003e 0020     		movs	r0, #0
 173              	.LVL11:
 147:Dsp/widget/wgt_core/UI_Controller.c **** 
 174              		.loc 1 147 16 view .LVU49
 175 0040 FCE7     		b	.L6
 176              	.L10:
 177 0042 00BF     		.align	2
 178              	.L9:
 179 0044 00000000 		.word	.LC0
 180 0048 04000000 		.word	.LC1
 181              		.cfi_endproc
 182              	.LFE4:
ARM GAS  /var/folders/lx/hc4sn_b53233_zkc9xbbl97r0000gp/T//ccqliOUw.s 			page 7


 184              		.section	.text.UI_Button_Set_Label,"ax",%progbits
 185              		.align	1
 186              		.syntax unified
 187              		.thumb
 188              		.thumb_func
 189              		.fpu fpv4-sp-d16
 191              	UI_Button_Set_Label:
 192              	.LVL12:
 193              	.LFB5:
 163:Dsp/widget/wgt_core/UI_Controller.c **** 
 164:Dsp/widget/wgt_core/UI_Controller.c **** static bool UI_Button_Set_Label(UI_ButtonObj_TypeDef *Obj, UI_Button_State_List state, char *label)
 165:Dsp/widget/wgt_core/UI_Controller.c **** {
 194              		.loc 1 165 1 is_stmt 1 view -0
 195              		.cfi_startproc
 196              		@ args = 0, pretend = 0, frame = 0
 197              		@ frame_needed = 0, uses_anonymous_args = 0
 198              		@ link register save eliminated.
 166:Dsp/widget/wgt_core/UI_Controller.c ****     if (Obj == NULL)
 199              		.loc 1 166 5 view .LVU51
 200              		.loc 1 166 8 is_stmt 0 view .LVU52
 201 0000 48B1     		cbz	r0, .L14
 167:Dsp/widget/wgt_core/UI_Controller.c ****         return false;
 168:Dsp/widget/wgt_core/UI_Controller.c **** 
 169:Dsp/widget/wgt_core/UI_Controller.c ****     if (state == UI_Btn_PushDwn)
 202              		.loc 1 169 5 is_stmt 1 view .LVU53
 203              		.loc 1 169 8 is_stmt 0 view .LVU54
 204 0002 0129     		cmp	r1, #1
 205 0004 03D0     		beq	.L15
 170:Dsp/widget/wgt_core/UI_Controller.c ****         Obj->PushDown_Label = label;
 171:Dsp/widget/wgt_core/UI_Controller.c ****     else
 172:Dsp/widget/wgt_core/UI_Controller.c ****         Obj->Release_Label = label;
 206              		.loc 1 172 9 is_stmt 1 view .LVU55
 207              		.loc 1 172 28 is_stmt 0 view .LVU56
 208 0006 C0F81720 		str	r2, [r0, #23]	@ unaligned
 173:Dsp/widget/wgt_core/UI_Controller.c **** 
 174:Dsp/widget/wgt_core/UI_Controller.c ****     return true;
 209              		.loc 1 174 12 view .LVU57
 210 000a 0120     		movs	r0, #1
 211              	.LVL13:
 212              		.loc 1 174 12 view .LVU58
 213 000c 7047     		bx	lr
 214              	.LVL14:
 215              	.L15:
 170:Dsp/widget/wgt_core/UI_Controller.c ****         Obj->PushDown_Label = label;
 216              		.loc 1 170 9 is_stmt 1 view .LVU59
 170:Dsp/widget/wgt_core/UI_Controller.c ****         Obj->PushDown_Label = label;
 217              		.loc 1 170 29 is_stmt 0 view .LVU60
 218 000e C0F81320 		str	r2, [r0, #19]	@ unaligned
 219              		.loc 1 174 12 view .LVU61
 220 0012 0120     		movs	r0, #1
 221              	.LVL15:
 222              		.loc 1 174 12 view .LVU62
 223 0014 7047     		bx	lr
 224              	.LVL16:
 225              	.L14:
 167:Dsp/widget/wgt_core/UI_Controller.c **** 
 226              		.loc 1 167 16 view .LVU63
ARM GAS  /var/folders/lx/hc4sn_b53233_zkc9xbbl97r0000gp/T//ccqliOUw.s 			page 8


 227 0016 0020     		movs	r0, #0
 228              	.LVL17:
 175:Dsp/widget/wgt_core/UI_Controller.c **** }
 229              		.loc 1 175 1 view .LVU64
 230 0018 7047     		bx	lr
 231              		.cfi_endproc
 232              	.LFE5:
 234              		.section	.text.UI_Button_Set_TriggerCallback,"ax",%progbits
 235              		.align	1
 236              		.syntax unified
 237              		.thumb
 238              		.thumb_func
 239              		.fpu fpv4-sp-d16
 241              	UI_Button_Set_TriggerCallback:
 242              	.LVL18:
 243              	.LFB6:
 176:Dsp/widget/wgt_core/UI_Controller.c **** 
 177:Dsp/widget/wgt_core/UI_Controller.c **** static bool UI_Button_Set_TriggerCallback(UI_ButtonObj_TypeDef *Obj, UI_Button_Trigger_Type type, U
 178:Dsp/widget/wgt_core/UI_Controller.c **** {
 244              		.loc 1 178 1 is_stmt 1 view -0
 245              		.cfi_startproc
 246              		@ args = 0, pretend = 0, frame = 0
 247              		@ frame_needed = 0, uses_anonymous_args = 0
 248              		@ link register save eliminated.
 179:Dsp/widget/wgt_core/UI_Controller.c ****     if (Obj == NULL)
 249              		.loc 1 179 5 view .LVU66
 250              		.loc 1 179 8 is_stmt 0 view .LVU67
 251 0000 50B1     		cbz	r0, .L19
 180:Dsp/widget/wgt_core/UI_Controller.c ****         return false;
 181:Dsp/widget/wgt_core/UI_Controller.c **** 
 182:Dsp/widget/wgt_core/UI_Controller.c ****     if (type == Push_Trigger)
 252              		.loc 1 182 5 is_stmt 1 view .LVU68
 253              		.loc 1 182 8 is_stmt 0 view .LVU69
 254 0002 0129     		cmp	r1, #1
 255 0004 04D0     		beq	.L21
 183:Dsp/widget/wgt_core/UI_Controller.c ****     {
 184:Dsp/widget/wgt_core/UI_Controller.c ****         Obj->push_callback = callback;
 185:Dsp/widget/wgt_core/UI_Controller.c ****     }
 186:Dsp/widget/wgt_core/UI_Controller.c ****     else if (type == Release_Trigger)
 256              		.loc 1 186 10 is_stmt 1 view .LVU70
 257              		.loc 1 186 13 is_stmt 0 view .LVU71
 258 0006 49B9     		cbnz	r1, .L20
 187:Dsp/widget/wgt_core/UI_Controller.c ****     {
 188:Dsp/widget/wgt_core/UI_Controller.c ****         Obj->release_callback = callback;
 259              		.loc 1 188 9 is_stmt 1 view .LVU72
 260              		.loc 1 188 31 is_stmt 0 view .LVU73
 261 0008 C0F80F20 		str	r2, [r0, #15]	@ unaligned
 189:Dsp/widget/wgt_core/UI_Controller.c ****     }
 190:Dsp/widget/wgt_core/UI_Controller.c ****     else
 191:Dsp/widget/wgt_core/UI_Controller.c ****         return false;
 192:Dsp/widget/wgt_core/UI_Controller.c **** 
 193:Dsp/widget/wgt_core/UI_Controller.c ****     return true;
 262              		.loc 1 193 12 view .LVU74
 263 000c 0120     		movs	r0, #1
 264              	.LVL19:
 265              		.loc 1 193 12 view .LVU75
 266 000e 7047     		bx	lr
ARM GAS  /var/folders/lx/hc4sn_b53233_zkc9xbbl97r0000gp/T//ccqliOUw.s 			page 9


 267              	.LVL20:
 268              	.L21:
 184:Dsp/widget/wgt_core/UI_Controller.c ****     }
 269              		.loc 1 184 9 is_stmt 1 view .LVU76
 184:Dsp/widget/wgt_core/UI_Controller.c ****     }
 270              		.loc 1 184 28 is_stmt 0 view .LVU77
 271 0010 C0F80B20 		str	r2, [r0, #11]	@ unaligned
 272              		.loc 1 193 12 view .LVU78
 273 0014 0120     		movs	r0, #1
 274              	.LVL21:
 275              		.loc 1 193 12 view .LVU79
 276 0016 7047     		bx	lr
 277              	.LVL22:
 278              	.L19:
 180:Dsp/widget/wgt_core/UI_Controller.c **** 
 279              		.loc 1 180 16 view .LVU80
 280 0018 0020     		movs	r0, #0
 281              	.LVL23:
 180:Dsp/widget/wgt_core/UI_Controller.c **** 
 282              		.loc 1 180 16 view .LVU81
 283 001a 7047     		bx	lr
 284              	.LVL24:
 285              	.L20:
 191:Dsp/widget/wgt_core/UI_Controller.c **** 
 286              		.loc 1 191 16 view .LVU82
 287 001c 0020     		movs	r0, #0
 288              	.LVL25:
 194:Dsp/widget/wgt_core/UI_Controller.c **** }
 289              		.loc 1 194 1 view .LVU83
 290 001e 7047     		bx	lr
 291              		.cfi_endproc
 292              	.LFE6:
 294              		.section	.text.UI_Button_Push,"ax",%progbits
 295              		.align	1
 296              		.syntax unified
 297              		.thumb
 298              		.thumb_func
 299              		.fpu fpv4-sp-d16
 301              	UI_Button_Push:
 302              	.LVL26:
 303              	.LFB7:
 195:Dsp/widget/wgt_core/UI_Controller.c **** 
 196:Dsp/widget/wgt_core/UI_Controller.c **** static bool UI_Button_Push(UI_ButtonObj_TypeDef *Obj)
 197:Dsp/widget/wgt_core/UI_Controller.c **** {
 304              		.loc 1 197 1 is_stmt 1 view -0
 305              		.cfi_startproc
 306              		@ args = 0, pretend = 0, frame = 0
 307              		@ frame_needed = 0, uses_anonymous_args = 0
 198:Dsp/widget/wgt_core/UI_Controller.c ****     if (Obj == NULL)
 308              		.loc 1 198 5 view .LVU85
 309              		.loc 1 198 8 is_stmt 0 view .LVU86
 310 0000 F0B1     		cbz	r0, .L26
 197:Dsp/widget/wgt_core/UI_Controller.c ****     if (Obj == NULL)
 311              		.loc 1 197 1 view .LVU87
 312 0002 08B5     		push	{r3, lr}
 313              	.LCFI1:
 314              		.cfi_def_cfa_offset 8
ARM GAS  /var/folders/lx/hc4sn_b53233_zkc9xbbl97r0000gp/T//ccqliOUw.s 			page 10


 315              		.cfi_offset 3, -8
 316              		.cfi_offset 14, -4
 317 0004 0346     		mov	r3, r0
 199:Dsp/widget/wgt_core/UI_Controller.c ****         return false;
 200:Dsp/widget/wgt_core/UI_Controller.c **** 
 201:Dsp/widget/wgt_core/UI_Controller.c ****     if (Obj->type == Lock_Btn)
 318              		.loc 1 201 5 is_stmt 1 view .LVU88
 319              		.loc 1 201 12 is_stmt 0 view .LVU89
 320 0006 827A     		ldrb	r2, [r0, #10]	@ zero_extendqisi2
 321              		.loc 1 201 8 view .LVU90
 322 0008 012A     		cmp	r2, #1
 323 000a 06D0     		beq	.L34
 202:Dsp/widget/wgt_core/UI_Controller.c ****     {
 203:Dsp/widget/wgt_core/UI_Controller.c ****         if (Obj->state == UI_Btn_RlsUp)
 204:Dsp/widget/wgt_core/UI_Controller.c ****             Obj->state = UI_Btn_PushDwn;
 205:Dsp/widget/wgt_core/UI_Controller.c ****         else
 206:Dsp/widget/wgt_core/UI_Controller.c ****             Obj->state = UI_Btn_RlsUp;
 207:Dsp/widget/wgt_core/UI_Controller.c ****     }
 208:Dsp/widget/wgt_core/UI_Controller.c ****     else if (Obj->type == Reset_Btn)
 324              		.loc 1 208 10 is_stmt 1 view .LVU91
 325              		.loc 1 208 13 is_stmt 0 view .LVU92
 326 000c D2B9     		cbnz	r2, .L27
 209:Dsp/widget/wgt_core/UI_Controller.c ****     {
 210:Dsp/widget/wgt_core/UI_Controller.c ****         if (Obj->default_state == Obj->state)
 327              		.loc 1 210 9 is_stmt 1 view .LVU93
 328              		.loc 1 210 16 is_stmt 0 view .LVU94
 329 000e 027A     		ldrb	r2, [r0, #8]	@ zero_extendqisi2
 330              		.loc 1 210 38 view .LVU95
 331 0010 417A     		ldrb	r1, [r0, #9]	@ zero_extendqisi2
 332              		.loc 1 210 12 view .LVU96
 333 0012 8A42     		cmp	r2, r1
 334 0014 0AD0     		beq	.L35
 211:Dsp/widget/wgt_core/UI_Controller.c ****         {
 212:Dsp/widget/wgt_core/UI_Controller.c ****             Obj->state = !Obj->default_state;
 213:Dsp/widget/wgt_core/UI_Controller.c **** 
 214:Dsp/widget/wgt_core/UI_Controller.c ****             if (Obj->push_callback != NULL)
 215:Dsp/widget/wgt_core/UI_Controller.c ****                 Obj->push_callback();
 216:Dsp/widget/wgt_core/UI_Controller.c ****         }
 217:Dsp/widget/wgt_core/UI_Controller.c ****     }
 218:Dsp/widget/wgt_core/UI_Controller.c ****     else
 219:Dsp/widget/wgt_core/UI_Controller.c ****         return false;
 220:Dsp/widget/wgt_core/UI_Controller.c **** 
 221:Dsp/widget/wgt_core/UI_Controller.c ****     return true;
 335              		.loc 1 221 12 view .LVU97
 336 0016 0120     		movs	r0, #1
 337              	.LVL27:
 338              	.L23:
 222:Dsp/widget/wgt_core/UI_Controller.c **** }
 339              		.loc 1 222 1 view .LVU98
 340 0018 08BD     		pop	{r3, pc}
 341              	.LVL28:
 342              	.L34:
 203:Dsp/widget/wgt_core/UI_Controller.c ****             Obj->state = UI_Btn_PushDwn;
 343              		.loc 1 203 9 is_stmt 1 view .LVU99
 203:Dsp/widget/wgt_core/UI_Controller.c ****             Obj->state = UI_Btn_PushDwn;
 344              		.loc 1 203 16 is_stmt 0 view .LVU100
 345 001a 427A     		ldrb	r2, [r0, #9]	@ zero_extendqisi2
ARM GAS  /var/folders/lx/hc4sn_b53233_zkc9xbbl97r0000gp/T//ccqliOUw.s 			page 11


 203:Dsp/widget/wgt_core/UI_Controller.c ****             Obj->state = UI_Btn_PushDwn;
 346              		.loc 1 203 12 view .LVU101
 347 001c 12B9     		cbnz	r2, .L25
 204:Dsp/widget/wgt_core/UI_Controller.c ****         else
 348              		.loc 1 204 13 is_stmt 1 view .LVU102
 204:Dsp/widget/wgt_core/UI_Controller.c ****         else
 349              		.loc 1 204 24 is_stmt 0 view .LVU103
 350 001e 0120     		movs	r0, #1
 351              	.LVL29:
 204:Dsp/widget/wgt_core/UI_Controller.c ****         else
 352              		.loc 1 204 24 view .LVU104
 353 0020 5872     		strb	r0, [r3, #9]
 354 0022 F9E7     		b	.L23
 355              	.LVL30:
 356              	.L25:
 206:Dsp/widget/wgt_core/UI_Controller.c ****     }
 357              		.loc 1 206 13 is_stmt 1 view .LVU105
 206:Dsp/widget/wgt_core/UI_Controller.c ****     }
 358              		.loc 1 206 24 is_stmt 0 view .LVU106
 359 0024 0022     		movs	r2, #0
 360 0026 4272     		strb	r2, [r0, #9]
 221:Dsp/widget/wgt_core/UI_Controller.c **** }
 361              		.loc 1 221 12 view .LVU107
 362 0028 0120     		movs	r0, #1
 363              	.LVL31:
 221:Dsp/widget/wgt_core/UI_Controller.c **** }
 364              		.loc 1 221 12 view .LVU108
 365 002a F5E7     		b	.L23
 366              	.LVL32:
 367              	.L35:
 212:Dsp/widget/wgt_core/UI_Controller.c **** 
 368              		.loc 1 212 13 is_stmt 1 view .LVU109
 212:Dsp/widget/wgt_core/UI_Controller.c **** 
 369              		.loc 1 212 26 is_stmt 0 view .LVU110
 370 002c B2FA82F2 		clz	r2, r2
 371 0030 5209     		lsrs	r2, r2, #5
 212:Dsp/widget/wgt_core/UI_Controller.c **** 
 372              		.loc 1 212 24 view .LVU111
 373 0032 4272     		strb	r2, [r0, #9]
 214:Dsp/widget/wgt_core/UI_Controller.c ****                 Obj->push_callback();
 374              		.loc 1 214 13 is_stmt 1 view .LVU112
 214:Dsp/widget/wgt_core/UI_Controller.c ****                 Obj->push_callback();
 375              		.loc 1 214 20 is_stmt 0 view .LVU113
 376 0034 D0F80B30 		ldr	r3, [r0, #11]	@ unaligned
 214:Dsp/widget/wgt_core/UI_Controller.c ****                 Obj->push_callback();
 377              		.loc 1 214 16 view .LVU114
 378 0038 33B1     		cbz	r3, .L29
 215:Dsp/widget/wgt_core/UI_Controller.c ****         }
 379              		.loc 1 215 17 is_stmt 1 view .LVU115
 380 003a 9847     		blx	r3
 381              	.LVL33:
 221:Dsp/widget/wgt_core/UI_Controller.c **** }
 382              		.loc 1 221 12 is_stmt 0 view .LVU116
 383 003c 0120     		movs	r0, #1
 384 003e EBE7     		b	.L23
 385              	.LVL34:
 386              	.L26:
ARM GAS  /var/folders/lx/hc4sn_b53233_zkc9xbbl97r0000gp/T//ccqliOUw.s 			page 12


 387              	.LCFI2:
 388              		.cfi_def_cfa_offset 0
 389              		.cfi_restore 3
 390              		.cfi_restore 14
 199:Dsp/widget/wgt_core/UI_Controller.c **** 
 391              		.loc 1 199 16 view .LVU117
 392 0040 0020     		movs	r0, #0
 393              	.LVL35:
 394              		.loc 1 222 1 view .LVU118
 395 0042 7047     		bx	lr
 396              	.LVL36:
 397              	.L27:
 398              	.LCFI3:
 399              		.cfi_def_cfa_offset 8
 400              		.cfi_offset 3, -8
 401              		.cfi_offset 14, -4
 219:Dsp/widget/wgt_core/UI_Controller.c **** 
 402              		.loc 1 219 16 view .LVU119
 403 0044 0020     		movs	r0, #0
 404              	.LVL37:
 219:Dsp/widget/wgt_core/UI_Controller.c **** 
 405              		.loc 1 219 16 view .LVU120
 406 0046 E7E7     		b	.L23
 407              	.LVL38:
 408              	.L29:
 221:Dsp/widget/wgt_core/UI_Controller.c **** }
 409              		.loc 1 221 12 view .LVU121
 410 0048 0120     		movs	r0, #1
 411              	.LVL39:
 221:Dsp/widget/wgt_core/UI_Controller.c **** }
 412              		.loc 1 221 12 view .LVU122
 413 004a E5E7     		b	.L23
 414              		.cfi_endproc
 415              	.LFE7:
 417              		.section	.text.UI_Button_Release,"ax",%progbits
 418              		.align	1
 419              		.syntax unified
 420              		.thumb
 421              		.thumb_func
 422              		.fpu fpv4-sp-d16
 424              	UI_Button_Release:
 425              	.LVL40:
 426              	.LFB8:
 223:Dsp/widget/wgt_core/UI_Controller.c **** 
 224:Dsp/widget/wgt_core/UI_Controller.c **** static bool UI_Button_Release(UI_ButtonObj_TypeDef *Obj)
 225:Dsp/widget/wgt_core/UI_Controller.c **** {
 427              		.loc 1 225 1 is_stmt 1 view -0
 428              		.cfi_startproc
 429              		@ args = 0, pretend = 0, frame = 0
 430              		@ frame_needed = 0, uses_anonymous_args = 0
 226:Dsp/widget/wgt_core/UI_Controller.c ****     if (Obj == NULL)
 431              		.loc 1 226 5 view .LVU124
 432              		.loc 1 226 8 is_stmt 0 view .LVU125
 433 0000 70B1     		cbz	r0, .L38
 225:Dsp/widget/wgt_core/UI_Controller.c ****     if (Obj == NULL)
 434              		.loc 1 225 1 view .LVU126
 435 0002 08B5     		push	{r3, lr}
ARM GAS  /var/folders/lx/hc4sn_b53233_zkc9xbbl97r0000gp/T//ccqliOUw.s 			page 13


 436              	.LCFI4:
 437              		.cfi_def_cfa_offset 8
 438              		.cfi_offset 3, -8
 439              		.cfi_offset 14, -4
 227:Dsp/widget/wgt_core/UI_Controller.c ****         return false;
 228:Dsp/widget/wgt_core/UI_Controller.c **** 
 229:Dsp/widget/wgt_core/UI_Controller.c ****     if (Obj->type == Lock_Btn)
 440              		.loc 1 229 5 is_stmt 1 view .LVU127
 441              		.loc 1 229 12 is_stmt 0 view .LVU128
 442 0004 827A     		ldrb	r2, [r0, #10]	@ zero_extendqisi2
 443              		.loc 1 229 8 view .LVU129
 444 0006 012A     		cmp	r2, #1
 445 0008 0CD0     		beq	.L39
 230:Dsp/widget/wgt_core/UI_Controller.c ****         return true;
 231:Dsp/widget/wgt_core/UI_Controller.c **** 
 232:Dsp/widget/wgt_core/UI_Controller.c ****     if (Obj->default_state != Obj->state)
 446              		.loc 1 232 5 is_stmt 1 view .LVU130
 447              		.loc 1 232 12 is_stmt 0 view .LVU131
 448 000a 027A     		ldrb	r2, [r0, #8]	@ zero_extendqisi2
 449              		.loc 1 232 34 view .LVU132
 450 000c 417A     		ldrb	r1, [r0, #9]	@ zero_extendqisi2
 451              		.loc 1 232 8 view .LVU133
 452 000e 8A42     		cmp	r2, r1
 453 0010 0AD0     		beq	.L40
 233:Dsp/widget/wgt_core/UI_Controller.c ****     {
 234:Dsp/widget/wgt_core/UI_Controller.c ****         Obj->state = Obj->default_state;
 454              		.loc 1 234 9 is_stmt 1 view .LVU134
 455              		.loc 1 234 20 is_stmt 0 view .LVU135
 456 0012 4272     		strb	r2, [r0, #9]
 235:Dsp/widget/wgt_core/UI_Controller.c **** 
 236:Dsp/widget/wgt_core/UI_Controller.c ****         if (Obj->release_callback != NULL)
 457              		.loc 1 236 9 is_stmt 1 view .LVU136
 458              		.loc 1 236 16 is_stmt 0 view .LVU137
 459 0014 D0F80F30 		ldr	r3, [r0, #15]	@ unaligned
 460              		.loc 1 236 12 view .LVU138
 461 0018 43B1     		cbz	r3, .L41
 237:Dsp/widget/wgt_core/UI_Controller.c ****             Obj->release_callback();
 462              		.loc 1 237 13 is_stmt 1 view .LVU139
 463 001a 9847     		blx	r3
 464              	.LVL41:
 238:Dsp/widget/wgt_core/UI_Controller.c ****     }
 239:Dsp/widget/wgt_core/UI_Controller.c **** 
 240:Dsp/widget/wgt_core/UI_Controller.c ****     return true;
 465              		.loc 1 240 12 is_stmt 0 view .LVU140
 466 001c 0120     		movs	r0, #1
 467              	.L37:
 241:Dsp/widget/wgt_core/UI_Controller.c **** }
 468              		.loc 1 241 1 view .LVU141
 469 001e 08BD     		pop	{r3, pc}
 470              	.LVL42:
 471              	.L38:
 472              	.LCFI5:
 473              		.cfi_def_cfa_offset 0
 474              		.cfi_restore 3
 475              		.cfi_restore 14
 227:Dsp/widget/wgt_core/UI_Controller.c **** 
 476              		.loc 1 227 16 view .LVU142
ARM GAS  /var/folders/lx/hc4sn_b53233_zkc9xbbl97r0000gp/T//ccqliOUw.s 			page 14


 477 0020 0020     		movs	r0, #0
 478              	.LVL43:
 479              		.loc 1 241 1 view .LVU143
 480 0022 7047     		bx	lr
 481              	.LVL44:
 482              	.L39:
 483              	.LCFI6:
 484              		.cfi_def_cfa_offset 8
 485              		.cfi_offset 3, -8
 486              		.cfi_offset 14, -4
 230:Dsp/widget/wgt_core/UI_Controller.c **** 
 487              		.loc 1 230 16 view .LVU144
 488 0024 0120     		movs	r0, #1
 489              	.LVL45:
 230:Dsp/widget/wgt_core/UI_Controller.c **** 
 490              		.loc 1 230 16 view .LVU145
 491 0026 FAE7     		b	.L37
 492              	.LVL46:
 493              	.L40:
 240:Dsp/widget/wgt_core/UI_Controller.c **** }
 494              		.loc 1 240 12 view .LVU146
 495 0028 0120     		movs	r0, #1
 496              	.LVL47:
 240:Dsp/widget/wgt_core/UI_Controller.c **** }
 497              		.loc 1 240 12 view .LVU147
 498 002a F8E7     		b	.L37
 499              	.LVL48:
 500              	.L41:
 240:Dsp/widget/wgt_core/UI_Controller.c **** }
 501              		.loc 1 240 12 view .LVU148
 502 002c 0120     		movs	r0, #1
 503              	.LVL49:
 240:Dsp/widget/wgt_core/UI_Controller.c **** }
 504              		.loc 1 240 12 view .LVU149
 505 002e F6E7     		b	.L37
 506              		.cfi_endproc
 507              	.LFE8:
 509              		.section	.text.UI_Button_Move,"ax",%progbits
 510              		.align	1
 511              		.syntax unified
 512              		.thumb
 513              		.thumb_func
 514              		.fpu fpv4-sp-d16
 516              	UI_Button_Move:
 517              	.LVL50:
 518              	.LFB9:
 242:Dsp/widget/wgt_core/UI_Controller.c **** 
 243:Dsp/widget/wgt_core/UI_Controller.c **** static bool UI_Button_Move(UI_ButtonObj_TypeDef *Obj, uint8_t x, uint8_t y)
 244:Dsp/widget/wgt_core/UI_Controller.c **** {
 519              		.loc 1 244 1 is_stmt 1 view -0
 520              		.cfi_startproc
 521              		@ args = 0, pretend = 0, frame = 0
 522              		@ frame_needed = 0, uses_anonymous_args = 0
 245:Dsp/widget/wgt_core/UI_Controller.c ****     if (Obj == NULL)
 523              		.loc 1 245 5 view .LVU151
 524              		.loc 1 245 8 is_stmt 0 view .LVU152
 525 0000 28B1     		cbz	r0, .L48
ARM GAS  /var/folders/lx/hc4sn_b53233_zkc9xbbl97r0000gp/T//ccqliOUw.s 			page 15


 244:Dsp/widget/wgt_core/UI_Controller.c ****     if (Obj == NULL)
 526              		.loc 1 244 1 view .LVU153
 527 0002 08B5     		push	{r3, lr}
 528              	.LCFI7:
 529              		.cfi_def_cfa_offset 8
 530              		.cfi_offset 3, -8
 531              		.cfi_offset 14, -4
 246:Dsp/widget/wgt_core/UI_Controller.c ****         return false;
 247:Dsp/widget/wgt_core/UI_Controller.c **** 
 248:Dsp/widget/wgt_core/UI_Controller.c ****     return UI_Move(&(Obj->Gen_Data), x, y);
 532              		.loc 1 248 5 is_stmt 1 view .LVU154
 533              		.loc 1 248 12 is_stmt 0 view .LVU155
 534 0004 52B2     		sxtb	r2, r2
 535              		.loc 1 248 12 view .LVU156
 536 0006 49B2     		sxtb	r1, r1
 537              		.loc 1 248 12 view .LVU157
 538 0008 FFF7FEFF 		bl	UI_Move
 539              	.LVL51:
 249:Dsp/widget/wgt_core/UI_Controller.c **** }
 540              		.loc 1 249 1 view .LVU158
 541 000c 08BD     		pop	{r3, pc}
 542              	.LVL52:
 543              	.L48:
 544              	.LCFI8:
 545              		.cfi_def_cfa_offset 0
 546              		.cfi_restore 3
 547              		.cfi_restore 14
 246:Dsp/widget/wgt_core/UI_Controller.c ****         return false;
 548              		.loc 1 246 16 view .LVU159
 549 000e 0020     		movs	r0, #0
 550              	.LVL53:
 551              		.loc 1 249 1 view .LVU160
 552 0010 7047     		bx	lr
 553              		.cfi_endproc
 554              	.LFE9:
 556              		.section	.text.UI_CheckBox_Init,"ax",%progbits
 557              		.align	1
 558              		.syntax unified
 559              		.thumb
 560              		.thumb_func
 561              		.fpu fpv4-sp-d16
 563              	UI_CheckBox_Init:
 564              	.LVL54:
 565              	.LFB11:
 250:Dsp/widget/wgt_core/UI_Controller.c **** 
 251:Dsp/widget/wgt_core/UI_Controller.c **** static bool UI_Button_Ctl(UI_ButtonObj_TypeDef *Obj)
 252:Dsp/widget/wgt_core/UI_Controller.c **** {
 253:Dsp/widget/wgt_core/UI_Controller.c ****     SYSTEM_RunTime Cur_Rt = Get_CurrentRunningMs();
 254:Dsp/widget/wgt_core/UI_Controller.c **** 
 255:Dsp/widget/wgt_core/UI_Controller.c ****     if (Obj == NULL)
 256:Dsp/widget/wgt_core/UI_Controller.c ****         return false;
 257:Dsp/widget/wgt_core/UI_Controller.c **** 
 258:Dsp/widget/wgt_core/UI_Controller.c ****     if (Obj->type == Lock_Btn)
 259:Dsp/widget/wgt_core/UI_Controller.c ****     {
 260:Dsp/widget/wgt_core/UI_Controller.c ****         if (Obj->state == UI_Btn_PushDwn)
 261:Dsp/widget/wgt_core/UI_Controller.c ****         {
 262:Dsp/widget/wgt_core/UI_Controller.c ****             if (Obj->push_callback)
ARM GAS  /var/folders/lx/hc4sn_b53233_zkc9xbbl97r0000gp/T//ccqliOUw.s 			page 16


 263:Dsp/widget/wgt_core/UI_Controller.c ****                 Obj->push_callback();
 264:Dsp/widget/wgt_core/UI_Controller.c ****         }
 265:Dsp/widget/wgt_core/UI_Controller.c ****         else if (Obj->state == UI_Btn_RlsUp)
 266:Dsp/widget/wgt_core/UI_Controller.c ****         {
 267:Dsp/widget/wgt_core/UI_Controller.c ****             if (Obj->release_callback)
 268:Dsp/widget/wgt_core/UI_Controller.c ****                 Obj->release_callback();
 269:Dsp/widget/wgt_core/UI_Controller.c ****         }
 270:Dsp/widget/wgt_core/UI_Controller.c ****         else
 271:Dsp/widget/wgt_core/UI_Controller.c ****             return false;
 272:Dsp/widget/wgt_core/UI_Controller.c ****     }
 273:Dsp/widget/wgt_core/UI_Controller.c **** 
 274:Dsp/widget/wgt_core/UI_Controller.c ****     /* display button on screen object */
 275:Dsp/widget/wgt_core/UI_Controller.c ****     /* invert display color when button been push down */
 276:Dsp/widget/wgt_core/UI_Controller.c ****     if ((UI_DspInterface.draw_str != NULL) && (UI_DspInterface.fill_radius_rectangle != NULL) && (U
 277:Dsp/widget/wgt_core/UI_Controller.c ****     {
 278:Dsp/widget/wgt_core/UI_Controller.c ****         if (Obj->state == UI_Btn_PushDwn)
 279:Dsp/widget/wgt_core/UI_Controller.c ****         {
 280:Dsp/widget/wgt_core/UI_Controller.c ****             /* fill button frame */
 281:Dsp/widget/wgt_core/UI_Controller.c ****             UI_DspInterface.fill_radius_rectangle(Obj->Gen_Data.x, Obj->Gen_Data.y, Obj->width, Obj
 282:Dsp/widget/wgt_core/UI_Controller.c **** 
 283:Dsp/widget/wgt_core/UI_Controller.c ****             /* invert string display */
 284:Dsp/widget/wgt_core/UI_Controller.c ****             if (Obj->PushDown_Label != NULL)
 285:Dsp/widget/wgt_core/UI_Controller.c ****                 UI_DspInterface.draw_str(Default_Font, Obj->PushDown_Label, Obj->Gen_Data.x + 5, Ob
 286:Dsp/widget/wgt_core/UI_Controller.c ****         }
 287:Dsp/widget/wgt_core/UI_Controller.c ****         else
 288:Dsp/widget/wgt_core/UI_Controller.c ****         {
 289:Dsp/widget/wgt_core/UI_Controller.c ****             /* draw button frame */
 290:Dsp/widget/wgt_core/UI_Controller.c ****             UI_DspInterface.draw_radius_rectangle(Obj->Gen_Data.x, Obj->Gen_Data.y, Obj->width, Obj
 291:Dsp/widget/wgt_core/UI_Controller.c **** 
 292:Dsp/widget/wgt_core/UI_Controller.c ****             if (Obj->type == Lock_Btn)
 293:Dsp/widget/wgt_core/UI_Controller.c ****             {
 294:Dsp/widget/wgt_core/UI_Controller.c ****                 /* display label normally */
 295:Dsp/widget/wgt_core/UI_Controller.c ****                 if (Obj->Release_Label != NULL)
 296:Dsp/widget/wgt_core/UI_Controller.c ****                     UI_DspInterface.draw_str(Default_Font, Obj->Release_Label, Obj->Gen_Data.x + 9,
 297:Dsp/widget/wgt_core/UI_Controller.c ****             }
 298:Dsp/widget/wgt_core/UI_Controller.c ****             else
 299:Dsp/widget/wgt_core/UI_Controller.c ****             {
 300:Dsp/widget/wgt_core/UI_Controller.c ****                 if (Obj->PushDown_Label != NULL)
 301:Dsp/widget/wgt_core/UI_Controller.c ****                     UI_DspInterface.draw_str(Default_Font, Obj->PushDown_Label, Obj->Gen_Data.x + 5
 302:Dsp/widget/wgt_core/UI_Controller.c ****             }
 303:Dsp/widget/wgt_core/UI_Controller.c ****         }
 304:Dsp/widget/wgt_core/UI_Controller.c ****     }
 305:Dsp/widget/wgt_core/UI_Controller.c ****     else
 306:Dsp/widget/wgt_core/UI_Controller.c ****         return false;
 307:Dsp/widget/wgt_core/UI_Controller.c **** 
 308:Dsp/widget/wgt_core/UI_Controller.c ****     return true;
 309:Dsp/widget/wgt_core/UI_Controller.c **** }
 310:Dsp/widget/wgt_core/UI_Controller.c **** 
 311:Dsp/widget/wgt_core/UI_Controller.c **** static bool UI_CheckBox_Init(UI_CheckBoxObj_TypeDef *Obj, char *label, int8_t x, int8_t y, uint8_t 
 312:Dsp/widget/wgt_core/UI_Controller.c **** {
 566              		.loc 1 312 1 is_stmt 1 view -0
 567              		.cfi_startproc
 568              		@ args = 8, pretend = 0, frame = 0
 569              		@ frame_needed = 0, uses_anonymous_args = 0
 313:Dsp/widget/wgt_core/UI_Controller.c ****     if ((Obj == NULL) || (frame_size <= 4))
 570              		.loc 1 313 5 view .LVU162
 571              		.loc 1 313 8 is_stmt 0 view .LVU163
ARM GAS  /var/folders/lx/hc4sn_b53233_zkc9xbbl97r0000gp/T//ccqliOUw.s 			page 17


 572 0000 B0B1     		cbz	r0, .L55
 312:Dsp/widget/wgt_core/UI_Controller.c ****     if ((Obj == NULL) || (frame_size <= 4))
 573              		.loc 1 312 1 discriminator 1 view .LVU164
 574 0002 10B5     		push	{r4, lr}
 575              	.LCFI9:
 576              		.cfi_def_cfa_offset 8
 577              		.cfi_offset 4, -8
 578              		.cfi_offset 14, -4
 579 0004 0446     		mov	r4, r0
 580              		.loc 1 313 23 discriminator 1 view .LVU165
 581 0006 9DF80800 		ldrb	r0, [sp, #8]	@ zero_extendqisi2
 582              	.LVL55:
 583              		.loc 1 313 23 discriminator 1 view .LVU166
 584 000a 0428     		cmp	r0, #4
 585 000c 01D8     		bhi	.L61
 314:Dsp/widget/wgt_core/UI_Controller.c ****         return false;
 586              		.loc 1 314 16 view .LVU167
 587 000e 0020     		movs	r0, #0
 588              	.LVL56:
 589              	.L54:
 315:Dsp/widget/wgt_core/UI_Controller.c **** 
 316:Dsp/widget/wgt_core/UI_Controller.c ****     UI_GenData_Init(&Obj->Gen_Data, label, x, y);
 317:Dsp/widget/wgt_core/UI_Controller.c **** 
 318:Dsp/widget/wgt_core/UI_Controller.c ****     Obj->checked = state;
 319:Dsp/widget/wgt_core/UI_Controller.c ****     Obj->callback = NULL;
 320:Dsp/widget/wgt_core/UI_Controller.c **** 
 321:Dsp/widget/wgt_core/UI_Controller.c ****     return true;
 322:Dsp/widget/wgt_core/UI_Controller.c **** }
 590              		.loc 1 322 1 view .LVU168
 591 0010 10BD     		pop	{r4, pc}
 592              	.LVL57:
 593              	.L61:
 316:Dsp/widget/wgt_core/UI_Controller.c **** 
 594              		.loc 1 316 5 is_stmt 1 view .LVU169
 595 0012 DBB2     		uxtb	r3, r3
 316:Dsp/widget/wgt_core/UI_Controller.c **** 
 596              		.loc 1 316 5 is_stmt 0 view .LVU170
 597 0014 D2B2     		uxtb	r2, r2
 316:Dsp/widget/wgt_core/UI_Controller.c **** 
 598              		.loc 1 316 5 view .LVU171
 599 0016 2046     		mov	r0, r4
 600 0018 FFF7FEFF 		bl	UI_GenData_Init
 601              	.LVL58:
 318:Dsp/widget/wgt_core/UI_Controller.c ****     Obj->callback = NULL;
 602              		.loc 1 318 5 is_stmt 1 view .LVU172
 318:Dsp/widget/wgt_core/UI_Controller.c ****     Obj->callback = NULL;
 603              		.loc 1 318 18 is_stmt 0 view .LVU173
 604 001c 9DF80C30 		ldrb	r3, [sp, #12]	@ zero_extendqisi2
 605 0020 2373     		strb	r3, [r4, #12]
 319:Dsp/widget/wgt_core/UI_Controller.c **** 
 606              		.loc 1 319 5 is_stmt 1 view .LVU174
 319:Dsp/widget/wgt_core/UI_Controller.c **** 
 607              		.loc 1 319 19 is_stmt 0 view .LVU175
 608 0022 0023     		movs	r3, #0
 609 0024 2372     		strb	r3, [r4, #8]
 610 0026 6372     		strb	r3, [r4, #9]
 611 0028 A372     		strb	r3, [r4, #10]
ARM GAS  /var/folders/lx/hc4sn_b53233_zkc9xbbl97r0000gp/T//ccqliOUw.s 			page 18


 612 002a E372     		strb	r3, [r4, #11]
 321:Dsp/widget/wgt_core/UI_Controller.c **** }
 613              		.loc 1 321 5 is_stmt 1 view .LVU176
 321:Dsp/widget/wgt_core/UI_Controller.c **** }
 614              		.loc 1 321 12 is_stmt 0 view .LVU177
 615 002c 0120     		movs	r0, #1
 616 002e EFE7     		b	.L54
 617              	.LVL59:
 618              	.L55:
 619              	.LCFI10:
 620              		.cfi_def_cfa_offset 0
 621              		.cfi_restore 4
 622              		.cfi_restore 14
 314:Dsp/widget/wgt_core/UI_Controller.c **** 
 623              		.loc 1 314 16 view .LVU178
 624 0030 0020     		movs	r0, #0
 625              	.LVL60:
 626              		.loc 1 322 1 view .LVU179
 627 0032 7047     		bx	lr
 628              		.cfi_endproc
 629              	.LFE11:
 631              		.section	.text.UI_Button_Ctl,"ax",%progbits
 632              		.align	1
 633              		.syntax unified
 634              		.thumb
 635              		.thumb_func
 636              		.fpu fpv4-sp-d16
 638              	UI_Button_Ctl:
 639              	.LVL61:
 640              	.LFB10:
 252:Dsp/widget/wgt_core/UI_Controller.c ****     SYSTEM_RunTime Cur_Rt = Get_CurrentRunningMs();
 641              		.loc 1 252 1 is_stmt 1 view -0
 642              		.cfi_startproc
 643              		@ args = 0, pretend = 0, frame = 0
 644              		@ frame_needed = 0, uses_anonymous_args = 0
 252:Dsp/widget/wgt_core/UI_Controller.c ****     SYSTEM_RunTime Cur_Rt = Get_CurrentRunningMs();
 645              		.loc 1 252 1 is_stmt 0 view .LVU181
 646 0000 70B5     		push	{r4, r5, r6, lr}
 647              	.LCFI11:
 648              		.cfi_def_cfa_offset 16
 649              		.cfi_offset 4, -16
 650              		.cfi_offset 5, -12
 651              		.cfi_offset 6, -8
 652              		.cfi_offset 14, -4
 653 0002 84B0     		sub	sp, sp, #16
 654              	.LCFI12:
 655              		.cfi_def_cfa_offset 32
 656 0004 0446     		mov	r4, r0
 253:Dsp/widget/wgt_core/UI_Controller.c **** 
 657              		.loc 1 253 5 is_stmt 1 view .LVU182
 253:Dsp/widget/wgt_core/UI_Controller.c **** 
 658              		.loc 1 253 29 is_stmt 0 view .LVU183
 659 0006 FFF7FEFF 		bl	Get_CurrentRunningMs
 660              	.LVL62:
 255:Dsp/widget/wgt_core/UI_Controller.c ****         return false;
 661              		.loc 1 255 5 is_stmt 1 view .LVU184
 255:Dsp/widget/wgt_core/UI_Controller.c ****         return false;
ARM GAS  /var/folders/lx/hc4sn_b53233_zkc9xbbl97r0000gp/T//ccqliOUw.s 			page 19


 662              		.loc 1 255 8 is_stmt 0 view .LVU185
 663 000a 002C     		cmp	r4, #0
 664 000c 6BD0     		beq	.L68
 258:Dsp/widget/wgt_core/UI_Controller.c ****     {
 665              		.loc 1 258 5 is_stmt 1 view .LVU186
 258:Dsp/widget/wgt_core/UI_Controller.c ****     {
 666              		.loc 1 258 12 is_stmt 0 view .LVU187
 667 000e A37A     		ldrb	r3, [r4, #10]	@ zero_extendqisi2
 258:Dsp/widget/wgt_core/UI_Controller.c ****     {
 668              		.loc 1 258 8 view .LVU188
 669 0010 012B     		cmp	r3, #1
 670 0012 2DD0     		beq	.L77
 671              	.L64:
 276:Dsp/widget/wgt_core/UI_Controller.c ****     {
 672              		.loc 1 276 5 is_stmt 1 view .LVU189
 276:Dsp/widget/wgt_core/UI_Controller.c ****     {
 673              		.loc 1 276 25 is_stmt 0 view .LVU190
 674 0014 3C4B     		ldr	r3, .L81
 675 0016 1B68     		ldr	r3, [r3]
 276:Dsp/widget/wgt_core/UI_Controller.c ****     {
 676              		.loc 1 276 8 view .LVU191
 677 0018 002B     		cmp	r3, #0
 678 001a 69D0     		beq	.L70
 276:Dsp/widget/wgt_core/UI_Controller.c ****     {
 679              		.loc 1 276 63 discriminator 1 view .LVU192
 680 001c 3A4B     		ldr	r3, .L81
 681 001e 9D6A     		ldr	r5, [r3, #40]
 276:Dsp/widget/wgt_core/UI_Controller.c ****     {
 682              		.loc 1 276 44 discriminator 1 view .LVU193
 683 0020 002D     		cmp	r5, #0
 684 0022 67D0     		beq	.L71
 276:Dsp/widget/wgt_core/UI_Controller.c ****     {
 685              		.loc 1 276 114 discriminator 2 view .LVU194
 686 0024 DE68     		ldr	r6, [r3, #12]
 276:Dsp/widget/wgt_core/UI_Controller.c ****     {
 687              		.loc 1 276 95 discriminator 2 view .LVU195
 688 0026 002E     		cmp	r6, #0
 689 0028 66D0     		beq	.L72
 278:Dsp/widget/wgt_core/UI_Controller.c ****         {
 690              		.loc 1 278 9 is_stmt 1 view .LVU196
 278:Dsp/widget/wgt_core/UI_Controller.c ****         {
 691              		.loc 1 278 16 is_stmt 0 view .LVU197
 692 002a 637A     		ldrb	r3, [r4, #9]	@ zero_extendqisi2
 278:Dsp/widget/wgt_core/UI_Controller.c ****         {
 693              		.loc 1 278 12 view .LVU198
 694 002c 012B     		cmp	r3, #1
 695 002e 30D0     		beq	.L78
 290:Dsp/widget/wgt_core/UI_Controller.c **** 
 696              		.loc 1 290 13 is_stmt 1 view .LVU199
 697 0030 0123     		movs	r3, #1
 698 0032 0293     		str	r3, [sp, #8]
 699 0034 0193     		str	r3, [sp, #4]
 700 0036 0323     		movs	r3, #3
 701 0038 0093     		str	r3, [sp]
 702 003a 237F     		ldrb	r3, [r4, #28]	@ zero_extendqisi2
 703 003c E27E     		ldrb	r2, [r4, #27]	@ zero_extendqisi2
 704 003e 94F90510 		ldrsb	r1, [r4, #5]
ARM GAS  /var/folders/lx/hc4sn_b53233_zkc9xbbl97r0000gp/T//ccqliOUw.s 			page 20


 705 0042 94F90400 		ldrsb	r0, [r4, #4]
 706 0046 B047     		blx	r6
 707              	.LVL63:
 292:Dsp/widget/wgt_core/UI_Controller.c ****             {
 708              		.loc 1 292 13 view .LVU200
 292:Dsp/widget/wgt_core/UI_Controller.c ****             {
 709              		.loc 1 292 20 is_stmt 0 view .LVU201
 710 0048 A37A     		ldrb	r3, [r4, #10]	@ zero_extendqisi2
 292:Dsp/widget/wgt_core/UI_Controller.c ****             {
 711              		.loc 1 292 16 view .LVU202
 712 004a 012B     		cmp	r3, #1
 713 004c 3BD0     		beq	.L79
 300:Dsp/widget/wgt_core/UI_Controller.c ****                     UI_DspInterface.draw_str(Default_Font, Obj->PushDown_Label, Obj->Gen_Data.x + 5
 714              		.loc 1 300 17 is_stmt 1 view .LVU203
 300:Dsp/widget/wgt_core/UI_Controller.c ****                     UI_DspInterface.draw_str(Default_Font, Obj->PushDown_Label, Obj->Gen_Data.x + 5
 715              		.loc 1 300 24 is_stmt 0 view .LVU204
 716 004e D4F81310 		ldr	r1, [r4, #19]	@ unaligned
 300:Dsp/widget/wgt_core/UI_Controller.c ****                     UI_DspInterface.draw_str(Default_Font, Obj->PushDown_Label, Obj->Gen_Data.x + 5
 717              		.loc 1 300 20 view .LVU205
 718 0052 0029     		cmp	r1, #0
 719 0054 56D0     		beq	.L75
 301:Dsp/widget/wgt_core/UI_Controller.c ****             }
 720              		.loc 1 301 21 is_stmt 1 view .LVU206
 301:Dsp/widget/wgt_core/UI_Controller.c ****             }
 721              		.loc 1 301 36 is_stmt 0 view .LVU207
 722 0056 2C4B     		ldr	r3, .L81
 723 0058 1E68     		ldr	r6, [r3]
 301:Dsp/widget/wgt_core/UI_Controller.c ****             }
 724              		.loc 1 301 94 view .LVU208
 725 005a 2279     		ldrb	r2, [r4, #4]	@ zero_extendqisi2
 301:Dsp/widget/wgt_core/UI_Controller.c ****             }
 726              		.loc 1 301 97 view .LVU209
 727 005c 0532     		adds	r2, r2, #5
 301:Dsp/widget/wgt_core/UI_Controller.c ****             }
 728              		.loc 1 301 21 view .LVU210
 729 005e 0125     		movs	r5, #1
 730 0060 0095     		str	r5, [sp]
 731 0062 94F90530 		ldrsb	r3, [r4, #5]
 732 0066 52B2     		sxtb	r2, r2
 733 0068 0C20     		movs	r0, #12
 734 006a B047     		blx	r6
 735              	.LVL64:
 308:Dsp/widget/wgt_core/UI_Controller.c **** }
 736              		.loc 1 308 12 view .LVU211
 737 006c 2846     		mov	r0, r5
 738 006e 3BE0     		b	.L63
 739              	.L77:
 260:Dsp/widget/wgt_core/UI_Controller.c ****         {
 740              		.loc 1 260 9 is_stmt 1 view .LVU212
 260:Dsp/widget/wgt_core/UI_Controller.c ****         {
 741              		.loc 1 260 16 is_stmt 0 view .LVU213
 742 0070 637A     		ldrb	r3, [r4, #9]	@ zero_extendqisi2
 260:Dsp/widget/wgt_core/UI_Controller.c ****         {
 743              		.loc 1 260 12 view .LVU214
 744 0072 012B     		cmp	r3, #1
 745 0074 07D0     		beq	.L80
 265:Dsp/widget/wgt_core/UI_Controller.c ****         {
ARM GAS  /var/folders/lx/hc4sn_b53233_zkc9xbbl97r0000gp/T//ccqliOUw.s 			page 21


 746              		.loc 1 265 14 is_stmt 1 view .LVU215
 265:Dsp/widget/wgt_core/UI_Controller.c ****         {
 747              		.loc 1 265 17 is_stmt 0 view .LVU216
 748 0076 002B     		cmp	r3, #0
 749 0078 38D1     		bne	.L69
 267:Dsp/widget/wgt_core/UI_Controller.c ****                 Obj->release_callback();
 750              		.loc 1 267 13 is_stmt 1 view .LVU217
 267:Dsp/widget/wgt_core/UI_Controller.c ****                 Obj->release_callback();
 751              		.loc 1 267 20 is_stmt 0 view .LVU218
 752 007a D4F80F30 		ldr	r3, [r4, #15]	@ unaligned
 267:Dsp/widget/wgt_core/UI_Controller.c ****                 Obj->release_callback();
 753              		.loc 1 267 16 view .LVU219
 754 007e 002B     		cmp	r3, #0
 755 0080 C8D0     		beq	.L64
 268:Dsp/widget/wgt_core/UI_Controller.c ****         }
 756              		.loc 1 268 17 is_stmt 1 view .LVU220
 757 0082 9847     		blx	r3
 758              	.LVL65:
 759 0084 C6E7     		b	.L64
 760              	.L80:
 262:Dsp/widget/wgt_core/UI_Controller.c ****                 Obj->push_callback();
 761              		.loc 1 262 13 view .LVU221
 262:Dsp/widget/wgt_core/UI_Controller.c ****                 Obj->push_callback();
 762              		.loc 1 262 20 is_stmt 0 view .LVU222
 763 0086 D4F80B30 		ldr	r3, [r4, #11]	@ unaligned
 262:Dsp/widget/wgt_core/UI_Controller.c ****                 Obj->push_callback();
 764              		.loc 1 262 16 view .LVU223
 765 008a 002B     		cmp	r3, #0
 766 008c C2D0     		beq	.L64
 263:Dsp/widget/wgt_core/UI_Controller.c ****         }
 767              		.loc 1 263 17 is_stmt 1 view .LVU224
 768 008e 9847     		blx	r3
 769              	.LVL66:
 770 0090 C0E7     		b	.L64
 771              	.L78:
 281:Dsp/widget/wgt_core/UI_Controller.c **** 
 772              		.loc 1 281 13 view .LVU225
 773 0092 0193     		str	r3, [sp, #4]
 774 0094 0323     		movs	r3, #3
 775 0096 0093     		str	r3, [sp]
 776 0098 237F     		ldrb	r3, [r4, #28]	@ zero_extendqisi2
 777 009a E27E     		ldrb	r2, [r4, #27]	@ zero_extendqisi2
 778 009c 94F90510 		ldrsb	r1, [r4, #5]
 779 00a0 94F90400 		ldrsb	r0, [r4, #4]
 780 00a4 A847     		blx	r5
 781              	.LVL67:
 284:Dsp/widget/wgt_core/UI_Controller.c ****                 UI_DspInterface.draw_str(Default_Font, Obj->PushDown_Label, Obj->Gen_Data.x + 5, Ob
 782              		.loc 1 284 13 view .LVU226
 284:Dsp/widget/wgt_core/UI_Controller.c ****                 UI_DspInterface.draw_str(Default_Font, Obj->PushDown_Label, Obj->Gen_Data.x + 5, Ob
 783              		.loc 1 284 20 is_stmt 0 view .LVU227
 784 00a6 D4F81310 		ldr	r1, [r4, #19]	@ unaligned
 284:Dsp/widget/wgt_core/UI_Controller.c ****                 UI_DspInterface.draw_str(Default_Font, Obj->PushDown_Label, Obj->Gen_Data.x + 5, Ob
 785              		.loc 1 284 16 view .LVU228
 786 00aa 39B3     		cbz	r1, .L73
 285:Dsp/widget/wgt_core/UI_Controller.c ****         }
 787              		.loc 1 285 17 is_stmt 1 view .LVU229
 285:Dsp/widget/wgt_core/UI_Controller.c ****         }
ARM GAS  /var/folders/lx/hc4sn_b53233_zkc9xbbl97r0000gp/T//ccqliOUw.s 			page 22


 788              		.loc 1 285 32 is_stmt 0 view .LVU230
 789 00ac 164B     		ldr	r3, .L81
 790 00ae 1E68     		ldr	r6, [r3]
 285:Dsp/widget/wgt_core/UI_Controller.c ****         }
 791              		.loc 1 285 90 view .LVU231
 792 00b0 2279     		ldrb	r2, [r4, #4]	@ zero_extendqisi2
 285:Dsp/widget/wgt_core/UI_Controller.c ****         }
 793              		.loc 1 285 93 view .LVU232
 794 00b2 0532     		adds	r2, r2, #5
 285:Dsp/widget/wgt_core/UI_Controller.c ****         }
 795              		.loc 1 285 17 view .LVU233
 796 00b4 0125     		movs	r5, #1
 797 00b6 0095     		str	r5, [sp]
 798 00b8 94F90530 		ldrsb	r3, [r4, #5]
 799 00bc 52B2     		sxtb	r2, r2
 800 00be 0C20     		movs	r0, #12
 801 00c0 B047     		blx	r6
 802              	.LVL68:
 308:Dsp/widget/wgt_core/UI_Controller.c **** }
 803              		.loc 1 308 12 view .LVU234
 804 00c2 2846     		mov	r0, r5
 805 00c4 10E0     		b	.L63
 806              	.L79:
 295:Dsp/widget/wgt_core/UI_Controller.c ****                     UI_DspInterface.draw_str(Default_Font, Obj->Release_Label, Obj->Gen_Data.x + 9,
 807              		.loc 1 295 17 is_stmt 1 view .LVU235
 295:Dsp/widget/wgt_core/UI_Controller.c ****                     UI_DspInterface.draw_str(Default_Font, Obj->Release_Label, Obj->Gen_Data.x + 9,
 808              		.loc 1 295 24 is_stmt 0 view .LVU236
 809 00c6 D4F81710 		ldr	r1, [r4, #23]	@ unaligned
 295:Dsp/widget/wgt_core/UI_Controller.c ****                     UI_DspInterface.draw_str(Default_Font, Obj->Release_Label, Obj->Gen_Data.x + 9,
 810              		.loc 1 295 20 view .LVU237
 811 00ca C9B1     		cbz	r1, .L74
 296:Dsp/widget/wgt_core/UI_Controller.c ****             }
 812              		.loc 1 296 21 is_stmt 1 view .LVU238
 296:Dsp/widget/wgt_core/UI_Controller.c ****             }
 813              		.loc 1 296 36 is_stmt 0 view .LVU239
 814 00cc 0E4B     		ldr	r3, .L81
 815 00ce 1E68     		ldr	r6, [r3]
 296:Dsp/widget/wgt_core/UI_Controller.c ****             }
 816              		.loc 1 296 93 view .LVU240
 817 00d0 2279     		ldrb	r2, [r4, #4]	@ zero_extendqisi2
 296:Dsp/widget/wgt_core/UI_Controller.c ****             }
 818              		.loc 1 296 96 view .LVU241
 819 00d2 0932     		adds	r2, r2, #9
 296:Dsp/widget/wgt_core/UI_Controller.c ****             }
 820              		.loc 1 296 21 view .LVU242
 821 00d4 0125     		movs	r5, #1
 822 00d6 0095     		str	r5, [sp]
 823 00d8 94F90530 		ldrsb	r3, [r4, #5]
 824 00dc 52B2     		sxtb	r2, r2
 825 00de 0C20     		movs	r0, #12
 826 00e0 B047     		blx	r6
 827              	.LVL69:
 308:Dsp/widget/wgt_core/UI_Controller.c **** }
 828              		.loc 1 308 12 view .LVU243
 829 00e2 2846     		mov	r0, r5
 830 00e4 00E0     		b	.L63
 831              	.L68:
ARM GAS  /var/folders/lx/hc4sn_b53233_zkc9xbbl97r0000gp/T//ccqliOUw.s 			page 23


 256:Dsp/widget/wgt_core/UI_Controller.c **** 
 832              		.loc 1 256 16 view .LVU244
 833 00e6 0020     		movs	r0, #0
 834              	.L63:
 309:Dsp/widget/wgt_core/UI_Controller.c **** 
 835              		.loc 1 309 1 view .LVU245
 836 00e8 04B0     		add	sp, sp, #16
 837              	.LCFI13:
 838              		.cfi_remember_state
 839              		.cfi_def_cfa_offset 16
 840              		@ sp needed
 841 00ea 70BD     		pop	{r4, r5, r6, pc}
 842              	.LVL70:
 843              	.L69:
 844              	.LCFI14:
 845              		.cfi_restore_state
 271:Dsp/widget/wgt_core/UI_Controller.c ****     }
 846              		.loc 1 271 20 view .LVU246
 847 00ec 0020     		movs	r0, #0
 848 00ee FBE7     		b	.L63
 849              	.L70:
 306:Dsp/widget/wgt_core/UI_Controller.c **** 
 850              		.loc 1 306 16 view .LVU247
 851 00f0 0020     		movs	r0, #0
 852 00f2 F9E7     		b	.L63
 853              	.L71:
 854 00f4 0020     		movs	r0, #0
 855 00f6 F7E7     		b	.L63
 856              	.L72:
 857 00f8 0020     		movs	r0, #0
 858 00fa F5E7     		b	.L63
 859              	.L73:
 308:Dsp/widget/wgt_core/UI_Controller.c **** }
 860              		.loc 1 308 12 view .LVU248
 861 00fc 0120     		movs	r0, #1
 862 00fe F3E7     		b	.L63
 863              	.L74:
 308:Dsp/widget/wgt_core/UI_Controller.c **** }
 864              		.loc 1 308 12 view .LVU249
 865 0100 0120     		movs	r0, #1
 866 0102 F1E7     		b	.L63
 867              	.L75:
 308:Dsp/widget/wgt_core/UI_Controller.c **** }
 868              		.loc 1 308 12 view .LVU250
 869 0104 0120     		movs	r0, #1
 870 0106 EFE7     		b	.L63
 871              	.L82:
 872              		.align	2
 873              	.L81:
 874 0108 00000000 		.word	.LANCHOR0
 875              		.cfi_endproc
 876              	.LFE10:
 878              		.section	.text.UI_Set_DspInterface,"ax",%progbits
 879              		.align	1
 880              		.global	UI_Set_DspInterface
 881              		.syntax unified
 882              		.thumb
ARM GAS  /var/folders/lx/hc4sn_b53233_zkc9xbbl97r0000gp/T//ccqliOUw.s 			page 24


 883              		.thumb_func
 884              		.fpu fpv4-sp-d16
 886              	UI_Set_DspInterface:
 887              	.LVL71:
 888              	.LFB0:
  55:Dsp/widget/wgt_core/UI_Controller.c ****     UI_DspInterface.draw_circle = circle;
 889              		.loc 1 55 1 is_stmt 1 view -0
 890              		.cfi_startproc
 891              		@ args = 28, pretend = 0, frame = 0
 892              		@ frame_needed = 0, uses_anonymous_args = 0
 893              		@ link register save eliminated.
  55:Dsp/widget/wgt_core/UI_Controller.c ****     UI_DspInterface.draw_circle = circle;
 894              		.loc 1 55 1 is_stmt 0 view .LVU252
 895 0000 30B4     		push	{r4, r5}
 896              	.LCFI15:
 897              		.cfi_def_cfa_offset 8
 898              		.cfi_offset 4, -8
 899              		.cfi_offset 5, -4
  56:Dsp/widget/wgt_core/UI_Controller.c ****     UI_DspInterface.draw_circle_section = circle_section;
 900              		.loc 1 56 5 is_stmt 1 view .LVU253
  56:Dsp/widget/wgt_core/UI_Controller.c ****     UI_DspInterface.draw_circle_section = circle_section;
 901              		.loc 1 56 33 is_stmt 0 view .LVU254
 902 0002 0A4C     		ldr	r4, .L85
 903 0004 029D     		ldr	r5, [sp, #8]
 904 0006 6561     		str	r5, [r4, #20]
  57:Dsp/widget/wgt_core/UI_Controller.c ****     UI_DspInterface.draw_line = line;
 905              		.loc 1 57 5 is_stmt 1 view .LVU255
  57:Dsp/widget/wgt_core/UI_Controller.c ****     UI_DspInterface.draw_line = line;
 906              		.loc 1 57 41 is_stmt 0 view .LVU256
 907 0008 039D     		ldr	r5, [sp, #12]
 908 000a A561     		str	r5, [r4, #24]
  58:Dsp/widget/wgt_core/UI_Controller.c ****     UI_DspInterface.draw_point = point;
 909              		.loc 1 58 5 is_stmt 1 view .LVU257
  58:Dsp/widget/wgt_core/UI_Controller.c ****     UI_DspInterface.draw_point = point;
 910              		.loc 1 58 31 is_stmt 0 view .LVU258
 911 000c A160     		str	r1, [r4, #8]
  59:Dsp/widget/wgt_core/UI_Controller.c ****     UI_DspInterface.draw_rectangle = rectangle;
 912              		.loc 1 59 5 is_stmt 1 view .LVU259
  59:Dsp/widget/wgt_core/UI_Controller.c ****     UI_DspInterface.draw_rectangle = rectangle;
 913              		.loc 1 59 32 is_stmt 0 view .LVU260
 914 000e 6060     		str	r0, [r4, #4]
  60:Dsp/widget/wgt_core/UI_Controller.c ****     UI_DspInterface.draw_radius_rectangle = radius_rectangle;
 915              		.loc 1 60 5 is_stmt 1 view .LVU261
  60:Dsp/widget/wgt_core/UI_Controller.c ****     UI_DspInterface.draw_radius_rectangle = radius_rectangle;
 916              		.loc 1 60 36 is_stmt 0 view .LVU262
 917 0010 2261     		str	r2, [r4, #16]
  61:Dsp/widget/wgt_core/UI_Controller.c ****     UI_DspInterface.draw_str = str;
 918              		.loc 1 61 5 is_stmt 1 view .LVU263
  61:Dsp/widget/wgt_core/UI_Controller.c ****     UI_DspInterface.draw_str = str;
 919              		.loc 1 61 43 is_stmt 0 view .LVU264
 920 0012 E360     		str	r3, [r4, #12]
  62:Dsp/widget/wgt_core/UI_Controller.c **** 
 921              		.loc 1 62 5 is_stmt 1 view .LVU265
  62:Dsp/widget/wgt_core/UI_Controller.c **** 
 922              		.loc 1 62 30 is_stmt 0 view .LVU266
 923 0014 049B     		ldr	r3, [sp, #16]
 924              	.LVL72:
ARM GAS  /var/folders/lx/hc4sn_b53233_zkc9xbbl97r0000gp/T//ccqliOUw.s 			page 25


  62:Dsp/widget/wgt_core/UI_Controller.c **** 
 925              		.loc 1 62 30 view .LVU267
 926 0016 2360     		str	r3, [r4]
  64:Dsp/widget/wgt_core/UI_Controller.c ****     UI_DspInterface.fill_circle_section = fillcircle_section;
 927              		.loc 1 64 5 is_stmt 1 view .LVU268
  64:Dsp/widget/wgt_core/UI_Controller.c ****     UI_DspInterface.fill_circle_section = fillcircle_section;
 928              		.loc 1 64 33 is_stmt 0 view .LVU269
 929 0018 059B     		ldr	r3, [sp, #20]
 930 001a 2362     		str	r3, [r4, #32]
  65:Dsp/widget/wgt_core/UI_Controller.c ****     UI_DspInterface.fill_radius_rectangle = fill_radius_rectangle;
 931              		.loc 1 65 5 is_stmt 1 view .LVU270
  65:Dsp/widget/wgt_core/UI_Controller.c ****     UI_DspInterface.fill_radius_rectangle = fill_radius_rectangle;
 932              		.loc 1 65 41 is_stmt 0 view .LVU271
 933 001c 069B     		ldr	r3, [sp, #24]
 934 001e 6362     		str	r3, [r4, #36]
  66:Dsp/widget/wgt_core/UI_Controller.c ****     UI_DspInterface.fill_rectangle = fill_rectangle;
 935              		.loc 1 66 5 is_stmt 1 view .LVU272
  66:Dsp/widget/wgt_core/UI_Controller.c ****     UI_DspInterface.fill_rectangle = fill_rectangle;
 936              		.loc 1 66 43 is_stmt 0 view .LVU273
 937 0020 089B     		ldr	r3, [sp, #32]
 938 0022 A362     		str	r3, [r4, #40]
  67:Dsp/widget/wgt_core/UI_Controller.c **** }
 939              		.loc 1 67 5 is_stmt 1 view .LVU274
  67:Dsp/widget/wgt_core/UI_Controller.c **** }
 940              		.loc 1 67 36 is_stmt 0 view .LVU275
 941 0024 079B     		ldr	r3, [sp, #28]
 942 0026 E361     		str	r3, [r4, #28]
  68:Dsp/widget/wgt_core/UI_Controller.c **** 
 943              		.loc 1 68 1 view .LVU276
 944 0028 30BC     		pop	{r4, r5}
 945              	.LCFI16:
 946              		.cfi_restore 5
 947              		.cfi_restore 4
 948              		.cfi_def_cfa_offset 0
 949              	.LVL73:
  68:Dsp/widget/wgt_core/UI_Controller.c **** 
 950              		.loc 1 68 1 view .LVU277
 951 002a 7047     		bx	lr
 952              	.L86:
 953              		.align	2
 954              	.L85:
 955 002c 00000000 		.word	.LANCHOR0
 956              		.cfi_endproc
 957              	.LFE0:
 959              		.section	.text.UI_ShowSelector,"ax",%progbits
 960              		.align	1
 961              		.global	UI_ShowSelector
 962              		.syntax unified
 963              		.thumb
 964              		.thumb_func
 965              		.fpu fpv4-sp-d16
 967              	UI_ShowSelector:
 968              	.LVL74:
 969              	.LFB1:
  73:Dsp/widget/wgt_core/UI_Controller.c ****     /* button selector coordinate */
 970              		.loc 1 73 1 is_stmt 1 view -0
 971              		.cfi_startproc
ARM GAS  /var/folders/lx/hc4sn_b53233_zkc9xbbl97r0000gp/T//ccqliOUw.s 			page 26


 972              		@ args = 0, pretend = 0, frame = 0
 973              		@ frame_needed = 0, uses_anonymous_args = 0
  75:Dsp/widget/wgt_core/UI_Controller.c ****     int8_t Btn_Slct_LftUp_Y = 0;
 974              		.loc 1 75 5 view .LVU279
  76:Dsp/widget/wgt_core/UI_Controller.c ****     int8_t Btn_Slct_LftDwn_X = 0;
 975              		.loc 1 76 5 view .LVU280
  77:Dsp/widget/wgt_core/UI_Controller.c ****     int8_t Btn_Slct_LftDwn_Y = 0;
 976              		.loc 1 77 5 view .LVU281
  78:Dsp/widget/wgt_core/UI_Controller.c ****     int8_t Btn_Slct_RgtUp_X = 0;
 977              		.loc 1 78 5 view .LVU282
  79:Dsp/widget/wgt_core/UI_Controller.c ****     int8_t Btn_Slct_RgtUp_Y = 0;
 978              		.loc 1 79 5 view .LVU283
  80:Dsp/widget/wgt_core/UI_Controller.c ****     int8_t Btn_Slct_RgtDwn_X = 0;
 979              		.loc 1 80 5 view .LVU284
  81:Dsp/widget/wgt_core/UI_Controller.c ****     int8_t Btn_Slct_RgtDwn_Y = 0;
 980              		.loc 1 81 5 view .LVU285
  82:Dsp/widget/wgt_core/UI_Controller.c **** 
 981              		.loc 1 82 5 view .LVU286
  84:Dsp/widget/wgt_core/UI_Controller.c ****         (UI_DspInterface.fill_circle_section == NULL))
 982              		.loc 1 84 5 view .LVU287
  84:Dsp/widget/wgt_core/UI_Controller.c ****         (UI_DspInterface.fill_circle_section == NULL))
 983              		.loc 1 84 8 is_stmt 0 view .LVU288
 984 0000 0028     		cmp	r0, #0
 985 0002 3FD0     		beq	.L89
  85:Dsp/widget/wgt_core/UI_Controller.c ****         return false;
 986              		.loc 1 85 25 discriminator 1 view .LVU289
 987 0004 224A     		ldr	r2, .L96
 988 0006 526A     		ldr	r2, [r2, #36]
  84:Dsp/widget/wgt_core/UI_Controller.c ****         (UI_DspInterface.fill_circle_section == NULL))
 989              		.loc 1 84 24 discriminator 1 view .LVU290
 990 0008 002A     		cmp	r2, #0
 991 000a 3DD0     		beq	.L90
  88:Dsp/widget/wgt_core/UI_Controller.c ****     {
 992              		.loc 1 88 5 is_stmt 1 view .LVU291
  88:Dsp/widget/wgt_core/UI_Controller.c ****     {
 993              		.loc 1 88 27 is_stmt 0 view .LVU292
 994 000c 0278     		ldrb	r2, [r0]	@ zero_extendqisi2
  88:Dsp/widget/wgt_core/UI_Controller.c ****     {
 995              		.loc 1 88 5 view .LVU293
 996 000e 002A     		cmp	r2, #0
 997 0010 3CD1     		bne	.L91
  73:Dsp/widget/wgt_core/UI_Controller.c ****     /* button selector coordinate */
 998              		.loc 1 73 1 view .LVU294
 999 0012 2DE9F047 		push	{r4, r5, r6, r7, r8, r9, r10, lr}
 1000              	.LCFI17:
 1001              		.cfi_def_cfa_offset 32
 1002              		.cfi_offset 4, -32
 1003              		.cfi_offset 5, -28
 1004              		.cfi_offset 6, -24
 1005              		.cfi_offset 7, -20
 1006              		.cfi_offset 8, -16
 1007              		.cfi_offset 9, -12
 1008              		.cfi_offset 10, -8
 1009              		.cfi_offset 14, -4
 1010 0016 82B0     		sub	sp, sp, #8
 1011              	.LCFI18:
 1012              		.cfi_def_cfa_offset 40
ARM GAS  /var/folders/lx/hc4sn_b53233_zkc9xbbl97r0000gp/T//ccqliOUw.s 			page 27


  92:Dsp/widget/wgt_core/UI_Controller.c ****         Btn_Slct_LftUp_Y = ((UI_ButtonObj_TypeDef *)(item->Handler))->Gen_Data.y + ((UI_ButtonObj_T
 1013              		.loc 1 92 9 is_stmt 1 view .LVU295
  92:Dsp/widget/wgt_core/UI_Controller.c ****         Btn_Slct_LftUp_Y = ((UI_ButtonObj_TypeDef *)(item->Handler))->Gen_Data.y + ((UI_ButtonObj_T
 1014              		.loc 1 92 58 is_stmt 0 view .LVU296
 1015 0018 4368     		ldr	r3, [r0, #4]
  92:Dsp/widget/wgt_core/UI_Controller.c ****         Btn_Slct_LftUp_Y = ((UI_ButtonObj_TypeDef *)(item->Handler))->Gen_Data.y + ((UI_ButtonObj_T
 1016              		.loc 1 92 26 view .LVU297
 1017 001a 93F90490 		ldrsb	r9, [r3, #4]
 1018              	.LVL75:
  93:Dsp/widget/wgt_core/UI_Controller.c **** 
 1019              		.loc 1 93 9 is_stmt 1 view .LVU298
  93:Dsp/widget/wgt_core/UI_Controller.c **** 
 1020              		.loc 1 93 79 is_stmt 0 view .LVU299
 1021 001e 93F90580 		ldrsb	r8, [r3, #5]
  93:Dsp/widget/wgt_core/UI_Controller.c **** 
 1022              		.loc 1 93 125 view .LVU300
 1023 0022 1D7F     		ldrb	r5, [r3, #28]	@ zero_extendqisi2
  93:Dsp/widget/wgt_core/UI_Controller.c **** 
 1024              		.loc 1 93 82 view .LVU301
 1025 0024 55FA88F5 		uxtab	r5, r5, r8
 1026 0028 EDB2     		uxtb	r5, r5
  93:Dsp/widget/wgt_core/UI_Controller.c **** 
 1027              		.loc 1 93 134 view .LVU302
 1028 002a 013D     		subs	r5, r5, #1
  93:Dsp/widget/wgt_core/UI_Controller.c **** 
 1029              		.loc 1 93 26 view .LVU303
 1030 002c 4FFA85FA 		sxtb	r10, r5
 1031              	.LVL76:
  95:Dsp/widget/wgt_core/UI_Controller.c ****         Btn_Slct_LftDwn_Y = ((UI_ButtonObj_TypeDef *)(item->Handler))->Gen_Data.y;
 1032              		.loc 1 95 9 is_stmt 1 view .LVU304
  96:Dsp/widget/wgt_core/UI_Controller.c **** 
 1033              		.loc 1 96 9 view .LVU305
  98:Dsp/widget/wgt_core/UI_Controller.c ****         Btn_Slct_RgtUp_Y = Btn_Slct_LftUp_Y;
 1034              		.loc 1 98 9 view .LVU306
  98:Dsp/widget/wgt_core/UI_Controller.c ****         Btn_Slct_RgtUp_Y = Btn_Slct_LftUp_Y;
 1035              		.loc 1 98 125 is_stmt 0 view .LVU307
 1036 0030 DE7E     		ldrb	r6, [r3, #27]	@ zero_extendqisi2
  98:Dsp/widget/wgt_core/UI_Controller.c ****         Btn_Slct_RgtUp_Y = Btn_Slct_LftUp_Y;
 1037              		.loc 1 98 82 view .LVU308
 1038 0032 56FA89F6 		uxtab	r6, r6, r9
  98:Dsp/widget/wgt_core/UI_Controller.c ****         Btn_Slct_RgtUp_Y = Btn_Slct_LftUp_Y;
 1039              		.loc 1 98 26 view .LVU309
 1040 0036 76B2     		sxtb	r6, r6
 1041              	.LVL77:
  99:Dsp/widget/wgt_core/UI_Controller.c **** 
 1042              		.loc 1 99 9 is_stmt 1 view .LVU310
 101:Dsp/widget/wgt_core/UI_Controller.c ****         Btn_Slct_RgtDwn_Y = Btn_Slct_LftDwn_Y;
 1043              		.loc 1 101 9 view .LVU311
 102:Dsp/widget/wgt_core/UI_Controller.c **** 
 1044              		.loc 1 102 9 view .LVU312
 105:Dsp/widget/wgt_core/UI_Controller.c ****         UI_DspInterface.draw_circle_section(Btn_Slct_LftDwn_X, Btn_Slct_LftDwn_Y, BUTTON_SELECTOR_R
 1045              		.loc 1 105 9 view .LVU313
 105:Dsp/widget/wgt_core/UI_Controller.c ****         UI_DspInterface.draw_circle_section(Btn_Slct_LftDwn_X, Btn_Slct_LftDwn_Y, BUTTON_SELECTOR_R
 1046              		.loc 1 105 24 is_stmt 0 view .LVU314
 1047 0038 154F     		ldr	r7, .L96
 105:Dsp/widget/wgt_core/UI_Controller.c ****         UI_DspInterface.draw_circle_section(Btn_Slct_LftDwn_X, Btn_Slct_LftDwn_Y, BUTTON_SELECTOR_R
 1048              		.loc 1 105 9 view .LVU315
ARM GAS  /var/folders/lx/hc4sn_b53233_zkc9xbbl97r0000gp/T//ccqliOUw.s 			page 28


 1049 003a 0124     		movs	r4, #1
 1050 003c 0194     		str	r4, [sp, #4]
 1051 003e 0094     		str	r4, [sp]
 1052 0040 0423     		movs	r3, #4
 1053 0042 0222     		movs	r2, #2
 1054 0044 5146     		mov	r1, r10
 1055 0046 4846     		mov	r0, r9
 1056              	.LVL78:
 105:Dsp/widget/wgt_core/UI_Controller.c ****         UI_DspInterface.draw_circle_section(Btn_Slct_LftDwn_X, Btn_Slct_LftDwn_Y, BUTTON_SELECTOR_R
 1057              		.loc 1 105 9 view .LVU316
 1058 0048 BD69     		ldr	r5, [r7, #24]
 1059 004a A847     		blx	r5
 1060              	.LVL79:
 106:Dsp/widget/wgt_core/UI_Controller.c ****         UI_DspInterface.draw_circle_section(Btn_Slct_RgtUp_X, Btn_Slct_RgtUp_Y, BUTTON_SELECTOR_RAD
 1061              		.loc 1 106 9 is_stmt 1 view .LVU317
 1062 004c 0194     		str	r4, [sp, #4]
 1063 004e 0094     		str	r4, [sp]
 1064 0050 0223     		movs	r3, #2
 1065 0052 1A46     		mov	r2, r3
 1066 0054 4146     		mov	r1, r8
 1067 0056 4846     		mov	r0, r9
 1068 0058 BD69     		ldr	r5, [r7, #24]
 1069 005a A847     		blx	r5
 1070              	.LVL80:
 107:Dsp/widget/wgt_core/UI_Controller.c ****         UI_DspInterface.draw_circle_section(Btn_Slct_RgtDwn_X, Btn_Slct_RgtDwn_Y, BUTTON_SELECTOR_R
 1071              		.loc 1 107 9 view .LVU318
 1072 005c 0194     		str	r4, [sp, #4]
 1073 005e 0094     		str	r4, [sp]
 1074 0060 0823     		movs	r3, #8
 1075 0062 0222     		movs	r2, #2
 1076 0064 5146     		mov	r1, r10
 1077 0066 3046     		mov	r0, r6
 1078 0068 BD69     		ldr	r5, [r7, #24]
 1079 006a A847     		blx	r5
 1080              	.LVL81:
 108:Dsp/widget/wgt_core/UI_Controller.c ****         break;
 1081              		.loc 1 108 9 view .LVU319
 108:Dsp/widget/wgt_core/UI_Controller.c ****         break;
 1082              		.loc 1 108 24 is_stmt 0 view .LVU320
 1083 006c BD69     		ldr	r5, [r7, #24]
 108:Dsp/widget/wgt_core/UI_Controller.c ****         break;
 1084              		.loc 1 108 9 view .LVU321
 1085 006e 0194     		str	r4, [sp, #4]
 1086 0070 0094     		str	r4, [sp]
 1087 0072 2346     		mov	r3, r4
 1088 0074 0222     		movs	r2, #2
 1089 0076 4146     		mov	r1, r8
 1090 0078 3046     		mov	r0, r6
 1091 007a A847     		blx	r5
 1092              	.LVL82:
 109:Dsp/widget/wgt_core/UI_Controller.c **** 
 1093              		.loc 1 109 9 is_stmt 1 view .LVU322
 114:Dsp/widget/wgt_core/UI_Controller.c **** }
 1094              		.loc 1 114 12 is_stmt 0 view .LVU323
 1095 007c 2046     		mov	r0, r4
 115:Dsp/widget/wgt_core/UI_Controller.c **** 
 1096              		.loc 1 115 1 view .LVU324
ARM GAS  /var/folders/lx/hc4sn_b53233_zkc9xbbl97r0000gp/T//ccqliOUw.s 			page 29


 1097 007e 02B0     		add	sp, sp, #8
 1098              	.LCFI19:
 1099              		.cfi_def_cfa_offset 32
 1100              		@ sp needed
 1101 0080 BDE8F087 		pop	{r4, r5, r6, r7, r8, r9, r10, pc}
 1102              	.LVL83:
 1103              	.L89:
 1104              	.LCFI20:
 1105              		.cfi_def_cfa_offset 0
 1106              		.cfi_restore 4
 1107              		.cfi_restore 5
 1108              		.cfi_restore 6
 1109              		.cfi_restore 7
 1110              		.cfi_restore 8
 1111              		.cfi_restore 9
 1112              		.cfi_restore 10
 1113              		.cfi_restore 14
  86:Dsp/widget/wgt_core/UI_Controller.c **** 
 1114              		.loc 1 86 16 view .LVU325
 1115 0084 0020     		movs	r0, #0
 1116              	.LVL84:
  86:Dsp/widget/wgt_core/UI_Controller.c **** 
 1117              		.loc 1 86 16 view .LVU326
 1118 0086 7047     		bx	lr
 1119              	.LVL85:
 1120              	.L90:
  86:Dsp/widget/wgt_core/UI_Controller.c **** 
 1121              		.loc 1 86 16 view .LVU327
 1122 0088 0020     		movs	r0, #0
 1123              	.LVL86:
  86:Dsp/widget/wgt_core/UI_Controller.c **** 
 1124              		.loc 1 86 16 view .LVU328
 1125 008a 7047     		bx	lr
 1126              	.LVL87:
 1127              	.L91:
 114:Dsp/widget/wgt_core/UI_Controller.c **** }
 1128              		.loc 1 114 12 view .LVU329
 1129 008c 0120     		movs	r0, #1
 1130              	.LVL88:
 115:Dsp/widget/wgt_core/UI_Controller.c **** 
 1131              		.loc 1 115 1 view .LVU330
 1132 008e 7047     		bx	lr
 1133              	.L97:
 1134              		.align	2
 1135              	.L96:
 1136 0090 00000000 		.word	.LANCHOR0
 1137              		.cfi_endproc
 1138              	.LFE1:
 1140              		.global	UI_CheckBox
 1141              		.global	UI_Button
 1142              		.section	.bss.UI_DspInterface,"aw",%nobits
 1143              		.align	2
 1144              		.set	.LANCHOR0,. + 0
 1147              	UI_DspInterface:
 1148 0000 00000000 		.space	44
 1148      00000000 
 1148      00000000 
ARM GAS  /var/folders/lx/hc4sn_b53233_zkc9xbbl97r0000gp/T//ccqliOUw.s 			page 30


 1148      00000000 
 1148      00000000 
 1149              		.section	.data.UI_Button,"aw"
 1150              		.align	2
 1153              	UI_Button:
 1154 0000 00000000 		.word	UI_Button_Init
 1155 0004 00000000 		.word	UI_Button_Set_TriggerCallback
 1156 0008 00000000 		.word	UI_Button_Set_Label
 1157 000c 00000000 		.word	UI_Button_Push
 1158 0010 00000000 		.word	UI_Button_Release
 1159 0014 00000000 		.word	UI_Button_Ctl
 1160 0018 00000000 		.word	UI_Button_Move
 1161              		.section	.data.UI_CheckBox,"aw"
 1162              		.align	2
 1165              	UI_CheckBox:
 1166 0000 00000000 		.word	UI_CheckBox_Init
 1167              		.text
 1168              	.Letext0:
 1169              		.file 2 "/usr/local/arm-none-eabi-gcc/gcc-arm-none-eabi-10-2020-q4-major/arm-none-eabi/include/mac
 1170              		.file 3 "/usr/local/arm-none-eabi-gcc/gcc-arm-none-eabi-10-2020-q4-major/arm-none-eabi/include/sys
 1171              		.file 4 "SYS/runtime/runtime.h"
 1172              		.file 5 "Dsp/widget/wgt_core/UI_Controller.h"
 1173              		.file 6 "Dsp/screen/font/oledfont.h"
ARM GAS  /var/folders/lx/hc4sn_b53233_zkc9xbbl97r0000gp/T//ccqliOUw.s 			page 31


DEFINED SYMBOLS
                            *ABS*:0000000000000000 UI_Controller.c
/var/folders/lx/hc4sn_b53233_zkc9xbbl97r0000gp/T//ccqliOUw.s:18     .text.UI_GenData_Init:0000000000000000 $t
/var/folders/lx/hc4sn_b53233_zkc9xbbl97r0000gp/T//ccqliOUw.s:25     .text.UI_GenData_Init:0000000000000000 UI_GenData_Init
/var/folders/lx/hc4sn_b53233_zkc9xbbl97r0000gp/T//ccqliOUw.s:55     .text.UI_Move:0000000000000000 $t
/var/folders/lx/hc4sn_b53233_zkc9xbbl97r0000gp/T//ccqliOUw.s:61     .text.UI_Move:0000000000000000 UI_Move
/var/folders/lx/hc4sn_b53233_zkc9xbbl97r0000gp/T//ccqliOUw.s:95     .rodata.UI_Button_Init.str1.4:0000000000000000 $d
/var/folders/lx/hc4sn_b53233_zkc9xbbl97r0000gp/T//ccqliOUw.s:102    .text.UI_Button_Init:0000000000000000 $t
/var/folders/lx/hc4sn_b53233_zkc9xbbl97r0000gp/T//ccqliOUw.s:108    .text.UI_Button_Init:0000000000000000 UI_Button_Init
/var/folders/lx/hc4sn_b53233_zkc9xbbl97r0000gp/T//ccqliOUw.s:179    .text.UI_Button_Init:0000000000000044 $d
/var/folders/lx/hc4sn_b53233_zkc9xbbl97r0000gp/T//ccqliOUw.s:185    .text.UI_Button_Set_Label:0000000000000000 $t
/var/folders/lx/hc4sn_b53233_zkc9xbbl97r0000gp/T//ccqliOUw.s:191    .text.UI_Button_Set_Label:0000000000000000 UI_Button_Set_Label
/var/folders/lx/hc4sn_b53233_zkc9xbbl97r0000gp/T//ccqliOUw.s:235    .text.UI_Button_Set_TriggerCallback:0000000000000000 $t
/var/folders/lx/hc4sn_b53233_zkc9xbbl97r0000gp/T//ccqliOUw.s:241    .text.UI_Button_Set_TriggerCallback:0000000000000000 UI_Button_Set_TriggerCallback
/var/folders/lx/hc4sn_b53233_zkc9xbbl97r0000gp/T//ccqliOUw.s:295    .text.UI_Button_Push:0000000000000000 $t
/var/folders/lx/hc4sn_b53233_zkc9xbbl97r0000gp/T//ccqliOUw.s:301    .text.UI_Button_Push:0000000000000000 UI_Button_Push
/var/folders/lx/hc4sn_b53233_zkc9xbbl97r0000gp/T//ccqliOUw.s:418    .text.UI_Button_Release:0000000000000000 $t
/var/folders/lx/hc4sn_b53233_zkc9xbbl97r0000gp/T//ccqliOUw.s:424    .text.UI_Button_Release:0000000000000000 UI_Button_Release
/var/folders/lx/hc4sn_b53233_zkc9xbbl97r0000gp/T//ccqliOUw.s:510    .text.UI_Button_Move:0000000000000000 $t
/var/folders/lx/hc4sn_b53233_zkc9xbbl97r0000gp/T//ccqliOUw.s:516    .text.UI_Button_Move:0000000000000000 UI_Button_Move
/var/folders/lx/hc4sn_b53233_zkc9xbbl97r0000gp/T//ccqliOUw.s:557    .text.UI_CheckBox_Init:0000000000000000 $t
/var/folders/lx/hc4sn_b53233_zkc9xbbl97r0000gp/T//ccqliOUw.s:563    .text.UI_CheckBox_Init:0000000000000000 UI_CheckBox_Init
/var/folders/lx/hc4sn_b53233_zkc9xbbl97r0000gp/T//ccqliOUw.s:632    .text.UI_Button_Ctl:0000000000000000 $t
/var/folders/lx/hc4sn_b53233_zkc9xbbl97r0000gp/T//ccqliOUw.s:638    .text.UI_Button_Ctl:0000000000000000 UI_Button_Ctl
/var/folders/lx/hc4sn_b53233_zkc9xbbl97r0000gp/T//ccqliOUw.s:874    .text.UI_Button_Ctl:0000000000000108 $d
/var/folders/lx/hc4sn_b53233_zkc9xbbl97r0000gp/T//ccqliOUw.s:879    .text.UI_Set_DspInterface:0000000000000000 $t
/var/folders/lx/hc4sn_b53233_zkc9xbbl97r0000gp/T//ccqliOUw.s:886    .text.UI_Set_DspInterface:0000000000000000 UI_Set_DspInterface
/var/folders/lx/hc4sn_b53233_zkc9xbbl97r0000gp/T//ccqliOUw.s:955    .text.UI_Set_DspInterface:000000000000002c $d
/var/folders/lx/hc4sn_b53233_zkc9xbbl97r0000gp/T//ccqliOUw.s:960    .text.UI_ShowSelector:0000000000000000 $t
/var/folders/lx/hc4sn_b53233_zkc9xbbl97r0000gp/T//ccqliOUw.s:967    .text.UI_ShowSelector:0000000000000000 UI_ShowSelector
/var/folders/lx/hc4sn_b53233_zkc9xbbl97r0000gp/T//ccqliOUw.s:1136   .text.UI_ShowSelector:0000000000000090 $d
/var/folders/lx/hc4sn_b53233_zkc9xbbl97r0000gp/T//ccqliOUw.s:1165   .data.UI_CheckBox:0000000000000000 UI_CheckBox
/var/folders/lx/hc4sn_b53233_zkc9xbbl97r0000gp/T//ccqliOUw.s:1153   .data.UI_Button:0000000000000000 UI_Button
/var/folders/lx/hc4sn_b53233_zkc9xbbl97r0000gp/T//ccqliOUw.s:1143   .bss.UI_DspInterface:0000000000000000 $d
/var/folders/lx/hc4sn_b53233_zkc9xbbl97r0000gp/T//ccqliOUw.s:1147   .bss.UI_DspInterface:0000000000000000 UI_DspInterface
/var/folders/lx/hc4sn_b53233_zkc9xbbl97r0000gp/T//ccqliOUw.s:1150   .data.UI_Button:0000000000000000 $d
/var/folders/lx/hc4sn_b53233_zkc9xbbl97r0000gp/T//ccqliOUw.s:1162   .data.UI_CheckBox:0000000000000000 $d

UNDEFINED SYMBOLS
Get_CurrentRunningMs
