ARM GAS  /tmp/ccqzhRxn.s 			page 1


   1              		.cpu cortex-m4
   2              		.eabi_attribute 27, 1
   3              		.eabi_attribute 28, 1
   4              		.eabi_attribute 20, 1
   5              		.eabi_attribute 21, 1
   6              		.eabi_attribute 23, 3
   7              		.eabi_attribute 24, 1
   8              		.eabi_attribute 25, 1
   9              		.eabi_attribute 26, 1
  10              		.eabi_attribute 30, 1
  11              		.eabi_attribute 34, 1
  12              		.eabi_attribute 18, 4
  13              		.file	"usbd_cdc_core.c"
  14              		.text
  15              	.Ltext0:
  16              		.cfi_sections	.debug_frame
  17              		.section	.text.usbd_cdc_EP0_RxReady,"ax",%progbits
  18              		.align	1
  19              		.syntax unified
  20              		.thumb
  21              		.thumb_func
  22              		.fpu fpv4-sp-d16
  24              	usbd_cdc_EP0_RxReady:
  25              	.LFB127:
  26              		.file 1 "USB/core/usbd_cdc_core.c"
   1:USB/core/usbd_cdc_core.c **** /**
   2:USB/core/usbd_cdc_core.c ****   ******************************************************************************
   3:USB/core/usbd_cdc_core.c ****   * @file    usbd_cdc_core.c
   4:USB/core/usbd_cdc_core.c ****   * @author  MCD Application Team
   5:USB/core/usbd_cdc_core.c ****   * @version V1.1.0
   6:USB/core/usbd_cdc_core.c ****   * @date    19-March-2012
   7:USB/core/usbd_cdc_core.c ****   * @brief   This file provides the high layer firmware functions to manage the 
   8:USB/core/usbd_cdc_core.c ****   *          following functionalities of the USB CDC Class:
   9:USB/core/usbd_cdc_core.c ****   *           - Initialization and Configuration of high and low layer
  10:USB/core/usbd_cdc_core.c ****   *           - Enumeration as CDC Device (and enumeration for each implemented memory interface)
  11:USB/core/usbd_cdc_core.c ****   *           - OUT/IN data transfer
  12:USB/core/usbd_cdc_core.c ****   *           - Command IN transfer (class requests management)
  13:USB/core/usbd_cdc_core.c ****   *           - Error management
  14:USB/core/usbd_cdc_core.c ****   *           
  15:USB/core/usbd_cdc_core.c ****   *  @verbatim
  16:USB/core/usbd_cdc_core.c ****   *      
  17:USB/core/usbd_cdc_core.c ****   *          ===================================================================      
  18:USB/core/usbd_cdc_core.c ****   *                                CDC Class Driver Description
  19:USB/core/usbd_cdc_core.c ****   *          =================================================================== 
  20:USB/core/usbd_cdc_core.c ****   *           This driver manages the "Universal Serial Bus Class Definitions for Communications De
  21:USB/core/usbd_cdc_core.c ****   *           Revision 1.2 November 16, 2007" and the sub-protocol specification of "Universal Seri
  22:USB/core/usbd_cdc_core.c ****   *           Communications Class Subclass Specification for PSTN Devices Revision 1.2 February 9,
  23:USB/core/usbd_cdc_core.c ****   *           This driver implements the following aspects of the specification:
  24:USB/core/usbd_cdc_core.c ****   *             - Device descriptor management
  25:USB/core/usbd_cdc_core.c ****   *             - Configuration descriptor management
  26:USB/core/usbd_cdc_core.c ****   *             - Enumeration as CDC device with 2 data endpoints (IN and OUT) and 1 command endpoi
  27:USB/core/usbd_cdc_core.c ****   *             - Requests management (as described in section 6.2 in specification)
  28:USB/core/usbd_cdc_core.c ****   *             - Abstract Control Model compliant
  29:USB/core/usbd_cdc_core.c ****   *             - Union Functional collection (using 1 IN endpoint for control)
  30:USB/core/usbd_cdc_core.c ****   *             - Data interface class
  31:USB/core/usbd_cdc_core.c **** 
  32:USB/core/usbd_cdc_core.c ****   *           @note
ARM GAS  /tmp/ccqzhRxn.s 			page 2


  33:USB/core/usbd_cdc_core.c ****   *             For the Abstract Control Model, this core allows only transmitting the requests to
  34:USB/core/usbd_cdc_core.c ****   *             lower layer dispatcher (ie. usbd_cdc_vcp.c/.h) which should manage each request and
  35:USB/core/usbd_cdc_core.c ****   *             perform relative actions.
  36:USB/core/usbd_cdc_core.c ****   * 
  37:USB/core/usbd_cdc_core.c ****   *           These aspects may be enriched or modified for a specific user application.
  38:USB/core/usbd_cdc_core.c ****   *          
  39:USB/core/usbd_cdc_core.c ****   *            This driver doesn't implement the following aspects of the specification 
  40:USB/core/usbd_cdc_core.c ****   *            (but it is possible to manage these features with some modifications on this driver)
  41:USB/core/usbd_cdc_core.c ****   *             - Any class-specific aspect relative to communication classes should be managed by 
  42:USB/core/usbd_cdc_core.c ****   *             - All communication classes other than PSTN are not managed
  43:USB/core/usbd_cdc_core.c ****   *      
  44:USB/core/usbd_cdc_core.c ****   *  @endverbatim
  45:USB/core/usbd_cdc_core.c ****   *                                  
  46:USB/core/usbd_cdc_core.c ****   ******************************************************************************
  47:USB/core/usbd_cdc_core.c ****   * @attention
  48:USB/core/usbd_cdc_core.c ****   *
  49:USB/core/usbd_cdc_core.c ****   * <h2><center>&copy; COPYRIGHT 2012 STMicroelectronics</center></h2>
  50:USB/core/usbd_cdc_core.c ****   *
  51:USB/core/usbd_cdc_core.c ****   * Licensed under MCD-ST Liberty SW License Agreement V2, (the "License");
  52:USB/core/usbd_cdc_core.c ****   * You may not use this file except in compliance with the License.
  53:USB/core/usbd_cdc_core.c ****   * You may obtain a copy of the License at:
  54:USB/core/usbd_cdc_core.c ****   *
  55:USB/core/usbd_cdc_core.c ****   *        http://www.st.com/software_license_agreement_liberty_v2
  56:USB/core/usbd_cdc_core.c ****   *
  57:USB/core/usbd_cdc_core.c ****   * Unless required by applicable law or agreed to in writing, software 
  58:USB/core/usbd_cdc_core.c ****   * distributed under the License is distributed on an "AS IS" BASIS, 
  59:USB/core/usbd_cdc_core.c ****   * WITHOUT WARRANTIES OR CONDITIONS OF ANY KIND, either express or implied.
  60:USB/core/usbd_cdc_core.c ****   * See the License for the specific language governing permissions and
  61:USB/core/usbd_cdc_core.c ****   * limitations under the License.
  62:USB/core/usbd_cdc_core.c ****   *
  63:USB/core/usbd_cdc_core.c ****   ******************************************************************************
  64:USB/core/usbd_cdc_core.c ****   */ 
  65:USB/core/usbd_cdc_core.c **** 
  66:USB/core/usbd_cdc_core.c **** /* Includes ------------------------------------------------------------------*/
  67:USB/core/usbd_cdc_core.c **** #include "usbd_cdc_core.h"
  68:USB/core/usbd_cdc_core.c **** #include "usbd_desc.h"
  69:USB/core/usbd_cdc_core.c **** #include "usbd_req.h"
  70:USB/core/usbd_cdc_core.c **** 
  71:USB/core/usbd_cdc_core.c **** 
  72:USB/core/usbd_cdc_core.c **** /** @addtogroup STM32_USB_OTG_DEVICE_LIBRARY
  73:USB/core/usbd_cdc_core.c ****   * @{
  74:USB/core/usbd_cdc_core.c ****   */
  75:USB/core/usbd_cdc_core.c **** 
  76:USB/core/usbd_cdc_core.c **** 
  77:USB/core/usbd_cdc_core.c **** /** @defgroup usbd_cdc 
  78:USB/core/usbd_cdc_core.c ****   * @brief usbd core module
  79:USB/core/usbd_cdc_core.c ****   * @{
  80:USB/core/usbd_cdc_core.c ****   */ 
  81:USB/core/usbd_cdc_core.c **** 
  82:USB/core/usbd_cdc_core.c **** /** @defgroup usbd_cdc_Private_TypesDefinitions
  83:USB/core/usbd_cdc_core.c ****   * @{
  84:USB/core/usbd_cdc_core.c ****   */ 
  85:USB/core/usbd_cdc_core.c **** /**
  86:USB/core/usbd_cdc_core.c ****   * @}
  87:USB/core/usbd_cdc_core.c ****   */ 
  88:USB/core/usbd_cdc_core.c **** 
  89:USB/core/usbd_cdc_core.c **** 
ARM GAS  /tmp/ccqzhRxn.s 			page 3


  90:USB/core/usbd_cdc_core.c **** /** @defgroup usbd_cdc_Private_Defines
  91:USB/core/usbd_cdc_core.c ****   * @{
  92:USB/core/usbd_cdc_core.c ****   */ 
  93:USB/core/usbd_cdc_core.c **** /**
  94:USB/core/usbd_cdc_core.c ****   * @}
  95:USB/core/usbd_cdc_core.c ****   */ 
  96:USB/core/usbd_cdc_core.c **** 
  97:USB/core/usbd_cdc_core.c **** 
  98:USB/core/usbd_cdc_core.c **** /** @defgroup usbd_cdc_Private_Macros
  99:USB/core/usbd_cdc_core.c ****   * @{
 100:USB/core/usbd_cdc_core.c ****   */ 
 101:USB/core/usbd_cdc_core.c **** /**
 102:USB/core/usbd_cdc_core.c ****   * @}
 103:USB/core/usbd_cdc_core.c ****   */ 
 104:USB/core/usbd_cdc_core.c **** 
 105:USB/core/usbd_cdc_core.c **** 
 106:USB/core/usbd_cdc_core.c **** /** @defgroup usbd_cdc_Private_FunctionPrototypes
 107:USB/core/usbd_cdc_core.c ****   * @{
 108:USB/core/usbd_cdc_core.c ****   */
 109:USB/core/usbd_cdc_core.c **** 
 110:USB/core/usbd_cdc_core.c **** /*********************************************
 111:USB/core/usbd_cdc_core.c ****    CDC Device library callbacks
 112:USB/core/usbd_cdc_core.c ****  *********************************************/
 113:USB/core/usbd_cdc_core.c **** static uint8_t  usbd_cdc_Init        (void  *pdev, uint8_t cfgidx);
 114:USB/core/usbd_cdc_core.c **** static uint8_t  usbd_cdc_DeInit      (void  *pdev, uint8_t cfgidx);
 115:USB/core/usbd_cdc_core.c **** static uint8_t  usbd_cdc_Setup       (void  *pdev, USB_SETUP_REQ *req);
 116:USB/core/usbd_cdc_core.c **** static uint8_t  usbd_cdc_EP0_RxReady  (void *pdev);
 117:USB/core/usbd_cdc_core.c **** static uint8_t  usbd_cdc_DataIn      (void *pdev, uint8_t epnum);
 118:USB/core/usbd_cdc_core.c **** static uint8_t  usbd_cdc_DataOut     (void *pdev, uint8_t epnum);
 119:USB/core/usbd_cdc_core.c **** static uint8_t  usbd_cdc_SOF         (void *pdev);
 120:USB/core/usbd_cdc_core.c **** 
 121:USB/core/usbd_cdc_core.c **** /*********************************************
 122:USB/core/usbd_cdc_core.c ****    CDC specific management functions
 123:USB/core/usbd_cdc_core.c ****  *********************************************/
 124:USB/core/usbd_cdc_core.c **** static void Handle_USBAsynchXfer  (void *pdev);
 125:USB/core/usbd_cdc_core.c **** static uint8_t  *USBD_cdc_GetCfgDesc (uint8_t speed, uint16_t *length);
 126:USB/core/usbd_cdc_core.c **** #ifdef USE_USB_OTG_HS  
 127:USB/core/usbd_cdc_core.c **** static uint8_t  *USBD_cdc_GetOtherCfgDesc (uint8_t speed, uint16_t *length);
 128:USB/core/usbd_cdc_core.c **** #endif
 129:USB/core/usbd_cdc_core.c **** /**
 130:USB/core/usbd_cdc_core.c ****   * @}
 131:USB/core/usbd_cdc_core.c ****   */ 
 132:USB/core/usbd_cdc_core.c **** 
 133:USB/core/usbd_cdc_core.c **** /** @defgroup usbd_cdc_Private_Variables
 134:USB/core/usbd_cdc_core.c ****   * @{
 135:USB/core/usbd_cdc_core.c ****   */ 
 136:USB/core/usbd_cdc_core.c **** extern CDC_IF_Prop_TypeDef  APP_FOPS;
 137:USB/core/usbd_cdc_core.c **** extern uint8_t USBD_DeviceDesc   [USB_SIZ_DEVICE_DESC];
 138:USB/core/usbd_cdc_core.c **** 
 139:USB/core/usbd_cdc_core.c **** #ifdef USB_OTG_HS_INTERNAL_DMA_ENABLED
 140:USB/core/usbd_cdc_core.c ****   #if defined ( __ICCARM__ ) /*!< IAR Compiler */
 141:USB/core/usbd_cdc_core.c ****     #pragma data_alignment=4   
 142:USB/core/usbd_cdc_core.c ****   #endif
 143:USB/core/usbd_cdc_core.c **** #endif /* USB_OTG_HS_INTERNAL_DMA_ENABLED */
 144:USB/core/usbd_cdc_core.c **** __ALIGN_BEGIN uint8_t usbd_cdc_CfgDesc  [USB_CDC_CONFIG_DESC_SIZ] __ALIGN_END ;
 145:USB/core/usbd_cdc_core.c **** 
 146:USB/core/usbd_cdc_core.c **** #ifdef USB_OTG_HS_INTERNAL_DMA_ENABLED
ARM GAS  /tmp/ccqzhRxn.s 			page 4


 147:USB/core/usbd_cdc_core.c ****   #if defined ( __ICCARM__ ) /*!< IAR Compiler */
 148:USB/core/usbd_cdc_core.c ****     #pragma data_alignment=4   
 149:USB/core/usbd_cdc_core.c ****   #endif
 150:USB/core/usbd_cdc_core.c **** #endif /* USB_OTG_HS_INTERNAL_DMA_ENABLED */
 151:USB/core/usbd_cdc_core.c **** __ALIGN_BEGIN uint8_t usbd_cdc_OtherCfgDesc  [USB_CDC_CONFIG_DESC_SIZ] __ALIGN_END ;
 152:USB/core/usbd_cdc_core.c **** 
 153:USB/core/usbd_cdc_core.c **** #ifdef USB_OTG_HS_INTERNAL_DMA_ENABLED
 154:USB/core/usbd_cdc_core.c ****   #if defined ( __ICCARM__ ) /*!< IAR Compiler */
 155:USB/core/usbd_cdc_core.c ****     #pragma data_alignment=4   
 156:USB/core/usbd_cdc_core.c ****   #endif
 157:USB/core/usbd_cdc_core.c **** #endif /* USB_OTG_HS_INTERNAL_DMA_ENABLED */
 158:USB/core/usbd_cdc_core.c **** __ALIGN_BEGIN static __IO uint32_t  usbd_cdc_AltSet  __ALIGN_END = 0;
 159:USB/core/usbd_cdc_core.c **** 
 160:USB/core/usbd_cdc_core.c **** #ifdef USB_OTG_HS_INTERNAL_DMA_ENABLED
 161:USB/core/usbd_cdc_core.c ****   #if defined ( __ICCARM__ ) /*!< IAR Compiler */
 162:USB/core/usbd_cdc_core.c ****     #pragma data_alignment=4   
 163:USB/core/usbd_cdc_core.c ****   #endif
 164:USB/core/usbd_cdc_core.c **** #endif /* USB_OTG_HS_INTERNAL_DMA_ENABLED */
 165:USB/core/usbd_cdc_core.c **** __ALIGN_BEGIN uint8_t USB_Rx_Buffer   [CDC_DATA_MAX_PACKET_SIZE] __ALIGN_END ;
 166:USB/core/usbd_cdc_core.c **** 
 167:USB/core/usbd_cdc_core.c **** #ifdef USB_OTG_HS_INTERNAL_DMA_ENABLED
 168:USB/core/usbd_cdc_core.c ****   #if defined ( __ICCARM__ ) /*!< IAR Compiler */
 169:USB/core/usbd_cdc_core.c ****     #pragma data_alignment=4   
 170:USB/core/usbd_cdc_core.c ****   #endif
 171:USB/core/usbd_cdc_core.c **** #endif /* USB_OTG_HS_INTERNAL_DMA_ENABLED */
 172:USB/core/usbd_cdc_core.c **** __ALIGN_BEGIN uint8_t APP_Rx_Buffer   [APP_RX_DATA_SIZE] __ALIGN_END ; 
 173:USB/core/usbd_cdc_core.c **** 
 174:USB/core/usbd_cdc_core.c **** 
 175:USB/core/usbd_cdc_core.c **** #ifdef USB_OTG_HS_INTERNAL_DMA_ENABLED
 176:USB/core/usbd_cdc_core.c ****   #if defined ( __ICCARM__ ) /*!< IAR Compiler */
 177:USB/core/usbd_cdc_core.c ****     #pragma data_alignment=4   
 178:USB/core/usbd_cdc_core.c ****   #endif
 179:USB/core/usbd_cdc_core.c **** #endif /* USB_OTG_HS_INTERNAL_DMA_ENABLED */
 180:USB/core/usbd_cdc_core.c **** __ALIGN_BEGIN uint8_t CmdBuff[CDC_CMD_PACKET_SZE] __ALIGN_END ;
 181:USB/core/usbd_cdc_core.c **** 
 182:USB/core/usbd_cdc_core.c **** uint32_t APP_Rx_ptr_in  = 0;
 183:USB/core/usbd_cdc_core.c **** uint32_t APP_Rx_ptr_out = 0;
 184:USB/core/usbd_cdc_core.c **** uint32_t APP_Rx_length  = 0;
 185:USB/core/usbd_cdc_core.c **** 
 186:USB/core/usbd_cdc_core.c **** uint8_t  USB_Tx_State = 0;
 187:USB/core/usbd_cdc_core.c **** 
 188:USB/core/usbd_cdc_core.c **** static uint32_t cdcCmd = 0xFF;
 189:USB/core/usbd_cdc_core.c **** static uint32_t cdcLen = 0;
 190:USB/core/usbd_cdc_core.c **** 
 191:USB/core/usbd_cdc_core.c **** /* CDC interface class callbacks structure */
 192:USB/core/usbd_cdc_core.c **** USBD_Class_cb_TypeDef  USBD_CDC_cb = 
 193:USB/core/usbd_cdc_core.c **** {
 194:USB/core/usbd_cdc_core.c ****   usbd_cdc_Init,
 195:USB/core/usbd_cdc_core.c ****   usbd_cdc_DeInit,
 196:USB/core/usbd_cdc_core.c ****   usbd_cdc_Setup,
 197:USB/core/usbd_cdc_core.c ****   NULL,                 /* EP0_TxSent, */
 198:USB/core/usbd_cdc_core.c ****   usbd_cdc_EP0_RxReady,
 199:USB/core/usbd_cdc_core.c ****   usbd_cdc_DataIn,
 200:USB/core/usbd_cdc_core.c ****   usbd_cdc_DataOut,
 201:USB/core/usbd_cdc_core.c ****   usbd_cdc_SOF,
 202:USB/core/usbd_cdc_core.c ****   NULL,
 203:USB/core/usbd_cdc_core.c ****   NULL,     
ARM GAS  /tmp/ccqzhRxn.s 			page 5


 204:USB/core/usbd_cdc_core.c ****   USBD_cdc_GetCfgDesc,
 205:USB/core/usbd_cdc_core.c **** #ifdef USE_USB_OTG_HS   
 206:USB/core/usbd_cdc_core.c ****   USBD_cdc_GetOtherCfgDesc, /* use same cobfig as per FS */
 207:USB/core/usbd_cdc_core.c **** #endif /* USE_USB_OTG_HS  */
 208:USB/core/usbd_cdc_core.c **** };
 209:USB/core/usbd_cdc_core.c **** 
 210:USB/core/usbd_cdc_core.c **** #ifdef USB_OTG_HS_INTERNAL_DMA_ENABLED
 211:USB/core/usbd_cdc_core.c ****   #if defined ( __ICCARM__ ) /*!< IAR Compiler */
 212:USB/core/usbd_cdc_core.c ****     #pragma data_alignment=4   
 213:USB/core/usbd_cdc_core.c ****   #endif
 214:USB/core/usbd_cdc_core.c **** #endif /* USB_OTG_HS_INTERNAL_DMA_ENABLED */
 215:USB/core/usbd_cdc_core.c **** /* USB CDC device Configuration Descriptor */
 216:USB/core/usbd_cdc_core.c **** __ALIGN_BEGIN uint8_t usbd_cdc_CfgDesc[USB_CDC_CONFIG_DESC_SIZ]  __ALIGN_END =
 217:USB/core/usbd_cdc_core.c **** {
 218:USB/core/usbd_cdc_core.c ****   /*Configuration Descriptor*/
 219:USB/core/usbd_cdc_core.c ****   0x09,   /* bLength: Configuration Descriptor size */
 220:USB/core/usbd_cdc_core.c ****   USB_CONFIGURATION_DESCRIPTOR_TYPE,      /* bDescriptorType: Configuration */
 221:USB/core/usbd_cdc_core.c ****   USB_CDC_CONFIG_DESC_SIZ,                /* wTotalLength:no of returned bytes */
 222:USB/core/usbd_cdc_core.c ****   0x00,
 223:USB/core/usbd_cdc_core.c ****   0x02,   /* bNumInterfaces: 2 interface */
 224:USB/core/usbd_cdc_core.c ****   0x01,   /* bConfigurationValue: Configuration value */
 225:USB/core/usbd_cdc_core.c ****   0x00,   /* iConfiguration: Index of string descriptor describing the configuration */
 226:USB/core/usbd_cdc_core.c ****   0xC0,   /* bmAttributes: self powered */
 227:USB/core/usbd_cdc_core.c ****   0x32,   /* MaxPower 0 mA */
 228:USB/core/usbd_cdc_core.c ****   
 229:USB/core/usbd_cdc_core.c ****   /*---------------------------------------------------------------------------*/
 230:USB/core/usbd_cdc_core.c ****   
 231:USB/core/usbd_cdc_core.c ****   /*Interface Descriptor */
 232:USB/core/usbd_cdc_core.c ****   0x09,   /* bLength: Interface Descriptor size */
 233:USB/core/usbd_cdc_core.c ****   USB_INTERFACE_DESCRIPTOR_TYPE,  /* bDescriptorType: Interface */
 234:USB/core/usbd_cdc_core.c ****   /* Interface descriptor type */
 235:USB/core/usbd_cdc_core.c ****   0x00,   /* bInterfaceNumber: Number of Interface */
 236:USB/core/usbd_cdc_core.c ****   0x00,   /* bAlternateSetting: Alternate setting */
 237:USB/core/usbd_cdc_core.c ****   0x01,   /* bNumEndpoints: One endpoints used */
 238:USB/core/usbd_cdc_core.c ****   0x02,   /* bInterfaceClass: Communication Interface Class */
 239:USB/core/usbd_cdc_core.c ****   0x02,   /* bInterfaceSubClass: Abstract Control Model */
 240:USB/core/usbd_cdc_core.c ****   0x01,   /* bInterfaceProtocol: Common AT commands */
 241:USB/core/usbd_cdc_core.c ****   0x00,   /* iInterface: */
 242:USB/core/usbd_cdc_core.c ****   
 243:USB/core/usbd_cdc_core.c ****   /*Header Functional Descriptor*/
 244:USB/core/usbd_cdc_core.c ****   0x05,   /* bLength: Endpoint Descriptor size */
 245:USB/core/usbd_cdc_core.c ****   0x24,   /* bDescriptorType: CS_INTERFACE */
 246:USB/core/usbd_cdc_core.c ****   0x00,   /* bDescriptorSubtype: Header Func Desc */
 247:USB/core/usbd_cdc_core.c ****   0x10,   /* bcdCDC: spec release number */
 248:USB/core/usbd_cdc_core.c ****   0x01,
 249:USB/core/usbd_cdc_core.c ****   
 250:USB/core/usbd_cdc_core.c ****   /*Call Management Functional Descriptor*/
 251:USB/core/usbd_cdc_core.c ****   0x05,   /* bFunctionLength */
 252:USB/core/usbd_cdc_core.c ****   0x24,   /* bDescriptorType: CS_INTERFACE */
 253:USB/core/usbd_cdc_core.c ****   0x01,   /* bDescriptorSubtype: Call Management Func Desc */
 254:USB/core/usbd_cdc_core.c ****   0x00,   /* bmCapabilities: D0+D1 */
 255:USB/core/usbd_cdc_core.c ****   0x01,   /* bDataInterface: 1 */
 256:USB/core/usbd_cdc_core.c ****   
 257:USB/core/usbd_cdc_core.c ****   /*ACM Functional Descriptor*/
 258:USB/core/usbd_cdc_core.c ****   0x04,   /* bFunctionLength */
 259:USB/core/usbd_cdc_core.c ****   0x24,   /* bDescriptorType: CS_INTERFACE */
 260:USB/core/usbd_cdc_core.c ****   0x02,   /* bDescriptorSubtype: Abstract Control Management desc */
ARM GAS  /tmp/ccqzhRxn.s 			page 6


 261:USB/core/usbd_cdc_core.c ****   0x02,   /* bmCapabilities */
 262:USB/core/usbd_cdc_core.c ****   
 263:USB/core/usbd_cdc_core.c ****   /*Union Functional Descriptor*/
 264:USB/core/usbd_cdc_core.c ****   0x05,   /* bFunctionLength */
 265:USB/core/usbd_cdc_core.c ****   0x24,   /* bDescriptorType: CS_INTERFACE */
 266:USB/core/usbd_cdc_core.c ****   0x06,   /* bDescriptorSubtype: Union func desc */
 267:USB/core/usbd_cdc_core.c ****   0x00,   /* bMasterInterface: Communication class interface */
 268:USB/core/usbd_cdc_core.c ****   0x01,   /* bSlaveInterface0: Data Class Interface */
 269:USB/core/usbd_cdc_core.c ****   
 270:USB/core/usbd_cdc_core.c ****   /*Endpoint 2 Descriptor*/
 271:USB/core/usbd_cdc_core.c ****   0x07,                           /* bLength: Endpoint Descriptor size */
 272:USB/core/usbd_cdc_core.c ****   USB_ENDPOINT_DESCRIPTOR_TYPE,   /* bDescriptorType: Endpoint */
 273:USB/core/usbd_cdc_core.c ****   CDC_CMD_EP,                     /* bEndpointAddress */
 274:USB/core/usbd_cdc_core.c ****   0x03,                           /* bmAttributes: Interrupt */
 275:USB/core/usbd_cdc_core.c ****   LOBYTE(CDC_CMD_PACKET_SZE),     /* wMaxPacketSize: */
 276:USB/core/usbd_cdc_core.c ****   HIBYTE(CDC_CMD_PACKET_SZE),
 277:USB/core/usbd_cdc_core.c **** #ifdef USE_USB_OTG_HS
 278:USB/core/usbd_cdc_core.c ****   0x10,                           /* bInterval: */
 279:USB/core/usbd_cdc_core.c **** #else
 280:USB/core/usbd_cdc_core.c ****   0xFF,                           /* bInterval: */
 281:USB/core/usbd_cdc_core.c **** #endif /* USE_USB_OTG_HS */
 282:USB/core/usbd_cdc_core.c ****   
 283:USB/core/usbd_cdc_core.c ****   /*---------------------------------------------------------------------------*/
 284:USB/core/usbd_cdc_core.c ****   
 285:USB/core/usbd_cdc_core.c ****   /*Data class interface descriptor*/
 286:USB/core/usbd_cdc_core.c ****   0x09,   /* bLength: Endpoint Descriptor size */
 287:USB/core/usbd_cdc_core.c ****   USB_INTERFACE_DESCRIPTOR_TYPE,  /* bDescriptorType: */
 288:USB/core/usbd_cdc_core.c ****   0x01,   /* bInterfaceNumber: Number of Interface */
 289:USB/core/usbd_cdc_core.c ****   0x00,   /* bAlternateSetting: Alternate setting */
 290:USB/core/usbd_cdc_core.c ****   0x02,   /* bNumEndpoints: Two endpoints used */
 291:USB/core/usbd_cdc_core.c ****   0x0A,   /* bInterfaceClass: CDC */
 292:USB/core/usbd_cdc_core.c ****   0x00,   /* bInterfaceSubClass: */
 293:USB/core/usbd_cdc_core.c ****   0x00,   /* bInterfaceProtocol: */
 294:USB/core/usbd_cdc_core.c ****   0x00,   /* iInterface: */
 295:USB/core/usbd_cdc_core.c ****   
 296:USB/core/usbd_cdc_core.c ****   /*Endpoint OUT Descriptor*/
 297:USB/core/usbd_cdc_core.c ****   0x07,   /* bLength: Endpoint Descriptor size */
 298:USB/core/usbd_cdc_core.c ****   USB_ENDPOINT_DESCRIPTOR_TYPE,      /* bDescriptorType: Endpoint */
 299:USB/core/usbd_cdc_core.c ****   CDC_OUT_EP,                        /* bEndpointAddress */
 300:USB/core/usbd_cdc_core.c ****   0x02,                              /* bmAttributes: Bulk */
 301:USB/core/usbd_cdc_core.c ****   LOBYTE(CDC_DATA_MAX_PACKET_SIZE),  /* wMaxPacketSize: */
 302:USB/core/usbd_cdc_core.c ****   HIBYTE(CDC_DATA_MAX_PACKET_SIZE),
 303:USB/core/usbd_cdc_core.c ****   0x00,                              /* bInterval: ignore for Bulk transfer */
 304:USB/core/usbd_cdc_core.c ****   
 305:USB/core/usbd_cdc_core.c ****   /*Endpoint IN Descriptor*/
 306:USB/core/usbd_cdc_core.c ****   0x07,   /* bLength: Endpoint Descriptor size */
 307:USB/core/usbd_cdc_core.c ****   USB_ENDPOINT_DESCRIPTOR_TYPE,      /* bDescriptorType: Endpoint */
 308:USB/core/usbd_cdc_core.c ****   CDC_IN_EP,                         /* bEndpointAddress */
 309:USB/core/usbd_cdc_core.c ****   0x02,                              /* bmAttributes: Bulk */
 310:USB/core/usbd_cdc_core.c ****   LOBYTE(CDC_DATA_MAX_PACKET_SIZE),  /* wMaxPacketSize: */
 311:USB/core/usbd_cdc_core.c ****   HIBYTE(CDC_DATA_MAX_PACKET_SIZE),
 312:USB/core/usbd_cdc_core.c ****   0x00                               /* bInterval: ignore for Bulk transfer */
 313:USB/core/usbd_cdc_core.c **** } ;
 314:USB/core/usbd_cdc_core.c **** 
 315:USB/core/usbd_cdc_core.c **** #ifdef USE_USB_OTG_HS
 316:USB/core/usbd_cdc_core.c **** #ifdef USB_OTG_HS_INTERNAL_DMA_ENABLED
 317:USB/core/usbd_cdc_core.c ****   #if defined ( __ICCARM__ ) /*!< IAR Compiler */
ARM GAS  /tmp/ccqzhRxn.s 			page 7


 318:USB/core/usbd_cdc_core.c ****     #pragma data_alignment=4   
 319:USB/core/usbd_cdc_core.c ****   #endif
 320:USB/core/usbd_cdc_core.c **** #endif /* USB_OTG_HS_INTERNAL_DMA_ENABLED */ 
 321:USB/core/usbd_cdc_core.c **** __ALIGN_BEGIN uint8_t usbd_cdc_OtherCfgDesc[USB_CDC_CONFIG_DESC_SIZ]  __ALIGN_END =
 322:USB/core/usbd_cdc_core.c **** { 
 323:USB/core/usbd_cdc_core.c ****   0x09,   /* bLength: Configuation Descriptor size */
 324:USB/core/usbd_cdc_core.c ****   USB_DESC_TYPE_OTHER_SPEED_CONFIGURATION,   
 325:USB/core/usbd_cdc_core.c ****   USB_CDC_CONFIG_DESC_SIZ,
 326:USB/core/usbd_cdc_core.c ****   0x00,
 327:USB/core/usbd_cdc_core.c ****   0x02,   /* bNumInterfaces: 2 interfaces */
 328:USB/core/usbd_cdc_core.c ****   0x01,   /* bConfigurationValue: */
 329:USB/core/usbd_cdc_core.c ****   0x04,   /* iConfiguration: */
 330:USB/core/usbd_cdc_core.c ****   0xC0,   /* bmAttributes: */
 331:USB/core/usbd_cdc_core.c ****   0x32,   /* MaxPower 100 mA */  
 332:USB/core/usbd_cdc_core.c ****   
 333:USB/core/usbd_cdc_core.c ****   /*Interface Descriptor */
 334:USB/core/usbd_cdc_core.c ****   0x09,   /* bLength: Interface Descriptor size */
 335:USB/core/usbd_cdc_core.c ****   USB_INTERFACE_DESCRIPTOR_TYPE,  /* bDescriptorType: Interface */
 336:USB/core/usbd_cdc_core.c ****   /* Interface descriptor type */
 337:USB/core/usbd_cdc_core.c ****   0x00,   /* bInterfaceNumber: Number of Interface */
 338:USB/core/usbd_cdc_core.c ****   0x00,   /* bAlternateSetting: Alternate setting */
 339:USB/core/usbd_cdc_core.c ****   0x01,   /* bNumEndpoints: One endpoints used */
 340:USB/core/usbd_cdc_core.c ****   0x02,   /* bInterfaceClass: Communication Interface Class */
 341:USB/core/usbd_cdc_core.c ****   0x02,   /* bInterfaceSubClass: Abstract Control Model */
 342:USB/core/usbd_cdc_core.c ****   0x01,   /* bInterfaceProtocol: Common AT commands */
 343:USB/core/usbd_cdc_core.c ****   0x00,   /* iInterface: */
 344:USB/core/usbd_cdc_core.c ****   
 345:USB/core/usbd_cdc_core.c ****   /*Header Functional Descriptor*/
 346:USB/core/usbd_cdc_core.c ****   0x05,   /* bLength: Endpoint Descriptor size */
 347:USB/core/usbd_cdc_core.c ****   0x24,   /* bDescriptorType: CS_INTERFACE */
 348:USB/core/usbd_cdc_core.c ****   0x00,   /* bDescriptorSubtype: Header Func Desc */
 349:USB/core/usbd_cdc_core.c ****   0x10,   /* bcdCDC: spec release number */
 350:USB/core/usbd_cdc_core.c ****   0x01,
 351:USB/core/usbd_cdc_core.c ****   
 352:USB/core/usbd_cdc_core.c ****   /*Call Management Functional Descriptor*/
 353:USB/core/usbd_cdc_core.c ****   0x05,   /* bFunctionLength */
 354:USB/core/usbd_cdc_core.c ****   0x24,   /* bDescriptorType: CS_INTERFACE */
 355:USB/core/usbd_cdc_core.c ****   0x01,   /* bDescriptorSubtype: Call Management Func Desc */
 356:USB/core/usbd_cdc_core.c ****   0x00,   /* bmCapabilities: D0+D1 */
 357:USB/core/usbd_cdc_core.c ****   0x01,   /* bDataInterface: 1 */
 358:USB/core/usbd_cdc_core.c ****   
 359:USB/core/usbd_cdc_core.c ****   /*ACM Functional Descriptor*/
 360:USB/core/usbd_cdc_core.c ****   0x04,   /* bFunctionLength */
 361:USB/core/usbd_cdc_core.c ****   0x24,   /* bDescriptorType: CS_INTERFACE */
 362:USB/core/usbd_cdc_core.c ****   0x02,   /* bDescriptorSubtype: Abstract Control Management desc */
 363:USB/core/usbd_cdc_core.c ****   0x02,   /* bmCapabilities */
 364:USB/core/usbd_cdc_core.c ****   
 365:USB/core/usbd_cdc_core.c ****   /*Union Functional Descriptor*/
 366:USB/core/usbd_cdc_core.c ****   0x05,   /* bFunctionLength */
 367:USB/core/usbd_cdc_core.c ****   0x24,   /* bDescriptorType: CS_INTERFACE */
 368:USB/core/usbd_cdc_core.c ****   0x06,   /* bDescriptorSubtype: Union func desc */
 369:USB/core/usbd_cdc_core.c ****   0x00,   /* bMasterInterface: Communication class interface */
 370:USB/core/usbd_cdc_core.c ****   0x01,   /* bSlaveInterface0: Data Class Interface */
 371:USB/core/usbd_cdc_core.c ****   
 372:USB/core/usbd_cdc_core.c ****   /*Endpoint 2 Descriptor*/
 373:USB/core/usbd_cdc_core.c ****   0x07,                           /* bLength: Endpoint Descriptor size */
 374:USB/core/usbd_cdc_core.c ****   USB_ENDPOINT_DESCRIPTOR_TYPE,   /* bDescriptorType: Endpoint */
ARM GAS  /tmp/ccqzhRxn.s 			page 8


 375:USB/core/usbd_cdc_core.c ****   CDC_CMD_EP,                     /* bEndpointAddress */
 376:USB/core/usbd_cdc_core.c ****   0x03,                           /* bmAttributes: Interrupt */
 377:USB/core/usbd_cdc_core.c ****   LOBYTE(CDC_CMD_PACKET_SZE),     /* wMaxPacketSize: */
 378:USB/core/usbd_cdc_core.c ****   HIBYTE(CDC_CMD_PACKET_SZE),
 379:USB/core/usbd_cdc_core.c ****   0xFF,                           /* bInterval: */
 380:USB/core/usbd_cdc_core.c ****   
 381:USB/core/usbd_cdc_core.c ****   /*---------------------------------------------------------------------------*/
 382:USB/core/usbd_cdc_core.c ****   
 383:USB/core/usbd_cdc_core.c ****   /*Data class interface descriptor*/
 384:USB/core/usbd_cdc_core.c ****   0x09,   /* bLength: Endpoint Descriptor size */
 385:USB/core/usbd_cdc_core.c ****   USB_INTERFACE_DESCRIPTOR_TYPE,  /* bDescriptorType: */
 386:USB/core/usbd_cdc_core.c ****   0x01,   /* bInterfaceNumber: Number of Interface */
 387:USB/core/usbd_cdc_core.c ****   0x00,   /* bAlternateSetting: Alternate setting */
 388:USB/core/usbd_cdc_core.c ****   0x02,   /* bNumEndpoints: Two endpoints used */
 389:USB/core/usbd_cdc_core.c ****   0x0A,   /* bInterfaceClass: CDC */
 390:USB/core/usbd_cdc_core.c ****   0x00,   /* bInterfaceSubClass: */
 391:USB/core/usbd_cdc_core.c ****   0x00,   /* bInterfaceProtocol: */
 392:USB/core/usbd_cdc_core.c ****   0x00,   /* iInterface: */
 393:USB/core/usbd_cdc_core.c ****   
 394:USB/core/usbd_cdc_core.c ****   /*Endpoint OUT Descriptor*/
 395:USB/core/usbd_cdc_core.c ****   0x07,   /* bLength: Endpoint Descriptor size */
 396:USB/core/usbd_cdc_core.c ****   USB_ENDPOINT_DESCRIPTOR_TYPE,      /* bDescriptorType: Endpoint */
 397:USB/core/usbd_cdc_core.c ****   CDC_OUT_EP,                        /* bEndpointAddress */
 398:USB/core/usbd_cdc_core.c ****   0x02,                              /* bmAttributes: Bulk */
 399:USB/core/usbd_cdc_core.c ****   0x40,                              /* wMaxPacketSize: */
 400:USB/core/usbd_cdc_core.c ****   0x00,
 401:USB/core/usbd_cdc_core.c ****   0x00,                              /* bInterval: ignore for Bulk transfer */
 402:USB/core/usbd_cdc_core.c ****   
 403:USB/core/usbd_cdc_core.c ****   /*Endpoint IN Descriptor*/
 404:USB/core/usbd_cdc_core.c ****   0x07,   /* bLength: Endpoint Descriptor size */
 405:USB/core/usbd_cdc_core.c ****   USB_ENDPOINT_DESCRIPTOR_TYPE,     /* bDescriptorType: Endpoint */
 406:USB/core/usbd_cdc_core.c ****   CDC_IN_EP,                        /* bEndpointAddress */
 407:USB/core/usbd_cdc_core.c ****   0x02,                             /* bmAttributes: Bulk */
 408:USB/core/usbd_cdc_core.c ****   0x40,                             /* wMaxPacketSize: */
 409:USB/core/usbd_cdc_core.c ****   0x00,
 410:USB/core/usbd_cdc_core.c ****   0x00                              /* bInterval */
 411:USB/core/usbd_cdc_core.c **** };
 412:USB/core/usbd_cdc_core.c **** #endif /* USE_USB_OTG_HS  */
 413:USB/core/usbd_cdc_core.c **** 
 414:USB/core/usbd_cdc_core.c **** /**
 415:USB/core/usbd_cdc_core.c ****   * @}
 416:USB/core/usbd_cdc_core.c ****   */ 
 417:USB/core/usbd_cdc_core.c **** 
 418:USB/core/usbd_cdc_core.c **** /** @defgroup usbd_cdc_Private_Functions
 419:USB/core/usbd_cdc_core.c ****   * @{
 420:USB/core/usbd_cdc_core.c ****   */ 
 421:USB/core/usbd_cdc_core.c **** 
 422:USB/core/usbd_cdc_core.c **** /**
 423:USB/core/usbd_cdc_core.c ****   * @brief  usbd_cdc_Init
 424:USB/core/usbd_cdc_core.c ****   *         Initilaize the CDC interface
 425:USB/core/usbd_cdc_core.c ****   * @param  pdev: device instance
 426:USB/core/usbd_cdc_core.c ****   * @param  cfgidx: Configuration index
 427:USB/core/usbd_cdc_core.c ****   * @retval status
 428:USB/core/usbd_cdc_core.c ****   */
 429:USB/core/usbd_cdc_core.c **** static uint8_t  usbd_cdc_Init (void  *pdev, 
 430:USB/core/usbd_cdc_core.c ****                                uint8_t cfgidx)
 431:USB/core/usbd_cdc_core.c **** {
ARM GAS  /tmp/ccqzhRxn.s 			page 9


 432:USB/core/usbd_cdc_core.c ****   uint8_t *pbuf;
 433:USB/core/usbd_cdc_core.c **** 
 434:USB/core/usbd_cdc_core.c ****   /* Open EP IN */
 435:USB/core/usbd_cdc_core.c ****   DCD_EP_Open(pdev,
 436:USB/core/usbd_cdc_core.c ****               CDC_IN_EP,
 437:USB/core/usbd_cdc_core.c ****               CDC_DATA_IN_PACKET_SIZE,
 438:USB/core/usbd_cdc_core.c ****               USB_OTG_EP_BULK);
 439:USB/core/usbd_cdc_core.c ****   
 440:USB/core/usbd_cdc_core.c ****   /* Open EP OUT */
 441:USB/core/usbd_cdc_core.c ****   DCD_EP_Open(pdev,
 442:USB/core/usbd_cdc_core.c ****               CDC_OUT_EP,
 443:USB/core/usbd_cdc_core.c ****               CDC_DATA_OUT_PACKET_SIZE,
 444:USB/core/usbd_cdc_core.c ****               USB_OTG_EP_BULK);
 445:USB/core/usbd_cdc_core.c ****   
 446:USB/core/usbd_cdc_core.c ****   /* Open Command IN EP */
 447:USB/core/usbd_cdc_core.c ****   DCD_EP_Open(pdev,
 448:USB/core/usbd_cdc_core.c ****               CDC_CMD_EP,
 449:USB/core/usbd_cdc_core.c ****               CDC_CMD_PACKET_SZE,
 450:USB/core/usbd_cdc_core.c ****               USB_OTG_EP_INT);
 451:USB/core/usbd_cdc_core.c ****   
 452:USB/core/usbd_cdc_core.c ****   pbuf = (uint8_t *)USBD_DeviceDesc;
 453:USB/core/usbd_cdc_core.c ****   pbuf[4] = DEVICE_CLASS_CDC;
 454:USB/core/usbd_cdc_core.c ****   pbuf[5] = DEVICE_SUBCLASS_CDC;
 455:USB/core/usbd_cdc_core.c ****   
 456:USB/core/usbd_cdc_core.c ****   /* Initialize the Interface physical components */
 457:USB/core/usbd_cdc_core.c ****   APP_FOPS.pIf_Init();
 458:USB/core/usbd_cdc_core.c **** 
 459:USB/core/usbd_cdc_core.c ****   /* Prepare Out endpoint to receive next packet */
 460:USB/core/usbd_cdc_core.c ****   DCD_EP_PrepareRx(pdev,
 461:USB/core/usbd_cdc_core.c ****                    CDC_OUT_EP,
 462:USB/core/usbd_cdc_core.c ****                    (uint8_t*)(USB_Rx_Buffer),
 463:USB/core/usbd_cdc_core.c ****                    CDC_DATA_OUT_PACKET_SIZE);
 464:USB/core/usbd_cdc_core.c ****   
 465:USB/core/usbd_cdc_core.c ****   return USBD_OK;
 466:USB/core/usbd_cdc_core.c **** }
 467:USB/core/usbd_cdc_core.c **** 
 468:USB/core/usbd_cdc_core.c **** /**
 469:USB/core/usbd_cdc_core.c ****   * @brief  usbd_cdc_Init
 470:USB/core/usbd_cdc_core.c ****   *         DeInitialize the CDC layer
 471:USB/core/usbd_cdc_core.c ****   * @param  pdev: device instance
 472:USB/core/usbd_cdc_core.c ****   * @param  cfgidx: Configuration index
 473:USB/core/usbd_cdc_core.c ****   * @retval status
 474:USB/core/usbd_cdc_core.c ****   */
 475:USB/core/usbd_cdc_core.c **** static uint8_t  usbd_cdc_DeInit (void  *pdev, 
 476:USB/core/usbd_cdc_core.c ****                                  uint8_t cfgidx)
 477:USB/core/usbd_cdc_core.c **** {
 478:USB/core/usbd_cdc_core.c ****   /* Open EP IN */
 479:USB/core/usbd_cdc_core.c ****   DCD_EP_Close(pdev,
 480:USB/core/usbd_cdc_core.c ****               CDC_IN_EP);
 481:USB/core/usbd_cdc_core.c ****   
 482:USB/core/usbd_cdc_core.c ****   /* Open EP OUT */
 483:USB/core/usbd_cdc_core.c ****   DCD_EP_Close(pdev,
 484:USB/core/usbd_cdc_core.c ****               CDC_OUT_EP);
 485:USB/core/usbd_cdc_core.c ****   
 486:USB/core/usbd_cdc_core.c ****   /* Open Command IN EP */
 487:USB/core/usbd_cdc_core.c ****   DCD_EP_Close(pdev,
 488:USB/core/usbd_cdc_core.c ****               CDC_CMD_EP);
ARM GAS  /tmp/ccqzhRxn.s 			page 10


 489:USB/core/usbd_cdc_core.c **** 
 490:USB/core/usbd_cdc_core.c ****   /* Restore default state of the Interface physical components */
 491:USB/core/usbd_cdc_core.c ****   APP_FOPS.pIf_DeInit();
 492:USB/core/usbd_cdc_core.c ****   
 493:USB/core/usbd_cdc_core.c ****   return USBD_OK;
 494:USB/core/usbd_cdc_core.c **** }
 495:USB/core/usbd_cdc_core.c **** 
 496:USB/core/usbd_cdc_core.c **** /**
 497:USB/core/usbd_cdc_core.c ****   * @brief  usbd_cdc_Setup
 498:USB/core/usbd_cdc_core.c ****   *         Handle the CDC specific requests
 499:USB/core/usbd_cdc_core.c ****   * @param  pdev: instance
 500:USB/core/usbd_cdc_core.c ****   * @param  req: usb requests
 501:USB/core/usbd_cdc_core.c ****   * @retval status
 502:USB/core/usbd_cdc_core.c ****   */
 503:USB/core/usbd_cdc_core.c **** static uint8_t  usbd_cdc_Setup (void  *pdev, 
 504:USB/core/usbd_cdc_core.c ****                                 USB_SETUP_REQ *req)
 505:USB/core/usbd_cdc_core.c **** {
 506:USB/core/usbd_cdc_core.c ****   uint16_t len=USB_CDC_DESC_SIZ;
 507:USB/core/usbd_cdc_core.c ****   uint8_t  *pbuf=usbd_cdc_CfgDesc + 9;
 508:USB/core/usbd_cdc_core.c ****   
 509:USB/core/usbd_cdc_core.c ****   switch (req->bmRequest & USB_REQ_TYPE_MASK)
 510:USB/core/usbd_cdc_core.c ****   {
 511:USB/core/usbd_cdc_core.c ****     /* CDC Class Requests -------------------------------*/
 512:USB/core/usbd_cdc_core.c ****   case USB_REQ_TYPE_CLASS :
 513:USB/core/usbd_cdc_core.c ****       /* Check if the request is a data setup packet */
 514:USB/core/usbd_cdc_core.c ****       if (req->wLength)
 515:USB/core/usbd_cdc_core.c ****       {
 516:USB/core/usbd_cdc_core.c ****         /* Check if the request is Device-to-Host */
 517:USB/core/usbd_cdc_core.c ****         if (req->bmRequest & 0x80)
 518:USB/core/usbd_cdc_core.c ****         {
 519:USB/core/usbd_cdc_core.c ****           /* Get the data to be sent to Host from interface layer */
 520:USB/core/usbd_cdc_core.c ****           APP_FOPS.pIf_Ctrl(req->bRequest, CmdBuff, req->wLength);
 521:USB/core/usbd_cdc_core.c ****           
 522:USB/core/usbd_cdc_core.c ****           /* Send the data to the host */
 523:USB/core/usbd_cdc_core.c ****           USBD_CtlSendData (pdev, 
 524:USB/core/usbd_cdc_core.c ****                             CmdBuff,
 525:USB/core/usbd_cdc_core.c ****                             req->wLength);          
 526:USB/core/usbd_cdc_core.c ****         }
 527:USB/core/usbd_cdc_core.c ****         else /* Host-to-Device requeset */
 528:USB/core/usbd_cdc_core.c ****         {
 529:USB/core/usbd_cdc_core.c ****           /* Set the value of the current command to be processed */
 530:USB/core/usbd_cdc_core.c ****           cdcCmd = req->bRequest;
 531:USB/core/usbd_cdc_core.c ****           cdcLen = req->wLength;
 532:USB/core/usbd_cdc_core.c ****           
 533:USB/core/usbd_cdc_core.c ****           /* Prepare the reception of the buffer over EP0
 534:USB/core/usbd_cdc_core.c ****           Next step: the received data will be managed in usbd_cdc_EP0_TxSent() 
 535:USB/core/usbd_cdc_core.c ****           function. */
 536:USB/core/usbd_cdc_core.c ****           USBD_CtlPrepareRx (pdev,
 537:USB/core/usbd_cdc_core.c ****                              CmdBuff,
 538:USB/core/usbd_cdc_core.c ****                              req->wLength);          
 539:USB/core/usbd_cdc_core.c ****         }
 540:USB/core/usbd_cdc_core.c ****       }
 541:USB/core/usbd_cdc_core.c ****       else /* No Data request */
 542:USB/core/usbd_cdc_core.c ****       {
 543:USB/core/usbd_cdc_core.c ****         /* Transfer the command to the interface layer */
 544:USB/core/usbd_cdc_core.c ****         APP_FOPS.pIf_Ctrl(req->bRequest, NULL, 0);
 545:USB/core/usbd_cdc_core.c ****       }
ARM GAS  /tmp/ccqzhRxn.s 			page 11


 546:USB/core/usbd_cdc_core.c ****       
 547:USB/core/usbd_cdc_core.c ****       return USBD_OK;
 548:USB/core/usbd_cdc_core.c ****       
 549:USB/core/usbd_cdc_core.c ****     default:
 550:USB/core/usbd_cdc_core.c ****       USBD_CtlError (pdev, req);
 551:USB/core/usbd_cdc_core.c ****       return USBD_FAIL;
 552:USB/core/usbd_cdc_core.c ****     
 553:USB/core/usbd_cdc_core.c ****       
 554:USB/core/usbd_cdc_core.c ****       
 555:USB/core/usbd_cdc_core.c ****     /* Standard Requests -------------------------------*/
 556:USB/core/usbd_cdc_core.c ****   case USB_REQ_TYPE_STANDARD:
 557:USB/core/usbd_cdc_core.c ****     switch (req->bRequest)
 558:USB/core/usbd_cdc_core.c ****     {
 559:USB/core/usbd_cdc_core.c ****     case USB_REQ_GET_DESCRIPTOR: 
 560:USB/core/usbd_cdc_core.c ****       if( (req->wValue >> 8) == CDC_DESCRIPTOR_TYPE)
 561:USB/core/usbd_cdc_core.c ****       {
 562:USB/core/usbd_cdc_core.c **** #ifdef USB_OTG_HS_INTERNAL_DMA_ENABLED
 563:USB/core/usbd_cdc_core.c ****         pbuf = usbd_cdc_Desc;   
 564:USB/core/usbd_cdc_core.c **** #else
 565:USB/core/usbd_cdc_core.c ****         pbuf = usbd_cdc_CfgDesc + 9 + (9 * USBD_ITF_MAX_NUM);
 566:USB/core/usbd_cdc_core.c **** #endif 
 567:USB/core/usbd_cdc_core.c ****         len = MIN(USB_CDC_DESC_SIZ , req->wLength);
 568:USB/core/usbd_cdc_core.c ****       }
 569:USB/core/usbd_cdc_core.c ****       
 570:USB/core/usbd_cdc_core.c ****       USBD_CtlSendData (pdev, 
 571:USB/core/usbd_cdc_core.c ****                         pbuf,
 572:USB/core/usbd_cdc_core.c ****                         len);
 573:USB/core/usbd_cdc_core.c ****       break;
 574:USB/core/usbd_cdc_core.c ****       
 575:USB/core/usbd_cdc_core.c ****     case USB_REQ_GET_INTERFACE :
 576:USB/core/usbd_cdc_core.c ****       USBD_CtlSendData (pdev,
 577:USB/core/usbd_cdc_core.c ****                         (uint8_t *)&usbd_cdc_AltSet,
 578:USB/core/usbd_cdc_core.c ****                         1);
 579:USB/core/usbd_cdc_core.c ****       break;
 580:USB/core/usbd_cdc_core.c ****       
 581:USB/core/usbd_cdc_core.c ****     case USB_REQ_SET_INTERFACE :
 582:USB/core/usbd_cdc_core.c ****       if ((uint8_t)(req->wValue) < USBD_ITF_MAX_NUM)
 583:USB/core/usbd_cdc_core.c ****       {
 584:USB/core/usbd_cdc_core.c ****         usbd_cdc_AltSet = (uint8_t)(req->wValue);
 585:USB/core/usbd_cdc_core.c ****       }
 586:USB/core/usbd_cdc_core.c ****       else
 587:USB/core/usbd_cdc_core.c ****       {
 588:USB/core/usbd_cdc_core.c ****         /* Call the error management function (command will be nacked */
 589:USB/core/usbd_cdc_core.c ****         USBD_CtlError (pdev, req);
 590:USB/core/usbd_cdc_core.c ****       }
 591:USB/core/usbd_cdc_core.c ****       break;
 592:USB/core/usbd_cdc_core.c ****     }
 593:USB/core/usbd_cdc_core.c ****   }
 594:USB/core/usbd_cdc_core.c ****   return USBD_OK;
 595:USB/core/usbd_cdc_core.c **** }
 596:USB/core/usbd_cdc_core.c **** 
 597:USB/core/usbd_cdc_core.c **** /**
 598:USB/core/usbd_cdc_core.c ****   * @brief  usbd_cdc_EP0_RxReady
 599:USB/core/usbd_cdc_core.c ****   *         Data received on control endpoint
 600:USB/core/usbd_cdc_core.c ****   * @param  pdev: device device instance
 601:USB/core/usbd_cdc_core.c ****   * @retval status
 602:USB/core/usbd_cdc_core.c ****   */
ARM GAS  /tmp/ccqzhRxn.s 			page 12


 603:USB/core/usbd_cdc_core.c **** static uint8_t  usbd_cdc_EP0_RxReady (void  *pdev)
 604:USB/core/usbd_cdc_core.c **** { 
  27              		.loc 1 604 0
  28              		.cfi_startproc
  29              		@ args = 0, pretend = 0, frame = 0
  30              		@ frame_needed = 0, uses_anonymous_args = 0
  31              	.LVL0:
  32 0000 08B5     		push	{r3, lr}
  33              	.LCFI0:
  34              		.cfi_def_cfa_offset 8
  35              		.cfi_offset 3, -8
  36              		.cfi_offset 14, -4
 605:USB/core/usbd_cdc_core.c ****   if (cdcCmd != NO_CMD)
  37              		.loc 1 605 0
  38 0002 074B     		ldr	r3, .L4
  39 0004 1868     		ldr	r0, [r3]
  40              	.LVL1:
  41 0006 FF28     		cmp	r0, #255
  42 0008 08D0     		beq	.L2
 606:USB/core/usbd_cdc_core.c ****   {
 607:USB/core/usbd_cdc_core.c ****     /* Process the data */
 608:USB/core/usbd_cdc_core.c ****     APP_FOPS.pIf_Ctrl(cdcCmd, CmdBuff, cdcLen);
  43              		.loc 1 608 0
  44 000a 064B     		ldr	r3, .L4+4
  45 000c 9B68     		ldr	r3, [r3, #8]
  46 000e 064A     		ldr	r2, .L4+8
  47 0010 1268     		ldr	r2, [r2]
  48 0012 0649     		ldr	r1, .L4+12
  49 0014 9847     		blx	r3
  50              	.LVL2:
 609:USB/core/usbd_cdc_core.c ****     
 610:USB/core/usbd_cdc_core.c ****     /* Reset the command variable to default value */
 611:USB/core/usbd_cdc_core.c ****     cdcCmd = NO_CMD;
  51              		.loc 1 611 0
  52 0016 FF22     		movs	r2, #255
  53 0018 014B     		ldr	r3, .L4
  54 001a 1A60     		str	r2, [r3]
  55              	.L2:
 612:USB/core/usbd_cdc_core.c ****   }
 613:USB/core/usbd_cdc_core.c ****   
 614:USB/core/usbd_cdc_core.c ****   return USBD_OK;
 615:USB/core/usbd_cdc_core.c **** }
  56              		.loc 1 615 0
  57 001c 0020     		movs	r0, #0
  58 001e 08BD     		pop	{r3, pc}
  59              	.L5:
  60              		.align	2
  61              	.L4:
  62 0020 00000000 		.word	.LANCHOR0
  63 0024 00000000 		.word	VCP_fops
  64 0028 00000000 		.word	.LANCHOR1
  65 002c 00000000 		.word	CmdBuff
  66              		.cfi_endproc
  67              	.LFE127:
  69              		.section	.text.USBD_cdc_GetCfgDesc,"ax",%progbits
  70              		.align	1
  71              		.syntax unified
ARM GAS  /tmp/ccqzhRxn.s 			page 13


  72              		.thumb
  73              		.thumb_func
  74              		.fpu fpv4-sp-d16
  76              	USBD_cdc_GetCfgDesc:
  77              	.LFB132:
 616:USB/core/usbd_cdc_core.c **** 
 617:USB/core/usbd_cdc_core.c **** /**
 618:USB/core/usbd_cdc_core.c ****   * @brief  usbd_audio_DataIn
 619:USB/core/usbd_cdc_core.c ****   *         Data sent on non-control IN endpoint
 620:USB/core/usbd_cdc_core.c ****   * @param  pdev: device instance
 621:USB/core/usbd_cdc_core.c ****   * @param  epnum: endpoint number
 622:USB/core/usbd_cdc_core.c ****   * @retval status
 623:USB/core/usbd_cdc_core.c ****   */
 624:USB/core/usbd_cdc_core.c **** static uint8_t  usbd_cdc_DataIn (void *pdev, uint8_t epnum)
 625:USB/core/usbd_cdc_core.c **** {
 626:USB/core/usbd_cdc_core.c ****   uint16_t USB_Tx_ptr;
 627:USB/core/usbd_cdc_core.c ****   uint16_t USB_Tx_length;
 628:USB/core/usbd_cdc_core.c **** 
 629:USB/core/usbd_cdc_core.c ****   if (USB_Tx_State == 1)
 630:USB/core/usbd_cdc_core.c ****   {
 631:USB/core/usbd_cdc_core.c ****     if (APP_Rx_length == 0) 
 632:USB/core/usbd_cdc_core.c ****     {
 633:USB/core/usbd_cdc_core.c ****       USB_Tx_State = 0;
 634:USB/core/usbd_cdc_core.c ****     }
 635:USB/core/usbd_cdc_core.c ****     else 
 636:USB/core/usbd_cdc_core.c ****     {
 637:USB/core/usbd_cdc_core.c ****       if (APP_Rx_length > CDC_DATA_IN_PACKET_SIZE){
 638:USB/core/usbd_cdc_core.c ****         USB_Tx_ptr = APP_Rx_ptr_out;
 639:USB/core/usbd_cdc_core.c ****         USB_Tx_length = CDC_DATA_IN_PACKET_SIZE;
 640:USB/core/usbd_cdc_core.c ****         
 641:USB/core/usbd_cdc_core.c ****         APP_Rx_ptr_out += CDC_DATA_IN_PACKET_SIZE;
 642:USB/core/usbd_cdc_core.c ****         APP_Rx_length -= CDC_DATA_IN_PACKET_SIZE;    
 643:USB/core/usbd_cdc_core.c ****       }
 644:USB/core/usbd_cdc_core.c ****       else 
 645:USB/core/usbd_cdc_core.c ****       {
 646:USB/core/usbd_cdc_core.c ****         USB_Tx_ptr = APP_Rx_ptr_out;
 647:USB/core/usbd_cdc_core.c ****         USB_Tx_length = APP_Rx_length;
 648:USB/core/usbd_cdc_core.c ****         
 649:USB/core/usbd_cdc_core.c ****         APP_Rx_ptr_out += APP_Rx_length;
 650:USB/core/usbd_cdc_core.c ****         APP_Rx_length = 0;
 651:USB/core/usbd_cdc_core.c ****       }
 652:USB/core/usbd_cdc_core.c ****       
 653:USB/core/usbd_cdc_core.c ****       /* Prepare the available data buffer to be sent on IN endpoint */
 654:USB/core/usbd_cdc_core.c ****       DCD_EP_Tx (pdev,
 655:USB/core/usbd_cdc_core.c ****                  CDC_IN_EP,
 656:USB/core/usbd_cdc_core.c ****                  (uint8_t*)&APP_Rx_Buffer[USB_Tx_ptr],
 657:USB/core/usbd_cdc_core.c ****                  USB_Tx_length);
 658:USB/core/usbd_cdc_core.c ****     }
 659:USB/core/usbd_cdc_core.c ****   }  
 660:USB/core/usbd_cdc_core.c ****   
 661:USB/core/usbd_cdc_core.c ****   return USBD_OK;
 662:USB/core/usbd_cdc_core.c **** }
 663:USB/core/usbd_cdc_core.c **** 
 664:USB/core/usbd_cdc_core.c **** /**
 665:USB/core/usbd_cdc_core.c ****   * @brief  usbd_cdc_DataOut
 666:USB/core/usbd_cdc_core.c ****   *         Data received on non-control Out endpoint
 667:USB/core/usbd_cdc_core.c ****   * @param  pdev: device instance
ARM GAS  /tmp/ccqzhRxn.s 			page 14


 668:USB/core/usbd_cdc_core.c ****   * @param  epnum: endpoint number
 669:USB/core/usbd_cdc_core.c ****   * @retval status
 670:USB/core/usbd_cdc_core.c ****   */
 671:USB/core/usbd_cdc_core.c **** static uint8_t  usbd_cdc_DataOut (void *pdev, uint8_t epnum)
 672:USB/core/usbd_cdc_core.c **** {      
 673:USB/core/usbd_cdc_core.c ****   uint16_t USB_Rx_Cnt;
 674:USB/core/usbd_cdc_core.c ****   
 675:USB/core/usbd_cdc_core.c ****   /* Get the received data buffer and update the counter */
 676:USB/core/usbd_cdc_core.c ****   USB_Rx_Cnt = ((USB_OTG_CORE_HANDLE*)pdev)->dev.out_ep[epnum].xfer_count;
 677:USB/core/usbd_cdc_core.c ****   
 678:USB/core/usbd_cdc_core.c ****   /* USB data will be immediately processed, this allow next USB traffic being 
 679:USB/core/usbd_cdc_core.c ****      NAKed till the end of the application Xfer */
 680:USB/core/usbd_cdc_core.c ****   APP_FOPS.pIf_DataRx(USB_Rx_Buffer, USB_Rx_Cnt);
 681:USB/core/usbd_cdc_core.c ****   
 682:USB/core/usbd_cdc_core.c ****   /* Prepare Out endpoint to receive next packet */
 683:USB/core/usbd_cdc_core.c ****   DCD_EP_PrepareRx(pdev,
 684:USB/core/usbd_cdc_core.c ****                    CDC_OUT_EP,
 685:USB/core/usbd_cdc_core.c ****                    (uint8_t*)(USB_Rx_Buffer),
 686:USB/core/usbd_cdc_core.c ****                    CDC_DATA_OUT_PACKET_SIZE);
 687:USB/core/usbd_cdc_core.c **** 
 688:USB/core/usbd_cdc_core.c ****   return USBD_OK;
 689:USB/core/usbd_cdc_core.c **** }
 690:USB/core/usbd_cdc_core.c **** 
 691:USB/core/usbd_cdc_core.c **** /**
 692:USB/core/usbd_cdc_core.c ****   * @brief  usbd_audio_SOF
 693:USB/core/usbd_cdc_core.c ****   *         Start Of Frame event management
 694:USB/core/usbd_cdc_core.c ****   * @param  pdev: instance
 695:USB/core/usbd_cdc_core.c ****   * @param  epnum: endpoint number
 696:USB/core/usbd_cdc_core.c ****   * @retval status
 697:USB/core/usbd_cdc_core.c ****   */
 698:USB/core/usbd_cdc_core.c **** static uint8_t  usbd_cdc_SOF (void *pdev)
 699:USB/core/usbd_cdc_core.c **** {      
 700:USB/core/usbd_cdc_core.c ****   static uint32_t FrameCount = 0;
 701:USB/core/usbd_cdc_core.c ****   
 702:USB/core/usbd_cdc_core.c ****   if (FrameCount++ == CDC_IN_FRAME_INTERVAL)
 703:USB/core/usbd_cdc_core.c ****   {
 704:USB/core/usbd_cdc_core.c ****     /* Reset the frame counter */
 705:USB/core/usbd_cdc_core.c ****     FrameCount = 0;
 706:USB/core/usbd_cdc_core.c ****     
 707:USB/core/usbd_cdc_core.c ****     /* Check the data to be sent through IN pipe */
 708:USB/core/usbd_cdc_core.c ****     Handle_USBAsynchXfer(pdev);
 709:USB/core/usbd_cdc_core.c ****   }
 710:USB/core/usbd_cdc_core.c ****   
 711:USB/core/usbd_cdc_core.c ****   return USBD_OK;
 712:USB/core/usbd_cdc_core.c **** }
 713:USB/core/usbd_cdc_core.c **** 
 714:USB/core/usbd_cdc_core.c **** /**
 715:USB/core/usbd_cdc_core.c ****   * @brief  Handle_USBAsynchXfer
 716:USB/core/usbd_cdc_core.c ****   *         Send data to USB
 717:USB/core/usbd_cdc_core.c ****   * @param  pdev: instance
 718:USB/core/usbd_cdc_core.c ****   * @retval None
 719:USB/core/usbd_cdc_core.c ****   */
 720:USB/core/usbd_cdc_core.c **** static void Handle_USBAsynchXfer (void *pdev)
 721:USB/core/usbd_cdc_core.c **** {
 722:USB/core/usbd_cdc_core.c ****   uint16_t USB_Tx_ptr;
 723:USB/core/usbd_cdc_core.c ****   uint16_t USB_Tx_length;
 724:USB/core/usbd_cdc_core.c ****   
ARM GAS  /tmp/ccqzhRxn.s 			page 15


 725:USB/core/usbd_cdc_core.c ****   if(USB_Tx_State != 1)
 726:USB/core/usbd_cdc_core.c ****   {
 727:USB/core/usbd_cdc_core.c ****     if (APP_Rx_ptr_out == APP_RX_DATA_SIZE)
 728:USB/core/usbd_cdc_core.c ****     {
 729:USB/core/usbd_cdc_core.c ****       APP_Rx_ptr_out = 0;
 730:USB/core/usbd_cdc_core.c ****     }
 731:USB/core/usbd_cdc_core.c ****     
 732:USB/core/usbd_cdc_core.c ****     if(APP_Rx_ptr_out == APP_Rx_ptr_in) 
 733:USB/core/usbd_cdc_core.c ****     {
 734:USB/core/usbd_cdc_core.c ****       USB_Tx_State = 0; 
 735:USB/core/usbd_cdc_core.c ****       return;
 736:USB/core/usbd_cdc_core.c ****     }
 737:USB/core/usbd_cdc_core.c ****     
 738:USB/core/usbd_cdc_core.c ****     if(APP_Rx_ptr_out > APP_Rx_ptr_in) /* rollback */
 739:USB/core/usbd_cdc_core.c ****     { 
 740:USB/core/usbd_cdc_core.c ****       APP_Rx_length = APP_RX_DATA_SIZE - APP_Rx_ptr_out;
 741:USB/core/usbd_cdc_core.c ****     
 742:USB/core/usbd_cdc_core.c ****     }
 743:USB/core/usbd_cdc_core.c ****     else 
 744:USB/core/usbd_cdc_core.c ****     {
 745:USB/core/usbd_cdc_core.c ****       APP_Rx_length = APP_Rx_ptr_in - APP_Rx_ptr_out;
 746:USB/core/usbd_cdc_core.c ****      
 747:USB/core/usbd_cdc_core.c ****     }
 748:USB/core/usbd_cdc_core.c **** #ifdef USB_OTG_HS_INTERNAL_DMA_ENABLED
 749:USB/core/usbd_cdc_core.c ****      APP_Rx_length &= ~0x03;
 750:USB/core/usbd_cdc_core.c **** #endif /* USB_OTG_HS_INTERNAL_DMA_ENABLED */
 751:USB/core/usbd_cdc_core.c ****     
 752:USB/core/usbd_cdc_core.c ****     if (APP_Rx_length > CDC_DATA_IN_PACKET_SIZE)
 753:USB/core/usbd_cdc_core.c ****     {
 754:USB/core/usbd_cdc_core.c ****       USB_Tx_ptr = APP_Rx_ptr_out;
 755:USB/core/usbd_cdc_core.c ****       USB_Tx_length = CDC_DATA_IN_PACKET_SIZE;
 756:USB/core/usbd_cdc_core.c ****       
 757:USB/core/usbd_cdc_core.c ****       APP_Rx_ptr_out += CDC_DATA_IN_PACKET_SIZE;	
 758:USB/core/usbd_cdc_core.c ****       APP_Rx_length -= CDC_DATA_IN_PACKET_SIZE;
 759:USB/core/usbd_cdc_core.c ****     }
 760:USB/core/usbd_cdc_core.c ****     else
 761:USB/core/usbd_cdc_core.c ****     {
 762:USB/core/usbd_cdc_core.c ****       USB_Tx_ptr = APP_Rx_ptr_out;
 763:USB/core/usbd_cdc_core.c ****       USB_Tx_length = APP_Rx_length;
 764:USB/core/usbd_cdc_core.c ****       
 765:USB/core/usbd_cdc_core.c ****       APP_Rx_ptr_out += APP_Rx_length;
 766:USB/core/usbd_cdc_core.c ****       APP_Rx_length = 0;
 767:USB/core/usbd_cdc_core.c ****     }
 768:USB/core/usbd_cdc_core.c ****     USB_Tx_State = 1; 
 769:USB/core/usbd_cdc_core.c **** 
 770:USB/core/usbd_cdc_core.c ****     DCD_EP_Tx (pdev,
 771:USB/core/usbd_cdc_core.c ****                CDC_IN_EP,
 772:USB/core/usbd_cdc_core.c ****                (uint8_t*)&APP_Rx_Buffer[USB_Tx_ptr],
 773:USB/core/usbd_cdc_core.c ****                USB_Tx_length);
 774:USB/core/usbd_cdc_core.c ****   }  
 775:USB/core/usbd_cdc_core.c ****   
 776:USB/core/usbd_cdc_core.c **** }
 777:USB/core/usbd_cdc_core.c **** 
 778:USB/core/usbd_cdc_core.c **** /**
 779:USB/core/usbd_cdc_core.c ****   * @brief  USBD_cdc_GetCfgDesc 
 780:USB/core/usbd_cdc_core.c ****   *         Return configuration descriptor
 781:USB/core/usbd_cdc_core.c ****   * @param  speed : current device speed
ARM GAS  /tmp/ccqzhRxn.s 			page 16


 782:USB/core/usbd_cdc_core.c ****   * @param  length : pointer data length
 783:USB/core/usbd_cdc_core.c ****   * @retval pointer to descriptor buffer
 784:USB/core/usbd_cdc_core.c ****   */
 785:USB/core/usbd_cdc_core.c **** static uint8_t  *USBD_cdc_GetCfgDesc (uint8_t speed, uint16_t *length)
 786:USB/core/usbd_cdc_core.c **** {
  78              		.loc 1 786 0
  79              		.cfi_startproc
  80              		@ args = 0, pretend = 0, frame = 0
  81              		@ frame_needed = 0, uses_anonymous_args = 0
  82              		@ link register save eliminated.
  83              	.LVL3:
 787:USB/core/usbd_cdc_core.c ****   *length = sizeof (usbd_cdc_CfgDesc);
  84              		.loc 1 787 0
  85 0000 4323     		movs	r3, #67
  86 0002 0B80     		strh	r3, [r1]	@ movhi
 788:USB/core/usbd_cdc_core.c ****   return usbd_cdc_CfgDesc;
 789:USB/core/usbd_cdc_core.c **** }
  87              		.loc 1 789 0
  88 0004 0048     		ldr	r0, .L7
  89              	.LVL4:
  90 0006 7047     		bx	lr
  91              	.L8:
  92              		.align	2
  93              	.L7:
  94 0008 00000000 		.word	.LANCHOR2
  95              		.cfi_endproc
  96              	.LFE132:
  98              		.section	.text.Handle_USBAsynchXfer,"ax",%progbits
  99              		.align	1
 100              		.syntax unified
 101              		.thumb
 102              		.thumb_func
 103              		.fpu fpv4-sp-d16
 105              	Handle_USBAsynchXfer:
 106              	.LFB131:
 721:USB/core/usbd_cdc_core.c ****   uint16_t USB_Tx_ptr;
 107              		.loc 1 721 0
 108              		.cfi_startproc
 109              		@ args = 0, pretend = 0, frame = 0
 110              		@ frame_needed = 0, uses_anonymous_args = 0
 111              	.LVL5:
 112 0000 38B5     		push	{r3, r4, r5, lr}
 113              	.LCFI1:
 114              		.cfi_def_cfa_offset 16
 115              		.cfi_offset 3, -16
 116              		.cfi_offset 4, -12
 117              		.cfi_offset 5, -8
 118              		.cfi_offset 14, -4
 725:USB/core/usbd_cdc_core.c ****   {
 119              		.loc 1 725 0
 120 0002 1F4B     		ldr	r3, .L20
 121 0004 1B78     		ldrb	r3, [r3]	@ zero_extendqisi2
 122 0006 012B     		cmp	r3, #1
 123 0008 24D0     		beq	.L9
 727:USB/core/usbd_cdc_core.c ****     {
 124              		.loc 1 727 0
 125 000a 1E4B     		ldr	r3, .L20+4
ARM GAS  /tmp/ccqzhRxn.s 			page 17


 126 000c 1B68     		ldr	r3, [r3]
 127 000e B3F5006F 		cmp	r3, #2048
 128 0012 20D0     		beq	.L18
 129              	.L11:
 732:USB/core/usbd_cdc_core.c ****     {
 130              		.loc 1 732 0
 131 0014 1B4B     		ldr	r3, .L20+4
 132 0016 1968     		ldr	r1, [r3]
 133 0018 1B4B     		ldr	r3, .L20+8
 134 001a 1B68     		ldr	r3, [r3]
 135 001c 9942     		cmp	r1, r3
 136 001e 1ED0     		beq	.L19
 738:USB/core/usbd_cdc_core.c ****     { 
 137              		.loc 1 738 0
 138 0020 9942     		cmp	r1, r3
 139 0022 20D9     		bls	.L13
 740:USB/core/usbd_cdc_core.c ****     
 140              		.loc 1 740 0
 141 0024 C1F50063 		rsb	r3, r1, #2048
 142 0028 184A     		ldr	r2, .L20+12
 143 002a 1360     		str	r3, [r2]
 144              	.L14:
 752:USB/core/usbd_cdc_core.c ****     {
 145              		.loc 1 752 0
 146 002c 174B     		ldr	r3, .L20+12
 147 002e 1C68     		ldr	r4, [r3]
 148 0030 402C     		cmp	r4, #64
 149 0032 1CD9     		bls	.L15
 754:USB/core/usbd_cdc_core.c ****       USB_Tx_length = CDC_DATA_IN_PACKET_SIZE;
 150              		.loc 1 754 0
 151 0034 8DB2     		uxth	r5, r1
 152              	.LVL6:
 757:USB/core/usbd_cdc_core.c ****       APP_Rx_length -= CDC_DATA_IN_PACKET_SIZE;
 153              		.loc 1 757 0
 154 0036 4031     		adds	r1, r1, #64
 155 0038 124B     		ldr	r3, .L20+4
 156 003a 1960     		str	r1, [r3]
 758:USB/core/usbd_cdc_core.c ****     }
 157              		.loc 1 758 0
 158 003c 403C     		subs	r4, r4, #64
 159 003e 134B     		ldr	r3, .L20+12
 160 0040 1C60     		str	r4, [r3]
 755:USB/core/usbd_cdc_core.c ****       
 161              		.loc 1 755 0
 162 0042 4023     		movs	r3, #64
 163              	.LVL7:
 164              	.L16:
 768:USB/core/usbd_cdc_core.c **** 
 165              		.loc 1 768 0
 166 0044 0124     		movs	r4, #1
 167 0046 0E49     		ldr	r1, .L20
 168 0048 0C70     		strb	r4, [r1]
 770:USB/core/usbd_cdc_core.c ****                CDC_IN_EP,
 169              		.loc 1 770 0
 170 004a 114A     		ldr	r2, .L20+16
 171 004c 2A44     		add	r2, r2, r5
 172 004e 8121     		movs	r1, #129
ARM GAS  /tmp/ccqzhRxn.s 			page 18


 173 0050 FFF7FEFF 		bl	DCD_EP_Tx
 174              	.LVL8:
 175              	.L9:
 176 0054 38BD     		pop	{r3, r4, r5, pc}
 177              	.LVL9:
 178              	.L18:
 729:USB/core/usbd_cdc_core.c ****     }
 179              		.loc 1 729 0
 180 0056 0022     		movs	r2, #0
 181 0058 0A4B     		ldr	r3, .L20+4
 182 005a 1A60     		str	r2, [r3]
 183 005c DAE7     		b	.L11
 184              	.L19:
 734:USB/core/usbd_cdc_core.c ****       return;
 185              		.loc 1 734 0
 186 005e 0022     		movs	r2, #0
 187 0060 074B     		ldr	r3, .L20
 188 0062 1A70     		strb	r2, [r3]
 735:USB/core/usbd_cdc_core.c ****     }
 189              		.loc 1 735 0
 190 0064 38BD     		pop	{r3, r4, r5, pc}
 191              	.L13:
 745:USB/core/usbd_cdc_core.c ****      
 192              		.loc 1 745 0
 193 0066 5B1A     		subs	r3, r3, r1
 194 0068 084A     		ldr	r2, .L20+12
 195 006a 1360     		str	r3, [r2]
 196 006c DEE7     		b	.L14
 197              	.L15:
 762:USB/core/usbd_cdc_core.c ****       USB_Tx_length = APP_Rx_length;
 198              		.loc 1 762 0
 199 006e 8DB2     		uxth	r5, r1
 200              	.LVL10:
 763:USB/core/usbd_cdc_core.c ****       
 201              		.loc 1 763 0
 202 0070 A3B2     		uxth	r3, r4
 203              	.LVL11:
 765:USB/core/usbd_cdc_core.c ****       APP_Rx_length = 0;
 204              		.loc 1 765 0
 205 0072 2144     		add	r1, r1, r4
 206 0074 034A     		ldr	r2, .L20+4
 207 0076 1160     		str	r1, [r2]
 766:USB/core/usbd_cdc_core.c ****     }
 208              		.loc 1 766 0
 209 0078 0021     		movs	r1, #0
 210 007a 044A     		ldr	r2, .L20+12
 211 007c 1160     		str	r1, [r2]
 212 007e E1E7     		b	.L16
 213              	.L21:
 214              		.align	2
 215              	.L20:
 216 0080 00000000 		.word	.LANCHOR3
 217 0084 00000000 		.word	.LANCHOR4
 218 0088 00000000 		.word	.LANCHOR5
 219 008c 00000000 		.word	.LANCHOR6
 220 0090 00000000 		.word	APP_Rx_Buffer
 221              		.cfi_endproc
ARM GAS  /tmp/ccqzhRxn.s 			page 19


 222              	.LFE131:
 224              		.section	.text.usbd_cdc_SOF,"ax",%progbits
 225              		.align	1
 226              		.syntax unified
 227              		.thumb
 228              		.thumb_func
 229              		.fpu fpv4-sp-d16
 231              	usbd_cdc_SOF:
 232              	.LFB130:
 699:USB/core/usbd_cdc_core.c ****   static uint32_t FrameCount = 0;
 233              		.loc 1 699 0
 234              		.cfi_startproc
 235              		@ args = 0, pretend = 0, frame = 0
 236              		@ frame_needed = 0, uses_anonymous_args = 0
 237              	.LVL12:
 238 0000 08B5     		push	{r3, lr}
 239              	.LCFI2:
 240              		.cfi_def_cfa_offset 8
 241              		.cfi_offset 3, -8
 242              		.cfi_offset 14, -4
 702:USB/core/usbd_cdc_core.c ****   {
 243              		.loc 1 702 0
 244 0002 074A     		ldr	r2, .L26
 245 0004 1368     		ldr	r3, [r2]
 246 0006 591C     		adds	r1, r3, #1
 247 0008 1160     		str	r1, [r2]
 248 000a 052B     		cmp	r3, #5
 249 000c 01D0     		beq	.L25
 250              	.LVL13:
 251              	.L23:
 712:USB/core/usbd_cdc_core.c **** 
 252              		.loc 1 712 0
 253 000e 0020     		movs	r0, #0
 254 0010 08BD     		pop	{r3, pc}
 255              	.LVL14:
 256              	.L25:
 705:USB/core/usbd_cdc_core.c ****     
 257              		.loc 1 705 0
 258 0012 0022     		movs	r2, #0
 259 0014 024B     		ldr	r3, .L26
 260 0016 1A60     		str	r2, [r3]
 708:USB/core/usbd_cdc_core.c ****   }
 261              		.loc 1 708 0
 262 0018 FFF7FEFF 		bl	Handle_USBAsynchXfer
 263              	.LVL15:
 264 001c F7E7     		b	.L23
 265              	.L27:
 266 001e 00BF     		.align	2
 267              	.L26:
 268 0020 00000000 		.word	.LANCHOR7
 269              		.cfi_endproc
 270              	.LFE130:
 272              		.section	.text.usbd_cdc_DataIn,"ax",%progbits
 273              		.align	1
 274              		.syntax unified
 275              		.thumb
 276              		.thumb_func
ARM GAS  /tmp/ccqzhRxn.s 			page 20


 277              		.fpu fpv4-sp-d16
 279              	usbd_cdc_DataIn:
 280              	.LFB128:
 625:USB/core/usbd_cdc_core.c ****   uint16_t USB_Tx_ptr;
 281              		.loc 1 625 0
 282              		.cfi_startproc
 283              		@ args = 0, pretend = 0, frame = 0
 284              		@ frame_needed = 0, uses_anonymous_args = 0
 285              	.LVL16:
 286 0000 38B5     		push	{r3, r4, r5, lr}
 287              	.LCFI3:
 288              		.cfi_def_cfa_offset 16
 289              		.cfi_offset 3, -16
 290              		.cfi_offset 4, -12
 291              		.cfi_offset 5, -8
 292              		.cfi_offset 14, -4
 629:USB/core/usbd_cdc_core.c ****   {
 293              		.loc 1 629 0
 294 0002 144B     		ldr	r3, .L36
 295 0004 1B78     		ldrb	r3, [r3]	@ zero_extendqisi2
 296 0006 012B     		cmp	r3, #1
 297 0008 01D0     		beq	.L34
 298              	.LVL17:
 299              	.L29:
 662:USB/core/usbd_cdc_core.c **** 
 300              		.loc 1 662 0
 301 000a 0020     		movs	r0, #0
 302 000c 38BD     		pop	{r3, r4, r5, pc}
 303              	.LVL18:
 304              	.L34:
 631:USB/core/usbd_cdc_core.c ****     {
 305              		.loc 1 631 0
 306 000e 124B     		ldr	r3, .L36+4
 307 0010 1968     		ldr	r1, [r3]
 308              	.LVL19:
 309 0012 81B1     		cbz	r1, .L35
 637:USB/core/usbd_cdc_core.c ****         USB_Tx_ptr = APP_Rx_ptr_out;
 310              		.loc 1 637 0
 311 0014 4029     		cmp	r1, #64
 312 0016 12D9     		bls	.L31
 638:USB/core/usbd_cdc_core.c ****         USB_Tx_length = CDC_DATA_IN_PACKET_SIZE;
 313              		.loc 1 638 0
 314 0018 104C     		ldr	r4, .L36+8
 315 001a 2368     		ldr	r3, [r4]
 316 001c 9AB2     		uxth	r2, r3
 317              	.LVL20:
 641:USB/core/usbd_cdc_core.c ****         APP_Rx_length -= CDC_DATA_IN_PACKET_SIZE;    
 318              		.loc 1 641 0
 319 001e 4033     		adds	r3, r3, #64
 320 0020 2360     		str	r3, [r4]
 642:USB/core/usbd_cdc_core.c ****       }
 321              		.loc 1 642 0
 322 0022 4039     		subs	r1, r1, #64
 323 0024 0C4B     		ldr	r3, .L36+4
 324 0026 1960     		str	r1, [r3]
 639:USB/core/usbd_cdc_core.c ****         
 325              		.loc 1 639 0
ARM GAS  /tmp/ccqzhRxn.s 			page 21


 326 0028 4023     		movs	r3, #64
 327              	.LVL21:
 328              	.L32:
 654:USB/core/usbd_cdc_core.c ****                  CDC_IN_EP,
 329              		.loc 1 654 0
 330 002a 0D49     		ldr	r1, .L36+12
 331 002c 0A44     		add	r2, r2, r1
 332              	.LVL22:
 333 002e 8121     		movs	r1, #129
 334 0030 FFF7FEFF 		bl	DCD_EP_Tx
 335              	.LVL23:
 336 0034 E9E7     		b	.L29
 337              	.LVL24:
 338              	.L35:
 633:USB/core/usbd_cdc_core.c ****     }
 339              		.loc 1 633 0
 340 0036 0022     		movs	r2, #0
 341 0038 064B     		ldr	r3, .L36
 342 003a 1A70     		strb	r2, [r3]
 343 003c E5E7     		b	.L29
 344              	.L31:
 646:USB/core/usbd_cdc_core.c ****         USB_Tx_length = APP_Rx_length;
 345              		.loc 1 646 0
 346 003e 074C     		ldr	r4, .L36+8
 347 0040 2568     		ldr	r5, [r4]
 348 0042 AAB2     		uxth	r2, r5
 349              	.LVL25:
 647:USB/core/usbd_cdc_core.c ****         
 350              		.loc 1 647 0
 351 0044 8BB2     		uxth	r3, r1
 352              	.LVL26:
 649:USB/core/usbd_cdc_core.c ****         APP_Rx_length = 0;
 353              		.loc 1 649 0
 354 0046 2944     		add	r1, r1, r5
 355 0048 2160     		str	r1, [r4]
 650:USB/core/usbd_cdc_core.c ****       }
 356              		.loc 1 650 0
 357 004a 0024     		movs	r4, #0
 358 004c 0249     		ldr	r1, .L36+4
 359 004e 0C60     		str	r4, [r1]
 360 0050 EBE7     		b	.L32
 361              	.L37:
 362 0052 00BF     		.align	2
 363              	.L36:
 364 0054 00000000 		.word	.LANCHOR3
 365 0058 00000000 		.word	.LANCHOR6
 366 005c 00000000 		.word	.LANCHOR4
 367 0060 00000000 		.word	APP_Rx_Buffer
 368              		.cfi_endproc
 369              	.LFE128:
 371              		.section	.text.usbd_cdc_DataOut,"ax",%progbits
 372              		.align	1
 373              		.syntax unified
 374              		.thumb
 375              		.thumb_func
 376              		.fpu fpv4-sp-d16
 378              	usbd_cdc_DataOut:
ARM GAS  /tmp/ccqzhRxn.s 			page 22


 379              	.LFB129:
 672:USB/core/usbd_cdc_core.c ****   uint16_t USB_Rx_Cnt;
 380              		.loc 1 672 0
 381              		.cfi_startproc
 382              		@ args = 0, pretend = 0, frame = 0
 383              		@ frame_needed = 0, uses_anonymous_args = 0
 384              	.LVL27:
 385 0000 38B5     		push	{r3, r4, r5, lr}
 386              	.LCFI4:
 387              		.cfi_def_cfa_offset 16
 388              		.cfi_offset 3, -16
 389              		.cfi_offset 4, -12
 390              		.cfi_offset 5, -8
 391              		.cfi_offset 14, -4
 392 0002 0446     		mov	r4, r0
 676:USB/core/usbd_cdc_core.c ****   
 393              		.loc 1 676 0
 394 0004 01EB8101 		add	r1, r1, r1, lsl #2
 395              	.LVL28:
 396 0008 CB00     		lsls	r3, r1, #3
 397 000a 0344     		add	r3, r3, r0
 398              	.LVL29:
 680:USB/core/usbd_cdc_core.c ****   
 399              		.loc 1 680 0
 400 000c 074A     		ldr	r2, .L40
 401 000e 1269     		ldr	r2, [r2, #16]
 402 0010 074D     		ldr	r5, .L40+4
 403 0012 B3F88C13 		ldrh	r1, [r3, #908]
 404 0016 2846     		mov	r0, r5
 405              	.LVL30:
 406 0018 9047     		blx	r2
 407              	.LVL31:
 683:USB/core/usbd_cdc_core.c ****                    CDC_OUT_EP,
 408              		.loc 1 683 0
 409 001a 4023     		movs	r3, #64
 410 001c 2A46     		mov	r2, r5
 411 001e 0121     		movs	r1, #1
 412 0020 2046     		mov	r0, r4
 413 0022 FFF7FEFF 		bl	DCD_EP_PrepareRx
 414              	.LVL32:
 689:USB/core/usbd_cdc_core.c **** 
 415              		.loc 1 689 0
 416 0026 0020     		movs	r0, #0
 417 0028 38BD     		pop	{r3, r4, r5, pc}
 418              	.LVL33:
 419              	.L41:
 420 002a 00BF     		.align	2
 421              	.L40:
 422 002c 00000000 		.word	VCP_fops
 423 0030 00000000 		.word	USB_Rx_Buffer
 424              		.cfi_endproc
 425              	.LFE129:
 427              		.section	.text.usbd_cdc_Setup,"ax",%progbits
 428              		.align	1
 429              		.syntax unified
 430              		.thumb
 431              		.thumb_func
ARM GAS  /tmp/ccqzhRxn.s 			page 23


 432              		.fpu fpv4-sp-d16
 434              	usbd_cdc_Setup:
 435              	.LFB126:
 505:USB/core/usbd_cdc_core.c ****   uint16_t len=USB_CDC_DESC_SIZ;
 436              		.loc 1 505 0
 437              		.cfi_startproc
 438              		@ args = 0, pretend = 0, frame = 0
 439              		@ frame_needed = 0, uses_anonymous_args = 0
 440              	.LVL34:
 441 0000 70B5     		push	{r4, r5, r6, lr}
 442              	.LCFI5:
 443              		.cfi_def_cfa_offset 16
 444              		.cfi_offset 4, -16
 445              		.cfi_offset 5, -12
 446              		.cfi_offset 6, -8
 447              		.cfi_offset 14, -4
 448 0002 0546     		mov	r5, r0
 449 0004 0C46     		mov	r4, r1
 450              	.LVL35:
 509:USB/core/usbd_cdc_core.c ****   {
 451              		.loc 1 509 0
 452 0006 0B78     		ldrb	r3, [r1]	@ zero_extendqisi2
 453 0008 13F06002 		ands	r2, r3, #96
 454 000c 29D0     		beq	.L44
 455 000e 202A     		cmp	r2, #32
 456 0010 23D1     		bne	.L56
 514:USB/core/usbd_cdc_core.c ****       {
 457              		.loc 1 514 0
 458 0012 CA88     		ldrh	r2, [r1, #6]
 459 0014 CAB1     		cbz	r2, .L46
 517:USB/core/usbd_cdc_core.c ****         {
 460              		.loc 1 517 0
 461 0016 13F0800F 		tst	r3, #128
 462 001a 09D1     		bne	.L59
 530:USB/core/usbd_cdc_core.c ****           cdcLen = req->wLength;
 463              		.loc 1 530 0
 464 001c 4978     		ldrb	r1, [r1, #1]	@ zero_extendqisi2
 465              	.LVL36:
 466 001e 264B     		ldr	r3, .L62
 467 0020 1960     		str	r1, [r3]
 531:USB/core/usbd_cdc_core.c ****           
 468              		.loc 1 531 0
 469 0022 264B     		ldr	r3, .L62+4
 470 0024 1A60     		str	r2, [r3]
 536:USB/core/usbd_cdc_core.c ****                              CmdBuff,
 471              		.loc 1 536 0
 472 0026 2649     		ldr	r1, .L62+8
 473 0028 FFF7FEFF 		bl	USBD_CtlPrepareRx
 474              	.LVL37:
 547:USB/core/usbd_cdc_core.c ****       
 475              		.loc 1 547 0
 476 002c 0020     		movs	r0, #0
 477 002e 70BD     		pop	{r4, r5, r6, pc}
 478              	.LVL38:
 479              	.L59:
 520:USB/core/usbd_cdc_core.c ****           
 480              		.loc 1 520 0
ARM GAS  /tmp/ccqzhRxn.s 			page 24


 481 0030 244B     		ldr	r3, .L62+12
 482 0032 9B68     		ldr	r3, [r3, #8]
 483 0034 224E     		ldr	r6, .L62+8
 484 0036 3146     		mov	r1, r6
 485              	.LVL39:
 486 0038 6078     		ldrb	r0, [r4, #1]	@ zero_extendqisi2
 487              	.LVL40:
 488 003a 9847     		blx	r3
 489              	.LVL41:
 523:USB/core/usbd_cdc_core.c ****                             CmdBuff,
 490              		.loc 1 523 0
 491 003c E288     		ldrh	r2, [r4, #6]
 492 003e 3146     		mov	r1, r6
 493 0040 2846     		mov	r0, r5
 494 0042 FFF7FEFF 		bl	USBD_CtlSendData
 495              	.LVL42:
 547:USB/core/usbd_cdc_core.c ****       
 496              		.loc 1 547 0
 497 0046 0020     		movs	r0, #0
 498 0048 70BD     		pop	{r4, r5, r6, pc}
 499              	.LVL43:
 500              	.L46:
 544:USB/core/usbd_cdc_core.c ****       }
 501              		.loc 1 544 0
 502 004a 1E4B     		ldr	r3, .L62+12
 503 004c 9B68     		ldr	r3, [r3, #8]
 504 004e 0022     		movs	r2, #0
 505 0050 1146     		mov	r1, r2
 506              	.LVL44:
 507 0052 6078     		ldrb	r0, [r4, #1]	@ zero_extendqisi2
 508              	.LVL45:
 509 0054 9847     		blx	r3
 510              	.LVL46:
 547:USB/core/usbd_cdc_core.c ****       
 511              		.loc 1 547 0
 512 0056 0020     		movs	r0, #0
 513 0058 70BD     		pop	{r4, r5, r6, pc}
 514              	.LVL47:
 515              	.L56:
 550:USB/core/usbd_cdc_core.c ****       return USBD_FAIL;
 516              		.loc 1 550 0
 517 005a FFF7FEFF 		bl	USBD_CtlError
 518              	.LVL48:
 551:USB/core/usbd_cdc_core.c ****     
 519              		.loc 1 551 0
 520 005e 0220     		movs	r0, #2
 521 0060 70BD     		pop	{r4, r5, r6, pc}
 522              	.LVL49:
 523              	.L44:
 557:USB/core/usbd_cdc_core.c ****     {
 524              		.loc 1 557 0
 525 0062 4B78     		ldrb	r3, [r1, #1]	@ zero_extendqisi2
 526 0064 0A2B     		cmp	r3, #10
 527 0066 16D0     		beq	.L49
 528 0068 0B2B     		cmp	r3, #11
 529 006a 1AD0     		beq	.L50
 530 006c 062B     		cmp	r3, #6
ARM GAS  /tmp/ccqzhRxn.s 			page 25


 531 006e 01D0     		beq	.L60
 594:USB/core/usbd_cdc_core.c **** }
 532              		.loc 1 594 0
 533 0070 0020     		movs	r0, #0
 534              	.LVL50:
 595:USB/core/usbd_cdc_core.c **** 
 535              		.loc 1 595 0
 536 0072 70BD     		pop	{r4, r5, r6, pc}
 537              	.LVL51:
 538              	.L60:
 560:USB/core/usbd_cdc_core.c ****       {
 539              		.loc 1 560 0
 540 0074 4B88     		ldrh	r3, [r1, #2]
 541 0076 1B0A     		lsrs	r3, r3, #8
 542 0078 212B     		cmp	r3, #33
 543 007a 06D0     		beq	.L61
 507:USB/core/usbd_cdc_core.c ****   
 544              		.loc 1 507 0
 545 007c 1249     		ldr	r1, .L62+16
 546              	.LVL52:
 506:USB/core/usbd_cdc_core.c ****   uint8_t  *pbuf=usbd_cdc_CfgDesc + 9;
 547              		.loc 1 506 0
 548 007e 3A22     		movs	r2, #58
 549              	.LVL53:
 550              	.L52:
 570:USB/core/usbd_cdc_core.c ****                         pbuf,
 551              		.loc 1 570 0
 552 0080 2846     		mov	r0, r5
 553              	.LVL54:
 554 0082 FFF7FEFF 		bl	USBD_CtlSendData
 555              	.LVL55:
 594:USB/core/usbd_cdc_core.c **** }
 556              		.loc 1 594 0
 557 0086 0020     		movs	r0, #0
 573:USB/core/usbd_cdc_core.c ****       
 558              		.loc 1 573 0
 559 0088 70BD     		pop	{r4, r5, r6, pc}
 560              	.LVL56:
 561              	.L61:
 567:USB/core/usbd_cdc_core.c ****       }
 562              		.loc 1 567 0
 563 008a CA88     		ldrh	r2, [r1, #6]
 564 008c 3A2A     		cmp	r2, #58
 565 008e 28BF     		it	cs
 566 0090 3A22     		movcs	r2, #58
 567              	.LVL57:
 565:USB/core/usbd_cdc_core.c **** #endif 
 568              		.loc 1 565 0
 569 0092 0E49     		ldr	r1, .L62+20
 570              	.LVL58:
 571 0094 F4E7     		b	.L52
 572              	.LVL59:
 573              	.L49:
 576:USB/core/usbd_cdc_core.c ****                         (uint8_t *)&usbd_cdc_AltSet,
 574              		.loc 1 576 0
 575 0096 0122     		movs	r2, #1
 576 0098 0D49     		ldr	r1, .L62+24
ARM GAS  /tmp/ccqzhRxn.s 			page 26


 577              	.LVL60:
 578 009a FFF7FEFF 		bl	USBD_CtlSendData
 579              	.LVL61:
 594:USB/core/usbd_cdc_core.c **** }
 580              		.loc 1 594 0
 581 009e 0020     		movs	r0, #0
 579:USB/core/usbd_cdc_core.c ****       
 582              		.loc 1 579 0
 583 00a0 70BD     		pop	{r4, r5, r6, pc}
 584              	.LVL62:
 585              	.L50:
 582:USB/core/usbd_cdc_core.c ****       {
 586              		.loc 1 582 0
 587 00a2 8B78     		ldrb	r3, [r1, #2]	@ zero_extendqisi2
 588 00a4 1BB9     		cbnz	r3, .L53
 584:USB/core/usbd_cdc_core.c ****       }
 589              		.loc 1 584 0
 590 00a6 0A4A     		ldr	r2, .L62+24
 591 00a8 1360     		str	r3, [r2]
 594:USB/core/usbd_cdc_core.c **** }
 592              		.loc 1 594 0
 593 00aa 0020     		movs	r0, #0
 594              	.LVL63:
 595 00ac 70BD     		pop	{r4, r5, r6, pc}
 596              	.LVL64:
 597              	.L53:
 589:USB/core/usbd_cdc_core.c ****       }
 598              		.loc 1 589 0
 599 00ae FFF7FEFF 		bl	USBD_CtlError
 600              	.LVL65:
 594:USB/core/usbd_cdc_core.c **** }
 601              		.loc 1 594 0
 602 00b2 0020     		movs	r0, #0
 603 00b4 70BD     		pop	{r4, r5, r6, pc}
 604              	.LVL66:
 605              	.L63:
 606 00b6 00BF     		.align	2
 607              	.L62:
 608 00b8 00000000 		.word	.LANCHOR0
 609 00bc 00000000 		.word	.LANCHOR1
 610 00c0 00000000 		.word	CmdBuff
 611 00c4 00000000 		.word	VCP_fops
 612 00c8 09000000 		.word	.LANCHOR2+9
 613 00cc 12000000 		.word	.LANCHOR2+18
 614 00d0 00000000 		.word	.LANCHOR8
 615              		.cfi_endproc
 616              	.LFE126:
 618              		.section	.text.usbd_cdc_DeInit,"ax",%progbits
 619              		.align	1
 620              		.syntax unified
 621              		.thumb
 622              		.thumb_func
 623              		.fpu fpv4-sp-d16
 625              	usbd_cdc_DeInit:
 626              	.LFB125:
 477:USB/core/usbd_cdc_core.c ****   /* Open EP IN */
 627              		.loc 1 477 0
ARM GAS  /tmp/ccqzhRxn.s 			page 27


 628              		.cfi_startproc
 629              		@ args = 0, pretend = 0, frame = 0
 630              		@ frame_needed = 0, uses_anonymous_args = 0
 631              	.LVL67:
 632 0000 10B5     		push	{r4, lr}
 633              	.LCFI6:
 634              		.cfi_def_cfa_offset 8
 635              		.cfi_offset 4, -8
 636              		.cfi_offset 14, -4
 637 0002 0446     		mov	r4, r0
 479:USB/core/usbd_cdc_core.c ****               CDC_IN_EP);
 638              		.loc 1 479 0
 639 0004 8121     		movs	r1, #129
 640              	.LVL68:
 641 0006 FFF7FEFF 		bl	DCD_EP_Close
 642              	.LVL69:
 483:USB/core/usbd_cdc_core.c ****               CDC_OUT_EP);
 643              		.loc 1 483 0
 644 000a 0121     		movs	r1, #1
 645 000c 2046     		mov	r0, r4
 646 000e FFF7FEFF 		bl	DCD_EP_Close
 647              	.LVL70:
 487:USB/core/usbd_cdc_core.c ****               CDC_CMD_EP);
 648              		.loc 1 487 0
 649 0012 8221     		movs	r1, #130
 650 0014 2046     		mov	r0, r4
 651 0016 FFF7FEFF 		bl	DCD_EP_Close
 652              	.LVL71:
 491:USB/core/usbd_cdc_core.c ****   
 653              		.loc 1 491 0
 654 001a 024B     		ldr	r3, .L66
 655 001c 5B68     		ldr	r3, [r3, #4]
 656 001e 9847     		blx	r3
 657              	.LVL72:
 494:USB/core/usbd_cdc_core.c **** 
 658              		.loc 1 494 0
 659 0020 0020     		movs	r0, #0
 660 0022 10BD     		pop	{r4, pc}
 661              	.LVL73:
 662              	.L67:
 663              		.align	2
 664              	.L66:
 665 0024 00000000 		.word	VCP_fops
 666              		.cfi_endproc
 667              	.LFE125:
 669              		.section	.text.usbd_cdc_Init,"ax",%progbits
 670              		.align	1
 671              		.syntax unified
 672              		.thumb
 673              		.thumb_func
 674              		.fpu fpv4-sp-d16
 676              	usbd_cdc_Init:
 677              	.LFB124:
 431:USB/core/usbd_cdc_core.c ****   uint8_t *pbuf;
 678              		.loc 1 431 0
 679              		.cfi_startproc
 680              		@ args = 0, pretend = 0, frame = 0
ARM GAS  /tmp/ccqzhRxn.s 			page 28


 681              		@ frame_needed = 0, uses_anonymous_args = 0
 682              	.LVL74:
 683 0000 38B5     		push	{r3, r4, r5, lr}
 684              	.LCFI7:
 685              		.cfi_def_cfa_offset 16
 686              		.cfi_offset 3, -16
 687              		.cfi_offset 4, -12
 688              		.cfi_offset 5, -8
 689              		.cfi_offset 14, -4
 690 0002 0446     		mov	r4, r0
 435:USB/core/usbd_cdc_core.c ****               CDC_IN_EP,
 691              		.loc 1 435 0
 692 0004 0223     		movs	r3, #2
 693 0006 4022     		movs	r2, #64
 694 0008 8121     		movs	r1, #129
 695              	.LVL75:
 696 000a FFF7FEFF 		bl	DCD_EP_Open
 697              	.LVL76:
 441:USB/core/usbd_cdc_core.c ****               CDC_OUT_EP,
 698              		.loc 1 441 0
 699 000e 0223     		movs	r3, #2
 700 0010 4022     		movs	r2, #64
 701 0012 0121     		movs	r1, #1
 702 0014 2046     		mov	r0, r4
 703 0016 FFF7FEFF 		bl	DCD_EP_Open
 704              	.LVL77:
 447:USB/core/usbd_cdc_core.c ****               CDC_CMD_EP,
 705              		.loc 1 447 0
 706 001a 0323     		movs	r3, #3
 707 001c 0822     		movs	r2, #8
 708 001e 8221     		movs	r1, #130
 709 0020 2046     		mov	r0, r4
 710 0022 FFF7FEFF 		bl	DCD_EP_Open
 711              	.LVL78:
 453:USB/core/usbd_cdc_core.c ****   pbuf[5] = DEVICE_SUBCLASS_CDC;
 712              		.loc 1 453 0
 713 0026 084B     		ldr	r3, .L70
 714 0028 0222     		movs	r2, #2
 715 002a 1A71     		strb	r2, [r3, #4]
 454:USB/core/usbd_cdc_core.c ****   
 716              		.loc 1 454 0
 717 002c 0025     		movs	r5, #0
 718 002e 5D71     		strb	r5, [r3, #5]
 457:USB/core/usbd_cdc_core.c **** 
 719              		.loc 1 457 0
 720 0030 064B     		ldr	r3, .L70+4
 721 0032 1B68     		ldr	r3, [r3]
 722 0034 9847     		blx	r3
 723              	.LVL79:
 460:USB/core/usbd_cdc_core.c ****                    CDC_OUT_EP,
 724              		.loc 1 460 0
 725 0036 4023     		movs	r3, #64
 726 0038 054A     		ldr	r2, .L70+8
 727 003a 0121     		movs	r1, #1
 728 003c 2046     		mov	r0, r4
 729 003e FFF7FEFF 		bl	DCD_EP_PrepareRx
 730              	.LVL80:
ARM GAS  /tmp/ccqzhRxn.s 			page 29


 466:USB/core/usbd_cdc_core.c **** 
 731              		.loc 1 466 0
 732 0042 2846     		mov	r0, r5
 733 0044 38BD     		pop	{r3, r4, r5, pc}
 734              	.LVL81:
 735              	.L71:
 736 0046 00BF     		.align	2
 737              	.L70:
 738 0048 00000000 		.word	USBD_DeviceDesc
 739 004c 00000000 		.word	VCP_fops
 740 0050 00000000 		.word	USB_Rx_Buffer
 741              		.cfi_endproc
 742              	.LFE124:
 744              		.global	USBD_CDC_cb
 745              		.global	USB_Tx_State
 746              		.global	APP_Rx_length
 747              		.global	APP_Rx_ptr_out
 748              		.global	APP_Rx_ptr_in
 749              		.comm	CmdBuff,8,4
 750              		.comm	APP_Rx_Buffer,2048,4
 751              		.comm	USB_Rx_Buffer,64,4
 752              		.comm	usbd_cdc_OtherCfgDesc,67,4
 753              		.global	usbd_cdc_CfgDesc
 754              		.section	.bss.APP_Rx_length,"aw",%nobits
 755              		.align	2
 756              		.set	.LANCHOR6,. + 0
 759              	APP_Rx_length:
 760 0000 00000000 		.space	4
 761              		.section	.bss.APP_Rx_ptr_in,"aw",%nobits
 762              		.align	2
 763              		.set	.LANCHOR5,. + 0
 766              	APP_Rx_ptr_in:
 767 0000 00000000 		.space	4
 768              		.section	.bss.APP_Rx_ptr_out,"aw",%nobits
 769              		.align	2
 770              		.set	.LANCHOR4,. + 0
 773              	APP_Rx_ptr_out:
 774 0000 00000000 		.space	4
 775              		.section	.bss.FrameCount.10952,"aw",%nobits
 776              		.align	2
 777              		.set	.LANCHOR7,. + 0
 780              	FrameCount.10952:
 781 0000 00000000 		.space	4
 782              		.section	.bss.USB_Tx_State,"aw",%nobits
 783              		.set	.LANCHOR3,. + 0
 786              	USB_Tx_State:
 787 0000 00       		.space	1
 788              		.section	.bss.cdcLen,"aw",%nobits
 789              		.align	2
 790              		.set	.LANCHOR1,. + 0
 793              	cdcLen:
 794 0000 00000000 		.space	4
 795              		.section	.bss.usbd_cdc_AltSet,"aw",%nobits
 796              		.align	2
 797              		.set	.LANCHOR8,. + 0
 800              	usbd_cdc_AltSet:
 801 0000 00000000 		.space	4
ARM GAS  /tmp/ccqzhRxn.s 			page 30


 802              		.section	.data.USBD_CDC_cb,"aw",%progbits
 803              		.align	2
 806              	USBD_CDC_cb:
 807 0000 00000000 		.word	usbd_cdc_Init
 808 0004 00000000 		.word	usbd_cdc_DeInit
 809 0008 00000000 		.word	usbd_cdc_Setup
 810 000c 00000000 		.word	0
 811 0010 00000000 		.word	usbd_cdc_EP0_RxReady
 812 0014 00000000 		.word	usbd_cdc_DataIn
 813 0018 00000000 		.word	usbd_cdc_DataOut
 814 001c 00000000 		.word	usbd_cdc_SOF
 815 0020 00000000 		.word	0
 816 0024 00000000 		.word	0
 817 0028 00000000 		.word	USBD_cdc_GetCfgDesc
 818              		.section	.data.cdcCmd,"aw",%progbits
 819              		.align	2
 820              		.set	.LANCHOR0,. + 0
 823              	cdcCmd:
 824 0000 FF000000 		.word	255
 825              		.section	.data.usbd_cdc_CfgDesc,"aw",%progbits
 826              		.align	2
 827              		.set	.LANCHOR2,. + 0
 830              	usbd_cdc_CfgDesc:
 831 0000 09       		.byte	9
 832 0001 02       		.byte	2
 833 0002 43       		.byte	67
 834 0003 00       		.byte	0
 835 0004 02       		.byte	2
 836 0005 01       		.byte	1
 837 0006 00       		.byte	0
 838 0007 C0       		.byte	-64
 839 0008 32       		.byte	50
 840 0009 09       		.byte	9
 841 000a 04       		.byte	4
 842 000b 00       		.byte	0
 843 000c 00       		.byte	0
 844 000d 01       		.byte	1
 845 000e 02       		.byte	2
 846 000f 02       		.byte	2
 847 0010 01       		.byte	1
 848 0011 00       		.byte	0
 849 0012 05       		.byte	5
 850 0013 24       		.byte	36
 851 0014 00       		.byte	0
 852 0015 10       		.byte	16
 853 0016 01       		.byte	1
 854 0017 05       		.byte	5
 855 0018 24       		.byte	36
 856 0019 01       		.byte	1
 857 001a 00       		.byte	0
 858 001b 01       		.byte	1
 859 001c 04       		.byte	4
 860 001d 24       		.byte	36
 861 001e 02       		.byte	2
 862 001f 02       		.byte	2
 863 0020 05       		.byte	5
 864 0021 24       		.byte	36
ARM GAS  /tmp/ccqzhRxn.s 			page 31


 865 0022 06       		.byte	6
 866 0023 00       		.byte	0
 867 0024 01       		.byte	1
 868 0025 07       		.byte	7
 869 0026 05       		.byte	5
 870 0027 82       		.byte	-126
 871 0028 03       		.byte	3
 872 0029 08       		.byte	8
 873 002a 00       		.byte	0
 874 002b FF       		.byte	-1
 875 002c 09       		.byte	9
 876 002d 04       		.byte	4
 877 002e 01       		.byte	1
 878 002f 00       		.byte	0
 879 0030 02       		.byte	2
 880 0031 0A       		.byte	10
 881 0032 00       		.byte	0
 882 0033 00       		.byte	0
 883 0034 00       		.byte	0
 884 0035 07       		.byte	7
 885 0036 05       		.byte	5
 886 0037 01       		.byte	1
 887 0038 02       		.byte	2
 888 0039 40       		.byte	64
 889 003a 00       		.byte	0
 890 003b 00       		.byte	0
 891 003c 07       		.byte	7
 892 003d 05       		.byte	5
 893 003e 81       		.byte	-127
 894 003f 02       		.byte	2
 895 0040 40       		.byte	64
 896 0041 00       		.byte	0
 897 0042 00       		.byte	0
 898              		.text
 899              	.Letext0:
 900              		.file 2 "/usr/include/newlib/machine/_default_types.h"
 901              		.file 3 "/usr/include/newlib/sys/_stdint.h"
 902              		.file 4 "F4_CORE/core_cm4.h"
 903              		.file 5 "USER/system_stm32f4xx.h"
 904              		.file 6 "/usr/include/newlib/sys/lock.h"
 905              		.file 7 "/usr/include/newlib/sys/_types.h"
 906              		.file 8 "/usr/lib/gcc/arm-none-eabi/6.3.1/include/stddef.h"
 907              		.file 9 "/usr/include/newlib/sys/reent.h"
 908              		.file 10 "USB/core/usb_regs.h"
 909              		.file 11 "USB/core/usb_core.h"
 910              		.file 12 "USB/core/usbd_cdc_core.h"
 911              		.file 13 "USB/core/usbd_desc.h"
 912              		.file 14 "USB/core/usb_dcd.h"
 913              		.file 15 "USB/core/usbd_ioreq.h"
 914              		.file 16 "USB/core/usbd_req.h"
 915              		.file 17 "USB/core/usbd_core.h"
ARM GAS  /tmp/ccqzhRxn.s 			page 32


DEFINED SYMBOLS
                            *ABS*:0000000000000000 usbd_cdc_core.c
     /tmp/ccqzhRxn.s:18     .text.usbd_cdc_EP0_RxReady:0000000000000000 $t
     /tmp/ccqzhRxn.s:24     .text.usbd_cdc_EP0_RxReady:0000000000000000 usbd_cdc_EP0_RxReady
     /tmp/ccqzhRxn.s:62     .text.usbd_cdc_EP0_RxReady:0000000000000020 $d
                            *COM*:0000000000000008 CmdBuff
     /tmp/ccqzhRxn.s:70     .text.USBD_cdc_GetCfgDesc:0000000000000000 $t
     /tmp/ccqzhRxn.s:76     .text.USBD_cdc_GetCfgDesc:0000000000000000 USBD_cdc_GetCfgDesc
     /tmp/ccqzhRxn.s:94     .text.USBD_cdc_GetCfgDesc:0000000000000008 $d
     /tmp/ccqzhRxn.s:99     .text.Handle_USBAsynchXfer:0000000000000000 $t
     /tmp/ccqzhRxn.s:105    .text.Handle_USBAsynchXfer:0000000000000000 Handle_USBAsynchXfer
     /tmp/ccqzhRxn.s:216    .text.Handle_USBAsynchXfer:0000000000000080 $d
                            *COM*:0000000000000800 APP_Rx_Buffer
     /tmp/ccqzhRxn.s:225    .text.usbd_cdc_SOF:0000000000000000 $t
     /tmp/ccqzhRxn.s:231    .text.usbd_cdc_SOF:0000000000000000 usbd_cdc_SOF
     /tmp/ccqzhRxn.s:268    .text.usbd_cdc_SOF:0000000000000020 $d
     /tmp/ccqzhRxn.s:273    .text.usbd_cdc_DataIn:0000000000000000 $t
     /tmp/ccqzhRxn.s:279    .text.usbd_cdc_DataIn:0000000000000000 usbd_cdc_DataIn
     /tmp/ccqzhRxn.s:364    .text.usbd_cdc_DataIn:0000000000000054 $d
     /tmp/ccqzhRxn.s:372    .text.usbd_cdc_DataOut:0000000000000000 $t
     /tmp/ccqzhRxn.s:378    .text.usbd_cdc_DataOut:0000000000000000 usbd_cdc_DataOut
     /tmp/ccqzhRxn.s:422    .text.usbd_cdc_DataOut:000000000000002c $d
                            *COM*:0000000000000040 USB_Rx_Buffer
     /tmp/ccqzhRxn.s:428    .text.usbd_cdc_Setup:0000000000000000 $t
     /tmp/ccqzhRxn.s:434    .text.usbd_cdc_Setup:0000000000000000 usbd_cdc_Setup
     /tmp/ccqzhRxn.s:608    .text.usbd_cdc_Setup:00000000000000b8 $d
     /tmp/ccqzhRxn.s:619    .text.usbd_cdc_DeInit:0000000000000000 $t
     /tmp/ccqzhRxn.s:625    .text.usbd_cdc_DeInit:0000000000000000 usbd_cdc_DeInit
     /tmp/ccqzhRxn.s:665    .text.usbd_cdc_DeInit:0000000000000024 $d
     /tmp/ccqzhRxn.s:670    .text.usbd_cdc_Init:0000000000000000 $t
     /tmp/ccqzhRxn.s:676    .text.usbd_cdc_Init:0000000000000000 usbd_cdc_Init
     /tmp/ccqzhRxn.s:738    .text.usbd_cdc_Init:0000000000000048 $d
     /tmp/ccqzhRxn.s:806    .data.USBD_CDC_cb:0000000000000000 USBD_CDC_cb
     /tmp/ccqzhRxn.s:786    .bss.USB_Tx_State:0000000000000000 USB_Tx_State
     /tmp/ccqzhRxn.s:759    .bss.APP_Rx_length:0000000000000000 APP_Rx_length
     /tmp/ccqzhRxn.s:773    .bss.APP_Rx_ptr_out:0000000000000000 APP_Rx_ptr_out
     /tmp/ccqzhRxn.s:766    .bss.APP_Rx_ptr_in:0000000000000000 APP_Rx_ptr_in
                            *COM*:0000000000000043 usbd_cdc_OtherCfgDesc
     /tmp/ccqzhRxn.s:830    .data.usbd_cdc_CfgDesc:0000000000000000 usbd_cdc_CfgDesc
     /tmp/ccqzhRxn.s:755    .bss.APP_Rx_length:0000000000000000 $d
     /tmp/ccqzhRxn.s:762    .bss.APP_Rx_ptr_in:0000000000000000 $d
     /tmp/ccqzhRxn.s:769    .bss.APP_Rx_ptr_out:0000000000000000 $d
     /tmp/ccqzhRxn.s:776    .bss.FrameCount.10952:0000000000000000 $d
     /tmp/ccqzhRxn.s:780    .bss.FrameCount.10952:0000000000000000 FrameCount.10952
     /tmp/ccqzhRxn.s:787    .bss.USB_Tx_State:0000000000000000 $d
     /tmp/ccqzhRxn.s:789    .bss.cdcLen:0000000000000000 $d
     /tmp/ccqzhRxn.s:793    .bss.cdcLen:0000000000000000 cdcLen
     /tmp/ccqzhRxn.s:796    .bss.usbd_cdc_AltSet:0000000000000000 $d
     /tmp/ccqzhRxn.s:800    .bss.usbd_cdc_AltSet:0000000000000000 usbd_cdc_AltSet
     /tmp/ccqzhRxn.s:803    .data.USBD_CDC_cb:0000000000000000 $d
     /tmp/ccqzhRxn.s:819    .data.cdcCmd:0000000000000000 $d
     /tmp/ccqzhRxn.s:823    .data.cdcCmd:0000000000000000 cdcCmd
     /tmp/ccqzhRxn.s:826    .data.usbd_cdc_CfgDesc:0000000000000000 $d
                     .debug_frame:0000000000000010 $d

UNDEFINED SYMBOLS
VCP_fops
ARM GAS  /tmp/ccqzhRxn.s 			page 33


DCD_EP_Tx
DCD_EP_PrepareRx
USBD_CtlPrepareRx
USBD_CtlSendData
USBD_CtlError
DCD_EP_Close
DCD_EP_Open
USBD_DeviceDesc
