ARM GAS  /var/folders/lx/hc4sn_b53233_zkc9xbbl97r0000gp/T//ccNULYqe.s 			page 1


   1              		.cpu cortex-m4
   2              		.eabi_attribute 27, 1
   3              		.eabi_attribute 28, 1
   4              		.eabi_attribute 20, 1
   5              		.eabi_attribute 21, 1
   6              		.eabi_attribute 23, 3
   7              		.eabi_attribute 24, 1
   8              		.eabi_attribute 25, 1
   9              		.eabi_attribute 26, 1
  10              		.eabi_attribute 30, 1
  11              		.eabi_attribute 34, 1
  12              		.eabi_attribute 18, 4
  13              		.file	"widget_mng.c"
  14              		.text
  15              	.Ltext0:
  16              		.cfi_sections	.debug_frame
  17              		.section	.text.GetCur_Active_Widget,"ax",%progbits
  18              		.align	1
  19              		.arch armv7e-m
  20              		.syntax unified
  21              		.thumb
  22              		.thumb_func
  23              		.fpu fpv4-sp-d16
  25              	GetCur_Active_Widget:
  26              	.LFB10:
  27              		.file 1 "Dsp/widget/wgt_core/widget_mng.c"
   1:Dsp/widget/wgt_core/widget_mng.c **** #include "widget_mng.h"
   2:Dsp/widget/wgt_core/widget_mng.c **** #include "oled.h"
   3:Dsp/widget/wgt_core/widget_mng.c **** 
   4:Dsp/widget/wgt_core/widget_mng.c **** /* internal variable */
   5:Dsp/widget/wgt_core/widget_mng.c **** Widget_MonitorData_TypeDef MonitorDataObj = {
   6:Dsp/widget/wgt_core/widget_mng.c ****     .created_widget = 0,
   7:Dsp/widget/wgt_core/widget_mng.c ****     .widget_used_size = 0,
   8:Dsp/widget/wgt_core/widget_mng.c ****     .remain_size = 0,
   9:Dsp/widget/wgt_core/widget_mng.c ****     .max_display_cache = 0,
  10:Dsp/widget/wgt_core/widget_mng.c **** };
  11:Dsp/widget/wgt_core/widget_mng.c **** static Widget_Handle CurActive_Widget = 0;
  12:Dsp/widget/wgt_core/widget_mng.c **** static WidgetFresh_State_List WidgetFresh_State = Fresh_State_DrvInit;
  13:Dsp/widget/wgt_core/widget_mng.c **** 
  14:Dsp/widget/wgt_core/widget_mng.c **** /* internal function */
  15:Dsp/widget/wgt_core/widget_mng.c **** static WidgetObj_TypeDef *GetCur_Active_Widget(void);
  16:Dsp/widget/wgt_core/widget_mng.c **** static void Widget_Fusion(void);
  17:Dsp/widget/wgt_core/widget_mng.c **** 
  18:Dsp/widget/wgt_core/widget_mng.c **** /* external widget manager function definition */
  19:Dsp/widget/wgt_core/widget_mng.c **** static Widget_Handle Widget_Create(uint8_t cord_x, uint8_t cord_y, uint8_t width, uint8_t height, c
  20:Dsp/widget/wgt_core/widget_mng.c **** static Widget_Control_TypeDef *Widget_CtlInterface(void);
  21:Dsp/widget/wgt_core/widget_mng.c **** static bool Widget_Deleted(Widget_Handle *hdl);
  22:Dsp/widget/wgt_core/widget_mng.c **** static bool Widget_FreshAll(void);
  23:Dsp/widget/wgt_core/widget_mng.c **** 
  24:Dsp/widget/wgt_core/widget_mng.c **** /* external widget control function */
  25:Dsp/widget/wgt_core/widget_mng.c **** static bool Widget_Show(void);
  26:Dsp/widget/wgt_core/widget_mng.c **** static bool Widget_Hide(void);
  27:Dsp/widget/wgt_core/widget_mng.c **** static bool Widget_MoveTo(uint8_t x, uint8_t y);
  28:Dsp/widget/wgt_core/widget_mng.c **** static Widget_DrawFunc_TypeDef *Widget_DrawInterface(void);
  29:Dsp/widget/wgt_core/widget_mng.c **** 
  30:Dsp/widget/wgt_core/widget_mng.c **** /* widget draw function interface */
  31:Dsp/widget/wgt_core/widget_mng.c **** static void Widget_DrawPoint(uint8_t x, uint8_t y, bool set);
ARM GAS  /var/folders/lx/hc4sn_b53233_zkc9xbbl97r0000gp/T//ccNULYqe.s 			page 2


  32:Dsp/widget/wgt_core/widget_mng.c **** static void Widget_DrawChr(Widget_Font font, char char_dsp, uint8_t x, uint8_t y, bool col_cnv);
  33:Dsp/widget/wgt_core/widget_mng.c **** static void Widget_DrawStr(Widget_Font font, char *str_dsp, uint8_t x, uint8_t y, bool col_cnv);
  34:Dsp/widget/wgt_core/widget_mng.c **** static void Widget_DrawLine(uint8_t start_x, uint8_t start_y, uint8_t end_x, uint8_t end_y, uint8_t
  35:Dsp/widget/wgt_core/widget_mng.c **** static void Widget_DrawCircle(uint8_t center_x, uint8_t center_y, uint8_t radius, uint8_t line_size
  36:Dsp/widget/wgt_core/widget_mng.c **** static void Widget_DrawRectangle(uint8_t x, uint8_t y, uint8_t width, uint8_t height, uint8_t line_
  37:Dsp/widget/wgt_core/widget_mng.c **** static void Widget_DrawNum(Widget_Font font, int32_t num, uint8_t x, uint8_t y, bool col_cnv);
  38:Dsp/widget/wgt_core/widget_mng.c **** 
  39:Dsp/widget/wgt_core/widget_mng.c **** static Widget_DrawFunc_TypeDef WidgetDraw_Interface = {
  40:Dsp/widget/wgt_core/widget_mng.c ****     .draw_str = Widget_DrawStr,
  41:Dsp/widget/wgt_core/widget_mng.c ****     .draw_rectangle = Widget_DrawRectangle,
  42:Dsp/widget/wgt_core/widget_mng.c ****     .draw_point = Widget_DrawPoint,
  43:Dsp/widget/wgt_core/widget_mng.c ****     .draw_num = Widget_DrawNum,
  44:Dsp/widget/wgt_core/widget_mng.c ****     .draw_line = Widget_DrawLine,
  45:Dsp/widget/wgt_core/widget_mng.c ****     .draw_circle = Widget_DrawCircle,
  46:Dsp/widget/wgt_core/widget_mng.c ****     .draw_char = Widget_DrawChr,
  47:Dsp/widget/wgt_core/widget_mng.c **** };
  48:Dsp/widget/wgt_core/widget_mng.c **** 
  49:Dsp/widget/wgt_core/widget_mng.c **** static Widget_Control_TypeDef WidgetCtl_Interface = {
  50:Dsp/widget/wgt_core/widget_mng.c ****     .Show = Widget_Show,
  51:Dsp/widget/wgt_core/widget_mng.c ****     .Hide = Widget_Hide,
  52:Dsp/widget/wgt_core/widget_mng.c ****     .Move = Widget_MoveTo,
  53:Dsp/widget/wgt_core/widget_mng.c ****     .Draw = Widget_DrawInterface,
  54:Dsp/widget/wgt_core/widget_mng.c **** };
  55:Dsp/widget/wgt_core/widget_mng.c **** 
  56:Dsp/widget/wgt_core/widget_mng.c **** Widget_GenProcFunc_TypeDef Widget_Mng = {
  57:Dsp/widget/wgt_core/widget_mng.c ****     .Create = Widget_Create,
  58:Dsp/widget/wgt_core/widget_mng.c ****     .Delete = Widget_Deleted,
  59:Dsp/widget/wgt_core/widget_mng.c ****     .Control = Widget_CtlInterface,
  60:Dsp/widget/wgt_core/widget_mng.c ****     .fresh_all = Widget_FreshAll,
  61:Dsp/widget/wgt_core/widget_mng.c **** };
  62:Dsp/widget/wgt_core/widget_mng.c **** 
  63:Dsp/widget/wgt_core/widget_mng.c **** static Widget_Handle Widget_Create(uint8_t cord_x, uint8_t cord_y, uint8_t width, uint8_t height, c
  64:Dsp/widget/wgt_core/widget_mng.c **** {
  65:Dsp/widget/wgt_core/widget_mng.c ****     WidgetObj_TypeDef *widget_tmp;
  66:Dsp/widget/wgt_core/widget_mng.c **** 
  67:Dsp/widget/wgt_core/widget_mng.c ****     if (MonitorDataObj.max_display_cache == 0)
  68:Dsp/widget/wgt_core/widget_mng.c ****     {
  69:Dsp/widget/wgt_core/widget_mng.c ****         MonitorDataObj.max_display_cache = (DrvOled.get_max_height() * DrvOled.get_max_width()) * M
  70:Dsp/widget/wgt_core/widget_mng.c ****         MonitorDataObj.remain_size = MonitorDataObj.max_display_cache;
  71:Dsp/widget/wgt_core/widget_mng.c ****     }
  72:Dsp/widget/wgt_core/widget_mng.c **** 
  73:Dsp/widget/wgt_core/widget_mng.c ****     widget_tmp = (WidgetObj_TypeDef *)malloc(sizeof(WidgetObj_TypeDef));
  74:Dsp/widget/wgt_core/widget_mng.c **** 
  75:Dsp/widget/wgt_core/widget_mng.c ****     if (widget_tmp == NULL)
  76:Dsp/widget/wgt_core/widget_mng.c ****         return WIDGET_CREATE_ERROR;
  77:Dsp/widget/wgt_core/widget_mng.c **** 
  78:Dsp/widget/wgt_core/widget_mng.c ****     widget_tmp->cord_x = cord_x;
  79:Dsp/widget/wgt_core/widget_mng.c ****     widget_tmp->cord_y = cord_y;
  80:Dsp/widget/wgt_core/widget_mng.c **** 
  81:Dsp/widget/wgt_core/widget_mng.c ****     widget_tmp->width = width;
  82:Dsp/widget/wgt_core/widget_mng.c ****     widget_tmp->height = height;
  83:Dsp/widget/wgt_core/widget_mng.c **** 
  84:Dsp/widget/wgt_core/widget_mng.c ****     widget_tmp->name = name;
  85:Dsp/widget/wgt_core/widget_mng.c ****     widget_tmp->on_layer = DEFAULT_LAYER;
  86:Dsp/widget/wgt_core/widget_mng.c **** 
  87:Dsp/widget/wgt_core/widget_mng.c ****     if (MonitorDataObj.remain_size < (height * width))
  88:Dsp/widget/wgt_core/widget_mng.c ****         return WIDGET_CREATE_ERROR;
ARM GAS  /var/folders/lx/hc4sn_b53233_zkc9xbbl97r0000gp/T//ccNULYqe.s 			page 3


  89:Dsp/widget/wgt_core/widget_mng.c **** 
  90:Dsp/widget/wgt_core/widget_mng.c ****     widget_tmp->pixel_map = (uint8_t **)malloc(sizeof(uint8_t *) * height);
  91:Dsp/widget/wgt_core/widget_mng.c **** 
  92:Dsp/widget/wgt_core/widget_mng.c ****     if (widget_tmp->pixel_map == NULL)
  93:Dsp/widget/wgt_core/widget_mng.c ****         return WIDGET_CREATE_ERROR;
  94:Dsp/widget/wgt_core/widget_mng.c **** 
  95:Dsp/widget/wgt_core/widget_mng.c ****     for (uint8_t h = 0; h < height; h++)
  96:Dsp/widget/wgt_core/widget_mng.c ****     {
  97:Dsp/widget/wgt_core/widget_mng.c ****         widget_tmp->pixel_map[h] = (uint8_t *)malloc(width);
  98:Dsp/widget/wgt_core/widget_mng.c **** 
  99:Dsp/widget/wgt_core/widget_mng.c ****         if (widget_tmp->pixel_map == NULL)
 100:Dsp/widget/wgt_core/widget_mng.c ****             return WIDGET_CREATE_ERROR;
 101:Dsp/widget/wgt_core/widget_mng.c ****     }
 102:Dsp/widget/wgt_core/widget_mng.c **** 
 103:Dsp/widget/wgt_core/widget_mng.c ****     MonitorDataObj.remain_size -= width * height;
 104:Dsp/widget/wgt_core/widget_mng.c ****     MonitorDataObj.widget_used_size += width * height;
 105:Dsp/widget/wgt_core/widget_mng.c **** 
 106:Dsp/widget/wgt_core/widget_mng.c ****     MonitorDataObj.created_widget++;
 107:Dsp/widget/wgt_core/widget_mng.c **** 
 108:Dsp/widget/wgt_core/widget_mng.c ****     widget_tmp->Dsp = &WidgetDraw_Interface;
 109:Dsp/widget/wgt_core/widget_mng.c ****     widget_tmp->Ctl = &WidgetCtl_Interface;
 110:Dsp/widget/wgt_core/widget_mng.c **** 
 111:Dsp/widget/wgt_core/widget_mng.c ****     return (Widget_Handle)widget_tmp;
 112:Dsp/widget/wgt_core/widget_mng.c **** }
 113:Dsp/widget/wgt_core/widget_mng.c **** 
 114:Dsp/widget/wgt_core/widget_mng.c **** static bool Widget_Deleted(Widget_Handle *hdl)
 115:Dsp/widget/wgt_core/widget_mng.c **** {
 116:Dsp/widget/wgt_core/widget_mng.c ****     uint8_t height = 0;
 117:Dsp/widget/wgt_core/widget_mng.c ****     uint8_t width = 0;
 118:Dsp/widget/wgt_core/widget_mng.c **** 
 119:Dsp/widget/wgt_core/widget_mng.c ****     if ((hdl == NULL) || ((*hdl) == 0))
 120:Dsp/widget/wgt_core/widget_mng.c ****         return false;
 121:Dsp/widget/wgt_core/widget_mng.c **** 
 122:Dsp/widget/wgt_core/widget_mng.c ****     height = ((WidgetObj_TypeDef *)(*hdl))->height;
 123:Dsp/widget/wgt_core/widget_mng.c ****     width = ((WidgetObj_TypeDef *)(*hdl))->width;
 124:Dsp/widget/wgt_core/widget_mng.c **** 
 125:Dsp/widget/wgt_core/widget_mng.c ****     free(((WidgetObj_TypeDef *)(*hdl))->pixel_map);
 126:Dsp/widget/wgt_core/widget_mng.c **** 
 127:Dsp/widget/wgt_core/widget_mng.c ****     for (uint8_t h = 0; h < height; h++)
 128:Dsp/widget/wgt_core/widget_mng.c ****     {
 129:Dsp/widget/wgt_core/widget_mng.c ****         free(((WidgetObj_TypeDef *)(*hdl))->pixel_map[h]);
 130:Dsp/widget/wgt_core/widget_mng.c ****     }
 131:Dsp/widget/wgt_core/widget_mng.c **** 
 132:Dsp/widget/wgt_core/widget_mng.c ****     MonitorDataObj.remain_size += width * height;
 133:Dsp/widget/wgt_core/widget_mng.c ****     MonitorDataObj.widget_used_size -= width * height;
 134:Dsp/widget/wgt_core/widget_mng.c **** 
 135:Dsp/widget/wgt_core/widget_mng.c ****     if (MonitorDataObj.remain_size > MonitorDataObj.max_display_cache)
 136:Dsp/widget/wgt_core/widget_mng.c ****         return false;
 137:Dsp/widget/wgt_core/widget_mng.c **** 
 138:Dsp/widget/wgt_core/widget_mng.c ****     *hdl = 0;
 139:Dsp/widget/wgt_core/widget_mng.c ****     return true;
 140:Dsp/widget/wgt_core/widget_mng.c **** }
 141:Dsp/widget/wgt_core/widget_mng.c **** 
 142:Dsp/widget/wgt_core/widget_mng.c **** static bool Widget_Show(void)
 143:Dsp/widget/wgt_core/widget_mng.c **** {
 144:Dsp/widget/wgt_core/widget_mng.c ****     if (GetCur_Active_Widget() == NULL)
 145:Dsp/widget/wgt_core/widget_mng.c ****         return false;
ARM GAS  /var/folders/lx/hc4sn_b53233_zkc9xbbl97r0000gp/T//ccNULYqe.s 			page 4


 146:Dsp/widget/wgt_core/widget_mng.c **** 
 147:Dsp/widget/wgt_core/widget_mng.c ****     GetCur_Active_Widget()->on_show = true;
 148:Dsp/widget/wgt_core/widget_mng.c ****     return true;
 149:Dsp/widget/wgt_core/widget_mng.c **** }
 150:Dsp/widget/wgt_core/widget_mng.c **** 
 151:Dsp/widget/wgt_core/widget_mng.c **** static bool Widget_Hide(void)
 152:Dsp/widget/wgt_core/widget_mng.c **** {
 153:Dsp/widget/wgt_core/widget_mng.c ****     if (GetCur_Active_Widget() == NULL)
 154:Dsp/widget/wgt_core/widget_mng.c ****         return false;
 155:Dsp/widget/wgt_core/widget_mng.c **** 
 156:Dsp/widget/wgt_core/widget_mng.c ****     GetCur_Active_Widget()->on_show = false;
 157:Dsp/widget/wgt_core/widget_mng.c ****     return true;
 158:Dsp/widget/wgt_core/widget_mng.c **** }
 159:Dsp/widget/wgt_core/widget_mng.c **** 
 160:Dsp/widget/wgt_core/widget_mng.c **** static bool Widget_MoveTo(uint8_t x, uint8_t y)
 161:Dsp/widget/wgt_core/widget_mng.c **** {
 162:Dsp/widget/wgt_core/widget_mng.c ****     if (GetCur_Active_Widget() == NULL)
 163:Dsp/widget/wgt_core/widget_mng.c ****         return false;
 164:Dsp/widget/wgt_core/widget_mng.c **** 
 165:Dsp/widget/wgt_core/widget_mng.c ****     GetCur_Active_Widget()->cord_x = x;
 166:Dsp/widget/wgt_core/widget_mng.c ****     GetCur_Active_Widget()->cord_y = y;
 167:Dsp/widget/wgt_core/widget_mng.c **** 
 168:Dsp/widget/wgt_core/widget_mng.c ****     return true;
 169:Dsp/widget/wgt_core/widget_mng.c **** }
 170:Dsp/widget/wgt_core/widget_mng.c **** 
 171:Dsp/widget/wgt_core/widget_mng.c **** static Widget_DrawFunc_TypeDef *Widget_DrawInterface(void)
 172:Dsp/widget/wgt_core/widget_mng.c **** {
 173:Dsp/widget/wgt_core/widget_mng.c ****     if (GetCur_Active_Widget() == NULL)
 174:Dsp/widget/wgt_core/widget_mng.c ****         return NULL;
 175:Dsp/widget/wgt_core/widget_mng.c **** 
 176:Dsp/widget/wgt_core/widget_mng.c ****     return GetCur_Active_Widget()->Dsp;
 177:Dsp/widget/wgt_core/widget_mng.c **** }
 178:Dsp/widget/wgt_core/widget_mng.c **** 
 179:Dsp/widget/wgt_core/widget_mng.c **** static Widget_Control_TypeDef *Widget_CtlInterface(void)
 180:Dsp/widget/wgt_core/widget_mng.c **** {
 181:Dsp/widget/wgt_core/widget_mng.c ****     if (GetCur_Active_Widget() == NULL)
 182:Dsp/widget/wgt_core/widget_mng.c ****         return NULL;
 183:Dsp/widget/wgt_core/widget_mng.c **** 
 184:Dsp/widget/wgt_core/widget_mng.c ****     return GetCur_Active_Widget()->Ctl;
 185:Dsp/widget/wgt_core/widget_mng.c **** }
 186:Dsp/widget/wgt_core/widget_mng.c **** 
 187:Dsp/widget/wgt_core/widget_mng.c **** static WidgetObj_TypeDef *GetCur_Active_Widget(void)
 188:Dsp/widget/wgt_core/widget_mng.c **** {
  28              		.loc 1 188 1 view -0
  29              		.cfi_startproc
  30              		@ args = 0, pretend = 0, frame = 0
  31              		@ frame_needed = 0, uses_anonymous_args = 0
  32              		@ link register save eliminated.
 189:Dsp/widget/wgt_core/widget_mng.c ****     if (CurActive_Widget == 0)
  33              		.loc 1 189 5 view .LVU1
 190:Dsp/widget/wgt_core/widget_mng.c ****         return 0;
 191:Dsp/widget/wgt_core/widget_mng.c **** 
 192:Dsp/widget/wgt_core/widget_mng.c ****     return (WidgetObj_TypeDef *)CurActive_Widget;
 193:Dsp/widget/wgt_core/widget_mng.c **** }
  34              		.loc 1 193 1 is_stmt 0 view .LVU2
  35 0000 0020     		movs	r0, #0
  36 0002 7047     		bx	lr
ARM GAS  /var/folders/lx/hc4sn_b53233_zkc9xbbl97r0000gp/T//ccNULYqe.s 			page 5


  37              		.cfi_endproc
  38              	.LFE10:
  40              		.section	.text.Widget_CtlInterface,"ax",%progbits
  41              		.align	1
  42              		.syntax unified
  43              		.thumb
  44              		.thumb_func
  45              		.fpu fpv4-sp-d16
  47              	Widget_CtlInterface:
  48              	.LFB9:
 180:Dsp/widget/wgt_core/widget_mng.c ****     if (GetCur_Active_Widget() == NULL)
  49              		.loc 1 180 1 is_stmt 1 view -0
  50              		.cfi_startproc
  51              		@ args = 0, pretend = 0, frame = 0
  52              		@ frame_needed = 0, uses_anonymous_args = 0
  53 0000 08B5     		push	{r3, lr}
  54              	.LCFI0:
  55              		.cfi_def_cfa_offset 8
  56              		.cfi_offset 3, -8
  57              		.cfi_offset 14, -4
 181:Dsp/widget/wgt_core/widget_mng.c ****         return NULL;
  58              		.loc 1 181 5 view .LVU4
 181:Dsp/widget/wgt_core/widget_mng.c ****         return NULL;
  59              		.loc 1 181 9 is_stmt 0 view .LVU5
  60 0002 FFF7FEFF 		bl	GetCur_Active_Widget
  61              	.LVL0:
 181:Dsp/widget/wgt_core/widget_mng.c ****         return NULL;
  62              		.loc 1 181 8 view .LVU6
  63 0006 0346     		mov	r3, r0
  64 0008 00B1     		cbz	r0, .L2
 184:Dsp/widget/wgt_core/widget_mng.c **** }
  65              		.loc 1 184 5 is_stmt 1 view .LVU7
 184:Dsp/widget/wgt_core/widget_mng.c **** }
  66              		.loc 1 184 34 is_stmt 0 view .LVU8
  67 000a 8369     		ldr	r3, [r0, #24]
  68              	.L2:
 185:Dsp/widget/wgt_core/widget_mng.c **** 
  69              		.loc 1 185 1 view .LVU9
  70 000c 1846     		mov	r0, r3
  71 000e 08BD     		pop	{r3, pc}
  72              		.cfi_endproc
  73              	.LFE9:
  75              		.section	.text.Widget_DrawInterface,"ax",%progbits
  76              		.align	1
  77              		.syntax unified
  78              		.thumb
  79              		.thumb_func
  80              		.fpu fpv4-sp-d16
  82              	Widget_DrawInterface:
  83              	.LFB8:
 172:Dsp/widget/wgt_core/widget_mng.c ****     if (GetCur_Active_Widget() == NULL)
  84              		.loc 1 172 1 is_stmt 1 view -0
  85              		.cfi_startproc
  86              		@ args = 0, pretend = 0, frame = 0
  87              		@ frame_needed = 0, uses_anonymous_args = 0
  88 0000 08B5     		push	{r3, lr}
  89              	.LCFI1:
ARM GAS  /var/folders/lx/hc4sn_b53233_zkc9xbbl97r0000gp/T//ccNULYqe.s 			page 6


  90              		.cfi_def_cfa_offset 8
  91              		.cfi_offset 3, -8
  92              		.cfi_offset 14, -4
 173:Dsp/widget/wgt_core/widget_mng.c ****         return NULL;
  93              		.loc 1 173 5 view .LVU11
 173:Dsp/widget/wgt_core/widget_mng.c ****         return NULL;
  94              		.loc 1 173 9 is_stmt 0 view .LVU12
  95 0002 FFF7FEFF 		bl	GetCur_Active_Widget
  96              	.LVL1:
 173:Dsp/widget/wgt_core/widget_mng.c ****         return NULL;
  97              		.loc 1 173 8 view .LVU13
  98 0006 0346     		mov	r3, r0
  99 0008 00B1     		cbz	r0, .L5
 176:Dsp/widget/wgt_core/widget_mng.c **** }
 100              		.loc 1 176 5 is_stmt 1 view .LVU14
 176:Dsp/widget/wgt_core/widget_mng.c **** }
 101              		.loc 1 176 34 is_stmt 0 view .LVU15
 102 000a 4369     		ldr	r3, [r0, #20]
 103              	.L5:
 177:Dsp/widget/wgt_core/widget_mng.c **** 
 104              		.loc 1 177 1 view .LVU16
 105 000c 1846     		mov	r0, r3
 106 000e 08BD     		pop	{r3, pc}
 107              		.cfi_endproc
 108              	.LFE8:
 110              		.section	.text.Widget_MoveTo,"ax",%progbits
 111              		.align	1
 112              		.syntax unified
 113              		.thumb
 114              		.thumb_func
 115              		.fpu fpv4-sp-d16
 117              	Widget_MoveTo:
 118              	.LVL2:
 119              	.LFB7:
 161:Dsp/widget/wgt_core/widget_mng.c ****     if (GetCur_Active_Widget() == NULL)
 120              		.loc 1 161 1 is_stmt 1 view -0
 121              		.cfi_startproc
 122              		@ args = 0, pretend = 0, frame = 0
 123              		@ frame_needed = 0, uses_anonymous_args = 0
 161:Dsp/widget/wgt_core/widget_mng.c ****     if (GetCur_Active_Widget() == NULL)
 124              		.loc 1 161 1 is_stmt 0 view .LVU18
 125 0000 38B5     		push	{r3, r4, r5, lr}
 126              	.LCFI2:
 127              		.cfi_def_cfa_offset 16
 128              		.cfi_offset 3, -16
 129              		.cfi_offset 4, -12
 130              		.cfi_offset 5, -8
 131              		.cfi_offset 14, -4
 132 0002 0546     		mov	r5, r0
 133 0004 0C46     		mov	r4, r1
 162:Dsp/widget/wgt_core/widget_mng.c ****         return false;
 134              		.loc 1 162 5 is_stmt 1 view .LVU19
 162:Dsp/widget/wgt_core/widget_mng.c ****         return false;
 135              		.loc 1 162 9 is_stmt 0 view .LVU20
 136 0006 FFF7FEFF 		bl	GetCur_Active_Widget
 137              	.LVL3:
 162:Dsp/widget/wgt_core/widget_mng.c ****         return false;
ARM GAS  /var/folders/lx/hc4sn_b53233_zkc9xbbl97r0000gp/T//ccNULYqe.s 			page 7


 138              		.loc 1 162 8 view .LVU21
 139 000a 28B1     		cbz	r0, .L10
 165:Dsp/widget/wgt_core/widget_mng.c ****     GetCur_Active_Widget()->cord_y = y;
 140              		.loc 1 165 5 is_stmt 1 view .LVU22
 165:Dsp/widget/wgt_core/widget_mng.c ****     GetCur_Active_Widget()->cord_y = y;
 141              		.loc 1 165 36 is_stmt 0 view .LVU23
 142 000c 4571     		strb	r5, [r0, #5]
 166:Dsp/widget/wgt_core/widget_mng.c **** 
 143              		.loc 1 166 5 is_stmt 1 view .LVU24
 144 000e FFF7FEFF 		bl	GetCur_Active_Widget
 145              	.LVL4:
 166:Dsp/widget/wgt_core/widget_mng.c **** 
 146              		.loc 1 166 36 is_stmt 0 view .LVU25
 147 0012 8471     		strb	r4, [r0, #6]
 168:Dsp/widget/wgt_core/widget_mng.c **** }
 148              		.loc 1 168 5 is_stmt 1 view .LVU26
 168:Dsp/widget/wgt_core/widget_mng.c **** }
 149              		.loc 1 168 12 is_stmt 0 view .LVU27
 150 0014 0120     		movs	r0, #1
 151              	.L9:
 169:Dsp/widget/wgt_core/widget_mng.c **** 
 152              		.loc 1 169 1 view .LVU28
 153 0016 38BD     		pop	{r3, r4, r5, pc}
 154              	.L10:
 163:Dsp/widget/wgt_core/widget_mng.c **** 
 155              		.loc 1 163 16 view .LVU29
 156 0018 0020     		movs	r0, #0
 157 001a FCE7     		b	.L9
 158              		.cfi_endproc
 159              	.LFE7:
 161              		.section	.text.Widget_Hide,"ax",%progbits
 162              		.align	1
 163              		.syntax unified
 164              		.thumb
 165              		.thumb_func
 166              		.fpu fpv4-sp-d16
 168              	Widget_Hide:
 169              	.LFB6:
 152:Dsp/widget/wgt_core/widget_mng.c ****     if (GetCur_Active_Widget() == NULL)
 170              		.loc 1 152 1 is_stmt 1 view -0
 171              		.cfi_startproc
 172              		@ args = 0, pretend = 0, frame = 0
 173              		@ frame_needed = 0, uses_anonymous_args = 0
 174 0000 08B5     		push	{r3, lr}
 175              	.LCFI3:
 176              		.cfi_def_cfa_offset 8
 177              		.cfi_offset 3, -8
 178              		.cfi_offset 14, -4
 153:Dsp/widget/wgt_core/widget_mng.c ****         return false;
 179              		.loc 1 153 5 view .LVU31
 153:Dsp/widget/wgt_core/widget_mng.c ****         return false;
 180              		.loc 1 153 9 is_stmt 0 view .LVU32
 181 0002 FFF7FEFF 		bl	GetCur_Active_Widget
 182              	.LVL5:
 153:Dsp/widget/wgt_core/widget_mng.c ****         return false;
 183              		.loc 1 153 8 view .LVU33
 184 0006 18B1     		cbz	r0, .L14
ARM GAS  /var/folders/lx/hc4sn_b53233_zkc9xbbl97r0000gp/T//ccNULYqe.s 			page 8


 156:Dsp/widget/wgt_core/widget_mng.c ****     return true;
 185              		.loc 1 156 5 is_stmt 1 view .LVU34
 156:Dsp/widget/wgt_core/widget_mng.c ****     return true;
 186              		.loc 1 156 37 is_stmt 0 view .LVU35
 187 0008 0022     		movs	r2, #0
 188 000a C270     		strb	r2, [r0, #3]
 157:Dsp/widget/wgt_core/widget_mng.c **** }
 189              		.loc 1 157 5 is_stmt 1 view .LVU36
 157:Dsp/widget/wgt_core/widget_mng.c **** }
 190              		.loc 1 157 12 is_stmt 0 view .LVU37
 191 000c 0120     		movs	r0, #1
 192              	.L13:
 158:Dsp/widget/wgt_core/widget_mng.c **** 
 193              		.loc 1 158 1 view .LVU38
 194 000e 08BD     		pop	{r3, pc}
 195              	.L14:
 154:Dsp/widget/wgt_core/widget_mng.c **** 
 196              		.loc 1 154 16 view .LVU39
 197 0010 0020     		movs	r0, #0
 198 0012 FCE7     		b	.L13
 199              		.cfi_endproc
 200              	.LFE6:
 202              		.section	.text.Widget_Show,"ax",%progbits
 203              		.align	1
 204              		.syntax unified
 205              		.thumb
 206              		.thumb_func
 207              		.fpu fpv4-sp-d16
 209              	Widget_Show:
 210              	.LFB5:
 143:Dsp/widget/wgt_core/widget_mng.c ****     if (GetCur_Active_Widget() == NULL)
 211              		.loc 1 143 1 is_stmt 1 view -0
 212              		.cfi_startproc
 213              		@ args = 0, pretend = 0, frame = 0
 214              		@ frame_needed = 0, uses_anonymous_args = 0
 215 0000 08B5     		push	{r3, lr}
 216              	.LCFI4:
 217              		.cfi_def_cfa_offset 8
 218              		.cfi_offset 3, -8
 219              		.cfi_offset 14, -4
 144:Dsp/widget/wgt_core/widget_mng.c ****         return false;
 220              		.loc 1 144 5 view .LVU41
 144:Dsp/widget/wgt_core/widget_mng.c ****         return false;
 221              		.loc 1 144 9 is_stmt 0 view .LVU42
 222 0002 FFF7FEFF 		bl	GetCur_Active_Widget
 223              	.LVL6:
 144:Dsp/widget/wgt_core/widget_mng.c ****         return false;
 224              		.loc 1 144 8 view .LVU43
 225 0006 18B1     		cbz	r0, .L18
 226 0008 0346     		mov	r3, r0
 147:Dsp/widget/wgt_core/widget_mng.c ****     return true;
 227              		.loc 1 147 5 is_stmt 1 view .LVU44
 147:Dsp/widget/wgt_core/widget_mng.c ****     return true;
 228              		.loc 1 147 37 is_stmt 0 view .LVU45
 229 000a 0120     		movs	r0, #1
 230 000c D870     		strb	r0, [r3, #3]
 148:Dsp/widget/wgt_core/widget_mng.c **** }
ARM GAS  /var/folders/lx/hc4sn_b53233_zkc9xbbl97r0000gp/T//ccNULYqe.s 			page 9


 231              		.loc 1 148 5 is_stmt 1 view .LVU46
 232              	.L17:
 149:Dsp/widget/wgt_core/widget_mng.c **** 
 233              		.loc 1 149 1 is_stmt 0 view .LVU47
 234 000e 08BD     		pop	{r3, pc}
 235              	.L18:
 145:Dsp/widget/wgt_core/widget_mng.c **** 
 236              		.loc 1 145 16 view .LVU48
 237 0010 0020     		movs	r0, #0
 238 0012 FCE7     		b	.L17
 239              		.cfi_endproc
 240              	.LFE5:
 242              		.section	.text.Widget_FreshAll,"ax",%progbits
 243              		.align	1
 244              		.syntax unified
 245              		.thumb
 246              		.thumb_func
 247              		.fpu fpv4-sp-d16
 249              	Widget_FreshAll:
 250              	.LFB13:
 194:Dsp/widget/wgt_core/widget_mng.c **** 
 195:Dsp/widget/wgt_core/widget_mng.c **** static Widget_DrawFunc_TypeDef *Widget_Draw(Widget_Handle hdl)
 196:Dsp/widget/wgt_core/widget_mng.c **** {
 197:Dsp/widget/wgt_core/widget_mng.c ****     WidgetObj_TypeDef *widget_tmp = (WidgetObj_TypeDef *)hdl;
 198:Dsp/widget/wgt_core/widget_mng.c ****     CurActive_Widget = hdl;
 199:Dsp/widget/wgt_core/widget_mng.c **** 
 200:Dsp/widget/wgt_core/widget_mng.c ****     return widget_tmp->Dsp;
 201:Dsp/widget/wgt_core/widget_mng.c **** }
 202:Dsp/widget/wgt_core/widget_mng.c **** 
 203:Dsp/widget/wgt_core/widget_mng.c **** static void Widget_Fusion(void)
 204:Dsp/widget/wgt_core/widget_mng.c **** {
 205:Dsp/widget/wgt_core/widget_mng.c ****     if (MonitorDataObj.created_widget > 0)
 206:Dsp/widget/wgt_core/widget_mng.c ****     {
 207:Dsp/widget/wgt_core/widget_mng.c ****         for (uint8_t widget_index = 0; widget_index < MonitorDataObj.created_widget; widget_index++
 208:Dsp/widget/wgt_core/widget_mng.c ****         {
 209:Dsp/widget/wgt_core/widget_mng.c ****         }
 210:Dsp/widget/wgt_core/widget_mng.c ****     }
 211:Dsp/widget/wgt_core/widget_mng.c **** }
 212:Dsp/widget/wgt_core/widget_mng.c **** 
 213:Dsp/widget/wgt_core/widget_mng.c **** //fresh all widget
 214:Dsp/widget/wgt_core/widget_mng.c **** static bool Widget_FreshAll(void)
 215:Dsp/widget/wgt_core/widget_mng.c **** {
 251              		.loc 1 215 1 is_stmt 1 view -0
 252              		.cfi_startproc
 253              		@ args = 0, pretend = 0, frame = 0
 254              		@ frame_needed = 0, uses_anonymous_args = 0
 255              		@ link register save eliminated.
 256              	.L21:
 216:Dsp/widget/wgt_core/widget_mng.c ****     WidgetObj_TypeDef *tmp = NULL;
 217:Dsp/widget/wgt_core/widget_mng.c **** 
 218:Dsp/widget/wgt_core/widget_mng.c ****     while (true)
 257              		.loc 1 218 5 view .LVU50
 219:Dsp/widget/wgt_core/widget_mng.c ****     {
 220:Dsp/widget/wgt_core/widget_mng.c ****         switch ((uint8_t)WidgetFresh_State)
 258              		.loc 1 220 9 view .LVU51
 259              		.loc 1 220 17 is_stmt 0 view .LVU52
 260 0000 074B     		ldr	r3, .L27
ARM GAS  /var/folders/lx/hc4sn_b53233_zkc9xbbl97r0000gp/T//ccNULYqe.s 			page 10


 261 0002 1B78     		ldrb	r3, [r3]	@ zero_extendqisi2
 262              		.loc 1 220 9 view .LVU53
 263 0004 012B     		cmp	r3, #1
 264 0006 FBD0     		beq	.L21
 265 0008 022B     		cmp	r3, #2
 266 000a 06D0     		beq	.L24
 267 000c 0BB1     		cbz	r3, .L26
 268 000e 0020     		movs	r0, #0
 221:Dsp/widget/wgt_core/widget_mng.c ****         {
 222:Dsp/widget/wgt_core/widget_mng.c ****         case Fresh_State_DrvInit:
 223:Dsp/widget/wgt_core/widget_mng.c ****             WidgetFresh_State = Fresh_State_Reguler;
 224:Dsp/widget/wgt_core/widget_mng.c ****             //DrvOled.init(&Oled);
 225:Dsp/widget/wgt_core/widget_mng.c ****             break;
 226:Dsp/widget/wgt_core/widget_mng.c **** 
 227:Dsp/widget/wgt_core/widget_mng.c ****         case Fresh_State_Reguler:
 228:Dsp/widget/wgt_core/widget_mng.c ****             Widget_Fusion();
 229:Dsp/widget/wgt_core/widget_mng.c ****             //DrvOled.fresh();
 230:Dsp/widget/wgt_core/widget_mng.c ****             return true;
 231:Dsp/widget/wgt_core/widget_mng.c **** 
 232:Dsp/widget/wgt_core/widget_mng.c ****         case Fresh_State_DrvError:
 233:Dsp/widget/wgt_core/widget_mng.c ****             break;
 234:Dsp/widget/wgt_core/widget_mng.c **** 
 235:Dsp/widget/wgt_core/widget_mng.c ****         default:
 236:Dsp/widget/wgt_core/widget_mng.c ****             return false;
 237:Dsp/widget/wgt_core/widget_mng.c ****         }
 238:Dsp/widget/wgt_core/widget_mng.c ****     }
 239:Dsp/widget/wgt_core/widget_mng.c **** }
 269              		.loc 1 239 1 view .LVU54
 270 0010 7047     		bx	lr
 271              	.L26:
 223:Dsp/widget/wgt_core/widget_mng.c ****             //DrvOled.init(&Oled);
 272              		.loc 1 223 13 is_stmt 1 view .LVU55
 223:Dsp/widget/wgt_core/widget_mng.c ****             //DrvOled.init(&Oled);
 273              		.loc 1 223 31 is_stmt 0 view .LVU56
 274 0012 034B     		ldr	r3, .L27
 275 0014 0222     		movs	r2, #2
 276 0016 1A70     		strb	r2, [r3]
 225:Dsp/widget/wgt_core/widget_mng.c **** 
 277              		.loc 1 225 13 is_stmt 1 view .LVU57
 278 0018 F2E7     		b	.L21
 279              	.L24:
 230:Dsp/widget/wgt_core/widget_mng.c **** 
 280              		.loc 1 230 20 is_stmt 0 view .LVU58
 281 001a 0120     		movs	r0, #1
 282 001c 7047     		bx	lr
 283              	.L28:
 284 001e 00BF     		.align	2
 285              	.L27:
 286 0020 00000000 		.word	.LANCHOR0
 287              		.cfi_endproc
 288              	.LFE13:
 290              		.section	.text.Widget_DrawPoint,"ax",%progbits
 291              		.align	1
 292              		.syntax unified
 293              		.thumb
 294              		.thumb_func
 295              		.fpu fpv4-sp-d16
ARM GAS  /var/folders/lx/hc4sn_b53233_zkc9xbbl97r0000gp/T//ccNULYqe.s 			page 11


 297              	Widget_DrawPoint:
 298              	.LVL7:
 299              	.LFB16:
 240:Dsp/widget/wgt_core/widget_mng.c **** 
 241:Dsp/widget/wgt_core/widget_mng.c **** static void Widget_CtlShow(void)
 242:Dsp/widget/wgt_core/widget_mng.c **** {
 243:Dsp/widget/wgt_core/widget_mng.c ****     WidgetObj_TypeDef *tmp = GetCur_Active_Widget();
 244:Dsp/widget/wgt_core/widget_mng.c **** 
 245:Dsp/widget/wgt_core/widget_mng.c ****     tmp->on_show = true;
 246:Dsp/widget/wgt_core/widget_mng.c **** }
 247:Dsp/widget/wgt_core/widget_mng.c **** 
 248:Dsp/widget/wgt_core/widget_mng.c **** static void Widget_CtlHide(void)
 249:Dsp/widget/wgt_core/widget_mng.c **** {
 250:Dsp/widget/wgt_core/widget_mng.c ****     WidgetObj_TypeDef *tmp = GetCur_Active_Widget();
 251:Dsp/widget/wgt_core/widget_mng.c **** 
 252:Dsp/widget/wgt_core/widget_mng.c ****     tmp->on_show = false;
 253:Dsp/widget/wgt_core/widget_mng.c **** }
 254:Dsp/widget/wgt_core/widget_mng.c **** 
 255:Dsp/widget/wgt_core/widget_mng.c **** static void Widget_DrawPoint(uint8_t x, uint8_t y, bool set)
 256:Dsp/widget/wgt_core/widget_mng.c **** {
 300              		.loc 1 256 1 is_stmt 1 view -0
 301              		.cfi_startproc
 302              		@ args = 0, pretend = 0, frame = 0
 303              		@ frame_needed = 0, uses_anonymous_args = 0
 304              		.loc 1 256 1 is_stmt 0 view .LVU60
 305 0000 F8B5     		push	{r3, r4, r5, r6, r7, lr}
 306              	.LCFI5:
 307              		.cfi_def_cfa_offset 24
 308              		.cfi_offset 3, -24
 309              		.cfi_offset 4, -20
 310              		.cfi_offset 5, -16
 311              		.cfi_offset 6, -12
 312              		.cfi_offset 7, -8
 313              		.cfi_offset 14, -4
 314 0002 0546     		mov	r5, r0
 315 0004 0F46     		mov	r7, r1
 316 0006 1446     		mov	r4, r2
 257:Dsp/widget/wgt_core/widget_mng.c ****     WidgetObj_TypeDef *tmp = GetCur_Active_Widget();
 317              		.loc 1 257 5 is_stmt 1 view .LVU61
 318              		.loc 1 257 30 is_stmt 0 view .LVU62
 319 0008 FFF7FEFF 		bl	GetCur_Active_Widget
 320              	.LVL8:
 258:Dsp/widget/wgt_core/widget_mng.c **** 
 259:Dsp/widget/wgt_core/widget_mng.c ****     GenDsp_Interface.draw_point(tmp->pixel_map,
 321              		.loc 1 259 5 is_stmt 1 view .LVU63
 322              		.loc 1 259 21 is_stmt 0 view .LVU64
 323 000c 074B     		ldr	r3, .L31
 324 000e 1E68     		ldr	r6, [r3]
 260:Dsp/widget/wgt_core/widget_mng.c ****                                 x + tmp->cord_x,
 325              		.loc 1 260 40 view .LVU65
 326 0010 90F805C0 		ldrb	ip, [r0, #5]	@ zero_extendqisi2
 261:Dsp/widget/wgt_core/widget_mng.c ****                                 y + tmp->cord_y,
 327              		.loc 1 261 40 view .LVU66
 328 0014 90F806E0 		ldrb	lr, [r0, #6]	@ zero_extendqisi2
 259:Dsp/widget/wgt_core/widget_mng.c ****                                 x + tmp->cord_x,
 329              		.loc 1 259 5 view .LVU67
 330 0018 BE44     		add	lr, lr, r7
ARM GAS  /var/folders/lx/hc4sn_b53233_zkc9xbbl97r0000gp/T//ccNULYqe.s 			page 12


 331 001a 0CEB0501 		add	r1, ip, r5
 332 001e 2346     		mov	r3, r4
 333 0020 5FFA8EF2 		uxtb	r2, lr
 334 0024 C9B2     		uxtb	r1, r1
 335 0026 C068     		ldr	r0, [r0, #12]
 336              	.LVL9:
 259:Dsp/widget/wgt_core/widget_mng.c ****                                 x + tmp->cord_x,
 337              		.loc 1 259 5 view .LVU68
 338 0028 B047     		blx	r6
 339              	.LVL10:
 262:Dsp/widget/wgt_core/widget_mng.c ****                                 set);
 263:Dsp/widget/wgt_core/widget_mng.c **** }
 340              		.loc 1 263 1 view .LVU69
 341 002a F8BD     		pop	{r3, r4, r5, r6, r7, pc}
 342              	.L32:
 343              		.align	2
 344              	.L31:
 345 002c 00000000 		.word	GenDsp_Interface
 346              		.cfi_endproc
 347              	.LFE16:
 349              		.section	.text.Widget_DrawNum,"ax",%progbits
 350              		.align	1
 351              		.syntax unified
 352              		.thumb
 353              		.thumb_func
 354              		.fpu fpv4-sp-d16
 356              	Widget_DrawNum:
 357              	.LVL11:
 358              	.LFB17:
 264:Dsp/widget/wgt_core/widget_mng.c **** 
 265:Dsp/widget/wgt_core/widget_mng.c **** static void Widget_DrawNum(Widget_Font font, int32_t num, uint8_t x, uint8_t y, bool col_cnv)
 266:Dsp/widget/wgt_core/widget_mng.c **** {
 359              		.loc 1 266 1 is_stmt 1 view -0
 360              		.cfi_startproc
 361              		@ args = 4, pretend = 0, frame = 0
 362              		@ frame_needed = 0, uses_anonymous_args = 0
 363              		.loc 1 266 1 is_stmt 0 view .LVU71
 364 0000 2DE9F043 		push	{r4, r5, r6, r7, r8, r9, lr}
 365              	.LCFI6:
 366              		.cfi_def_cfa_offset 28
 367              		.cfi_offset 4, -28
 368              		.cfi_offset 5, -24
 369              		.cfi_offset 6, -20
 370              		.cfi_offset 7, -16
 371              		.cfi_offset 8, -12
 372              		.cfi_offset 9, -8
 373              		.cfi_offset 14, -4
 374 0004 83B0     		sub	sp, sp, #12
 375              	.LCFI7:
 376              		.cfi_def_cfa_offset 40
 377 0006 0546     		mov	r5, r0
 378 0008 0E46     		mov	r6, r1
 379 000a 9146     		mov	r9, r2
 380 000c 9846     		mov	r8, r3
 267:Dsp/widget/wgt_core/widget_mng.c ****     WidgetObj_TypeDef *tmp = GetCur_Active_Widget();
 381              		.loc 1 267 5 is_stmt 1 view .LVU72
 382              		.loc 1 267 30 is_stmt 0 view .LVU73
ARM GAS  /var/folders/lx/hc4sn_b53233_zkc9xbbl97r0000gp/T//ccNULYqe.s 			page 13


 383 000e FFF7FEFF 		bl	GetCur_Active_Widget
 384              	.LVL12:
 268:Dsp/widget/wgt_core/widget_mng.c **** 
 269:Dsp/widget/wgt_core/widget_mng.c ****     GenDsp_Interface.draw_num(font,
 385              		.loc 1 269 5 is_stmt 1 view .LVU74
 386              		.loc 1 269 21 is_stmt 0 view .LVU75
 387 0012 094B     		ldr	r3, .L35
 388 0014 1F69     		ldr	r7, [r3, #16]
 270:Dsp/widget/wgt_core/widget_mng.c ****                               tmp->pixel_map,
 271:Dsp/widget/wgt_core/widget_mng.c ****                               num,
 272:Dsp/widget/wgt_core/widget_mng.c ****                               x + tmp->cord_x,
 389              		.loc 1 272 38 view .LVU76
 390 0016 4279     		ldrb	r2, [r0, #5]	@ zero_extendqisi2
 273:Dsp/widget/wgt_core/widget_mng.c ****                               y + tmp->cord_y,
 391              		.loc 1 273 38 view .LVU77
 392 0018 8479     		ldrb	r4, [r0, #6]	@ zero_extendqisi2
 269:Dsp/widget/wgt_core/widget_mng.c ****                               tmp->pixel_map,
 393              		.loc 1 269 5 view .LVU78
 394 001a 4A44     		add	r2, r2, r9
 395 001c C168     		ldr	r1, [r0, #12]
 396 001e 9DF82830 		ldrb	r3, [sp, #40]	@ zero_extendqisi2
 397 0022 0193     		str	r3, [sp, #4]
 398 0024 4444     		add	r4, r4, r8
 399 0026 E4B2     		uxtb	r4, r4
 400 0028 0094     		str	r4, [sp]
 401 002a D3B2     		uxtb	r3, r2
 402 002c 3246     		mov	r2, r6
 403 002e 2846     		mov	r0, r5
 404              	.LVL13:
 269:Dsp/widget/wgt_core/widget_mng.c ****                               tmp->pixel_map,
 405              		.loc 1 269 5 view .LVU79
 406 0030 B847     		blx	r7
 407              	.LVL14:
 274:Dsp/widget/wgt_core/widget_mng.c ****                               col_cnv);
 275:Dsp/widget/wgt_core/widget_mng.c **** }
 408              		.loc 1 275 1 view .LVU80
 409 0032 03B0     		add	sp, sp, #12
 410              	.LCFI8:
 411              		.cfi_def_cfa_offset 28
 412              		@ sp needed
 413 0034 BDE8F083 		pop	{r4, r5, r6, r7, r8, r9, pc}
 414              	.LVL15:
 415              	.L36:
 416              		.loc 1 275 1 view .LVU81
 417              		.align	2
 418              	.L35:
 419 0038 00000000 		.word	GenDsp_Interface
 420              		.cfi_endproc
 421              	.LFE17:
 423              		.section	.text.Widget_DrawChr,"ax",%progbits
 424              		.align	1
 425              		.syntax unified
 426              		.thumb
 427              		.thumb_func
 428              		.fpu fpv4-sp-d16
 430              	Widget_DrawChr:
 431              	.LVL16:
ARM GAS  /var/folders/lx/hc4sn_b53233_zkc9xbbl97r0000gp/T//ccNULYqe.s 			page 14


 432              	.LFB18:
 276:Dsp/widget/wgt_core/widget_mng.c **** 
 277:Dsp/widget/wgt_core/widget_mng.c **** static void Widget_DrawChr(Widget_Font font, char char_dsp, uint8_t x, uint8_t y, bool col_cnv)
 278:Dsp/widget/wgt_core/widget_mng.c **** {
 433              		.loc 1 278 1 is_stmt 1 view -0
 434              		.cfi_startproc
 435              		@ args = 4, pretend = 0, frame = 0
 436              		@ frame_needed = 0, uses_anonymous_args = 0
 437              		.loc 1 278 1 is_stmt 0 view .LVU83
 438 0000 2DE9F043 		push	{r4, r5, r6, r7, r8, r9, lr}
 439              	.LCFI9:
 440              		.cfi_def_cfa_offset 28
 441              		.cfi_offset 4, -28
 442              		.cfi_offset 5, -24
 443              		.cfi_offset 6, -20
 444              		.cfi_offset 7, -16
 445              		.cfi_offset 8, -12
 446              		.cfi_offset 9, -8
 447              		.cfi_offset 14, -4
 448 0004 83B0     		sub	sp, sp, #12
 449              	.LCFI10:
 450              		.cfi_def_cfa_offset 40
 451 0006 0546     		mov	r5, r0
 452 0008 0E46     		mov	r6, r1
 453 000a 9146     		mov	r9, r2
 454 000c 9846     		mov	r8, r3
 279:Dsp/widget/wgt_core/widget_mng.c ****     WidgetObj_TypeDef *tmp = GetCur_Active_Widget();
 455              		.loc 1 279 5 is_stmt 1 view .LVU84
 456              		.loc 1 279 30 is_stmt 0 view .LVU85
 457 000e FFF7FEFF 		bl	GetCur_Active_Widget
 458              	.LVL17:
 280:Dsp/widget/wgt_core/widget_mng.c **** 
 281:Dsp/widget/wgt_core/widget_mng.c ****     GenDsp_Interface.draw_char(font,
 459              		.loc 1 281 5 is_stmt 1 view .LVU86
 460              		.loc 1 281 21 is_stmt 0 view .LVU87
 461 0012 094B     		ldr	r3, .L39
 462 0014 9F68     		ldr	r7, [r3, #8]
 282:Dsp/widget/wgt_core/widget_mng.c ****                                tmp->pixel_map,
 283:Dsp/widget/wgt_core/widget_mng.c ****                                char_dsp,
 284:Dsp/widget/wgt_core/widget_mng.c ****                                x + tmp->cord_x,
 463              		.loc 1 284 39 view .LVU88
 464 0016 4279     		ldrb	r2, [r0, #5]	@ zero_extendqisi2
 285:Dsp/widget/wgt_core/widget_mng.c ****                                y + tmp->cord_y,
 465              		.loc 1 285 39 view .LVU89
 466 0018 8479     		ldrb	r4, [r0, #6]	@ zero_extendqisi2
 281:Dsp/widget/wgt_core/widget_mng.c ****                                tmp->pixel_map,
 467              		.loc 1 281 5 view .LVU90
 468 001a 4A44     		add	r2, r2, r9
 469 001c C168     		ldr	r1, [r0, #12]
 470 001e 9DF82830 		ldrb	r3, [sp, #40]	@ zero_extendqisi2
 471 0022 0193     		str	r3, [sp, #4]
 472 0024 4444     		add	r4, r4, r8
 473 0026 E4B2     		uxtb	r4, r4
 474 0028 0094     		str	r4, [sp]
 475 002a D3B2     		uxtb	r3, r2
 476 002c 3246     		mov	r2, r6
 477 002e 2846     		mov	r0, r5
ARM GAS  /var/folders/lx/hc4sn_b53233_zkc9xbbl97r0000gp/T//ccNULYqe.s 			page 15


 478              	.LVL18:
 281:Dsp/widget/wgt_core/widget_mng.c ****                                tmp->pixel_map,
 479              		.loc 1 281 5 view .LVU91
 480 0030 B847     		blx	r7
 481              	.LVL19:
 286:Dsp/widget/wgt_core/widget_mng.c ****                                col_cnv);
 287:Dsp/widget/wgt_core/widget_mng.c **** }
 482              		.loc 1 287 1 view .LVU92
 483 0032 03B0     		add	sp, sp, #12
 484              	.LCFI11:
 485              		.cfi_def_cfa_offset 28
 486              		@ sp needed
 487 0034 BDE8F083 		pop	{r4, r5, r6, r7, r8, r9, pc}
 488              	.LVL20:
 489              	.L40:
 490              		.loc 1 287 1 view .LVU93
 491              		.align	2
 492              	.L39:
 493 0038 00000000 		.word	GenDsp_Interface
 494              		.cfi_endproc
 495              	.LFE18:
 497              		.section	.text.Widget_DrawStr,"ax",%progbits
 498              		.align	1
 499              		.syntax unified
 500              		.thumb
 501              		.thumb_func
 502              		.fpu fpv4-sp-d16
 504              	Widget_DrawStr:
 505              	.LVL21:
 506              	.LFB19:
 288:Dsp/widget/wgt_core/widget_mng.c **** 
 289:Dsp/widget/wgt_core/widget_mng.c **** static void Widget_DrawStr(Widget_Font font, char *str_dsp, uint8_t x, uint8_t y, bool col_cnv)
 290:Dsp/widget/wgt_core/widget_mng.c **** {
 507              		.loc 1 290 1 is_stmt 1 view -0
 508              		.cfi_startproc
 509              		@ args = 4, pretend = 0, frame = 0
 510              		@ frame_needed = 0, uses_anonymous_args = 0
 511              		.loc 1 290 1 is_stmt 0 view .LVU95
 512 0000 2DE9F043 		push	{r4, r5, r6, r7, r8, r9, lr}
 513              	.LCFI12:
 514              		.cfi_def_cfa_offset 28
 515              		.cfi_offset 4, -28
 516              		.cfi_offset 5, -24
 517              		.cfi_offset 6, -20
 518              		.cfi_offset 7, -16
 519              		.cfi_offset 8, -12
 520              		.cfi_offset 9, -8
 521              		.cfi_offset 14, -4
 522 0004 83B0     		sub	sp, sp, #12
 523              	.LCFI13:
 524              		.cfi_def_cfa_offset 40
 525 0006 0546     		mov	r5, r0
 526 0008 0E46     		mov	r6, r1
 527 000a 9146     		mov	r9, r2
 528 000c 9846     		mov	r8, r3
 291:Dsp/widget/wgt_core/widget_mng.c ****     WidgetObj_TypeDef *tmp = GetCur_Active_Widget();
 529              		.loc 1 291 5 is_stmt 1 view .LVU96
ARM GAS  /var/folders/lx/hc4sn_b53233_zkc9xbbl97r0000gp/T//ccNULYqe.s 			page 16


 530              		.loc 1 291 30 is_stmt 0 view .LVU97
 531 000e FFF7FEFF 		bl	GetCur_Active_Widget
 532              	.LVL22:
 292:Dsp/widget/wgt_core/widget_mng.c **** 
 293:Dsp/widget/wgt_core/widget_mng.c ****     GenDsp_Interface.draw_str(font,
 533              		.loc 1 293 5 is_stmt 1 view .LVU98
 534              		.loc 1 293 21 is_stmt 0 view .LVU99
 535 0012 094B     		ldr	r3, .L43
 536 0014 DF68     		ldr	r7, [r3, #12]
 294:Dsp/widget/wgt_core/widget_mng.c ****                               tmp->pixel_map,
 295:Dsp/widget/wgt_core/widget_mng.c ****                               str_dsp,
 296:Dsp/widget/wgt_core/widget_mng.c ****                               x + tmp->cord_x,
 537              		.loc 1 296 38 view .LVU100
 538 0016 4279     		ldrb	r2, [r0, #5]	@ zero_extendqisi2
 297:Dsp/widget/wgt_core/widget_mng.c ****                               y + tmp->cord_y,
 539              		.loc 1 297 38 view .LVU101
 540 0018 8479     		ldrb	r4, [r0, #6]	@ zero_extendqisi2
 293:Dsp/widget/wgt_core/widget_mng.c ****                               tmp->pixel_map,
 541              		.loc 1 293 5 view .LVU102
 542 001a 4A44     		add	r2, r2, r9
 543 001c C168     		ldr	r1, [r0, #12]
 544 001e 9DF82830 		ldrb	r3, [sp, #40]	@ zero_extendqisi2
 545 0022 0193     		str	r3, [sp, #4]
 546 0024 4444     		add	r4, r4, r8
 547 0026 E4B2     		uxtb	r4, r4
 548 0028 0094     		str	r4, [sp]
 549 002a D3B2     		uxtb	r3, r2
 550 002c 3246     		mov	r2, r6
 551 002e 2846     		mov	r0, r5
 552              	.LVL23:
 293:Dsp/widget/wgt_core/widget_mng.c ****                               tmp->pixel_map,
 553              		.loc 1 293 5 view .LVU103
 554 0030 B847     		blx	r7
 555              	.LVL24:
 298:Dsp/widget/wgt_core/widget_mng.c ****                               col_cnv);
 299:Dsp/widget/wgt_core/widget_mng.c **** }
 556              		.loc 1 299 1 view .LVU104
 557 0032 03B0     		add	sp, sp, #12
 558              	.LCFI14:
 559              		.cfi_def_cfa_offset 28
 560              		@ sp needed
 561 0034 BDE8F083 		pop	{r4, r5, r6, r7, r8, r9, pc}
 562              	.LVL25:
 563              	.L44:
 564              		.loc 1 299 1 view .LVU105
 565              		.align	2
 566              	.L43:
 567 0038 00000000 		.word	GenDsp_Interface
 568              		.cfi_endproc
 569              	.LFE19:
 571              		.section	.text.Widget_DrawLine,"ax",%progbits
 572              		.align	1
 573              		.syntax unified
 574              		.thumb
 575              		.thumb_func
 576              		.fpu fpv4-sp-d16
 578              	Widget_DrawLine:
ARM GAS  /var/folders/lx/hc4sn_b53233_zkc9xbbl97r0000gp/T//ccNULYqe.s 			page 17


 579              	.LVL26:
 580              	.LFB20:
 300:Dsp/widget/wgt_core/widget_mng.c **** 
 301:Dsp/widget/wgt_core/widget_mng.c **** static void Widget_DrawLine(uint8_t start_x, uint8_t start_y, uint8_t end_x, uint8_t end_y, uint8_t
 302:Dsp/widget/wgt_core/widget_mng.c **** {
 581              		.loc 1 302 1 is_stmt 1 view -0
 582              		.cfi_startproc
 583              		@ args = 4, pretend = 0, frame = 0
 584              		@ frame_needed = 0, uses_anonymous_args = 0
 585              		.loc 1 302 1 is_stmt 0 view .LVU107
 586 0000 2DE9F041 		push	{r4, r5, r6, r7, r8, lr}
 587              	.LCFI15:
 588              		.cfi_def_cfa_offset 24
 589              		.cfi_offset 4, -24
 590              		.cfi_offset 5, -20
 591              		.cfi_offset 6, -16
 592              		.cfi_offset 7, -12
 593              		.cfi_offset 8, -8
 594              		.cfi_offset 14, -4
 595 0004 82B0     		sub	sp, sp, #8
 596              	.LCFI16:
 597              		.cfi_def_cfa_offset 32
 598 0006 8046     		mov	r8, r0
 599 0008 0D46     		mov	r5, r1
 600 000a 1646     		mov	r6, r2
 601 000c 1C46     		mov	r4, r3
 303:Dsp/widget/wgt_core/widget_mng.c ****     WidgetObj_TypeDef *tmp = GetCur_Active_Widget();
 602              		.loc 1 303 5 is_stmt 1 view .LVU108
 603              		.loc 1 303 30 is_stmt 0 view .LVU109
 604 000e FFF7FEFF 		bl	GetCur_Active_Widget
 605              	.LVL27:
 304:Dsp/widget/wgt_core/widget_mng.c **** 
 305:Dsp/widget/wgt_core/widget_mng.c ****     GenDsp_Interface.draw_line(tmp->pixel_map,
 606              		.loc 1 305 5 is_stmt 1 view .LVU110
 607              		.loc 1 305 21 is_stmt 0 view .LVU111
 608 0012 0C4B     		ldr	r3, .L47
 609 0014 9F69     		ldr	r7, [r3, #24]
 306:Dsp/widget/wgt_core/widget_mng.c ****                                start_x + tmp->cord_x,
 610              		.loc 1 306 45 view .LVU112
 611 0016 4179     		ldrb	r1, [r0, #5]	@ zero_extendqisi2
 307:Dsp/widget/wgt_core/widget_mng.c ****                                start_y + tmp->cord_y,
 612              		.loc 1 307 45 view .LVU113
 613 0018 90F806C0 		ldrb	ip, [r0, #6]	@ zero_extendqisi2
 305:Dsp/widget/wgt_core/widget_mng.c ****                                start_x + tmp->cord_x,
 614              		.loc 1 305 5 view .LVU114
 615 001c 8B19     		adds	r3, r1, r6
 616 001e 0CEB0502 		add	r2, ip, r5
 617 0022 4144     		add	r1, r1, r8
 618 0024 C068     		ldr	r0, [r0, #12]
 619              	.LVL28:
 305:Dsp/widget/wgt_core/widget_mng.c ****                                start_x + tmp->cord_x,
 620              		.loc 1 305 5 view .LVU115
 621 0026 9DF82050 		ldrb	r5, [sp, #32]	@ zero_extendqisi2
 622 002a 0195     		str	r5, [sp, #4]
 623 002c A444     		add	ip, ip, r4
 624 002e 5FFA8CF4 		uxtb	r4, ip
 625 0032 0094     		str	r4, [sp]
ARM GAS  /var/folders/lx/hc4sn_b53233_zkc9xbbl97r0000gp/T//ccNULYqe.s 			page 18


 626 0034 DBB2     		uxtb	r3, r3
 627 0036 D2B2     		uxtb	r2, r2
 628 0038 C9B2     		uxtb	r1, r1
 629 003a B847     		blx	r7
 630              	.LVL29:
 308:Dsp/widget/wgt_core/widget_mng.c ****                                end_x + tmp->cord_x,
 309:Dsp/widget/wgt_core/widget_mng.c ****                                end_y + tmp->cord_y,
 310:Dsp/widget/wgt_core/widget_mng.c ****                                line_size);
 311:Dsp/widget/wgt_core/widget_mng.c **** }
 631              		.loc 1 311 1 view .LVU116
 632 003c 02B0     		add	sp, sp, #8
 633              	.LCFI17:
 634              		.cfi_def_cfa_offset 24
 635              		@ sp needed
 636 003e BDE8F081 		pop	{r4, r5, r6, r7, r8, pc}
 637              	.LVL30:
 638              	.L48:
 639              		.loc 1 311 1 view .LVU117
 640 0042 00BF     		.align	2
 641              	.L47:
 642 0044 00000000 		.word	GenDsp_Interface
 643              		.cfi_endproc
 644              	.LFE20:
 646              		.section	.text.Widget_DrawCircle,"ax",%progbits
 647              		.align	1
 648              		.syntax unified
 649              		.thumb
 650              		.thumb_func
 651              		.fpu fpv4-sp-d16
 653              	Widget_DrawCircle:
 654              	.LVL31:
 655              	.LFB21:
 312:Dsp/widget/wgt_core/widget_mng.c **** 
 313:Dsp/widget/wgt_core/widget_mng.c **** static void Widget_DrawCircle(uint8_t center_x, uint8_t center_y, uint8_t radius, uint8_t line_size
 314:Dsp/widget/wgt_core/widget_mng.c **** {
 656              		.loc 1 314 1 is_stmt 1 view -0
 657              		.cfi_startproc
 658              		@ args = 0, pretend = 0, frame = 0
 659              		@ frame_needed = 0, uses_anonymous_args = 0
 660              		.loc 1 314 1 is_stmt 0 view .LVU119
 661 0000 2DE9F041 		push	{r4, r5, r6, r7, r8, lr}
 662              	.LCFI18:
 663              		.cfi_def_cfa_offset 24
 664              		.cfi_offset 4, -24
 665              		.cfi_offset 5, -20
 666              		.cfi_offset 6, -16
 667              		.cfi_offset 7, -12
 668              		.cfi_offset 8, -8
 669              		.cfi_offset 14, -4
 670 0004 82B0     		sub	sp, sp, #8
 671              	.LCFI19:
 672              		.cfi_def_cfa_offset 32
 673 0006 0646     		mov	r6, r0
 674 0008 8846     		mov	r8, r1
 675 000a 1446     		mov	r4, r2
 676 000c 1D46     		mov	r5, r3
 315:Dsp/widget/wgt_core/widget_mng.c ****     WidgetObj_TypeDef *tmp = GetCur_Active_Widget();
ARM GAS  /var/folders/lx/hc4sn_b53233_zkc9xbbl97r0000gp/T//ccNULYqe.s 			page 19


 677              		.loc 1 315 5 is_stmt 1 view .LVU120
 678              		.loc 1 315 30 is_stmt 0 view .LVU121
 679 000e FFF7FEFF 		bl	GetCur_Active_Widget
 680              	.LVL32:
 316:Dsp/widget/wgt_core/widget_mng.c **** 
 317:Dsp/widget/wgt_core/widget_mng.c ****     GenDsp_Interface.draw_circle(tmp->pixel_map,
 681              		.loc 1 317 5 is_stmt 1 view .LVU122
 682              		.loc 1 317 21 is_stmt 0 view .LVU123
 683 0012 094B     		ldr	r3, .L51
 684 0014 5F68     		ldr	r7, [r3, #4]
 318:Dsp/widget/wgt_core/widget_mng.c ****                                  center_x + tmp->cord_x,
 685              		.loc 1 318 48 view .LVU124
 686 0016 90F805C0 		ldrb	ip, [r0, #5]	@ zero_extendqisi2
 319:Dsp/widget/wgt_core/widget_mng.c ****                                  center_y + tmp->cord_y,
 687              		.loc 1 319 48 view .LVU125
 688 001a 90F806E0 		ldrb	lr, [r0, #6]	@ zero_extendqisi2
 317:Dsp/widget/wgt_core/widget_mng.c ****                                  center_x + tmp->cord_x,
 689              		.loc 1 317 5 view .LVU126
 690 001e C644     		add	lr, lr, r8
 691 0020 0CEB0601 		add	r1, ip, r6
 692 0024 C068     		ldr	r0, [r0, #12]
 693              	.LVL33:
 317:Dsp/widget/wgt_core/widget_mng.c ****                                  center_x + tmp->cord_x,
 694              		.loc 1 317 5 view .LVU127
 695 0026 0095     		str	r5, [sp]
 696 0028 2346     		mov	r3, r4
 697 002a 5FFA8EF2 		uxtb	r2, lr
 698 002e C9B2     		uxtb	r1, r1
 699 0030 B847     		blx	r7
 700              	.LVL34:
 320:Dsp/widget/wgt_core/widget_mng.c ****                                  radius,
 321:Dsp/widget/wgt_core/widget_mng.c ****                                  line_size);
 322:Dsp/widget/wgt_core/widget_mng.c **** }
 701              		.loc 1 322 1 view .LVU128
 702 0032 02B0     		add	sp, sp, #8
 703              	.LCFI20:
 704              		.cfi_def_cfa_offset 24
 705              		@ sp needed
 706 0034 BDE8F081 		pop	{r4, r5, r6, r7, r8, pc}
 707              	.L52:
 708              		.align	2
 709              	.L51:
 710 0038 00000000 		.word	GenDsp_Interface
 711              		.cfi_endproc
 712              	.LFE21:
 714              		.section	.text.Widget_DrawRectangle,"ax",%progbits
 715              		.align	1
 716              		.syntax unified
 717              		.thumb
 718              		.thumb_func
 719              		.fpu fpv4-sp-d16
 721              	Widget_DrawRectangle:
 722              	.LVL35:
 723              	.LFB22:
 323:Dsp/widget/wgt_core/widget_mng.c **** 
 324:Dsp/widget/wgt_core/widget_mng.c **** static void Widget_DrawRectangle(uint8_t x, uint8_t y, uint8_t width, uint8_t height, uint8_t line_
 325:Dsp/widget/wgt_core/widget_mng.c **** {
ARM GAS  /var/folders/lx/hc4sn_b53233_zkc9xbbl97r0000gp/T//ccNULYqe.s 			page 20


 724              		.loc 1 325 1 is_stmt 1 view -0
 725              		.cfi_startproc
 726              		@ args = 4, pretend = 0, frame = 0
 727              		@ frame_needed = 0, uses_anonymous_args = 0
 728              		.loc 1 325 1 is_stmt 0 view .LVU130
 729 0000 2DE9F041 		push	{r4, r5, r6, r7, r8, lr}
 730              	.LCFI21:
 731              		.cfi_def_cfa_offset 24
 732              		.cfi_offset 4, -24
 733              		.cfi_offset 5, -20
 734              		.cfi_offset 6, -16
 735              		.cfi_offset 7, -12
 736              		.cfi_offset 8, -8
 737              		.cfi_offset 14, -4
 738 0004 82B0     		sub	sp, sp, #8
 739              	.LCFI22:
 740              		.cfi_def_cfa_offset 32
 741 0006 0646     		mov	r6, r0
 742 0008 8846     		mov	r8, r1
 743 000a 1446     		mov	r4, r2
 744 000c 1D46     		mov	r5, r3
 326:Dsp/widget/wgt_core/widget_mng.c ****     WidgetObj_TypeDef *tmp = GetCur_Active_Widget();
 745              		.loc 1 326 5 is_stmt 1 view .LVU131
 746              		.loc 1 326 30 is_stmt 0 view .LVU132
 747 000e FFF7FEFF 		bl	GetCur_Active_Widget
 748              	.LVL36:
 327:Dsp/widget/wgt_core/widget_mng.c **** 
 328:Dsp/widget/wgt_core/widget_mng.c ****     GenDsp_Interface.draw_rectangle(tmp->pixel_map,
 749              		.loc 1 328 5 is_stmt 1 view .LVU133
 750              		.loc 1 328 21 is_stmt 0 view .LVU134
 751 0012 0B4B     		ldr	r3, .L55
 752 0014 5F69     		ldr	r7, [r3, #20]
 329:Dsp/widget/wgt_core/widget_mng.c ****                                     x + tmp->cord_x,
 753              		.loc 1 329 44 view .LVU135
 754 0016 90F805C0 		ldrb	ip, [r0, #5]	@ zero_extendqisi2
 330:Dsp/widget/wgt_core/widget_mng.c ****                                     y + tmp->cord_y,
 755              		.loc 1 330 44 view .LVU136
 756 001a 90F806E0 		ldrb	lr, [r0, #6]	@ zero_extendqisi2
 328:Dsp/widget/wgt_core/widget_mng.c ****                                     x + tmp->cord_x,
 757              		.loc 1 328 5 view .LVU137
 758 001e C644     		add	lr, lr, r8
 759 0020 0CEB0601 		add	r1, ip, r6
 760 0024 C068     		ldr	r0, [r0, #12]
 761              	.LVL37:
 328:Dsp/widget/wgt_core/widget_mng.c ****                                     x + tmp->cord_x,
 762              		.loc 1 328 5 view .LVU138
 763 0026 9DF82030 		ldrb	r3, [sp, #32]	@ zero_extendqisi2
 764 002a 0193     		str	r3, [sp, #4]
 765 002c 0095     		str	r5, [sp]
 766 002e 2346     		mov	r3, r4
 767 0030 5FFA8EF2 		uxtb	r2, lr
 768 0034 C9B2     		uxtb	r1, r1
 769 0036 B847     		blx	r7
 770              	.LVL38:
 331:Dsp/widget/wgt_core/widget_mng.c ****                                     width,
 332:Dsp/widget/wgt_core/widget_mng.c ****                                     height,
 333:Dsp/widget/wgt_core/widget_mng.c ****                                     line_size);
ARM GAS  /var/folders/lx/hc4sn_b53233_zkc9xbbl97r0000gp/T//ccNULYqe.s 			page 21


 334:Dsp/widget/wgt_core/widget_mng.c **** }
 771              		.loc 1 334 1 view .LVU139
 772 0038 02B0     		add	sp, sp, #8
 773              	.LCFI23:
 774              		.cfi_def_cfa_offset 24
 775              		@ sp needed
 776 003a BDE8F081 		pop	{r4, r5, r6, r7, r8, pc}
 777              	.LVL39:
 778              	.L56:
 779              		.loc 1 334 1 view .LVU140
 780 003e 00BF     		.align	2
 781              	.L55:
 782 0040 00000000 		.word	GenDsp_Interface
 783              		.cfi_endproc
 784              	.LFE22:
 786              		.section	.text.Widget_Deleted,"ax",%progbits
 787              		.align	1
 788              		.syntax unified
 789              		.thumb
 790              		.thumb_func
 791              		.fpu fpv4-sp-d16
 793              	Widget_Deleted:
 794              	.LVL40:
 795              	.LFB4:
 115:Dsp/widget/wgt_core/widget_mng.c ****     uint8_t height = 0;
 796              		.loc 1 115 1 is_stmt 1 view -0
 797              		.cfi_startproc
 798              		@ args = 0, pretend = 0, frame = 0
 799              		@ frame_needed = 0, uses_anonymous_args = 0
 116:Dsp/widget/wgt_core/widget_mng.c ****     uint8_t width = 0;
 800              		.loc 1 116 5 view .LVU142
 117:Dsp/widget/wgt_core/widget_mng.c **** 
 801              		.loc 1 117 5 view .LVU143
 119:Dsp/widget/wgt_core/widget_mng.c ****         return false;
 802              		.loc 1 119 5 view .LVU144
 119:Dsp/widget/wgt_core/widget_mng.c ****         return false;
 803              		.loc 1 119 8 is_stmt 0 view .LVU145
 804 0000 38B3     		cbz	r0, .L61
 115:Dsp/widget/wgt_core/widget_mng.c ****     uint8_t height = 0;
 805              		.loc 1 115 1 discriminator 1 view .LVU146
 806 0002 F8B5     		push	{r3, r4, r5, r6, r7, lr}
 807              	.LCFI24:
 808              		.cfi_def_cfa_offset 24
 809              		.cfi_offset 3, -24
 810              		.cfi_offset 4, -20
 811              		.cfi_offset 5, -16
 812              		.cfi_offset 6, -12
 813              		.cfi_offset 7, -8
 814              		.cfi_offset 14, -4
 815 0004 0646     		mov	r6, r0
 119:Dsp/widget/wgt_core/widget_mng.c ****         return false;
 816              		.loc 1 119 28 discriminator 1 view .LVU147
 817 0006 0368     		ldr	r3, [r0]
 119:Dsp/widget/wgt_core/widget_mng.c ****         return false;
 818              		.loc 1 119 23 discriminator 1 view .LVU148
 819 0008 0BB9     		cbnz	r3, .L68
 120:Dsp/widget/wgt_core/widget_mng.c **** 
ARM GAS  /var/folders/lx/hc4sn_b53233_zkc9xbbl97r0000gp/T//ccNULYqe.s 			page 22


 820              		.loc 1 120 16 view .LVU149
 821 000a 0020     		movs	r0, #0
 822              	.LVL41:
 823              	.L58:
 140:Dsp/widget/wgt_core/widget_mng.c **** 
 824              		.loc 1 140 1 view .LVU150
 825 000c F8BD     		pop	{r3, r4, r5, r6, r7, pc}
 826              	.LVL42:
 827              	.L68:
 122:Dsp/widget/wgt_core/widget_mng.c ****     width = ((WidgetObj_TypeDef *)(*hdl))->width;
 828              		.loc 1 122 5 is_stmt 1 view .LVU151
 122:Dsp/widget/wgt_core/widget_mng.c ****     width = ((WidgetObj_TypeDef *)(*hdl))->width;
 829              		.loc 1 122 12 is_stmt 0 view .LVU152
 830 000e 1D7A     		ldrb	r5, [r3, #8]	@ zero_extendqisi2
 831              	.LVL43:
 123:Dsp/widget/wgt_core/widget_mng.c **** 
 832              		.loc 1 123 5 is_stmt 1 view .LVU153
 123:Dsp/widget/wgt_core/widget_mng.c **** 
 833              		.loc 1 123 11 is_stmt 0 view .LVU154
 834 0010 DF79     		ldrb	r7, [r3, #7]	@ zero_extendqisi2
 835              	.LVL44:
 125:Dsp/widget/wgt_core/widget_mng.c **** 
 836              		.loc 1 125 5 is_stmt 1 view .LVU155
 837 0012 D868     		ldr	r0, [r3, #12]
 838              	.LVL45:
 125:Dsp/widget/wgt_core/widget_mng.c **** 
 839              		.loc 1 125 5 is_stmt 0 view .LVU156
 840 0014 FFF7FEFF 		bl	free
 841              	.LVL46:
 127:Dsp/widget/wgt_core/widget_mng.c ****     {
 842              		.loc 1 127 5 is_stmt 1 view .LVU157
 843              	.LBB2:
 127:Dsp/widget/wgt_core/widget_mng.c ****     {
 844              		.loc 1 127 10 view .LVU158
 127:Dsp/widget/wgt_core/widget_mng.c ****     {
 845              		.loc 1 127 18 is_stmt 0 view .LVU159
 846 0018 0024     		movs	r4, #0
 127:Dsp/widget/wgt_core/widget_mng.c ****     {
 847              		.loc 1 127 5 view .LVU160
 848 001a 07E0     		b	.L59
 849              	.LVL47:
 850              	.L60:
 129:Dsp/widget/wgt_core/widget_mng.c ****     }
 851              		.loc 1 129 9 is_stmt 1 discriminator 3 view .LVU161
 129:Dsp/widget/wgt_core/widget_mng.c ****     }
 852              		.loc 1 129 37 is_stmt 0 discriminator 3 view .LVU162
 853 001c 3368     		ldr	r3, [r6]
 129:Dsp/widget/wgt_core/widget_mng.c ****     }
 854              		.loc 1 129 43 discriminator 3 view .LVU163
 855 001e DB68     		ldr	r3, [r3, #12]
 129:Dsp/widget/wgt_core/widget_mng.c ****     }
 856              		.loc 1 129 9 discriminator 3 view .LVU164
 857 0020 53F82400 		ldr	r0, [r3, r4, lsl #2]
 858 0024 FFF7FEFF 		bl	free
 859              	.LVL48:
 127:Dsp/widget/wgt_core/widget_mng.c ****     {
 860              		.loc 1 127 37 is_stmt 1 discriminator 3 view .LVU165
ARM GAS  /var/folders/lx/hc4sn_b53233_zkc9xbbl97r0000gp/T//ccNULYqe.s 			page 23


 127:Dsp/widget/wgt_core/widget_mng.c ****     {
 861              		.loc 1 127 38 is_stmt 0 discriminator 3 view .LVU166
 862 0028 0134     		adds	r4, r4, #1
 863              	.LVL49:
 127:Dsp/widget/wgt_core/widget_mng.c ****     {
 864              		.loc 1 127 38 discriminator 3 view .LVU167
 865 002a E4B2     		uxtb	r4, r4
 866              	.LVL50:
 867              	.L59:
 127:Dsp/widget/wgt_core/widget_mng.c ****     {
 868              		.loc 1 127 25 is_stmt 1 discriminator 1 view .LVU168
 127:Dsp/widget/wgt_core/widget_mng.c ****     {
 869              		.loc 1 127 5 is_stmt 0 discriminator 1 view .LVU169
 870 002c AC42     		cmp	r4, r5
 871 002e F5D3     		bcc	.L60
 872              	.LBE2:
 132:Dsp/widget/wgt_core/widget_mng.c ****     MonitorDataObj.widget_used_size -= width * height;
 873              		.loc 1 132 5 is_stmt 1 view .LVU170
 132:Dsp/widget/wgt_core/widget_mng.c ****     MonitorDataObj.widget_used_size -= width * height;
 874              		.loc 1 132 41 is_stmt 0 view .LVU171
 875 0030 07FB05F5 		mul	r5, r7, r5
 876              	.LVL51:
 132:Dsp/widget/wgt_core/widget_mng.c ****     MonitorDataObj.widget_used_size -= width * height;
 877              		.loc 1 132 32 view .LVU172
 878 0034 094A     		ldr	r2, .L69
 879 0036 9388     		ldrh	r3, [r2, #4]
 880 0038 2B44     		add	r3, r3, r5
 881 003a 9BB2     		uxth	r3, r3
 882 003c 9380     		strh	r3, [r2, #4]	@ movhi
 133:Dsp/widget/wgt_core/widget_mng.c **** 
 883              		.loc 1 133 5 is_stmt 1 view .LVU173
 133:Dsp/widget/wgt_core/widget_mng.c **** 
 884              		.loc 1 133 37 is_stmt 0 view .LVU174
 885 003e 5188     		ldrh	r1, [r2, #2]
 886 0040 4D1B     		subs	r5, r1, r5
 887 0042 5580     		strh	r5, [r2, #2]	@ movhi
 135:Dsp/widget/wgt_core/widget_mng.c ****         return false;
 888              		.loc 1 135 5 is_stmt 1 view .LVU175
 135:Dsp/widget/wgt_core/widget_mng.c ****         return false;
 889              		.loc 1 135 52 is_stmt 0 view .LVU176
 890 0044 D288     		ldrh	r2, [r2, #6]
 135:Dsp/widget/wgt_core/widget_mng.c ****         return false;
 891              		.loc 1 135 8 view .LVU177
 892 0046 9342     		cmp	r3, r2
 893 0048 05D8     		bhi	.L63
 138:Dsp/widget/wgt_core/widget_mng.c ****     return true;
 894              		.loc 1 138 5 is_stmt 1 view .LVU178
 138:Dsp/widget/wgt_core/widget_mng.c ****     return true;
 895              		.loc 1 138 10 is_stmt 0 view .LVU179
 896 004a 0023     		movs	r3, #0
 897 004c 3360     		str	r3, [r6]
 139:Dsp/widget/wgt_core/widget_mng.c **** }
 898              		.loc 1 139 5 is_stmt 1 view .LVU180
 139:Dsp/widget/wgt_core/widget_mng.c **** }
 899              		.loc 1 139 12 is_stmt 0 view .LVU181
 900 004e 0120     		movs	r0, #1
 901 0050 DCE7     		b	.L58
ARM GAS  /var/folders/lx/hc4sn_b53233_zkc9xbbl97r0000gp/T//ccNULYqe.s 			page 24


 902              	.LVL52:
 903              	.L61:
 904              	.LCFI25:
 905              		.cfi_def_cfa_offset 0
 906              		.cfi_restore 3
 907              		.cfi_restore 4
 908              		.cfi_restore 5
 909              		.cfi_restore 6
 910              		.cfi_restore 7
 911              		.cfi_restore 14
 120:Dsp/widget/wgt_core/widget_mng.c **** 
 912              		.loc 1 120 16 view .LVU182
 913 0052 0020     		movs	r0, #0
 914              	.LVL53:
 140:Dsp/widget/wgt_core/widget_mng.c **** 
 915              		.loc 1 140 1 view .LVU183
 916 0054 7047     		bx	lr
 917              	.LVL54:
 918              	.L63:
 919              	.LCFI26:
 920              		.cfi_def_cfa_offset 24
 921              		.cfi_offset 3, -24
 922              		.cfi_offset 4, -20
 923              		.cfi_offset 5, -16
 924              		.cfi_offset 6, -12
 925              		.cfi_offset 7, -8
 926              		.cfi_offset 14, -4
 136:Dsp/widget/wgt_core/widget_mng.c **** 
 927              		.loc 1 136 16 view .LVU184
 928 0056 0020     		movs	r0, #0
 929 0058 D8E7     		b	.L58
 930              	.L70:
 931 005a 00BF     		.align	2
 932              	.L69:
 933 005c 00000000 		.word	.LANCHOR1
 934              		.cfi_endproc
 935              	.LFE4:
 937              		.section	.text.Widget_Create,"ax",%progbits
 938              		.align	1
 939              		.syntax unified
 940              		.thumb
 941              		.thumb_func
 942              		.fpu fpv4-sp-d16
 944              	Widget_Create:
 945              	.LVL55:
 946              	.LFB3:
  64:Dsp/widget/wgt_core/widget_mng.c ****     WidgetObj_TypeDef *widget_tmp;
 947              		.loc 1 64 1 is_stmt 1 view -0
 948              		.cfi_startproc
 949              		@ args = 4, pretend = 0, frame = 0
 950              		@ frame_needed = 0, uses_anonymous_args = 0
  64:Dsp/widget/wgt_core/widget_mng.c ****     WidgetObj_TypeDef *widget_tmp;
 951              		.loc 1 64 1 is_stmt 0 view .LVU186
 952 0000 2DE9F843 		push	{r3, r4, r5, r6, r7, r8, r9, lr}
 953              	.LCFI27:
 954              		.cfi_def_cfa_offset 32
 955              		.cfi_offset 3, -32
ARM GAS  /var/folders/lx/hc4sn_b53233_zkc9xbbl97r0000gp/T//ccNULYqe.s 			page 25


 956              		.cfi_offset 4, -28
 957              		.cfi_offset 5, -24
 958              		.cfi_offset 6, -20
 959              		.cfi_offset 7, -16
 960              		.cfi_offset 8, -12
 961              		.cfi_offset 9, -8
 962              		.cfi_offset 14, -4
 963 0004 8146     		mov	r9, r0
 964 0006 8846     		mov	r8, r1
 965 0008 1746     		mov	r7, r2
 966 000a 1E46     		mov	r6, r3
  65:Dsp/widget/wgt_core/widget_mng.c **** 
 967              		.loc 1 65 5 is_stmt 1 view .LVU187
  67:Dsp/widget/wgt_core/widget_mng.c ****     {
 968              		.loc 1 67 5 view .LVU188
  67:Dsp/widget/wgt_core/widget_mng.c ****     {
 969              		.loc 1 67 23 is_stmt 0 view .LVU189
 970 000c 2A4B     		ldr	r3, .L83
 971              	.LVL56:
  67:Dsp/widget/wgt_core/widget_mng.c ****     {
 972              		.loc 1 67 23 view .LVU190
 973 000e DB88     		ldrh	r3, [r3, #6]
  67:Dsp/widget/wgt_core/widget_mng.c ****     {
 974              		.loc 1 67 8 view .LVU191
 975 0010 63B9     		cbnz	r3, .L72
  69:Dsp/widget/wgt_core/widget_mng.c ****         MonitorDataObj.remain_size = MonitorDataObj.max_display_cache;
 976              		.loc 1 69 9 is_stmt 1 view .LVU192
  69:Dsp/widget/wgt_core/widget_mng.c ****         MonitorDataObj.remain_size = MonitorDataObj.max_display_cache;
 977              		.loc 1 69 52 is_stmt 0 view .LVU193
 978 0012 2A4D     		ldr	r5, .L83+4
 979 0014 6B69     		ldr	r3, [r5, #20]
  69:Dsp/widget/wgt_core/widget_mng.c ****         MonitorDataObj.remain_size = MonitorDataObj.max_display_cache;
 980              		.loc 1 69 45 view .LVU194
 981 0016 9847     		blx	r3
 982              	.LVL57:
  69:Dsp/widget/wgt_core/widget_mng.c ****         MonitorDataObj.remain_size = MonitorDataObj.max_display_cache;
 983              		.loc 1 69 45 view .LVU195
 984 0018 0446     		mov	r4, r0
  69:Dsp/widget/wgt_core/widget_mng.c ****         MonitorDataObj.remain_size = MonitorDataObj.max_display_cache;
 985              		.loc 1 69 79 view .LVU196
 986 001a 2B69     		ldr	r3, [r5, #16]
  69:Dsp/widget/wgt_core/widget_mng.c ****         MonitorDataObj.remain_size = MonitorDataObj.max_display_cache;
 987              		.loc 1 69 72 view .LVU197
 988 001c 9847     		blx	r3
 989              	.LVL58:
  69:Dsp/widget/wgt_core/widget_mng.c ****         MonitorDataObj.remain_size = MonitorDataObj.max_display_cache;
 990              		.loc 1 69 42 view .LVU198
 991 001e 14FB00F3 		smulbb	r3, r4, r0
 992 0022 DB00     		lsls	r3, r3, #3
 993 0024 9BB2     		uxth	r3, r3
 994 0026 244A     		ldr	r2, .L83
 995 0028 D380     		strh	r3, [r2, #6]	@ movhi
  70:Dsp/widget/wgt_core/widget_mng.c ****     }
 996              		.loc 1 70 9 is_stmt 1 view .LVU199
  70:Dsp/widget/wgt_core/widget_mng.c ****     }
 997              		.loc 1 70 36 is_stmt 0 view .LVU200
 998 002a 9380     		strh	r3, [r2, #4]	@ movhi
ARM GAS  /var/folders/lx/hc4sn_b53233_zkc9xbbl97r0000gp/T//ccNULYqe.s 			page 26


 999              	.L72:
  73:Dsp/widget/wgt_core/widget_mng.c **** 
 1000              		.loc 1 73 5 is_stmt 1 view .LVU201
  73:Dsp/widget/wgt_core/widget_mng.c **** 
 1001              		.loc 1 73 39 is_stmt 0 view .LVU202
 1002 002c 2420     		movs	r0, #36
 1003 002e FFF7FEFF 		bl	malloc
 1004              	.LVL59:
  75:Dsp/widget/wgt_core/widget_mng.c ****         return WIDGET_CREATE_ERROR;
 1005              		.loc 1 75 5 is_stmt 1 view .LVU203
  75:Dsp/widget/wgt_core/widget_mng.c ****         return WIDGET_CREATE_ERROR;
 1006              		.loc 1 75 8 is_stmt 0 view .LVU204
 1007 0032 0546     		mov	r5, r0
 1008 0034 0028     		cmp	r0, #0
 1009 0036 38D0     		beq	.L76
  78:Dsp/widget/wgt_core/widget_mng.c ****     widget_tmp->cord_y = cord_y;
 1010              		.loc 1 78 5 is_stmt 1 view .LVU205
  78:Dsp/widget/wgt_core/widget_mng.c ****     widget_tmp->cord_y = cord_y;
 1011              		.loc 1 78 24 is_stmt 0 view .LVU206
 1012 0038 80F80590 		strb	r9, [r0, #5]
  79:Dsp/widget/wgt_core/widget_mng.c **** 
 1013              		.loc 1 79 5 is_stmt 1 view .LVU207
  79:Dsp/widget/wgt_core/widget_mng.c **** 
 1014              		.loc 1 79 24 is_stmt 0 view .LVU208
 1015 003c 80F80680 		strb	r8, [r0, #6]
  81:Dsp/widget/wgt_core/widget_mng.c ****     widget_tmp->height = height;
 1016              		.loc 1 81 5 is_stmt 1 view .LVU209
  81:Dsp/widget/wgt_core/widget_mng.c ****     widget_tmp->height = height;
 1017              		.loc 1 81 23 is_stmt 0 view .LVU210
 1018 0040 C771     		strb	r7, [r0, #7]
  82:Dsp/widget/wgt_core/widget_mng.c **** 
 1019              		.loc 1 82 5 is_stmt 1 view .LVU211
  82:Dsp/widget/wgt_core/widget_mng.c **** 
 1020              		.loc 1 82 24 is_stmt 0 view .LVU212
 1021 0042 0672     		strb	r6, [r0, #8]
  84:Dsp/widget/wgt_core/widget_mng.c ****     widget_tmp->on_layer = DEFAULT_LAYER;
 1022              		.loc 1 84 5 is_stmt 1 view .LVU213
  84:Dsp/widget/wgt_core/widget_mng.c ****     widget_tmp->on_layer = DEFAULT_LAYER;
 1023              		.loc 1 84 22 is_stmt 0 view .LVU214
 1024 0044 089B     		ldr	r3, [sp, #32]
 1025 0046 C361     		str	r3, [r0, #28]
  85:Dsp/widget/wgt_core/widget_mng.c **** 
 1026              		.loc 1 85 5 is_stmt 1 view .LVU215
  85:Dsp/widget/wgt_core/widget_mng.c **** 
 1027              		.loc 1 85 26 is_stmt 0 view .LVU216
 1028 0048 0023     		movs	r3, #0
 1029 004a 0371     		strb	r3, [r0, #4]
  87:Dsp/widget/wgt_core/widget_mng.c ****         return WIDGET_CREATE_ERROR;
 1030              		.loc 1 87 5 is_stmt 1 view .LVU217
  87:Dsp/widget/wgt_core/widget_mng.c ****         return WIDGET_CREATE_ERROR;
 1031              		.loc 1 87 23 is_stmt 0 view .LVU218
 1032 004c 1A4B     		ldr	r3, .L83
 1033 004e 9A88     		ldrh	r2, [r3, #4]
  87:Dsp/widget/wgt_core/widget_mng.c ****         return WIDGET_CREATE_ERROR;
 1034              		.loc 1 87 46 view .LVU219
 1035 0050 07FB06F3 		mul	r3, r7, r6
  87:Dsp/widget/wgt_core/widget_mng.c ****         return WIDGET_CREATE_ERROR;
ARM GAS  /var/folders/lx/hc4sn_b53233_zkc9xbbl97r0000gp/T//ccNULYqe.s 			page 27


 1036              		.loc 1 87 8 view .LVU220
 1037 0054 9A42     		cmp	r2, r3
 1038 0056 02DA     		bge	.L81
  88:Dsp/widget/wgt_core/widget_mng.c **** 
 1039              		.loc 1 88 16 view .LVU221
 1040 0058 0020     		movs	r0, #0
 1041              	.LVL60:
 1042              	.L71:
 112:Dsp/widget/wgt_core/widget_mng.c **** 
 1043              		.loc 1 112 1 view .LVU222
 1044 005a BDE8F883 		pop	{r3, r4, r5, r6, r7, r8, r9, pc}
 1045              	.LVL61:
 1046              	.L81:
  90:Dsp/widget/wgt_core/widget_mng.c **** 
 1047              		.loc 1 90 5 is_stmt 1 view .LVU223
  90:Dsp/widget/wgt_core/widget_mng.c **** 
 1048              		.loc 1 90 41 is_stmt 0 view .LVU224
 1049 005e B000     		lsls	r0, r6, #2
 1050              	.LVL62:
  90:Dsp/widget/wgt_core/widget_mng.c **** 
 1051              		.loc 1 90 41 view .LVU225
 1052 0060 FFF7FEFF 		bl	malloc
 1053              	.LVL63:
  90:Dsp/widget/wgt_core/widget_mng.c **** 
 1054              		.loc 1 90 27 view .LVU226
 1055 0064 E860     		str	r0, [r5, #12]
  92:Dsp/widget/wgt_core/widget_mng.c ****         return WIDGET_CREATE_ERROR;
 1056              		.loc 1 92 5 is_stmt 1 view .LVU227
  92:Dsp/widget/wgt_core/widget_mng.c ****         return WIDGET_CREATE_ERROR;
 1057              		.loc 1 92 8 is_stmt 0 view .LVU228
 1058 0066 10B3     		cbz	r0, .L78
 1059              	.LBB3:
  95:Dsp/widget/wgt_core/widget_mng.c ****     {
 1060              		.loc 1 95 18 view .LVU229
 1061 0068 0024     		movs	r4, #0
 1062              	.L74:
 1063              	.LVL64:
  95:Dsp/widget/wgt_core/widget_mng.c ****     {
 1064              		.loc 1 95 25 is_stmt 1 discriminator 1 view .LVU230
  95:Dsp/widget/wgt_core/widget_mng.c ****     {
 1065              		.loc 1 95 5 is_stmt 0 discriminator 1 view .LVU231
 1066 006a B442     		cmp	r4, r6
 1067 006c 0BD2     		bcs	.L82
  97:Dsp/widget/wgt_core/widget_mng.c **** 
 1068              		.loc 1 97 9 is_stmt 1 view .LVU232
  97:Dsp/widget/wgt_core/widget_mng.c **** 
 1069              		.loc 1 97 19 is_stmt 0 view .LVU233
 1070 006e D5F80C80 		ldr	r8, [r5, #12]
  97:Dsp/widget/wgt_core/widget_mng.c **** 
 1071              		.loc 1 97 47 view .LVU234
 1072 0072 3846     		mov	r0, r7
 1073 0074 FFF7FEFF 		bl	malloc
 1074              	.LVL65:
  97:Dsp/widget/wgt_core/widget_mng.c **** 
 1075              		.loc 1 97 34 view .LVU235
 1076 0078 48F82400 		str	r0, [r8, r4, lsl #2]
  99:Dsp/widget/wgt_core/widget_mng.c ****             return WIDGET_CREATE_ERROR;
ARM GAS  /var/folders/lx/hc4sn_b53233_zkc9xbbl97r0000gp/T//ccNULYqe.s 			page 28


 1077              		.loc 1 99 9 is_stmt 1 view .LVU236
  99:Dsp/widget/wgt_core/widget_mng.c ****             return WIDGET_CREATE_ERROR;
 1078              		.loc 1 99 23 is_stmt 0 view .LVU237
 1079 007c EB68     		ldr	r3, [r5, #12]
  99:Dsp/widget/wgt_core/widget_mng.c ****             return WIDGET_CREATE_ERROR;
 1080              		.loc 1 99 12 view .LVU238
 1081 007e C3B1     		cbz	r3, .L79
  95:Dsp/widget/wgt_core/widget_mng.c ****     {
 1082              		.loc 1 95 37 is_stmt 1 discriminator 2 view .LVU239
  95:Dsp/widget/wgt_core/widget_mng.c ****     {
 1083              		.loc 1 95 38 is_stmt 0 discriminator 2 view .LVU240
 1084 0080 0134     		adds	r4, r4, #1
 1085              	.LVL66:
  95:Dsp/widget/wgt_core/widget_mng.c ****     {
 1086              		.loc 1 95 38 discriminator 2 view .LVU241
 1087 0082 E4B2     		uxtb	r4, r4
 1088              	.LVL67:
  95:Dsp/widget/wgt_core/widget_mng.c ****     {
 1089              		.loc 1 95 38 discriminator 2 view .LVU242
 1090 0084 F1E7     		b	.L74
 1091              	.L82:
  95:Dsp/widget/wgt_core/widget_mng.c ****     {
 1092              		.loc 1 95 38 discriminator 2 view .LVU243
 1093              	.LBE3:
 103:Dsp/widget/wgt_core/widget_mng.c ****     MonitorDataObj.widget_used_size += width * height;
 1094              		.loc 1 103 5 is_stmt 1 view .LVU244
 103:Dsp/widget/wgt_core/widget_mng.c ****     MonitorDataObj.widget_used_size += width * height;
 1095              		.loc 1 103 41 is_stmt 0 view .LVU245
 1096 0086 07FB06F2 		mul	r2, r7, r6
 103:Dsp/widget/wgt_core/widget_mng.c ****     MonitorDataObj.widget_used_size += width * height;
 1097              		.loc 1 103 32 view .LVU246
 1098 008a 0B4B     		ldr	r3, .L83
 1099 008c 9988     		ldrh	r1, [r3, #4]
 1100 008e 891A     		subs	r1, r1, r2
 1101 0090 9980     		strh	r1, [r3, #4]	@ movhi
 104:Dsp/widget/wgt_core/widget_mng.c **** 
 1102              		.loc 1 104 5 is_stmt 1 view .LVU247
 104:Dsp/widget/wgt_core/widget_mng.c **** 
 1103              		.loc 1 104 37 is_stmt 0 view .LVU248
 1104 0092 5E88     		ldrh	r6, [r3, #2]
 1105 0094 1644     		add	r6, r6, r2
 1106 0096 5E80     		strh	r6, [r3, #2]	@ movhi
 106:Dsp/widget/wgt_core/widget_mng.c **** 
 1107              		.loc 1 106 5 is_stmt 1 view .LVU249
 106:Dsp/widget/wgt_core/widget_mng.c **** 
 1108              		.loc 1 106 19 is_stmt 0 view .LVU250
 1109 0098 1A78     		ldrb	r2, [r3]	@ zero_extendqisi2
 106:Dsp/widget/wgt_core/widget_mng.c **** 
 1110              		.loc 1 106 34 view .LVU251
 1111 009a 0132     		adds	r2, r2, #1
 1112 009c 1A70     		strb	r2, [r3]
 108:Dsp/widget/wgt_core/widget_mng.c ****     widget_tmp->Ctl = &WidgetCtl_Interface;
 1113              		.loc 1 108 5 is_stmt 1 view .LVU252
 108:Dsp/widget/wgt_core/widget_mng.c ****     widget_tmp->Ctl = &WidgetCtl_Interface;
 1114              		.loc 1 108 21 is_stmt 0 view .LVU253
 1115 009e 084B     		ldr	r3, .L83+8
 1116 00a0 6B61     		str	r3, [r5, #20]
ARM GAS  /var/folders/lx/hc4sn_b53233_zkc9xbbl97r0000gp/T//ccNULYqe.s 			page 29


 109:Dsp/widget/wgt_core/widget_mng.c **** 
 1117              		.loc 1 109 5 is_stmt 1 view .LVU254
 109:Dsp/widget/wgt_core/widget_mng.c **** 
 1118              		.loc 1 109 21 is_stmt 0 view .LVU255
 1119 00a2 084B     		ldr	r3, .L83+12
 1120 00a4 AB61     		str	r3, [r5, #24]
 111:Dsp/widget/wgt_core/widget_mng.c **** }
 1121              		.loc 1 111 5 is_stmt 1 view .LVU256
 111:Dsp/widget/wgt_core/widget_mng.c **** }
 1122              		.loc 1 111 12 is_stmt 0 view .LVU257
 1123 00a6 2846     		mov	r0, r5
 1124 00a8 D7E7     		b	.L71
 1125              	.LVL68:
 1126              	.L76:
  76:Dsp/widget/wgt_core/widget_mng.c **** 
 1127              		.loc 1 76 16 view .LVU258
 1128 00aa 0020     		movs	r0, #0
 1129              	.LVL69:
  76:Dsp/widget/wgt_core/widget_mng.c **** 
 1130              		.loc 1 76 16 view .LVU259
 1131 00ac D5E7     		b	.L71
 1132              	.L78:
  93:Dsp/widget/wgt_core/widget_mng.c **** 
 1133              		.loc 1 93 16 view .LVU260
 1134 00ae 0020     		movs	r0, #0
 1135 00b0 D3E7     		b	.L71
 1136              	.LVL70:
 1137              	.L79:
 1138              	.LBB4:
 100:Dsp/widget/wgt_core/widget_mng.c ****     }
 1139              		.loc 1 100 20 view .LVU261
 1140 00b2 0020     		movs	r0, #0
 1141 00b4 D1E7     		b	.L71
 1142              	.L84:
 1143 00b6 00BF     		.align	2
 1144              	.L83:
 1145 00b8 00000000 		.word	.LANCHOR1
 1146 00bc 00000000 		.word	DrvOled
 1147 00c0 00000000 		.word	.LANCHOR2
 1148 00c4 00000000 		.word	.LANCHOR3
 1149              	.LBE4:
 1150              		.cfi_endproc
 1151              	.LFE3:
 1153              		.global	Widget_Mng
 1154              		.global	MonitorDataObj
 1155              		.section	.bss.MonitorDataObj,"aw",%nobits
 1156              		.align	2
 1157              		.set	.LANCHOR1,. + 0
 1160              	MonitorDataObj:
 1161 0000 00000000 		.space	8
 1161      00000000 
 1162              		.section	.bss.WidgetFresh_State,"aw",%nobits
 1163              		.set	.LANCHOR0,. + 0
 1166              	WidgetFresh_State:
 1167 0000 00       		.space	1
 1168              		.section	.data.WidgetCtl_Interface,"aw"
 1169              		.align	2
ARM GAS  /var/folders/lx/hc4sn_b53233_zkc9xbbl97r0000gp/T//ccNULYqe.s 			page 30


 1170              		.set	.LANCHOR3,. + 0
 1173              	WidgetCtl_Interface:
 1174 0000 00000000 		.word	Widget_Show
 1175 0004 00000000 		.word	Widget_Hide
 1176 0008 00000000 		.word	Widget_MoveTo
 1177 000c 00000000 		.word	Widget_DrawInterface
 1178              		.section	.data.WidgetDraw_Interface,"aw"
 1179              		.align	2
 1180              		.set	.LANCHOR2,. + 0
 1183              	WidgetDraw_Interface:
 1184 0000 00000000 		.word	Widget_DrawPoint
 1185 0004 00000000 		.word	Widget_DrawCircle
 1186 0008 00000000 		.word	Widget_DrawChr
 1187 000c 00000000 		.word	Widget_DrawStr
 1188 0010 00000000 		.word	Widget_DrawNum
 1189 0014 00000000 		.word	Widget_DrawRectangle
 1190 0018 00000000 		.word	Widget_DrawLine
 1191              		.section	.data.Widget_Mng,"aw"
 1192              		.align	2
 1195              	Widget_Mng:
 1196 0000 00000000 		.word	Widget_Create
 1197 0004 00000000 		.word	Widget_CtlInterface
 1198 0008 00000000 		.word	Widget_Deleted
 1199 000c 00000000 		.word	Widget_FreshAll
 1200              		.text
 1201              	.Letext0:
 1202              		.file 2 "/usr/local/arm-none-eabi-gcc/gcc-arm-none-eabi-10-2020-q4-major/arm-none-eabi/include/mac
 1203              		.file 3 "/usr/local/arm-none-eabi-gcc/gcc-arm-none-eabi-10-2020-q4-major/arm-none-eabi/include/sys
 1204              		.file 4 "Dsp/screen/font/oledfont.h"
 1205              		.file 5 "Dsp/widget/wgt_core/GenDsp.h"
 1206              		.file 6 "Dsp/widget/wgt_core/widget_mng.h"
 1207              		.file 7 "Dsp/screen/device/oled.h"
 1208              		.file 8 "/usr/local/arm-none-eabi-gcc/gcc-arm-none-eabi-10-2020-q4-major/arm-none-eabi/include/std
ARM GAS  /var/folders/lx/hc4sn_b53233_zkc9xbbl97r0000gp/T//ccNULYqe.s 			page 31


DEFINED SYMBOLS
                            *ABS*:0000000000000000 widget_mng.c
/var/folders/lx/hc4sn_b53233_zkc9xbbl97r0000gp/T//ccNULYqe.s:18     .text.GetCur_Active_Widget:0000000000000000 $t
/var/folders/lx/hc4sn_b53233_zkc9xbbl97r0000gp/T//ccNULYqe.s:25     .text.GetCur_Active_Widget:0000000000000000 GetCur_Active_Widget
/var/folders/lx/hc4sn_b53233_zkc9xbbl97r0000gp/T//ccNULYqe.s:41     .text.Widget_CtlInterface:0000000000000000 $t
/var/folders/lx/hc4sn_b53233_zkc9xbbl97r0000gp/T//ccNULYqe.s:47     .text.Widget_CtlInterface:0000000000000000 Widget_CtlInterface
/var/folders/lx/hc4sn_b53233_zkc9xbbl97r0000gp/T//ccNULYqe.s:76     .text.Widget_DrawInterface:0000000000000000 $t
/var/folders/lx/hc4sn_b53233_zkc9xbbl97r0000gp/T//ccNULYqe.s:82     .text.Widget_DrawInterface:0000000000000000 Widget_DrawInterface
/var/folders/lx/hc4sn_b53233_zkc9xbbl97r0000gp/T//ccNULYqe.s:111    .text.Widget_MoveTo:0000000000000000 $t
/var/folders/lx/hc4sn_b53233_zkc9xbbl97r0000gp/T//ccNULYqe.s:117    .text.Widget_MoveTo:0000000000000000 Widget_MoveTo
/var/folders/lx/hc4sn_b53233_zkc9xbbl97r0000gp/T//ccNULYqe.s:162    .text.Widget_Hide:0000000000000000 $t
/var/folders/lx/hc4sn_b53233_zkc9xbbl97r0000gp/T//ccNULYqe.s:168    .text.Widget_Hide:0000000000000000 Widget_Hide
/var/folders/lx/hc4sn_b53233_zkc9xbbl97r0000gp/T//ccNULYqe.s:203    .text.Widget_Show:0000000000000000 $t
/var/folders/lx/hc4sn_b53233_zkc9xbbl97r0000gp/T//ccNULYqe.s:209    .text.Widget_Show:0000000000000000 Widget_Show
/var/folders/lx/hc4sn_b53233_zkc9xbbl97r0000gp/T//ccNULYqe.s:243    .text.Widget_FreshAll:0000000000000000 $t
/var/folders/lx/hc4sn_b53233_zkc9xbbl97r0000gp/T//ccNULYqe.s:249    .text.Widget_FreshAll:0000000000000000 Widget_FreshAll
/var/folders/lx/hc4sn_b53233_zkc9xbbl97r0000gp/T//ccNULYqe.s:286    .text.Widget_FreshAll:0000000000000020 $d
/var/folders/lx/hc4sn_b53233_zkc9xbbl97r0000gp/T//ccNULYqe.s:291    .text.Widget_DrawPoint:0000000000000000 $t
/var/folders/lx/hc4sn_b53233_zkc9xbbl97r0000gp/T//ccNULYqe.s:297    .text.Widget_DrawPoint:0000000000000000 Widget_DrawPoint
/var/folders/lx/hc4sn_b53233_zkc9xbbl97r0000gp/T//ccNULYqe.s:345    .text.Widget_DrawPoint:000000000000002c $d
/var/folders/lx/hc4sn_b53233_zkc9xbbl97r0000gp/T//ccNULYqe.s:350    .text.Widget_DrawNum:0000000000000000 $t
/var/folders/lx/hc4sn_b53233_zkc9xbbl97r0000gp/T//ccNULYqe.s:356    .text.Widget_DrawNum:0000000000000000 Widget_DrawNum
/var/folders/lx/hc4sn_b53233_zkc9xbbl97r0000gp/T//ccNULYqe.s:419    .text.Widget_DrawNum:0000000000000038 $d
/var/folders/lx/hc4sn_b53233_zkc9xbbl97r0000gp/T//ccNULYqe.s:424    .text.Widget_DrawChr:0000000000000000 $t
/var/folders/lx/hc4sn_b53233_zkc9xbbl97r0000gp/T//ccNULYqe.s:430    .text.Widget_DrawChr:0000000000000000 Widget_DrawChr
/var/folders/lx/hc4sn_b53233_zkc9xbbl97r0000gp/T//ccNULYqe.s:493    .text.Widget_DrawChr:0000000000000038 $d
/var/folders/lx/hc4sn_b53233_zkc9xbbl97r0000gp/T//ccNULYqe.s:498    .text.Widget_DrawStr:0000000000000000 $t
/var/folders/lx/hc4sn_b53233_zkc9xbbl97r0000gp/T//ccNULYqe.s:504    .text.Widget_DrawStr:0000000000000000 Widget_DrawStr
/var/folders/lx/hc4sn_b53233_zkc9xbbl97r0000gp/T//ccNULYqe.s:567    .text.Widget_DrawStr:0000000000000038 $d
/var/folders/lx/hc4sn_b53233_zkc9xbbl97r0000gp/T//ccNULYqe.s:572    .text.Widget_DrawLine:0000000000000000 $t
/var/folders/lx/hc4sn_b53233_zkc9xbbl97r0000gp/T//ccNULYqe.s:578    .text.Widget_DrawLine:0000000000000000 Widget_DrawLine
/var/folders/lx/hc4sn_b53233_zkc9xbbl97r0000gp/T//ccNULYqe.s:642    .text.Widget_DrawLine:0000000000000044 $d
/var/folders/lx/hc4sn_b53233_zkc9xbbl97r0000gp/T//ccNULYqe.s:647    .text.Widget_DrawCircle:0000000000000000 $t
/var/folders/lx/hc4sn_b53233_zkc9xbbl97r0000gp/T//ccNULYqe.s:653    .text.Widget_DrawCircle:0000000000000000 Widget_DrawCircle
/var/folders/lx/hc4sn_b53233_zkc9xbbl97r0000gp/T//ccNULYqe.s:710    .text.Widget_DrawCircle:0000000000000038 $d
/var/folders/lx/hc4sn_b53233_zkc9xbbl97r0000gp/T//ccNULYqe.s:715    .text.Widget_DrawRectangle:0000000000000000 $t
/var/folders/lx/hc4sn_b53233_zkc9xbbl97r0000gp/T//ccNULYqe.s:721    .text.Widget_DrawRectangle:0000000000000000 Widget_DrawRectangle
/var/folders/lx/hc4sn_b53233_zkc9xbbl97r0000gp/T//ccNULYqe.s:782    .text.Widget_DrawRectangle:0000000000000040 $d
/var/folders/lx/hc4sn_b53233_zkc9xbbl97r0000gp/T//ccNULYqe.s:787    .text.Widget_Deleted:0000000000000000 $t
/var/folders/lx/hc4sn_b53233_zkc9xbbl97r0000gp/T//ccNULYqe.s:793    .text.Widget_Deleted:0000000000000000 Widget_Deleted
/var/folders/lx/hc4sn_b53233_zkc9xbbl97r0000gp/T//ccNULYqe.s:933    .text.Widget_Deleted:000000000000005c $d
/var/folders/lx/hc4sn_b53233_zkc9xbbl97r0000gp/T//ccNULYqe.s:938    .text.Widget_Create:0000000000000000 $t
/var/folders/lx/hc4sn_b53233_zkc9xbbl97r0000gp/T//ccNULYqe.s:944    .text.Widget_Create:0000000000000000 Widget_Create
/var/folders/lx/hc4sn_b53233_zkc9xbbl97r0000gp/T//ccNULYqe.s:1145   .text.Widget_Create:00000000000000b8 $d
/var/folders/lx/hc4sn_b53233_zkc9xbbl97r0000gp/T//ccNULYqe.s:1195   .data.Widget_Mng:0000000000000000 Widget_Mng
/var/folders/lx/hc4sn_b53233_zkc9xbbl97r0000gp/T//ccNULYqe.s:1160   .bss.MonitorDataObj:0000000000000000 MonitorDataObj
/var/folders/lx/hc4sn_b53233_zkc9xbbl97r0000gp/T//ccNULYqe.s:1156   .bss.MonitorDataObj:0000000000000000 $d
/var/folders/lx/hc4sn_b53233_zkc9xbbl97r0000gp/T//ccNULYqe.s:1166   .bss.WidgetFresh_State:0000000000000000 WidgetFresh_State
/var/folders/lx/hc4sn_b53233_zkc9xbbl97r0000gp/T//ccNULYqe.s:1167   .bss.WidgetFresh_State:0000000000000000 $d
/var/folders/lx/hc4sn_b53233_zkc9xbbl97r0000gp/T//ccNULYqe.s:1169   .data.WidgetCtl_Interface:0000000000000000 $d
/var/folders/lx/hc4sn_b53233_zkc9xbbl97r0000gp/T//ccNULYqe.s:1173   .data.WidgetCtl_Interface:0000000000000000 WidgetCtl_Interface
/var/folders/lx/hc4sn_b53233_zkc9xbbl97r0000gp/T//ccNULYqe.s:1179   .data.WidgetDraw_Interface:0000000000000000 $d
/var/folders/lx/hc4sn_b53233_zkc9xbbl97r0000gp/T//ccNULYqe.s:1183   .data.WidgetDraw_Interface:0000000000000000 WidgetDraw_Interface
/var/folders/lx/hc4sn_b53233_zkc9xbbl97r0000gp/T//ccNULYqe.s:1192   .data.Widget_Mng:0000000000000000 $d

UNDEFINED SYMBOLS
GenDsp_Interface
ARM GAS  /var/folders/lx/hc4sn_b53233_zkc9xbbl97r0000gp/T//ccNULYqe.s 			page 32


free
malloc
DrvOled
